
EMPRESA NACIONAL DE MINERIA (ENM) PRODUCTOR          PACKING LIST                             PAG.  :   1
NATIONAL MINING COMPANY                       CODIGO DE LOTE   : M-10711                      FECHA :26/12/2018
                                              -----------------------------
FLUJO        : 
DESCRIPCION  : CATODOS GRADO A
N° INSTR. DE EMBARQUE : 24976
CLIENTE      : NORDIC HONG KONG
Lote Sipa    : 

----------------------------------------------------------------------------------------------------------------------------- 
MARCA       DESCRIPCION         PESO NETO      PESO BRUTO     GRUPO     UNIDADES       UBICACION         SERIE                
-----------------------------------------------------------------------------------------------------------------------------

02VE    DOS FRANJAS VERDES        1,936           1,937         34         20                           M-10711
02VE    DOS FRANJAS VERDES        2,015           2,016         34         20                           M-10712
02VE    DOS FRANJAS VERDES        1,982           1,983         34         20                           M-10713
02VE    DOS FRANJAS VERDES        2,036           2,037         34         20                           M-10714
02VE    DOS FRANJAS VERDES        2,032           2,033         34         20                           M-10715
02VE    DOS FRANJAS VERDES        1,932           1,933         34         20                           M-10716
02VE    DOS FRANJAS VERDES        2,068           2,069         34         20                           M-10717
02VE    DOS FRANJAS VERDES        2,007           2,008         34         20                           M-10718
02VE    DOS FRANJAS VERDES        2,050           2,051         34         20                           M-10719
02VE    DOS FRANJAS VERDES        1,914           1,915         34         20                           M-10720
02VE    DOS FRANJAS VERDES        2,191           2,192         34         20                           M-10721
02VE    DOS FRANJAS VERDES        2,040           2,041         34         20                           M-10722
02VE    DOS FRANJAS VERDES        2,154           2,155         34         20                           M-10723
02VE    DOS FRANJAS VERDES        2,053           2,054         34         20                           M-10724
02VE    DOS FRANJAS VERDES        2,037           2,038         11         20                           M-10725
02VE    DOS FRANJAS VERDES        2,095           2,096         11         20                           M-10726
02VE    DOS FRANJAS VERDES        2,243           2,244         34         20                           M-10727
02VE    DOS FRANJAS VERDES        2,147           2,148         34         20                           M-10728
02VE    DOS FRANJAS VERDES        2,118           2,119         34         20                           M-10729
02VE    DOS FRANJAS VERDES        2,048           2,049         11         20                           M-10730
02VE    DOS FRANJAS VERDES        2,135           2,136         34         20                           M-10731
02VE    DOS FRANJAS VERDES        1,994           1,995         34         20                           M-10732
02VE    DOS FRANJAS VERDES        2,135           2,136         34         20                           M-10733
02VE    DOS FRANJAS VERDES        2,117           2,118         34         20                           M-10734
02VE    DOS FRANJAS VERDES        2,064           2,065         34         20                           M-10735
02VE    DOS FRANJAS VERDES        1,932           1,933         11         20                           M-10736
02VE    DOS FRANJAS VERDES        2,130           2,131         34         20                           M-10737
02VE    DOS FRANJAS VERDES        2,123           2,124         34         20                           M-10738
02VE    DOS FRANJAS VERDES        2,144           2,145         34         20                           M-10739
02VE    DOS FRANJAS VERDES        1,939           1,940         11         20                           M-10740
02VE    DOS FRANJAS VERDES        1,933           1,934         11         20                           M-10741
02VE    DOS FRANJAS VERDES        2,038           2,039         11         20                           M-10742
02VE    DOS FRANJAS VERDES        2,180           2,181         11         20                           M-10743
02VE    DOS FRANJAS VERDES        2,172           2,173         11         20                           M-10744
02VE    DOS FRANJAS VERDES        2,189           2,190         11         20                           M-10745
02VE    DOS FRANJAS VERDES        2,209           2,210         11         20                           M-10746
02VE    DOS FRANJAS VERDES        2,001           2,002         11         20                           M-10747
02VE    DOS FRANJAS VERDES        2,094           2,095         11         20                           M-10748
02VE    DOS FRANJAS VERDES        1,982           1,983         11         20                           M-10749
02VE    DOS FRANJAS VERDES        2,077           2,078         11         20                           M-10750
02VE    DOS FRANJAS VERDES        1,917           1,918         11         20                           M-10751
02VE    DOS FRANJAS VERDES        1,931           1,932         11         20                           M-10752
02VE    DOS FRANJAS VERDES        1,945           1,946         11         20                           M-10753
02VE    DOS FRANJAS VERDES        2,007           2,008         11         20                           M-10754
02VE    DOS FRANJAS VERDES        2,047           2,048         42         20                           M-10755









EMPRESA NACIONAL DE MINERIA (ENM) PRODUCTOR          PACKING LIST                             PAG.  :   2
NATIONAL MINING COMPANY                       CODIGO DE LOTE   : M-10711                      FECHA :26/12/2018
                                              -----------------------------
FLUJO        : 
DESCRIPCION  : CATODOS GRADO A
N° INSTR. DE EMBARQUE : 24976
CLIENTE      : NORDIC HONG KONG
Lote Sipa    : 

----------------------------------------------------------------------------------------------------------------------------- 
MARCA       DESCRIPCION         PESO NETO      PESO BRUTO     GRUPO     UNIDADES       UBICACION         SERIE                
-----------------------------------------------------------------------------------------------------------------------------

02VE    DOS FRANJAS VERDES        1,967           1,968         42         20                           M-10756
02VE    DOS FRANJAS VERDES        1,923           1,924         42         20                           M-10757
02VE    DOS FRANJAS VERDES        1,926           1,927         42         20                           M-10758
02VE    DOS FRANJAS VERDES        2,265           2,266         42         20                           M-10759
02VE    DOS FRANJAS VERDES        1,958           1,959         23         20                           M-10760
02VE    DOS FRANJAS VERDES        1,940           1,941         42         20                           M-10761
02VE    DOS FRANJAS VERDES        2,304           2,305         23         20                           M-10762
02VE    DOS FRANJAS VERDES        2,056           2,057         23         20                           M-10763
02VE    DOS FRANJAS VERDES        2,179           2,180         23         20                           M-10764
02VE    DOS FRANJAS VERDES        2,244           2,245         23         20                           M-10765
02VE    DOS FRANJAS VERDES        1,944           1,945         23         20                           M-10766
02VE    DOS FRANJAS VERDES        2,153           2,154         23         20                           M-10767
02VE    DOS FRANJAS VERDES        2,125           2,126         23         20                           M-10768
02VE    DOS FRANJAS VERDES        2,197           2,198         23         20                           M-10769
02VE    DOS FRANJAS VERDES        1,991           1,992         23         20                           M-10770
02VE    DOS FRANJAS VERDES        2,114           2,115         23         20                           M-10771
02VE    DOS FRANJAS VERDES        2,179           2,180         23         20                           M-10772
02VE    DOS FRANJAS VERDES        2,035           2,036         23         20                           M-10773
02VE    DOS FRANJAS VERDES        1,941           1,942         23         20                           M-10774
02VE    DOS FRANJAS VERDES        2,154           2,155         23         20                           M-10775
02VE    DOS FRANJAS VERDES        2,171           2,172         23         20                           M-10776
02VE    DOS FRANJAS VERDES        2,038           2,039         23         20                           M-10777
02VE    DOS FRANJAS VERDES        2,007           2,008         23         20                           M-10778
02VE    DOS FRANJAS VERDES        2,272           2,273         23         20                           M-10779
02VE    DOS FRANJAS VERDES        2,077           2,078         23         20                           M-10780
02VE    DOS FRANJAS VERDES        2,224           2,225         32         20                           M-10781
02VE    DOS FRANJAS VERDES        2,154           2,155         23         20                           M-10782
02VE    DOS FRANJAS VERDES        2,127           2,128         32         20                           M-10783
02VE    DOS FRANJAS VERDES        2,199           2,200         32         20                           M-10784
02VE    DOS FRANJAS VERDES        2,238           2,239         32         20                           M-10785
02VE    DOS FRANJAS VERDES        2,240           2,241         32         20                           M-10786
02VE    DOS FRANJAS VERDES        2,213           2,214         23         20                           M-10787
02VE    DOS FRANJAS VERDES        2,215           2,216         23         20                           M-10788
02VE    DOS FRANJAS VERDES        2,175           2,176         32         20                           M-10789
02VE    DOS FRANJAS VERDES        2,261           2,262         32         20                           M-10790
02VE    DOS FRANJAS VERDES        2,007           2,008         32         20                           M-10791
02VE    DOS FRANJAS VERDES        1,919           1,920         23         20                           M-10792
02VE    DOS FRANJAS VERDES        2,219           2,220         32         20                           M-10793
02VE    DOS FRANJAS VERDES        2,187           2,188         32         20                           M-10794
02VE    DOS FRANJAS VERDES        2,127           2,128         32         20                           M-10795
02VE    DOS FRANJAS VERDES        2,190           2,191         32         20                           M-10796
02VE    DOS FRANJAS VERDES        2,253           2,254         23         20                           M-10797
02VE    DOS FRANJAS VERDES        2,208           2,209         32         20                           M-10798
02VE    DOS FRANJAS VERDES        2,124           2,125         32         20                           M-10799
02VE    DOS FRANJAS VERDES        2,360           2,361         23         20                           M-10800









EMPRESA NACIONAL DE MINERIA (ENM) PRODUCTOR          PACKING LIST                             PAG.  :   3
NATIONAL MINING COMPANY                       CODIGO DE LOTE   : M-10711                      FECHA :26/12/2018
                                              -----------------------------
FLUJO        : 
DESCRIPCION  : CATODOS GRADO A
N° INSTR. DE EMBARQUE : 24976
CLIENTE      : NORDIC HONG KONG
Lote Sipa    : 

----------------------------------------------------------------------------------------------------------------------------- 
MARCA       DESCRIPCION         PESO NETO      PESO BRUTO     GRUPO     UNIDADES       UBICACION         SERIE                
-----------------------------------------------------------------------------------------------------------------------------

02VE    DOS FRANJAS VERDES        2,274           2,275         32         20                           M-10801
02VE    DOS FRANJAS VERDES        2,083           2,084         32         20                           M-10802
02VE    DOS FRANJAS VERDES        2,221           2,222         23         20                           M-10803
02VE    DOS FRANJAS VERDES        2,226           2,227         23         20                           M-10804
02VE    DOS FRANJAS VERDES        2,299           2,300         23         20                           M-10805
02VE    DOS FRANJAS VERDES        2,322           2,323         23         20                           M-10806
02VE    DOS FRANJAS VERDES        2,291           2,292         23         20                           M-10807
02VE    DOS FRANJAS VERDES        2,349           2,350         23         20                           M-10808
02VE    DOS FRANJAS VERDES        2,323           2,324         23         20                           M-10809
02VE    DOS FRANJAS VERDES        2,236           2,237         23         20                           M-10810
02VE    DOS FRANJAS VERDES        2,171           2,172         23         20                           M-10811
02VE    DOS FRANJAS VERDES        2,185           2,186         23         20                           M-10812
02VE    DOS FRANJAS VERDES        2,314           2,315         23         20                           M-10813
02VE    DOS FRANJAS VERDES        2,213           2,214         23         20                           M-10814
02VE    DOS FRANJAS VERDES        2,290           2,291         32         20                           M-10815
02VE    DOS FRANJAS VERDES        2,347           2,348         32         20                           M-10816
02VE    DOS FRANJAS VERDES        2,095           2,096         23         20                           M-10817
02VE    DOS FRANJAS VERDES        2,276           2,277         32         20                           M-10818
02VE    DOS FRANJAS VERDES        2,074           2,075         32         20                           M-10819
02VE    DOS FRANJAS VERDES        2,121           2,122         32         20                           M-10820
02VE    DOS FRANJAS VERDES        2,117           2,118         32         20                           M-10821
02VE    DOS FRANJAS VERDES        2,009           2,010         32         20                           M-10822
02VE    DOS FRANJAS VERDES        2,130           2,131         32         20                           M-10823
02VE    DOS FRANJAS VERDES        2,086           2,087         32         20                           M-10824
02VE    DOS FRANJAS VERDES        2,170           2,171         32         20                           M-10825
02VE    DOS FRANJAS VERDES        2,096           2,097         32         20                           M-10826
02VE    DOS FRANJAS VERDES        2,252           2,253         32         20                           M-10827
02VE    DOS FRANJAS VERDES        2,047           2,048         35         20                           M-10828


------------------------------------------------------------------------------------------------------------------------
T.SUB-LOTES              TOT.PAQUETES =118      TOT.UNID. = 2360   T/P NETO (kg) = 249,950      T/P BRUTO (kg) = 250,068
------------------------------------------------------------------------------------------------------------------------
