
EMPRESA NACIONAL DE MINERIA (ENM) PRODUCTOR          PACKING LIST                             PAG.  :   1
NATIONAL MINING COMPANY                       CODIGO DE LOTE   : M-7602                      FECHA :13/12/2021
                                              -----------------------------
FLUJO        : 
DESCRIPCION  : CATODOS GRADO A
N° INSTR. DE EMBARQUE : 27081
CLIENTE      : CISNES
Lote Sipa    : 

----------------------------------------------------------------------------------------------------------------------------- 
MARCA       DESCRIPCION         PESO NETO      PESO BRUTO     GRUPO     UNIDADES       UBICACION         SERIE                
-----------------------------------------------------------------------------------------------------------------------------

V0CE    V CELESTE                 2,255           2,256         24         20                           M-7602 
V0CE    V CELESTE                 2,224           2,225         03         20                           M-7603 
V0CE    V CELESTE                 2,368           2,369         03         20                           M-7604 
V0CE    V CELESTE                 2,137           2,138         24         20                           M-7605 
V0CE    V CELESTE                 2,376           2,377         24         20                           M-7606 
V0CE    V CELESTE                 2,465           2,466         24         20                           M-7607 
V0CE    V CELESTE                 2,449           2,450         34         20                           M-7608 
V0CE    V CELESTE                 2,425           2,426         34         20                           M-7609 
V0CE    V CELESTE                 2,327           2,328         34         20                           M-7610 
V0CE    V CELESTE                 2,395           2,396         24         20                           M-7611 
V0CE    V CELESTE                 2,477           2,478         11         20                           M-7612 
V0CE    V CELESTE                 2,453           2,454         24         20                           M-7613 
V0CE    V CELESTE                 2,123           2,124         34         20                           M-7614 
V0CE    V CELESTE                 2,409           2,410         24         20                           M-7615 
V0CE    V CELESTE                 2,335           2,336         34         20                           M-7616 
V0CE    V CELESTE                 2,115           2,116         34         20                           M-7617 
V0CE    V CELESTE                 2,473           2,474         24         20                           M-7618 
V0CE    V CELESTE                 2,167           2,168         34         20                           M-7619 
V0CE    V CELESTE                 2,331           2,332         34         20                           M-7620 
V0CE    V CELESTE                 2,439           2,440         24         20                           M-7621 
V0CE    V CELESTE                 2,121           2,122         34         20                           M-7622 
V0CE    V CELESTE                 2,338           2,339         11         20                           M-7623 
V0CE    V CELESTE                 2,383           2,384         24         20                           M-7624 
V0CE    V CELESTE                 2,074           2,075         34         20                           M-7625 
V0CE    V CELESTE                 2,099           2,100         42         20                           M-7626 
V0CE    V CELESTE                 2,278           2,279         42         20                           M-7627 
V0CE    V CELESTE                 2,079           2,080         34         20                           M-7628 
V0CE    V CELESTE                 2,203           2,204         24         20                           M-7629 
V0CE    V CELESTE                 2,153           2,154         24         20                           M-7630 
V0CE    V CELESTE                 2,499           2,500         24         20                           M-7631 
V0CE    V CELESTE                 2,238           2,239         34         20                           M-7632 
V0CE    V CELESTE                 2,317           2,318         34         20                           M-7633 
V0CE    V CELESTE                 2,139           2,140         24         20                           M-7634 
V0CE    V CELESTE                 2,407           2,408         34         20                           M-7635 
V0CE    V CELESTE                 2,468           2,469         34         20                           M-7636 
V0CE    V CELESTE                 2,186           2,187         34         20                           M-7637 
V0CE    V CELESTE                 2,064           2,065         24         20                           M-7638 
V0CE    V CELESTE                 2,383           2,384         34         20                           M-7639 
V0CE    V CELESTE                 2,117           2,118         24         20                           M-7640 
V0CE    V CELESTE                 2,447           2,448         24         20                           M-7641 
V0CE    V CELESTE                 2,005           2,006         24         20                           M-7642 
V0CE    V CELESTE                 2,443           2,444         34         20                           M-7643 
V0CE    V CELESTE                 2,129           2,130         34         20                           M-7644 
V0CE    V CELESTE                 2,032           2,033         24         20                           M-7645 
V0CE    V CELESTE                 2,420           2,421         34         20                           M-7646 









EMPRESA NACIONAL DE MINERIA (ENM) PRODUCTOR          PACKING LIST                             PAG.  :   2
NATIONAL MINING COMPANY                       CODIGO DE LOTE   : M-7602                      FECHA :13/12/2021
                                              -----------------------------
FLUJO        : 
DESCRIPCION  : CATODOS GRADO A
N° INSTR. DE EMBARQUE : 27081
CLIENTE      : CISNES
Lote Sipa    : 

----------------------------------------------------------------------------------------------------------------------------- 
MARCA       DESCRIPCION         PESO NETO      PESO BRUTO     GRUPO     UNIDADES       UBICACION         SERIE                
-----------------------------------------------------------------------------------------------------------------------------

V0CE    V CELESTE                 2,359           2,360         34         20                           M-7647 
V0CE    V CELESTE                 2,402           2,403         11         20                           M-7648 
V0CE    V CELESTE                 2,347           2,348         42         20                           M-7649 
V0CE    V CELESTE                 2,423           2,424         34         20                           M-7650 
V0CE    V CELESTE                 2,207           2,208         24         20                           M-7651 
V0CE    V CELESTE                 2,301           2,302         24         20                           M-7652 
V0CE    V CELESTE                 2,225           2,226         24         20                           M-7653 
V0CE    V CELESTE                 2,295           2,296         24         20                           M-7654 
V0CE    V CELESTE                 2,153           2,154         24         20                           M-7655 
V0CE    V CELESTE                 2,362           2,363         24         20                           M-7656 
V0CE    V CELESTE                 2,411           2,412         11         20                           M-7657 
V0CE    V CELESTE                 2,457           2,458         11         20                           M-7658 
V0CE    V CELESTE                 2,449           2,450         11         20                           M-7659 
V0CE    V CELESTE                 2,341           2,342         24         20                           M-7660 
V0CE    V CELESTE                 2,139           2,140         24         20                           M-7661 
V0CE    V CELESTE                 2,481           2,482         11         20                           M-7662 
V0CE    V CELESTE                 2,233           2,234         24         20                           M-7663 
V0CE    V CELESTE                 2,443           2,444         24         20                           M-7664 
V0CE    V CELESTE                 2,529           2,530         11         20                           M-7665 
V0CE    V CELESTE                 2,185           2,186         11         20                           M-7666 
V0CE    V CELESTE                 2,047           2,048         11         20                           M-7667 
V0CE    V CELESTE                 2,176           2,177         24         20                           M-7668 
V0CE    V CELESTE                 2,387           2,388         42         20                           M-7669 
V0CE    V CELESTE                 2,218           2,219         24         20                           M-7670 
V0CE    V CELESTE                 2,213           2,214         24         20                           M-7671 
V0CE    V CELESTE                 2,292           2,293         11         20                           M-7672 
V0CE    V CELESTE                 2,393           2,394         42         20                           M-7673 
V0CE    V CELESTE                 2,150           2,151         24         20                           M-7674 
V0CE    V CELESTE                 2,259           2,260         24         20                           M-7675 
V0CE    V CELESTE                 2,107           2,108         24         20                           M-7676 
V0CE    V CELESTE                 1,904           1,905         42         20                           M-7677 
V0CE    V CELESTE                 2,078           2,079         42         20                           M-7678 
V0CE    V CELESTE                 2,165           2,166         24         20                           M-7679 
V0CE    V CELESTE                 2,139           2,140         11         20                           M-7680 
V0CE    V CELESTE                 2,131           2,132         24         20                           M-7681 
V0CE    V CELESTE                 2,139           2,140         24         20                           M-7682 
V0CE    V CELESTE                 1,929           1,930         24         20                           M-7683 
V0CE    V CELESTE                 2,076           2,077         24         20                           M-7684 
V0CE    V CELESTE                 2,374           2,375         34         20                           M-7685 
V0CE    V CELESTE                 2,245           2,246         34         20                           M-7686 
V0CE    V CELESTE                 2,196           2,197         24         20                           M-7687 
V0CE    V CELESTE                 2,427           2,428         24         20                           M-7688 
V0CE    V CELESTE                 2,407           2,408         24         20                           M-7689 


------------------------------------------------------------------------------------------------------------------------
T.SUB-LOTES              TOT.PAQUETES =88      TOT.UNID. = 1760   T/P NETO (kg) = 199,959      T/P BRUTO (kg) = 200,047
------------------------------------------------------------------------------------------------------------------------
