
EMPRESA NACIONAL DE MINERIA (ENM) PRODUCTOR          PACKING LIST                             PAG.  :   1
NATIONAL MINING COMPANY                       CODIGO DE LOTE   : G-10424                      FECHA :27/07/2022
                                              -----------------------------
FLUJO        : 
DESCRIPCION  : CATODOS GRADO A
N° INSTR. DE EMBARQUE : 27480
CLIENTE      : COCHRANE
Lote Sipa    : 22070305

----------------------------------------------------------------------------------------------------------------------------- 
MARCA       DESCRIPCION         PESO NETO      PESO BRUTO     GRUPO     UNIDADES       UBICACION         SERIE                
-----------------------------------------------------------------------------------------------------------------------------

V0NE    V NEGRA                   2,455           2,456         11         20                           G-10424
V0NE    V NEGRA                   2,349           2,350         11         20                           G-10425
V0NE    V NEGRA                   2,346           2,347         11         20                           G-10426
V0NE    V NEGRA                   2,449           2,450         11         20                           G-10427
V0NE    V NEGRA                   2,321           2,322         11         20                           G-10428
V0NE    V NEGRA                   2,123           2,124         11         20                           G-10429
V0NE    V NEGRA                   2,230           2,231         24         20                           G-10430
V0NE    V NEGRA                   2,468           2,469         11         20                           G-10431
V0NE    V NEGRA                   2,377           2,378         42         20                           G-10432
V0NE    V NEGRA                   2,195           2,196         24         20                           G-10433
V0NE    V NEGRA                   2,487           2,488         11         20                           G-10434
V0NE    V NEGRA                   2,442           2,443         11         20                           G-10435
V0NE    V NEGRA                   2,157           2,158         24         20                           G-10436
V0NE    V NEGRA                   2,469           2,470         11         20                           G-10437
V0NE    V NEGRA                   2,379           2,380         11         20                           G-10438
V0NE    V NEGRA                   2,247           2,248         11         20                           G-10439
V0NE    V NEGRA                   2,203           2,204         11         20                           G-10440
V0NE    V NEGRA                   2,475           2,476         11         20                           G-10441
V0NE    V NEGRA                   2,151           2,152         24         20                           G-10442
V0NE    V NEGRA                   2,465           2,466         11         20                           G-10443
V0NE    V NEGRA                   2,216           2,217         11         20                           G-10444
V0NE    V NEGRA                   2,343           2,344         11         20                           G-10445
V0NE    V NEGRA                   2,157           2,158         24         20                           G-10446
V0NE    V NEGRA                   2,165           2,166         24         20                           G-10447
V0NE    V NEGRA                   2,195           2,196         24         20                           G-10448
V0NE    V NEGRA                   2,527           2,528         24         20                           G-10449
V0NE    V NEGRA                   2,249           2,250         24         20                           G-10450
V0NE    V NEGRA                   2,293           2,294         24         20                           G-10451
V0NE    V NEGRA                   2,237           2,238         24         20                           G-10452
V0NE    V NEGRA                   2,437           2,438         24         20                           G-10453
V0NE    V NEGRA                   2,191           2,192         24         20                           G-10454
V0NE    V NEGRA                   2,403           2,404         24         20                           G-10455
V0NE    V NEGRA                   2,295           2,296         24         20                           G-10456
V0NE    V NEGRA                   2,470           2,471         24         20                           G-10457
V0NE    V NEGRA                   2,451           2,452         24         20                           G-10458
V0NE    V NEGRA                   2,517           2,518         24         20                           G-10459
V0NE    V NEGRA                   2,331           2,332         24         20                           G-10460
V0NE    V NEGRA                   2,473           2,474         42         20                           G-10461
V0NE    V NEGRA                   2,411           2,412         42         20                           G-10462
V0NE    V NEGRA                   2,461           2,462         42         20                           G-10463
V0NE    V NEGRA                   2,265           2,266         24         20                           G-10464
V0NE    V NEGRA                   2,380           2,381         42         20                           G-10465
V0NE    V NEGRA                   2,383           2,384         42         20                           G-10466
V0NE    V NEGRA                   2,506           2,507         24         20                           G-10467
V0NE    V NEGRA                   2,342           2,343         24         20                           G-10468









EMPRESA NACIONAL DE MINERIA (ENM) PRODUCTOR          PACKING LIST                             PAG.  :   2
NATIONAL MINING COMPANY                       CODIGO DE LOTE   : G-10424                      FECHA :27/07/2022
                                              -----------------------------
FLUJO        : 
DESCRIPCION  : CATODOS GRADO A
N° INSTR. DE EMBARQUE : 27480
CLIENTE      : COCHRANE
Lote Sipa    : 22070305

----------------------------------------------------------------------------------------------------------------------------- 
MARCA       DESCRIPCION         PESO NETO      PESO BRUTO     GRUPO     UNIDADES       UBICACION         SERIE                
-----------------------------------------------------------------------------------------------------------------------------

V0NE    V NEGRA                   2,197           2,198         24         20                           G-10469
V0NE    V NEGRA                   2,439           2,440         24         20                           G-10470
V0NE    V NEGRA                   2,383           2,384         42         20                           G-10471
V0NE    V NEGRA                   2,487           2,488         24         20                           G-10472
V0NE    V NEGRA                   2,259           2,260         24         20                           G-10473
V0NE    V NEGRA                   2,319           2,320         42         20                           G-10474
V0NE    V NEGRA                   2,419           2,420         42         20                           G-10475
V0NE    V NEGRA                   2,352           2,353         42         20                           G-10476
V0NE    V NEGRA                   2,367           2,368         24         20                           G-10477
V0NE    V NEGRA                   2,429           2,430         42         20                           G-10478
V0NE    V NEGRA                   2,345           2,346         42         20                           G-10479
V0NE    V NEGRA                   2,425           2,426         42         20                           G-10480
V0NE    V NEGRA                   2,312           2,313         42         20                           G-10481
V0NE    V NEGRA                   2,357           2,358         42         20                           G-10482
V0NE    V NEGRA                   2,260           2,261         42         20                           G-10483
V0NE    V NEGRA                   2,321           2,322         42         20                           G-10484
V0NE    V NEGRA                   2,483           2,484         24         20                           G-10485
V0NE    V NEGRA                   2,345           2,346         11         20                           G-10486
V0NE    V NEGRA                   2,126           2,127         24         20                           G-10487
V0NE    V NEGRA                   2,242           2,243         42         20                           G-10488
V0NE    V NEGRA                   2,357           2,358         42         20                           G-10489
V0NE    V NEGRA                   2,267           2,268         42         20                           G-10490
V0NE    V NEGRA                   2,213           2,214         24         20                           G-10491
V0NE    V NEGRA                   2,128           2,129         24         20                           G-10492
V0NE    V NEGRA                   2,293           2,294         24         20                           G-10493
V0NE    V NEGRA                   2,467           2,468         24         20                           G-10494
V0NE    V NEGRA                   2,475           2,476         24         20                           G-10495
V0NE    V NEGRA                   2,311           2,312         42         20                           G-10496
V0NE    V NEGRA                   2,397           2,398         24         20                           G-10497
V0NE    V NEGRA                   2,146           2,147         24         20                           G-10498
V0NE    V NEGRA                   2,175           2,176         24         20                           G-10499
V0NE    V NEGRA                   2,339           2,340         24         20                           G-10500
V0NE    V NEGRA                   2,354           2,355         24         20                           G-10501
V0NE    V NEGRA                   2,408           2,409         42         20                           G-10502
V0NE    V NEGRA                   2,106           2,107         42         20                           G-10503
V0NE    V NEGRA                   2,043           2,044         24         20                           G-10504
V0NE    V NEGRA                   2,255           2,256         24         20                           G-10505
V0NE    V NEGRA                   2,150           2,151         24         20                           G-10506
V0NE    V NEGRA                   2,181           2,182         24         20                           G-10507
V0NE    V NEGRA                   2,225           2,226         24         20                           G-10508
V0NE    V NEGRA                   2,279           2,280         24         20                           G-10509


------------------------------------------------------------------------------------------------------------------------
T.SUB-LOTES              TOT.PAQUETES =86      TOT.UNID. = 1720   T/P NETO (kg) = 199,922      T/P BRUTO (kg) = 200,008
------------------------------------------------------------------------------------------------------------------------
