
EMPRESA NACIONAL DE MINERIA (ENM) PRODUCTOR          PACKING LIST                             PAG.  :   1
NATIONAL MINING COMPANY                       CODIGO DE LOTE   : J-2321                      FECHA :18/11/2020
                                              -----------------------------
FLUJO        : 
DESCRIPCION  : CATODOS EW DELTA
N° INSTR. DE EMBARQUE : 26356
CLIENTE      : COCESA                                  
Lote Sipa    : 20100101

----------------------------------------------------------------------------------------------------------------------------- 
MARCA       DESCRIPCION         PESO NETO      PESO BRUTO     GRUPO     UNIDADES       UBICACION         SERIE                
-----------------------------------------------------------------------------------------------------------------------------

01BL    FRANJA BLANCA             1,963           1,964                    39                           J-2321 
01BL    FRANJA BLANCA             1,981           1,982                    43                           J-2322 
01BL    FRANJA BLANCA             1,980           1,981                    38                           J-2323 
01BL    FRANJA BLANCA             1,966           1,967                    39                           J-2324 
01BL    FRANJA BLANCA             2,002           2,003                    39                           J-2325 
01BL    FRANJA BLANCA             2,012           2,013                    40                           J-2326 
01BL    FRANJA BLANCA             1,991           1,992                    40                           J-2327 
01BL    FRANJA BLANCA             1,997           1,998                    39                           J-2328 
01BL    FRANJA BLANCA             2,003           2,004                    39                           J-2329 
01BL    FRANJA BLANCA             1,973           1,974                    41                           J-2330 
01BL    FRANJA BLANCA             1,976           1,977                    40                           J-2331 
01BL    FRANJA BLANCA             1,965           1,966                    39                           J-2332 
01BL    FRANJA BLANCA             1,963           1,964                    38                           J-2333 
01BL    FRANJA BLANCA             1,992           1,993                    43                           J-2334 
01BL    FRANJA BLANCA             1,946           1,947                    40                           J-2351 
01BL    FRANJA BLANCA             1,936           1,937                    40                           J-2352 
01BL    FRANJA BLANCA             1,987           1,988                    45                           J-2353 
01BL    FRANJA BLANCA             1,979           1,980                    39                           J-2354 
01BL    FRANJA BLANCA             1,984           1,985                    42                           J-2355 
01BL    FRANJA BLANCA             1,941           1,942                    39                           J-2356 
01BL    FRANJA BLANCA             1,980           1,981                    45                           J-2357 
01BL    FRANJA BLANCA             1,977           1,978                    46                           J-2358 
01BL    FRANJA BLANCA             1,976           1,977                    45                           J-2359 
01BL    FRANJA BLANCA             1,943           1,944                    40                           J-2360 
01BL    FRANJA BLANCA             1,964           1,965                    41                           J-2361 
01BL    FRANJA BLANCA             1,971           1,972                    39                           J-2362 
01BL    FRANJA BLANCA             1,987           1,988                    43                           J-2363 
01BL    FRANJA BLANCA             1,979           1,980                    40                           J-2364 
01BL    FRANJA BLANCA             1,963           1,964                    46                           J-2366 
01BL    FRANJA BLANCA             1,981           1,982                    44                           J-2367 
01BL    FRANJA BLANCA             1,981           1,982                    43                           J-2368 
01BL    FRANJA BLANCA             1,945           1,946                    43                           J-2369 
01BL    FRANJA BLANCA             1,998           1,999                    46                           J-2370 
01BL    FRANJA BLANCA             1,963           1,964                    44                           J-2371 
01BL    FRANJA BLANCA             1,974           1,975                    44                           J-2372 
01BL    FRANJA BLANCA             1,978           1,979                    45                           J-2373 
01BL    FRANJA BLANCA             1,962           1,963                    43                           J-2374 
01BL    FRANJA BLANCA             1,961           1,962                    42                           J-2375 
01BL    FRANJA BLANCA             2,001           2,002                    43                           J-2376 
01BL    FRANJA BLANCA             1,960           1,961                    46                           J-2377 
01BL    FRANJA BLANCA             1,956           1,957                    47                           J-2378 
01BL    FRANJA BLANCA             1,968           1,969                    44                           J-2379 
01BL    FRANJA BLANCA             1,974           1,975                    38                           J-2427 
01BL    FRANJA BLANCA             1,959           1,960                    43                           J-2428 
01BL    FRANJA BLANCA             1,988           1,989                    39                           J-2429 









EMPRESA NACIONAL DE MINERIA (ENM) PRODUCTOR          PACKING LIST                             PAG.  :   2
NATIONAL MINING COMPANY                       CODIGO DE LOTE   : J-2321                      FECHA :18/11/2020
                                              -----------------------------
FLUJO        : 
DESCRIPCION  : CATODOS EW DELTA
N° INSTR. DE EMBARQUE : 26356
CLIENTE      : COCESA                                  
Lote Sipa    : 20100101

----------------------------------------------------------------------------------------------------------------------------- 
MARCA       DESCRIPCION         PESO NETO      PESO BRUTO     GRUPO     UNIDADES       UBICACION         SERIE                
-----------------------------------------------------------------------------------------------------------------------------

01BL    FRANJA BLANCA             1,988           1,989                    39                           J-2430 
01BL    FRANJA BLANCA             1,955           1,956                    42                           J-2431 
01BL    FRANJA BLANCA             2,001           2,002                    39                           J-2432 
01BL    FRANJA BLANCA             1,991           1,992                    46                           J-2433 
01BL    FRANJA BLANCA             1,972           1,973                    39                           J-2434 
01BL    FRANJA BLANCA             1,970           1,971                    39                           J-2435 
01BL    FRANJA BLANCA             2,007           2,008                    40                           J-2436 
01BL    FRANJA BLANCA             1,999           2,000                    40                           J-2437 
01BL    FRANJA BLANCA             1,953           1,954                    39                           J-2438 
01BL    FRANJA BLANCA             1,998           1,999                    43                           J-2439 
01BL    FRANJA BLANCA             1,965           1,966                    44                           J-2440 
01BL    FRANJA BLANCA             1,974           1,975                    45                           J-2442 
01BL    FRANJA BLANCA             1,961           1,962                    44                           J-2443 
01BL    FRANJA BLANCA             1,992           1,993                    39                           J-2444 
01BL    FRANJA BLANCA             2,005           2,006                    39                           J-2445 
01BL    FRANJA BLANCA             1,994           1,995                    39                           J-2446 
01BL    FRANJA BLANCA             2,006           2,007                    39                           J-2447 
01BL    FRANJA BLANCA             1,983           1,984                    39                           J-2448 
01BL    FRANJA BLANCA             1,987           1,988                    43                           J-2449 
01BL    FRANJA BLANCA             1,963           1,964                    43                           J-2450 
01BL    FRANJA BLANCA             1,982           1,983                    44                           J-2451 
01BL    FRANJA BLANCA             2,007           2,008                    43                           J-2452 
01BL    FRANJA BLANCA             2,007           2,008                    42                           J-2453 
01BL    FRANJA BLANCA             1,979           1,980                    40                           J-2454 
01BL    FRANJA BLANCA             2,005           2,006                    40                           J-2455 


------------------------------------------------------------------------------------------------------------------------
T.SUB-LOTES              TOT.PAQUETES =70      TOT.UNID. = 2910   T/P NETO (kg) = 138,470      T/P BRUTO (kg) = 138,540
------------------------------------------------------------------------------------------------------------------------
