
EMPRESA NACIONAL DE MINERIA (ENM) PRODUCTOR          PACKING LIST                             PAG.  :   1
NATIONAL MINING COMPANY                       CODIGO DE LOTE   : H-203                      FECHA :19/08/2019
                                              -----------------------------
FLUJO        : 
DESCRIPCION  : CATODOS STD 1 ER
N° INSTR. DE EMBARQUE : 57994
CLIENTE      : 
Lote Sipa    : 

----------------------------------------------------------------------------------------------------------------------------- 
MARCA       DESCRIPCION         PESO NETO      PESO BRUTO     GRUPO     UNIDADES       UBICACION         SERIE                
-----------------------------------------------------------------------------------------------------------------------------

V0VE    V VERDE                   2,421           2,422         87         20                            H-203 
V0VE    V VERDE                   2,485           2,486         87         20                            H-204 
V0VE    V VERDE                   2,517           2,518         87         20                            H-205 
V0VE    V VERDE                   2,507           2,508         87         20                            H-206 
V0VE    V VERDE                   2,400           2,401         87         20                            H-207 
V0VE    V VERDE                   2,396           2,397         87         20                            H-208 
V0VE    V VERDE                   2,432           2,433         87         20                            H-209 
V0VE    V VERDE                   2,347           2,348         87         20                            H-210 
V0VE    V VERDE                   2,420           2,421         87         20                            H-211 
V0VE    V VERDE                   2,385           2,386         87         20                            H-212 
V0VE    V VERDE                   2,383           2,384         88         20                            H-213 
V0VE    V VERDE                   2,511           2,512         88         20                            H-214 
V0VE    V VERDE                   2,064           2,065         88         20                            H-215 
V0VE    V VERDE                   2,094           2,095         88         20                            H-216 
V0VE    V VERDE                   2,466           2,467         88         20                            H-217 
V0VE    V VERDE                   2,200           2,201         88         20                            H-218 
V0VE    V VERDE                   2,196           2,197         88         20                            H-219 
V0VE    V VERDE                   2,478           2,479         88         20                            H-220 
V0VE    V VERDE                   2,134           2,135         88         20                            H-221 
V0VE    V VERDE                   2,481           2,482         88         20                            H-222 
V0VE    V VERDE                   2,488           2,489         88         20                            H-223 
V0VE    V VERDE                   2,195           2,196         88         20                            H-224 
V0VE    V VERDE                   2,310           2,311         88         20                            H-225 
V0VE    V VERDE                   2,157           2,158         88         20                            H-226 
V0VE    V VERDE                   2,406           2,407         88         20                            H-227 
V0VE    V VERDE                   2,477           2,478         88         20                            H-228 
V0VE    V VERDE                   2,290           2,291         88         20                            H-229 
V0VE    V VERDE                   2,396           2,397         88         20                            H-230 
V0VE    V VERDE                   2,399           2,400         88         20                            H-231 
V0VE    V VERDE                   2,314           2,315         88         20                            H-232 
V0VE    V VERDE                   2,408           2,409         88         20                            H-233 
V0VE    V VERDE                   2,420           2,421         88         20                            H-234 
V0VE    V VERDE                   2,193           2,194         88         20                            H-235 
V0VE    V VERDE                   2,294           2,295         88         20                            H-236 
V0VE    V VERDE                   2,165           2,166         88         20                            H-237 
V0VE    V VERDE                   2,194           2,195         88         20                            H-238 
V0VE    V VERDE                   2,592           2,593         88         20                            H-239 
V0VE    V VERDE                   2,238           2,239         88         20                            H-240 
V0VE    V VERDE                   2,173           2,174         88         20                            H-241 
V0VE    V VERDE                   2,410           2,411         88         20                            H-242 
V0VE    V VERDE                   2,127           2,128         88         20                            H-243 
V0VE    V VERDE                   2,300           2,301         88         20                            H-244 
V0VE    V VERDE                   2,301           2,302         88         20                            H-245 
V0VE    V VERDE                   2,521           2,522         88         20                            H-246 
V0VE    V VERDE                   2,470           2,471         88         20                            H-247 









EMPRESA NACIONAL DE MINERIA (ENM) PRODUCTOR          PACKING LIST                             PAG.  :   2
NATIONAL MINING COMPANY                       CODIGO DE LOTE   : H-203                      FECHA :19/08/2019
                                              -----------------------------
FLUJO        : 
DESCRIPCION  : CATODOS STD 1 ER
N° INSTR. DE EMBARQUE : 57994
CLIENTE      : 
Lote Sipa    : 

----------------------------------------------------------------------------------------------------------------------------- 
MARCA       DESCRIPCION         PESO NETO      PESO BRUTO     GRUPO     UNIDADES       UBICACION         SERIE                
-----------------------------------------------------------------------------------------------------------------------------

V0VE    V VERDE                   2,193           2,194         88         20                            H-248 
V0VE    V VERDE                   2,555           2,556         88         20                            H-249 
V0VE    V VERDE                   2,450           2,451         88         20                            H-250 
V0VE    V VERDE                   2,460           2,461         88         20                            H-251 
V0VE    V VERDE                   2,351           2,352         88         20                            H-252 
V0VE    V VERDE                   2,181           2,182         88         20                            H-253 
V0VE    V VERDE                   2,262           2,263         88         20                            H-254 
V0VE    V VERDE                   2,455           2,456         88         20                            H-255 
V0VE    V VERDE                   2,333           2,334         88         20                            H-256 
V0VE    V VERDE                   2,325           2,326         88         20                            H-257 
V0VE    V VERDE                   2,290           2,291         88         20                            H-258 
V0VE    V VERDE                   2,408           2,409         88         20                            H-259 
V0VE    V VERDE                   2,363           2,364         88         20                            H-260 
V0VE    V VERDE                   2,309           2,310         88         20                            H-261 
V0VE    V VERDE                   2,219           2,220         88         20                            H-262 
V0VE    V VERDE                   2,366           2,367         89         20                            H-263 
V0VE    V VERDE                   2,324           2,325         89         20                            H-264 
V0VE    V VERDE                   2,243           2,244         89         20                            H-265 
V0VE    V VERDE                   2,296           2,297         89         20                            H-266 


------------------------------------------------------------------------------------------------------------------------
T.SUB-LOTES              TOT.PAQUETES =64      TOT.UNID. = 1280   T/P NETO (kg) = 149,938      T/P BRUTO (kg) = 150,002
------------------------------------------------------------------------------------------------------------------------
