
EMPRESA NACIONAL DE MINERIA (ENM) PRODUCTOR          PACKING LIST                             PAG.  :   1
NATIONAL MINING COMPANY                       CODIGO DE LOTE   : D-2051                      FECHA :10/04/2023
                                              -----------------------------
FLUJO        : 
DESCRIPCION  : CATODOS EW TALTAL
N° INSTR. DE EMBARQUE : 930772
CLIENTE      : 
Lote Sipa    : 23040204

----------------------------------------------------------------------------------------------------------------------------- 
MARCA       DESCRIPCION         PESO NETO      PESO BRUTO     GRUPO     UNIDADES       UBICACION         SERIE                
-----------------------------------------------------------------------------------------------------------------------------

03AM    TRES FRANJAS AMARILLAS    2,021           2,022                    72                           D-2051 
03AM    TRES FRANJAS AMARILLAS    2,015           2,016                    76                           D-2052 
03AM    TRES FRANJAS AMARILLAS    2,029           2,030                    72                           D-2053 
03AM    TRES FRANJAS AMARILLAS    1,971           1,972                    71                           D-2054 
03AM    TRES FRANJAS AMARILLAS    2,023           2,024                    72                           D-2055 
03AM    TRES FRANJAS AMARILLAS    2,052           2,053                    76                           D-2056 
03AM    TRES FRANJAS AMARILLAS    1,968           1,969                    70                           D-2057 
03AM    TRES FRANJAS AMARILLAS    2,020           2,021                    72                           D-2058 
03AM    TRES FRANJAS AMARILLAS    2,038           2,039                    78                           D-2059 
03AM    TRES FRANJAS AMARILLAS    1,999           2,000                    74                           D-2060 
03AM    TRES FRANJAS AMARILLAS    2,045           2,046                    72                           D-2061 
03AM    TRES FRANJAS AMARILLAS    1,992           1,993                    72                           D-2062 
03AM    TRES FRANJAS AMARILLAS    2,035           2,036                    71                           D-2063 
03AM    TRES FRANJAS AMARILLAS    2,002           2,003                    70                           D-2064 


------------------------------------------------------------------------------------------------------------------------
T.SUB-LOTES              TOT.PAQUETES =14      TOT.UNID. = 1018   T/P NETO (kg) = 28,210      T/P BRUTO (kg) = 28,224
------------------------------------------------------------------------------------------------------------------------
