
EMPRESA NACIONAL DE MINERIA (ENM) PRODUCTOR          PACKING LIST                             PAG.  :   1
NATIONAL MINING COMPANY                       CODIGO DE LOTE   : B-2381                      FECHA :15/05/2023
                                              -----------------------------
FLUJO        : 
DESCRIPCION  : CATODOS EW DELTA
N° INSTR. DE EMBARQUE : 27929
CLIENTE      : CHARLOTE MAERSK
Lote Sipa    : 23020317

----------------------------------------------------------------------------------------------------------------------------- 
MARCA       DESCRIPCION         PESO NETO      PESO BRUTO     GRUPO     UNIDADES       UBICACION         SERIE                
-----------------------------------------------------------------------------------------------------------------------------

01BL    FRANJA BLANCA             1,981           1,982                    14                           B-2381 
01BL    FRANJA BLANCA             1,984           1,985                    53                           B-2382 
01BL    FRANJA BLANCA             1,991           1,992                    54                           B-2383 
01BL    FRANJA BLANCA             2,014           2,015                    55                           B-2384 
01BL    FRANJA BLANCA             1,996           1,997                    57                           B-2385 
01BL    FRANJA BLANCA             1,992           1,993                    61                           B-2386 
01BL    FRANJA BLANCA             1,996           1,997                    60                           B-2387 
01BL    FRANJA BLANCA             2,014           2,015                    63                           B-2388 
01BL    FRANJA BLANCA             2,014           2,015                    58                           B-2389 
01BL    FRANJA BLANCA             1,980           1,981                    54                           B-2390 
01BL    FRANJA BLANCA             2,024           2,025                    52                           B-2391 
01BL    FRANJA BLANCA             2,004           2,005                    45                           B-2392 
01BL    FRANJA BLANCA             2,010           2,011                    50                           B-2393 
01BL    FRANJA BLANCA             2,015           2,016                    61                           B-2394 
01BL    FRANJA BLANCA             1,994           1,995                    50                           D-2321 
01BL    FRANJA BLANCA             1,994           1,995                    49                           D-2322 
01BL    FRANJA BLANCA             1,986           1,987                    51                           D-2323 
01BL    FRANJA BLANCA             2,010           2,011                    50                           D-2324 
01BL    FRANJA BLANCA             2,012           2,013                    51                           D-2325 
01BL    FRANJA BLANCA             1,989           1,990                    49                           D-2326 
01BL    FRANJA BLANCA             1,996           1,997                    48                           D-2327 
01BL    FRANJA BLANCA             2,001           2,002                    48                           D-2328 
01BL    FRANJA BLANCA             2,009           2,010                    50                           D-2329 
01BL    FRANJA BLANCA             2,022           2,023                    51                           D-2330 
01BL    FRANJA BLANCA             2,018           2,019                    52                           D-2331 
01BL    FRANJA BLANCA             2,002           2,003                    49                           D-2332 
01BL    FRANJA BLANCA             2,000           2,001                    52                           D-2333 
01BL    FRANJA BLANCA             2,002           2,003                    49                           D-2334 


------------------------------------------------------------------------------------------------------------------------
T.SUB-LOTES              TOT.PAQUETES =28      TOT.UNID. = 1436   T/P NETO (kg) = 56,050      T/P BRUTO (kg) = 56,078
------------------------------------------------------------------------------------------------------------------------
