
EMPRESA NACIONAL DE MINERIA (ENM) PRODUCTOR          PACKING LIST                             PAG.  :   1
NATIONAL MINING COMPANY                       CODIGO DE LOTE   : C-23375                      FECHA :13/03/2019
                                              -----------------------------
FLUJO        : 
DESCRIPCION  : RESTOS ANODOS TTE A EMBARQUE
N° INSTR. DE EMBARQUE : 57342
CLIENTE      : 
Lote Sipa    : 

----------------------------------------------------------------------------------------------------------------------------- 
MARCA       DESCRIPCION         PESO NETO      PESO BRUTO     GRUPO     UNIDADES       UBICACION         SERIE                
-----------------------------------------------------------------------------------------------------------------------------

01AZ    FRANJA AZUL               1,676           1,677         1Z         30                           C-23375
01AZ    FRANJA AZUL               1,774           1,775         1Z         30                           C-23376
01AZ    FRANJA AZUL               1,833           1,834         1Z         30                           C-23377
01AZ    FRANJA AZUL               1,943           1,944         1Z         30                           C-23378
01AZ    FRANJA AZUL               1,800           1,801         1Z         30                           C-23379
01AZ    FRANJA AZUL               1,904           1,905         1Z         30                           C-23380
01AZ    FRANJA AZUL               1,945           1,946         1Z         30                           C-23381
01AZ    FRANJA AZUL               1,633           1,634         1Z         30                           C-23382
01AZ    FRANJA AZUL               1,762           1,763         1Z         30                           C-23383
01AZ    FRANJA AZUL               1,794           1,795         1Z         30                           C-23384
01AZ    FRANJA AZUL               1,819           1,820         1Z         30                           C-23385
01AZ    FRANJA AZUL               1,668           1,669         1Z         30                           C-23386
01AZ    FRANJA AZUL               1,768           1,769         1Z         30                           C-23387
01AZ    FRANJA AZUL               1,792           1,793         1Z         30                           C-23388
01AZ    FRANJA AZUL               1,895           1,896         1Z         30                           C-23389
01AZ    FRANJA AZUL               1,749           1,750         1Z         30                           C-23390
01AZ    FRANJA AZUL               1,831           1,832         1Z         30                           C-23391
01AZ    FRANJA AZUL               1,912           1,913         1Z         30                           C-23392
01AZ    FRANJA AZUL               2,081           2,082         1Z         30                           C-23393
01AZ    FRANJA AZUL               1,800           1,801         1Z         30                           C-23394
01AZ    FRANJA AZUL               1,758           1,759         1Z         30                           C-23395
01AZ    FRANJA AZUL               1,933           1,934         1Z         30                           C-23396
01AZ    FRANJA AZUL               1,681           1,682         1Z         30                           C-23397
01AZ    FRANJA AZUL               1,844           1,845         1Z         30                           C-23398
01AZ    FRANJA AZUL               1,944           1,945         1Z         30                           C-23399
01AZ    FRANJA AZUL               1,758           1,759         1Z         30                           C-23400
01AZ    FRANJA AZUL               1,994           1,995         1Z         30                           C-23401
01AZ    FRANJA AZUL               1,842           1,843         1Z         30                           C-23402
01AZ    FRANJA AZUL               1,802           1,803         1Z         30                           C-23403
01AZ    FRANJA AZUL               1,854           1,855         1Z         30                           C-23404
01AZ    FRANJA AZUL               1,876           1,877         1Z         30                           C-23405
01AZ    FRANJA AZUL               1,742           1,743         1Z         30                           C-23406
01AZ    FRANJA AZUL               1,977           1,978         1Z         30                           C-23407
01AZ    FRANJA AZUL               1,991           1,992         1Z         30                           C-23408
01AZ    FRANJA AZUL               1,832           1,833         1Z         30                           C-23409
01AZ    FRANJA AZUL               1,813           1,814         1Z         30                           C-23410
01AZ    FRANJA AZUL               1,722           1,723         1Z         30                           C-23411
01AZ    FRANJA AZUL               1,855           1,856         1Z         30                           C-23412
01AZ    FRANJA AZUL               1,738           1,739         1Z         30                           C-23413
01AZ    FRANJA AZUL               1,787           1,788         1Z         30                           C-23414
01AZ    FRANJA AZUL               1,751           1,752         1Z         30                           C-23415
01AZ    FRANJA AZUL               1,961           1,962         1Z         30                           C-23416
01AZ    FRANJA AZUL               1,816           1,817         1Z         30                           C-23417
01AZ    FRANJA AZUL               1,873           1,874         1Z         30                           C-23418
01AZ    FRANJA AZUL               1,636           1,637         1Z         30                           C-23419









EMPRESA NACIONAL DE MINERIA (ENM) PRODUCTOR          PACKING LIST                             PAG.  :   2
NATIONAL MINING COMPANY                       CODIGO DE LOTE   : C-23375                      FECHA :13/03/2019
                                              -----------------------------
FLUJO        : 
DESCRIPCION  : RESTOS ANODOS TTE A EMBARQUE
N° INSTR. DE EMBARQUE : 57342
CLIENTE      : 
Lote Sipa    : 

----------------------------------------------------------------------------------------------------------------------------- 
MARCA       DESCRIPCION         PESO NETO      PESO BRUTO     GRUPO     UNIDADES       UBICACION         SERIE                
-----------------------------------------------------------------------------------------------------------------------------

01AZ    FRANJA AZUL               1,626           1,627         1Z         30                           C-23420
01AZ    FRANJA AZUL               1,667           1,668         1Z         30                           C-23421
01AZ    FRANJA AZUL               1,769           1,770         1Z         30                           C-23422
01AZ    FRANJA AZUL               1,681           1,682         1Z         30                           C-23423
01AZ    FRANJA AZUL               1,614           1,615         1Z         30                           C-23424
01AZ    FRANJA AZUL               1,639           1,640         1Z         30                           C-23425
01AZ    FRANJA AZUL               1,699           1,700         1Z         30                           C-23426
01AZ    FRANJA AZUL               1,541           1,542         1Z         30                           C-23427
01AZ    FRANJA AZUL               1,439           1,440         1Z         30                           C-23428
01AZ    FRANJA AZUL               1,454           1,455         1Z         30                           C-23429
01AZ    FRANJA AZUL               1,598           1,599         1Z         30                           C-23430
01AZ    FRANJA AZUL               1,940           1,941         1Z         30                           C-23431
01AZ    FRANJA AZUL               1,703           1,704         1Z         30                           C-23432
01AZ    FRANJA AZUL               1,671           1,672         1Z         30                           C-23433
01AZ    FRANJA AZUL               1,852           1,853         1Z         30                           C-23434
01AZ    FRANJA AZUL               1,776           1,777         1Z         30                           C-23435
01AZ    FRANJA AZUL               1,358           1,359         1Z         30                           C-23436
01AZ    FRANJA AZUL               1,722           1,723         1Z         30                           C-23437
01AZ    FRANJA AZUL               1,835           1,836         1Z         30                           C-23438
01AZ    FRANJA AZUL               1,778           1,779         1Z         30                           C-23439
01AZ    FRANJA AZUL               1,534           1,535         1Z         30                           C-23440
01AZ    FRANJA AZUL               1,589           1,590         1Z         30                           C-23441
01AZ    FRANJA AZUL               1,644           1,645         1Z         30                           C-23442
01AZ    FRANJA AZUL               1,541           1,542         1Z         30                           C-23443
01AZ    FRANJA AZUL               1,280           1,281         1Z         30                           C-23444
01AZ    FRANJA AZUL               1,766           1,767         1Z         30                           C-23445
01AZ    FRANJA AZUL               1,312           1,313         1Z         30                           C-23446
01AZ    FRANJA AZUL               1,472           1,473         1Z         30                           C-23447
01AZ    FRANJA AZUL               1,725           1,726         1Z         30                           C-23448
01AZ    FRANJA AZUL               1,717           1,718         1Z         30                           C-23449
01AZ    FRANJA AZUL               1,332           1,333         1Z         30                           C-23450
01AZ    FRANJA AZUL               1,311           1,312         1Z         30                           C-23451
01AZ    FRANJA AZUL               1,740           1,741         1Z         30                           C-23452
01AZ    FRANJA AZUL               1,453           1,454         1Z         30                           C-23453
01AZ    FRANJA AZUL               1,229           1,230         1Z         30                           C-23454
01AZ    FRANJA AZUL               1,682           1,683         1Z         30                           C-23455
01AZ    FRANJA AZUL               1,569           1,570         1Z         30                           C-23456
01AZ    FRANJA AZUL               1,504           1,505         1Z         30                           C-23457
01AZ    FRANJA AZUL               2,085           2,086         1Z         30                           C-23458
01AZ    FRANJA AZUL               1,408           1,409         1Z         30                           C-23459
01AZ    FRANJA AZUL               1,407           1,408         1Z         30                           C-23460
01AZ    FRANJA AZUL               1,854           1,855         1Z         30                           C-23461
01AZ    FRANJA AZUL               1,921           1,922         1Z         30                           C-23462
01AZ    FRANJA AZUL               1,961           1,962         1Z         30                           C-23463
01AZ    FRANJA AZUL               1,615           1,616         1Z         30                           C-23464









EMPRESA NACIONAL DE MINERIA (ENM) PRODUCTOR          PACKING LIST                             PAG.  :   3
NATIONAL MINING COMPANY                       CODIGO DE LOTE   : C-23375                      FECHA :13/03/2019
                                              -----------------------------
FLUJO        : 
DESCRIPCION  : RESTOS ANODOS TTE A EMBARQUE
N° INSTR. DE EMBARQUE : 57342
CLIENTE      : 
Lote Sipa    : 

----------------------------------------------------------------------------------------------------------------------------- 
MARCA       DESCRIPCION         PESO NETO      PESO BRUTO     GRUPO     UNIDADES       UBICACION         SERIE                
-----------------------------------------------------------------------------------------------------------------------------

01AZ    FRANJA AZUL               1,756           1,757         1Z         30                           C-23465
01AZ    FRANJA AZUL               1,680           1,681         1Z         30                           C-23466
01AZ    FRANJA AZUL               1,741           1,742         1Z         30                           C-23467
01AZ    FRANJA AZUL               1,947           1,948         1Z         30                           C-23468
01AZ    FRANJA AZUL               1,664           1,665         1Z         30                           C-23469
01AZ    FRANJA AZUL               1,752           1,753         1Z         30                           C-23470
01AZ    FRANJA AZUL               1,945           1,946         1Z         30                           C-23471
01AZ    FRANJA AZUL               1,815           1,816         1Z         30                           C-23472
01AZ    FRANJA AZUL               1,847           1,848         1Z         30                           C-23473
01AZ    FRANJA AZUL               1,827           1,828         1Z         30                           C-23474
01AZ    FRANJA AZUL               1,898           1,899         1Z         30                           C-23475
01AZ    FRANJA AZUL               1,673           1,674         1Z         30                           C-23476
01AZ    FRANJA AZUL               1,692           1,693         1Z         30                           C-23477
01AZ    FRANJA AZUL               1,584           1,585         1Z         30                           C-23478
01AZ    FRANJA AZUL               1,818           1,819         1Z         30                           C-23479
01AZ    FRANJA AZUL               1,804           1,805         1Z         30                           C-23480
01AZ    FRANJA AZUL               1,934           1,935         1Z         30                           C-23481
01AZ    FRANJA AZUL               1,859           1,860         1Z         30                           C-23482
01AZ    FRANJA AZUL               1,661           1,662         1Z         30                           C-23483
01AZ    FRANJA AZUL               1,539           1,540         1Z         30                           C-23484
01AZ    FRANJA AZUL               1,766           1,767         1Z         30                           C-23485
01AZ    FRANJA AZUL               1,585           1,586         1Z         30                           C-23486
01AZ    FRANJA AZUL               1,730           1,731         1Z         30                           C-23487
01AZ    FRANJA AZUL               1,598           1,599         1Z         30                           C-23488
01AZ    FRANJA AZUL               1,606           1,607         1Z         30                           C-23489
01AZ    FRANJA AZUL               1,905           1,906         1Z         30                           C-23490
01AZ    FRANJA AZUL               1,452           1,453         1Z         30                           C-23491
01AZ    FRANJA AZUL               1,876           1,877         1Z         30                           C-23492
01AZ    FRANJA AZUL               1,607           1,608         1Z         30                           C-23493
01AZ    FRANJA AZUL               1,460           1,461         1Z         30                           C-23494
01AZ    FRANJA AZUL               1,425           1,426         1Z         30                           C-23495
01AZ    FRANJA AZUL               1,675           1,676         1Z         30                           C-23496
01AZ    FRANJA AZUL               1,600           1,601         1Z         30                           C-23497
01AZ    FRANJA AZUL               1,802           1,803         1Z         30                           C-23498
01AZ    FRANJA AZUL               2,200           2,201         1Z         30                           C-23499
01AZ    FRANJA AZUL               1,930           1,931         1Z         30                           C-23500
01AZ    FRANJA AZUL               1,663           1,664         1Z         30                           C-23501
01AZ    FRANJA AZUL               1,730           1,731         1Z         30                           C-23502
01AZ    FRANJA AZUL               1,617           1,618         1Z         30                           C-23503
01AZ    FRANJA AZUL               1,508           1,509         1Z         30                           C-23504
01AZ    FRANJA AZUL               1,757           1,758         1Z         30                           C-23505
01AZ    FRANJA AZUL               1,500           1,501         1Z         30                           C-23506
01AZ    FRANJA AZUL               1,867           1,868         1Z         30                           C-23507
01AZ    FRANJA AZUL               1,863           1,864         1Z         30                           C-23508
01AZ    FRANJA AZUL               1,899           1,900         1Z         30                           C-23509









EMPRESA NACIONAL DE MINERIA (ENM) PRODUCTOR          PACKING LIST                             PAG.  :   4
NATIONAL MINING COMPANY                       CODIGO DE LOTE   : C-23375                      FECHA :13/03/2019
                                              -----------------------------
FLUJO        : 
DESCRIPCION  : RESTOS ANODOS TTE A EMBARQUE
N° INSTR. DE EMBARQUE : 57342
CLIENTE      : 
Lote Sipa    : 

----------------------------------------------------------------------------------------------------------------------------- 
MARCA       DESCRIPCION         PESO NETO      PESO BRUTO     GRUPO     UNIDADES       UBICACION         SERIE                
-----------------------------------------------------------------------------------------------------------------------------

01AZ    FRANJA AZUL               1,471           1,472         1Z         30                           C-23510
01AZ    FRANJA AZUL               1,584           1,585         1Z         30                           C-23511
01AZ    FRANJA AZUL               1,448           1,449         1Z         30                           C-23512
01AZ    FRANJA AZUL               1,782           1,783         1Z         30                           C-23513
01AZ    FRANJA AZUL               1,780           1,781         1Z         30                           C-23514
01AZ    FRANJA AZUL               1,644           1,645         1Z         30                           C-23515
01AZ    FRANJA AZUL               1,628           1,629         1Z         30                           C-23516
01AZ    FRANJA AZUL               1,994           1,995         1Z         30                           C-23517
01AZ    FRANJA AZUL               1,818           1,819         1Z         30                           C-23518
01AZ    FRANJA AZUL               1,615           1,616         1Z         30                           C-23519


------------------------------------------------------------------------------------------------------------------------
T.SUB-LOTES              TOT.PAQUETES =145      TOT.UNID. = 4350   T/P NETO (kg) = 249,993      T/P BRUTO (kg) = 250,138
------------------------------------------------------------------------------------------------------------------------
