
EMPRESA NACIONAL DE MINERIA (ENM) PRODUCTOR          PACKING LIST                             PAG.  :   1
NATIONAL MINING COMPANY                       CODIGO DE LOTE   : A-3221                      FECHA :24/02/2022
                                              -----------------------------
FLUJO        : 
DESCRIPCION  : CATODOS EW MATTA
N° INSTR. DE EMBARQUE : 27221
CLIENTE      : MAERSK SHAMS
Lote Sipa    : 22010216

----------------------------------------------------------------------------------------------------------------------------- 
MARCA       DESCRIPCION         PESO NETO      PESO BRUTO     GRUPO     UNIDADES       UBICACION         SERIE                
-----------------------------------------------------------------------------------------------------------------------------

01CE    FRANJA CELESTE            2,009           2,010                    71                           A-3221 
01CE    FRANJA CELESTE            2,031           2,032                    67                           A-3222 
01CE    FRANJA CELESTE            2,027           2,028                    79                           A-3223 
01CE    FRANJA CELESTE            2,020           2,021                    68                           A-3224 
01CE    FRANJA CELESTE            2,025           2,026                    67                           A-3225 
01CE    FRANJA CELESTE            2,046           2,047                    66                           A-3226 
01CE    FRANJA CELESTE            2,010           2,011                    69                           A-3227 
01CE    FRANJA CELESTE            2,030           2,031                    71                           A-3228 
01CE    FRANJA CELESTE            2,010           2,011                    77                           A-3229 
01CE    FRANJA CELESTE            2,014           2,015                    64                           A-3230 
01CE    FRANJA CELESTE            2,031           2,032                    69                           A-3231 
01CE    FRANJA CELESTE            2,001           2,002                    66                           A-3232 
01CE    FRANJA CELESTE            2,032           2,033                    69                           A-3233 
01CE    FRANJA CELESTE            2,043           2,044                    70                           A-3234 
01CE    FRANJA CELESTE            2,005           2,006                    66                           A-3266 
01CE    FRANJA CELESTE            2,019           2,020                    77                           A-3267 
01CE    FRANJA CELESTE            2,010           2,011                    70                           A-3268 
01CE    FRANJA CELESTE            2,017           2,018                    72                           A-3269 
01CE    FRANJA CELESTE            2,021           2,022                    74                           A-3270 
01CE    FRANJA CELESTE            2,016           2,017                    74                           A-3271 
01CE    FRANJA CELESTE            2,009           2,010                    71                           A-3272 
01CE    FRANJA CELESTE            1,999           2,000                    69                           A-3273 
01CE    FRANJA CELESTE            2,011           2,012                    73                           A-3274 
01CE    FRANJA CELESTE            2,001           2,002                    77                           A-3275 
01CE    FRANJA CELESTE            2,008           2,009                    77                           A-3276 
01CE    FRANJA CELESTE            2,022           2,023                    69                           A-3277 
01CE    FRANJA CELESTE            2,007           2,008                    73                           A-3278 
01CE    FRANJA CELESTE            1,991           1,992                    80                           A-3279 


------------------------------------------------------------------------------------------------------------------------
T.SUB-LOTES              TOT.PAQUETES =28      TOT.UNID. = 1995   T/P NETO (kg) = 56,465      T/P BRUTO (kg) = 56,493
------------------------------------------------------------------------------------------------------------------------
