
EMPRESA NACIONAL DE MINERIA (ENM) PRODUCTOR          PACKING LIST                             PAG.  :   1
NATIONAL MINING COMPANY                       CODIGO DE LOTE   : I-2771                      FECHA :16/10/2018
                                              -----------------------------
FLUJO        : 
DESCRIPCION  : CATODOS EW CERRO NEGRO
N° INSTR. DE EMBARQUE : 24858
CLIENTE      : SAN CLEMENTE
Lote Sipa    : 18090108

----------------------------------------------------------------------------------------------------------------------------- 
MARCA       DESCRIPCION         PESO NETO      PESO BRUTO     GRUPO     UNIDADES       UBICACION         SERIE                
-----------------------------------------------------------------------------------------------------------------------------

01NE    FRANJA NEGRA              2,009           2,010                    24                           I-2771 
01NE    FRANJA NEGRA              1,969           1,970                    28                           I-2772 
01NE    FRANJA NEGRA              1,960           1,961                    26                           I-2773 
01NE    FRANJA NEGRA              2,001           2,002                    32                           I-2774 
01NE    FRANJA NEGRA              1,985           1,986                    28                           I-2775 
01NE    FRANJA NEGRA              2,007           2,008                    31                           I-2776 
01NE    FRANJA NEGRA              2,025           2,026                    28                           I-2777 
01NE    FRANJA NEGRA              1,997           1,998                    28                           I-2778 
01NE    FRANJA NEGRA              2,062           2,063                    29                           I-2779 
01NE    FRANJA NEGRA              1,993           1,994                    31                           I-2780 
01NE    FRANJA NEGRA              1,995           1,996                    32                           I-2781 
01NE    FRANJA NEGRA              1,999           2,000                    30                           I-2782 
01NE    FRANJA NEGRA              1,969           1,970                    30                           I-2783 
01NE    FRANJA NEGRA              2,022           2,023                    33                           I-2784 
01NE    FRANJA NEGRA              2,020           2,021                    30                           I-2785 
01NE    FRANJA NEGRA              1,944           1,945                    34                           I-2803 
01NE    FRANJA NEGRA              1,990           1,991                    38                           I-2804 
01NE    FRANJA NEGRA              2,079           2,080                    37                           I-2805 
01NE    FRANJA NEGRA              1,968           1,969                    32                           I-2806 
01NE    FRANJA NEGRA              2,030           2,031                    37                           I-2807 
01NE    FRANJA NEGRA              2,019           2,020                    37                           I-2808 
01NE    FRANJA NEGRA              2,025           2,026                    36                           I-2809 
01NE    FRANJA NEGRA              1,961           1,962                    36                           I-2810 
01NE    FRANJA NEGRA              1,989           1,990                    36                           I-2811 
01NE    FRANJA NEGRA              1,957           1,958                    37                           I-2812 
01NE    FRANJA NEGRA              2,061           2,062                    38                           I-2813 
01NE    FRANJA NEGRA              2,039           2,040                    34                           I-2814 
01NE    FRANJA NEGRA              1,978           1,979                    37                           I-2815 
01NE    FRANJA NEGRA              1,965           1,966                    35                           I-2816 
01NE    FRANJA NEGRA              2,104           2,105                    38                           I-2817 
01NE    FRANJA NEGRA              1,998           1,999                    35                           I-2900 
01NE    FRANJA NEGRA              2,098           2,099                    36                           I-2901 
01NE    FRANJA NEGRA              2,041           2,042                    36                           I-2902 
01NE    FRANJA NEGRA              2,020           2,021                    35                           I-2903 
01NE    FRANJA NEGRA              2,018           2,019                    34                           I-2904 
01NE    FRANJA NEGRA              1,902           1,903                    30                           I-2905 
01NE    FRANJA NEGRA              1,970           1,971                    38                           I-2906 
01NE    FRANJA NEGRA              2,076           2,077                    37                           I-2907 
01NE    FRANJA NEGRA              1,965           1,966                    35                           I-2908 
01NE    FRANJA NEGRA              2,030           2,031                    37                           I-2909 
01NE    FRANJA NEGRA              1,988           1,989                    32                           I-2910 
01NE    FRANJA NEGRA              1,989           1,990                    36                           I-2911 
01NE    FRANJA NEGRA              1,956           1,957                    33                           I-2912 
01NE    FRANJA NEGRA              1,963           1,964                    35                           I-2913 
01NE    FRANJA NEGRA              2,025           2,026                    39                           I-2914 


------------------------------------------------------------------------------------------------------------------------
T.SUB-LOTES              TOT.PAQUETES =45      TOT.UNID. = 1510   T/P NETO (kg) = 90,161      T/P BRUTO (kg) = 90,206
------------------------------------------------------------------------------------------------------------------------
