
EMPRESA NACIONAL DE MINERIA (ENM) PRODUCTOR          PACKING LIST                             PAG.  :   1
NATIONAL MINING COMPANY                       CODIGO DE LOTE   : B-11980                      FECHA :03/03/2020
                                              -----------------------------
FLUJO        : 
DESCRIPCION  : CATODOS GRADO A
N° INSTR. DE EMBARQUE : 25754
CLIENTE      : E.R. BERLIN
Lote Sipa    : 20020396

----------------------------------------------------------------------------------------------------------------------------- 
MARCA       DESCRIPCION         PESO NETO      PESO BRUTO     GRUPO     UNIDADES       UBICACION         SERIE                
-----------------------------------------------------------------------------------------------------------------------------

01BL    FRANJA BLANCA             2,438           2,439         25         20                           B-11980
01BL    FRANJA BLANCA             2,480           2,481         25         20                           B-11981
01BL    FRANJA BLANCA             2,396           2,397         25         20                           B-11982
01BL    FRANJA BLANCA             2,402           2,403         23         20                           B-11983
01BL    FRANJA BLANCA             2,467           2,468         44         20                           B-11984
01BL    FRANJA BLANCA             2,427           2,428         44         20                           B-11985
01BL    FRANJA BLANCA             1,904           1,905         23         20                           B-11986
01BL    FRANJA BLANCA             2,479           2,480         44         20                           B-11987
01BL    FRANJA BLANCA             2,428           2,429         44         20                           B-11988
01BL    FRANJA BLANCA             2,462           2,463         44         20                           B-11989
01BL    FRANJA BLANCA             2,278           2,279         24         20                           B-11990
01BL    FRANJA BLANCA             2,480           2,481         24         20                           B-11991
01BL    FRANJA BLANCA             2,459           2,460         44         20                           B-11992
01BL    FRANJA BLANCA             2,384           2,385         44         20                           B-11993
01BL    FRANJA BLANCA             2,408           2,409         44         20                           B-11994
01BL    FRANJA BLANCA             2,518           2,519         44         20                           B-11995
01BL    FRANJA BLANCA             2,296           2,297         24         20                           B-11996
01BL    FRANJA BLANCA             2,047           2,048         34         20                           B-11997
01BL    FRANJA BLANCA             2,173           2,174         34         20                           B-11998
01BL    FRANJA BLANCA             2,243           2,244         34         20                           B-11999
01BL    FRANJA BLANCA             2,238           2,239         34         20                           B-12000
01BL    FRANJA BLANCA             2,065           2,066         24         20                           B-12001
01BL    FRANJA BLANCA             2,218           2,219         24         20                           B-12002
01BL    FRANJA BLANCA             2,082           2,083         24         20                           B-12003
01BL    FRANJA BLANCA             1,949           1,950         24         20                           B-12004
01BL    FRANJA BLANCA             2,376           2,377         24         20                           B-12005
01BL    FRANJA BLANCA             2,087           2,088         27         20                           B-12006
01BL    FRANJA BLANCA             2,277           2,278         27         20                           B-12007
01BL    FRANJA BLANCA             2,266           2,267         27         20                           B-12008
01BL    FRANJA BLANCA             2,101           2,102         27         20                           B-12009
01BL    FRANJA BLANCA             2,380           2,381         27         20                           B-12010
01BL    FRANJA BLANCA             2,255           2,256         27         20                           B-12011
01BL    FRANJA BLANCA             2,290           2,291         27         20                           B-12012
01BL    FRANJA BLANCA             2,193           2,194         27         20                           B-12013
01BL    FRANJA BLANCA             2,183           2,184         27         20                           B-12014
01BL    FRANJA BLANCA             2,303           2,304         27         20                           B-12015
01BL    FRANJA BLANCA             2,057           2,058         27         20                           B-12016
01BL    FRANJA BLANCA             2,255           2,256         27         20                           B-12017
01BL    FRANJA BLANCA             1,910           1,911         27         20                           B-12018
01BL    FRANJA BLANCA             1,905           1,906         27         20                           B-12019
01BL    FRANJA BLANCA             2,005           2,006         27         20                           B-12020
01BL    FRANJA BLANCA             2,206           2,207         27         20                           B-12021
01BL    FRANJA BLANCA             1,946           1,947         27         20                           B-12022
01BL    FRANJA BLANCA             2,063           2,064         27         20                           B-12023
01BL    FRANJA BLANCA             2,096           2,097         27         20                           B-12024









EMPRESA NACIONAL DE MINERIA (ENM) PRODUCTOR          PACKING LIST                             PAG.  :   2
NATIONAL MINING COMPANY                       CODIGO DE LOTE   : B-11980                      FECHA :03/03/2020
                                              -----------------------------
FLUJO        : 
DESCRIPCION  : CATODOS GRADO A
N° INSTR. DE EMBARQUE : 25754
CLIENTE      : E.R. BERLIN
Lote Sipa    : 20020396

----------------------------------------------------------------------------------------------------------------------------- 
MARCA       DESCRIPCION         PESO NETO      PESO BRUTO     GRUPO     UNIDADES       UBICACION         SERIE                
-----------------------------------------------------------------------------------------------------------------------------

01BL    FRANJA BLANCA             1,998           1,999         27         20                           B-12025
01BL    FRANJA BLANCA             2,217           2,218         27         20                           B-12026
01BL    FRANJA BLANCA             2,114           2,115         27         20                           B-12027
01BL    FRANJA BLANCA             2,210           2,211         27         20                           B-12028
01BL    FRANJA BLANCA             2,063           2,064         27         20                           B-12029
01BL    FRANJA BLANCA             2,007           2,008         27         20                           B-12030
01BL    FRANJA BLANCA             1,949           1,950         27         20                           B-12031
01BL    FRANJA BLANCA             2,046           2,047         27         20                           B-12032
01BL    FRANJA BLANCA             1,935           1,936         27         20                           B-12033
01BL    FRANJA BLANCA             2,119           2,120         27         20                           B-12034
01BL    FRANJA BLANCA             1,975           1,976         27         20                           B-12035
01BL    FRANJA BLANCA             2,158           2,159         27         20                           B-12036
01BL    FRANJA BLANCA             2,192           2,193         27         20                           B-12037
01BL    FRANJA BLANCA             2,249           2,250         27         20                           B-12038
01BL    FRANJA BLANCA             2,087           2,088         27         20                           B-12039
01BL    FRANJA BLANCA             2,215           2,216         30         20                           B-12040
01BL    FRANJA BLANCA             2,085           2,086         30         20                           B-12041
01BL    FRANJA BLANCA             2,129           2,130         30         20                           B-12042
01BL    FRANJA BLANCA             2,198           2,199         30         20                           B-12043
01BL    FRANJA BLANCA             2,211           2,212         30         20                           B-12044
01BL    FRANJA BLANCA             2,095           2,096         30         20                           B-12045
01BL    FRANJA BLANCA             2,028           2,029         30         20                           B-12046
01BL    FRANJA BLANCA             2,095           2,096         30         20                           B-12047
01BL    FRANJA BLANCA             2,039           2,040         30         20                           B-12048
01BL    FRANJA BLANCA             2,216           2,217         30         20                           B-12049
01BL    FRANJA BLANCA             2,352           2,353         30         20                           B-12050
01BL    FRANJA BLANCA             2,244           2,245         30         20                           B-12051
01BL    FRANJA BLANCA             2,330           2,331         30         20                           B-12052
01BL    FRANJA BLANCA             2,364           2,365         30         20                           B-12053
01BL    FRANJA BLANCA             2,166           2,167         30         20                           B-12054
01BL    FRANJA BLANCA             2,186           2,187         30         20                           B-12055
01BL    FRANJA BLANCA             2,277           2,278         25         20                           B-12056
01BL    FRANJA BLANCA             2,235           2,236         28         20                           B-12057
01BL    FRANJA BLANCA             2,290           2,291         28         20                           B-12058
01BL    FRANJA BLANCA             2,285           2,286         09         20                           B-12059
01BL    FRANJA BLANCA             2,156           2,157         09         20                           B-12060
01BL    FRANJA BLANCA             2,204           2,205         28         20                           B-12061
01BL    FRANJA BLANCA             2,393           2,394         28         20                           B-12062
01BL    FRANJA BLANCA             2,218           2,219         28         20                           B-12063
01BL    FRANJA BLANCA             2,319           2,320         28         20                           B-12064
01BL    FRANJA BLANCA             2,105           2,106         28         20                           B-12065
01BL    FRANJA BLANCA             2,281           2,282         28         20                           B-12066
01BL    FRANJA BLANCA             2,118           2,119         28         20                           B-12067
01BL    FRANJA BLANCA             2,405           2,406         28         20                           B-12068
01BL    FRANJA BLANCA             2,394           2,395         28         20                           B-12069









EMPRESA NACIONAL DE MINERIA (ENM) PRODUCTOR          PACKING LIST                             PAG.  :   3
NATIONAL MINING COMPANY                       CODIGO DE LOTE   : B-11980                      FECHA :03/03/2020
                                              -----------------------------
FLUJO        : 
DESCRIPCION  : CATODOS GRADO A
N° INSTR. DE EMBARQUE : 25754
CLIENTE      : E.R. BERLIN
Lote Sipa    : 20020396

----------------------------------------------------------------------------------------------------------------------------- 
MARCA       DESCRIPCION         PESO NETO      PESO BRUTO     GRUPO     UNIDADES       UBICACION         SERIE                
-----------------------------------------------------------------------------------------------------------------------------

01BL    FRANJA BLANCA             2,224           2,225         28         20                           B-12070
01BL    FRANJA BLANCA             2,281           2,282         28         20                           B-12071
01BL    FRANJA BLANCA             2,026           2,027         28         20                           B-12072
01BL    FRANJA BLANCA             2,013           2,014         28         20                           B-12073
01BL    FRANJA BLANCA             2,228           2,229         28         20                           B-12074
01BL    FRANJA BLANCA             2,193           2,194         28         20                           B-12075
01BL    FRANJA BLANCA             2,199           2,200         28         20                           B-12076
01BL    FRANJA BLANCA             2,366           2,367         28         20                           B-12077
01BL    FRANJA BLANCA             2,348           2,349         28         20                           B-12078
01BL    FRANJA BLANCA             1,980           1,981         28         20                           B-12079
01BL    FRANJA BLANCA             2,388           2,389         28         20                           B-12080
01BL    FRANJA BLANCA             2,349           2,350         28         20                           B-12081
01BL    FRANJA BLANCA             2,302           2,303         28         20                           B-12082
01BL    FRANJA BLANCA             2,264           2,265         28         20                           B-12083
01BL    FRANJA BLANCA             2,207           2,208         47         20                           B-12084
01BL    FRANJA BLANCA             2,319           2,320         28         20                           B-12085
01BL    FRANJA BLANCA             2,437           2,438         28         20                           B-12086
01BL    FRANJA BLANCA             2,363           2,364         47         20                           B-12087
01BL    FRANJA BLANCA             2,361           2,362         28         20                           B-12088
01BL    FRANJA BLANCA             2,230           2,231         28         20                           B-12089
01BL    FRANJA BLANCA             2,469           2,470         47         20                           B-12090
01BL    FRANJA BLANCA             2,320           2,321         47         20                           B-12091
01BL    FRANJA BLANCA             2,306           2,307         28         20                           B-12092
01BL    FRANJA BLANCA             2,468           2,469         28         20                           B-12093
01BL    FRANJA BLANCA             2,217           2,218         47         20                           B-12094
01BL    FRANJA BLANCA             2,444           2,445         47         20                           B-12095
01BL    FRANJA BLANCA             2,443           2,444         47         20                           B-12096
01BL    FRANJA BLANCA             2,481           2,482         28         20                           B-12097
01BL    FRANJA BLANCA             2,394           2,395         28         20                           B-12098
01BL    FRANJA BLANCA             2,271           2,272         47         20                           B-12099
01BL    FRANJA BLANCA             2,213           2,214         28         20                           B-12100
01BL    FRANJA BLANCA             2,350           2,351         28         20                           B-12101
01BL    FRANJA BLANCA             2,325           2,326         28         20                           B-12102
01BL    FRANJA BLANCA             2,057           2,058         47         20                           B-12103
01BL    FRANJA BLANCA             2,089           2,090         47         20                           B-12104
01BL    FRANJA BLANCA             2,217           2,218         47         20                           B-12105
01BL    FRANJA BLANCA             2,220           2,221         47         20                           B-12106
01BL    FRANJA BLANCA             2,398           2,399         47         20                           B-12107
01BL    FRANJA BLANCA             2,365           2,366         47         20                           B-12108
01BL    FRANJA BLANCA             2,328           2,329         47         20                           B-12109
01BL    FRANJA BLANCA             2,338           2,339         47         20                           B-12110
01BL    FRANJA BLANCA             2,372           2,373         28         20                           B-12111
01BL    FRANJA BLANCA             2,457           2,458         28         20                           B-12112
01BL    FRANJA BLANCA             2,416           2,417         28         20                           B-12113


------------------------------------------------------------------------------------------------------------------------
T.SUB-LOTES              TOT.PAQUETES =134      TOT.UNID. = 2680   T/P NETO (kg) = 299,863      T/P BRUTO (kg) = 299,997
------------------------------------------------------------------------------------------------------------------------
