
EMPRESA NACIONAL DE MINERIA (ENM) PRODUCTOR          PACKING LIST                             PAG.  :   1
NATIONAL MINING COMPANY                       CODIGO DE LOTE   : A-12150                      FECHA :04/02/2019
                                              -----------------------------
FLUJO        : 
DESCRIPCION  : CATODOS GRADO A
N° INSTR. DE EMBARQUE : 25041
CLIENTE      : SAN VICENTE EXPRESS
Lote Sipa    : 

----------------------------------------------------------------------------------------------------------------------------- 
MARCA       DESCRIPCION         PESO NETO      PESO BRUTO     GRUPO     UNIDADES       UBICACION         SERIE                
-----------------------------------------------------------------------------------------------------------------------------

X2RJ    EQUIS DOS FRANJAS ROJAS   2,576           2,577         45         20                           A-12150
X2RJ    EQUIS DOS FRANJAS ROJAS   2,525           2,526         45         20                           A-12151
X2RJ    EQUIS DOS FRANJAS ROJAS   2,520           2,521         45         20                           A-12152
X2RJ    EQUIS DOS FRANJAS ROJAS   2,454           2,455         45         20                           A-12153
X2RJ    EQUIS DOS FRANJAS ROJAS   2,396           2,397         45         20                           A-12154
X2RJ    EQUIS DOS FRANJAS ROJAS   2,583           2,584         45         20                           A-12155
X2RJ    EQUIS DOS FRANJAS ROJAS   2,543           2,544         45         20                           A-12156
X2RJ    EQUIS DOS FRANJAS ROJAS   2,502           2,503         45         20                           A-12157
X2RJ    EQUIS DOS FRANJAS ROJAS   2,542           2,543         45         20                           A-12158
X2RJ    EQUIS DOS FRANJAS ROJAS   2,530           2,531         45         20                           A-12159
X2RJ    EQUIS DOS FRANJAS ROJAS   2,488           2,489         45         20                           A-12160
X2RJ    EQUIS DOS FRANJAS ROJAS   2,513           2,514         45         20                           A-12161
X2RJ    EQUIS DOS FRANJAS ROJAS   2,422           2,423         45         20                           A-12162
X2RJ    EQUIS DOS FRANJAS ROJAS   2,308           2,309         45         20                           A-12163
X2RJ    EQUIS DOS FRANJAS ROJAS   2,449           2,450         04         20                           A-12164
X2RJ    EQUIS DOS FRANJAS ROJAS   2,427           2,428         04         20                           A-12165
X2RJ    EQUIS DOS FRANJAS ROJAS   2,549           2,550         04         20                           A-12166
X2RJ    EQUIS DOS FRANJAS ROJAS   2,574           2,575         04         20                           A-12167
X2RJ    EQUIS DOS FRANJAS ROJAS   2,545           2,546         04         20                           A-12168
X2RJ    EQUIS DOS FRANJAS ROJAS   2,427           2,428         04         20                           A-12169
X2RJ    EQUIS DOS FRANJAS ROJAS   2,567           2,568         04         20                           A-12170
X2RJ    EQUIS DOS FRANJAS ROJAS   2,600           2,601         04         20                           A-12171
X2RJ    EQUIS DOS FRANJAS ROJAS   2,442           2,443         04         20                           A-12172
X2RJ    EQUIS DOS FRANJAS ROJAS   2,475           2,476         04         20                           A-12173
X2RJ    EQUIS DOS FRANJAS ROJAS   2,442           2,443         04         20                           A-12174
X2RJ    EQUIS DOS FRANJAS ROJAS   2,477           2,478         04         20                           A-12175
X2RJ    EQUIS DOS FRANJAS ROJAS   2,418           2,419         04         20                           A-12176
X2RJ    EQUIS DOS FRANJAS ROJAS   2,478           2,479         04         20                           A-12177
X2RJ    EQUIS DOS FRANJAS ROJAS   2,322           2,323         04         20                           A-12178
X2RJ    EQUIS DOS FRANJAS ROJAS   2,402           2,403         04         20                           A-12179
X2RJ    EQUIS DOS FRANJAS ROJAS   2,150           2,151         04         20                           A-12180
X2RJ    EQUIS DOS FRANJAS ROJAS   2,148           2,149         04         20                           A-12181
X2RJ    EQUIS DOS FRANJAS ROJAS   2,300           2,301         04         20                           A-12182
X2RJ    EQUIS DOS FRANJAS ROJAS   2,370           2,371         33         20                           A-12183
X2RJ    EQUIS DOS FRANJAS ROJAS   2,394           2,395         33         20                           A-12184
X2RJ    EQUIS DOS FRANJAS ROJAS   2,361           2,362         33         20                           A-12185
X2RJ    EQUIS DOS FRANJAS ROJAS   2,356           2,357         33         20                           A-12186
X2RJ    EQUIS DOS FRANJAS ROJAS   2,322           2,323         04         20                           A-12187
X2RJ    EQUIS DOS FRANJAS ROJAS   2,350           2,351         04         20                           A-12188
X2RJ    EQUIS DOS FRANJAS ROJAS   2,304           2,305         04         20                           A-12189
X2RJ    EQUIS DOS FRANJAS ROJAS   2,417           2,418         04         20                           A-12190


------------------------------------------------------------------------------------------------------------------------
T.SUB-LOTES              TOT.PAQUETES =41      TOT.UNID. = 820   T/P NETO (kg) = 99,968      T/P BRUTO (kg) = 100,009
------------------------------------------------------------------------------------------------------------------------
