
EMPRESA NACIONAL DE MINERIA (ENM) PRODUCTOR          PACKING LIST                             PAG.  :   1
NATIONAL MINING COMPANY                       CODIGO DE LOTE   : I-12730                      FECHA :09/10/2020
                                              -----------------------------
FLUJO        : 
DESCRIPCION  : CATODOS GRADO A
N° INSTR. DE EMBARQUE : 26206
CLIENTE      : CAUTIN
Lote Sipa    : 

----------------------------------------------------------------------------------------------------------------------------- 
MARCA       DESCRIPCION         PESO NETO      PESO BRUTO     GRUPO     UNIDADES       UBICACION         SERIE                
-----------------------------------------------------------------------------------------------------------------------------

03AM    TRES FRANJAS AMARILLAS    2,593           2,594         32         20                           I-12730
03AM    TRES FRANJAS AMARILLAS    2,514           2,515         22         20                           I-12731
03AM    TRES FRANJAS AMARILLAS    2,515           2,516         32         20                           I-12732
03AM    TRES FRANJAS AMARILLAS    2,475           2,476         32         20                           I-12733
03AM    TRES FRANJAS AMARILLAS    2,508           2,509         21         20                           I-12734
03AM    TRES FRANJAS AMARILLAS    2,493           2,494         32         20                           I-12735
03AM    TRES FRANJAS AMARILLAS    2,605           2,606         32         20                           I-12736
03AM    TRES FRANJAS AMARILLAS    2,430           2,431         10         20                           I-12737
03AM    TRES FRANJAS AMARILLAS    2,556           2,557         32         20                           I-12738
03AM    TRES FRANJAS AMARILLAS    2,486           2,487         10         20                           I-12739
03AM    TRES FRANJAS AMARILLAS    2,573           2,574         32         20                           I-12740
03AM    TRES FRANJAS AMARILLAS    2,589           2,590         32         20                           I-12741
03AM    TRES FRANJAS AMARILLAS    2,579           2,580         32         20                           I-12742
03AM    TRES FRANJAS AMARILLAS    2,484           2,485         22         20                           I-12743
03AM    TRES FRANJAS AMARILLAS    2,497           2,498         22         20                           I-12744
03AM    TRES FRANJAS AMARILLAS    2,543           2,544         32         20                           I-12745
03AM    TRES FRANJAS AMARILLAS    2,574           2,575         32         20                           I-12746
03AM    TRES FRANJAS AMARILLAS    2,593           2,594         22         20                           I-12747
03AM    TRES FRANJAS AMARILLAS    2,549           2,550         32         20                           I-12748
03AM    TRES FRANJAS AMARILLAS    2,531           2,532         32         20                           I-12749
03AM    TRES FRANJAS AMARILLAS    2,462           2,463         22         20                           I-12750
03AM    TRES FRANJAS AMARILLAS    2,454           2,455         10         20                           I-12751
03AM    TRES FRANJAS AMARILLAS    2,519           2,520         22         20                           I-12752
03AM    TRES FRANJAS AMARILLAS    2,672           2,673         32         20                           I-12753
03AM    TRES FRANJAS AMARILLAS    2,411           2,412         10         20                           I-12754
03AM    TRES FRANJAS AMARILLAS    2,461           2,462         10         20                           I-12755
03AM    TRES FRANJAS AMARILLAS    2,388           2,389         10         20                           I-12756
03AM    TRES FRANJAS AMARILLAS    2,446           2,447         10         20                           I-12757
03AM    TRES FRANJAS AMARILLAS    2,566           2,567         32         20                           I-12758
03AM    TRES FRANJAS AMARILLAS    2,389           2,390         32         20                           I-12759
03AM    TRES FRANJAS AMARILLAS    2,602           2,603         32         20                           I-12760
03AM    TRES FRANJAS AMARILLAS    2,598           2,599         32         20                           I-12761
03AM    TRES FRANJAS AMARILLAS    2,469           2,470         32         20                           I-12762
03AM    TRES FRANJAS AMARILLAS    2,503           2,504         22         20                           I-12763
03AM    TRES FRANJAS AMARILLAS    2,549           2,550         22         20                           I-12764
03AM    TRES FRANJAS AMARILLAS    2,532           2,533         22         20                           I-12765
03AM    TRES FRANJAS AMARILLAS    2,286           2,287         40         20                           I-12766
03AM    TRES FRANJAS AMARILLAS    2,575           2,576         22         20                           I-12767
03AM    TRES FRANJAS AMARILLAS    2,557           2,558         22         20                           I-12768
03AM    TRES FRANJAS AMARILLAS    2,542           2,543         22         20                           I-12769
03AM    TRES FRANJAS AMARILLAS    2,652           2,653         22         20                           I-12770
03AM    TRES FRANJAS AMARILLAS    2,496           2,497         22         20                           I-12771
03AM    TRES FRANJAS AMARILLAS    2,292           2,293         22         20                           I-12772
03AM    TRES FRANJAS AMARILLAS    2,511           2,512         22         20                           I-12773
03AM    TRES FRANJAS AMARILLAS    2,523           2,524         22         20                           I-12774









EMPRESA NACIONAL DE MINERIA (ENM) PRODUCTOR          PACKING LIST                             PAG.  :   2
NATIONAL MINING COMPANY                       CODIGO DE LOTE   : I-12730                      FECHA :09/10/2020
                                              -----------------------------
FLUJO        : 
DESCRIPCION  : CATODOS GRADO A
N° INSTR. DE EMBARQUE : 26206
CLIENTE      : CAUTIN
Lote Sipa    : 

----------------------------------------------------------------------------------------------------------------------------- 
MARCA       DESCRIPCION         PESO NETO      PESO BRUTO     GRUPO     UNIDADES       UBICACION         SERIE                
-----------------------------------------------------------------------------------------------------------------------------

03AM    TRES FRANJAS AMARILLAS    2,456           2,457         22         20                           I-12775
03AM    TRES FRANJAS AMARILLAS    2,494           2,495         22         20                           I-12776
03AM    TRES FRANJAS AMARILLAS    2,495           2,496         22         20                           I-12777
03AM    TRES FRANJAS AMARILLAS    2,535           2,536         22         20                           I-12778
03AM    TRES FRANJAS AMARILLAS    2,352           2,353         40         20                           I-12779
03AM    TRES FRANJAS AMARILLAS    2,519           2,520         40         20                           I-12780
03AM    TRES FRANJAS AMARILLAS    2,485           2,486         32         20                           I-12781
03AM    TRES FRANJAS AMARILLAS    2,455           2,456         32         20                           I-12782
03AM    TRES FRANJAS AMARILLAS    2,451           2,452         32         20                           I-12783
03AM    TRES FRANJAS AMARILLAS    2,271           2,272         32         20                           I-12784
03AM    TRES FRANJAS AMARILLAS    2,485           2,486         10         20                           I-12785
03AM    TRES FRANJAS AMARILLAS    2,481           2,482         10         20                           I-12786
03AM    TRES FRANJAS AMARILLAS    2,436           2,437         22         20                           I-12787
03AM    TRES FRANJAS AMARILLAS    2,353           2,354         40         20                           I-12788
03AM    TRES FRANJAS AMARILLAS    2,481           2,482         10         20                           I-12789
03AM    TRES FRANJAS AMARILLAS    2,508           2,509         10         20                           I-12790
03AM    TRES FRANJAS AMARILLAS    2,268           2,269         10         20                           I-12791
03AM    TRES FRANJAS AMARILLAS    2,454           2,455         10         20                           I-12792
03AM    TRES FRANJAS AMARILLAS    2,434           2,435         22         20                           I-12793
03AM    TRES FRANJAS AMARILLAS    2,437           2,438         22         20                           I-12794
03AM    TRES FRANJAS AMARILLAS    2,175           2,176         22         20                           I-12795
03AM    TRES FRANJAS AMARILLAS    2,234           2,235         22         20                           I-12796
03AM    TRES FRANJAS AMARILLAS    2,300           2,301         10         20                           I-12797
03AM    TRES FRANJAS AMARILLAS    2,396           2,397         10         20                           I-12798
03AM    TRES FRANJAS AMARILLAS    2,245           2,246         10         20                           I-12799
03AM    TRES FRANJAS AMARILLAS    2,190           2,191         22         20                           I-12800
03AM    TRES FRANJAS AMARILLAS    2,016           2,017         40         20                           I-12801
03AM    TRES FRANJAS AMARILLAS    2,275           2,276         40         20                           I-12802
03AM    TRES FRANJAS AMARILLAS    2,351           2,352         40         20                           I-12803
03AM    TRES FRANJAS AMARILLAS    2,317           2,318         40         20                           I-12804
03AM    TRES FRANJAS AMARILLAS    2,435           2,436         37         20                           I-12805
03AM    TRES FRANJAS AMARILLAS    2,340           2,341         22         20                           I-12806
03AM    TRES FRANJAS AMARILLAS    2,197           2,198         22         20                           I-12807
03AM    TRES FRANJAS AMARILLAS    2,530           2,531         35         20                           I-12808
03AM    TRES FRANJAS AMARILLAS    2,236           2,237         22         20                           I-12809
03AM    TRES FRANJAS AMARILLAS    2,234           2,235         22         20                           I-12810
03AM    TRES FRANJAS AMARILLAS    2,293           2,294         22         20                           I-12811
03AM    TRES FRANJAS AMARILLAS    2,258           2,259         22         20                           I-12812
03AM    TRES FRANJAS AMARILLAS    2,157           2,158         22         20                           I-12813
03AM    TRES FRANJAS AMARILLAS    2,265           2,266         44         20                           I-12814
03AM    TRES FRANJAS AMARILLAS    2,535           2,536         44         20                           I-12815
03AM    TRES FRANJAS AMARILLAS    2,340           2,341         44         20                           I-12816
03AM    TRES FRANJAS AMARILLAS    2,379           2,380         44         20                           I-12817
03AM    TRES FRANJAS AMARILLAS    2,366           2,367         44         20                           I-12818
03AM    TRES FRANJAS AMARILLAS    2,415           2,416         44         20                           I-12819









EMPRESA NACIONAL DE MINERIA (ENM) PRODUCTOR          PACKING LIST                             PAG.  :   3
NATIONAL MINING COMPANY                       CODIGO DE LOTE   : I-12730                      FECHA :09/10/2020
                                              -----------------------------
FLUJO        : 
DESCRIPCION  : CATODOS GRADO A
N° INSTR. DE EMBARQUE : 26206
CLIENTE      : CAUTIN
Lote Sipa    : 

----------------------------------------------------------------------------------------------------------------------------- 
MARCA       DESCRIPCION         PESO NETO      PESO BRUTO     GRUPO     UNIDADES       UBICACION         SERIE                
-----------------------------------------------------------------------------------------------------------------------------

03AM    TRES FRANJAS AMARILLAS    2,418           2,419         44         20                           I-12820
03AM    TRES FRANJAS AMARILLAS    2,322           2,323         44         20                           I-12821
03AM    TRES FRANJAS AMARILLAS    2,343           2,344         44         20                           I-12822
03AM    TRES FRANJAS AMARILLAS    2,201           2,202         44         20                           I-12823
03AM    TRES FRANJAS AMARILLAS    2,359           2,360         44         20                           I-12824
03AM    TRES FRANJAS AMARILLAS    2,455           2,456         44         20                           I-12825
03AM    TRES FRANJAS AMARILLAS    2,439           2,440         44         20                           I-12826
03AM    TRES FRANJAS AMARILLAS    2,342           2,343         44         20                           I-12827
03AM    TRES FRANJAS AMARILLAS    2,466           2,467         44         20                           I-12828
03AM    TRES FRANJAS AMARILLAS    2,365           2,366         44         20                           I-12829
03AM    TRES FRANJAS AMARILLAS    2,290           2,291         44         20                           I-12830
03AM    TRES FRANJAS AMARILLAS    2,176           2,177         44         20                           I-12831
03AM    TRES FRANJAS AMARILLAS    2,337           2,338         44         20                           I-12832
03AM    TRES FRANJAS AMARILLAS    2,139           2,140         49         20                           I-12833
03AM    TRES FRANJAS AMARILLAS    2,138           2,139         49         20                           I-12834
03AM    TRES FRANJAS AMARILLAS    2,119           2,120         49         20                           I-12835
03AM    TRES FRANJAS AMARILLAS    1,977           1,978         49         20                           I-12836
03AM    TRES FRANJAS AMARILLAS    2,029           2,030         49         20                           I-12837
03AM    TRES FRANJAS AMARILLAS    2,322           2,323         42         20                           I-12838
03AM    TRES FRANJAS AMARILLAS    1,918           1,919         42         20                           I-12839
03AM    TRES FRANJAS AMARILLAS    1,956           1,957         42         20                           I-12840
03AM    TRES FRANJAS AMARILLAS    2,220           2,221         49         20                           I-12841
03AM    TRES FRANJAS AMARILLAS    2,060           2,061         49         20                           I-12842
03AM    TRES FRANJAS AMARILLAS    2,082           2,083         49         20                           I-12843
03AM    TRES FRANJAS AMARILLAS    2,157           2,158         36         20                           I-12844
03AM    TRES FRANJAS AMARILLAS    2,151           2,152         36         20                           I-12845
03AM    TRES FRANJAS AMARILLAS    2,332           2,333         36         20                           I-12846
03AM    TRES FRANJAS AMARILLAS    1,997           1,998         49         20                           I-12847
03AM    TRES FRANJAS AMARILLAS    1,909           1,910         49         20                           I-12848
03AM    TRES FRANJAS AMARILLAS    2,080           2,081         49         20                           I-12849
03AM    TRES FRANJAS AMARILLAS    2,232           2,233         49         20                           I-12850
03AM    TRES FRANJAS AMARILLAS    2,475           2,476         42         20                           I-12851
03AM    TRES FRANJAS AMARILLAS    2,372           2,373         42         20                           I-12852
03AM    TRES FRANJAS AMARILLAS    2,461           2,462         42         20                           I-12853
03AM    TRES FRANJAS AMARILLAS    2,446           2,447         42         20                           I-12854
03AM    TRES FRANJAS AMARILLAS    2,433           2,434         41         20                           I-12855


------------------------------------------------------------------------------------------------------------------------
T.SUB-LOTES              TOT.PAQUETES =126      TOT.UNID. = 2520   T/P NETO (kg) = 299,989      T/P BRUTO (kg) = 300,115
------------------------------------------------------------------------------------------------------------------------
