
EMPRESA NACIONAL DE MINERIA (ENM) PRODUCTOR          PACKING LIST                             PAG.  :   1
NATIONAL MINING COMPANY                       CODIGO DE LOTE   : L-6598                      FECHA :22/11/2018
                                              -----------------------------
FLUJO        : 
DESCRIPCION  : CATODOS GRADO A
N° INSTR. DE EMBARQUE : 24877
CLIENTE      : MAERSK SHAMS
Lote Sipa    : 18110176

----------------------------------------------------------------------------------------------------------------------------- 
MARCA       DESCRIPCION         PESO NETO      PESO BRUTO     GRUPO     UNIDADES       UBICACION         SERIE                
-----------------------------------------------------------------------------------------------------------------------------

01NA    FRANJA NARANJA            2,195           2,196         34         20                           L-6598 
01NA    FRANJA NARANJA            2,147           2,148         06         20                           L-6599 
01NA    FRANJA NARANJA            2,264           2,265         06         20                           L-6600 
01NA    FRANJA NARANJA            2,243           2,244         46         20                           L-6601 
01NA    FRANJA NARANJA            2,324           2,325         42         20                           L-6602 
01NA    FRANJA NARANJA            2,249           2,250         06         20                           L-6603 
01NA    FRANJA NARANJA            2,329           2,330         32         20                           L-6604 
01NA    FRANJA NARANJA            2,325           2,326         32         20                           L-6605 
01NA    FRANJA NARANJA            2,255           2,256         11         20                           L-6606 
01NA    FRANJA NARANJA            2,324           2,325         42         20                           L-6607 
01NA    FRANJA NARANJA            2,296           2,297         42         20                           L-6608 
01NA    FRANJA NARANJA            2,304           2,305         42         20                           L-6609 
01NA    FRANJA NARANJA            2,393           2,394         32         20                           L-6610 
01NA    FRANJA NARANJA            2,284           2,285         32         20                           L-6611 
01NA    FRANJA NARANJA            2,393           2,394         11         20                           L-6612 
01NA    FRANJA NARANJA            2,239           2,240         42         20                           L-6613 
01NA    FRANJA NARANJA            2,390           2,391         46         20                           L-6614 
01NA    FRANJA NARANJA            2,368           2,369         11         20                           L-6615 
01NA    FRANJA NARANJA            2,164           2,165         11         20                           L-6616 
01NA    FRANJA NARANJA            2,288           2,289         42         20                           L-6617 
01NA    FRANJA NARANJA            2,372           2,373         32         20                           L-6618 
01NA    FRANJA NARANJA            2,315           2,316         32         20                           L-6619 
01NA    FRANJA NARANJA            2,178           2,179         32         20                           L-6620 
01NA    FRANJA NARANJA            2,252           2,253         42         20                           L-6621 
01NA    FRANJA NARANJA            2,329           2,330         11         20                           L-6622 
01NA    FRANJA NARANJA            2,275           2,276         42         20                           L-6623 
01NA    FRANJA NARANJA            2,302           2,303         42         20                           L-6624 
01NA    FRANJA NARANJA            2,319           2,320         11         20                           L-6625 
01NA    FRANJA NARANJA            2,466           2,467         42         20                           L-6626 
01NA    FRANJA NARANJA            2,455           2,456         34         20                           L-6627 
01NA    FRANJA NARANJA            2,439           2,440         32         20                           L-6628 
01NA    FRANJA NARANJA            2,333           2,334         11         20                           L-6629 
01NA    FRANJA NARANJA            2,191           2,192         42         20                           L-6630 
01NA    FRANJA NARANJA            2,418           2,419         42         20                           L-6631 
01NA    FRANJA NARANJA            2,054           2,055         42         20                           L-6632 
01NA    FRANJA NARANJA            2,175           2,176         42         20                           L-6633 
01NA    FRANJA NARANJA            2,267           2,268         46         20                           L-6634 
01NA    FRANJA NARANJA            2,475           2,476         42         20                           L-6635 
01NA    FRANJA NARANJA            2,480           2,481         06         20                           L-6636 
01NA    FRANJA NARANJA            2,488           2,489         06         20                           L-6637 
01NA    FRANJA NARANJA            2,428           2,429         06         20                           L-6638 
01NA    FRANJA NARANJA            2,106           2,107         42         20                           L-6639 
01NA    FRANJA NARANJA            2,305           2,306         11         20                           L-6640 
01NA    FRANJA NARANJA            2,286           2,287         11         20                           L-6641 
01NA    FRANJA NARANJA            2,447           2,448         32         20                           L-6642 









EMPRESA NACIONAL DE MINERIA (ENM) PRODUCTOR          PACKING LIST                             PAG.  :   2
NATIONAL MINING COMPANY                       CODIGO DE LOTE   : L-6598                      FECHA :22/11/2018
                                              -----------------------------
FLUJO        : 
DESCRIPCION  : CATODOS GRADO A
N° INSTR. DE EMBARQUE : 24877
CLIENTE      : MAERSK SHAMS
Lote Sipa    : 18110176

----------------------------------------------------------------------------------------------------------------------------- 
MARCA       DESCRIPCION         PESO NETO      PESO BRUTO     GRUPO     UNIDADES       UBICACION         SERIE                
-----------------------------------------------------------------------------------------------------------------------------

01NA    FRANJA NARANJA            2,321           2,322         42         20                           L-6643 
01NA    FRANJA NARANJA            2,348           2,349         42         20                           L-6644 
01NA    FRANJA NARANJA            2,454           2,455         32         20                           L-6645 
01NA    FRANJA NARANJA            2,393           2,394         11         20                           L-6646 
01NA    FRANJA NARANJA            2,208           2,209         32         20                           L-6647 
01NA    FRANJA NARANJA            2,179           2,180         42         20                           L-6648 
01NA    FRANJA NARANJA            2,428           2,429         42         20                           L-6649 
01NA    FRANJA NARANJA            2,325           2,326         42         20                           L-6650 
01NA    FRANJA NARANJA            2,462           2,463         32         20                           L-6651 
01NA    FRANJA NARANJA            2,387           2,388         11         20                           L-6652 
01NA    FRANJA NARANJA            2,351           2,352         42         20                           L-6653 
01NA    FRANJA NARANJA            2,172           2,173         42         20                           L-6654 
01NA    FRANJA NARANJA            2,397           2,398         11         20                           L-6655 
01NA    FRANJA NARANJA            2,384           2,385         32         20                           L-6656 
01NA    FRANJA NARANJA            2,238           2,239         32         20                           L-6657 
01NA    FRANJA NARANJA            2,358           2,359         23         20                           L-6658 
01NA    FRANJA NARANJA            2,373           2,374         23         20                           L-6659 
01NA    FRANJA NARANJA            2,429           2,430         23         20                           L-6660 
01NA    FRANJA NARANJA            2,365           2,366         06         20                           L-6661 
01NA    FRANJA NARANJA            2,366           2,367         32         20                           L-6662 
01NA    FRANJA NARANJA            2,377           2,378         23         20                           L-6663 
01NA    FRANJA NARANJA            2,415           2,416         23         20                           L-6664 
01NA    FRANJA NARANJA            2,291           2,292         32         20                           L-6665 
01NA    FRANJA NARANJA            2,395           2,396         46         20                           L-6666 
01NA    FRANJA NARANJA            2,399           2,400         42         20                           L-6667 
01NA    FRANJA NARANJA            2,495           2,496         06         20                           L-6668 
01NA    FRANJA NARANJA            2,528           2,529         32         20                           L-6669 
01NA    FRANJA NARANJA            2,475           2,476         06         20                           L-6670 
01NA    FRANJA NARANJA            2,382           2,383         23         20                           L-6671 
01NA    FRANJA NARANJA            2,429           2,430         23         20                           L-6672 
01NA    FRANJA NARANJA            2,419           2,420         06         20                           L-6673 
01NA    FRANJA NARANJA            2,325           2,326         23         20                           L-6674 
01NA    FRANJA NARANJA            2,431           2,432         06         20                           L-6675 
01NA    FRANJA NARANJA            2,343           2,344         23         20                           L-6676 
01NA    FRANJA NARANJA            2,448           2,449         06         20                           L-6677 
01NA    FRANJA NARANJA            2,398           2,399         23         20                           L-6678 
01NA    FRANJA NARANJA            2,404           2,405         06         20                           L-6679 
01NA    FRANJA NARANJA            2,451           2,452         32         20                           L-6680 
01NA    FRANJA NARANJA            2,437           2,438         23         20                           L-6681 
01NA    FRANJA NARANJA            2,413           2,414         06         20                           L-6682 
01NA    FRANJA NARANJA            2,347           2,348         11         20                           L-6683 
01NA    FRANJA NARANJA            2,328           2,329         11         20                           L-6684 
01NA    FRANJA NARANJA            2,423           2,424         11         20                           L-6685 
01NA    FRANJA NARANJA            2,317           2,318         11         20                           L-6686 
01NA    FRANJA NARANJA            2,433           2,434         11         20                           L-6687 









EMPRESA NACIONAL DE MINERIA (ENM) PRODUCTOR          PACKING LIST                             PAG.  :   3
NATIONAL MINING COMPANY                       CODIGO DE LOTE   : L-6598                      FECHA :22/11/2018
                                              -----------------------------
FLUJO        : 
DESCRIPCION  : CATODOS GRADO A
N° INSTR. DE EMBARQUE : 24877
CLIENTE      : MAERSK SHAMS
Lote Sipa    : 18110176

----------------------------------------------------------------------------------------------------------------------------- 
MARCA       DESCRIPCION         PESO NETO      PESO BRUTO     GRUPO     UNIDADES       UBICACION         SERIE                
-----------------------------------------------------------------------------------------------------------------------------

01NA    FRANJA NARANJA            2,407           2,408         23         20                           L-6688 
01NA    FRANJA NARANJA            2,417           2,418         11         20                           L-6689 
01NA    FRANJA NARANJA            2,225           2,226         23         20                           L-6690 
01NA    FRANJA NARANJA            2,309           2,310         32         20                           L-6691 
01NA    FRANJA NARANJA            2,234           2,235         11         20                           L-6692 
01NA    FRANJA NARANJA            2,341           2,342         23         20                           L-6693 
01NA    FRANJA NARANJA            2,328           2,329         11         20                           L-6694 
01NA    FRANJA NARANJA            2,275           2,276         42         20                           L-6695 
01NA    FRANJA NARANJA            2,300           2,301         32         20                           L-6696 
01NA    FRANJA NARANJA            2,381           2,382         32         20                           L-6697 
01NA    FRANJA NARANJA            2,420           2,421         23         20                           L-6698 
01NA    FRANJA NARANJA            2,377           2,378         32         20                           L-6699 
01NA    FRANJA NARANJA            2,353           2,354         32         20                           L-6700 
01NA    FRANJA NARANJA            2,257           2,258         23         20                           L-6701 
01NA    FRANJA NARANJA            2,332           2,333         23         20                           L-6702 
01NA    FRANJA NARANJA            2,379           2,380         23         20                           L-6703 
01NA    FRANJA NARANJA            2,303           2,304         23         20                           L-6704 
01NA    FRANJA NARANJA            2,364           2,365         32         20                           L-6705 
01NA    FRANJA NARANJA            2,392           2,393         32         20                           L-6706 
01NA    FRANJA NARANJA            2,390           2,391         32         20                           L-6707 
01NA    FRANJA NARANJA            2,442           2,443         23         20                           L-6708 
01NA    FRANJA NARANJA            2,413           2,414         23         20                           L-6709 
01NA    FRANJA NARANJA            2,352           2,353         23         20                           L-6710 
01NA    FRANJA NARANJA            2,278           2,279         23         20                           L-6711 
01NA    FRANJA NARANJA            2,276           2,277         23         20                           L-6712 
01NA    FRANJA NARANJA            2,369           2,370         23         20                           L-6713 
01NA    FRANJA NARANJA            2,348           2,349         32         20                           L-6714 
01NA    FRANJA NARANJA            2,226           2,227         32         20                           L-6715 
01NA    FRANJA NARANJA            2,351           2,352         23         20                           L-6716 
01NA    FRANJA NARANJA            2,165           2,166         23         20                           L-6717 
01NA    FRANJA NARANJA            2,384           2,385         23         20                           L-6718 
01NA    FRANJA NARANJA            2,237           2,238         32         20                           L-6719 
01NA    FRANJA NARANJA            2,300           2,301         23         20                           L-6720 
01NA    FRANJA NARANJA            2,454           2,455         23         20                           L-6721 
01NA    FRANJA NARANJA            2,448           2,449         32         20                           L-6722 
01NA    FRANJA NARANJA            2,381           2,382         23         20                           L-6723 
01NA    FRANJA NARANJA            2,364           2,365         32         20                           L-6724 
01NA    FRANJA NARANJA            2,380           2,381         23         20                           L-6725 


------------------------------------------------------------------------------------------------------------------------
T.SUB-LOTES              TOT.PAQUETES =128      TOT.UNID. = 2560   T/P NETO (kg) = 299,922      T/P BRUTO (kg) = 300,050
------------------------------------------------------------------------------------------------------------------------
