
EMPRESA NACIONAL DE MINERIA (ENM) PRODUCTOR          PACKING LIST                             PAG.  :   1
NATIONAL MINING COMPANY                       CODIGO DE LOTE   : D-14685                      FECHA :08/05/2020
                                              -----------------------------
FLUJO        : 
DESCRIPCION  : CATODOS GRADO A
N° INSTR. DE EMBARQUE : 25981
CLIENTE      : CARSTEN MAERSK
Lote Sipa    : 20040590

----------------------------------------------------------------------------------------------------------------------------- 
MARCA       DESCRIPCION         PESO NETO      PESO BRUTO     GRUPO     UNIDADES       UBICACION         SERIE                
-----------------------------------------------------------------------------------------------------------------------------

02AM    DOS FRANJAS AMARILLAS     2,322           2,323         31         20                           D-14685
02AM    DOS FRANJAS AMARILLAS     2,513           2,514         31         20                           D-14686
02AM    DOS FRANJAS AMARILLAS     2,479           2,480         31         20                           D-14687
02AM    DOS FRANJAS AMARILLAS     2,250           2,251         31         20                           D-14688
02AM    DOS FRANJAS AMARILLAS     2,287           2,288         07         20                           D-14689
02AM    DOS FRANJAS AMARILLAS     2,493           2,494         38         20                           D-14690
02AM    DOS FRANJAS AMARILLAS     2,460           2,461         07         20                           D-14691
02AM    DOS FRANJAS AMARILLAS     2,266           2,267         07         20                           D-14692
02AM    DOS FRANJAS AMARILLAS     2,439           2,440         07         20                           D-14693
02AM    DOS FRANJAS AMARILLAS     2,477           2,478         31         20                           D-14694
02AM    DOS FRANJAS AMARILLAS     2,269           2,270         31         20                           D-14695
02AM    DOS FRANJAS AMARILLAS     2,310           2,311         31         20                           D-14696
02AM    DOS FRANJAS AMARILLAS     2,285           2,286         07         20                           D-14697
02AM    DOS FRANJAS AMARILLAS     2,350           2,351         07         20                           D-14698
02AM    DOS FRANJAS AMARILLAS     2,111           2,112         13         20                           D-14699
02AM    DOS FRANJAS AMARILLAS     2,443           2,444         46         20                           D-14700
02AM    DOS FRANJAS AMARILLAS     2,378           2,379         46         20                           D-14701
02AM    DOS FRANJAS AMARILLAS     2,319           2,320         46         20                           D-14702
02AM    DOS FRANJAS AMARILLAS     2,372           2,373         46         20                           D-14703
02AM    DOS FRANJAS AMARILLAS     2,278           2,279         46         20                           D-14704
02AM    DOS FRANJAS AMARILLAS     2,201           2,202         13         20                           D-14705
02AM    DOS FRANJAS AMARILLAS     2,357           2,358         13         20                           D-14706
02AM    DOS FRANJAS AMARILLAS     2,311           2,312         31         20                           D-14707
02AM    DOS FRANJAS AMARILLAS     2,104           2,105         13         20                           D-14708
02AM    DOS FRANJAS AMARILLAS     2,396           2,397         31         20                           D-14709
02AM    DOS FRANJAS AMARILLAS     2,262           2,263         13         20                           D-14710
02AM    DOS FRANJAS AMARILLAS     2,328           2,329         31         20                           D-14711
02AM    DOS FRANJAS AMARILLAS     2,363           2,364         13         20                           D-14712
02AM    DOS FRANJAS AMARILLAS     2,309           2,310         13         20                           D-14713
02AM    DOS FRANJAS AMARILLAS     2,129           2,130         46         20                           D-14714
02AM    DOS FRANJAS AMARILLAS     2,369           2,370         31         20                           D-14715
02AM    DOS FRANJAS AMARILLAS     2,278           2,279         46         20                           D-14716
02AM    DOS FRANJAS AMARILLAS     2,600           2,601         46         20                           D-14717
02AM    DOS FRANJAS AMARILLAS     2,165           2,166         46         20                           D-14718
02AM    DOS FRANJAS AMARILLAS     2,490           2,491         31         20                           D-14719
02AM    DOS FRANJAS AMARILLAS     2,472           2,473         19         20                           D-14720
02AM    DOS FRANJAS AMARILLAS     2,270           2,271         46         20                           D-14721
02AM    DOS FRANJAS AMARILLAS     2,147           2,148         13         20                           D-14722
02AM    DOS FRANJAS AMARILLAS     2,446           2,447         31         20                           D-14723
02AM    DOS FRANJAS AMARILLAS     2,477           2,478         31         20                           D-14724
02AM    DOS FRANJAS AMARILLAS     2,486           2,487         31         20                           D-14725
02AM    DOS FRANJAS AMARILLAS     2,280           2,281         31         20                           D-14726
02AM    DOS FRANJAS AMARILLAS     2,296           2,297         13         20                           D-14727
02AM    DOS FRANJAS AMARILLAS     2,433           2,434         13         20                           D-14728
02AM    DOS FRANJAS AMARILLAS     2,518           2,519         31         20                           D-14729









EMPRESA NACIONAL DE MINERIA (ENM) PRODUCTOR          PACKING LIST                             PAG.  :   2
NATIONAL MINING COMPANY                       CODIGO DE LOTE   : D-14685                      FECHA :08/05/2020
                                              -----------------------------
FLUJO        : 
DESCRIPCION  : CATODOS GRADO A
N° INSTR. DE EMBARQUE : 25981
CLIENTE      : CARSTEN MAERSK
Lote Sipa    : 20040590

----------------------------------------------------------------------------------------------------------------------------- 
MARCA       DESCRIPCION         PESO NETO      PESO BRUTO     GRUPO     UNIDADES       UBICACION         SERIE                
-----------------------------------------------------------------------------------------------------------------------------

02AM    DOS FRANJAS AMARILLAS     2,291           2,292         31         20                           D-14730
02AM    DOS FRANJAS AMARILLAS     2,290           2,291         13         20                           D-14731
02AM    DOS FRANJAS AMARILLAS     2,490           2,491         31         20                           D-14732
02AM    DOS FRANJAS AMARILLAS     2,472           2,473         19         20                           D-14733
02AM    DOS FRANJAS AMARILLAS     2,055           2,056         46         20                           D-14734
02AM    DOS FRANJAS AMARILLAS     2,180           2,181         13         20                           D-14735
02AM    DOS FRANJAS AMARILLAS     2,455           2,456         19         20                           D-14736
02AM    DOS FRANJAS AMARILLAS     2,230           2,231         13         20                           D-14737
02AM    DOS FRANJAS AMARILLAS     2,339           2,340         13         20                           D-14738
02AM    DOS FRANJAS AMARILLAS     2,427           2,428         31         20                           D-14739
02AM    DOS FRANJAS AMARILLAS     2,410           2,411         31         20                           D-14740
02AM    DOS FRANJAS AMARILLAS     2,196           2,197         31         20                           D-14741
02AM    DOS FRANJAS AMARILLAS     2,242           2,243         46         20                           D-14742
02AM    DOS FRANJAS AMARILLAS     2,453           2,454         07         20                           D-14743
02AM    DOS FRANJAS AMARILLAS     2,221           2,222         31         20                           D-14744
02AM    DOS FRANJAS AMARILLAS     2,339           2,340         31         20                           D-14745
02AM    DOS FRANJAS AMARILLAS     2,372           2,373         19         20                           D-14746
02AM    DOS FRANJAS AMARILLAS     2,474           2,475         31         20                           D-14747
02AM    DOS FRANJAS AMARILLAS     2,301           2,302         46         20                           D-14748
02AM    DOS FRANJAS AMARILLAS     2,341           2,342         19         20                           D-14749
02AM    DOS FRANJAS AMARILLAS     2,402           2,403         46         20                           D-14750
02AM    DOS FRANJAS AMARILLAS     2,373           2,374         19         20                           D-14751
02AM    DOS FRANJAS AMARILLAS     2,440           2,441         31         20                           D-14752
02AM    DOS FRANJAS AMARILLAS     2,503           2,504         19         20                           D-14753
02AM    DOS FRANJAS AMARILLAS     2,505           2,506         19         20                           D-14754
02AM    DOS FRANJAS AMARILLAS     2,397           2,398         19         20                           D-14755
02AM    DOS FRANJAS AMARILLAS     2,493           2,494         19         20                           D-14756
02AM    DOS FRANJAS AMARILLAS     2,421           2,422         19         20                           D-14757
02AM    DOS FRANJAS AMARILLAS     2,315           2,316         46         20                           D-14758
02AM    DOS FRANJAS AMARILLAS     2,399           2,400         19         20                           D-14759
02AM    DOS FRANJAS AMARILLAS     2,402           2,403         19         20                           D-14760
02AM    DOS FRANJAS AMARILLAS     2,032           2,033         19         20                           D-14761
02AM    DOS FRANJAS AMARILLAS     2,141           2,142         46         20                           D-14762
02AM    DOS FRANJAS AMARILLAS     2,350           2,351         46         20                           D-14763
02AM    DOS FRANJAS AMARILLAS     2,452           2,453         46         20                           D-14764
02AM    DOS FRANJAS AMARILLAS     2,423           2,424         46         20                           D-14765
02AM    DOS FRANJAS AMARILLAS     2,308           2,309         46         20                           D-14766
02AM    DOS FRANJAS AMARILLAS     2,350           2,351         31         20                           D-14767
02AM    DOS FRANJAS AMARILLAS     2,439           2,440         31         20                           D-14768
02AM    DOS FRANJAS AMARILLAS     2,473           2,474         19         20                           D-14769


------------------------------------------------------------------------------------------------------------------------
T.SUB-LOTES              TOT.PAQUETES =85      TOT.UNID. = 1700   T/P NETO (kg) = 199,784      T/P BRUTO (kg) = 199,869
------------------------------------------------------------------------------------------------------------------------
