
EMPRESA NACIONAL DE MINERIA (ENM) PRODUCTOR          PACKING LIST                             PAG.  :   1
NATIONAL MINING COMPANY                       CODIGO DE LOTE   : C-2787                      FECHA :09/03/2022
                                              -----------------------------
FLUJO        : 
DESCRIPCION  : CATODOS EW CERRO NEGRO
N° INSTR. DE EMBARQUE : 929171
CLIENTE      : 
Lote Sipa    : 22030059

----------------------------------------------------------------------------------------------------------------------------- 
MARCA       DESCRIPCION         PESO NETO      PESO BRUTO     GRUPO     UNIDADES       UBICACION         SERIE                
-----------------------------------------------------------------------------------------------------------------------------

01AZ    FRANJA AZUL               2,037           2,038                    34                           C-2787 
01AZ    FRANJA AZUL               2,032           2,033                    36                           C-2788 
01AZ    FRANJA AZUL               2,045           2,046                    35                           C-2789 
01AZ    FRANJA AZUL               2,054           2,055                    34                           C-2790 
01AZ    FRANJA AZUL               1,997           1,998                    32                           C-2791 
01AZ    FRANJA AZUL               2,018           2,019                    36                           C-2792 
01AZ    FRANJA AZUL               2,027           2,028                    33                           C-2793 
01AZ    FRANJA AZUL               2,051           2,052                    36                           C-2794 
01AZ    FRANJA AZUL               1,981           1,982                    35                           C-2795 
01AZ    FRANJA AZUL               2,042           2,043                    38                           C-2796 
01AZ    FRANJA AZUL               1,993           1,994                    35                           C-2797 
01AZ    FRANJA AZUL               2,016           2,017                    36                           C-2798 
01AZ    FRANJA AZUL               1,955           1,956                    35                           C-2799 
01AZ    FRANJA AZUL               2,002           2,003                    38                           C-2800 
01AZ    FRANJA AZUL               1,990           1,991                    35                           C-2801 


------------------------------------------------------------------------------------------------------------------------
T.SUB-LOTES              TOT.PAQUETES =15      TOT.UNID. = 528   T/P NETO (kg) = 30,240      T/P BRUTO (kg) = 30,255
------------------------------------------------------------------------------------------------------------------------
