
EMPRESA NACIONAL DE MINERIA (ENM) PRODUCTOR          PACKING LIST                             PAG.  :   1
NATIONAL MINING COMPANY                       CODIGO DE LOTE   : E-1657                      FECHA :10/06/2021
                                              -----------------------------
FLUJO        : 
DESCRIPCION  : CATODOS EW EL SALADO
N° INSTR. DE EMBARQUE : 26768
CLIENTE      : COCHRANE
Lote Sipa    : 21050289

----------------------------------------------------------------------------------------------------------------------------- 
MARCA       DESCRIPCION         PESO NETO      PESO BRUTO     GRUPO     UNIDADES       UBICACION         SERIE                
-----------------------------------------------------------------------------------------------------------------------------

01RJ    FRANJA ROJA               2,040           2,041                    86                           E-1657 
01RJ    FRANJA ROJA               1,959           1,960                    75                           E-1658 
01RJ    FRANJA ROJA               2,017           2,018                    79                           E-1659 
01RJ    FRANJA ROJA               2,000           2,001                    76                           E-1660 
01RJ    FRANJA ROJA               2,055           2,056                    84                           E-1661 
01RJ    FRANJA ROJA               2,011           2,012                    78                           E-1662 
01RJ    FRANJA ROJA               2,033           2,034                    82                           E-1663 
01RJ    FRANJA ROJA               2,046           2,047                    88                           E-1664 
01RJ    FRANJA ROJA               1,939           1,940                    76                           E-1665 
01RJ    FRANJA ROJA               2,014           2,015                    78                           E-1666 
01RJ    FRANJA ROJA               2,038           2,039                    75                           E-1667 
01RJ    FRANJA ROJA               2,007           2,008                    85                           E-1668 
01RJ    FRANJA ROJA               1,971           1,972                    79                           E-1669 
01RJ    FRANJA ROJA               2,019           2,020                    77                           E-1670 
01RJ    FRANJA ROJA               2,043           2,044                    93                           E-1673 
01RJ    FRANJA ROJA               2,048           2,049                    80                           E-1674 
01RJ    FRANJA ROJA               1,998           1,999                    82                           E-1675 
01RJ    FRANJA ROJA               1,949           1,950                    83                           E-1676 
01RJ    FRANJA ROJA               2,025           2,026                    80                           E-1677 
01RJ    FRANJA ROJA               1,947           1,948                    80                           E-1678 
01RJ    FRANJA ROJA               2,020           2,021                    76                           E-1679 
01RJ    FRANJA ROJA               2,069           2,070                    81                           E-1680 
01RJ    FRANJA ROJA               1,993           1,994                    76                           E-1681 
01RJ    FRANJA ROJA               1,957           1,958                    81                           E-1682 
01RJ    FRANJA ROJA               2,050           2,051                    84                           E-1683 
01RJ    FRANJA ROJA               2,040           2,041                    85                           E-1684 
01RJ    FRANJA ROJA               2,021           2,022                    89                           E-1685 
01RJ    FRANJA ROJA               2,023           2,024                    76                           E-1686 
01RJ    FRANJA ROJA               1,952           1,953                    69                           E-1688 
01RJ    FRANJA ROJA               1,893           1,894                    78                           E-1689 
01RJ    FRANJA ROJA               2,035           2,036                    96                           E-1690 
01RJ    FRANJA ROJA               1,962           1,963                    94                           E-1691 
01RJ    FRANJA ROJA               2,031           2,032                    83                           E-1692 
01RJ    FRANJA ROJA               1,948           1,949                    89                           E-1693 
01RJ    FRANJA ROJA               2,006           2,007                    87                           E-1694 
01RJ    FRANJA ROJA               1,965           1,966                    73                           E-1695 
01RJ    FRANJA ROJA               1,961           1,962                    84                           E-1696 
01RJ    FRANJA ROJA               2,002           2,003                    80                           E-1697 
01RJ    FRANJA ROJA               1,980           1,981                    77                           E-1698 
01RJ    FRANJA ROJA               1,970           1,971                    76                           E-1699 
01RJ    FRANJA ROJA               2,009           2,010                    78                           E-1700 
01RJ    FRANJA ROJA               1,981           1,982                    81                           E-1701 
01RJ    FRANJA ROJA               1,988           1,989                    82                           E-1703 
01RJ    FRANJA ROJA               2,028           2,029                    78                           E-1704 
01RJ    FRANJA ROJA               1,987           1,988                    77                           E-1705 









EMPRESA NACIONAL DE MINERIA (ENM) PRODUCTOR          PACKING LIST                             PAG.  :   2
NATIONAL MINING COMPANY                       CODIGO DE LOTE   : E-1657                      FECHA :10/06/2021
                                              -----------------------------
FLUJO        : 
DESCRIPCION  : CATODOS EW EL SALADO
N° INSTR. DE EMBARQUE : 26768
CLIENTE      : COCHRANE
Lote Sipa    : 21050289

----------------------------------------------------------------------------------------------------------------------------- 
MARCA       DESCRIPCION         PESO NETO      PESO BRUTO     GRUPO     UNIDADES       UBICACION         SERIE                
-----------------------------------------------------------------------------------------------------------------------------

01RJ    FRANJA ROJA               2,010           2,011                    79                           E-1706 
01RJ    FRANJA ROJA               2,005           2,006                    77                           E-1707 
01RJ    FRANJA ROJA               2,010           2,011                    79                           E-1708 
01RJ    FRANJA ROJA               1,946           1,947                    91                           E-1709 
01RJ    FRANJA ROJA               2,027           2,028                    80                           E-1710 
01RJ    FRANJA ROJA               2,028           2,029                    83                           E-1711 
01RJ    FRANJA ROJA               1,948           1,949                    99                           E-1712 
01RJ    FRANJA ROJA               2,022           2,023                    89                           E-1713 
01RJ    FRANJA ROJA               1,969           1,970                    93                           E-1714 
01RJ    FRANJA ROJA               2,012           2,013                    91                           E-1715 
01RJ    FRANJA ROJA               2,010           2,011                    78                           E-1716 
01RJ    FRANJA ROJA               2,022           2,023                    78                           E-1718 
01RJ    FRANJA ROJA               2,049           2,050                    74                           E-1719 
01RJ    FRANJA ROJA               2,051           2,052                    82                           E-1720 
01RJ    FRANJA ROJA               2,013           2,014                    79                           E-1721 
01RJ    FRANJA ROJA               2,057           2,058                    80                           E-1722 
01RJ    FRANJA ROJA               2,022           2,023                    72                           E-1723 
01RJ    FRANJA ROJA               2,041           2,042                    85                           E-1724 
01RJ    FRANJA ROJA               1,990           1,991                    80                           E-1725 
01RJ    FRANJA ROJA               1,969           1,970                    78                           E-1726 
01RJ    FRANJA ROJA               1,962           1,963                    76                           E-1727 
01RJ    FRANJA ROJA               1,953           1,954                    77                           E-1728 
01RJ    FRANJA ROJA               1,964           1,965                    80                           E-1729 
01RJ    FRANJA ROJA               1,965           1,966                    77                           E-1730 
01RJ    FRANJA ROJA               2,018           2,019                    83                           E-1731 
01RJ    FRANJA ROJA               1,939           1,940                    76                           E-1732 
01RJ    FRANJA ROJA               2,025           2,026                    78                           E-1733 
01RJ    FRANJA ROJA               2,024           2,025                    80                           E-1734 
01RJ    FRANJA ROJA               2,030           2,031                    71                           E-1735 
01RJ    FRANJA ROJA               1,993           1,994                    72                           E-1736 
01RJ    FRANJA ROJA               2,038           2,039                    87                           E-1737 
01RJ    FRANJA ROJA               2,026           2,027                    80                           E-1738 
01RJ    FRANJA ROJA               1,993           1,994                    90                           E-1739 
01RJ    FRANJA ROJA               1,920           1,921                    90                           E-1740 
01RJ    FRANJA ROJA               1,982           1,983                    95                           E-1741 
01RJ    FRANJA ROJA               2,037           2,038                    93                           E-1742 
01RJ    FRANJA ROJA               2,021           2,022                    91                           E-1743 
01RJ    FRANJA ROJA               2,025           2,026                    78                           E-1744 
01RJ    FRANJA ROJA               2,017           2,018                    89                           E-1745 


------------------------------------------------------------------------------------------------------------------------
T.SUB-LOTES              TOT.PAQUETES =84      TOT.UNID. = 6856   T/P NETO (kg) = 168,163      T/P BRUTO (kg) = 168,247
------------------------------------------------------------------------------------------------------------------------
