
EMPRESA NACIONAL DE MINERIA (ENM) PRODUCTOR          PACKING LIST                             PAG.  :   1
NATIONAL MINING COMPANY                       CODIGO DE LOTE   : G-10160                      FECHA :20/07/2022
                                              -----------------------------
FLUJO        : 
DESCRIPCION  : CATODOS GRADO A
N° INSTR. DE EMBARQUE : 27438
CLIENTE      : ANTOFAGASTA EXPRESS
Lote Sipa    : 22070279

----------------------------------------------------------------------------------------------------------------------------- 
MARCA       DESCRIPCION         PESO NETO      PESO BRUTO     GRUPO     UNIDADES       UBICACION         SERIE                
-----------------------------------------------------------------------------------------------------------------------------

01CE    FRANJA CELESTE            2,112           2,113         37         20                           G-10160
01CE    FRANJA CELESTE            2,371           2,372         30         20                           G-10161
01CE    FRANJA CELESTE            2,196           2,197         30         20                           G-10162
01CE    FRANJA CELESTE            2,286           2,287         30         20                           G-10163
01CE    FRANJA CELESTE            2,458           2,459         30         20                           G-10164
01CE    FRANJA CELESTE            2,469           2,470         30         20                           G-10165
01CE    FRANJA CELESTE            2,461           2,462         30         20                           G-10166
01CE    FRANJA CELESTE            2,477           2,478         30         20                           G-10167
01CE    FRANJA CELESTE            2,477           2,478         30         20                           G-10168
01CE    FRANJA CELESTE            2,514           2,515         30         20                           G-10169
01CE    FRANJA CELESTE            2,457           2,458         30         20                           G-10170
01CE    FRANJA CELESTE            2,511           2,512         30         20                           G-10171
01CE    FRANJA CELESTE            2,385           2,386         30         20                           G-10172
01CE    FRANJA CELESTE            2,041           2,042         30         20                           G-10173
01CE    FRANJA CELESTE            2,031           2,032         23         20                           G-10174
01CE    FRANJA CELESTE            2,208           2,209         30         20                           G-10175
01CE    FRANJA CELESTE            2,433           2,434         30         20                           G-10176
01CE    FRANJA CELESTE            2,387           2,388         30         20                           G-10177
01CE    FRANJA CELESTE            2,478           2,479         30         20                           G-10178
01CE    FRANJA CELESTE            2,315           2,316         30         20                           G-10179
01CE    FRANJA CELESTE            2,369           2,370         30         20                           G-10180
01CE    FRANJA CELESTE            2,333           2,334         30         20                           G-10181
01CE    FRANJA CELESTE            2,422           2,423         30         20                           G-10182
01CE    FRANJA CELESTE            2,440           2,441         23         20                           G-10183
01CE    FRANJA CELESTE            2,164           2,165         23         20                           G-10184
01CE    FRANJA CELESTE            2,225           2,226         30         20                           G-10185
01CE    FRANJA CELESTE            2,480           2,481         30         20                           G-10186
01CE    FRANJA CELESTE            2,309           2,310         37         20                           G-10187
01CE    FRANJA CELESTE            2,321           2,322         37         20                           G-10188
01CE    FRANJA CELESTE            2,155           2,156         37         20                           G-10189
01CE    FRANJA CELESTE            2,516           2,517         37         20                           G-10190
01CE    FRANJA CELESTE            2,226           2,227         37         20                           G-10191
01CE    FRANJA CELESTE            2,239           2,240         37         20                           G-10192
01CE    FRANJA CELESTE            2,338           2,339         37         20                           G-10193
01CE    FRANJA CELESTE            2,533           2,534         37         20                           G-10194
01CE    FRANJA CELESTE            2,329           2,330         37         20                           G-10195
01CE    FRANJA CELESTE            2,233           2,234         37         20                           G-10196
01CE    FRANJA CELESTE            2,372           2,373         37         20                           G-10197
01CE    FRANJA CELESTE            2,509           2,510         37         20                           G-10198
01CE    FRANJA CELESTE            2,207           2,208         37         20                           G-10199
01CE    FRANJA CELESTE            2,525           2,526         37         20                           G-10200
01CE    FRANJA CELESTE            2,225           2,226         37         20                           G-10201
01CE    FRANJA CELESTE            2,101           2,102         37         20                           G-10202
01CE    FRANJA CELESTE            2,223           2,224         37         20                           G-10203
01CE    FRANJA CELESTE            2,373           2,374         37         20                           G-10204









EMPRESA NACIONAL DE MINERIA (ENM) PRODUCTOR          PACKING LIST                             PAG.  :   2
NATIONAL MINING COMPANY                       CODIGO DE LOTE   : G-10160                      FECHA :20/07/2022
                                              -----------------------------
FLUJO        : 
DESCRIPCION  : CATODOS GRADO A
N° INSTR. DE EMBARQUE : 27438
CLIENTE      : ANTOFAGASTA EXPRESS
Lote Sipa    : 22070279

----------------------------------------------------------------------------------------------------------------------------- 
MARCA       DESCRIPCION         PESO NETO      PESO BRUTO     GRUPO     UNIDADES       UBICACION         SERIE                
-----------------------------------------------------------------------------------------------------------------------------

01CE    FRANJA CELESTE            2,249           2,250         37         20                           G-10205
01CE    FRANJA CELESTE            2,087           2,088         37         20                           G-10206
01CE    FRANJA CELESTE            2,419           2,420         37         20                           G-10207
01CE    FRANJA CELESTE            2,415           2,416         37         20                           G-10208
01CE    FRANJA CELESTE            2,401           2,402         37         20                           G-10209
01CE    FRANJA CELESTE            2,251           2,252         37         20                           G-10210
01CE    FRANJA CELESTE            2,356           2,357         37         20                           G-10211
01CE    FRANJA CELESTE            2,463           2,464         09         20                           G-10212
01CE    FRANJA CELESTE            2,491           2,492         09         20                           G-10213
01CE    FRANJA CELESTE            2,435           2,436         09         20                           G-10214
01CE    FRANJA CELESTE            2,295           2,296         09         20                           G-10215
01CE    FRANJA CELESTE            2,299           2,300         09         20                           G-10216
01CE    FRANJA CELESTE            2,357           2,358         09         20                           G-10217
01CE    FRANJA CELESTE            2,316           2,317         09         20                           G-10218
01CE    FRANJA CELESTE            2,427           2,428         09         20                           G-10219
01CE    FRANJA CELESTE            2,453           2,454         09         20                           G-10220
01CE    FRANJA CELESTE            2,481           2,482         09         20                           G-10221
01CE    FRANJA CELESTE            2,379           2,380         09         20                           G-10222
01CE    FRANJA CELESTE            2,438           2,439         09         20                           G-10223
01CE    FRANJA CELESTE            2,501           2,502         09         20                           G-10224
01CE    FRANJA CELESTE            2,059           2,060         42         20                           G-10225
01CE    FRANJA CELESTE            2,432           2,433         09         20                           G-10226
01CE    FRANJA CELESTE            1,944           1,945         09         20                           G-10227
01CE    FRANJA CELESTE            2,484           2,485         09         20                           G-10228
01CE    FRANJA CELESTE            2,376           2,377         09         20                           G-10229
01CE    FRANJA CELESTE            2,389           2,390         09         20                           G-10230
01CE    FRANJA CELESTE            2,405           2,406         09         20                           G-10231
01CE    FRANJA CELESTE            2,023           2,024         09         20                           G-10232
01CE    FRANJA CELESTE            2,383           2,384         09         20                           G-10233
01CE    FRANJA CELESTE            2,317           2,318         09         20                           G-10234
01CE    FRANJA CELESTE            2,449           2,450         09         20                           G-10235
01CE    FRANJA CELESTE            1,945           1,946         42         20                           G-10236
01CE    FRANJA CELESTE            2,251           2,252         42         20                           G-10237
01CE    FRANJA CELESTE            2,295           2,296         09         20                           G-10238
01CE    FRANJA CELESTE            2,359           2,360         09         20                           G-10239
01CE    FRANJA CELESTE            2,399           2,400         09         20                           G-10240
01CE    FRANJA CELESTE            2,361           2,362         09         20                           G-10241
01CE    FRANJA CELESTE            2,317           2,318         42         20                           G-10242
01CE    FRANJA CELESTE            2,265           2,266         09         20                           G-10243
01CE    FRANJA CELESTE            2,470           2,471         09         20                           G-10244
01CE    FRANJA CELESTE            2,451           2,452         09         20                           G-10245
01CE    FRANJA CELESTE            2,387           2,388         09         20                           G-10246
01CE    FRANJA CELESTE            2,445           2,446         09         20                           G-10247
01CE    FRANJA CELESTE            2,327           2,328         09         20                           G-10248
01CE    FRANJA CELESTE            2,329           2,330         42         20                           G-10249









EMPRESA NACIONAL DE MINERIA (ENM) PRODUCTOR          PACKING LIST                             PAG.  :   3
NATIONAL MINING COMPANY                       CODIGO DE LOTE   : G-10160                      FECHA :20/07/2022
                                              -----------------------------
FLUJO        : 
DESCRIPCION  : CATODOS GRADO A
N° INSTR. DE EMBARQUE : 27438
CLIENTE      : ANTOFAGASTA EXPRESS
Lote Sipa    : 22070279

----------------------------------------------------------------------------------------------------------------------------- 
MARCA       DESCRIPCION         PESO NETO      PESO BRUTO     GRUPO     UNIDADES       UBICACION         SERIE                
-----------------------------------------------------------------------------------------------------------------------------

01CE    FRANJA CELESTE            2,467           2,468         09         20                           G-10250
01CE    FRANJA CELESTE            2,509           2,510         09         20                           G-10251
01CE    FRANJA CELESTE            2,334           2,335         09         20                           G-10252
01CE    FRANJA CELESTE            2,459           2,460         42         20                           G-10253
01CE    FRANJA CELESTE            2,427           2,428         09         20                           G-10254
01CE    FRANJA CELESTE            2,424           2,425         09         20                           G-10255
01CE    FRANJA CELESTE            2,491           2,492         09         20                           G-10256
01CE    FRANJA CELESTE            2,363           2,364         09         20                           G-10257
01CE    FRANJA CELESTE            2,349           2,350         09         20                           G-10258
01CE    FRANJA CELESTE            2,431           2,432         42         20                           G-10259
01CE    FRANJA CELESTE            2,323           2,324         09         20                           G-10260
01CE    FRANJA CELESTE            2,323           2,324         09         20                           G-10261
01CE    FRANJA CELESTE            2,335           2,336         09         20                           G-10262
01CE    FRANJA CELESTE            2,293           2,294         09         20                           G-10263
01CE    FRANJA CELESTE            2,357           2,358         42         20                           G-10264
01CE    FRANJA CELESTE            2,441           2,442         09         20                           G-10265
01CE    FRANJA CELESTE            2,403           2,404         09         20                           G-10266
01CE    FRANJA CELESTE            2,133           2,134         09         20                           G-10267
01CE    FRANJA CELESTE            2,434           2,435         42         20                           G-10268
01CE    FRANJA CELESTE            2,386           2,387         09         20                           G-10269
01CE    FRANJA CELESTE            2,226           2,227         09         20                           G-10270
01CE    FRANJA CELESTE            2,496           2,497         42         20                           G-10271
01CE    FRANJA CELESTE            2,177           2,178         42         20                           G-10272
01CE    FRANJA CELESTE            2,468           2,469         42         20                           G-10273
01CE    FRANJA CELESTE            2,359           2,360         42         20                           G-10274
01CE    FRANJA CELESTE            2,389           2,390         09         20                           G-10275
01CE    FRANJA CELESTE            2,385           2,386         42         20                           G-10276
01CE    FRANJA CELESTE            2,297           2,298         42         20                           G-10277
01CE    FRANJA CELESTE            2,317           2,318         09         20                           G-10278
01CE    FRANJA CELESTE            2,341           2,342         09         20                           G-10279
01CE    FRANJA CELESTE            2,259           2,260         42         20                           G-10280
01CE    FRANJA CELESTE            2,316           2,317         09         20                           G-10281
01CE    FRANJA CELESTE            2,265           2,266         09         20                           G-10282
01CE    FRANJA CELESTE            2,311           2,312         42         20                           G-10283
01CE    FRANJA CELESTE            2,177           2,178         42         20                           G-10284
01CE    FRANJA CELESTE            2,372           2,373         42         20                           G-10285
01CE    FRANJA CELESTE            2,327           2,328         42         20                           G-10286
01CE    FRANJA CELESTE            2,061           2,062         42         20                           G-10287


------------------------------------------------------------------------------------------------------------------------
T.SUB-LOTES              TOT.PAQUETES =128      TOT.UNID. = 2560   T/P NETO (kg) = 299,834      T/P BRUTO (kg) = 299,962
------------------------------------------------------------------------------------------------------------------------
