
EMPRESA NACIONAL DE MINERIA (ENM) PRODUCTOR          PACKING LIST                             PAG.  :   1
NATIONAL MINING COMPANY                       CODIGO DE LOTE   : D-12812                      FECHA :23/04/2022
                                              -----------------------------
FLUJO        : 
DESCRIPCION  : CATODOS GRADO A
N° INSTR. DE EMBARQUE : 27327
CLIENTE      : COPIAPO                                 
Lote Sipa    : 

----------------------------------------------------------------------------------------------------------------------------- 
MARCA       DESCRIPCION         PESO NETO      PESO BRUTO     GRUPO     UNIDADES       UBICACION         SERIE                
-----------------------------------------------------------------------------------------------------------------------------

01AZ    FRANJA AZUL               2,536           2,537         46         20                           D-12812
01AZ    FRANJA AZUL               2,401           2,402         46         20                           D-12813
01AZ    FRANJA AZUL               2,551           2,552         46         20                           D-12814
01AZ    FRANJA AZUL               2,537           2,538         46         20                           D-12815
01AZ    FRANJA AZUL               2,574           2,575         29         20                           D-12816
01AZ    FRANJA AZUL               2,377           2,378         46         20                           D-12817
01AZ    FRANJA AZUL               2,395           2,396         29         20                           D-12818
01AZ    FRANJA AZUL               2,395           2,396         46         20                           D-12819
01AZ    FRANJA AZUL               2,520           2,521         46         20                           D-12820
01AZ    FRANJA AZUL               2,504           2,505         46         20                           D-12821
01AZ    FRANJA AZUL               2,561           2,562         46         20                           D-12822
01AZ    FRANJA AZUL               2,411           2,412         29         20                           D-12823
01AZ    FRANJA AZUL               2,433           2,434         29         20                           D-12824
01AZ    FRANJA AZUL               2,533           2,534         46         20                           D-12825
01AZ    FRANJA AZUL               2,430           2,431         05         20                           D-12826
01AZ    FRANJA AZUL               2,389           2,390         05         20                           D-12827
01AZ    FRANJA AZUL               2,394           2,395         05         20                           D-12828
01AZ    FRANJA AZUL               1,977           1,978         33         20                           D-12829
01AZ    FRANJA AZUL               1,935           1,936         33         20                           D-12830
01AZ    FRANJA AZUL               2,339           2,340         33         20                           D-12831
01AZ    FRANJA AZUL               2,519           2,520         05         20                           D-12832
01AZ    FRANJA AZUL               2,273           2,274         33         20                           D-12833
01AZ    FRANJA AZUL               2,520           2,521         46         20                           D-12834
01AZ    FRANJA AZUL               2,423           2,424         05         20                           D-12835
01AZ    FRANJA AZUL               2,491           2,492         46         20                           D-12836
01AZ    FRANJA AZUL               2,445           2,446         05         20                           D-12837
01AZ    FRANJA AZUL               2,419           2,420         05         20                           D-12838
01AZ    FRANJA AZUL               2,536           2,537         05         20                           D-12839
01AZ    FRANJA AZUL               2,119           2,120         33         20                           D-12840
01AZ    FRANJA AZUL               2,256           2,257         29         20                           D-12841
01AZ    FRANJA AZUL               2,381           2,382         29         20                           D-12842
01AZ    FRANJA AZUL               2,259           2,260         05         20                           D-12843
01AZ    FRANJA AZUL               2,161           2,162         05         20                           D-12844
01AZ    FRANJA AZUL               2,442           2,443         33         20                           D-12845
01AZ    FRANJA AZUL               2,138           2,139         29         20                           D-12846
01AZ    FRANJA AZUL               2,230           2,231         05         20                           D-12847
01AZ    FRANJA AZUL               2,189           2,190         33         20                           D-12848
01AZ    FRANJA AZUL               2,237           2,238         05         20                           D-12849
01AZ    FRANJA AZUL               1,967           1,968         05         20                           D-12850
01AZ    FRANJA AZUL               2,593           2,594         33         20                           D-12851
01AZ    FRANJA AZUL               2,153           2,154         05         20                           D-12852
01AZ    FRANJA AZUL               2,171           2,172         05         20                           D-12853
01AZ    FRANJA AZUL               2,641           2,642         05         20                           D-12854
01AZ    FRANJA AZUL               2,563           2,564         17         20                           D-12855
01AZ    FRANJA AZUL               2,354           2,355         05         20                           D-12856









EMPRESA NACIONAL DE MINERIA (ENM) PRODUCTOR          PACKING LIST                             PAG.  :   2
NATIONAL MINING COMPANY                       CODIGO DE LOTE   : D-12812                      FECHA :23/04/2022
                                              -----------------------------
FLUJO        : 
DESCRIPCION  : CATODOS GRADO A
N° INSTR. DE EMBARQUE : 27327
CLIENTE      : COPIAPO                                 
Lote Sipa    : 

----------------------------------------------------------------------------------------------------------------------------- 
MARCA       DESCRIPCION         PESO NETO      PESO BRUTO     GRUPO     UNIDADES       UBICACION         SERIE                
-----------------------------------------------------------------------------------------------------------------------------

01AZ    FRANJA AZUL               2,619           2,620         29         20                           D-12857
01AZ    FRANJA AZUL               2,012           2,013         33         20                           D-12858
01AZ    FRANJA AZUL               2,631           2,632         29         20                           D-12859
01AZ    FRANJA AZUL               2,443           2,444         05         20                           D-12860
01AZ    FRANJA AZUL               2,471           2,472         05         20                           D-12861
01AZ    FRANJA AZUL               2,537           2,538         29         20                           D-12862
01AZ    FRANJA AZUL               2,507           2,508         05         20                           D-12863
01AZ    FRANJA AZUL               2,619           2,620         17         20                           D-12864
01AZ    FRANJA AZUL               2,013           2,014         33         20                           D-12865
01AZ    FRANJA AZUL               2,577           2,578         05         20                           D-12866
01AZ    FRANJA AZUL               2,550           2,551         29         20                           D-12867
01AZ    FRANJA AZUL               2,575           2,576         17         20                           D-12868
01AZ    FRANJA AZUL               2,575           2,576         05         20                           D-12869
01AZ    FRANJA AZUL               2,635           2,636         17         20                           D-12870
01AZ    FRANJA AZUL               2,525           2,526         17         20                           D-12871
01AZ    FRANJA AZUL               2,402           2,403         17         20                           D-12872
01AZ    FRANJA AZUL               2,599           2,600         29         20                           D-12873
01AZ    FRANJA AZUL               2,282           2,283         29         20                           D-12874
01AZ    FRANJA AZUL               2,465           2,466         29         20                           D-12875
01AZ    FRANJA AZUL               2,613           2,614         05         20                           D-12876
01AZ    FRANJA AZUL               2,584           2,585         05         20                           D-12877
01AZ    FRANJA AZUL               2,555           2,556         17         20                           D-12878
01AZ    FRANJA AZUL               2,527           2,528         17         20                           D-12879
01AZ    FRANJA AZUL               2,539           2,540         17         20                           D-12880
01AZ    FRANJA AZUL               2,615           2,616         29         20                           D-12881
01AZ    FRANJA AZUL               1,903           1,904         33         20                           D-12882
01AZ    FRANJA AZUL               2,428           2,429         33         20                           D-12883
01AZ    FRANJA AZUL               2,369           2,370         33         20                           D-12884
01AZ    FRANJA AZUL               2,514           2,515         17         20                           D-12885
01AZ    FRANJA AZUL               2,441           2,442         17         20                           D-12886
01AZ    FRANJA AZUL               2,573           2,574         05         20                           D-12887
01AZ    FRANJA AZUL               2,433           2,434         05         20                           D-12888
01AZ    FRANJA AZUL               2,559           2,560         29         20                           D-12889
01AZ    FRANJA AZUL               2,334           2,335         29         20                           D-12890
01AZ    FRANJA AZUL               2,528           2,529         29         20                           D-12891
01AZ    FRANJA AZUL               2,439           2,440         29         20                           D-12892
01AZ    FRANJA AZUL               2,433           2,434         29         20                           D-12893
01AZ    FRANJA AZUL               2,561           2,562         29         20                           D-12894
01AZ    FRANJA AZUL               2,465           2,466         29         20                           D-12895
01AZ    FRANJA AZUL               2,547           2,548         29         20                           D-12896
01AZ    FRANJA AZUL               2,415           2,416         29         20                           D-12897
01AZ    FRANJA AZUL               2,004           2,005         33         20                           D-12898
01AZ    FRANJA AZUL               2,553           2,554         33         20                           D-12899
01AZ    FRANJA AZUL               2,465           2,466         33         20                           D-12900
01AZ    FRANJA AZUL               2,567           2,568         29         20                           D-12901









EMPRESA NACIONAL DE MINERIA (ENM) PRODUCTOR          PACKING LIST                             PAG.  :   3
NATIONAL MINING COMPANY                       CODIGO DE LOTE   : D-12812                      FECHA :23/04/2022
                                              -----------------------------
FLUJO        : 
DESCRIPCION  : CATODOS GRADO A
N° INSTR. DE EMBARQUE : 27327
CLIENTE      : COPIAPO                                 
Lote Sipa    : 

----------------------------------------------------------------------------------------------------------------------------- 
MARCA       DESCRIPCION         PESO NETO      PESO BRUTO     GRUPO     UNIDADES       UBICACION         SERIE                
-----------------------------------------------------------------------------------------------------------------------------

01AZ    FRANJA AZUL               2,357           2,358         29         20                           D-12902
01AZ    FRANJA AZUL               2,575           2,576         17         20                           D-12903
01AZ    FRANJA AZUL               2,295           2,296         17         20                           D-12904
01AZ    FRANJA AZUL               2,565           2,566         17         20                           D-12905
01AZ    FRANJA AZUL               2,255           2,256         05         20                           D-12906
01AZ    FRANJA AZUL               1,930           1,931         33         20                           D-12907
01AZ    FRANJA AZUL               2,549           2,550         29         20                           D-12908
01AZ    FRANJA AZUL               2,435           2,436         05         20                           D-12909
01AZ    FRANJA AZUL               2,296           2,297         05         20                           D-12910
01AZ    FRANJA AZUL               2,471           2,472         05         20                           D-12911
01AZ    FRANJA AZUL               2,627           2,628         05         20                           D-12912
01AZ    FRANJA AZUL               2,089           2,090         33         20                           D-12913
01AZ    FRANJA AZUL               2,119           2,120         33         20                           D-12914
01AZ    FRANJA AZUL               2,273           2,274         05         20                           D-12915
01AZ    FRANJA AZUL               2,213           2,214         05         20                           D-12916
01AZ    FRANJA AZUL               2,283           2,284         05         20                           D-12917
01AZ    FRANJA AZUL               2,329           2,330         05         20                           D-12918
01AZ    FRANJA AZUL               2,073           2,074         05         20                           D-12919
01AZ    FRANJA AZUL               2,315           2,316         05         20                           D-12920
01AZ    FRANJA AZUL               2,103           2,104         05         20                           D-12921
01AZ    FRANJA AZUL               2,337           2,338         05         20                           D-12922
01AZ    FRANJA AZUL               2,357           2,358         05         20                           D-12923
01AZ    FRANJA AZUL               2,224           2,225         16         20                           D-12924
01AZ    FRANJA AZUL               2,223           2,224         05         20                           D-12925
01AZ    FRANJA AZUL               2,284           2,285         05         20                           D-12926
01AZ    FRANJA AZUL               2,315           2,316         05         20                           D-12927
01AZ    FRANJA AZUL               2,015           2,016         33         20                           D-12928
01AZ    FRANJA AZUL               2,131           2,132         16         20                           D-12929
01AZ    FRANJA AZUL               2,191           2,192         05         20                           D-12930
01AZ    FRANJA AZUL               2,305           2,306         05         20                           D-12931
01AZ    FRANJA AZUL               2,175           2,176         05         20                           D-12932
01AZ    FRANJA AZUL               2,205           2,206         05         20                           D-12933
01AZ    FRANJA AZUL               2,257           2,258         05         20                           D-12934
01AZ    FRANJA AZUL               2,239           2,240         05         20                           D-12935
01AZ    FRANJA AZUL               2,411           2,412         16         20                           D-12936
01AZ    FRANJA AZUL               2,421           2,422         05         20                           D-12937


------------------------------------------------------------------------------------------------------------------------
T.SUB-LOTES              TOT.PAQUETES =126      TOT.UNID. = 2520   T/P NETO (kg) = 299,915      T/P BRUTO (kg) = 300,041
------------------------------------------------------------------------------------------------------------------------
