
EMPRESA NACIONAL DE MINERIA (ENM) PRODUCTOR          PACKING LIST                             PAG.  :   1
NATIONAL MINING COMPANY                       CODIGO DE LOTE   : F-2366                      FECHA :29/06/2022
                                              -----------------------------
FLUJO        : 
DESCRIPCION  : CATODOS EW DELTA
N° INSTR. DE EMBARQUE : 929615
CLIENTE      : 
Lote Sipa    : 22060318

----------------------------------------------------------------------------------------------------------------------------- 
MARCA       DESCRIPCION         PESO NETO      PESO BRUTO     GRUPO     UNIDADES       UBICACION         SERIE                
-----------------------------------------------------------------------------------------------------------------------------

04BL    CUATRO FRANJAS BLANCAS    2,011           2,012                    48                           F-2366 
04BL    CUATRO FRANJAS BLANCAS    1,976           1,977                    39                           F-2367 
04BL    CUATRO FRANJAS BLANCAS    1,937           1,938                    41                           F-2368 
04BL    CUATRO FRANJAS BLANCAS    2,057           2,058                    39                           F-2369 
04BL    CUATRO FRANJAS BLANCAS    2,006           2,007                    47                           F-2370 
04BL    CUATRO FRANJAS BLANCAS    2,006           2,007                    45                           F-2371 
04BL    CUATRO FRANJAS BLANCAS    2,021           2,022                    41                           F-2372 
04BL    CUATRO FRANJAS BLANCAS    2,041           2,042                    41                           F-2373 
04BL    CUATRO FRANJAS BLANCAS    2,055           2,056                    41                           F-2374 
04BL    CUATRO FRANJAS BLANCAS    2,087           2,088                    58                           F-2375 
04BL    CUATRO FRANJAS BLANCAS    2,044           2,045                    49                           F-2376 
04BL    CUATRO FRANJAS BLANCAS    2,039           2,040                    49                           F-2377 
04BL    CUATRO FRANJAS BLANCAS    1,998           1,999                    65                           F-2378 
04BL    CUATRO FRANJAS BLANCAS    2,030           2,031                    41                           F-2379 


------------------------------------------------------------------------------------------------------------------------
T.SUB-LOTES              TOT.PAQUETES =14      TOT.UNID. = 644   T/P NETO (kg) = 28,308      T/P BRUTO (kg) = 28,322
------------------------------------------------------------------------------------------------------------------------
