
EMPRESA NACIONAL DE MINERIA (ENM) PRODUCTOR          PACKING LIST                             PAG.  :   1
NATIONAL MINING COMPANY                       CODIGO DE LOTE   : F-2803                      FECHA :12/07/2021
                                              -----------------------------
FLUJO        : 
DESCRIPCION  : CATODOS EW CERRO NEGRO
N° INSTR. DE EMBARQUE : 26802
CLIENTE      : SUSAN MAERSK
Lote Sipa    : 21060288

----------------------------------------------------------------------------------------------------------------------------- 
MARCA       DESCRIPCION         PESO NETO      PESO BRUTO     GRUPO     UNIDADES       UBICACION         SERIE                
-----------------------------------------------------------------------------------------------------------------------------

02NE    DOS FRANJAS NEGRAS        2,080           2,081                    50                           F-2803 
02NE    DOS FRANJAS NEGRAS        2,021           2,022                    49                           F-2804 
02NE    DOS FRANJAS NEGRAS        1,993           1,994                    46                           F-2805 
02NE    DOS FRANJAS NEGRAS        1,970           1,971                    47                           F-2806 
02NE    DOS FRANJAS NEGRAS        1,963           1,964                    54                           F-2807 
02NE    DOS FRANJAS NEGRAS        1,984           1,985                    52                           F-2808 
02NE    DOS FRANJAS NEGRAS        1,973           1,974                    55                           F-2809 
02NE    DOS FRANJAS NEGRAS        2,023           2,024                    57                           F-2810 
02NE    DOS FRANJAS NEGRAS        2,043           2,044                    48                           F-2811 
02NE    DOS FRANJAS NEGRAS        2,027           2,028                    60                           F-2812 
02NE    DOS FRANJAS NEGRAS        2,055           2,056                    59                           F-2813 
02NE    DOS FRANJAS NEGRAS        1,989           1,990                    53                           F-2814 
02NE    DOS FRANJAS NEGRAS        2,083           2,084                    58                           F-2815 
02NE    DOS FRANJAS NEGRAS        2,042           2,043                    52                           F-2816 
02NE    DOS FRANJAS NEGRAS        2,018           2,019                    51                           F-2817 
02NE    DOS FRANJAS NEGRAS        2,009           2,010                    34                           F-2835 
02NE    DOS FRANJAS NEGRAS        2,038           2,039                    34                           F-2836 
02NE    DOS FRANJAS NEGRAS        2,053           2,054                    34                           F-2837 
02NE    DOS FRANJAS NEGRAS        1,937           1,938                    34                           F-2838 
02NE    DOS FRANJAS NEGRAS        2,002           2,003                    35                           F-2839 
02NE    DOS FRANJAS NEGRAS        2,058           2,059                    35                           F-2840 
02NE    DOS FRANJAS NEGRAS        2,008           2,009                    35                           F-2841 
02NE    DOS FRANJAS NEGRAS        2,003           2,004                    35                           F-2842 
02NE    DOS FRANJAS NEGRAS        2,051           2,052                    35                           F-2843 
02NE    DOS FRANJAS NEGRAS        1,959           1,960                    34                           F-2844 
02NE    DOS FRANJAS NEGRAS        2,055           2,056                    36                           F-2845 
02NE    DOS FRANJAS NEGRAS        2,060           2,061                    36                           F-2846 
02NE    DOS FRANJAS NEGRAS        1,966           1,967                    33                           F-2847 
02NE    DOS FRANJAS NEGRAS        2,018           2,019                    37                           F-2848 
02NE    DOS FRANJAS NEGRAS        2,062           2,063                    34                           F-2849 


------------------------------------------------------------------------------------------------------------------------
T.SUB-LOTES              TOT.PAQUETES =30      TOT.UNID. = 1312   T/P NETO (kg) = 60,543      T/P BRUTO (kg) = 60,573
------------------------------------------------------------------------------------------------------------------------
