
EMPRESA NACIONAL DE MINERIA (ENM) PRODUCTOR          PACKING LIST                             PAG.  :   1
NATIONAL MINING COMPANY                       CODIGO DE LOTE   : M-5107                      FECHA :09/12/2020
                                              -----------------------------
FLUJO        : 
DESCRIPCION  : CATODOS GRADO A
N° INSTR. DE EMBARQUE : 26384
CLIENTE      : MOL BENEFACTOR
Lote Sipa    : 

----------------------------------------------------------------------------------------------------------------------------- 
MARCA       DESCRIPCION         PESO NETO      PESO BRUTO     GRUPO     UNIDADES       UBICACION         SERIE                
-----------------------------------------------------------------------------------------------------------------------------

V0AZ    V AZUL                    2,068           2,069         10         20                           M-5107 
V0AZ    V AZUL                    2,140           2,141         10         20                           M-5108 
V0AZ    V AZUL                    2,223           2,224         22         20                           M-5109 
V0AZ    V AZUL                    2,212           2,213         22         20                           M-5110 
V0AZ    V AZUL                    2,125           2,126         22         20                           M-5111 
V0AZ    V AZUL                    2,487           2,488         22         20                           M-5112 
V0AZ    V AZUL                    2,068           2,069         10         20                           M-5113 
V0AZ    V AZUL                    2,580           2,581         39         20                           M-5114 
V0AZ    V AZUL                    2,120           2,121         22         20                           M-5115 
V0AZ    V AZUL                    2,112           2,113         10         20                           M-5116 
V0AZ    V AZUL                    2,018           2,019         22         20                           M-5117 
V0AZ    V AZUL                    2,062           2,063         39         20                           M-5118 
V0AZ    V AZUL                    2,025           2,026         22         20                           M-5119 
V0AZ    V AZUL                    2,086           2,087         22         20                           M-5120 
V0AZ    V AZUL                    2,138           2,139         10         20                           M-5121 
V0AZ    V AZUL                    2,168           2,169         10         20                           M-5122 
V0AZ    V AZUL                    2,173           2,174         10         20                           M-5123 
V0AZ    V AZUL                    2,120           2,121         10         20                           M-5124 
V0AZ    V AZUL                    2,030           2,031         22         20                           M-5125 
V0AZ    V AZUL                    2,213           2,214         22         20                           M-5126 
V0AZ    V AZUL                    2,147           2,148         10         20                           M-5127 
V0AZ    V AZUL                    2,099           2,100         22         20                           M-5128 
V0AZ    V AZUL                    2,081           2,082         10         20                           M-5129 
V0AZ    V AZUL                    2,070           2,071         10         20                           M-5130 
V0AZ    V AZUL                    2,111           2,112         10         20                           M-5131 
V0AZ    V AZUL                    2,087           2,088         22         20                           M-5132 
V0AZ    V AZUL                    2,165           2,166         10         20                           M-5133 
V0AZ    V AZUL                    2,150           2,151         43         20                           M-5134 
V0AZ    V AZUL                    2,310           2,311         22         20                           M-5135 
V0AZ    V AZUL                    2,138           2,139         10         20                           M-5136 
V0AZ    V AZUL                    2,183           2,184         22         20                           M-5137 
V0AZ    V AZUL                    2,088           2,089         22         20                           M-5138 
V0AZ    V AZUL                    2,168           2,169         10         20                           M-5139 
V0AZ    V AZUL                    2,065           2,066         10         20                           M-5140 
V0AZ    V AZUL                    2,166           2,167         10         20                           M-5141 
V0AZ    V AZUL                    2,551           2,552         39         20                           M-5142 
V0AZ    V AZUL                    2,079           2,080         10         20                           M-5143 
V0AZ    V AZUL                    2,102           2,103         10         20                           M-5144 
V0AZ    V AZUL                    2,050           2,051         39         20                           M-5145 
V0AZ    V AZUL                    2,130           2,131         10         20                           M-5146 
V0AZ    V AZUL                    2,441           2,442         39         20                           M-5147 
V0AZ    V AZUL                    2,094           2,095         22         20                           M-5148 
V0AZ    V AZUL                    2,083           2,084         22         20                           M-5149 
V0AZ    V AZUL                    2,442           2,443         39         20                           M-5150 
V0AZ    V AZUL                    2,185           2,186         32         20                           M-5151 









EMPRESA NACIONAL DE MINERIA (ENM) PRODUCTOR          PACKING LIST                             PAG.  :   2
NATIONAL MINING COMPANY                       CODIGO DE LOTE   : M-5107                      FECHA :09/12/2020
                                              -----------------------------
FLUJO        : 
DESCRIPCION  : CATODOS GRADO A
N° INSTR. DE EMBARQUE : 26384
CLIENTE      : MOL BENEFACTOR
Lote Sipa    : 

----------------------------------------------------------------------------------------------------------------------------- 
MARCA       DESCRIPCION         PESO NETO      PESO BRUTO     GRUPO     UNIDADES       UBICACION         SERIE                
-----------------------------------------------------------------------------------------------------------------------------

V0AZ    V AZUL                    2,162           2,163         10         20                           M-5152 
V0AZ    V AZUL                    2,097           2,098         10         20                           M-5153 
V0AZ    V AZUL                    2,099           2,100         10         20                           M-5154 
V0AZ    V AZUL                    2,521           2,522         39         20                           M-5155 
V0AZ    V AZUL                    2,026           2,027         10         20                           M-5156 
V0AZ    V AZUL                    2,142           2,143         10         20                           M-5157 
V0AZ    V AZUL                    2,569           2,570         39         20                           M-5158 
V0AZ    V AZUL                    1,941           1,942         22         20                           M-5159 
V0AZ    V AZUL                    2,099           2,100         22         20                           M-5160 
V0AZ    V AZUL                    2,600           2,601         39         20                           M-5161 
V0AZ    V AZUL                    2,154           2,155         22         20                           M-5162 
V0AZ    V AZUL                    2,136           2,137         22         20                           M-5163 
V0AZ    V AZUL                    2,211           2,212         10         20                           M-5164 
V0AZ    V AZUL                    2,079           2,080         10         20                           M-5165 
V0AZ    V AZUL                    2,203           2,204         10         20                           M-5166 
V0AZ    V AZUL                    2,027           2,028         22         20                           M-5167 
V0AZ    V AZUL                    2,173           2,174         10         20                           M-5168 
V0AZ    V AZUL                    1,966           1,967         22         20                           M-5169 
V0AZ    V AZUL                    2,129           2,130         10         20                           M-5170 
V0AZ    V AZUL                    2,258           2,259         22         20                           M-5171 
V0AZ    V AZUL                    2,181           2,182         22         20                           M-5172 
V0AZ    V AZUL                    2,251           2,252         22         20                           M-5173 
V0AZ    V AZUL                    2,222           2,223         06         20                           M-5174 
V0AZ    V AZUL                    2,337           2,338         39         20                           M-5175 
V0AZ    V AZUL                    2,170           2,171         06         20                           M-5321 
V0AZ    V AZUL                    2,217           2,218         06         20                           M-5322 
V0AZ    V AZUL                    2,171           2,172         06         20                           M-5323 
V0AZ    V AZUL                    2,593           2,594         39         20                           M-5324 
V0AZ    V AZUL                    2,522           2,523         39         20                           M-5325 
V0AZ    V AZUL                    2,202           2,203         39         20                           M-5326 
V0AZ    V AZUL                    2,119           2,120         06         20                           M-5327 
V0AZ    V AZUL                    2,259           2,260         06         20                           M-5328 
V0AZ    V AZUL                    2,212           2,213         06         20                           M-5329 
V0AZ    V AZUL                    2,306           2,307         22         20                           M-5330 
V0AZ    V AZUL                    2,130           2,131         22         20                           M-5331 
V0AZ    V AZUL                    2,293           2,294         06         20                           M-5332 
V0AZ    V AZUL                    2,159           2,160         06         20                           M-5333 
V0AZ    V AZUL                    2,131           2,132         06         20                           M-5334 
V0AZ    V AZUL                    2,257           2,258         06         20                           M-5335 
V0AZ    V AZUL                    2,165           2,166         10         20                           M-5336 
V0AZ    V AZUL                    2,184           2,185         10         20                           M-5337 
V0AZ    V AZUL                    2,498           2,499         10         20                           M-5338 
V0AZ    V AZUL                    2,367           2,368         06         20                           M-5339 
V0AZ    V AZUL                    2,129           2,130         06         20                           M-5340 
V0AZ    V AZUL                    2,450           2,451         06         20                           M-5341 









EMPRESA NACIONAL DE MINERIA (ENM) PRODUCTOR          PACKING LIST                             PAG.  :   3
NATIONAL MINING COMPANY                       CODIGO DE LOTE   : M-5107                      FECHA :09/12/2020
                                              -----------------------------
FLUJO        : 
DESCRIPCION  : CATODOS GRADO A
N° INSTR. DE EMBARQUE : 26384
CLIENTE      : MOL BENEFACTOR
Lote Sipa    : 

----------------------------------------------------------------------------------------------------------------------------- 
MARCA       DESCRIPCION         PESO NETO      PESO BRUTO     GRUPO     UNIDADES       UBICACION         SERIE                
-----------------------------------------------------------------------------------------------------------------------------

V0AZ    V AZUL                    2,353           2,354         39         20                           M-5342 
V0AZ    V AZUL                    2,396           2,397         39         20                           M-5343 
V0AZ    V AZUL                    2,517           2,518         39         20                           M-5344 
V0AZ    V AZUL                    2,561           2,562         39         20                           M-5345 
V0AZ    V AZUL                    2,542           2,543         39         20                           M-5346 
V0AZ    V AZUL                    2,231           2,232         39         20                           M-5347 
V0AZ    V AZUL                    2,133           2,134         06         20                           M-5348 
V0AZ    V AZUL                    2,113           2,114         06         20                           M-5349 
V0AZ    V AZUL                    2,443           2,444         06         20                           M-5350 
V0AZ    V AZUL                    2,172           2,173         06         20                           M-5351 
V0AZ    V AZUL                    2,160           2,161         06         20                           M-5352 
V0AZ    V AZUL                    2,429           2,430         06         20                           M-5353 
V0AZ    V AZUL                    2,098           2,099         39         20                           M-5354 
V0AZ    V AZUL                    2,101           2,102         39         20                           M-5355 
V0AZ    V AZUL                    2,044           2,045         06         20                           M-5356 
V0AZ    V AZUL                    2,060           2,061         06         20                           M-5357 
V0AZ    V AZUL                    2,277           2,278         06         20                           M-5358 
V0AZ    V AZUL                    2,476           2,477         39         20                           M-5359 
V0AZ    V AZUL                    2,329           2,330         39         20                           M-5360 
V0AZ    V AZUL                    2,100           2,101         06         20                           M-5361 
V0AZ    V AZUL                    2,276           2,277         06         20                           M-5362 
V0AZ    V AZUL                    2,106           2,107         06         20                           M-5363 
V0AZ    V AZUL                    2,183           2,184         06         20                           M-5364 
V0AZ    V AZUL                    2,193           2,194         39         20                           M-5365 
V0AZ    V AZUL                    2,433           2,434         39         20                           M-5366 
V0AZ    V AZUL                    2,484           2,485         39         20                           M-5367 
V0AZ    V AZUL                    2,443           2,444         39         20                           M-5368 
V0AZ    V AZUL                    2,530           2,531         39         20                           M-5369 
V0AZ    V AZUL                    2,543           2,544         39         20                           M-5370 
V0AZ    V AZUL                    2,469           2,470         39         20                           M-5371 
V0AZ    V AZUL                    2,575           2,576         39         20                           M-5372 
V0AZ    V AZUL                    2,609           2,610         39         20                           M-5373 
V0AZ    V AZUL                    2,458           2,459         39         20                           M-5374 
V0AZ    V AZUL                    2,373           2,374         39         20                           M-5375 
V0AZ    V AZUL                    2,431           2,432         39         20                           M-5376 
V0AZ    V AZUL                    2,338           2,339         39         20                           M-5377 
V0AZ    V AZUL                    2,301           2,302         39         20                           M-5378 
V0AZ    V AZUL                    2,450           2,451         39         20                           M-5379 
V0AZ    V AZUL                    2,478           2,479         39         20                           M-5380 
V0AZ    V AZUL                    2,163           2,164         22         20                           M-5381 
V0AZ    V AZUL                    2,324           2,325         22         20                           M-5382 
V0AZ    V AZUL                    2,309           2,310         22         20                           M-5383 
V0AZ    V AZUL                    2,246           2,247         30         20                           M-5384 
V0AZ    V AZUL                    2,188           2,189         30         20                           M-5385 


------------------------------------------------------------------------------------------------------------------------
T.SUB-LOTES              TOT.PAQUETES =134      TOT.UNID. = 2680   T/P NETO (kg) = 299,908      T/P BRUTO (kg) = 300,042
------------------------------------------------------------------------------------------------------------------------
