
EMPRESA NACIONAL DE MINERIA (ENM) PRODUCTOR          PACKING LIST                             PAG.  :   1
NATIONAL MINING COMPANY                       CODIGO DE LOTE   : M-13884                      FECHA :22/01/2021
                                              -----------------------------
FLUJO        : 
DESCRIPCION  : CATODOS GRADO A
N° INSTR. DE EMBARQUE : 26408
CLIENTE      : MARIANETTA
Lote Sipa    : 20120315

----------------------------------------------------------------------------------------------------------------------------- 
MARCA       DESCRIPCION         PESO NETO      PESO BRUTO     GRUPO     UNIDADES       UBICACION         SERIE                
-----------------------------------------------------------------------------------------------------------------------------

02AM    DOS FRANJAS AMARILLAS     2,287           2,288         35         20                           M-13884
02AM    DOS FRANJAS AMARILLAS     2,144           2,145         07         20                           M-13885
02AM    DOS FRANJAS AMARILLAS     2,495           2,496         19         20                           M-13886
02AM    DOS FRANJAS AMARILLAS     2,459           2,460         13         20                           M-13887
02AM    DOS FRANJAS AMARILLAS     2,456           2,457         07         20                           M-13888
02AM    DOS FRANJAS AMARILLAS     2,429           2,430         13         20                           M-13889
02AM    DOS FRANJAS AMARILLAS     2,446           2,447         13         20                           M-13890
02AM    DOS FRANJAS AMARILLAS     2,082           2,083         07         20                           M-13891
02AM    DOS FRANJAS AMARILLAS     2,355           2,356         13         20                           M-13892
02AM    DOS FRANJAS AMARILLAS     2,457           2,458         13         20                           M-13893
02AM    DOS FRANJAS AMARILLAS     2,387           2,388         07         20                           M-13894
02AM    DOS FRANJAS AMARILLAS     2,489           2,490         13         20                           M-13895
02AM    DOS FRANJAS AMARILLAS     2,368           2,369         13         20                           M-13896
02AM    DOS FRANJAS AMARILLAS     2,382           2,383         13         20                           M-13897
02AM    DOS FRANJAS AMARILLAS     2,336           2,337         13         20                           M-13898
02AM    DOS FRANJAS AMARILLAS     2,453           2,454         13         20                           M-13899
02AM    DOS FRANJAS AMARILLAS     2,281           2,282         07         20                           M-13900
02AM    DOS FRANJAS AMARILLAS     2,364           2,365         13         20                           M-13901
02AM    DOS FRANJAS AMARILLAS     2,195           2,196         07         20                           M-13902
02AM    DOS FRANJAS AMARILLAS     2,682           2,683         13         20                           M-13903
02AM    DOS FRANJAS AMARILLAS     1,994           1,995         07         20                           M-13904
02AM    DOS FRANJAS AMARILLAS     2,471           2,472         13         20                           M-13905
02AM    DOS FRANJAS AMARILLAS     2,399           2,400         13         20                           M-13906
02AM    DOS FRANJAS AMARILLAS     2,518           2,519         13         20                           M-13907
02AM    DOS FRANJAS AMARILLAS     2,404           2,405         13         20                           M-13908
02AM    DOS FRANJAS AMARILLAS     2,428           2,429         13         20                           M-13909
02AM    DOS FRANJAS AMARILLAS     2,393           2,394         13         20                           M-13910
02AM    DOS FRANJAS AMARILLAS     2,182           2,183         13         20                           M-13911
02AM    DOS FRANJAS AMARILLAS     2,305           2,306         07         20                           M-13912
02AM    DOS FRANJAS AMARILLAS     2,407           2,408         13         20                           M-13913
02AM    DOS FRANJAS AMARILLAS     2,208           2,209         07         20                           M-13914
02AM    DOS FRANJAS AMARILLAS     2,294           2,295         07         20                           M-13915
02AM    DOS FRANJAS AMARILLAS     2,327           2,328         07         20                           M-13916
02AM    DOS FRANJAS AMARILLAS     2,545           2,546         19         20                           M-13917
02AM    DOS FRANJAS AMARILLAS     2,368           2,369         19         20                           M-13918
02AM    DOS FRANJAS AMARILLAS     2,223           2,224         07         20                           M-13919
02AM    DOS FRANJAS AMARILLAS     2,403           2,404         13         20                           M-13920
02AM    DOS FRANJAS AMARILLAS     2,230           2,231         07         20                           M-13921
02AM    DOS FRANJAS AMARILLAS     2,435           2,436         19         20                           M-13922
02AM    DOS FRANJAS AMARILLAS     2,350           2,351         19         20                           M-13923
02AM    DOS FRANJAS AMARILLAS     2,374           2,375         07         20                           M-13924
02AM    DOS FRANJAS AMARILLAS     2,331           2,332         07         20                           M-13925
02AM    DOS FRANJAS AMARILLAS     2,541           2,542         19         20                           M-13926
02AM    DOS FRANJAS AMARILLAS     2,291           2,292         19         20                           M-13927
02AM    DOS FRANJAS AMARILLAS     2,440           2,441         07         20                           M-13928









EMPRESA NACIONAL DE MINERIA (ENM) PRODUCTOR          PACKING LIST                             PAG.  :   2
NATIONAL MINING COMPANY                       CODIGO DE LOTE   : M-13884                      FECHA :22/01/2021
                                              -----------------------------
FLUJO        : 
DESCRIPCION  : CATODOS GRADO A
N° INSTR. DE EMBARQUE : 26408
CLIENTE      : MARIANETTA
Lote Sipa    : 20120315

----------------------------------------------------------------------------------------------------------------------------- 
MARCA       DESCRIPCION         PESO NETO      PESO BRUTO     GRUPO     UNIDADES       UBICACION         SERIE                
-----------------------------------------------------------------------------------------------------------------------------

02AM    DOS FRANJAS AMARILLAS     2,394           2,395         19         20                           M-13929
02AM    DOS FRANJAS AMARILLAS     2,302           2,303         19         20                           M-13930
02AM    DOS FRANJAS AMARILLAS     2,371           2,372         19         20                           M-13931
02AM    DOS FRANJAS AMARILLAS     2,389           2,390         13         20                           M-13932
02AM    DOS FRANJAS AMARILLAS     2,387           2,388         13         20                           M-13933
02AM    DOS FRANJAS AMARILLAS     2,360           2,361         13         20                           M-13934
02AM    DOS FRANJAS AMARILLAS     2,404           2,405         19         20                           M-13935
02AM    DOS FRANJAS AMARILLAS     2,366           2,367         19         20                           M-13936
02AM    DOS FRANJAS AMARILLAS     2,420           2,421         07         20                           M-13937
02AM    DOS FRANJAS AMARILLAS     2,342           2,343         19         20                           M-13938
02AM    DOS FRANJAS AMARILLAS     2,413           2,414         19         20                           M-13939
02AM    DOS FRANJAS AMARILLAS     2,395           2,396         19         20                           M-13940
02AM    DOS FRANJAS AMARILLAS     2,475           2,476         19         20                           M-13941
02AM    DOS FRANJAS AMARILLAS     2,424           2,425         07         20                           M-13942
02AM    DOS FRANJAS AMARILLAS     2,386           2,387         07         20                           M-13943
02AM    DOS FRANJAS AMARILLAS     2,528           2,529         19         20                           M-13944
02AM    DOS FRANJAS AMARILLAS     2,203           2,204         40         20                           M-13945
02AM    DOS FRANJAS AMARILLAS     2,434           2,435         13         20                           M-13946
02AM    DOS FRANJAS AMARILLAS     2,362           2,363         07         20                           M-13947
02AM    DOS FRANJAS AMARILLAS     2,547           2,548         13         20                           M-13948
02AM    DOS FRANJAS AMARILLAS     2,520           2,521         19         20                           M-13949
02AM    DOS FRANJAS AMARILLAS     2,454           2,455         13         20                           M-13950
02AM    DOS FRANJAS AMARILLAS     2,131           2,132         40         20                           M-13951
02AM    DOS FRANJAS AMARILLAS     2,407           2,408         07         20                           M-13952
02AM    DOS FRANJAS AMARILLAS     2,554           2,555         13         20                           M-13953
02AM    DOS FRANJAS AMARILLAS     2,290           2,291         13         20                           M-13954
02AM    DOS FRANJAS AMARILLAS     2,274           2,275         13         20                           M-13955
02AM    DOS FRANJAS AMARILLAS     2,399           2,400         07         20                           M-13956
02AM    DOS FRANJAS AMARILLAS     2,396           2,397         13         20                           M-13957
02AM    DOS FRANJAS AMARILLAS     2,399           2,400         13         20                           M-13958
02AM    DOS FRANJAS AMARILLAS     2,486           2,487         19         20                           M-13959
02AM    DOS FRANJAS AMARILLAS     2,570           2,571         19         20                           M-13960
02AM    DOS FRANJAS AMARILLAS     2,612           2,613         19         20                           M-13961
02AM    DOS FRANJAS AMARILLAS     2,372           2,373         07         20                           M-13962
02AM    DOS FRANJAS AMARILLAS     2,346           2,347         13         20                           M-13963
02AM    DOS FRANJAS AMARILLAS     2,206           2,207         19         20                           M-13964
02AM    DOS FRANJAS AMARILLAS     2,486           2,487         13         20                           M-13965
02AM    DOS FRANJAS AMARILLAS     2,371           2,372         07         20                           M-13966
02AM    DOS FRANJAS AMARILLAS     2,374           2,375         13         20                           M-13967


------------------------------------------------------------------------------------------------------------------------
T.SUB-LOTES              TOT.PAQUETES =84      TOT.UNID. = 1680   T/P NETO (kg) = 199,957      T/P BRUTO (kg) = 200,041
------------------------------------------------------------------------------------------------------------------------
