
EMPRESA NACIONAL DE MINERIA (ENM) PRODUCTOR          PACKING LIST                             PAG.  :   1
NATIONAL MINING COMPANY                       CODIGO DE LOTE   : H-2259                      FECHA :02/09/2022
                                              -----------------------------
FLUJO        : 
DESCRIPCION  : CATODOS EW TALTAL
N° INSTR. DE EMBARQUE : 929847
CLIENTE      : 
Lote Sipa    : 22080373

----------------------------------------------------------------------------------------------------------------------------- 
MARCA       DESCRIPCION         PESO NETO      PESO BRUTO     GRUPO     UNIDADES       UBICACION         SERIE                
-----------------------------------------------------------------------------------------------------------------------------

12AZ    DOCE FRANJAS AZULES       2,026           2,027                    59                           H-2259 
12AZ    DOCE FRANJAS AZULES       2,011           2,012                    60                           H-2260 
12AZ    DOCE FRANJAS AZULES       2,023           2,024                    55                           H-2261 
12AZ    DOCE FRANJAS AZULES       2,008           2,009                    60                           H-2262 
12AZ    DOCE FRANJAS AZULES       2,036           2,037                    58                           H-2263 
12AZ    DOCE FRANJAS AZULES       2,044           2,045                    60                           H-2264 
12AZ    DOCE FRANJAS AZULES       2,005           2,006                    57                           H-2265 
12AZ    DOCE FRANJAS AZULES       2,026           2,027                    60                           H-2266 
12AZ    DOCE FRANJAS AZULES       1,994           1,995                    57                           H-2267 
12AZ    DOCE FRANJAS AZULES       2,026           2,027                    56                           H-2268 
12AZ    DOCE FRANJAS AZULES       2,032           2,033                    58                           H-2269 
12AZ    DOCE FRANJAS AZULES       2,021           2,022                    64                           H-2270 
12AZ    DOCE FRANJAS AZULES       1,999           2,000                    62                           H-2271 
12AZ    DOCE FRANJAS AZULES       2,025           2,026                    56                           H-2272 


------------------------------------------------------------------------------------------------------------------------
T.SUB-LOTES              TOT.PAQUETES =14      TOT.UNID. = 822   T/P NETO (kg) = 28,276      T/P BRUTO (kg) = 28,290
------------------------------------------------------------------------------------------------------------------------
