
EMPRESA NACIONAL DE MINERIA (ENM) PRODUCTOR          PACKING LIST                             PAG.  :   1
NATIONAL MINING COMPANY                       CODIGO DE LOTE   : H-1781                      FECHA :28/08/2023
                                              -----------------------------
FLUJO        : 
DESCRIPCION  : CATODOS EW EL SALADO
N° INSTR. DE EMBARQUE : 931367
CLIENTE      : 
Lote Sipa    : 23080452

----------------------------------------------------------------------------------------------------------------------------- 
MARCA       DESCRIPCION         PESO NETO      PESO BRUTO     GRUPO     UNIDADES       UBICACION         SERIE                
-----------------------------------------------------------------------------------------------------------------------------

15RJ    15  ROJO                  2,034           2,035                    72                           H-1781 
15RJ    15  ROJO                  2,025           2,026                    70                           H-1782 
15RJ    15  ROJO                  2,057           2,058                    75                           H-1783 
15RJ    15  ROJO                  1,947           1,948                    76                           H-1784 
15RJ    15  ROJO                  1,993           1,994                    87                           H-1785 
15RJ    15  ROJO                  2,041           2,042                    74                           H-1786 
15RJ    15  ROJO                  2,031           2,032                    87                           H-1787 
15RJ    15  ROJO                  2,001           2,002                    72                           H-1788 
15RJ    15  ROJO                  2,003           2,004                    64                           H-1789 
15RJ    15  ROJO                  1,995           1,996                    76                           H-1790 
15RJ    15  ROJO                  2,044           2,045                    69                           H-1791 
15RJ    15  ROJO                  2,009           2,010                    93                           H-1792 
15RJ    15  ROJO                  2,017           2,018                    84                           H-1793 
15RJ    15  ROJO                  1,992           1,993                    121                          H-1794 


------------------------------------------------------------------------------------------------------------------------
T.SUB-LOTES              TOT.PAQUETES =14      TOT.UNID. = 1120   T/P NETO (kg) = 28,189      T/P BRUTO (kg) = 28,203
------------------------------------------------------------------------------------------------------------------------
