
EMPRESA NACIONAL DE MINERIA (ENM) PRODUCTOR          PACKING LIST                             PAG.  :   1
NATIONAL MINING COMPANY                       CODIGO DE LOTE   : M-7055                      FECHA :20/12/2018
                                              -----------------------------
FLUJO        : 
DESCRIPCION  : CATODOS GRADO A
N° INSTR. DE EMBARQUE : 24952
CLIENTE      : NORDIC STRALSUND
Lote Sipa    : 18120164

----------------------------------------------------------------------------------------------------------------------------- 
MARCA       DESCRIPCION         PESO NETO      PESO BRUTO     GRUPO     UNIDADES       UBICACION         SERIE                
-----------------------------------------------------------------------------------------------------------------------------

V0VE    V VERDE                   2,315           2,316         42         20                           M-7055 
V0VE    V VERDE                   2,373           2,374         42         20                           M-7056 
V0VE    V VERDE                   2,348           2,349         37         20                           M-7057 
V0VE    V VERDE                   2,343           2,344         32         20                           M-7058 
V0VE    V VERDE                   2,363           2,364         32         20                           M-7059 
V0VE    V VERDE                   2,360           2,361         10         20                           M-7060 
V0VE    V VERDE                   2,321           2,322         32         20                           M-7061 
V0VE    V VERDE                   2,393           2,394         32         20                           M-7062 
V0VE    V VERDE                   2,317           2,318         42         20                           M-7063 
V0VE    V VERDE                   2,506           2,507         42         20                           M-7064 
V0VE    V VERDE                   2,464           2,465         18         20                           M-7065 
V0VE    V VERDE                   2,298           2,299         42         20                           M-7066 
V0VE    V VERDE                   2,323           2,324         42         20                           M-7067 
V0VE    V VERDE                   2,347           2,348         42         20                           M-7068 
V0VE    V VERDE                   2,384           2,385         18         20                           M-7069 
V0VE    V VERDE                   2,510           2,511         18         20                           M-7070 
V0VE    V VERDE                   2,303           2,304         42         20                           M-7071 
V0VE    V VERDE                   2,446           2,447         18         20                           M-7072 
V0VE    V VERDE                   2,171           2,172         42         20                           M-7073 
V0VE    V VERDE                   2,298           2,299         32         20                           M-7074 
V0VE    V VERDE                   2,065           2,066         42         20                           M-7075 
V0VE    V VERDE                   2,138           2,139         42         20                           M-7076 
V0VE    V VERDE                   2,314           2,315         42         20                           M-7077 
V0VE    V VERDE                   2,207           2,208         42         20                           M-7078 
V0VE    V VERDE                   2,240           2,241         42         20                           M-7079 
V0VE    V VERDE                   2,399           2,400         29         20                           M-7080 
V0VE    V VERDE                   2,036           2,037         32         20                           M-7081 
V0VE    V VERDE                   2,343           2,344         42         20                           M-7082 
V0VE    V VERDE                   2,136           2,137         29         20                           M-7083 
V0VE    V VERDE                   2,227           2,228         32         20                           M-7084 
V0VE    V VERDE                   2,207           2,208         32         20                           M-7085 
V0VE    V VERDE                   2,321           2,322         18         20                           M-7086 
V0VE    V VERDE                   2,277           2,278         32         20                           M-7087 
V0VE    V VERDE                   2,281           2,282         42         20                           M-7088 
V0VE    V VERDE                   2,484           2,485         18         20                           M-7089 
V0VE    V VERDE                   2,249           2,250         32         20                           M-7090 
V0VE    V VERDE                   2,148           2,149         32         20                           M-7091 
V0VE    V VERDE                   2,336           2,337         18         20                           M-7092 
V0VE    V VERDE                   2,369           2,370         42         20                           M-7093 
V0VE    V VERDE                   2,354           2,355         42         20                           M-7094 
V0VE    V VERDE                   2,388           2,389         18         20                           M-7095 
V0VE    V VERDE                   2,220           2,221         42         20                           M-7096 
V0VE    V VERDE                   2,380           2,381         32         20                           M-7097 
V0VE    V VERDE                   2,314           2,315         18         20                           M-7098 
V0VE    V VERDE                   2,327           2,328         42         20                           M-7099 









EMPRESA NACIONAL DE MINERIA (ENM) PRODUCTOR          PACKING LIST                             PAG.  :   2
NATIONAL MINING COMPANY                       CODIGO DE LOTE   : M-7055                      FECHA :20/12/2018
                                              -----------------------------
FLUJO        : 
DESCRIPCION  : CATODOS GRADO A
N° INSTR. DE EMBARQUE : 24952
CLIENTE      : NORDIC STRALSUND
Lote Sipa    : 18120164

----------------------------------------------------------------------------------------------------------------------------- 
MARCA       DESCRIPCION         PESO NETO      PESO BRUTO     GRUPO     UNIDADES       UBICACION         SERIE                
-----------------------------------------------------------------------------------------------------------------------------

V0VE    V VERDE                   2,424           2,425         18         20                           M-7100 
V0VE    V VERDE                   2,305           2,306         18         20                           M-7101 
V0VE    V VERDE                   2,342           2,343         18         20                           M-7102 
V0VE    V VERDE                   2,364           2,365         42         20                           M-7103 
V0VE    V VERDE                   2,302           2,303         18         20                           M-7104 
V0VE    V VERDE                   2,359           2,360         32         20                           M-7105 
V0VE    V VERDE                   2,395           2,396         42         20                           M-7106 
V0VE    V VERDE                   2,283           2,284         18         20                           M-7107 
V0VE    V VERDE                   2,296           2,297         42         20                           M-7108 
V0VE    V VERDE                   2,495           2,496         18         20                           M-7109 
V0VE    V VERDE                   2,369           2,370         18         20                           M-7110 
V0VE    V VERDE                   2,333           2,334         42         20                           M-7111 
V0VE    V VERDE                   2,438           2,439         18         20                           M-7112 
V0VE    V VERDE                   2,326           2,327         42         20                           M-7113 
V0VE    V VERDE                   2,330           2,331         18         20                           M-7114 
V0VE    V VERDE                   2,350           2,351         18         20                           M-7115 
V0VE    V VERDE                   2,385           2,386         42         20                           M-7116 
V0VE    V VERDE                   2,195           2,196         42         20                           M-7117 
V0VE    V VERDE                   2,216           2,217         18         20                           M-7118 
V0VE    V VERDE                   2,314           2,315         42         20                           M-7119 
V0VE    V VERDE                   2,318           2,319         18         20                           M-7120 
V0VE    V VERDE                   2,311           2,312         32         20                           M-7121 
V0VE    V VERDE                   2,385           2,386         42         20                           M-7122 
V0VE    V VERDE                   2,216           2,217         11         20                           M-7123 
V0VE    V VERDE                   2,436           2,437         42         20                           M-7124 
V0VE    V VERDE                   2,398           2,399         26         20                           M-7125 
V0VE    V VERDE                   2,426           2,427         42         20                           M-7126 
V0VE    V VERDE                   2,168           2,169         10         20                           M-7127 
V0VE    V VERDE                   2,176           2,177         29         20                           M-7128 
V0VE    V VERDE                   2,281           2,282         23         20                           M-7129 
V0VE    V VERDE                   2,363           2,364         26         20                           M-7130 
V0VE    V VERDE                   2,410           2,411         42         20                           M-7131 
V0VE    V VERDE                   2,297           2,298         32         20                           M-7132 
V0VE    V VERDE                   2,393           2,394         18         20                           M-7133 
V0VE    V VERDE                   2,383           2,384         18         20                           M-7134 
V0VE    V VERDE                   2,425           2,426         18         20                           M-7135 
V0VE    V VERDE                   2,322           2,323         42         20                           M-7136 
V0VE    V VERDE                   2,262           2,263         12         20                           M-7137 
V0VE    V VERDE                   2,374           2,375         18         20                           M-7138 
V0VE    V VERDE                   2,389           2,390         18         20                           M-7139 
V0VE    V VERDE                   2,432           2,433         42         20                           M-7140 


------------------------------------------------------------------------------------------------------------------------
T.SUB-LOTES              TOT.PAQUETES =86      TOT.UNID. = 1720   T/P NETO (kg) = 199,929      T/P BRUTO (kg) = 200,015
------------------------------------------------------------------------------------------------------------------------
