
EMPRESA NACIONAL DE MINERIA (ENM) PRODUCTOR          PACKING LIST                             PAG.  :   1
NATIONAL MINING COMPANY                       CODIGO DE LOTE   : F-8124                      FECHA :03/07/2018
                                              -----------------------------
FLUJO        : 
DESCRIPCION  : CATODOS GRADO A
N° INSTR. DE EMBARQUE : 24586
CLIENTE      : NORDIC BEIJING
Lote Sipa    : 18060264

----------------------------------------------------------------------------------------------------------------------------- 
MARCA       DESCRIPCION         PESO NETO      PESO BRUTO     GRUPO     UNIDADES       UBICACION         SERIE                
-----------------------------------------------------------------------------------------------------------------------------

X0VE    EQUIS VERDE               2,601           2,602         41         20                           F-8124 
X0VE    EQUIS VERDE               2,415           2,416         41         20                           F-8125 
X0VE    EQUIS VERDE               2,384           2,385         24         20                           F-8126 
X0VE    EQUIS VERDE               2,430           2,431         41         20                           F-8127 
X0VE    EQUIS VERDE               2,403           2,404         24         20                           F-8128 
X0VE    EQUIS VERDE               2,393           2,394         24         20                           F-8129 
X0VE    EQUIS VERDE               2,548           2,549         41         20                           F-8130 
X0VE    EQUIS VERDE               2,407           2,408         24         20                           F-8131 
X0VE    EQUIS VERDE               2,373           2,374         24         20                           F-8132 
X0VE    EQUIS VERDE               2,390           2,391         41         20                           F-8133 
X0VE    EQUIS VERDE               2,530           2,531         24         20                           F-8134 
X0VE    EQUIS VERDE               2,248           2,249         24         20                           F-8135 
X0VE    EQUIS VERDE               2,352           2,353         24         20                           F-8136 
X0VE    EQUIS VERDE               2,415           2,416         24         20                           F-8137 
X0VE    EQUIS VERDE               2,374           2,375         24         20                           F-8138 
X0VE    EQUIS VERDE               2,384           2,385         24         20                           F-8139 
X0VE    EQUIS VERDE               2,440           2,441         24         20                           F-8140 
X0VE    EQUIS VERDE               2,414           2,415         24         20                           F-8141 
X0VE    EQUIS VERDE               2,446           2,447         24         20                           F-8142 
X0VE    EQUIS VERDE               2,443           2,444         24         20                           F-8143 
X0VE    EQUIS VERDE               2,353           2,354         24         20                           F-8144 
X0VE    EQUIS VERDE               2,428           2,429         24         20                           F-8145 
X0VE    EQUIS VERDE               2,465           2,466         24         20                           F-8146 
X0VE    EQUIS VERDE               2,304           2,305         26         20                           F-8147 
X0VE    EQUIS VERDE               2,282           2,283         30         20                           F-8148 
X0VE    EQUIS VERDE               2,266           2,267         30         20                           F-8149 
X0VE    EQUIS VERDE               2,240           2,241         30         20                           F-8150 
X0VE    EQUIS VERDE               2,412           2,413         30         20                           F-8151 
X0VE    EQUIS VERDE               2,270           2,271         30         20                           F-8152 
X0VE    EQUIS VERDE               2,383           2,384         30         20                           F-8153 
X0VE    EQUIS VERDE               2,426           2,427         30         20                           F-8154 
X0VE    EQUIS VERDE               2,386           2,387         30         20                           F-8155 
X0VE    EQUIS VERDE               2,101           2,102         30         20                           F-8156 
X0VE    EQUIS VERDE               2,146           2,147         30         20                           F-8157 
X0VE    EQUIS VERDE               2,250           2,251         30         20                           F-8158 
X0VE    EQUIS VERDE               2,129           2,130         30         20                           F-8159 
X0VE    EQUIS VERDE               2,334           2,335         30         20                           F-8160 
X0VE    EQUIS VERDE               2,169           2,170         30         20                           F-8161 
X0VE    EQUIS VERDE               2,155           2,156         30         20                           F-8162 
X0VE    EQUIS VERDE               2,185           2,186         30         20                           F-8163 
X0VE    EQUIS VERDE               2,198           2,199         30         20                           F-8164 
X0VE    EQUIS VERDE               2,257           2,258         30         20                           F-8165 
X0VE    EQUIS VERDE               2,233           2,234         30         20                           F-8166 
X0VE    EQUIS VERDE               2,435           2,436         30         20                           F-8167 
X0VE    EQUIS VERDE               2,051           2,052         30         20                           F-8168 









EMPRESA NACIONAL DE MINERIA (ENM) PRODUCTOR          PACKING LIST                             PAG.  :   2
NATIONAL MINING COMPANY                       CODIGO DE LOTE   : F-8124                      FECHA :03/07/2018
                                              -----------------------------
FLUJO        : 
DESCRIPCION  : CATODOS GRADO A
N° INSTR. DE EMBARQUE : 24586
CLIENTE      : NORDIC BEIJING
Lote Sipa    : 18060264

----------------------------------------------------------------------------------------------------------------------------- 
MARCA       DESCRIPCION         PESO NETO      PESO BRUTO     GRUPO     UNIDADES       UBICACION         SERIE                
-----------------------------------------------------------------------------------------------------------------------------

X0VE    EQUIS VERDE               2,435           2,436         30         20                           F-8169 
X0VE    EQUIS VERDE               2,276           2,277         30         20                           F-8170 
X0VE    EQUIS VERDE               2,315           2,316         30         20                           F-8171 
X0VE    EQUIS VERDE               2,128           2,129         30         20                           F-8172 
X0VE    EQUIS VERDE               2,160           2,161         30         20                           F-8173 
X0VE    EQUIS VERDE               2,339           2,340         30         20                           F-8174 
X0VE    EQUIS VERDE               2,282           2,283         30         20                           F-8175 
X0VE    EQUIS VERDE               2,228           2,229         30         20                           F-8176 
X0VE    EQUIS VERDE               2,211           2,212         30         20                           F-8177 
X0VE    EQUIS VERDE               2,147           2,148         30         20                           F-8178 
X0VE    EQUIS VERDE               2,369           2,370         30         20                           F-8179 
X0VE    EQUIS VERDE               2,067           2,068         30         20                           F-8180 
X0VE    EQUIS VERDE               2,270           2,271         30         20                           F-8181 
X0VE    EQUIS VERDE               2,235           2,236         30         20                           F-8182 
X0VE    EQUIS VERDE               2,180           2,181         30         20                           F-8183 
X0VE    EQUIS VERDE               2,227           2,228         30         20                           F-8184 
X0VE    EQUIS VERDE               2,088           2,089         30         20                           F-8185 
X0VE    EQUIS VERDE               1,952           1,953         30         20                           F-8186 
X0VE    EQUIS VERDE               2,404           2,405         30         20                           F-8187 
X0VE    EQUIS VERDE               2,414           2,415         36         20                           F-8188 


------------------------------------------------------------------------------------------------------------------------
T.SUB-LOTES              TOT.PAQUETES =65      TOT.UNID. = 1300   T/P NETO (kg) = 149,975      T/P BRUTO (kg) = 150,040
------------------------------------------------------------------------------------------------------------------------
