
EMPRESA NACIONAL DE MINERIA (ENM) PRODUCTOR          PACKING LIST                             PAG.  :   1
NATIONAL MINING COMPANY                       CODIGO DE LOTE   : M-1690                      FECHA :12/04/2022
                                              -----------------------------
FLUJO        : 
DESCRIPCION  : CATODOS EW EL SALADO
N° INSTR. DE EMBARQUE : 27145
CLIENTE      : COCESA                                  
Lote Sipa    : 21120318

----------------------------------------------------------------------------------------------------------------------------- 
MARCA       DESCRIPCION         PESO NETO      PESO BRUTO     GRUPO     UNIDADES       UBICACION         SERIE                
-----------------------------------------------------------------------------------------------------------------------------

01RJ    FRANJA ROJA               1,956           1,957                    72                           M-1690 
01RJ    FRANJA ROJA               2,017           2,018                    70                           M-1691 
01RJ    FRANJA ROJA               2,077           2,078                    78                           M-1692 
01RJ    FRANJA ROJA               1,967           1,968                    59                           M-1693 
01RJ    FRANJA ROJA               1,960           1,961                    88                           M-1694 
01RJ    FRANJA ROJA               2,002           2,003                    87                           M-1695 
01RJ    FRANJA ROJA               2,022           2,023                    65                           M-1696 
01RJ    FRANJA ROJA               2,013           2,014                    61                           M-1697 
01RJ    FRANJA ROJA               2,001           2,002                    76                           M-1698 
01RJ    FRANJA ROJA               2,038           2,039                    69                           M-1699 
01RJ    FRANJA ROJA               1,975           1,976                    82                           M-1700 
01RJ    FRANJA ROJA               1,993           1,994                    70                           M-1701 
01RJ    FRANJA ROJA               1,963           1,964                    71                           M-1702 
01RJ    FRANJA ROJA               2,016           2,017                    60                           M-1703 
01RJ    FRANJA ROJA               1,973           1,974                    77                           M-1779 
01RJ    FRANJA ROJA               1,977           1,978                    75                           M-1780 
01RJ    FRANJA ROJA               2,056           2,057                    90                           M-1781 
01RJ    FRANJA ROJA               1,986           1,987                    80                           M-1782 
01RJ    FRANJA ROJA               1,994           1,995                    79                           M-1783 
01RJ    FRANJA ROJA               2,041           2,042                    77                           M-1784 
01RJ    FRANJA ROJA               2,017           2,018                    74                           M-1785 
01RJ    FRANJA ROJA               2,030           2,031                    87                           M-1786 
01RJ    FRANJA ROJA               2,022           2,023                    87                           M-1787 
01RJ    FRANJA ROJA               1,966           1,967                    80                           M-1788 
01RJ    FRANJA ROJA               2,034           2,035                    75                           M-1789 
01RJ    FRANJA ROJA               2,006           2,007                    79                           M-1790 
01RJ    FRANJA ROJA               2,002           2,003                    75                           M-1791 
01RJ    FRANJA ROJA               1,953           1,954                    80                           M-1792 
01RJ    FRANJA ROJA               2,006           2,007                    80                           M-2349 
01RJ    FRANJA ROJA               1,972           1,973                    86                           M-2350 
01RJ    FRANJA ROJA               2,005           2,006                    80                           M-2351 
01RJ    FRANJA ROJA               1,991           1,992                    70                           M-2352 
01RJ    FRANJA ROJA               2,035           2,036                    80                           M-2353 
01RJ    FRANJA ROJA               1,979           1,980                    75                           M-2354 
01RJ    FRANJA ROJA               1,966           1,967                    80                           M-2355 
01RJ    FRANJA ROJA               1,963           1,964                    80                           M-2356 
01RJ    FRANJA ROJA               1,981           1,982                    60                           M-2357 
01RJ    FRANJA ROJA               2,044           2,045                    80                           M-2358 
01RJ    FRANJA ROJA               2,047           2,048                    78                           M-2359 
01RJ    FRANJA ROJA               1,981           1,982                    70                           M-2360 
01RJ    FRANJA ROJA               2,050           2,051                    67                           M-2361 
01RJ    FRANJA ROJA               2,016           2,017                    80                           M-2362 


------------------------------------------------------------------------------------------------------------------------
T.SUB-LOTES              TOT.PAQUETES =42      TOT.UNID. = 3189   T/P NETO (kg) = 84,093      T/P BRUTO (kg) = 84,135
------------------------------------------------------------------------------------------------------------------------
