
EMPRESA NACIONAL DE MINERIA (ENM) PRODUCTOR          PACKING LIST                             PAG.  :   1
NATIONAL MINING COMPANY                       CODIGO DE LOTE   : I-1616                      FECHA :08/09/2022
                                              -----------------------------
FLUJO        : 
DESCRIPCION  : CATODOS EW EL SALADO
N° INSTR. DE EMBARQUE : 929939
CLIENTE      : 
Lote Sipa    : 22090240

----------------------------------------------------------------------------------------------------------------------------- 
MARCA       DESCRIPCION         PESO NETO      PESO BRUTO     GRUPO     UNIDADES       UBICACION         SERIE                
-----------------------------------------------------------------------------------------------------------------------------

04BL    CUATRO FRANJAS BLANCAS    2,031           2,032                    63                           I-1616 
04BL    CUATRO FRANJAS BLANCAS    2,028           2,029                    65                           I-1617 
04BL    CUATRO FRANJAS BLANCAS    1,997           1,998                    61                           I-1618 
04BL    CUATRO FRANJAS BLANCAS    2,007           2,008                    67                           I-1619 
04BL    CUATRO FRANJAS BLANCAS    2,028           2,029                    62                           I-1620 
04BL    CUATRO FRANJAS BLANCAS    1,996           1,997                    66                           I-1621 
04BL    CUATRO FRANJAS BLANCAS    1,959           1,960                    61                           I-1622 
04BL    CUATRO FRANJAS BLANCAS    2,030           2,031                    124                          I-1623 
04BL    CUATRO FRANJAS BLANCAS    1,956           1,957                    64                           I-1624 
04BL    CUATRO FRANJAS BLANCAS    2,024           2,025                    78                           I-1625 
04BL    CUATRO FRANJAS BLANCAS    2,017           2,018                    61                           I-1626 
04BL    CUATRO FRANJAS BLANCAS    1,974           1,975                    74                           I-1627 
04BL    CUATRO FRANJAS BLANCAS    2,033           2,034                    63                           I-1628 
04BL    CUATRO FRANJAS BLANCAS    2,077           2,078                    75                           I-1629 


------------------------------------------------------------------------------------------------------------------------
T.SUB-LOTES              TOT.PAQUETES =14      TOT.UNID. = 984   T/P NETO (kg) = 28,157      T/P BRUTO (kg) = 28,171
------------------------------------------------------------------------------------------------------------------------
