
EMPRESA NACIONAL DE MINERIA (ENM) PRODUCTOR          PACKING LIST                             PAG.  :   1
NATIONAL MINING COMPANY                       CODIGO DE LOTE   : E-15824                      FECHA :31/05/2018
                                              -----------------------------
FLUJO        : 
DESCRIPCION  : CATODOS GRADO A
N° INSTR. DE EMBARQUE : 24572
CLIENTE      : SANTA RITA
Lote Sipa    : 

----------------------------------------------------------------------------------------------------------------------------- 
MARCA       DESCRIPCION         PESO NETO      PESO BRUTO     GRUPO     UNIDADES       UBICACION         SERIE                
-----------------------------------------------------------------------------------------------------------------------------

02AZ    DOS FRANJAS AZULES        2,409           2,410         46         20                           E-15824
02AZ    DOS FRANJAS AZULES        2,452           2,453         46         20                           E-15825
02AZ    DOS FRANJAS AZULES        2,392           2,393         46         20                           E-15826
02AZ    DOS FRANJAS AZULES        2,402           2,403         46         20                           E-15827
02AZ    DOS FRANJAS AZULES        2,410           2,411         46         20                           E-15828
02AZ    DOS FRANJAS AZULES        2,407           2,408         46         20                           E-15829
02AZ    DOS FRANJAS AZULES        2,394           2,395         46         20                           E-15830
02AZ    DOS FRANJAS AZULES        2,444           2,445         46         20                           E-15831
02AZ    DOS FRANJAS AZULES        2,393           2,394         46         20                           E-15832
02AZ    DOS FRANJAS AZULES        2,361           2,362         46         20                           E-15833
02AZ    DOS FRANJAS AZULES        2,366           2,367         46         20                           E-15834
02AZ    DOS FRANJAS AZULES        2,398           2,399         46         20                           E-15835
02AZ    DOS FRANJAS AZULES        2,367           2,368         46         20                           E-15836
02AZ    DOS FRANJAS AZULES        2,294           2,295         46         20                           E-15837
02AZ    DOS FRANJAS AZULES        2,268           2,269         46         20                           E-15838
02AZ    DOS FRANJAS AZULES        2,361           2,362         46         20                           E-15839
02AZ    DOS FRANJAS AZULES        2,442           2,443         46         20                           E-15840
02AZ    DOS FRANJAS AZULES        2,406           2,407         46         20                           E-15841
02AZ    DOS FRANJAS AZULES        2,440           2,441         46         20                           E-15842
02AZ    DOS FRANJAS AZULES        2,394           2,395         46         20                           E-15843
02AZ    DOS FRANJAS AZULES        2,341           2,342         46         20                           E-15844
02AZ    DOS FRANJAS AZULES        2,485           2,486         46         20                           E-15845
02AZ    DOS FRANJAS AZULES        2,259           2,260         46         20                           E-15846
02AZ    DOS FRANJAS AZULES        2,388           2,389         46         20                           E-15847
02AZ    DOS FRANJAS AZULES        2,308           2,309         46         20                           E-15848
02AZ    DOS FRANJAS AZULES        2,450           2,451         46         20                           E-15849
02AZ    DOS FRANJAS AZULES        2,469           2,470         46         20                           E-15850
02AZ    DOS FRANJAS AZULES        2,411           2,412         46         20                           E-15851
02AZ    DOS FRANJAS AZULES        2,508           2,509         46         20                           E-15852
02AZ    DOS FRANJAS AZULES        2,276           2,277         46         20                           E-15853
02AZ    DOS FRANJAS AZULES        2,354           2,355         46         20                           E-15854
02AZ    DOS FRANJAS AZULES        2,376           2,377         46         20                           E-15855
02AZ    DOS FRANJAS AZULES        2,412           2,413         46         20                           E-15856
02AZ    DOS FRANJAS AZULES        2,499           2,500         46         20                           E-15857
02AZ    DOS FRANJAS AZULES        2,410           2,411         46         20                           E-15858
02AZ    DOS FRANJAS AZULES        2,402           2,403         46         20                           E-15859
02AZ    DOS FRANJAS AZULES        2,465           2,466         46         20                           E-15860
02AZ    DOS FRANJAS AZULES        2,494           2,495         46         20                           E-15861
02AZ    DOS FRANJAS AZULES        2,453           2,454         46         20                           E-15862
02AZ    DOS FRANJAS AZULES        2,408           2,409         46         20                           E-15863
02AZ    DOS FRANJAS AZULES        2,471           2,472         46         20                           E-15864
02AZ    DOS FRANJAS AZULES        2,440           2,441         46         20                           E-15865
02AZ    DOS FRANJAS AZULES        2,422           2,423         46         20                           E-15866
02AZ    DOS FRANJAS AZULES        2,465           2,466         46         20                           E-15867
02AZ    DOS FRANJAS AZULES        2,507           2,508         46         20                           E-15868









EMPRESA NACIONAL DE MINERIA (ENM) PRODUCTOR          PACKING LIST                             PAG.  :   2
NATIONAL MINING COMPANY                       CODIGO DE LOTE   : E-15824                      FECHA :31/05/2018
                                              -----------------------------
FLUJO        : 
DESCRIPCION  : CATODOS GRADO A
N° INSTR. DE EMBARQUE : 24572
CLIENTE      : SANTA RITA
Lote Sipa    : 

----------------------------------------------------------------------------------------------------------------------------- 
MARCA       DESCRIPCION         PESO NETO      PESO BRUTO     GRUPO     UNIDADES       UBICACION         SERIE                
-----------------------------------------------------------------------------------------------------------------------------

02AZ    DOS FRANJAS AZULES        2,466           2,467         46         20                           E-15869
02AZ    DOS FRANJAS AZULES        2,484           2,485         46         20                           E-15870
02AZ    DOS FRANJAS AZULES        2,129           2,130         46         20                           E-15871
02AZ    DOS FRANJAS AZULES        2,500           2,501         46         20                           E-15872
02AZ    DOS FRANJAS AZULES        2,456           2,457         46         20                           E-15873
02AZ    DOS FRANJAS AZULES        2,440           2,441         46         20                           E-15874
02AZ    DOS FRANJAS AZULES        2,358           2,359         46         20                           E-15875
02AZ    DOS FRANJAS AZULES        2,279           2,280         46         20                           E-15876
02AZ    DOS FRANJAS AZULES        2,266           2,267         46         20                           E-15877
02AZ    DOS FRANJAS AZULES        2,400           2,401         46         20                           E-15878
02AZ    DOS FRANJAS AZULES        2,293           2,294         23         20                           E-15879
02AZ    DOS FRANJAS AZULES        2,096           2,097         25         20                           E-15880
02AZ    DOS FRANJAS AZULES        2,289           2,290         25         20                           E-15881
02AZ    DOS FRANJAS AZULES        2,147           2,148         25         20                           E-15882
02AZ    DOS FRANJAS AZULES        1,911           1,912         25         20                           E-15883
02AZ    DOS FRANJAS AZULES        2,192           2,193         25         20                           E-15884
02AZ    DOS FRANJAS AZULES        2,021           2,022         25         20                           E-15885
02AZ    DOS FRANJAS AZULES        2,187           2,188         25         20                           E-15886
02AZ    DOS FRANJAS AZULES        2,146           2,147         25         20                           E-15887
02AZ    DOS FRANJAS AZULES        2,117           2,118         25         20                           E-15888
02AZ    DOS FRANJAS AZULES        2,115           2,116         25         20                           E-15889
02AZ    DOS FRANJAS AZULES        2,254           2,255         25         20                           E-15890
02AZ    DOS FRANJAS AZULES        2,156           2,157         25         20                           E-15891
02AZ    DOS FRANJAS AZULES        2,264           2,265         46         20                           E-15892
02AZ    DOS FRANJAS AZULES        2,334           2,335         25         20                           E-15893
02AZ    DOS FRANJAS AZULES        2,262           2,263         25         20                           E-15894
02AZ    DOS FRANJAS AZULES        2,241           2,242         25         20                           E-15895
02AZ    DOS FRANJAS AZULES        2,522           2,523         04         20                           E-15896
02AZ    DOS FRANJAS AZULES        2,192           2,193         25         20                           E-15897
02AZ    DOS FRANJAS AZULES        2,252           2,253         25         20                           E-15898
02AZ    DOS FRANJAS AZULES        2,510           2,511         04         20                           E-15899
02AZ    DOS FRANJAS AZULES        2,112           2,113         04         20                           E-15900
02AZ    DOS FRANJAS AZULES        2,404           2,405         04         20                           E-15901
02AZ    DOS FRANJAS AZULES        2,472           2,473         04         20                           E-15902
02AZ    DOS FRANJAS AZULES        1,944           1,945         25         20                           E-15903
02AZ    DOS FRANJAS AZULES        1,954           1,955         25         20                           E-15904
02AZ    DOS FRANJAS AZULES        2,312           2,313         04         20                           E-15905
02AZ    DOS FRANJAS AZULES        2,227           2,228         04         20                           E-15906
02AZ    DOS FRANJAS AZULES        2,435           2,436         04         20                           E-15907
02AZ    DOS FRANJAS AZULES        2,472           2,473         04         20                           E-15908
02AZ    DOS FRANJAS AZULES        2,429           2,430         04         20                           E-15909
02AZ    DOS FRANJAS AZULES        2,208           2,209         04         20                           E-15910
02AZ    DOS FRANJAS AZULES        2,554           2,555         04         20                           E-15911
02AZ    DOS FRANJAS AZULES        2,406           2,407         25         20                           E-15912
02AZ    DOS FRANJAS AZULES        2,302           2,303         25         20                           E-15913









EMPRESA NACIONAL DE MINERIA (ENM) PRODUCTOR          PACKING LIST                             PAG.  :   3
NATIONAL MINING COMPANY                       CODIGO DE LOTE   : E-15824                      FECHA :31/05/2018
                                              -----------------------------
FLUJO        : 
DESCRIPCION  : CATODOS GRADO A
N° INSTR. DE EMBARQUE : 24572
CLIENTE      : SANTA RITA
Lote Sipa    : 

----------------------------------------------------------------------------------------------------------------------------- 
MARCA       DESCRIPCION         PESO NETO      PESO BRUTO     GRUPO     UNIDADES       UBICACION         SERIE                
-----------------------------------------------------------------------------------------------------------------------------

02AZ    DOS FRANJAS AZULES        2,491           2,492         04         20                           E-15914
02AZ    DOS FRANJAS AZULES        2,148           2,149         25         20                           E-15915
02AZ    DOS FRANJAS AZULES        2,439           2,440         04         20                           E-15916
02AZ    DOS FRANJAS AZULES        2,349           2,350         25         20                           E-15917
02AZ    DOS FRANJAS AZULES        2,457           2,458         04         20                           E-15918
02AZ    DOS FRANJAS AZULES        2,520           2,521         25         20                           E-15919
02AZ    DOS FRANJAS AZULES        2,449           2,450         25         20                           E-15920
02AZ    DOS FRANJAS AZULES        2,545           2,546         25         20                           E-15921
02AZ    DOS FRANJAS AZULES        2,082           2,083         25         20                           E-15922
02AZ    DOS FRANJAS AZULES        2,418           2,419         25         20                           E-15923
02AZ    DOS FRANJAS AZULES        2,081           2,082         25         20                           E-15924
02AZ    DOS FRANJAS AZULES        2,502           2,503         04         20                           E-15925
02AZ    DOS FRANJAS AZULES        2,218           2,219         25         20                           E-15926
02AZ    DOS FRANJAS AZULES        2,484           2,485         04         20                           E-15927
02AZ    DOS FRANJAS AZULES        2,115           2,116         25         20                           E-15928
02AZ    DOS FRANJAS AZULES        2,431           2,432         04         20                           E-15929
02AZ    DOS FRANJAS AZULES        2,429           2,430         04         20                           E-15930
02AZ    DOS FRANJAS AZULES        2,356           2,357         25         20                           E-15931
02AZ    DOS FRANJAS AZULES        2,363           2,364         04         20                           E-15932
02AZ    DOS FRANJAS AZULES        2,082           2,083         04         20                           E-15933
02AZ    DOS FRANJAS AZULES        2,480           2,481         25         20                           E-15934
02AZ    DOS FRANJAS AZULES        2,507           2,508         04         20                           E-15935
02AZ    DOS FRANJAS AZULES        1,961           1,962         25         20                           E-15936
02AZ    DOS FRANJAS AZULES        2,144           2,145         25         20                           E-15937
02AZ    DOS FRANJAS AZULES        2,420           2,421         04         20                           E-15938
02AZ    DOS FRANJAS AZULES        2,142           2,143         25         20                           E-15939
02AZ    DOS FRANJAS AZULES        2,336           2,337         25         20                           E-15940
02AZ    DOS FRANJAS AZULES        2,465           2,466         04         20                           E-15941
02AZ    DOS FRANJAS AZULES        2,082           2,083         25         20                           E-15942
02AZ    DOS FRANJAS AZULES        2,433           2,434         25         20                           E-15943
02AZ    DOS FRANJAS AZULES        2,306           2,307         25         20                           E-15944
02AZ    DOS FRANJAS AZULES        2,398           2,399         04         20                           E-15945
02AZ    DOS FRANJAS AZULES        2,415           2,416         04         20                           E-15946
02AZ    DOS FRANJAS AZULES        2,480           2,481         04         20                           E-15947
02AZ    DOS FRANJAS AZULES        2,452           2,453         04         20                           E-15948
02AZ    DOS FRANJAS AZULES        2,398           2,399         04         20                           E-15949
02AZ    DOS FRANJAS AZULES        2,503           2,504         04         20                           E-15950
02AZ    DOS FRANJAS AZULES        2,334           2,335         04         20                           E-15951


------------------------------------------------------------------------------------------------------------------------
T.SUB-LOTES              TOT.PAQUETES =128      TOT.UNID. = 2560   T/P NETO (kg) = 299,998      T/P BRUTO (kg) = 300,126
------------------------------------------------------------------------------------------------------------------------
