
EMPRESA NACIONAL DE MINERIA (ENM) PRODUCTOR          PACKING LIST                             PAG.  :   1
NATIONAL MINING COMPANY                       CODIGO DE LOTE   : J-17988                      FECHA :19/11/2021
                                              -----------------------------
FLUJO        : 
DESCRIPCION  : CATODOS GRADO A
N° INSTR. DE EMBARQUE : 26992
CLIENTE      : NORTHERN PRIORITY
Lote Sipa    : 

----------------------------------------------------------------------------------------------------------------------------- 
MARCA       DESCRIPCION         PESO NETO      PESO BRUTO     GRUPO     UNIDADES       UBICACION         SERIE                
-----------------------------------------------------------------------------------------------------------------------------

01VE    FRANJA VERDE              2,477           2,478         07         20                           J-17988
01VE    FRANJA VERDE              2,291           2,292         07         20                           J-17989
01VE    FRANJA VERDE              2,339           2,340         07         20                           J-17990
01VE    FRANJA VERDE              2,348           2,349         07         20                           J-17991
01VE    FRANJA VERDE              2,366           2,367         07         20                           J-17992
01VE    FRANJA VERDE              2,335           2,336         07         20                           J-17993
01VE    FRANJA VERDE              2,451           2,452         07         20                           J-17994
01VE    FRANJA VERDE              2,517           2,518         47         20                           J-17995
01VE    FRANJA VERDE              2,386           2,387         47         20                           J-17996
01VE    FRANJA VERDE              2,481           2,482         47         20                           J-17997
01VE    FRANJA VERDE              2,347           2,348         47         20                           J-17998
01VE    FRANJA VERDE              2,411           2,412         47         20                           J-17999
01VE    FRANJA VERDE              2,425           2,426         47         20                           J-18000
01VE    FRANJA VERDE              2,427           2,428         07         20                           J-18001
01VE    FRANJA VERDE              2,429           2,430         07         20                           J-18002
01VE    FRANJA VERDE              2,309           2,310         07         20                           J-18003
01VE    FRANJA VERDE              2,327           2,328         07         20                           J-18004
01VE    FRANJA VERDE              2,487           2,488         07         20                           J-18005
01VE    FRANJA VERDE              2,166           2,167         47         20                           J-18006
01VE    FRANJA VERDE              2,400           2,401         47         20                           J-18007
01VE    FRANJA VERDE              2,338           2,339         07         20                           J-18008
01VE    FRANJA VERDE              2,439           2,440         19         20                           J-18009
01VE    FRANJA VERDE              2,375           2,376         07         20                           J-18010
01VE    FRANJA VERDE              2,431           2,432         07         20                           J-18011
01VE    FRANJA VERDE              2,349           2,350         07         20                           J-18012
01VE    FRANJA VERDE              2,396           2,397         19         20                           J-18013
01VE    FRANJA VERDE              2,375           2,376         47         20                           J-18014
01VE    FRANJA VERDE              2,469           2,470         47         20                           J-18015
01VE    FRANJA VERDE              2,236           2,237         47         20                           J-18016
01VE    FRANJA VERDE              2,311           2,312         47         20                           J-18017
01VE    FRANJA VERDE              2,408           2,409         07         20                           J-18018
01VE    FRANJA VERDE              2,524           2,525         47         20                           J-18019
01VE    FRANJA VERDE              2,545           2,546         47         20                           J-18020
01VE    FRANJA VERDE              2,489           2,490         47         20                           J-18021
01VE    FRANJA VERDE              2,195           2,196         47         20                           J-18022
01VE    FRANJA VERDE              2,505           2,506         47         20                           J-18023
01VE    FRANJA VERDE              2,511           2,512         47         20                           J-18024
01VE    FRANJA VERDE              2,518           2,519         47         20                           J-18025
01VE    FRANJA VERDE              2,407           2,408         47         20                           J-18026
01VE    FRANJA VERDE              2,521           2,522         47         20                           J-18027
01VE    FRANJA VERDE              2,369           2,370         47         20                           J-18028
01VE    FRANJA VERDE              2,429           2,430         47         20                           J-18029
01VE    FRANJA VERDE              2,415           2,416         47         20                           J-18030
01VE    FRANJA VERDE              2,556           2,557         47         20                           J-18031
01VE    FRANJA VERDE              2,529           2,530         47         20                           J-18032









EMPRESA NACIONAL DE MINERIA (ENM) PRODUCTOR          PACKING LIST                             PAG.  :   2
NATIONAL MINING COMPANY                       CODIGO DE LOTE   : J-17988                      FECHA :19/11/2021
                                              -----------------------------
FLUJO        : 
DESCRIPCION  : CATODOS GRADO A
N° INSTR. DE EMBARQUE : 26992
CLIENTE      : NORTHERN PRIORITY
Lote Sipa    : 

----------------------------------------------------------------------------------------------------------------------------- 
MARCA       DESCRIPCION         PESO NETO      PESO BRUTO     GRUPO     UNIDADES       UBICACION         SERIE                
-----------------------------------------------------------------------------------------------------------------------------

01VE    FRANJA VERDE              2,493           2,494         47         20                           J-18033
01VE    FRANJA VERDE              2,161           2,162         47         20                           J-18034
01VE    FRANJA VERDE              2,329           2,330         47         20                           J-18035
01VE    FRANJA VERDE              2,279           2,280         47         20                           J-18036
01VE    FRANJA VERDE              2,342           2,343         47         20                           J-18037
01VE    FRANJA VERDE              2,548           2,549         47         20                           J-18038
01VE    FRANJA VERDE              2,520           2,521         47         20                           J-18039
01VE    FRANJA VERDE              2,376           2,377         47         20                           J-18040
01VE    FRANJA VERDE              2,539           2,540         47         20                           J-18041
01VE    FRANJA VERDE              2,485           2,486         47         20                           J-18042
01VE    FRANJA VERDE              2,487           2,488         47         20                           J-18043
01VE    FRANJA VERDE              2,323           2,324         47         20                           J-18044
01VE    FRANJA VERDE              2,451           2,452         47         20                           J-18045
01VE    FRANJA VERDE              2,411           2,412         09         20                           J-18046
01VE    FRANJA VERDE              2,553           2,554         09         20                           J-18047
01VE    FRANJA VERDE              2,427           2,428         09         20                           J-18048
01VE    FRANJA VERDE              2,413           2,414         09         20                           J-18049
01VE    FRANJA VERDE              2,427           2,428         09         20                           J-18050
01VE    FRANJA VERDE              2,489           2,490         09         20                           J-18051
01VE    FRANJA VERDE              2,521           2,522         09         20                           J-18052
01VE    FRANJA VERDE              2,463           2,464         09         20                           J-18053
01VE    FRANJA VERDE              2,417           2,418         09         20                           J-18054
01VE    FRANJA VERDE              2,560           2,561         09         20                           J-18055
01VE    FRANJA VERDE              2,459           2,460         09         20                           J-18056
01VE    FRANJA VERDE              2,501           2,502         09         20                           J-18057
01VE    FRANJA VERDE              2,574           2,575         09         20                           J-18058
01VE    FRANJA VERDE              2,419           2,420         09         20                           J-18059
01VE    FRANJA VERDE              2,351           2,352         09         20                           J-18060
01VE    FRANJA VERDE              2,544           2,545         09         20                           J-18061
01VE    FRANJA VERDE              2,513           2,514         09         20                           J-18062
01VE    FRANJA VERDE              2,459           2,460         09         20                           J-18063
01VE    FRANJA VERDE              2,423           2,424         09         20                           J-18064
01VE    FRANJA VERDE              2,477           2,478         09         20                           J-18065
01VE    FRANJA VERDE              2,435           2,436         09         20                           J-18066
01VE    FRANJA VERDE              2,471           2,472         09         20                           J-18067
01VE    FRANJA VERDE              2,467           2,468         09         20                           J-18068
01VE    FRANJA VERDE              2,561           2,562         09         20                           J-18069
01VE    FRANJA VERDE              2,393           2,394         24         20                           J-18070
01VE    FRANJA VERDE              2,538           2,539         24         20                           J-18071
01VE    FRANJA VERDE              2,492           2,493         04         20                           J-18072
01VE    FRANJA VERDE              2,503           2,504         04         20                           J-18073
01VE    FRANJA VERDE              2,455           2,456         41         20                           J-18074
01VE    FRANJA VERDE              2,375           2,376         41         20                           J-18075
01VE    FRANJA VERDE              2,377           2,378         41         20                           J-18076
01VE    FRANJA VERDE              2,384           2,385         41         20                           J-18077









EMPRESA NACIONAL DE MINERIA (ENM) PRODUCTOR          PACKING LIST                             PAG.  :   3
NATIONAL MINING COMPANY                       CODIGO DE LOTE   : J-17988                      FECHA :19/11/2021
                                              -----------------------------
FLUJO        : 
DESCRIPCION  : CATODOS GRADO A
N° INSTR. DE EMBARQUE : 26992
CLIENTE      : NORTHERN PRIORITY
Lote Sipa    : 

----------------------------------------------------------------------------------------------------------------------------- 
MARCA       DESCRIPCION         PESO NETO      PESO BRUTO     GRUPO     UNIDADES       UBICACION         SERIE                
-----------------------------------------------------------------------------------------------------------------------------

01VE    FRANJA VERDE              2,499           2,500         41         20                           J-18078
01VE    FRANJA VERDE              2,445           2,446         41         20                           J-18079
01VE    FRANJA VERDE              2,477           2,478         41         20                           J-18080
01VE    FRANJA VERDE              2,452           2,453         41         20                           J-18081
01VE    FRANJA VERDE              2,295           2,296         20         20                           J-18082
01VE    FRANJA VERDE              2,368           2,369         20         20                           J-18083
01VE    FRANJA VERDE              2,381           2,382         20         20                           J-18084
01VE    FRANJA VERDE              2,234           2,235         29         20                           J-18085
01VE    FRANJA VERDE              2,499           2,500         29         20                           J-18086
01VE    FRANJA VERDE              2,409           2,410         29         20                           J-18087
01VE    FRANJA VERDE              2,423           2,424         04         20                           J-18088
01VE    FRANJA VERDE              2,454           2,455         04         20                           J-18089
01VE    FRANJA VERDE              2,356           2,357         04         20                           J-18090
01VE    FRANJA VERDE              2,331           2,332         04         20                           J-18091
01VE    FRANJA VERDE              2,505           2,506         29         20                           J-18092
01VE    FRANJA VERDE              2,559           2,560         29         20                           J-18093
01VE    FRANJA VERDE              2,407           2,408         29         20                           J-18094
01VE    FRANJA VERDE              2,433           2,434         29         20                           J-18095
01VE    FRANJA VERDE              2,477           2,478         29         20                           J-18096
01VE    FRANJA VERDE              2,427           2,428         29         20                           J-18097
01VE    FRANJA VERDE              2,389           2,390         29         20                           J-18098
01VE    FRANJA VERDE              2,397           2,398         29         20                           J-18099
01VE    FRANJA VERDE              2,063           2,064         04         20                           J-18100
01VE    FRANJA VERDE              2,373           2,374         04         20                           J-18101
01VE    FRANJA VERDE              2,360           2,361         04         20                           J-18102
01VE    FRANJA VERDE              2,284           2,285         24         20                           J-18103
01VE    FRANJA VERDE              2,397           2,398         24         20                           J-18104
01VE    FRANJA VERDE              2,223           2,224         24         20                           J-18105
01VE    FRANJA VERDE              2,364           2,365         24         20                           J-18106
01VE    FRANJA VERDE              2,371           2,372         24         20                           J-18107
01VE    FRANJA VERDE              2,403           2,404         24         20                           J-18108
01VE    FRANJA VERDE              2,493           2,494         24         20                           J-18109
01VE    FRANJA VERDE              2,431           2,432         24         20                           J-18110
01VE    FRANJA VERDE              2,445           2,446         24         20                           J-18111


------------------------------------------------------------------------------------------------------------------------
T.SUB-LOTES              TOT.PAQUETES =124      TOT.UNID. = 2480   T/P NETO (kg) = 299,968      T/P BRUTO (kg) = 300,092
------------------------------------------------------------------------------------------------------------------------
