
EMPRESA NACIONAL DE MINERIA (ENM) PRODUCTOR          PACKING LIST                             PAG.  :   1
NATIONAL MINING COMPANY                       CODIGO DE LOTE   : C-1478                      FECHA :29/05/2023
                                              -----------------------------
FLUJO        : 
DESCRIPCION  : LAMINAS RECHAZADAS SIN OREJAS
N° INSTR. DE EMBARQUE : 64430
CLIENTE      : 
Lote Sipa    : 

----------------------------------------------------------------------------------------------------------------------------- 
MARCA       DESCRIPCION         PESO NETO      PESO BRUTO     GRUPO     UNIDADES       UBICACION         SERIE                
-----------------------------------------------------------------------------------------------------------------------------

01VE    FRANJA VERDE              1,849           1,850                     1                           C-1478 
01VE    FRANJA VERDE              1,894           1,895                     1                           C-1479 
01VE    FRANJA VERDE              1,770           1,771                     1                           C-1480 
01VE    FRANJA VERDE              1,856           1,857                     1                           C-1481 
01VE    FRANJA VERDE              1,660           1,661                     1                           C-1482 
01VE    FRANJA VERDE              2,022           2,023                     1                           C-1483 
01VE    FRANJA VERDE              1,918           1,919                     1                           C-1484 
01VE    FRANJA VERDE              1,748           1,749                     1                           C-1485 
01VE    FRANJA VERDE              1,506           1,507                     1                           C-1486 
01VE    FRANJA VERDE              1,835           1,836                     1                           C-1487 
01VE    FRANJA VERDE              1,900           1,901                     1                           C-1488 
01VE    FRANJA VERDE              1,782           1,783                     1                           C-1489 
01VE    FRANJA VERDE              1,928           1,929                     1                           C-1490 
01VE    FRANJA VERDE              1,825           1,826                     1                           C-1491 
01VE    FRANJA VERDE              1,544           1,545                     1                           C-1492 
01VE    FRANJA VERDE              1,945           1,946                     1                           C-1493 
01VE    FRANJA VERDE              1,652           1,653                     1                           C-1494 
01VE    FRANJA VERDE              1,584           1,585                     1                           C-1495 
01VE    FRANJA VERDE              1,772           1,773                     1                           C-1496 
01VE    FRANJA VERDE              1,958           1,959                     1                           C-1497 
01VE    FRANJA VERDE              1,892           1,893                     1                           C-1498 
01VE    FRANJA VERDE              1,586           1,587                     1                           C-1499 
01VE    FRANJA VERDE              1,661           1,662                     1                           C-1500 
01VE    FRANJA VERDE              1,886           1,887                     1                           C-1501 
01VE    FRANJA VERDE              1,856           1,857                     1                           C-1502 
01VE    FRANJA VERDE              1,775           1,776                     1                           C-1503 
01VE    FRANJA VERDE              1,984           1,985                     1                           C-1504 
01VE    FRANJA VERDE              1,867           1,868                     1                           C-1505 
01VE    FRANJA VERDE              1,946           1,947                     1                           D-1433 
01VE    FRANJA VERDE              1,850           1,851                     1                           D-1434 
01VE    FRANJA VERDE              1,653           1,654                     1                           D-1435 
01VE    FRANJA VERDE              1,697           1,698                     1                           D-1436 
01VE    FRANJA VERDE              1,813           1,814                     1                           D-1437 
01VE    FRANJA VERDE              1,874           1,875                     1                           D-1438 
01VE    FRANJA VERDE              1,750           1,751                     1                           D-1439 
01VE    FRANJA VERDE              1,616           1,617                     1                           D-1440 
01VE    FRANJA VERDE              1,820           1,821                     1                           D-1441 
01VE    FRANJA VERDE              1,942           1,943                     1                           D-1442 
01VE    FRANJA VERDE              1,933           1,934                     1                           D-1443 
01VE    FRANJA VERDE              1,862           1,863                     1                           D-1444 
01VE    FRANJA VERDE              1,938           1,939                     1                           D-1445 
01VE    FRANJA VERDE              1,843           1,844                     1                           D-1446 
01VE    FRANJA VERDE              2,024           2,025                     1                           D-1447 
01VE    FRANJA VERDE              1,800           1,801                     1                           D-1448 
01VE    FRANJA VERDE              1,917           1,918                     1                           D-1449 









EMPRESA NACIONAL DE MINERIA (ENM) PRODUCTOR          PACKING LIST                             PAG.  :   2
NATIONAL MINING COMPANY                       CODIGO DE LOTE   : C-1478                      FECHA :29/05/2023
                                              -----------------------------
FLUJO        : 
DESCRIPCION  : LAMINAS RECHAZADAS SIN OREJAS
N° INSTR. DE EMBARQUE : 64430
CLIENTE      : 
Lote Sipa    : 

----------------------------------------------------------------------------------------------------------------------------- 
MARCA       DESCRIPCION         PESO NETO      PESO BRUTO     GRUPO     UNIDADES       UBICACION         SERIE                
-----------------------------------------------------------------------------------------------------------------------------

01VE    FRANJA VERDE              1,883           1,884                     1                           D-1450 
01VE    FRANJA VERDE              1,636           1,637                     1                           D-1451 
01VE    FRANJA VERDE              1,820           1,821                     1                           D-1452 
01VE    FRANJA VERDE              1,940           1,941                     1                           D-1453 
01VE    FRANJA VERDE              1,520           1,521                     1                           D-1454 
01VE    FRANJA VERDE              1,781           1,782                     1                           D-1455 
01VE    FRANJA VERDE              1,486           1,487                     1                           D-1456 
01VE    FRANJA VERDE              1,873           1,874                     1                           D-1457 
01VE    FRANJA VERDE              1,776           1,777                     1                           D-1458 
01VE    FRANJA VERDE              1,586           1,587                     1                           D-1459 
01VE    FRANJA VERDE              1,517           1,518                     1                           D-1460 
01VE    FRANJA VERDE              1,936           1,937                     1                           D-1462 
01VE    FRANJA VERDE              1,813           1,814                     1                           D-1463 
01VE    FRANJA VERDE              1,838           1,839                     1                           D-1464 
01VE    FRANJA VERDE              1,808           1,809                     1                           D-1465 
01VE    FRANJA VERDE              1,522           1,523                     1                           D-1466 
01VE    FRANJA VERDE              1,516           1,517                     1                           D-1467 
01VE    FRANJA VERDE              1,574           1,575                     1                           D-1468 
01VE    FRANJA VERDE              1,590           1,591                     1                           D-1469 
01VE    FRANJA VERDE              1,660           1,661                     1                           D-1470 
01VE    FRANJA VERDE              1,892           1,893                     1                           D-1471 
01VE    FRANJA VERDE              1,940           1,941                     1                           D-1472 
01VE    FRANJA VERDE              1,988           1,989                     1                           D-1473 
01VE    FRANJA VERDE              1,790           1,791                     1                           D-1474 
01VE    FRANJA VERDE              1,666           1,667                     1                           D-1475 
01VE    FRANJA VERDE              1,532           1,533                     1                           D-1476 
01VE    FRANJA VERDE              1,711           1,712                     1                           D-1477 
01VE    FRANJA VERDE              1,737           1,738                     1                           D-1478 
01VE    FRANJA VERDE              1,843           1,844                     1                           D-1479 
01VE    FRANJA VERDE              1,764           1,765                     1                           D-1480 
01VE    FRANJA VERDE              1,932           1,933                     1                           D-1481 
01VE    FRANJA VERDE              1,850           1,851                     1                           D-1482 
01VE    FRANJA VERDE              1,637           1,638                     1                           D-1483 
01VE    FRANJA VERDE              1,796           1,797                     1                           D-1484 
01VE    FRANJA VERDE              1,724           1,725                     1                           D-1485 
01VE    FRANJA VERDE              1,580           1,581                     1                           D-1486 
01VE    FRANJA VERDE              1,520           1,521                     1                           D-1487 
01VE    FRANJA VERDE              1,816           1,817                     1                           D-1493 
01VE    FRANJA VERDE              1,988           1,989                     1                           D-1494 
01VE    FRANJA VERDE              1,744           1,745                     1                           D-1495 
01VE    FRANJA VERDE              1,980           1,981                     1                           D-1496 
01VE    FRANJA VERDE              1,798           1,799                     1                           D-1497 
01VE    FRANJA VERDE              1,674           1,675                     1                           D-1498 
01VE    FRANJA VERDE              1,972           1,973                     1                           D-1499 
01VE    FRANJA VERDE              1,892           1,893                     1                           D-1500 









EMPRESA NACIONAL DE MINERIA (ENM) PRODUCTOR          PACKING LIST                             PAG.  :   3
NATIONAL MINING COMPANY                       CODIGO DE LOTE   : C-1478                      FECHA :29/05/2023
                                              -----------------------------
FLUJO        : 
DESCRIPCION  : LAMINAS RECHAZADAS SIN OREJAS
N° INSTR. DE EMBARQUE : 64430
CLIENTE      : 
Lote Sipa    : 

----------------------------------------------------------------------------------------------------------------------------- 
MARCA       DESCRIPCION         PESO NETO      PESO BRUTO     GRUPO     UNIDADES       UBICACION         SERIE                
-----------------------------------------------------------------------------------------------------------------------------

01VE    FRANJA VERDE              1,710           1,711                     1                           D-1501 
01VE    FRANJA VERDE              1,778           1,779                     1                           D-1502 
01VE    FRANJA VERDE              1,838           1,839                     1                           D-1503 
01VE    FRANJA VERDE              1,776           1,777                     1                           D-1504 
01VE    FRANJA VERDE              1,888           1,889                     1                           D-1507 
01VE    FRANJA VERDE              1,739           1,740                     1                           D-1508 
01VE    FRANJA VERDE              1,900           1,901                     1                           D-1509 
01VE    FRANJA VERDE              1,656           1,657                     1                           D-1510 
01VE    FRANJA VERDE              1,864           1,865                     1                           D-1511 
01VE    FRANJA VERDE              1,904           1,905                     1                           D-1512 
01VE    FRANJA VERDE              1,928           1,929                     1                           D-1513 
01VE    FRANJA VERDE              1,938           1,939                     1                           D-1514 
01VE    FRANJA VERDE              1,906           1,907                     1                           D-1515 
01VE    FRANJA VERDE              1,946           1,947                     1                           D-1516 
01VE    FRANJA VERDE              1,939           1,940                     1                           D-1517 
01VE    FRANJA VERDE              1,868           1,869                     1                           D-1518 
01VE    FRANJA VERDE              1,942           1,943                     1                           D-1519 
01VE    FRANJA VERDE              1,752           1,753                     1                           D-1520 
01VE    FRANJA VERDE              1,837           1,838                     1                           D-1521 
01VE    FRANJA VERDE              1,948           1,949                     1                           D-1538 
01VE    FRANJA VERDE              1,917           1,918                     1                           D-1539 
01VE    FRANJA VERDE              1,967           1,968                     1                           D-1540 
01VE    FRANJA VERDE              1,752           1,753                     1                           D-1541 
01VE    FRANJA VERDE              1,996           1,997                     1                           D-1542 
01VE    FRANJA VERDE              1,833           1,834                     1                           D-1543 
01VE    FRANJA VERDE              1,674           1,675                     1                           D-1544 
01VE    FRANJA VERDE              1,756           1,757                     1                           D-1545 
01VE    FRANJA VERDE              1,988           1,989                     1                           D-1546 
01VE    FRANJA VERDE              1,874           1,875                     1                           D-1547 
01VE    FRANJA VERDE              2,473           2,474                     1                           D-1548 
01VE    FRANJA VERDE              1,977           1,978                     1                           D-1549 
01VE    FRANJA VERDE              1,902           1,903                     1                           D-1550 
01VE    FRANJA VERDE              1,708           1,709                     1                           D-1551 
01VE    FRANJA VERDE              1,840           1,841                     1                           D-1552 
01VE    FRANJA VERDE              1,866           1,867                     1                           D-1553 
01VE    FRANJA VERDE              1,884           1,885                     1                           D-1554 
01VE    FRANJA VERDE              1,720           1,721                     1                           D-1555 
01VE    FRANJA VERDE              1,876           1,877                     1                           D-1556 
01VE    FRANJA VERDE              1,888           1,889                     1                           D-1557 
01VE    FRANJA VERDE              1,735           1,736                     1                           D-1558 
01VE    FRANJA VERDE              1,526           1,527                     1                           D-1559 
01VE    FRANJA VERDE              1,520           1,521                     1                           D-1560 
01VE    FRANJA VERDE              1,870           1,871                     1                           D-1561 
01VE    FRANJA VERDE              1,693           1,694                     1                           D-1562 
01VE    FRANJA VERDE              1,890           1,891                     1                           D-1563 









EMPRESA NACIONAL DE MINERIA (ENM) PRODUCTOR          PACKING LIST                             PAG.  :   4
NATIONAL MINING COMPANY                       CODIGO DE LOTE   : C-1478                      FECHA :29/05/2023
                                              -----------------------------
FLUJO        : 
DESCRIPCION  : LAMINAS RECHAZADAS SIN OREJAS
N° INSTR. DE EMBARQUE : 64430
CLIENTE      : 
Lote Sipa    : 

----------------------------------------------------------------------------------------------------------------------------- 
MARCA       DESCRIPCION         PESO NETO      PESO BRUTO     GRUPO     UNIDADES       UBICACION         SERIE                
-----------------------------------------------------------------------------------------------------------------------------

01VE    FRANJA VERDE              1,533           1,534                     1                           D-1564 
01VE    FRANJA VERDE              1,508           1,509                     1                           E-1421 
01VE    FRANJA VERDE              1,692           1,693                     1                           E-1422 
01VE    FRANJA VERDE              1,516           1,517                     1                           E-1423 
01VE    FRANJA VERDE              1,662           1,663                     1                           E-1428 
01VE    FRANJA VERDE              1,738           1,739                     1                           E-1429 
01VE    FRANJA VERDE              1,902           1,903                     1                           E-1430 
01VE    FRANJA VERDE              1,752           1,753                     1                           E-1431 
01VE    FRANJA VERDE              1,811           1,812                     1                           E-1432 
01VE    FRANJA VERDE              1,994           1,995                     1                           E-1433 
01VE    FRANJA VERDE              1,650           1,651                     1                           E-1434 
01VE    FRANJA VERDE              1,820           1,821                     1                           E-1435 
01VE    FRANJA VERDE              1,773           1,774                     1                           E-1436 
01VE    FRANJA VERDE              1,945           1,946                     1                           E-1437 
01VE    FRANJA VERDE              1,902           1,903                     1                           E-1438 
01VE    FRANJA VERDE              1,656           1,657                     1                           E-1439 
01VE    FRANJA VERDE              1,779           1,780                     1                           E-1440 
01VE    FRANJA VERDE              1,852           1,853                     1                           E-1441 
01VE    FRANJA VERDE              1,733           1,734                     1                           E-1442 
01VE    FRANJA VERDE              1,485           1,486                     1                           E-1443 
01VE    FRANJA VERDE              1,955           1,956                     1                           E-1444 
01VE    FRANJA VERDE              1,540           1,541                     1                           E-1445 
01VE    FRANJA VERDE              1,850           1,851                     1                           E-1446 
01VE    FRANJA VERDE              1,878           1,879                     1                           E-1447 
01VE    FRANJA VERDE              1,740           1,741                     1                           E-1448 
01VE    FRANJA VERDE              1,710           1,711                     1                           E-1449 
01VE    FRANJA VERDE              2,342           2,343                     1                           E-1450 
01VE    FRANJA VERDE              1,802           1,803                     1                           E-1451 
01VE    FRANJA VERDE              1,684           1,685                     1                           E-1452 
01VE    FRANJA VERDE              1,563           1,564                     1                           E-1453 
01VE    FRANJA VERDE              1,654           1,655                     1                           E-1454 
01VE    FRANJA VERDE              1,732           1,733                     1                           E-1455 


------------------------------------------------------------------------------------------------------------------------
T.SUB-LOTES              TOT.PAQUETES =167      TOT.UNID. = 167   T/P NETO (kg) = 299,909      T/P BRUTO (kg) = 300,076
------------------------------------------------------------------------------------------------------------------------
