
EMPRESA NACIONAL DE MINERIA (ENM) PRODUCTOR          PACKING LIST                             PAG.  :   1
NATIONAL MINING COMPANY                       CODIGO DE LOTE   : B-9324                      FECHA :27/02/2019
                                              -----------------------------
FLUJO        : 
DESCRIPCION  : CATODOS GRADO A
N° INSTR. DE EMBARQUE : 25102
CLIENTE      : MAERSK ARAS
Lote Sipa    : 

----------------------------------------------------------------------------------------------------------------------------- 
MARCA       DESCRIPCION         PESO NETO      PESO BRUTO     GRUPO     UNIDADES       UBICACION         SERIE                
-----------------------------------------------------------------------------------------------------------------------------

X0VE    EQUIS VERDE               2,168           2,169         37         20                           B-9324 
X0VE    EQUIS VERDE               2,102           2,103         37         20                           B-9325 
X0VE    EQUIS VERDE               2,182           2,183         37         20                           B-9326 
X0VE    EQUIS VERDE               2,228           2,229         37         20                           B-9327 
X0VE    EQUIS VERDE               2,116           2,117         04         20                           B-9328 
X0VE    EQUIS VERDE               2,150           2,151         04         20                           B-9329 
X0VE    EQUIS VERDE               2,059           2,060         04         20                           B-9330 
X0VE    EQUIS VERDE               2,026           2,027         04         20                           B-9331 
X0VE    EQUIS VERDE               2,142           2,143         04         20                           B-9332 
X0VE    EQUIS VERDE               2,152           2,153         04         20                           B-9333 
X0VE    EQUIS VERDE               2,215           2,216         04         20                           B-9334 
X0VE    EQUIS VERDE               2,196           2,197         04         20                           B-9335 
X0VE    EQUIS VERDE               2,215           2,216         04         20                           B-9336 
X0VE    EQUIS VERDE               2,195           2,196         04         20                           B-9337 
X0VE    EQUIS VERDE               2,127           2,128         04         20                           B-9338 
X0VE    EQUIS VERDE               2,124           2,125         04         20                           B-9339 
X0VE    EQUIS VERDE               2,115           2,116         04         20                           B-9340 
X0VE    EQUIS VERDE               2,217           2,218         04         20                           B-9341 
X0VE    EQUIS VERDE               2,168           2,169         04         20                           B-9342 
X0VE    EQUIS VERDE               1,990           1,991         04         20                           B-9343 
X0VE    EQUIS VERDE               2,106           2,107         04         20                           B-9344 
X0VE    EQUIS VERDE               2,174           2,175         04         20                           B-9345 
X0VE    EQUIS VERDE               2,244           2,245         04         20                           B-9346 
X0VE    EQUIS VERDE               2,191           2,192         04         20                           B-9347 
X0VE    EQUIS VERDE               2,144           2,145         04         20                           B-9348 
X0VE    EQUIS VERDE               1,920           1,921         04         20                           B-9349 
X0VE    EQUIS VERDE               2,142           2,143         04         20                           B-9350 
X0VE    EQUIS VERDE               2,214           2,215         04         20                           B-9351 
X0VE    EQUIS VERDE               2,231           2,232         04         20                           B-9352 
X0VE    EQUIS VERDE               2,212           2,213         04         20                           B-9353 
X0VE    EQUIS VERDE               2,148           2,149         04         20                           B-9354 
X0VE    EQUIS VERDE               2,181           2,182         04         20                           B-9355 
X0VE    EQUIS VERDE               2,220           2,221         04         20                           B-9356 
X0VE    EQUIS VERDE               2,157           2,158         04         20                           B-9357 
X0VE    EQUIS VERDE               2,290           2,291         04         20                           B-9358 
X0VE    EQUIS VERDE               2,223           2,224         04         20                           B-9359 
X0VE    EQUIS VERDE               2,177           2,178         04         20                           B-9360 
X0VE    EQUIS VERDE               2,328           2,329         04         20                           B-9361 
X0VE    EQUIS VERDE               2,099           2,100         04         20                           B-9362 
X0VE    EQUIS VERDE               2,132           2,133         04         20                           B-9363 
X0VE    EQUIS VERDE               2,221           2,222         04         20                           B-9364 
X0VE    EQUIS VERDE               2,168           2,169         04         20                           B-9365 
X0VE    EQUIS VERDE               1,920           1,921         04         20                           B-9366 
X0VE    EQUIS VERDE               2,192           2,193         04         20                           B-9367 
X0VE    EQUIS VERDE               2,245           2,246         12         20                           B-9368 









EMPRESA NACIONAL DE MINERIA (ENM) PRODUCTOR          PACKING LIST                             PAG.  :   2
NATIONAL MINING COMPANY                       CODIGO DE LOTE   : B-9324                      FECHA :27/02/2019
                                              -----------------------------
FLUJO        : 
DESCRIPCION  : CATODOS GRADO A
N° INSTR. DE EMBARQUE : 25102
CLIENTE      : MAERSK ARAS
Lote Sipa    : 

----------------------------------------------------------------------------------------------------------------------------- 
MARCA       DESCRIPCION         PESO NETO      PESO BRUTO     GRUPO     UNIDADES       UBICACION         SERIE                
-----------------------------------------------------------------------------------------------------------------------------

X0VE    EQUIS VERDE               2,199           2,200         04         20                           B-9369 
X0VE    EQUIS VERDE               2,282           2,283         04         20                           B-9370 
X0VE    EQUIS VERDE               2,154           2,155         04         20                           B-9371 
X0VE    EQUIS VERDE               2,121           2,122         04         20                           B-9372 
X0VE    EQUIS VERDE               2,298           2,299         12         20                           B-9373 
X0VE    EQUIS VERDE               2,304           2,305         04         20                           B-9374 
X0VE    EQUIS VERDE               2,185           2,186         04         20                           B-9375 
X0VE    EQUIS VERDE               2,185           2,186         04         20                           B-9376 
X0VE    EQUIS VERDE               2,243           2,244         12         20                           B-9377 
X0VE    EQUIS VERDE               2,239           2,240         04         20                           B-9378 
X0VE    EQUIS VERDE               2,148           2,149         04         20                           B-9379 
X0VE    EQUIS VERDE               2,138           2,139         04         20                           B-9380 
X0VE    EQUIS VERDE               2,226           2,227         04         20                           B-9381 
X0VE    EQUIS VERDE               2,172           2,173         04         20                           B-9382 
X0VE    EQUIS VERDE               2,139           2,140         04         20                           B-9383 
X0VE    EQUIS VERDE               2,257           2,258         12         20                           B-9384 
X0VE    EQUIS VERDE               2,168           2,169         04         20                           B-9385 
X0VE    EQUIS VERDE               2,188           2,189         04         20                           B-9386 
X0VE    EQUIS VERDE               2,156           2,157         04         20                           B-9387 
X0VE    EQUIS VERDE               2,249           2,250         12         20                           B-9388 
X0VE    EQUIS VERDE               2,380           2,381         04         20                           B-9389 
X0VE    EQUIS VERDE               2,276           2,277         12         20                           B-9390 
X0VE    EQUIS VERDE               2,012           2,013         04         20                           B-9391 
X0VE    EQUIS VERDE               2,372           2,373         12         20                           B-9392 
X0VE    EQUIS VERDE               1,969           1,970         04         20                           B-9393 
X0VE    EQUIS VERDE               1,976           1,977         04         20                           B-9394 
X0VE    EQUIS VERDE               2,299           2,300         12         20                           B-9395 
X0VE    EQUIS VERDE               2,017           2,018         04         20                           B-9396 
X0VE    EQUIS VERDE               2,353           2,354         04         20                           B-9397 
X0VE    EQUIS VERDE               2,090           2,091         04         20                           B-9398 
X0VE    EQUIS VERDE               2,103           2,104         04         20                           B-9399 
X0VE    EQUIS VERDE               2,296           2,297         12         20                           B-9400 
X0VE    EQUIS VERDE               2,023           2,024         11         20                           B-9401 
X0VE    EQUIS VERDE               2,325           2,326         12         20                           B-9402 
X0VE    EQUIS VERDE               2,119           2,120         04         20                           B-9403 
X0VE    EQUIS VERDE               1,900           1,901         11         20                           B-9404 
X0VE    EQUIS VERDE               2,180           2,181         04         20                           B-9405 
X0VE    EQUIS VERDE               2,128           2,129         12         20                           B-9406 
X0VE    EQUIS VERDE               2,094           2,095         04         20                           B-9407 
X0VE    EQUIS VERDE               2,181           2,182         12         20                           B-9408 
X0VE    EQUIS VERDE               2,239           2,240         04         20                           B-9409 
X0VE    EQUIS VERDE               2,245           2,246         12         20                           B-9410 
X0VE    EQUIS VERDE               2,227           2,228         12         20                           B-9411 
X0VE    EQUIS VERDE               2,167           2,168         12         20                           B-9412 
X0VE    EQUIS VERDE               2,141           2,142         12         20                           B-9413 









EMPRESA NACIONAL DE MINERIA (ENM) PRODUCTOR          PACKING LIST                             PAG.  :   3
NATIONAL MINING COMPANY                       CODIGO DE LOTE   : B-9324                      FECHA :27/02/2019
                                              -----------------------------
FLUJO        : 
DESCRIPCION  : CATODOS GRADO A
N° INSTR. DE EMBARQUE : 25102
CLIENTE      : MAERSK ARAS
Lote Sipa    : 

----------------------------------------------------------------------------------------------------------------------------- 
MARCA       DESCRIPCION         PESO NETO      PESO BRUTO     GRUPO     UNIDADES       UBICACION         SERIE                
-----------------------------------------------------------------------------------------------------------------------------

X0VE    EQUIS VERDE               2,203           2,204         04         20                           B-9414 
X0VE    EQUIS VERDE               2,194           2,195         12         20                           B-9415 


------------------------------------------------------------------------------------------------------------------------
T.SUB-LOTES              TOT.PAQUETES =92      TOT.UNID. = 1840   T/P NETO (kg) = 199,726      T/P BRUTO (kg) = 199,818
------------------------------------------------------------------------------------------------------------------------
