
EMPRESA NACIONAL DE MINERIA (ENM) PRODUCTOR          PACKING LIST                             PAG.  :   1
NATIONAL MINING COMPANY                       CODIGO DE LOTE   : H-9617                      FECHA :26/08/2019
                                              -----------------------------
FLUJO        : 
DESCRIPCION  : CATODOS GRADO A
N° INSTR. DE EMBARQUE : 25436
CLIENTE      : SAN ANTONIO EXPRESS
Lote Sipa    : 

----------------------------------------------------------------------------------------------------------------------------- 
MARCA       DESCRIPCION         PESO NETO      PESO BRUTO     GRUPO     UNIDADES       UBICACION         SERIE                
-----------------------------------------------------------------------------------------------------------------------------

V0AZ    V AZUL                    2,323           2,324         06         20                           H-9617 
V0AZ    V AZUL                    2,159           2,160         10         20                           H-9618 
V0AZ    V AZUL                    2,144           2,145         10         20                           H-9619 
V0AZ    V AZUL                    2,391           2,392         10         20                           H-9620 
V0AZ    V AZUL                    2,392           2,393         10         20                           H-9621 
V0AZ    V AZUL                    2,084           2,085         37         20                           H-9622 
V0AZ    V AZUL                    2,385           2,386         10         20                           H-9623 
V0AZ    V AZUL                    2,373           2,374         29         20                           H-9624 
V0AZ    V AZUL                    2,320           2,321         06         20                           H-9625 
V0AZ    V AZUL                    2,379           2,380         29         20                           H-9626 
V0AZ    V AZUL                    2,197           2,198         37         20                           H-9627 
V0AZ    V AZUL                    2,056           2,057         37         20                           H-9628 
V0AZ    V AZUL                    2,392           2,393         29         20                           H-9629 
V0AZ    V AZUL                    2,314           2,315         29         20                           H-9630 
V0AZ    V AZUL                    2,327           2,328         29         20                           H-9631 
V0AZ    V AZUL                    2,365           2,366         29         20                           H-9632 
V0AZ    V AZUL                    2,046           2,047         37         20                           H-9633 
V0AZ    V AZUL                    2,453           2,454         29         20                           H-9634 
V0AZ    V AZUL                    2,146           2,147         29         20                           H-9635 
V0AZ    V AZUL                    2,326           2,327         10         20                           H-9636 
V0AZ    V AZUL                    2,344           2,345         06         20                           H-9637 
V0AZ    V AZUL                    2,387           2,388         29         20                           H-9638 
V0AZ    V AZUL                    2,370           2,371         29         20                           H-9639 
V0AZ    V AZUL                    2,440           2,441         29         20                           H-9640 
V0AZ    V AZUL                    1,978           1,979         37         20                           H-9641 
V0AZ    V AZUL                    2,102           2,103         37         20                           H-9642 
V0AZ    V AZUL                    2,096           2,097         37         20                           H-9643 
V0AZ    V AZUL                    2,242           2,243         37         20                           H-9644 
V0AZ    V AZUL                    2,034           2,035         37         20                           H-9645 
V0AZ    V AZUL                    2,111           2,112         10         20                           H-9646 
V0AZ    V AZUL                    2,116           2,117         10         20                           H-9647 
V0AZ    V AZUL                    2,120           2,121         29         20                           H-9648 
V0AZ    V AZUL                    2,192           2,193         37         20                           H-9649 
V0AZ    V AZUL                    2,142           2,143         37         20                           H-9650 
V0AZ    V AZUL                    2,095           2,096         10         20                           H-9651 
V0AZ    V AZUL                    2,221           2,222         22         20                           H-9652 
V0AZ    V AZUL                    2,225           2,226         29         20                           H-9653 
V0AZ    V AZUL                    2,263           2,264         48         20                           H-9654 
V0AZ    V AZUL                    2,454           2,455         22         20                           H-9655 
V0AZ    V AZUL                    2,151           2,152         16         20                           H-9656 
V0AZ    V AZUL                    2,474           2,475         22         20                           H-9657 
V0AZ    V AZUL                    1,946           1,947         22         20                           H-9658 
V0AZ    V AZUL                    2,021           2,022         22         20                           H-9659 
V0AZ    V AZUL                    2,280           2,281         22         20                           H-9660 
V0AZ    V AZUL                    2,040           2,041         37         20                           H-9661 









EMPRESA NACIONAL DE MINERIA (ENM) PRODUCTOR          PACKING LIST                             PAG.  :   2
NATIONAL MINING COMPANY                       CODIGO DE LOTE   : H-9617                      FECHA :26/08/2019
                                              -----------------------------
FLUJO        : 
DESCRIPCION  : CATODOS GRADO A
N° INSTR. DE EMBARQUE : 25436
CLIENTE      : SAN ANTONIO EXPRESS
Lote Sipa    : 

----------------------------------------------------------------------------------------------------------------------------- 
MARCA       DESCRIPCION         PESO NETO      PESO BRUTO     GRUPO     UNIDADES       UBICACION         SERIE                
-----------------------------------------------------------------------------------------------------------------------------

V0AZ    V AZUL                    2,006           2,007         37         20                           H-9662 
V0AZ    V AZUL                    2,129           2,130         22         20                           H-9663 
V0AZ    V AZUL                    2,383           2,384         22         20                           H-9664 
V0AZ    V AZUL                    2,278           2,279         22         20                           H-9665 
V0AZ    V AZUL                    2,112           2,113         22         20                           H-9666 
V0AZ    V AZUL                    1,928           1,929         22         20                           H-9667 
V0AZ    V AZUL                    2,067           2,068         22         20                           H-9668 
V0AZ    V AZUL                    2,549           2,550         48         20                           H-9669 
V0AZ    V AZUL                    1,989           1,990         37         20                           H-9670 
V0AZ    V AZUL                    2,203           2,204         37         20                           H-9671 
V0AZ    V AZUL                    2,133           2,134         22         20                           H-9672 
V0AZ    V AZUL                    2,368           2,369         22         20                           H-9673 
V0AZ    V AZUL                    2,040           2,041         37         20                           H-9674 
V0AZ    V AZUL                    2,012           2,013         37         20                           H-9675 
V0AZ    V AZUL                    1,996           1,997         37         20                           H-9676 
V0AZ    V AZUL                    2,170           2,171         37         20                           H-9677 
V0AZ    V AZUL                    2,074           2,075         22         20                           H-9678 
V0AZ    V AZUL                    2,064           2,065         37         20                           H-9679 
V0AZ    V AZUL                    2,131           2,132         37         20                           H-9680 
V0AZ    V AZUL                    2,116           2,117         37         20                           H-9681 
V0AZ    V AZUL                    2,241           2,242         37         20                           H-9682 
V0AZ    V AZUL                    2,380           2,381         22         20                           H-9683 
V0AZ    V AZUL                    2,189           2,190         06         20                           H-9684 


------------------------------------------------------------------------------------------------------------------------
T.SUB-LOTES              TOT.PAQUETES =68      TOT.UNID. = 1360   T/P NETO (kg) = 149,974      T/P BRUTO (kg) = 150,042
------------------------------------------------------------------------------------------------------------------------
