
EMPRESA NACIONAL DE MINERIA (ENM) PRODUCTOR          PACKING LIST                             PAG.  :   1
NATIONAL MINING COMPANY                       CODIGO DE LOTE   : J-3221                      FECHA :03/10/2023
                                              -----------------------------
FLUJO        : 
DESCRIPCION  : CATODOS EW MATTA
N° INSTR. DE EMBARQUE : 931521
CLIENTE      : 
Lote Sipa    : 23100166

----------------------------------------------------------------------------------------------------------------------------- 
MARCA       DESCRIPCION         PESO NETO      PESO BRUTO     GRUPO     UNIDADES       UBICACION         SERIE                
-----------------------------------------------------------------------------------------------------------------------------

01AM    FRANJA AMARILLA           2,035           2,036                    50                           J-3221 
01AM    FRANJA AMARILLA           2,027           2,028                    66                           J-3222 
01AM    FRANJA AMARILLA           2,027           2,028                    49                           J-3223 
01AM    FRANJA AMARILLA           2,029           2,030                    46                           J-3224 
01AM    FRANJA AMARILLA           2,043           2,044                    46                           J-3225 
01AM    FRANJA AMARILLA           2,033           2,034                    47                           J-3226 
01AM    FRANJA AMARILLA           2,022           2,023                    48                           J-3227 
01AM    FRANJA AMARILLA           2,048           2,049                    66                           J-3228 
01AM    FRANJA AMARILLA           2,034           2,035                    60                           J-3229 
01AM    FRANJA AMARILLA           2,011           2,012                    54                           J-3230 
01AM    FRANJA AMARILLA           2,022           2,023                    59                           J-3231 
01AM    FRANJA AMARILLA           2,043           2,044                    48                           J-3232 
01AM    FRANJA AMARILLA           2,047           2,048                    53                           J-3233 
01AM    FRANJA AMARILLA           2,036           2,037                    47                           J-3234 


------------------------------------------------------------------------------------------------------------------------
T.SUB-LOTES              TOT.PAQUETES =14      TOT.UNID. = 739   T/P NETO (kg) = 28,457      T/P BRUTO (kg) = 28,471
------------------------------------------------------------------------------------------------------------------------
