
EMPRESA NACIONAL DE MINERIA (ENM) PRODUCTOR          PACKING LIST                             PAG.  :   1
NATIONAL MINING COMPANY                       CODIGO DE LOTE   : I-2787                      FECHA :19/11/2021
                                              -----------------------------
FLUJO        : 
DESCRIPCION  : CATODOS EW CERRO NEGRO
N° INSTR. DE EMBARQUE : 26979
CLIENTE      : COCHRANE
Lote Sipa    : 21090385

----------------------------------------------------------------------------------------------------------------------------- 
MARCA       DESCRIPCION         PESO NETO      PESO BRUTO     GRUPO     UNIDADES       UBICACION         SERIE                
-----------------------------------------------------------------------------------------------------------------------------

02NE    DOS FRANJAS NEGRAS        2,043           2,044                    34                           I-2787 
02NE    DOS FRANJAS NEGRAS        2,010           2,011                    33                           I-2788 
02NE    DOS FRANJAS NEGRAS        2,049           2,050                    32                           I-2789 
02NE    DOS FRANJAS NEGRAS        2,006           2,007                    31                           I-2790 
02NE    DOS FRANJAS NEGRAS        2,049           2,050                    32                           I-2791 
02NE    DOS FRANJAS NEGRAS        2,047           2,048                    32                           I-2792 
02NE    DOS FRANJAS NEGRAS        1,974           1,975                    32                           I-2793 
02NE    DOS FRANJAS NEGRAS        1,977           1,978                    31                           I-2794 
02NE    DOS FRANJAS NEGRAS        1,995           1,996                    31                           I-2795 
02NE    DOS FRANJAS NEGRAS        1,962           1,963                    32                           I-2796 
02NE    DOS FRANJAS NEGRAS        2,045           2,046                    31                           I-2797 
02NE    DOS FRANJAS NEGRAS        2,053           2,054                    32                           I-2798 
02NE    DOS FRANJAS NEGRAS        2,017           2,018                    31                           I-2799 
02NE    DOS FRANJAS NEGRAS        2,027           2,028                    32                           I-2800 
02NE    DOS FRANJAS NEGRAS        1,960           1,961                    30                           I-2801 
02NE    DOS FRANJAS NEGRAS        1,993           1,994                    31                           I-2819 
02NE    DOS FRANJAS NEGRAS        2,018           2,019                    30                           I-2820 
02NE    DOS FRANJAS NEGRAS        2,010           2,011                    29                           I-2821 
02NE    DOS FRANJAS NEGRAS        2,030           2,031                    29                           I-2822 
02NE    DOS FRANJAS NEGRAS        1,990           1,991                    29                           I-2823 
02NE    DOS FRANJAS NEGRAS        2,005           2,006                    30                           I-2824 
02NE    DOS FRANJAS NEGRAS        2,074           2,075                    30                           I-2825 
02NE    DOS FRANJAS NEGRAS        1,972           1,973                    29                           I-2826 
02NE    DOS FRANJAS NEGRAS        2,001           2,002                    31                           I-2827 
02NE    DOS FRANJAS NEGRAS        2,055           2,056                    30                           I-2828 
02NE    DOS FRANJAS NEGRAS        2,031           2,032                    29                           I-2829 
02NE    DOS FRANJAS NEGRAS        2,016           2,017                    29                           I-2830 
02NE    DOS FRANJAS NEGRAS        1,979           1,980                    28                           I-2831 
02NE    DOS FRANJAS NEGRAS        2,024           2,025                    29                           I-2832 
02NE    DOS FRANJAS NEGRAS        2,018           2,019                    29                           I-2833 
02NE    DOS FRANJAS NEGRAS        2,037           2,038                    30                           I-2851 
02NE    DOS FRANJAS NEGRAS        1,996           1,997                    30                           I-2852 
02NE    DOS FRANJAS NEGRAS        1,991           1,992                    29                           I-2853 
02NE    DOS FRANJAS NEGRAS        2,043           2,044                    30                           I-2854 
02NE    DOS FRANJAS NEGRAS        2,023           2,024                    30                           I-2855 
02NE    DOS FRANJAS NEGRAS        2,034           2,035                    31                           I-2856 
02NE    DOS FRANJAS NEGRAS        2,005           2,006                    29                           I-2857 
02NE    DOS FRANJAS NEGRAS        2,030           2,031                    30                           I-2858 
02NE    DOS FRANJAS NEGRAS        2,025           2,026                    30                           I-2859 
02NE    DOS FRANJAS NEGRAS        2,047           2,048                    29                           I-2860 
02NE    DOS FRANJAS NEGRAS        1,942           1,943                    30                           I-2861 
02NE    DOS FRANJAS NEGRAS        2,027           2,028                    30                           I-2862 
02NE    DOS FRANJAS NEGRAS        2,009           2,010                    31                           I-2863 
02NE    DOS FRANJAS NEGRAS        1,969           1,970                    29                           I-2864 
02NE    DOS FRANJAS NEGRAS        2,056           2,057                    30                           I-2865 


------------------------------------------------------------------------------------------------------------------------
T.SUB-LOTES              TOT.PAQUETES =45      TOT.UNID. = 1366   T/P NETO (kg) = 90,664      T/P BRUTO (kg) = 90,709
------------------------------------------------------------------------------------------------------------------------
