
EMPRESA NACIONAL DE MINERIA (ENM) PRODUCTOR          PACKING LIST                             PAG.  :   1
NATIONAL MINING COMPANY                       CODIGO DE LOTE   : H-14816                      FECHA :09/09/2019
                                              -----------------------------
FLUJO        : 
DESCRIPCION  : CATODOS GRADO A
N° INSTR. DE EMBARQUE : 25511
CLIENTE      : ANTOFAGASTA EXPRESS
Lote Sipa    : 19080499

----------------------------------------------------------------------------------------------------------------------------- 
MARCA       DESCRIPCION         PESO NETO      PESO BRUTO     GRUPO     UNIDADES       UBICACION         SERIE                
-----------------------------------------------------------------------------------------------------------------------------

01RJ    FRANJA ROJA               2,125           2,126         17         20                           H-14816
01RJ    FRANJA ROJA               2,375           2,376         33         20                           H-14817
01RJ    FRANJA ROJA               2,144           2,145         33         20                           H-14818
01RJ    FRANJA ROJA               2,293           2,294         31         20                           H-14819
01RJ    FRANJA ROJA               2,384           2,385         33         20                           H-14820
01RJ    FRANJA ROJA               2,270           2,271         31         20                           H-14821
01RJ    FRANJA ROJA               2,279           2,280         46         20                           H-14822
01RJ    FRANJA ROJA               2,421           2,422         25         20                           H-14823
01RJ    FRANJA ROJA               1,938           1,939         43         20                           H-14824
01RJ    FRANJA ROJA               2,146           2,147         31         20                           H-14825
01RJ    FRANJA ROJA               2,101           2,102         43         20                           H-14826
01RJ    FRANJA ROJA               2,350           2,351         43         20                           H-14827
01RJ    FRANJA ROJA               2,159           2,160         43         20                           H-14828
01RJ    FRANJA ROJA               2,327           2,328         43         20                           H-14829
01RJ    FRANJA ROJA               2,268           2,269         31         20                           H-14830
01RJ    FRANJA ROJA               2,163           2,164         46         20                           H-14831
01RJ    FRANJA ROJA               2,007           2,008         43         20                           H-14832
01RJ    FRANJA ROJA               2,343           2,344         31         20                           H-14833
01RJ    FRANJA ROJA               1,983           1,984         46         20                           H-14834
01RJ    FRANJA ROJA               2,041           2,042         43         20                           H-14835
01RJ    FRANJA ROJA               2,149           2,150         46         20                           H-14836
01RJ    FRANJA ROJA               2,071           2,072         04         20                           H-14837
01RJ    FRANJA ROJA               2,110           2,111         04         20                           H-14838
01RJ    FRANJA ROJA               2,277           2,278         46         20                           H-14839
01RJ    FRANJA ROJA               2,064           2,065         04         20                           H-14840
01RJ    FRANJA ROJA               2,269           2,270         31         20                           H-14841
01RJ    FRANJA ROJA               2,065           2,066         43         20                           H-14842
01RJ    FRANJA ROJA               2,229           2,230         43         20                           H-14843
01RJ    FRANJA ROJA               2,376           2,377         31         20                           H-14844
01RJ    FRANJA ROJA               2,040           2,041         46         20                           H-14845
01RJ    FRANJA ROJA               2,208           2,209         46         20                           H-14846
01RJ    FRANJA ROJA               2,101           2,102         46         20                           H-14847
01RJ    FRANJA ROJA               2,192           2,193         46         20                           H-14848
01RJ    FRANJA ROJA               2,302           2,303         31         20                           H-14849
01RJ    FRANJA ROJA               2,056           2,057         12         20                           H-14850
01RJ    FRANJA ROJA               2,148           2,149         43         20                           H-14851
01RJ    FRANJA ROJA               2,229           2,230         33         20                           H-14852
01RJ    FRANJA ROJA               2,179           2,180         33         20                           H-14853
01RJ    FRANJA ROJA               2,346           2,347         31         20                           H-14854
01RJ    FRANJA ROJA               2,242           2,243         46         20                           H-14855
01RJ    FRANJA ROJA               2,341           2,342         31         20                           H-14856
01RJ    FRANJA ROJA               2,040           2,041         12         20                           H-14857
01RJ    FRANJA ROJA               2,128           2,129         12         20                           H-14858
01RJ    FRANJA ROJA               2,261           2,262         46         20                           H-14859
01RJ    FRANJA ROJA               2,302           2,303         31         20                           H-14860









EMPRESA NACIONAL DE MINERIA (ENM) PRODUCTOR          PACKING LIST                             PAG.  :   2
NATIONAL MINING COMPANY                       CODIGO DE LOTE   : H-14816                      FECHA :09/09/2019
                                              -----------------------------
FLUJO        : 
DESCRIPCION  : CATODOS GRADO A
N° INSTR. DE EMBARQUE : 25511
CLIENTE      : ANTOFAGASTA EXPRESS
Lote Sipa    : 19080499

----------------------------------------------------------------------------------------------------------------------------- 
MARCA       DESCRIPCION         PESO NETO      PESO BRUTO     GRUPO     UNIDADES       UBICACION         SERIE                
-----------------------------------------------------------------------------------------------------------------------------

01RJ    FRANJA ROJA               2,334           2,335         46         20                           H-14861
01RJ    FRANJA ROJA               2,142           2,143         31         20                           H-14862
01RJ    FRANJA ROJA               2,233           2,234         12         20                           H-14863
01RJ    FRANJA ROJA               2,200           2,201         12         20                           H-14864
01RJ    FRANJA ROJA               2,245           2,246         12         20                           H-14865
01RJ    FRANJA ROJA               2,348           2,349         46         20                           H-14866
01RJ    FRANJA ROJA               2,240           2,241         12         20                           H-14867
01RJ    FRANJA ROJA               2,174           2,175         31         20                           H-14868
01RJ    FRANJA ROJA               2,010           2,011         12         20                           H-14869
01RJ    FRANJA ROJA               2,026           2,027         46         20                           H-14870
01RJ    FRANJA ROJA               2,082           2,083         46         20                           H-14871
01RJ    FRANJA ROJA               2,231           2,232         12         20                           H-14872
01RJ    FRANJA ROJA               2,180           2,181         12         20                           H-14873
01RJ    FRANJA ROJA               2,194           2,195         31         20                           H-14874
01RJ    FRANJA ROJA               2,238           2,239         46         20                           H-14875
01RJ    FRANJA ROJA               2,285           2,286         46         20                           H-14876
01RJ    FRANJA ROJA               2,132           2,133         46         20                           H-14877
01RJ    FRANJA ROJA               2,149           2,150         12         20                           H-14878
01RJ    FRANJA ROJA               2,176           2,177         31         20                           H-14879
01RJ    FRANJA ROJA               2,261           2,262         46         20                           H-14880
01RJ    FRANJA ROJA               2,213           2,214         12         20                           H-14881
01RJ    FRANJA ROJA               2,207           2,208         31         20                           H-14882
01RJ    FRANJA ROJA               2,378           2,379         46         20                           H-14883
01RJ    FRANJA ROJA               2,138           2,139         12         20                           H-14884
01RJ    FRANJA ROJA               2,205           2,206         12         20                           H-14885
01RJ    FRANJA ROJA               2,179           2,180         12         20                           H-14886
01RJ    FRANJA ROJA               2,094           2,095         12         20                           H-14887
01RJ    FRANJA ROJA               2,212           2,213         12         20                           H-14888
01RJ    FRANJA ROJA               2,102           2,103         12         20                           H-14889
01RJ    FRANJA ROJA               2,112           2,113         33         20                           H-14890
01RJ    FRANJA ROJA               2,417           2,418         46         20                           H-14891
01RJ    FRANJA ROJA               2,383           2,384         33         20                           H-14892
01RJ    FRANJA ROJA               2,092           2,093         12         20                           H-14893
01RJ    FRANJA ROJA               2,334           2,335         46         20                           H-14894
01RJ    FRANJA ROJA               2,399           2,400         46         20                           H-14895
01RJ    FRANJA ROJA               2,386           2,387         46         20                           H-14896
01RJ    FRANJA ROJA               2,316           2,317         12         20                           H-14897
01RJ    FRANJA ROJA               2,364           2,365         46         20                           H-14898
01RJ    FRANJA ROJA               2,385           2,386         46         20                           H-14899
01RJ    FRANJA ROJA               2,237           2,238         12         20                           H-14900
01RJ    FRANJA ROJA               2,228           2,229         33         20                           H-14901
01RJ    FRANJA ROJA               2,353           2,354         46         20                           H-14902
01RJ    FRANJA ROJA               2,295           2,296         12         20                           H-14903
01RJ    FRANJA ROJA               2,342           2,343         33         20                           H-14904
01RJ    FRANJA ROJA               2,289           2,290         46         20                           H-14905









EMPRESA NACIONAL DE MINERIA (ENM) PRODUCTOR          PACKING LIST                             PAG.  :   3
NATIONAL MINING COMPANY                       CODIGO DE LOTE   : H-14816                      FECHA :09/09/2019
                                              -----------------------------
FLUJO        : 
DESCRIPCION  : CATODOS GRADO A
N° INSTR. DE EMBARQUE : 25511
CLIENTE      : ANTOFAGASTA EXPRESS
Lote Sipa    : 19080499

----------------------------------------------------------------------------------------------------------------------------- 
MARCA       DESCRIPCION         PESO NETO      PESO BRUTO     GRUPO     UNIDADES       UBICACION         SERIE                
-----------------------------------------------------------------------------------------------------------------------------

01RJ    FRANJA ROJA               2,347           2,348         46         20                           H-14906
01RJ    FRANJA ROJA               2,298           2,299         46         20                           H-14907
01RJ    FRANJA ROJA               2,147           2,148         12         20                           H-14908
01RJ    FRANJA ROJA               2,388           2,389         33         20                           H-14909
01RJ    FRANJA ROJA               2,394           2,395         46         20                           H-14910
01RJ    FRANJA ROJA               2,230           2,231         12         20                           H-14911
01RJ    FRANJA ROJA               2,387           2,388         33         20                           H-14912
01RJ    FRANJA ROJA               2,479           2,480         46         20                           H-14913
01RJ    FRANJA ROJA               2,215           2,216         12         20                           H-14914
01RJ    FRANJA ROJA               2,269           2,270         12         20                           H-14915
01RJ    FRANJA ROJA               2,156           2,157         12         20                           H-14916
01RJ    FRANJA ROJA               2,250           2,251         31         20                           H-14917
01RJ    FRANJA ROJA               2,347           2,348         46         20                           H-14918
01RJ    FRANJA ROJA               2,031           2,032         33         20                           H-14919
01RJ    FRANJA ROJA               2,326           2,327         46         20                           H-14920
01RJ    FRANJA ROJA               2,295           2,296         33         20                           H-14921
01RJ    FRANJA ROJA               2,005           2,006         33         20                           H-14922
01RJ    FRANJA ROJA               1,973           1,974         33         20                           H-14923
01RJ    FRANJA ROJA               1,922           1,923         12         20                           H-14924
01RJ    FRANJA ROJA               1,986           1,987         12         20                           H-14925
01RJ    FRANJA ROJA               1,930           1,931         12         20                           H-14926
01RJ    FRANJA ROJA               2,051           2,052         12         20                           H-14927
01RJ    FRANJA ROJA               2,091           2,092         31         20                           H-14928


------------------------------------------------------------------------------------------------------------------------
T.SUB-LOTES              TOT.PAQUETES =113      TOT.UNID. = 2260   T/P NETO (kg) = 249,899      T/P BRUTO (kg) = 250,012
------------------------------------------------------------------------------------------------------------------------
