
EMPRESA NACIONAL DE MINERIA (ENM) PRODUCTOR          PACKING LIST                             PAG.  :   1
NATIONAL MINING COMPANY                       CODIGO DE LOTE   : A-5560                      FECHA :21/01/2021
                                              -----------------------------
FLUJO        : 
DESCRIPCION  : CATODOS GRADO A
N° INSTR. DE EMBARQUE : 26482
CLIENTE      : CITY OF ALEXANDRIA
Lote Sipa    : 

----------------------------------------------------------------------------------------------------------------------------- 
MARCA       DESCRIPCION         PESO NETO      PESO BRUTO     GRUPO     UNIDADES       UBICACION         SERIE                
-----------------------------------------------------------------------------------------------------------------------------

V1NA    V FRANJA NARANJA          2,536           2,537         43         20                           A-5560 
V1NA    V FRANJA NARANJA          2,424           2,425         43         20                           A-5561 
V1NA    V FRANJA NARANJA          2,257           2,258         22         20                           A-5562 
V1NA    V FRANJA NARANJA          2,227           2,228         22         20                           A-5563 
V1NA    V FRANJA NARANJA          2,253           2,254         22         20                           A-5564 
V1NA    V FRANJA NARANJA          2,400           2,401         39         20                           A-5565 
V1NA    V FRANJA NARANJA          2,223           2,224         39         20                           A-5566 
V1NA    V FRANJA NARANJA          2,329           2,330         22         20                           A-5567 
V1NA    V FRANJA NARANJA          2,144           2,145         39         20                           A-5568 
V1NA    V FRANJA NARANJA          2,154           2,155         43         20                           A-5569 
V1NA    V FRANJA NARANJA          2,369           2,370         32         20                           A-5570 
V1NA    V FRANJA NARANJA          1,957           1,958         32         20                           A-5571 
V1NA    V FRANJA NARANJA          2,387           2,388         39         20                           A-5572 
V1NA    V FRANJA NARANJA          2,382           2,383         39         20                           A-5573 
V1NA    V FRANJA NARANJA          2,257           2,258         22         20                           A-5574 
V1NA    V FRANJA NARANJA          2,107           2,108         39         20                           A-5575 
V1NA    V FRANJA NARANJA          2,334           2,335         39         20                           A-5576 
V1NA    V FRANJA NARANJA          2,362           2,363         32         20                           A-5577 
V1NA    V FRANJA NARANJA          2,338           2,339         32         20                           A-5578 
V1NA    V FRANJA NARANJA          2,274           2,275         32         20                           A-5579 
V1NA    V FRANJA NARANJA          2,154           2,155         32         20                           A-5580 
V1NA    V FRANJA NARANJA          2,396           2,397         32         20                           A-5581 
V1NA    V FRANJA NARANJA          2,187           2,188         22         20                           A-5582 
V1NA    V FRANJA NARANJA          2,444           2,445         32         20                           A-5583 
V1NA    V FRANJA NARANJA          2,325           2,326         32         20                           A-5584 
V1NA    V FRANJA NARANJA          2,348           2,349         32         20                           A-5585 
V1NA    V FRANJA NARANJA          2,349           2,350         32         20                           A-5586 
V1NA    V FRANJA NARANJA          2,319           2,320         22         20                           A-5587 
V1NA    V FRANJA NARANJA          2,259           2,260         32         20                           A-5588 
V1NA    V FRANJA NARANJA          2,105           2,106         32         20                           A-5589 
V1NA    V FRANJA NARANJA          2,340           2,341         32         20                           A-5590 
V1NA    V FRANJA NARANJA          2,263           2,264         39         20                           A-5591 
V1NA    V FRANJA NARANJA          2,309           2,310         32         20                           A-5592 
V1NA    V FRANJA NARANJA          2,273           2,274         32         20                           A-5593 
V1NA    V FRANJA NARANJA          2,213           2,214         39         20                           A-5594 
V1NA    V FRANJA NARANJA          2,369           2,370         22         20                           A-5595 
V1NA    V FRANJA NARANJA          2,053           2,054         32         20                           A-5596 
V1NA    V FRANJA NARANJA          2,349           2,350         32         20                           A-5597 
V1NA    V FRANJA NARANJA          2,319           2,320         32         20                           A-5598 
V1NA    V FRANJA NARANJA          2,348           2,349         32         20                           A-5599 
V1NA    V FRANJA NARANJA          2,384           2,385         32         20                           A-5600 
V1NA    V FRANJA NARANJA          2,373           2,374         32         20                           A-5601 
V1NA    V FRANJA NARANJA          2,246           2,247         32         20                           A-5602 
V1NA    V FRANJA NARANJA          2,407           2,408         32         20                           A-5603 
V1NA    V FRANJA NARANJA          2,311           2,312         32         20                           A-5604 









EMPRESA NACIONAL DE MINERIA (ENM) PRODUCTOR          PACKING LIST                             PAG.  :   2
NATIONAL MINING COMPANY                       CODIGO DE LOTE   : A-5560                      FECHA :21/01/2021
                                              -----------------------------
FLUJO        : 
DESCRIPCION  : CATODOS GRADO A
N° INSTR. DE EMBARQUE : 26482
CLIENTE      : CITY OF ALEXANDRIA
Lote Sipa    : 

----------------------------------------------------------------------------------------------------------------------------- 
MARCA       DESCRIPCION         PESO NETO      PESO BRUTO     GRUPO     UNIDADES       UBICACION         SERIE                
-----------------------------------------------------------------------------------------------------------------------------

V1NA    V FRANJA NARANJA          2,370           2,371         32         20                           A-5605 
V1NA    V FRANJA NARANJA          2,197           2,198         32         20                           A-5606 
V1NA    V FRANJA NARANJA          2,384           2,385         32         20                           A-5607 
V1NA    V FRANJA NARANJA          2,389           2,390         32         20                           A-5608 
V1NA    V FRANJA NARANJA          2,364           2,365         22         20                           A-5609 
V1NA    V FRANJA NARANJA          2,403           2,404         22         20                           A-5610 
V1NA    V FRANJA NARANJA          2,393           2,394         32         20                           A-5611 
V1NA    V FRANJA NARANJA          2,442           2,443         32         20                           A-5612 
V1NA    V FRANJA NARANJA          2,305           2,306         32         20                           A-5613 
V1NA    V FRANJA NARANJA          2,177           2,178         32         20                           A-5614 
V1NA    V FRANJA NARANJA          2,350           2,351         32         20                           A-5615 
V1NA    V FRANJA NARANJA          2,382           2,383         32         20                           A-5616 
V1NA    V FRANJA NARANJA          2,250           2,251         32         20                           A-5617 
V1NA    V FRANJA NARANJA          2,379           2,380         32         20                           A-5618 
V1NA    V FRANJA NARANJA          2,129           2,130         32         20                           A-5619 
V1NA    V FRANJA NARANJA          2,029           2,030         32         20                           A-5620 
V1NA    V FRANJA NARANJA          2,179           2,180         32         20                           A-5621 
V1NA    V FRANJA NARANJA          2,134           2,135         22         20                           A-5622 
V1NA    V FRANJA NARANJA          2,427           2,428         22         20                           A-5623 
V1NA    V FRANJA NARANJA          2,367           2,368         22         20                           A-5624 
V1NA    V FRANJA NARANJA          2,378           2,379         22         20                           A-5625 
V1NA    V FRANJA NARANJA          2,438           2,439         22         20                           A-5626 
V1NA    V FRANJA NARANJA          2,354           2,355         22         20                           A-5627 
V1NA    V FRANJA NARANJA          2,033           2,034         22         20                           A-5628 
V1NA    V FRANJA NARANJA          2,323           2,324         22         20                           A-5629 
V1NA    V FRANJA NARANJA          2,101           2,102         22         20                           A-5630 
V1NA    V FRANJA NARANJA          2,186           2,187         32         20                           A-5631 
V1NA    V FRANJA NARANJA          2,101           2,102         32         20                           A-5632 
V1NA    V FRANJA NARANJA          2,172           2,173         32         20                           A-5633 
V1NA    V FRANJA NARANJA          2,239           2,240         32         20                           A-5634 
V1NA    V FRANJA NARANJA          2,314           2,315         43         20                           A-5635 
V1NA    V FRANJA NARANJA          2,326           2,327         32         20                           A-5636 
V1NA    V FRANJA NARANJA          2,338           2,339         32         20                           A-5637 
V1NA    V FRANJA NARANJA          2,294           2,295         32         20                           A-5638 
V1NA    V FRANJA NARANJA          2,400           2,401         32         20                           A-5639 
V1NA    V FRANJA NARANJA          2,350           2,351         32         20                           A-5640 
V1NA    V FRANJA NARANJA          2,464           2,465         45         20                           A-5641 
V1NA    V FRANJA NARANJA          2,359           2,360         22         20                           A-5642 
V1NA    V FRANJA NARANJA          2,441           2,442         45         20                           A-5643 
V1NA    V FRANJA NARANJA          2,390           2,391         45         20                           A-5644 
V1NA    V FRANJA NARANJA          2,287           2,288         32         20                           A-5645 
V1NA    V FRANJA NARANJA          2,414           2,415         32         20                           A-5646 


------------------------------------------------------------------------------------------------------------------------
T.SUB-LOTES              TOT.PAQUETES =87      TOT.UNID. = 1740   T/P NETO (kg) = 199,909      T/P BRUTO (kg) = 199,996
------------------------------------------------------------------------------------------------------------------------
