
EMPRESA NACIONAL DE MINERIA (ENM) PRODUCTOR          PACKING LIST                             PAG.  :   1
NATIONAL MINING COMPANY                       CODIGO DE LOTE   : L-3356                      FECHA :14/12/2020
                                              -----------------------------
FLUJO        : 
DESCRIPCION  : CATODOS EW MATTA
N° INSTR. DE EMBARQUE : 26430
CLIENTE      : SERVICARGO INTERNACIONAL S.A.
Lote Sipa    : 20100469

----------------------------------------------------------------------------------------------------------------------------- 
MARCA       DESCRIPCION         PESO NETO      PESO BRUTO     GRUPO     UNIDADES       UBICACION         SERIE                
-----------------------------------------------------------------------------------------------------------------------------

01CE    FRANJA CELESTE            2,033           2,034                    77                           J-3326 
01CE    FRANJA CELESTE            2,019           2,020                    74                           J-3327 
01CE    FRANJA CELESTE            2,019           2,020                    72                           J-3328 
01CE    FRANJA CELESTE            2,012           2,013                    73                           J-3329 
01CE    FRANJA CELESTE            2,032           2,033                    77                           J-3330 
01CE    FRANJA CELESTE            2,011           2,012                    74                           J-3331 
01CE    FRANJA CELESTE            2,029           2,030                    76                           J-3332 
01CE    FRANJA CELESTE            1,999           2,000                    77                           J-3333 
01CE    FRANJA CELESTE            2,002           2,003                    78                           J-3334 
01CE    FRANJA CELESTE            2,020           2,021                    73                           J-3335 
01CE    FRANJA CELESTE            2,002           2,003                    77                           J-3336 
01CE    FRANJA CELESTE            2,006           2,007                    75                           J-3337 
01CE    FRANJA CELESTE            2,025           2,026                    77                           J-3338 
01CE    FRANJA CELESTE            2,022           2,023                    64                           L-3356 
01CE    FRANJA CELESTE            2,034           2,035                    69                           L-3357 
01CE    FRANJA CELESTE            2,040           2,041                    70                           L-3358 
01CE    FRANJA CELESTE            2,033           2,034                    70                           L-3359 
01CE    FRANJA CELESTE            2,032           2,033                    78                           L-3360 
01CE    FRANJA CELESTE            2,025           2,026                    68                           L-3361 
01CE    FRANJA CELESTE            2,036           2,037                    68                           L-3362 
01CE    FRANJA CELESTE            2,031           2,032                    71                           L-3363 
01CE    FRANJA CELESTE            2,018           2,019                    70                           L-3364 
01CE    FRANJA CELESTE            2,023           2,024                    69                           L-3365 
01CE    FRANJA CELESTE            2,041           2,042                    70                           L-3366 
01CE    FRANJA CELESTE            2,028           2,029                    68                           L-3367 
01CE    FRANJA CELESTE            2,026           2,027                    70                           L-3368 


------------------------------------------------------------------------------------------------------------------------
T.SUB-LOTES              TOT.PAQUETES =26      TOT.UNID. = 1885   T/P NETO (kg) = 52,598      T/P BRUTO (kg) = 52,624
------------------------------------------------------------------------------------------------------------------------
