
EMPRESA NACIONAL DE MINERIA (ENM) PRODUCTOR          PACKING LIST                             PAG.  :   1
NATIONAL MINING COMPANY                       CODIGO DE LOTE   : B-16280                      FECHA :18/03/2019
                                              -----------------------------
FLUJO        : 
DESCRIPCION  : CATODOS GRADO A
N° INSTR. DE EMBARQUE : 25155
CLIENTE      : NORDIC MACAU
Lote Sipa    : 19020267

----------------------------------------------------------------------------------------------------------------------------- 
MARCA       DESCRIPCION         PESO NETO      PESO BRUTO     GRUPO     UNIDADES       UBICACION         SERIE                
-----------------------------------------------------------------------------------------------------------------------------

02AM    DOS FRANJAS AMARILLAS     2,216           2,217         40         20                           B-16280
02AM    DOS FRANJAS AMARILLAS     2,154           2,155         40         20                           B-16281
02AM    DOS FRANJAS AMARILLAS     2,207           2,208         40         20                           B-16282
02AM    DOS FRANJAS AMARILLAS     2,248           2,249         40         20                           B-16283
02AM    DOS FRANJAS AMARILLAS     2,031           2,032         40         20                           B-16284
02AM    DOS FRANJAS AMARILLAS     2,321           2,322         40         20                           B-16285
02AM    DOS FRANJAS AMARILLAS     2,131           2,132         40         20                           B-16286
02AM    DOS FRANJAS AMARILLAS     2,189           2,190         40         20                           B-16287
02AM    DOS FRANJAS AMARILLAS     2,248           2,249         40         20                           B-16288
02AM    DOS FRANJAS AMARILLAS     2,287           2,288         40         20                           B-16289
02AM    DOS FRANJAS AMARILLAS     2,202           2,203         40         20                           B-16290
02AM    DOS FRANJAS AMARILLAS     2,120           2,121         40         20                           B-16291
02AM    DOS FRANJAS AMARILLAS     2,153           2,154         40         20                           B-16292
02AM    DOS FRANJAS AMARILLAS     2,252           2,253         40         20                           B-16293
02AM    DOS FRANJAS AMARILLAS     2,238           2,239         40         20                           B-16294
02AM    DOS FRANJAS AMARILLAS     2,157           2,158         40         20                           B-16295
02AM    DOS FRANJAS AMARILLAS     2,209           2,210         40         20                           B-16296
02AM    DOS FRANJAS AMARILLAS     2,010           2,011         40         20                           B-16297
02AM    DOS FRANJAS AMARILLAS     2,121           2,122         40         20                           B-16298
02AM    DOS FRANJAS AMARILLAS     2,141           2,142         40         20                           B-16299
02AM    DOS FRANJAS AMARILLAS     2,205           2,206         40         20                           B-16300
02AM    DOS FRANJAS AMARILLAS     2,231           2,232         27         20                           B-16301
02AM    DOS FRANJAS AMARILLAS     2,240           2,241         40         20                           B-16302
02AM    DOS FRANJAS AMARILLAS     2,231           2,232         40         20                           B-16303
02AM    DOS FRANJAS AMARILLAS     2,160           2,161         40         20                           B-16304
02AM    DOS FRANJAS AMARILLAS     2,181           2,182         27         20                           B-16305
02AM    DOS FRANJAS AMARILLAS     2,102           2,103         40         20                           B-16306
02AM    DOS FRANJAS AMARILLAS     2,146           2,147         40         20                           B-16307
02AM    DOS FRANJAS AMARILLAS     2,142           2,143         27         20                           B-16308
02AM    DOS FRANJAS AMARILLAS     2,241           2,242         40         20                           B-16309
02AM    DOS FRANJAS AMARILLAS     2,148           2,149         40         20                           B-16310
02AM    DOS FRANJAS AMARILLAS     2,202           2,203         27         20                           B-16311
02AM    DOS FRANJAS AMARILLAS     2,289           2,290         40         20                           B-16312
02AM    DOS FRANJAS AMARILLAS     2,193           2,194         40         20                           B-16313
02AM    DOS FRANJAS AMARILLAS     2,111           2,112         27         20                           B-16314
02AM    DOS FRANJAS AMARILLAS     2,153           2,154         40         20                           B-16315
02AM    DOS FRANJAS AMARILLAS     2,168           2,169         40         20                           B-16316
02AM    DOS FRANJAS AMARILLAS     2,168           2,169         27         20                           B-16317
02AM    DOS FRANJAS AMARILLAS     2,128           2,129         27         20                           B-16318
02AM    DOS FRANJAS AMARILLAS     1,985           1,986         27         20                           B-16319
02AM    DOS FRANJAS AMARILLAS     2,171           2,172         27         20                           B-16320
02AM    DOS FRANJAS AMARILLAS     1,913           1,914         27         20                           B-16321
02AM    DOS FRANJAS AMARILLAS     2,038           2,039         27         20                           B-16322
02AM    DOS FRANJAS AMARILLAS     2,101           2,102         27         20                           B-16323
02AM    DOS FRANJAS AMARILLAS     2,133           2,134         27         20                           B-16324









EMPRESA NACIONAL DE MINERIA (ENM) PRODUCTOR          PACKING LIST                             PAG.  :   2
NATIONAL MINING COMPANY                       CODIGO DE LOTE   : B-16280                      FECHA :18/03/2019
                                              -----------------------------
FLUJO        : 
DESCRIPCION  : CATODOS GRADO A
N° INSTR. DE EMBARQUE : 25155
CLIENTE      : NORDIC MACAU
Lote Sipa    : 19020267

----------------------------------------------------------------------------------------------------------------------------- 
MARCA       DESCRIPCION         PESO NETO      PESO BRUTO     GRUPO     UNIDADES       UBICACION         SERIE                
-----------------------------------------------------------------------------------------------------------------------------

02AM    DOS FRANJAS AMARILLAS     2,115           2,116         27         20                           B-16325
02AM    DOS FRANJAS AMARILLAS     2,200           2,201         27         20                           B-16326
02AM    DOS FRANJAS AMARILLAS     2,122           2,123         27         20                           B-16327
02AM    DOS FRANJAS AMARILLAS     2,183           2,184         27         20                           B-16328
02AM    DOS FRANJAS AMARILLAS     2,108           2,109         27         20                           B-16329
02AM    DOS FRANJAS AMARILLAS     2,180           2,181         27         20                           B-16330
02AM    DOS FRANJAS AMARILLAS     2,163           2,164         27         20                           B-16331
02AM    DOS FRANJAS AMARILLAS     2,104           2,105         27         20                           B-16332
02AM    DOS FRANJAS AMARILLAS     2,010           2,011         27         20                           B-16333
02AM    DOS FRANJAS AMARILLAS     2,209           2,210         27         20                           B-16334
02AM    DOS FRANJAS AMARILLAS     2,101           2,102         27         20                           B-16335
02AM    DOS FRANJAS AMARILLAS     2,167           2,168         27         20                           B-16336
02AM    DOS FRANJAS AMARILLAS     2,059           2,060         27         20                           B-16337
02AM    DOS FRANJAS AMARILLAS     2,081           2,082         27         20                           B-16338
02AM    DOS FRANJAS AMARILLAS     2,093           2,094         27         20                           B-16339
02AM    DOS FRANJAS AMARILLAS     2,143           2,144         27         20                           B-16340
02AM    DOS FRANJAS AMARILLAS     2,079           2,080         27         20                           B-16341
02AM    DOS FRANJAS AMARILLAS     2,095           2,096         27         20                           B-16342
02AM    DOS FRANJAS AMARILLAS     2,009           2,010         27         20                           B-16343
02AM    DOS FRANJAS AMARILLAS     2,053           2,054         27         20                           B-16344
02AM    DOS FRANJAS AMARILLAS     2,123           2,124         27         20                           B-16345
02AM    DOS FRANJAS AMARILLAS     1,922           1,923         27         20                           B-16346
02AM    DOS FRANJAS AMARILLAS     2,032           2,033         27         20                           B-16347
02AM    DOS FRANJAS AMARILLAS     2,001           2,002         27         20                           B-16348
02AM    DOS FRANJAS AMARILLAS     2,153           2,154         27         20                           B-16349
02AM    DOS FRANJAS AMARILLAS     2,072           2,073         27         20                           B-16350
02AM    DOS FRANJAS AMARILLAS     1,957           1,958         27         20                           B-16351
02AM    DOS FRANJAS AMARILLAS     2,057           2,058         27         20                           B-16352
02AM    DOS FRANJAS AMARILLAS     1,915           1,916         27         20                           B-16353
02AM    DOS FRANJAS AMARILLAS     1,921           1,922         27         20                           B-16354
02AM    DOS FRANJAS AMARILLAS     2,145           2,146         27         20                           B-16355
02AM    DOS FRANJAS AMARILLAS     1,921           1,922         27         20                           B-16356
02AM    DOS FRANJAS AMARILLAS     2,067           2,068         27         20                           B-16357
02AM    DOS FRANJAS AMARILLAS     2,168           2,169         27         20                           B-16358
02AM    DOS FRANJAS AMARILLAS     1,988           1,989         27         20                           B-16359
02AM    DOS FRANJAS AMARILLAS     2,027           2,028         27         20                           B-16360
02AM    DOS FRANJAS AMARILLAS     2,048           2,049         27         20                           B-16361
02AM    DOS FRANJAS AMARILLAS     1,904           1,905         27         20                           B-16362
02AM    DOS FRANJAS AMARILLAS     2,059           2,060         27         20                           B-16363
02AM    DOS FRANJAS AMARILLAS     2,082           2,083         27         20                           B-16364
02AM    DOS FRANJAS AMARILLAS     2,231           2,232         27         20                           B-16365
02AM    DOS FRANJAS AMARILLAS     2,166           2,167         27         20                           B-16366
02AM    DOS FRANJAS AMARILLAS     2,052           2,053         27         20                           B-16367
02AM    DOS FRANJAS AMARILLAS     1,921           1,922         27         20                           B-16368
02AM    DOS FRANJAS AMARILLAS     2,211           2,212         27         20                           B-16369









EMPRESA NACIONAL DE MINERIA (ENM) PRODUCTOR          PACKING LIST                             PAG.  :   3
NATIONAL MINING COMPANY                       CODIGO DE LOTE   : B-16280                      FECHA :18/03/2019
                                              -----------------------------
FLUJO        : 
DESCRIPCION  : CATODOS GRADO A
N° INSTR. DE EMBARQUE : 25155
CLIENTE      : NORDIC MACAU
Lote Sipa    : 19020267

----------------------------------------------------------------------------------------------------------------------------- 
MARCA       DESCRIPCION         PESO NETO      PESO BRUTO     GRUPO     UNIDADES       UBICACION         SERIE                
-----------------------------------------------------------------------------------------------------------------------------

02AM    DOS FRANJAS AMARILLAS     2,190           2,191         27         20                           B-16370
02AM    DOS FRANJAS AMARILLAS     2,250           2,251         27         20                           B-16371
02AM    DOS FRANJAS AMARILLAS     2,285           2,286         27         20                           B-16372
02AM    DOS FRANJAS AMARILLAS     2,063           2,064         27         20                           B-16373
02AM    DOS FRANJAS AMARILLAS     2,407           2,408         27         20                           B-16374
02AM    DOS FRANJAS AMARILLAS     1,941           1,942         27         20                           B-16375
02AM    DOS FRANJAS AMARILLAS     2,211           2,212         27         20                           B-16376
02AM    DOS FRANJAS AMARILLAS     2,209           2,210         27         20                           B-16377
02AM    DOS FRANJAS AMARILLAS     2,117           2,118         27         20                           B-16378
02AM    DOS FRANJAS AMARILLAS     2,305           2,306         27         20                           B-16379
02AM    DOS FRANJAS AMARILLAS     2,063           2,064         27         20                           B-16380
02AM    DOS FRANJAS AMARILLAS     2,157           2,158         27         20                           B-16381
02AM    DOS FRANJAS AMARILLAS     2,097           2,098         27         20                           B-16382
02AM    DOS FRANJAS AMARILLAS     2,205           2,206         27         20                           B-16383
02AM    DOS FRANJAS AMARILLAS     2,099           2,100         27         20                           B-16384
02AM    DOS FRANJAS AMARILLAS     2,277           2,278         27         20                           B-16385
02AM    DOS FRANJAS AMARILLAS     1,939           1,940         27         20                           B-16386
02AM    DOS FRANJAS AMARILLAS     2,048           2,049         27         20                           B-16387
02AM    DOS FRANJAS AMARILLAS     2,077           2,078         27         20                           B-16388
02AM    DOS FRANJAS AMARILLAS     2,216           2,217         27         20                           B-16389
02AM    DOS FRANJAS AMARILLAS     2,044           2,045         27         20                           B-16390
02AM    DOS FRANJAS AMARILLAS     2,434           2,435         27         20                           B-16391
02AM    DOS FRANJAS AMARILLAS     2,172           2,173         27         20                           B-16392
02AM    DOS FRANJAS AMARILLAS     2,072           2,073         27         20                           B-16393
02AM    DOS FRANJAS AMARILLAS     2,415           2,416         27         20                           B-16394
02AM    DOS FRANJAS AMARILLAS     2,132           2,133         27         20                           B-16395
02AM    DOS FRANJAS AMARILLAS     2,431           2,432         27         20                           B-16396
02AM    DOS FRANJAS AMARILLAS     1,980           1,981         27         20                           B-16397
02AM    DOS FRANJAS AMARILLAS     2,158           2,159         27         20                           B-16398
02AM    DOS FRANJAS AMARILLAS     2,077           2,078         27         20                           B-16399
02AM    DOS FRANJAS AMARILLAS     2,039           2,040         27         20                           B-16400
02AM    DOS FRANJAS AMARILLAS     2,455           2,456         27         20                           B-16401
02AM    DOS FRANJAS AMARILLAS     2,285           2,286         27         20                           B-16402
02AM    DOS FRANJAS AMARILLAS     2,414           2,415         27         20                           B-16403
02AM    DOS FRANJAS AMARILLAS     2,195           2,196         27         20                           B-16404
02AM    DOS FRANJAS AMARILLAS     2,301           2,302         27         20                           B-16405
02AM    DOS FRANJAS AMARILLAS     2,301           2,302         27         20                           B-16406
02AM    DOS FRANJAS AMARILLAS     2,400           2,401         27         20                           B-16407
02AM    DOS FRANJAS AMARILLAS     2,299           2,300         27         20                           B-16408
02AM    DOS FRANJAS AMARILLAS     2,326           2,327         27         20                           B-16409
02AM    DOS FRANJAS AMARILLAS     2,366           2,367         21         20                           B-16410
02AM    DOS FRANJAS AMARILLAS     2,420           2,421         21         20                           B-16411
02AM    DOS FRANJAS AMARILLAS     2,389           2,390         21         20                           B-16412
02AM    DOS FRANJAS AMARILLAS     2,302           2,303         21         20                           B-16413
02AM    DOS FRANJAS AMARILLAS     2,302           2,303         21         20                           B-16414









EMPRESA NACIONAL DE MINERIA (ENM) PRODUCTOR          PACKING LIST                             PAG.  :   4
NATIONAL MINING COMPANY                       CODIGO DE LOTE   : B-16280                      FECHA :18/03/2019
                                              -----------------------------
FLUJO        : 
DESCRIPCION  : CATODOS GRADO A
N° INSTR. DE EMBARQUE : 25155
CLIENTE      : NORDIC MACAU
Lote Sipa    : 19020267

----------------------------------------------------------------------------------------------------------------------------- 
MARCA       DESCRIPCION         PESO NETO      PESO BRUTO     GRUPO     UNIDADES       UBICACION         SERIE                
-----------------------------------------------------------------------------------------------------------------------------

02AM    DOS FRANJAS AMARILLAS     2,184           2,185         21         20                           B-16415
02AM    DOS FRANJAS AMARILLAS     2,342           2,343         21         20                           B-16416
02AM    DOS FRANJAS AMARILLAS     2,368           2,369         21         20                           B-16417
02AM    DOS FRANJAS AMARILLAS     2,291           2,292         21         20                           B-16418


------------------------------------------------------------------------------------------------------------------------
T.SUB-LOTES              TOT.PAQUETES =139      TOT.UNID. = 2780   T/P NETO (kg) = 299,882      T/P BRUTO (kg) = 300,021
------------------------------------------------------------------------------------------------------------------------
