
EMPRESA NACIONAL DE MINERIA (ENM) PRODUCTOR          PACKING LIST                             PAG.  :   1
NATIONAL MINING COMPANY                       CODIGO DE LOTE   : F-2412                      FECHA :01/07/2022
                                              -----------------------------
FLUJO        : 
DESCRIPCION  : CATODOS EW DELTA
N° INSTR. DE EMBARQUE : 929638
CLIENTE      : 
Lote Sipa    : 22060410

----------------------------------------------------------------------------------------------------------------------------- 
MARCA       DESCRIPCION         PESO NETO      PESO BRUTO     GRUPO     UNIDADES       UBICACION         SERIE                
-----------------------------------------------------------------------------------------------------------------------------

07BL    7 FRANJAS BLANCAS         2,000           2,001                    59                           F-2412 
07BL    7 FRANJAS BLANCAS         2,014           2,015                    59                           F-2413 
07BL    7 FRANJAS BLANCAS         1,934           1,935                    54                           F-2414 
07BL    7 FRANJAS BLANCAS         2,001           2,002                    57                           F-2415 
07BL    7 FRANJAS BLANCAS         1,989           1,990                    59                           F-2416 
07BL    7 FRANJAS BLANCAS         1,999           2,000                    58                           F-2417 
07BL    7 FRANJAS BLANCAS         1,989           1,990                    55                           F-2418 
07BL    7 FRANJAS BLANCAS         1,964           1,965                    56                           F-2419 
07BL    7 FRANJAS BLANCAS         2,024           2,025                    59                           F-2420 
07BL    7 FRANJAS BLANCAS         2,021           2,022                    56                           F-2421 
07BL    7 FRANJAS BLANCAS         1,963           1,964                    56                           F-2422 
07BL    7 FRANJAS BLANCAS         1,988           1,989                    57                           F-2423 
07BL    7 FRANJAS BLANCAS         1,975           1,976                    57                           F-2424 
07BL    7 FRANJAS BLANCAS         2,007           2,008                    57                           F-2425 


------------------------------------------------------------------------------------------------------------------------
T.SUB-LOTES              TOT.PAQUETES =14      TOT.UNID. = 799   T/P NETO (kg) = 27,868      T/P BRUTO (kg) = 27,882
------------------------------------------------------------------------------------------------------------------------
