
EMPRESA NACIONAL DE MINERIA (ENM) PRODUCTOR          PACKING LIST                             PAG.  :   1
NATIONAL MINING COMPANY                       CODIGO DE LOTE   : D-2159                      FECHA :20/04/2023
                                              -----------------------------
FLUJO        : 
DESCRIPCION  : CATODOS EW TALTAL
N° INSTR. DE EMBARQUE : 930796
CLIENTE      : 
Lote Sipa    : 23040268

----------------------------------------------------------------------------------------------------------------------------- 
MARCA       DESCRIPCION         PESO NETO      PESO BRUTO     GRUPO     UNIDADES       UBICACION         SERIE                
-----------------------------------------------------------------------------------------------------------------------------

11AM    ONCE AMARILLA             2,012           2,013                    65                           D-2159 
11AM    ONCE AMARILLA             2,013           2,014                    70                           D-2160 
11AM    ONCE AMARILLA             2,029           2,030                    62                           D-2161 
11AM    ONCE AMARILLA             2,029           2,030                    70                           D-2162 
11AM    ONCE AMARILLA             2,017           2,018                    68                           D-2163 
11AM    ONCE AMARILLA             2,017           2,018                    71                           D-2164 
11AM    ONCE AMARILLA             2,015           2,016                    62                           D-2165 
11AM    ONCE AMARILLA             2,030           2,031                    71                           D-2166 
11AM    ONCE AMARILLA             2,033           2,034                    77                           D-2167 
11AM    ONCE AMARILLA             2,014           2,015                    75                           D-2168 
11AM    ONCE AMARILLA             2,017           2,018                    62                           D-2169 
11AM    ONCE AMARILLA             2,026           2,027                    76                           D-2170 
11AM    ONCE AMARILLA             1,965           1,966                    70                           D-2185 


------------------------------------------------------------------------------------------------------------------------
T.SUB-LOTES              TOT.PAQUETES =13      TOT.UNID. = 899   T/P NETO (kg) = 26,217      T/P BRUTO (kg) = 26,230
------------------------------------------------------------------------------------------------------------------------
