
EMPRESA NACIONAL DE MINERIA (ENM) PRODUCTOR          PACKING LIST                             PAG.  :   1
NATIONAL MINING COMPANY                       CODIGO DE LOTE   : G-2119                      FECHA :10/07/2023
                                              -----------------------------
FLUJO        : 
DESCRIPCION  : CATODOS EW TALTAL
N° INSTR. DE EMBARQUE : 931177
CLIENTE      : 
Lote Sipa    : 23070233

----------------------------------------------------------------------------------------------------------------------------- 
MARCA       DESCRIPCION         PESO NETO      PESO BRUTO     GRUPO     UNIDADES       UBICACION         SERIE                
-----------------------------------------------------------------------------------------------------------------------------

08BL    8 BLANCO                  1,952           1,953                    66                           G-2119 
08BL    8 BLANCO                  2,027           2,028                    67                           G-2120 
08BL    8 BLANCO                  1,989           1,990                    66                           G-2121 
08BL    8 BLANCO                  1,956           1,957                    62                           G-2122 
08BL    8 BLANCO                  1,953           1,954                    62                           G-2123 
08BL    8 BLANCO                  2,056           2,057                    73                           G-2124 
08BL    8 BLANCO                  1,976           1,977                    64                           G-2125 
08BL    8 BLANCO                  2,022           2,023                    68                           G-2126 
08BL    8 BLANCO                  1,978           1,979                    62                           G-2127 
08BL    8 BLANCO                  1,989           1,990                    68                           G-2128 
08BL    8 BLANCO                  1,963           1,964                    64                           G-2129 
08BL    8 BLANCO                  2,022           2,023                    69                           G-2130 


------------------------------------------------------------------------------------------------------------------------
T.SUB-LOTES              TOT.PAQUETES =12      TOT.UNID. = 791   T/P NETO (kg) = 23,883      T/P BRUTO (kg) = 23,895
------------------------------------------------------------------------------------------------------------------------
