
EMPRESA NACIONAL DE MINERIA (ENM) PRODUCTOR          PACKING LIST                             PAG.  :   1
NATIONAL MINING COMPANY                       CODIGO DE LOTE   : D-16183                      FECHA :16/05/2018
                                              -----------------------------
FLUJO        : 
DESCRIPCION  : CATODOS GRADO A
N° INSTR. DE EMBARQUE : 24551
CLIENTE      : NORDIC HONG KONG
Lote Sipa    : 18040483

----------------------------------------------------------------------------------------------------------------------------- 
MARCA       DESCRIPCION         PESO NETO      PESO BRUTO     GRUPO     UNIDADES       UBICACION         SERIE                
-----------------------------------------------------------------------------------------------------------------------------

X2BL    EQUIS DOS FRANJAS BLANCA  2,396           2,397         29         20                           D-16183
X2BL    EQUIS DOS FRANJAS BLANCA  2,412           2,413         09         20                           D-16184
X2BL    EQUIS DOS FRANJAS BLANCA  2,469           2,470         09         20                           D-16185
X2BL    EQUIS DOS FRANJAS BLANCA  2,409           2,410         09         20                           D-16186
X2BL    EQUIS DOS FRANJAS BLANCA  2,460           2,461         09         20                           D-16187
X2BL    EQUIS DOS FRANJAS BLANCA  2,490           2,491         09         20                           D-16188
X2BL    EQUIS DOS FRANJAS BLANCA  2,434           2,435         09         20                           D-16189
X2BL    EQUIS DOS FRANJAS BLANCA  2,353           2,354         43         20                           D-16190
X2BL    EQUIS DOS FRANJAS BLANCA  2,485           2,486         09         20                           D-16191
X2BL    EQUIS DOS FRANJAS BLANCA  2,592           2,593         09         20                           D-16192
X2BL    EQUIS DOS FRANJAS BLANCA  2,542           2,543         09         20                           D-16193
X2BL    EQUIS DOS FRANJAS BLANCA  2,526           2,527         09         20                           D-16194
X2BL    EQUIS DOS FRANJAS BLANCA  2,522           2,523         09         20                           D-16195
X2BL    EQUIS DOS FRANJAS BLANCA  2,529           2,530         09         20                           D-16196
X2BL    EQUIS DOS FRANJAS BLANCA  2,498           2,499         09         20                           D-16197
X2BL    EQUIS DOS FRANJAS BLANCA  2,539           2,540         09         20                           D-16198
X2BL    EQUIS DOS FRANJAS BLANCA  2,608           2,609         09         20                           D-16199
X2BL    EQUIS DOS FRANJAS BLANCA  2,506           2,507         09         20                           D-16200
X2BL    EQUIS DOS FRANJAS BLANCA  2,518           2,519         09         20                           D-16201
X2BL    EQUIS DOS FRANJAS BLANCA  2,529           2,530         09         20                           D-16202


------------------------------------------------------------------------------------------------------------------------
T.SUB-LOTES              TOT.PAQUETES =20      TOT.UNID. = 400   T/P NETO (kg) = 49,817      T/P BRUTO (kg) = 49,837
------------------------------------------------------------------------------------------------------------------------
