
EMPRESA NACIONAL DE MINERIA (ENM) PRODUCTOR          PACKING LIST                             PAG.  :   1
NATIONAL MINING COMPANY                       CODIGO DE LOTE   : J-2883                      FECHA :04/11/2022
                                              -----------------------------
FLUJO        : 
DESCRIPCION  : CATODOS EW CERRO NEGRO
N° INSTR. DE EMBARQUE : 930107
CLIENTE      : 
Lote Sipa    : 22100375

----------------------------------------------------------------------------------------------------------------------------- 
MARCA       DESCRIPCION         PESO NETO      PESO BRUTO     GRUPO     UNIDADES       UBICACION         SERIE                
-----------------------------------------------------------------------------------------------------------------------------

08BL    8 BLANCO                  2,040           2,041                    26                           J-2883 
08BL    8 BLANCO                  2,006           2,007                    26                           J-2884 
08BL    8 BLANCO                  2,059           2,060                    26                           J-2885 
08BL    8 BLANCO                  1,996           1,997                    24                           J-2886 
08BL    8 BLANCO                  1,952           1,953                    24                           J-2887 
08BL    8 BLANCO                  2,010           2,011                    26                           J-2888 
08BL    8 BLANCO                  2,034           2,035                    25                           J-2889 
08BL    8 BLANCO                  2,003           2,004                    25                           J-2890 
08BL    8 BLANCO                  2,039           2,040                    26                           J-2891 
08BL    8 BLANCO                  2,013           2,014                    25                           J-2892 
08BL    8 BLANCO                  2,018           2,019                    26                           J-2893 
08BL    8 BLANCO                  2,055           2,056                    26                           J-2894 
08BL    8 BLANCO                  2,032           2,033                    25                           J-2895 
08BL    8 BLANCO                  2,016           2,017                    25                           J-2896 
08BL    8 BLANCO                  1,962           1,963                    24                           J-2897 


------------------------------------------------------------------------------------------------------------------------
T.SUB-LOTES              TOT.PAQUETES =15      TOT.UNID. = 379   T/P NETO (kg) = 30,235      T/P BRUTO (kg) = 30,250
------------------------------------------------------------------------------------------------------------------------
