
EMPRESA NACIONAL DE MINERIA (ENM) PRODUCTOR          PACKING LIST                             PAG.  :   1
NATIONAL MINING COMPANY                       CODIGO DE LOTE   : F-1586                      FECHA :10/07/2018
                                              -----------------------------
FLUJO        : 
DESCRIPCION  : CATODOS EW EL SALADO
N° INSTR. DE EMBARQUE : 24619
CLIENTE      : CISNES
Lote Sipa    : 18060233

----------------------------------------------------------------------------------------------------------------------------- 
MARCA       DESCRIPCION         PESO NETO      PESO BRUTO     GRUPO     UNIDADES       UBICACION         SERIE                
-----------------------------------------------------------------------------------------------------------------------------

01RJ    FRANJA ROJA               1,956           1,957                    52                           F-1586 
01RJ    FRANJA ROJA               2,038           2,039                    39                           F-1587 
01RJ    FRANJA ROJA               1,965           1,966                    84                           F-1588 
01RJ    FRANJA ROJA               1,972           1,973                    71                           F-1589 
01RJ    FRANJA ROJA               2,015           2,016                    61                           F-1590 
01RJ    FRANJA ROJA               1,965           1,966                    54                           F-1591 
01RJ    FRANJA ROJA               1,953           1,954                    77                           F-1592 
01RJ    FRANJA ROJA               2,000           2,001                    99                           F-1593 
01RJ    FRANJA ROJA               2,039           2,040                    100                          F-1594 
01RJ    FRANJA ROJA               1,952           1,953                    95                           F-1595 
01RJ    FRANJA ROJA               1,955           1,956                    47                           F-1596 
01RJ    FRANJA ROJA               1,982           1,983                    109                          F-1597 
01RJ    FRANJA ROJA               2,037           2,038                    99                           F-1598 
01RJ    FRANJA ROJA               2,039           2,040                    70                           F-1599 
01RJ    FRANJA ROJA               2,025           2,026                    65                           F-1648 
01RJ    FRANJA ROJA               2,028           2,029                    61                           F-1649 
01RJ    FRANJA ROJA               1,958           1,959                    63                           F-1650 
01RJ    FRANJA ROJA               1,968           1,969                    68                           F-1651 
01RJ    FRANJA ROJA               2,015           2,016                    73                           F-1652 
01RJ    FRANJA ROJA               2,040           2,041                    64                           F-1653 
01RJ    FRANJA ROJA               2,041           2,042                    80                           F-1654 
01RJ    FRANJA ROJA               1,986           1,987                    84                           F-1655 
01RJ    FRANJA ROJA               2,035           2,036                    69                           F-1656 
01RJ    FRANJA ROJA               1,976           1,977                    61                           F-1657 
01RJ    FRANJA ROJA               1,952           1,953                    76                           F-1658 
01RJ    FRANJA ROJA               2,006           2,007                    66                           F-1659 
01RJ    FRANJA ROJA               2,017           2,018                    67                           F-1660 
01RJ    FRANJA ROJA               1,977           1,978                    66                           F-1661 
01RJ    FRANJA ROJA               2,049           2,050                    118                          F-1663 
01RJ    FRANJA ROJA               2,047           2,048                    65                           F-1664 
01RJ    FRANJA ROJA               2,028           2,029                    80                           F-1665 
01RJ    FRANJA ROJA               1,974           1,975                    131                          F-1666 
01RJ    FRANJA ROJA               2,013           2,014                    86                           F-1667 
01RJ    FRANJA ROJA               1,999           2,000                    73                           F-1668 
01RJ    FRANJA ROJA               2,020           2,021                    88                           F-1669 
01RJ    FRANJA ROJA               1,961           1,962                    86                           F-1670 
01RJ    FRANJA ROJA               1,998           1,999                    69                           F-1671 
01RJ    FRANJA ROJA               2,010           2,011                    112                          F-1672 
01RJ    FRANJA ROJA               1,970           1,971                    62                           F-1673 
01RJ    FRANJA ROJA               2,024           2,025                    103                          F-1674 
01RJ    FRANJA ROJA               2,039           2,040                    112                          F-1675 
01RJ    FRANJA ROJA               1,966           1,967                    93                           F-1676 


------------------------------------------------------------------------------------------------------------------------
T.SUB-LOTES              TOT.PAQUETES =42      TOT.UNID. = 3298   T/P NETO (kg) = 83,990      T/P BRUTO (kg) = 84,032
------------------------------------------------------------------------------------------------------------------------
