
EMPRESA NACIONAL DE MINERIA (ENM) PRODUCTOR          PACKING LIST                             PAG.  :   1
NATIONAL MINING COMPANY                       CODIGO DE LOTE   : D-7424                      FECHA :29/04/2021
                                              -----------------------------
FLUJO        : 
DESCRIPCION  : CATODOS GRADO A
N° INSTR. DE EMBARQUE : 26643
CLIENTE      : MARIANETTA
Lote Sipa    : 

----------------------------------------------------------------------------------------------------------------------------- 
MARCA       DESCRIPCION         PESO NETO      PESO BRUTO     GRUPO     UNIDADES       UBICACION         SERIE                
-----------------------------------------------------------------------------------------------------------------------------

02AM    DOS FRANJAS AMARILLAS     2,413           2,414         20         20                           D-7424 
02AM    DOS FRANJAS AMARILLAS     2,415           2,416         20         20                           D-7425 
02AM    DOS FRANJAS AMARILLAS     2,353           2,354         20         20                           D-7426 
02AM    DOS FRANJAS AMARILLAS     2,422           2,423         20         20                           D-7427 
02AM    DOS FRANJAS AMARILLAS     2,438           2,439         20         20                           D-7428 
02AM    DOS FRANJAS AMARILLAS     2,297           2,298         20         20                           D-7429 
02AM    DOS FRANJAS AMARILLAS     2,481           2,482         20         20                           D-7430 
02AM    DOS FRANJAS AMARILLAS     2,370           2,371         20         20                           D-7431 
02AM    DOS FRANJAS AMARILLAS     2,264           2,265         20         20                           D-7432 
02AM    DOS FRANJAS AMARILLAS     2,498           2,499         33         20                           D-7433 
02AM    DOS FRANJAS AMARILLAS     2,303           2,304         45         20                           D-7434 
02AM    DOS FRANJAS AMARILLAS     2,471           2,472         29         20                           D-7435 
02AM    DOS FRANJAS AMARILLAS     2,347           2,348         29         20                           D-7436 
02AM    DOS FRANJAS AMARILLAS     2,467           2,468         16         20                           D-7437 
02AM    DOS FRANJAS AMARILLAS     2,428           2,429         45         20                           D-7438 
02AM    DOS FRANJAS AMARILLAS     2,395           2,396         29         20                           D-7439 
02AM    DOS FRANJAS AMARILLAS     2,552           2,553         16         20                           D-7440 
02AM    DOS FRANJAS AMARILLAS     2,439           2,440         29         20                           D-7441 
02AM    DOS FRANJAS AMARILLAS     2,459           2,460         18         20                           D-7442 
02AM    DOS FRANJAS AMARILLAS     2,380           2,381         16         20                           D-7443 
02AM    DOS FRANJAS AMARILLAS     2,524           2,525         45         20                           D-7444 
02AM    DOS FRANJAS AMARILLAS     2,540           2,541         29         20                           D-7445 
02AM    DOS FRANJAS AMARILLAS     2,364           2,365         16         20                           D-7446 
02AM    DOS FRANJAS AMARILLAS     2,324           2,325         18         20                           D-7447 
02AM    DOS FRANJAS AMARILLAS     2,399           2,400         29         20                           D-7448 
02AM    DOS FRANJAS AMARILLAS     2,362           2,363         16         20                           D-7449 
02AM    DOS FRANJAS AMARILLAS     2,494           2,495         45         20                           D-7450 
02AM    DOS FRANJAS AMARILLAS     2,413           2,414         16         20                           D-7451 
02AM    DOS FRANJAS AMARILLAS     2,401           2,402         18         20                           D-7452 
02AM    DOS FRANJAS AMARILLAS     2,508           2,509         45         20                           D-7453 
02AM    DOS FRANJAS AMARILLAS     2,545           2,546         18         20                           D-7454 
02AM    DOS FRANJAS AMARILLAS     2,485           2,486         45         20                           D-7455 
02AM    DOS FRANJAS AMARILLAS     2,459           2,460         16         20                           D-7456 
02AM    DOS FRANJAS AMARILLAS     2,349           2,350         18         20                           D-7457 
02AM    DOS FRANJAS AMARILLAS     2,401           2,402         16         20                           D-7458 
02AM    DOS FRANJAS AMARILLAS     2,442           2,443         16         20                           D-7459 
02AM    DOS FRANJAS AMARILLAS     2,201           2,202         29         20                           D-7460 
02AM    DOS FRANJAS AMARILLAS     2,180           2,181         18         20                           D-7461 
02AM    DOS FRANJAS AMARILLAS     2,386           2,387         16         20                           D-7462 
02AM    DOS FRANJAS AMARILLAS     2,453           2,454         45         20                           D-7463 
02AM    DOS FRANJAS AMARILLAS     2,467           2,468         29         20                           D-7464 
02AM    DOS FRANJAS AMARILLAS     2,172           2,173         18         20                           D-7465 
02AM    DOS FRANJAS AMARILLAS     2,348           2,349         16         20                           D-7466 
02AM    DOS FRANJAS AMARILLAS     2,173           2,174         29         20                           D-7467 
02AM    DOS FRANJAS AMARILLAS     2,386           2,387         18         20                           D-7468 









EMPRESA NACIONAL DE MINERIA (ENM) PRODUCTOR          PACKING LIST                             PAG.  :   2
NATIONAL MINING COMPANY                       CODIGO DE LOTE   : D-7424                      FECHA :29/04/2021
                                              -----------------------------
FLUJO        : 
DESCRIPCION  : CATODOS GRADO A
N° INSTR. DE EMBARQUE : 26643
CLIENTE      : MARIANETTA
Lote Sipa    : 

----------------------------------------------------------------------------------------------------------------------------- 
MARCA       DESCRIPCION         PESO NETO      PESO BRUTO     GRUPO     UNIDADES       UBICACION         SERIE                
-----------------------------------------------------------------------------------------------------------------------------

02AM    DOS FRANJAS AMARILLAS     2,221           2,222         16         20                           D-7469 
02AM    DOS FRANJAS AMARILLAS     2,328           2,329         45         20                           D-7470 
02AM    DOS FRANJAS AMARILLAS     2,123           2,124         18         20                           D-7471 
02AM    DOS FRANJAS AMARILLAS     2,471           2,472         45         20                           D-7472 
02AM    DOS FRANJAS AMARILLAS     2,192           2,193         18         20                           D-7473 
02AM    DOS FRANJAS AMARILLAS     2,369           2,370         16         20                           D-7474 
02AM    DOS FRANJAS AMARILLAS     2,218           2,219         45         20                           D-7475 
02AM    DOS FRANJAS AMARILLAS     2,318           2,319         45         20                           D-7476 
02AM    DOS FRANJAS AMARILLAS     2,337           2,338         18         20                           D-7477 
02AM    DOS FRANJAS AMARILLAS     2,464           2,465         45         20                           D-7478 
02AM    DOS FRANJAS AMARILLAS     2,495           2,496         45         20                           D-7479 
02AM    DOS FRANJAS AMARILLAS     2,340           2,341         16         20                           D-7480 
02AM    DOS FRANJAS AMARILLAS     2,235           2,236         16         20                           D-7481 
02AM    DOS FRANJAS AMARILLAS     2,372           2,373         45         20                           D-7482 
02AM    DOS FRANJAS AMARILLAS     2,149           2,150         45         20                           D-7483 
02AM    DOS FRANJAS AMARILLAS     2,467           2,468         45         20                           D-7484 
02AM    DOS FRANJAS AMARILLAS     2,231           2,232         16         20                           D-7485 
02AM    DOS FRANJAS AMARILLAS     2,266           2,267         16         20                           D-7486 
02AM    DOS FRANJAS AMARILLAS     2,476           2,477         45         20                           D-7487 
02AM    DOS FRANJAS AMARILLAS     2,383           2,384         18         20                           D-7488 
02AM    DOS FRANJAS AMARILLAS     2,390           2,391         16         20                           D-7489 
02AM    DOS FRANJAS AMARILLAS     2,223           2,224         45         20                           D-7490 
02AM    DOS FRANJAS AMARILLAS     2,342           2,343         16         20                           D-7491 
02AM    DOS FRANJAS AMARILLAS     2,308           2,309         16         20                           D-7492 
02AM    DOS FRANJAS AMARILLAS     2,471           2,472         45         20                           D-7493 
02AM    DOS FRANJAS AMARILLAS     2,556           2,557         45         20                           D-7494 
02AM    DOS FRANJAS AMARILLAS     2,418           2,419         45         20                           D-7495 
02AM    DOS FRANJAS AMARILLAS     2,310           2,311         45         20                           D-7496 
02AM    DOS FRANJAS AMARILLAS     2,364           2,365         18         20                           D-7497 
02AM    DOS FRANJAS AMARILLAS     2,400           2,401         29         20                           D-7498 
02AM    DOS FRANJAS AMARILLAS     2,426           2,427         45         20                           D-7499 
02AM    DOS FRANJAS AMARILLAS     2,429           2,430         29         20                           D-7500 
02AM    DOS FRANJAS AMARILLAS     2,387           2,388         29         20                           D-7501 
02AM    DOS FRANJAS AMARILLAS     2,500           2,501         45         20                           D-7502 
02AM    DOS FRANJAS AMARILLAS     2,423           2,424         18         20                           D-7503 
02AM    DOS FRANJAS AMARILLAS     2,423           2,424         45         20                           D-7504 
02AM    DOS FRANJAS AMARILLAS     2,471           2,472         45         20                           D-7505 
02AM    DOS FRANJAS AMARILLAS     2,347           2,348         29         20                           D-7506 
02AM    DOS FRANJAS AMARILLAS     2,327           2,328         29         20                           D-7507 


------------------------------------------------------------------------------------------------------------------------
T.SUB-LOTES              TOT.PAQUETES =84      TOT.UNID. = 1680   T/P NETO (kg) = 199,938      T/P BRUTO (kg) = 200,022
------------------------------------------------------------------------------------------------------------------------
