
EMPRESA NACIONAL DE MINERIA (ENM) PRODUCTOR          PACKING LIST                             PAG.  :   1
NATIONAL MINING COMPANY                       CODIGO DE LOTE   : C-5463                      FECHA :06/03/2019
                                              -----------------------------
FLUJO        : 
DESCRIPCION  : CATODOS GRADO A
N° INSTR. DE EMBARQUE : 57248
CLIENTE      : 
Lote Sipa    : 

----------------------------------------------------------------------------------------------------------------------------- 
MARCA       DESCRIPCION         PESO NETO      PESO BRUTO     GRUPO     UNIDADES       UBICACION         SERIE                
-----------------------------------------------------------------------------------------------------------------------------

03NA    TRES FRANJAS NARANJAS     2,184           2,185         12         20                           C-5463 
03NA    TRES FRANJAS NARANJAS     2,213           2,214         12         20                           C-5464 
03NA    TRES FRANJAS NARANJAS     2,218           2,219         12         20                           C-5465 
03NA    TRES FRANJAS NARANJAS     2,251           2,252         12         20                           C-5466 
03NA    TRES FRANJAS NARANJAS     2,178           2,179         12         20                           C-5467 
03NA    TRES FRANJAS NARANJAS     2,304           2,305         12         20                           C-5468 
03NA    TRES FRANJAS NARANJAS     2,186           2,187         12         20                           C-5469 
03NA    TRES FRANJAS NARANJAS     2,164           2,165         12         20                           C-5470 
03NA    TRES FRANJAS NARANJAS     2,324           2,325         12         20                           C-5471 
03NA    TRES FRANJAS NARANJAS     2,348           2,349         12         20                           C-5472 
03NA    TRES FRANJAS NARANJAS     2,333           2,334         12         20                           C-5473 
03NA    TRES FRANJAS NARANJAS     2,270           2,271         12         20                           C-5474 
03NA    TRES FRANJAS NARANJAS     2,321           2,322         12         20                           C-5475 
03NA    TRES FRANJAS NARANJAS     2,264           2,265         12         20                           C-5476 
03NA    TRES FRANJAS NARANJAS     2,227           2,228         12         20                           C-5477 
03NA    TRES FRANJAS NARANJAS     2,189           2,190         12         20                           C-5478 
03NA    TRES FRANJAS NARANJAS     2,405           2,406         12         20                           C-5479 
03NA    TRES FRANJAS NARANJAS     2,175           2,176         12         20                           C-5480 
03NA    TRES FRANJAS NARANJAS     2,263           2,264         12         20                           C-5481 
03NA    TRES FRANJAS NARANJAS     2,225           2,226         12         20                           C-5482 
03NA    TRES FRANJAS NARANJAS     2,424           2,425         12         20                           C-5483 
03NA    TRES FRANJAS NARANJAS     2,217           2,218         12         20                           C-5484 
03NA    TRES FRANJAS NARANJAS     2,145           2,146         12         20                           C-5485 
03NA    TRES FRANJAS NARANJAS     2,295           2,296         12         20                           C-5486 
03NA    TRES FRANJAS NARANJAS     2,503           2,504         12         20                           C-5487 
03NA    TRES FRANJAS NARANJAS     2,342           2,343         12         20                           C-5488 
03NA    TRES FRANJAS NARANJAS     2,239           2,240         12         20                           C-5489 
03NA    TRES FRANJAS NARANJAS     2,431           2,432         12         20                           C-5490 
03NA    TRES FRANJAS NARANJAS     2,192           2,193         12         20                           C-5491 
03NA    TRES FRANJAS NARANJAS     2,251           2,252         12         20                           C-5492 
03NA    TRES FRANJAS NARANJAS     2,283           2,284         12         20                           C-5493 
03NA    TRES FRANJAS NARANJAS     2,213           2,214         12         20                           C-5494 
03NA    TRES FRANJAS NARANJAS     2,178           2,179         12         20                           C-5495 
03NA    TRES FRANJAS NARANJAS     2,305           2,306         12         20                           C-5496 
03NA    TRES FRANJAS NARANJAS     2,221           2,222         12         20                           C-5497 
03NA    TRES FRANJAS NARANJAS     2,114           2,115         12         20                           C-5498 
03NA    TRES FRANJAS NARANJAS     2,230           2,231         12         20                           C-5499 
03NA    TRES FRANJAS NARANJAS     2,286           2,287         12         20                           C-5500 
03NA    TRES FRANJAS NARANJAS     2,512           2,513         12         20                           C-5501 
03NA    TRES FRANJAS NARANJAS     2,250           2,251         12         20                           C-5502 
03NA    TRES FRANJAS NARANJAS     2,262           2,263         12         20                           C-5503 
03NA    TRES FRANJAS NARANJAS     2,288           2,289         12         20                           C-5504 
03NA    TRES FRANJAS NARANJAS     2,292           2,293         12         20                           C-5505 
03NA    TRES FRANJAS NARANJAS     2,228           2,229         12         20                           C-5506 


------------------------------------------------------------------------------------------------------------------------
T.SUB-LOTES              TOT.PAQUETES =44      TOT.UNID. = 880   T/P NETO (kg) = 99,743      T/P BRUTO (kg) = 99,787
------------------------------------------------------------------------------------------------------------------------
