
EMPRESA NACIONAL DE MINERIA (ENM) PRODUCTOR          PACKING LIST                             PAG.  :   1
NATIONAL MINING COMPANY                       CODIGO DE LOTE   : F-8582                      FECHA :22/06/2021
                                              -----------------------------
FLUJO        : 
DESCRIPCION  : CATODOS GRADO A
N° INSTR. DE EMBARQUE : 26754
CLIENTE      : ANTOFAGASTA EXPRESS
Lote Sipa    : 

----------------------------------------------------------------------------------------------------------------------------- 
MARCA       DESCRIPCION         PESO NETO      PESO BRUTO     GRUPO     UNIDADES       UBICACION         SERIE                
-----------------------------------------------------------------------------------------------------------------------------

01BL    FRANJA BLANCA             2,038           2,039         11         20                           F-8582 
01BL    FRANJA BLANCA             2,211           2,212         11         20                           F-8583 
01BL    FRANJA BLANCA             2,236           2,237         11         20                           F-8584 
01BL    FRANJA BLANCA             2,367           2,368         03         20                           F-8585 
01BL    FRANJA BLANCA             2,261           2,262         03         20                           F-8586 
01BL    FRANJA BLANCA             2,269           2,270         03         20                           F-8587 
01BL    FRANJA BLANCA             2,163           2,164         11         20                           F-8588 
01BL    FRANJA BLANCA             2,301           2,302         11         20                           F-8589 
01BL    FRANJA BLANCA             2,205           2,206         03         20                           F-8590 
01BL    FRANJA BLANCA             2,135           2,136         23         20                           F-8591 
01BL    FRANJA BLANCA             2,123           2,124         23         20                           F-8592 
01BL    FRANJA BLANCA             2,197           2,198         23         20                           F-8593 
01BL    FRANJA BLANCA             2,348           2,349         23         20                           F-8594 
01BL    FRANJA BLANCA             2,265           2,266         23         20                           F-8595 
01BL    FRANJA BLANCA             2,305           2,306         23         20                           F-8596 
01BL    FRANJA BLANCA             2,129           2,130         11         20                           F-8597 
01BL    FRANJA BLANCA             2,196           2,197         23         20                           F-8598 
01BL    FRANJA BLANCA             2,147           2,148         23         20                           F-8599 
01BL    FRANJA BLANCA             2,381           2,382         23         20                           F-8600 
01BL    FRANJA BLANCA             2,273           2,274         03         20                           F-8601 
01BL    FRANJA BLANCA             2,250           2,251         03         20                           F-8602 
01BL    FRANJA BLANCA             2,321           2,322         03         20                           F-8603 
01BL    FRANJA BLANCA             2,335           2,336         37         20                           F-8604 
01BL    FRANJA BLANCA             2,257           2,258         23         20                           F-8605 
01BL    FRANJA BLANCA             2,368           2,369         11         20                           F-8606 
01BL    FRANJA BLANCA             2,371           2,372         37         20                           F-8607 
01BL    FRANJA BLANCA             2,333           2,334         37         20                           F-8608 
01BL    FRANJA BLANCA             2,224           2,225         11         20                           F-8609 
01BL    FRANJA BLANCA             2,357           2,358         27         20                           F-8610 
01BL    FRANJA BLANCA             2,307           2,308         27         20                           F-8611 
01BL    FRANJA BLANCA             2,277           2,278         11         20                           F-8612 
01BL    FRANJA BLANCA             2,147           2,148         43         20                           F-8613 
01BL    FRANJA BLANCA             2,330           2,331         43         20                           F-8614 
01BL    FRANJA BLANCA             2,123           2,124         23         20                           F-8615 
01BL    FRANJA BLANCA             2,197           2,198         27         20                           F-8616 
01BL    FRANJA BLANCA             2,267           2,268         37         20                           F-8617 
01BL    FRANJA BLANCA             2,316           2,317         03         20                           F-8618 
01BL    FRANJA BLANCA             2,264           2,265         11         20                           F-8619 
01BL    FRANJA BLANCA             2,267           2,268         23         20                           F-8620 
01BL    FRANJA BLANCA             2,313           2,314         23         20                           F-8621 
01BL    FRANJA BLANCA             2,288           2,289         23         20                           F-8622 
01BL    FRANJA BLANCA             2,293           2,294         11         20                           F-8623 
01BL    FRANJA BLANCA             2,199           2,200         23         20                           F-8624 
01BL    FRANJA BLANCA             2,369           2,370         03         20                           F-8625 
01BL    FRANJA BLANCA             2,269           2,270         03         20                           F-8626 









EMPRESA NACIONAL DE MINERIA (ENM) PRODUCTOR          PACKING LIST                             PAG.  :   2
NATIONAL MINING COMPANY                       CODIGO DE LOTE   : F-8582                      FECHA :22/06/2021
                                              -----------------------------
FLUJO        : 
DESCRIPCION  : CATODOS GRADO A
N° INSTR. DE EMBARQUE : 26754
CLIENTE      : ANTOFAGASTA EXPRESS
Lote Sipa    : 

----------------------------------------------------------------------------------------------------------------------------- 
MARCA       DESCRIPCION         PESO NETO      PESO BRUTO     GRUPO     UNIDADES       UBICACION         SERIE                
-----------------------------------------------------------------------------------------------------------------------------

01BL    FRANJA BLANCA             2,260           2,261         23         20                           F-8627 
01BL    FRANJA BLANCA             2,217           2,218         23         20                           F-8628 
01BL    FRANJA BLANCA             2,325           2,326         03         20                           F-8629 
01BL    FRANJA BLANCA             2,307           2,308         11         20                           F-8630 
01BL    FRANJA BLANCA             2,101           2,102         23         20                           F-8631 
01BL    FRANJA BLANCA             2,183           2,184         23         20                           F-8632 
01BL    FRANJA BLANCA             2,353           2,354         03         20                           F-8633 
01BL    FRANJA BLANCA             2,153           2,154         27         20                           F-8634 
01BL    FRANJA BLANCA             2,331           2,332         03         20                           F-8635 
01BL    FRANJA BLANCA             2,179           2,180         23         20                           F-8636 
01BL    FRANJA BLANCA             2,161           2,162         23         20                           F-8637 
01BL    FRANJA BLANCA             2,207           2,208         27         20                           F-8638 
01BL    FRANJA BLANCA             2,237           2,238         37         20                           F-8639 
01BL    FRANJA BLANCA             2,379           2,380         03         20                           F-8640 
01BL    FRANJA BLANCA             2,225           2,226         23         20                           F-8641 
01BL    FRANJA BLANCA             2,190           2,191         23         20                           F-8642 
01BL    FRANJA BLANCA             2,346           2,347         37         20                           F-8643 
01BL    FRANJA BLANCA             2,356           2,357         03         20                           F-8644 
01BL    FRANJA BLANCA             2,292           2,293         37         20                           F-8645 
01BL    FRANJA BLANCA             2,007           2,008         37         20                           F-8646 
01BL    FRANJA BLANCA             2,357           2,358         37         20                           F-8647 
01BL    FRANJA BLANCA             2,274           2,275         03         20                           F-8648 
01BL    FRANJA BLANCA             2,251           2,252         03         20                           F-8649 
01BL    FRANJA BLANCA             2,333           2,334         03         20                           F-8650 
01BL    FRANJA BLANCA             2,259           2,260         03         20                           F-8651 
01BL    FRANJA BLANCA             2,386           2,387         42         20                           F-8652 
01BL    FRANJA BLANCA             2,350           2,351         03         20                           F-8653 
01BL    FRANJA BLANCA             2,297           2,298         03         20                           F-8654 
01BL    FRANJA BLANCA             2,329           2,330         42         20                           F-8655 
01BL    FRANJA BLANCA             2,401           2,402         42         20                           F-8656 
01BL    FRANJA BLANCA             1,928           1,929         23         20                           F-8657 
01BL    FRANJA BLANCA             2,241           2,242         23         20                           F-8658 
01BL    FRANJA BLANCA             2,157           2,158         23         20                           F-8659 
01BL    FRANJA BLANCA             2,193           2,194         27         20                           F-8660 
01BL    FRANJA BLANCA             2,261           2,262         42         20                           F-8661 
01BL    FRANJA BLANCA             2,225           2,226         03         20                           F-8662 
01BL    FRANJA BLANCA             2,145           2,146         37         20                           F-8663 
01BL    FRANJA BLANCA             2,077           2,078         23         20                           F-8664 
01BL    FRANJA BLANCA             2,205           2,206         23         20                           F-8665 
01BL    FRANJA BLANCA             2,209           2,210         23         20                           F-8666 
01BL    FRANJA BLANCA             2,395           2,396         42         20                           F-8667 
01BL    FRANJA BLANCA             2,305           2,306         03         20                           F-8668 
01BL    FRANJA BLANCA             2,195           2,196         23         20                           F-8669 
01BL    FRANJA BLANCA             2,369           2,370         23         20                           F-8670 
01BL    FRANJA BLANCA             2,314           2,315         42         20                           F-8671 









EMPRESA NACIONAL DE MINERIA (ENM) PRODUCTOR          PACKING LIST                             PAG.  :   3
NATIONAL MINING COMPANY                       CODIGO DE LOTE   : F-8582                      FECHA :22/06/2021
                                              -----------------------------
FLUJO        : 
DESCRIPCION  : CATODOS GRADO A
N° INSTR. DE EMBARQUE : 26754
CLIENTE      : ANTOFAGASTA EXPRESS
Lote Sipa    : 

----------------------------------------------------------------------------------------------------------------------------- 
MARCA       DESCRIPCION         PESO NETO      PESO BRUTO     GRUPO     UNIDADES       UBICACION         SERIE                
-----------------------------------------------------------------------------------------------------------------------------

01BL    FRANJA BLANCA             2,367           2,368         03         20                           F-8672 
01BL    FRANJA BLANCA             2,294           2,295         03         20                           F-8673 
01BL    FRANJA BLANCA             2,125           2,126         23         20                           F-8674 
01BL    FRANJA BLANCA             2,381           2,382         42         20                           F-8675 
01BL    FRANJA BLANCA             2,201           2,202         23         20                           F-8676 
01BL    FRANJA BLANCA             2,364           2,365         03         20                           F-8677 
01BL    FRANJA BLANCA             2,201           2,202         27         20                           F-8678 
01BL    FRANJA BLANCA             2,371           2,372         37         20                           F-8679 
01BL    FRANJA BLANCA             2,293           2,294         03         20                           F-8680 
01BL    FRANJA BLANCA             2,423           2,424         42         20                           F-8681 
01BL    FRANJA BLANCA             2,265           2,266         23         20                           F-8682 
01BL    FRANJA BLANCA             2,124           2,125         37         20                           F-8683 
01BL    FRANJA BLANCA             2,369           2,370         03         20                           F-8684 
01BL    FRANJA BLANCA             2,377           2,378         42         20                           F-8685 
01BL    FRANJA BLANCA             2,094           2,095         37         20                           F-8686 
01BL    FRANJA BLANCA             2,120           2,121         37         20                           F-8687 
01BL    FRANJA BLANCA             2,303           2,304         03         20                           F-8688 
01BL    FRANJA BLANCA             2,252           2,253         23         20                           F-8689 
01BL    FRANJA BLANCA             2,278           2,279         42         20                           F-8690 
01BL    FRANJA BLANCA             2,399           2,400         42         20                           F-8691 
01BL    FRANJA BLANCA             2,357           2,358         03         20                           F-8692 
01BL    FRANJA BLANCA             2,321           2,322         23         20                           F-8693 
01BL    FRANJA BLANCA             2,263           2,264         23         20                           F-8694 
01BL    FRANJA BLANCA             2,287           2,288         23         20                           F-8695 
01BL    FRANJA BLANCA             2,302           2,303         23         20                           F-8696 
01BL    FRANJA BLANCA             2,287           2,288         03         20                           F-8697 
01BL    FRANJA BLANCA             2,335           2,336         03         20                           F-8698 
01BL    FRANJA BLANCA             2,235           2,236         23         20                           F-8699 
01BL    FRANJA BLANCA             2,215           2,216         23         20                           F-8700 
01BL    FRANJA BLANCA             2,295           2,296         37         20                           F-8701 
01BL    FRANJA BLANCA             2,347           2,348         37         20                           F-8702 
01BL    FRANJA BLANCA             2,164           2,165         23         20                           F-8703 
01BL    FRANJA BLANCA             2,211           2,212         03         20                           F-8704 
01BL    FRANJA BLANCA             2,138           2,139         37         20                           F-8705 
01BL    FRANJA BLANCA             2,227           2,228         37         20                           F-8706 
01BL    FRANJA BLANCA             2,187           2,188         23         20                           F-8707 
01BL    FRANJA BLANCA             2,201           2,202         03         20                           F-8708 
01BL    FRANJA BLANCA             2,193           2,194         37         20                           F-8709 
01BL    FRANJA BLANCA             2,125           2,126         03         20                           F-8710 
01BL    FRANJA BLANCA             2,075           2,076         03         20                           F-8711 
01BL    FRANJA BLANCA             2,247           2,248         27         20                           F-8712 
01BL    FRANJA BLANCA             2,235           2,236         03         20                           F-8713 
01BL    FRANJA BLANCA             2,255           2,256         23         20                           F-8714 


------------------------------------------------------------------------------------------------------------------------
T.SUB-LOTES              TOT.PAQUETES =133      TOT.UNID. = 2660   T/P NETO (kg) = 299,960      T/P BRUTO (kg) = 300,093
------------------------------------------------------------------------------------------------------------------------
