
EMPRESA NACIONAL DE MINERIA (ENM) PRODUCTOR          PACKING LIST                             PAG.  :   1
NATIONAL MINING COMPANY                       CODIGO DE LOTE   : M-7559                      FECHA :12/12/2019
                                              -----------------------------
FLUJO        : 
DESCRIPCION  : CATODOS GRADO A
N° INSTR. DE EMBARQUE : 25660
CLIENTE      : ANTOFAGASTA EXPRESS
Lote Sipa    : 

----------------------------------------------------------------------------------------------------------------------------- 
MARCA       DESCRIPCION         PESO NETO      PESO BRUTO     GRUPO     UNIDADES       UBICACION         SERIE                
-----------------------------------------------------------------------------------------------------------------------------

V0AM    V AMARILLA                2,070           2,071         03         20                           M-7559 
V0AM    V AMARILLA                2,185           2,186         03         20                           M-7560 
V0AM    V AMARILLA                1,920           1,921         03         20                           M-7561 
V0AM    V AMARILLA                2,143           2,144         11         20                           M-7562 
V0AM    V AMARILLA                2,054           2,055         11         20                           M-7563 
V0AM    V AMARILLA                1,999           2,000         03         20                           M-7564 
V0AM    V AMARILLA                1,989           1,990         03         20                           M-7565 
V0AM    V AMARILLA                2,000           2,001         03         20                           M-7566 
V0AM    V AMARILLA                2,152           2,153         11         20                           M-7567 
V0AM    V AMARILLA                2,095           2,096         28         20                           M-7568 
V0AM    V AMARILLA                2,177           2,178         11         20                           M-7569 
V0AM    V AMARILLA                2,201           2,202         28         20                           M-7570 
V0AM    V AMARILLA                2,304           2,305         11         20                           M-7571 
V0AM    V AMARILLA                2,103           2,104         11         20                           M-7572 
V0AM    V AMARILLA                2,284           2,285         11         20                           M-7573 
V0AM    V AMARILLA                2,215           2,216         11         20                           M-7574 
V0AM    V AMARILLA                2,008           2,009         11         20                           M-7575 
V0AM    V AMARILLA                2,274           2,275         28         20                           M-7576 
V0AM    V AMARILLA                2,226           2,227         28         20                           M-7577 
V0AM    V AMARILLA                2,237           2,238         28         20                           M-7578 
V0AM    V AMARILLA                2,310           2,311         28         20                           M-7579 
V0AM    V AMARILLA                2,126           2,127         11         20                           M-7580 
V0AM    V AMARILLA                2,149           2,150         36         20                           M-7581 
V0AM    V AMARILLA                2,174           2,175         09         20                           M-7582 
V0AM    V AMARILLA                2,098           2,099         09         20                           M-7583 
V0AM    V AMARILLA                2,271           2,272         09         20                           M-7584 
V0AM    V AMARILLA                2,224           2,225         09         20                           M-7585 
V0AM    V AMARILLA                2,354           2,355         09         20                           M-7586 
V0AM    V AMARILLA                2,079           2,080         09         20                           M-7587 
V0AM    V AMARILLA                2,364           2,365         09         20                           M-7588 
V0AM    V AMARILLA                2,431           2,432         09         20                           M-7589 
V0AM    V AMARILLA                2,099           2,100         09         20                           M-7590 
V0AM    V AMARILLA                2,133           2,134         09         20                           M-7591 
V0AM    V AMARILLA                2,413           2,414         09         20                           M-7592 
V0AM    V AMARILLA                2,433           2,434         09         20                           M-7593 
V0AM    V AMARILLA                2,180           2,181         09         20                           M-7594 
V0AM    V AMARILLA                2,122           2,123         09         20                           M-7595 
V0AM    V AMARILLA                2,228           2,229         09         20                           M-7596 
V0AM    V AMARILLA                2,423           2,424         09         20                           M-7597 
V0AM    V AMARILLA                2,167           2,168         09         20                           M-7598 
V0AM    V AMARILLA                2,164           2,165         09         20                           M-7599 
V0AM    V AMARILLA                2,133           2,134         09         20                           M-7600 
V0AM    V AMARILLA                2,158           2,159         09         20                           M-7601 
V0AM    V AMARILLA                1,974           1,975         09         20                           M-7602 
V0AM    V AMARILLA                2,070           2,071         09         20                           M-7603 









EMPRESA NACIONAL DE MINERIA (ENM) PRODUCTOR          PACKING LIST                             PAG.  :   2
NATIONAL MINING COMPANY                       CODIGO DE LOTE   : M-7559                      FECHA :12/12/2019
                                              -----------------------------
FLUJO        : 
DESCRIPCION  : CATODOS GRADO A
N° INSTR. DE EMBARQUE : 25660
CLIENTE      : ANTOFAGASTA EXPRESS
Lote Sipa    : 

----------------------------------------------------------------------------------------------------------------------------- 
MARCA       DESCRIPCION         PESO NETO      PESO BRUTO     GRUPO     UNIDADES       UBICACION         SERIE                
-----------------------------------------------------------------------------------------------------------------------------

V0AM    V AMARILLA                2,042           2,043         09         20                           M-7604 


------------------------------------------------------------------------------------------------------------------------
T.SUB-LOTES              TOT.PAQUETES =46      TOT.UNID. = 920   T/P NETO (kg) = 99,955      T/P BRUTO (kg) = 100,001
------------------------------------------------------------------------------------------------------------------------
