
EMPRESA NACIONAL DE MINERIA (ENM) PRODUCTOR          PACKING LIST                             PAG.  :   1
NATIONAL MINING COMPANY                       CODIGO DE LOTE   : A-13185                      FECHA :18/02/2019
                                              -----------------------------
FLUJO        : 
DESCRIPCION  : CATODOS GRADO A
N° INSTR. DE EMBARQUE : 25097
CLIENTE      : NORDIC BEIJING
Lote Sipa    : 19010584

----------------------------------------------------------------------------------------------------------------------------- 
MARCA       DESCRIPCION         PESO NETO      PESO BRUTO     GRUPO     UNIDADES       UBICACION         SERIE                
-----------------------------------------------------------------------------------------------------------------------------

02RJ    DOS FRANJAS ROJAS         2,131           2,132         17         20                           A-13185
02RJ    DOS FRANJAS ROJAS         2,268           2,269         17         20                           A-13186
02RJ    DOS FRANJAS ROJAS         2,432           2,433         17         20                           A-13187
02RJ    DOS FRANJAS ROJAS         2,255           2,256         37         20                           A-13188
02RJ    DOS FRANJAS ROJAS         2,193           2,194         17         20                           A-13189
02RJ    DOS FRANJAS ROJAS         2,310           2,311         17         20                           A-13190
02RJ    DOS FRANJAS ROJAS         2,210           2,211         37         20                           A-13191
02RJ    DOS FRANJAS ROJAS         2,306           2,307         37         20                           A-13192
02RJ    DOS FRANJAS ROJAS         2,512           2,513         37         20                           A-13193
02RJ    DOS FRANJAS ROJAS         2,143           2,144         37         20                           A-13194
02RJ    DOS FRANJAS ROJAS         2,367           2,368         17         20                           A-13195
02RJ    DOS FRANJAS ROJAS         2,501           2,502         36         20                           A-13196
02RJ    DOS FRANJAS ROJAS         2,441           2,442         17         20                           A-13197
02RJ    DOS FRANJAS ROJAS         2,462           2,463         17         20                           A-13198
02RJ    DOS FRANJAS ROJAS         2,469           2,470         17         20                           A-13199
02RJ    DOS FRANJAS ROJAS         2,431           2,432         17         20                           A-13200
02RJ    DOS FRANJAS ROJAS         2,498           2,499         36         20                           A-13201
02RJ    DOS FRANJAS ROJAS         2,424           2,425         17         20                           A-13202
02RJ    DOS FRANJAS ROJAS         2,485           2,486         36         20                           A-13203
02RJ    DOS FRANJAS ROJAS         2,491           2,492         36         20                           A-13204
02RJ    DOS FRANJAS ROJAS         2,454           2,455         36         20                           A-13205
02RJ    DOS FRANJAS ROJAS         2,438           2,439         17         20                           A-13206
02RJ    DOS FRANJAS ROJAS         2,594           2,595         36         20                           A-13207
02RJ    DOS FRANJAS ROJAS         2,568           2,569         36         20                           A-13208
02RJ    DOS FRANJAS ROJAS         2,676           2,677         36         20                           A-13209
02RJ    DOS FRANJAS ROJAS         2,361           2,362         36         20                           A-13210
02RJ    DOS FRANJAS ROJAS         2,585           2,586         36         20                           A-13211
02RJ    DOS FRANJAS ROJAS         2,529           2,530         36         20                           A-13212
02RJ    DOS FRANJAS ROJAS         2,481           2,482         17         20                           A-13213
02RJ    DOS FRANJAS ROJAS         2,584           2,585         17         20                           A-13214
02RJ    DOS FRANJAS ROJAS         2,674           2,675         36         20                           A-13215
02RJ    DOS FRANJAS ROJAS         2,646           2,647         36         20                           A-13216
02RJ    DOS FRANJAS ROJAS         2,500           2,501         17         20                           A-13217
02RJ    DOS FRANJAS ROJAS         2,611           2,612         36         20                           A-13218
02RJ    DOS FRANJAS ROJAS         2,422           2,423         17         20                           A-13219
02RJ    DOS FRANJAS ROJAS         2,585           2,586         36         20                           A-13220
02RJ    DOS FRANJAS ROJAS         2,553           2,554         36         20                           A-13221
02RJ    DOS FRANJAS ROJAS         2,442           2,443         17         20                           A-13222
02RJ    DOS FRANJAS ROJAS         2,542           2,543         36         20                           A-13223
02RJ    DOS FRANJAS ROJAS         2,617           2,618         36         20                           A-13224
02RJ    DOS FRANJAS ROJAS         2,427           2,428         17         20                           A-13225
02RJ    DOS FRANJAS ROJAS         2,409           2,410         36         20                           A-13226
02RJ    DOS FRANJAS ROJAS         2,429           2,430         17         20                           A-13227
02RJ    DOS FRANJAS ROJAS         2,621           2,622         36         20                           A-13228
02RJ    DOS FRANJAS ROJAS         2,478           2,479         36         20                           A-13229









EMPRESA NACIONAL DE MINERIA (ENM) PRODUCTOR          PACKING LIST                             PAG.  :   2
NATIONAL MINING COMPANY                       CODIGO DE LOTE   : A-13185                      FECHA :18/02/2019
                                              -----------------------------
FLUJO        : 
DESCRIPCION  : CATODOS GRADO A
N° INSTR. DE EMBARQUE : 25097
CLIENTE      : NORDIC BEIJING
Lote Sipa    : 19010584

----------------------------------------------------------------------------------------------------------------------------- 
MARCA       DESCRIPCION         PESO NETO      PESO BRUTO     GRUPO     UNIDADES       UBICACION         SERIE                
-----------------------------------------------------------------------------------------------------------------------------

02RJ    DOS FRANJAS ROJAS         2,480           2,481         17         20                           A-13230
02RJ    DOS FRANJAS ROJAS         2,572           2,573         36         20                           A-13231
02RJ    DOS FRANJAS ROJAS         2,404           2,405         17         20                           A-13232
02RJ    DOS FRANJAS ROJAS         2,534           2,535         17         20                           A-13233
02RJ    DOS FRANJAS ROJAS         2,506           2,507         36         20                           A-13234
02RJ    DOS FRANJAS ROJAS         2,413           2,414         36         20                           A-13235
02RJ    DOS FRANJAS ROJAS         2,350           2,351         17         20                           A-13236
02RJ    DOS FRANJAS ROJAS         2,448           2,449         17         20                           A-13237
02RJ    DOS FRANJAS ROJAS         2,526           2,527         17         20                           A-13238
02RJ    DOS FRANJAS ROJAS         2,492           2,493         17         20                           A-13239
02RJ    DOS FRANJAS ROJAS         2,206           2,207         17         20                           A-13240
02RJ    DOS FRANJAS ROJAS         2,363           2,364         17         20                           A-13241
02RJ    DOS FRANJAS ROJAS         2,393           2,394         17         20                           A-13242
02RJ    DOS FRANJAS ROJAS         2,640           2,641         36         20                           A-13243
02RJ    DOS FRANJAS ROJAS         2,267           2,268         05         20                           A-13244
02RJ    DOS FRANJAS ROJAS         2,583           2,584         17         20                           A-13245
02RJ    DOS FRANJAS ROJAS         2,541           2,542         17         20                           A-13246
02RJ    DOS FRANJAS ROJAS         2,438           2,439         36         20                           A-13247
02RJ    DOS FRANJAS ROJAS         2,640           2,641         36         20                           A-13248
02RJ    DOS FRANJAS ROJAS         2,129           2,130         37         20                           A-13249
02RJ    DOS FRANJAS ROJAS         2,498           2,499         36         20                           A-13250
02RJ    DOS FRANJAS ROJAS         2,448           2,449         36         20                           A-13251
02RJ    DOS FRANJAS ROJAS         2,506           2,507         36         20                           A-13252
02RJ    DOS FRANJAS ROJAS         2,397           2,398         36         20                           A-13253
02RJ    DOS FRANJAS ROJAS         2,533           2,534         36         20                           A-13254
02RJ    DOS FRANJAS ROJAS         2,437           2,438         17         20                           A-13255
02RJ    DOS FRANJAS ROJAS         2,384           2,385         17         20                           A-13256
02RJ    DOS FRANJAS ROJAS         2,423           2,424         36         20                           A-13257
02RJ    DOS FRANJAS ROJAS         2,267           2,268         36         20                           A-13258
02RJ    DOS FRANJAS ROJAS         2,262           2,263         36         20                           A-13259
02RJ    DOS FRANJAS ROJAS         2,214           2,215         36         20                           A-13260
02RJ    DOS FRANJAS ROJAS         2,305           2,306         36         20                           A-13261
02RJ    DOS FRANJAS ROJAS         2,327           2,328         17         20                           A-13262
02RJ    DOS FRANJAS ROJAS         2,372           2,373         37         20                           A-13263
02RJ    DOS FRANJAS ROJAS         2,302           2,303         37         20                           A-13264
02RJ    DOS FRANJAS ROJAS         2,309           2,310         17         20                           A-13265
02RJ    DOS FRANJAS ROJAS         2,254           2,255         29         20                           A-13266


------------------------------------------------------------------------------------------------------------------------
T.SUB-LOTES              TOT.PAQUETES =82      TOT.UNID. = 1640   T/P NETO (kg) = 199,718      T/P BRUTO (kg) = 199,800
------------------------------------------------------------------------------------------------------------------------
