
EMPRESA NACIONAL DE MINERIA (ENM) PRODUCTOR          PACKING LIST                             PAG.  :   1
NATIONAL MINING COMPANY                       CODIGO DE LOTE   : E-8719                      FECHA :21/05/2021
                                              -----------------------------
FLUJO        : 
DESCRIPCION  : CATODOS GRADO A
N° INSTR. DE EMBARQUE : 26696
CLIENTE      : HMM BLESSING
Lote Sipa    : 

----------------------------------------------------------------------------------------------------------------------------- 
MARCA       DESCRIPCION         PESO NETO      PESO BRUTO     GRUPO     UNIDADES       UBICACION         SERIE                
-----------------------------------------------------------------------------------------------------------------------------

02AM    DOS FRANJAS AMARILLAS     2,288           2,289         09         20                           E-8719 
02AM    DOS FRANJAS AMARILLAS     2,053           2,054         09         20                           E-8720 
02AM    DOS FRANJAS AMARILLAS     2,281           2,282         09         20                           E-8721 
02AM    DOS FRANJAS AMARILLAS     2,327           2,328         09         20                           E-8722 
02AM    DOS FRANJAS AMARILLAS     2,263           2,264         24         20                           E-8723 
02AM    DOS FRANJAS AMARILLAS     2,320           2,321         09         20                           E-8724 
02AM    DOS FRANJAS AMARILLAS     2,404           2,405         09         20                           E-8725 
02AM    DOS FRANJAS AMARILLAS     2,409           2,410         09         20                           E-8726 
02AM    DOS FRANJAS AMARILLAS     2,285           2,286         09         20                           E-8727 
02AM    DOS FRANJAS AMARILLAS     2,131           2,132         09         20                           E-8728 
02AM    DOS FRANJAS AMARILLAS     2,259           2,260         32         20                           E-8729 
02AM    DOS FRANJAS AMARILLAS     2,486           2,487         32         20                           E-8730 
02AM    DOS FRANJAS AMARILLAS     2,343           2,344         32         20                           E-8731 
02AM    DOS FRANJAS AMARILLAS     2,393           2,394         32         20                           E-8732 
02AM    DOS FRANJAS AMARILLAS     2,507           2,508         32         20                           E-8733 
02AM    DOS FRANJAS AMARILLAS     2,107           2,108         09         20                           E-8734 
02AM    DOS FRANJAS AMARILLAS     2,409           2,410         09         20                           E-8735 
02AM    DOS FRANJAS AMARILLAS     2,113           2,114         09         20                           E-8736 
02AM    DOS FRANJAS AMARILLAS     2,389           2,390         09         20                           E-8737 
02AM    DOS FRANJAS AMARILLAS     2,330           2,331         28         20                           E-8738 
02AM    DOS FRANJAS AMARILLAS     2,269           2,270         09         20                           E-8739 
02AM    DOS FRANJAS AMARILLAS     2,526           2,527         32         20                           E-8740 
02AM    DOS FRANJAS AMARILLAS     2,428           2,429         32         20                           E-8741 
02AM    DOS FRANJAS AMARILLAS     2,351           2,352         09         20                           E-8742 
02AM    DOS FRANJAS AMARILLAS     2,347           2,348         32         20                           E-8743 
02AM    DOS FRANJAS AMARILLAS     2,435           2,436         32         20                           E-8744 
02AM    DOS FRANJAS AMARILLAS     2,386           2,387         32         20                           E-8745 
02AM    DOS FRANJAS AMARILLAS     2,377           2,378         32         20                           E-8746 
02AM    DOS FRANJAS AMARILLAS     2,260           2,261         09         20                           E-8747 
02AM    DOS FRANJAS AMARILLAS     2,398           2,399         09         20                           E-8748 
02AM    DOS FRANJAS AMARILLAS     2,255           2,256         32         20                           E-8749 
02AM    DOS FRANJAS AMARILLAS     2,373           2,374         32         20                           E-8750 
02AM    DOS FRANJAS AMARILLAS     2,287           2,288         09         20                           E-8751 
02AM    DOS FRANJAS AMARILLAS     2,466           2,467         09         20                           E-8752 
02AM    DOS FRANJAS AMARILLAS     2,502           2,503         28         20                           E-8753 
02AM    DOS FRANJAS AMARILLAS     2,505           2,506         28         20                           E-8754 
02AM    DOS FRANJAS AMARILLAS     2,395           2,396         28         20                           E-8755 
02AM    DOS FRANJAS AMARILLAS     2,197           2,198         09         20                           E-8756 
02AM    DOS FRANJAS AMARILLAS     2,427           2,428         32         20                           E-8757 
02AM    DOS FRANJAS AMARILLAS     2,313           2,314         09         20                           E-8758 
02AM    DOS FRANJAS AMARILLAS     2,495           2,496         32         20                           E-8759 
02AM    DOS FRANJAS AMARILLAS     2,436           2,437         24         20                           E-8760 
02AM    DOS FRANJAS AMARILLAS     2,454           2,455         32         20                           E-8761 
02AM    DOS FRANJAS AMARILLAS     2,496           2,497         32         20                           E-8762 
02AM    DOS FRANJAS AMARILLAS     2,437           2,438         32         20                           E-8763 









EMPRESA NACIONAL DE MINERIA (ENM) PRODUCTOR          PACKING LIST                             PAG.  :   2
NATIONAL MINING COMPANY                       CODIGO DE LOTE   : E-8719                      FECHA :21/05/2021
                                              -----------------------------
FLUJO        : 
DESCRIPCION  : CATODOS GRADO A
N° INSTR. DE EMBARQUE : 26696
CLIENTE      : HMM BLESSING
Lote Sipa    : 

----------------------------------------------------------------------------------------------------------------------------- 
MARCA       DESCRIPCION         PESO NETO      PESO BRUTO     GRUPO     UNIDADES       UBICACION         SERIE                
-----------------------------------------------------------------------------------------------------------------------------

02AM    DOS FRANJAS AMARILLAS     2,023           2,024         09         20                           E-8764 
02AM    DOS FRANJAS AMARILLAS     2,496           2,497         09         20                           E-8765 
02AM    DOS FRANJAS AMARILLAS     1,987           1,988         09         20                           E-8766 
02AM    DOS FRANJAS AMARILLAS     2,379           2,380         32         20                           E-8767 
02AM    DOS FRANJAS AMARILLAS     2,465           2,466         09         20                           E-8768 
02AM    DOS FRANJAS AMARILLAS     2,293           2,294         09         20                           E-8769 
02AM    DOS FRANJAS AMARILLAS     2,368           2,369         32         20                           E-8770 
02AM    DOS FRANJAS AMARILLAS     2,388           2,389         32         20                           E-8771 
02AM    DOS FRANJAS AMARILLAS     2,427           2,428         32         20                           E-8772 
02AM    DOS FRANJAS AMARILLAS     2,366           2,367         32         20                           E-8773 
02AM    DOS FRANJAS AMARILLAS     2,201           2,202         09         20                           E-8774 
02AM    DOS FRANJAS AMARILLAS     2,392           2,393         32         20                           E-8775 
02AM    DOS FRANJAS AMARILLAS     2,333           2,334         32         20                           E-8776 
02AM    DOS FRANJAS AMARILLAS     2,392           2,393         32         20                           E-8777 
02AM    DOS FRANJAS AMARILLAS     2,277           2,278         32         20                           E-8778 
02AM    DOS FRANJAS AMARILLAS     2,325           2,326         09         20                           E-8779 
02AM    DOS FRANJAS AMARILLAS     2,334           2,335         34         20                           E-8780 
02AM    DOS FRANJAS AMARILLAS     2,366           2,367         34         20                           E-8781 
02AM    DOS FRANJAS AMARILLAS     2,315           2,316         34         20                           E-8782 
02AM    DOS FRANJAS AMARILLAS     2,337           2,338         34         20                           E-8783 
02AM    DOS FRANJAS AMARILLAS     2,409           2,410         34         20                           E-8784 
02AM    DOS FRANJAS AMARILLAS     2,393           2,394         34         20                           E-8785 
02AM    DOS FRANJAS AMARILLAS     2,406           2,407         34         20                           E-8786 
02AM    DOS FRANJAS AMARILLAS     2,195           2,196         09         20                           E-8787 
02AM    DOS FRANJAS AMARILLAS     2,501           2,502         32         20                           E-8788 
02AM    DOS FRANJAS AMARILLAS     2,476           2,477         32         20                           E-8789 
02AM    DOS FRANJAS AMARILLAS     2,412           2,413         32         20                           E-8790 
02AM    DOS FRANJAS AMARILLAS     2,535           2,536         09         20                           E-8791 
02AM    DOS FRANJAS AMARILLAS     2,461           2,462         32         20                           E-8792 
02AM    DOS FRANJAS AMARILLAS     2,126           2,127         09         20                           E-8793 
02AM    DOS FRANJAS AMARILLAS     2,525           2,526         32         20                           E-8794 
02AM    DOS FRANJAS AMARILLAS     2,128           2,129         09         20                           E-8795 
02AM    DOS FRANJAS AMARILLAS     2,474           2,475         32         20                           E-8796 
02AM    DOS FRANJAS AMARILLAS     2,300           2,301         09         20                           E-8797 
02AM    DOS FRANJAS AMARILLAS     2,363           2,364         32         20                           E-8798 
02AM    DOS FRANJAS AMARILLAS     2,247           2,248         09         20                           E-8799 
02AM    DOS FRANJAS AMARILLAS     2,470           2,471         09         20                           E-8800 
02AM    DOS FRANJAS AMARILLAS     2,266           2,267         09         20                           E-8801 
02AM    DOS FRANJAS AMARILLAS     2,518           2,519         09         20                           E-8802 
02AM    DOS FRANJAS AMARILLAS     2,414           2,415         09         20                           E-8803 


------------------------------------------------------------------------------------------------------------------------
T.SUB-LOTES              TOT.PAQUETES =85      TOT.UNID. = 1700   T/P NETO (kg) = 199,995      T/P BRUTO (kg) = 200,080
------------------------------------------------------------------------------------------------------------------------
