
EMPRESA NACIONAL DE MINERIA (ENM) PRODUCTOR          PACKING LIST                             PAG.  :   1
NATIONAL MINING COMPANY                       CODIGO DE LOTE   : G-2321                      FECHA :16/08/2019
                                              -----------------------------
FLUJO        : 
DESCRIPCION  : CATODOS EW DELTA
N° INSTR. DE EMBARQUE : 25425
CLIENTE      : SAN FELIX
Lote Sipa    : 19060308

----------------------------------------------------------------------------------------------------------------------------- 
MARCA       DESCRIPCION         PESO NETO      PESO BRUTO     GRUPO     UNIDADES       UBICACION         SERIE                
-----------------------------------------------------------------------------------------------------------------------------

01BL    FRANJA BLANCA             1,998           1,999                    67                           F-2352 
01BL    FRANJA BLANCA             1,997           1,998                    67                           F-2353 
01BL    FRANJA BLANCA             2,006           2,007                    67                           F-2354 
01BL    FRANJA BLANCA             1,997           1,998                    73                           F-2355 
01BL    FRANJA BLANCA             2,005           2,006                    68                           F-2356 
01BL    FRANJA BLANCA             1,985           1,986                    68                           F-2357 
01BL    FRANJA BLANCA             1,998           1,999                    63                           F-2358 
01BL    FRANJA BLANCA             1,991           1,992                    55                           F-2359 
01BL    FRANJA BLANCA             1,998           1,999                    65                           F-2360 
01BL    FRANJA BLANCA             1,984           1,985                    71                           F-2361 
01BL    FRANJA BLANCA             1,990           1,991                    66                           F-2362 
01BL    FRANJA BLANCA             2,003           2,004                    65                           F-2363 
01BL    FRANJA BLANCA             2,001           2,002                    70                           F-2364 
01BL    FRANJA BLANCA             1,996           1,997                    74                           F-2365 
01BL    FRANJA BLANCA             2,020           2,021                    67                           F-2367 
01BL    FRANJA BLANCA             2,016           2,017                    63                           F-2368 
01BL    FRANJA BLANCA             1,980           1,981                    68                           F-2369 
01BL    FRANJA BLANCA             1,985           1,986                    63                           F-2370 
01BL    FRANJA BLANCA             1,990           1,991                    55                           F-2371 
01BL    FRANJA BLANCA             1,993           1,994                    62                           F-2372 
01BL    FRANJA BLANCA             1,993           1,994                    59                           F-2373 
01BL    FRANJA BLANCA             2,000           2,001                    60                           F-2374 
01BL    FRANJA BLANCA             1,994           1,995                    55                           F-2375 
01BL    FRANJA BLANCA             1,969           1,970                    70                           F-2376 
01BL    FRANJA BLANCA             2,052           2,053                    69                           F-2377 
01BL    FRANJA BLANCA             1,972           1,973                    61                           F-2378 
01BL    FRANJA BLANCA             2,018           2,019                    61                           F-2379 
01BL    FRANJA BLANCA             1,990           1,991                    62                           F-2380 
01BL    FRANJA BLANCA             2,008           2,009                    67                           F-2412 
01BL    FRANJA BLANCA             2,006           2,007                    70                           F-2413 
01BL    FRANJA BLANCA             2,000           2,001                    65                           F-2414 
01BL    FRANJA BLANCA             1,998           1,999                    75                           F-2415 
01BL    FRANJA BLANCA             2,003           2,004                    73                           F-2416 
01BL    FRANJA BLANCA             1,962           1,963                    66                           F-2417 
01BL    FRANJA BLANCA             1,957           1,958                    65                           F-2418 
01BL    FRANJA BLANCA             1,999           2,000                    67                           F-2419 
01BL    FRANJA BLANCA             1,968           1,969                    74                           F-2420 
01BL    FRANJA BLANCA             1,998           1,999                    66                           F-2421 
01BL    FRANJA BLANCA             1,970           1,971                    68                           F-2422 
01BL    FRANJA BLANCA             1,995           1,996                    70                           F-2423 
01BL    FRANJA BLANCA             1,939           1,940                    63                           F-2424 
01BL    FRANJA BLANCA             2,012           2,013                    70                           F-2425 
01BL    FRANJA BLANCA             1,973           1,974                    57                           G-2321 
01BL    FRANJA BLANCA             2,011           2,012                    52                           G-2322 
01BL    FRANJA BLANCA             1,993           1,994                    55                           G-2323 









EMPRESA NACIONAL DE MINERIA (ENM) PRODUCTOR          PACKING LIST                             PAG.  :   2
NATIONAL MINING COMPANY                       CODIGO DE LOTE   : G-2321                      FECHA :16/08/2019
                                              -----------------------------
FLUJO        : 
DESCRIPCION  : CATODOS EW DELTA
N° INSTR. DE EMBARQUE : 25425
CLIENTE      : SAN FELIX
Lote Sipa    : 19060308

----------------------------------------------------------------------------------------------------------------------------- 
MARCA       DESCRIPCION         PESO NETO      PESO BRUTO     GRUPO     UNIDADES       UBICACION         SERIE                
-----------------------------------------------------------------------------------------------------------------------------

01BL    FRANJA BLANCA             2,002           2,003                    68                           G-2324 
01BL    FRANJA BLANCA             1,985           1,986                    53                           G-2325 
01BL    FRANJA BLANCA             1,984           1,985                    50                           G-2326 
01BL    FRANJA BLANCA             1,999           2,000                    55                           G-2327 
01BL    FRANJA BLANCA             1,981           1,982                    62                           G-2328 
01BL    FRANJA BLANCA             1,979           1,980                    60                           G-2329 
01BL    FRANJA BLANCA             1,991           1,992                    67                           G-2330 
01BL    FRANJA BLANCA             1,971           1,972                    65                           G-2331 
01BL    FRANJA BLANCA             1,998           1,999                    48                           G-2332 
01BL    FRANJA BLANCA             2,009           2,010                    62                           G-2333 
01BL    FRANJA BLANCA             1,988           1,989                    57                           G-2334 
01BL    FRANJA BLANCA             1,919           1,920                    49                           G-2336 
01BL    FRANJA BLANCA             2,013           2,014                    42                           G-2337 
01BL    FRANJA BLANCA             2,056           2,057                    43                           G-2338 
01BL    FRANJA BLANCA             1,934           1,935                    47                           G-2339 
01BL    FRANJA BLANCA             2,085           2,086                    47                           G-2340 
01BL    FRANJA BLANCA             1,924           1,925                    48                           G-2341 
01BL    FRANJA BLANCA             2,073           2,074                    43                           G-2342 
01BL    FRANJA BLANCA             2,037           2,038                    43                           G-2343 
01BL    FRANJA BLANCA             2,004           2,005                    42                           G-2344 
01BL    FRANJA BLANCA             2,114           2,115                    46                           G-2345 
01BL    FRANJA BLANCA             1,917           1,918                    47                           G-2346 
01BL    FRANJA BLANCA             2,014           2,015                    43                           G-2347 
01BL    FRANJA BLANCA             1,922           1,923                    48                           G-2348 
01BL    FRANJA BLANCA             2,092           2,093                    46                           G-2349 
01BL    FRANJA BLANCA             2,027           2,028                    51                           G-2351 
01BL    FRANJA BLANCA             2,017           2,018                    53                           G-2352 
01BL    FRANJA BLANCA             2,014           2,015                    49                           G-2353 
01BL    FRANJA BLANCA             1,978           1,979                    54                           G-2354 
01BL    FRANJA BLANCA             1,977           1,978                    50                           G-2355 
01BL    FRANJA BLANCA             2,018           2,019                    49                           G-2356 
01BL    FRANJA BLANCA             2,019           2,020                    55                           G-2357 
01BL    FRANJA BLANCA             2,004           2,005                    48                           G-2358 
01BL    FRANJA BLANCA             1,999           2,000                    57                           G-2359 
01BL    FRANJA BLANCA             1,994           1,995                    56                           G-2360 
01BL    FRANJA BLANCA             2,015           2,016                    47                           G-2361 
01BL    FRANJA BLANCA             2,008           2,009                    56                           G-2362 
01BL    FRANJA BLANCA             2,013           2,014                    49                           G-2363 
01BL    FRANJA BLANCA             2,014           2,015                    66                           G-2364 
01BL    FRANJA BLANCA             1,995           1,996                    60                           G-2366 
01BL    FRANJA BLANCA             1,984           1,985                    69                           G-2367 
01BL    FRANJA BLANCA             1,988           1,989                    59                           G-2368 
01BL    FRANJA BLANCA             1,997           1,998                    54                           G-2369 
01BL    FRANJA BLANCA             1,995           1,996                    54                           G-2370 
01BL    FRANJA BLANCA             2,005           2,006                    53                           G-2371 









EMPRESA NACIONAL DE MINERIA (ENM) PRODUCTOR          PACKING LIST                             PAG.  :   3
NATIONAL MINING COMPANY                       CODIGO DE LOTE   : G-2321                      FECHA :16/08/2019
                                              -----------------------------
FLUJO        : 
DESCRIPCION  : CATODOS EW DELTA
N° INSTR. DE EMBARQUE : 25425
CLIENTE      : SAN FELIX
Lote Sipa    : 19060308

----------------------------------------------------------------------------------------------------------------------------- 
MARCA       DESCRIPCION         PESO NETO      PESO BRUTO     GRUPO     UNIDADES       UBICACION         SERIE                
-----------------------------------------------------------------------------------------------------------------------------

01BL    FRANJA BLANCA             2,001           2,002                    54                           G-2372 
01BL    FRANJA BLANCA             2,011           2,012                    70                           G-2373 
01BL    FRANJA BLANCA             1,997           1,998                    54                           G-2374 
01BL    FRANJA BLANCA             1,981           1,982                    67                           G-2375 
01BL    FRANJA BLANCA             2,009           2,010                    63                           G-2376 
01BL    FRANJA BLANCA             1,984           1,985                    51                           G-2377 
01BL    FRANJA BLANCA             2,003           2,004                    67                           G-2378 
01BL    FRANJA BLANCA             2,005           2,006                    62                           G-2379 
01BL    FRANJA BLANCA             2,032           2,033                    52                           G-2381 
01BL    FRANJA BLANCA             1,918           1,919                    49                           G-2382 
01BL    FRANJA BLANCA             1,905           1,906                    46                           G-2383 
01BL    FRANJA BLANCA             1,944           1,945                    46                           G-2384 
01BL    FRANJA BLANCA             2,066           2,067                    52                           G-2385 
01BL    FRANJA BLANCA             2,063           2,064                    52                           G-2386 
01BL    FRANJA BLANCA             2,041           2,042                    52                           G-2387 
01BL    FRANJA BLANCA             2,078           2,079                    53                           G-2388 
01BL    FRANJA BLANCA             1,904           1,905                    47                           G-2389 
01BL    FRANJA BLANCA             2,078           2,079                    52                           G-2390 
01BL    FRANJA BLANCA             2,094           2,095                    52                           G-2391 
01BL    FRANJA BLANCA             1,901           1,902                    46                           G-2392 
01BL    FRANJA BLANCA             2,083           2,084                    53                           G-2393 
01BL    FRANJA BLANCA             2,067           2,068                    52                           G-2394 
01BL    FRANJA BLANCA             1,973           1,974                    53                           G-2396 
01BL    FRANJA BLANCA             2,098           2,099                    53                           G-2397 
01BL    FRANJA BLANCA             1,930           1,931                    55                           G-2398 
01BL    FRANJA BLANCA             2,083           2,084                    52                           G-2399 
01BL    FRANJA BLANCA             1,931           1,932                    52                           G-2400 
01BL    FRANJA BLANCA             1,937           1,938                    51                           G-2401 
01BL    FRANJA BLANCA             1,929           1,930                    53                           G-2402 
01BL    FRANJA BLANCA             1,912           1,913                    51                           G-2403 
01BL    FRANJA BLANCA             2,085           2,086                    52                           G-2404 
01BL    FRANJA BLANCA             1,976           1,977                    52                           G-2405 
01BL    FRANJA BLANCA             1,921           1,922                    52                           G-2406 
01BL    FRANJA BLANCA             1,920           1,921                    50                           G-2407 
01BL    FRANJA BLANCA             1,905           1,906                    52                           G-2408 
01BL    FRANJA BLANCA             2,065           2,066                    53                           G-2409 
01BL    FRANJA BLANCA             1,995           1,996                    48                           G-2411 
01BL    FRANJA BLANCA             2,008           2,009                    49                           G-2412 
01BL    FRANJA BLANCA             2,001           2,002                    49                           G-2413 
01BL    FRANJA BLANCA             2,002           2,003                    49                           G-2414 
01BL    FRANJA BLANCA             1,983           1,984                    60                           G-2415 
01BL    FRANJA BLANCA             2,011           2,012                    52                           G-2416 
01BL    FRANJA BLANCA             1,958           1,959                    50                           G-2417 
01BL    FRANJA BLANCA             1,967           1,968                    49                           G-2418 
01BL    FRANJA BLANCA             2,006           2,007                    49                           G-2419 









EMPRESA NACIONAL DE MINERIA (ENM) PRODUCTOR          PACKING LIST                             PAG.  :   4
NATIONAL MINING COMPANY                       CODIGO DE LOTE   : G-2321                      FECHA :16/08/2019
                                              -----------------------------
FLUJO        : 
DESCRIPCION  : CATODOS EW DELTA
N° INSTR. DE EMBARQUE : 25425
CLIENTE      : SAN FELIX
Lote Sipa    : 19060308

----------------------------------------------------------------------------------------------------------------------------- 
MARCA       DESCRIPCION         PESO NETO      PESO BRUTO     GRUPO     UNIDADES       UBICACION         SERIE                
-----------------------------------------------------------------------------------------------------------------------------

01BL    FRANJA BLANCA             2,005           2,006                    53                           G-2420 
01BL    FRANJA BLANCA             2,011           2,012                    56                           G-2421 
01BL    FRANJA BLANCA             1,985           1,986                    53                           G-2422 
01BL    FRANJA BLANCA             2,002           2,003                    51                           G-2423 
01BL    FRANJA BLANCA             1,992           1,993                    49                           G-2424 
01BL    FRANJA BLANCA             1,933           1,934                    47                           G-2426 
01BL    FRANJA BLANCA             1,943           1,944                    53                           G-2427 
01BL    FRANJA BLANCA             1,981           1,982                    53                           G-2428 
01BL    FRANJA BLANCA             1,943           1,944                    48                           G-2429 
01BL    FRANJA BLANCA             1,928           1,929                    52                           G-2430 
01BL    FRANJA BLANCA             2,072           2,073                    51                           G-2431 
01BL    FRANJA BLANCA             1,907           1,908                    50                           G-2432 
01BL    FRANJA BLANCA             1,933           1,934                    52                           G-2433 
01BL    FRANJA BLANCA             1,920           1,921                    54                           G-2434 
01BL    FRANJA BLANCA             2,063           2,064                    54                           G-2435 
01BL    FRANJA BLANCA             2,111           2,112                    51                           G-2436 
01BL    FRANJA BLANCA             1,952           1,953                    51                           G-2437 
01BL    FRANJA BLANCA             1,966           1,967                    52                           G-2438 
01BL    FRANJA BLANCA             2,091           2,092                    52                           G-2439 


------------------------------------------------------------------------------------------------------------------------
T.SUB-LOTES              TOT.PAQUETES =154      TOT.UNID. = 8667   T/P NETO (kg) = 307,264      T/P BRUTO (kg) = 307,418
------------------------------------------------------------------------------------------------------------------------
