
EMPRESA NACIONAL DE MINERIA (ENM) PRODUCTOR          PACKING LIST                             PAG.  :   1
NATIONAL MINING COMPANY                       CODIGO DE LOTE   : A-3236                      FECHA :12/04/2018
                                              -----------------------------
FLUJO        : 
DESCRIPCION  : CATODOS EW MATTA
N° INSTR. DE EMBARQUE : 24494
CLIENTE      : SAN CLEMENTE
Lote Sipa    : 18010058

----------------------------------------------------------------------------------------------------------------------------- 
MARCA       DESCRIPCION         PESO NETO      PESO BRUTO     GRUPO     UNIDADES       UBICACION         SERIE                
-----------------------------------------------------------------------------------------------------------------------------

02CE    DOS FRANJAS CELESTES      2,007           2,008                    66                           A-3236 
02CE    DOS FRANJAS CELESTES      2,000           2,001                    65                           A-3237 
02CE    DOS FRANJAS CELESTES      2,006           2,007                    65                           A-3238 
02CE    DOS FRANJAS CELESTES      2,020           2,021                    66                           A-3239 
02CE    DOS FRANJAS CELESTES      1,989           1,990                    69                           A-3240 
02CE    DOS FRANJAS CELESTES      2,009           2,010                    49                           A-3241 
02CE    DOS FRANJAS CELESTES      2,016           2,017                    62                           A-3242 
02CE    DOS FRANJAS CELESTES      1,998           1,999                    66                           A-3243 
02CE    DOS FRANJAS CELESTES      2,021           2,022                    72                           A-3244 
02CE    DOS FRANJAS CELESTES      2,004           2,005                    69                           A-3245 
02CE    DOS FRANJAS CELESTES      1,982           1,983                    66                           A-3246 
02CE    DOS FRANJAS CELESTES      1,989           1,990                    64                           A-3247 
02CE    DOS FRANJAS CELESTES      2,031           2,032                    69                           A-3248 
02CE    DOS FRANJAS CELESTES      2,017           2,018                    65                           A-3249 


------------------------------------------------------------------------------------------------------------------------
T.SUB-LOTES              TOT.PAQUETES =14      TOT.UNID. = 913   T/P NETO (kg) = 28,089      T/P BRUTO (kg) = 28,103
------------------------------------------------------------------------------------------------------------------------
