
EMPRESA NACIONAL DE MINERIA (ENM) PRODUCTOR          PACKING LIST                             PAG.  :   1
NATIONAL MINING COMPANY                       CODIGO DE LOTE   : M-1766                      FECHA :03/01/2023
                                              -----------------------------
FLUJO        : 
DESCRIPCION  : CATODOS EW EL SALADO
N° INSTR. DE EMBARQUE : 930360
CLIENTE      : 
Lote Sipa    : 22120537

----------------------------------------------------------------------------------------------------------------------------- 
MARCA       DESCRIPCION         PESO NETO      PESO BRUTO     GRUPO     UNIDADES       UBICACION         SERIE                
-----------------------------------------------------------------------------------------------------------------------------

14CE    14  CELESTE               1,988           1,989                    32                           M-1766 
14CE    14  CELESTE               2,015           2,016                    45                           M-1767 
14CE    14  CELESTE               1,945           1,946                    41                           M-1768 
14CE    14  CELESTE               2,009           2,010                    30                           M-1769 
14CE    14  CELESTE               2,004           2,005                    50                           M-1770 
14CE    14  CELESTE               2,002           2,003                    50                           M-1771 
14CE    14  CELESTE               1,998           1,999                    50                           M-1772 
14CE    14  CELESTE               1,938           1,939                    32                           M-1773 
14CE    14  CELESTE               2,013           2,014                    47                           M-1774 
14CE    14  CELESTE               1,947           1,948                    30                           M-1775 
14CE    14  CELESTE               1,948           1,949                    40                           M-1776 
14CE    14  CELESTE               1,989           1,990                    40                           M-1777 
14CE    14  CELESTE               1,998           1,999                    42                           M-1778 
14CE    14  CELESTE               1,997           1,998                    45                           M-1779 


------------------------------------------------------------------------------------------------------------------------
T.SUB-LOTES              TOT.PAQUETES =14      TOT.UNID. = 574   T/P NETO (kg) = 27,791      T/P BRUTO (kg) = 27,805
------------------------------------------------------------------------------------------------------------------------
