
EMPRESA NACIONAL DE MINERIA (ENM) PRODUCTOR          PACKING LIST                             PAG.  :   1
NATIONAL MINING COMPANY                       CODIGO DE LOTE   : H-2215                      FECHA :11/09/2020
                                              -----------------------------
FLUJO        : 
DESCRIPCION  : CATODOS EW VALLENAR
N° INSTR. DE EMBARQUE : 26164
CLIENTE      : SERVICARGO INTERNACIONAL S.A.
Lote Sipa    : 20080475

----------------------------------------------------------------------------------------------------------------------------- 
MARCA       DESCRIPCION         PESO NETO      PESO BRUTO     GRUPO     UNIDADES       UBICACION         SERIE                
-----------------------------------------------------------------------------------------------------------------------------

01AZ    FRANJA AZUL               2,031           2,032                    84                           H-2215 
01AZ    FRANJA AZUL               2,027           2,028                    106                          H-2216 
01AZ    FRANJA AZUL               2,026           2,027                    106                          H-2217 
01AZ    FRANJA AZUL               2,028           2,029                    96                           H-2218 
01AZ    FRANJA AZUL               2,025           2,026                    98                           H-2219 
01AZ    FRANJA AZUL               2,015           2,016                    81                           H-2220 
01AZ    FRANJA AZUL               2,023           2,024                    106                          H-2221 
01AZ    FRANJA AZUL               2,019           2,020                    71                           H-2222 
01AZ    FRANJA AZUL               2,027           2,028                    101                          H-2223 
01AZ    FRANJA AZUL               2,025           2,026                    81                           H-2224 
01AZ    FRANJA AZUL               2,020           2,021                    105                          H-2225 
01AZ    FRANJA AZUL               2,027           2,028                    73                           H-2226 
01AZ    FRANJA AZUL               2,022           2,023                    103                          H-2227 


------------------------------------------------------------------------------------------------------------------------
T.SUB-LOTES              TOT.PAQUETES =13      TOT.UNID. = 1211   T/P NETO (kg) = 26,315      T/P BRUTO (kg) = 26,328
------------------------------------------------------------------------------------------------------------------------
