
EMPRESA NACIONAL DE MINERIA (ENM) PRODUCTOR          PACKING LIST                             PAG.  :   1
NATIONAL MINING COMPANY                       CODIGO DE LOTE   : G-3265                      FECHA :01/08/2022
                                              -----------------------------
FLUJO        : 
DESCRIPCION  : CATODOS EW MATTA
N° INSTR. DE EMBARQUE : 929745
CLIENTE      : 
Lote Sipa    : 22070447

----------------------------------------------------------------------------------------------------------------------------- 
MARCA       DESCRIPCION         PESO NETO      PESO BRUTO     GRUPO     UNIDADES       UBICACION         SERIE                
-----------------------------------------------------------------------------------------------------------------------------

08NE    08 FRANJAS NEGRAS         2,036           2,037                    51                           G-3265 
08NE    08 FRANJAS NEGRAS         2,042           2,043                    48                           G-3266 
08NE    08 FRANJAS NEGRAS         2,041           2,042                    54                           G-3267 
08NE    08 FRANJAS NEGRAS         2,001           2,002                    46                           G-3268 
08NE    08 FRANJAS NEGRAS         2,009           2,010                    47                           G-3269 
08NE    08 FRANJAS NEGRAS         2,007           2,008                    49                           G-3270 
08NE    08 FRANJAS NEGRAS         2,021           2,022                    47                           G-3271 
08NE    08 FRANJAS NEGRAS         2,024           2,025                    52                           G-3272 
08NE    08 FRANJAS NEGRAS         2,046           2,047                    53                           G-3273 
08NE    08 FRANJAS NEGRAS         2,033           2,034                    52                           G-3274 
08NE    08 FRANJAS NEGRAS         2,046           2,047                    42                           G-3275 
08NE    08 FRANJAS NEGRAS         2,041           2,042                    51                           G-3276 
08NE    08 FRANJAS NEGRAS         2,018           2,019                    49                           G-3277 
08NE    08 FRANJAS NEGRAS         2,027           2,028                    55                           G-3278 


------------------------------------------------------------------------------------------------------------------------
T.SUB-LOTES              TOT.PAQUETES =14      TOT.UNID. = 696   T/P NETO (kg) = 28,392      T/P BRUTO (kg) = 28,406
------------------------------------------------------------------------------------------------------------------------
