
EMPRESA NACIONAL DE MINERIA (ENM) PRODUCTOR          PACKING LIST                             PAG.  :   1
NATIONAL MINING COMPANY                       CODIGO DE LOTE   : J-2385                      FECHA :25/10/2023
                                              -----------------------------
FLUJO        : 
DESCRIPCION  : CATODOS EW TALTAL
N° INSTR. DE EMBARQUE : 931599
CLIENTE      : 
Lote Sipa    : 23100580

----------------------------------------------------------------------------------------------------------------------------- 
MARCA       DESCRIPCION         PESO NETO      PESO BRUTO     GRUPO     UNIDADES       UBICACION         SERIE                
-----------------------------------------------------------------------------------------------------------------------------

21CE    VEINTIUNO FRANJAS CELEST  1,989           1,990                    76                           J-2385 
21CE    VEINTIUNO FRANJAS CELEST  1,991           1,992                    76                           J-2386 
21CE    VEINTIUNO FRANJAS CELEST  2,026           2,027                    78                           J-2387 
21CE    VEINTIUNO FRANJAS CELEST  2,037           2,038                    86                           J-2388 
21CE    VEINTIUNO FRANJAS CELEST  1,980           1,981                    77                           J-2389 
21CE    VEINTIUNO FRANJAS CELEST  1,953           1,954                    76                           J-2390 
21CE    VEINTIUNO FRANJAS CELEST  1,972           1,973                    76                           J-2391 
21CE    VEINTIUNO FRANJAS CELEST  1,979           1,980                    75                           J-2392 
21CE    VEINTIUNO FRANJAS CELEST  2,045           2,046                    80                           J-2393 
21CE    VEINTIUNO FRANJAS CELEST  1,995           1,996                    77                           J-2394 
21CE    VEINTIUNO FRANJAS CELEST  2,019           2,020                    78                           J-2395 
21CE    VEINTIUNO FRANJAS CELEST  2,017           2,018                    78                           J-2396 
21CE    VEINTIUNO FRANJAS CELEST  1,971           1,972                    76                           J-2397 
21CE    VEINTIUNO FRANJAS CELEST  1,998           1,999                    76                           J-2398 


------------------------------------------------------------------------------------------------------------------------
T.SUB-LOTES              TOT.PAQUETES =14      TOT.UNID. = 1085   T/P NETO (kg) = 27,972      T/P BRUTO (kg) = 27,986
------------------------------------------------------------------------------------------------------------------------
