
EMPRESA NACIONAL DE MINERIA (ENM) PRODUCTOR          PACKING LIST                             PAG.  :   1
NATIONAL MINING COMPANY                       CODIGO DE LOTE   : G-1746                      FECHA :31/07/2023
                                              -----------------------------
FLUJO        : 
DESCRIPCION  : CATODOS EW EL SALADO
N° INSTR. DE EMBARQUE : 931265
CLIENTE      : 
Lote Sipa    : 23070447

----------------------------------------------------------------------------------------------------------------------------- 
MARCA       DESCRIPCION         PESO NETO      PESO BRUTO     GRUPO     UNIDADES       UBICACION         SERIE                
-----------------------------------------------------------------------------------------------------------------------------

13NA    13 FJAS NARANJAS          2,057           2,058                    67                           G-1746 
13NA    13 FJAS NARANJAS          2,047           2,048                    66                           G-1747 
13NA    13 FJAS NARANJAS          2,018           2,019                    61                           G-1748 
13NA    13 FJAS NARANJAS          2,044           2,045                    84                           G-1749 
13NA    13 FJAS NARANJAS          1,952           1,953                    55                           G-1750 
13NA    13 FJAS NARANJAS          1,953           1,954                    63                           G-1751 
13NA    13 FJAS NARANJAS          1,956           1,957                    65                           G-1752 
13NA    13 FJAS NARANJAS          1,951           1,952                    75                           G-1753 
13NA    13 FJAS NARANJAS          2,024           2,025                    101                          G-1754 
13NA    13 FJAS NARANJAS          1,945           1,946                    86                           G-1755 
13NA    13 FJAS NARANJAS          2,044           2,045                    93                           G-1756 
13NA    13 FJAS NARANJAS          1,960           1,961                    88                           G-1757 
13NA    13 FJAS NARANJAS          1,956           1,957                    72                           G-1758 
13NA    13 FJAS NARANJAS          1,953           1,954                    77                           G-1759 


------------------------------------------------------------------------------------------------------------------------
T.SUB-LOTES              TOT.PAQUETES =14      TOT.UNID. = 1053   T/P NETO (kg) = 27,860      T/P BRUTO (kg) = 27,874
------------------------------------------------------------------------------------------------------------------------
