
EMPRESA NACIONAL DE MINERIA (ENM) PRODUCTOR          PACKING LIST                             PAG.  :   1
NATIONAL MINING COMPANY                       CODIGO DE LOTE   : A-9113                      FECHA :17/01/2019
                                              -----------------------------
FLUJO        : 
DESCRIPCION  : CATODOS GRADO A
N° INSTR. DE EMBARQUE : 25046
CLIENTE      : SAFMARINE NOKWANDA
Lote Sipa    : 

----------------------------------------------------------------------------------------------------------------------------- 
MARCA       DESCRIPCION         PESO NETO      PESO BRUTO     GRUPO     UNIDADES       UBICACION         SERIE                
-----------------------------------------------------------------------------------------------------------------------------

01VE    FRANJA VERDE              2,436           2,437         41         20                           A-9113 
01VE    FRANJA VERDE              2,456           2,457         41         20                           A-9114 
01VE    FRANJA VERDE              2,382           2,383         39         20                           A-9115 
01VE    FRANJA VERDE              2,452           2,453         39         20                           A-9116 
01VE    FRANJA VERDE              2,385           2,386         39         20                           A-9117 
01VE    FRANJA VERDE              2,485           2,486         39         20                           A-9118 
01VE    FRANJA VERDE              2,471           2,472         39         20                           A-9119 
01VE    FRANJA VERDE              2,382           2,383         39         20                           A-9120 
01VE    FRANJA VERDE              2,520           2,521         39         20                           A-9121 
01VE    FRANJA VERDE              2,196           2,197         45         20                           A-9122 
01VE    FRANJA VERDE              2,051           2,052         45         20                           A-9123 
01VE    FRANJA VERDE              2,163           2,164         45         20                           A-9124 
01VE    FRANJA VERDE              2,084           2,085         45         20                           A-9125 
01VE    FRANJA VERDE              2,154           2,155         45         20                           A-9126 
01VE    FRANJA VERDE              2,341           2,342         45         20                           A-9127 
01VE    FRANJA VERDE              2,125           2,126         45         20                           A-9128 
01VE    FRANJA VERDE              2,421           2,422         45         20                           A-9129 
01VE    FRANJA VERDE              2,263           2,264         45         20                           A-9130 
01VE    FRANJA VERDE              2,391           2,392         45         20                           A-9131 
01VE    FRANJA VERDE              2,131           2,132         45         20                           A-9132 
01VE    FRANJA VERDE              2,325           2,326         45         20                           A-9133 
01VE    FRANJA VERDE              2,383           2,384         45         20                           A-9134 
01VE    FRANJA VERDE              2,151           2,152         45         20                           A-9135 
01VE    FRANJA VERDE              2,547           2,548         45         20                           A-9136 
01VE    FRANJA VERDE              2,503           2,504         45         20                           A-9137 
01VE    FRANJA VERDE              2,134           2,135         45         20                           A-9138 
01VE    FRANJA VERDE              2,406           2,407         31         20                           A-9139 
01VE    FRANJA VERDE              2,501           2,502         39         20                           A-9140 
01VE    FRANJA VERDE              2,427           2,428         39         20                           A-9141 
01VE    FRANJA VERDE              2,165           2,166         45         20                           A-9142 
01VE    FRANJA VERDE              2,445           2,446         45         20                           A-9143 
01VE    FRANJA VERDE              2,378           2,379         39         20                           A-9144 
01VE    FRANJA VERDE              2,258           2,259         45         20                           A-9145 
01VE    FRANJA VERDE              2,152           2,153         45         20                           A-9146 
01VE    FRANJA VERDE              2,499           2,500         45         20                           A-9147 
01VE    FRANJA VERDE              2,296           2,297         45         20                           A-9148 
01VE    FRANJA VERDE              2,399           2,400         45         20                           A-9149 
01VE    FRANJA VERDE              2,446           2,447         45         20                           A-9150 
01VE    FRANJA VERDE              2,509           2,510         45         20                           A-9151 
01VE    FRANJA VERDE              2,478           2,479         31         20                           A-9152 
01VE    FRANJA VERDE              2,323           2,324         31         20                           A-9153 
01VE    FRANJA VERDE              2,499           2,500         39         20                           A-9154 
01VE    FRANJA VERDE              2,484           2,485         39         20                           A-9155 
01VE    FRANJA VERDE              2,336           2,337         39         20                           A-9156 
01VE    FRANJA VERDE              2,425           2,426         39         20                           A-9157 









EMPRESA NACIONAL DE MINERIA (ENM) PRODUCTOR          PACKING LIST                             PAG.  :   2
NATIONAL MINING COMPANY                       CODIGO DE LOTE   : A-9113                      FECHA :17/01/2019
                                              -----------------------------
FLUJO        : 
DESCRIPCION  : CATODOS GRADO A
N° INSTR. DE EMBARQUE : 25046
CLIENTE      : SAFMARINE NOKWANDA
Lote Sipa    : 

----------------------------------------------------------------------------------------------------------------------------- 
MARCA       DESCRIPCION         PESO NETO      PESO BRUTO     GRUPO     UNIDADES       UBICACION         SERIE                
-----------------------------------------------------------------------------------------------------------------------------

01VE    FRANJA VERDE              2,430           2,431         39         20                           A-9158 
01VE    FRANJA VERDE              2,533           2,534         39         20                           A-9159 
01VE    FRANJA VERDE              2,340           2,341         39         20                           A-9160 
01VE    FRANJA VERDE              2,491           2,492         39         20                           A-9161 
01VE    FRANJA VERDE              2,381           2,382         39         20                           A-9162 
01VE    FRANJA VERDE              2,169           2,170         39         20                           A-9163 
01VE    FRANJA VERDE              2,293           2,294         39         20                           A-9164 
01VE    FRANJA VERDE              2,485           2,486         39         20                           A-9165 
01VE    FRANJA VERDE              2,169           2,170         39         20                           A-9166 
01VE    FRANJA VERDE              2,386           2,387         04         20                           A-9167 
01VE    FRANJA VERDE              2,084           2,085         45         20                           A-9168 
01VE    FRANJA VERDE              2,238           2,239         45         20                           A-9169 
01VE    FRANJA VERDE              2,411           2,412         39         20                           A-9170 
01VE    FRANJA VERDE              2,484           2,485         39         20                           A-9171 
01VE    FRANJA VERDE              2,324           2,325         04         20                           A-9172 
01VE    FRANJA VERDE              2,194           2,195         45         20                           A-9173 
01VE    FRANJA VERDE              2,507           2,508         39         20                           A-9174 
01VE    FRANJA VERDE              2,287           2,288         04         20                           A-9175 
01VE    FRANJA VERDE              2,366           2,367         45         20                           A-9176 
01VE    FRANJA VERDE              2,416           2,417         45         20                           A-9177 
01VE    FRANJA VERDE              2,189           2,190         45         20                           A-9178 
01VE    FRANJA VERDE              2,331           2,332         45         20                           A-9179 
01VE    FRANJA VERDE              2,082           2,083         45         20                           A-9180 
01VE    FRANJA VERDE              2,309           2,310         45         20                           A-9181 
01VE    FRANJA VERDE              2,323           2,324         04         20                           A-9182 
01VE    FRANJA VERDE              2,364           2,365         04         20                           A-9183 
01VE    FRANJA VERDE              2,301           2,302         39         20                           A-9184 
01VE    FRANJA VERDE              2,347           2,348         04         20                           A-9185 
01VE    FRANJA VERDE              2,145           2,146         45         20                           A-9186 
01VE    FRANJA VERDE              2,329           2,330         04         20                           A-9187 
01VE    FRANJA VERDE              2,333           2,334         04         20                           A-9188 
01VE    FRANJA VERDE              2,296           2,297         33         20                           A-9189 
01VE    FRANJA VERDE              2,206           2,207         33         20                           A-9190 
01VE    FRANJA VERDE              2,276           2,277         33         20                           A-9191 
01VE    FRANJA VERDE              2,268           2,269         39         20                           A-9192 
01VE    FRANJA VERDE              2,248           2,249         39         20                           A-9193 
01VE    FRANJA VERDE              2,355           2,356         45         20                           A-9194 
01VE    FRANJA VERDE              2,364           2,365         45         20                           A-9195 
01VE    FRANJA VERDE              2,342           2,343         04         20                           A-9196 
01VE    FRANJA VERDE              2,255           2,256         39         20                           A-9197 
01VE    FRANJA VERDE              2,447           2,448         45         20                           A-9198 
01VE    FRANJA VERDE              2,260           2,261         45         20                           A-9199 
01VE    FRANJA VERDE              2,354           2,355         45         20                           A-9200 
01VE    FRANJA VERDE              2,304           2,305         04         20                           A-9201 
01VE    FRANJA VERDE              2,349           2,350         45         20                           A-9202 









EMPRESA NACIONAL DE MINERIA (ENM) PRODUCTOR          PACKING LIST                             PAG.  :   3
NATIONAL MINING COMPANY                       CODIGO DE LOTE   : A-9113                      FECHA :17/01/2019
                                              -----------------------------
FLUJO        : 
DESCRIPCION  : CATODOS GRADO A
N° INSTR. DE EMBARQUE : 25046
CLIENTE      : SAFMARINE NOKWANDA
Lote Sipa    : 

----------------------------------------------------------------------------------------------------------------------------- 
MARCA       DESCRIPCION         PESO NETO      PESO BRUTO     GRUPO     UNIDADES       UBICACION         SERIE                
-----------------------------------------------------------------------------------------------------------------------------

01VE    FRANJA VERDE              2,210           2,211         45         20                           A-9203 
01VE    FRANJA VERDE              2,151           2,152         45         20                           A-9204 
01VE    FRANJA VERDE              2,333           2,334         45         20                           A-9205 
01VE    FRANJA VERDE              2,358           2,359         45         20                           A-9206 
01VE    FRANJA VERDE              2,403           2,404         45         20                           A-9207 
01VE    FRANJA VERDE              2,289           2,290         45         20                           A-9208 
01VE    FRANJA VERDE              2,376           2,377         45         20                           A-9209 
01VE    FRANJA VERDE              2,222           2,223         45         20                           A-9210 
01VE    FRANJA VERDE              2,275           2,276         45         20                           A-9211 
01VE    FRANJA VERDE              2,434           2,435         45         20                           A-9212 
01VE    FRANJA VERDE              2,399           2,400         45         20                           A-9213 
01VE    FRANJA VERDE              2,532           2,533         45         20                           A-9214 
01VE    FRANJA VERDE              2,424           2,425         45         20                           A-9215 
01VE    FRANJA VERDE              2,460           2,461         45         20                           A-9216 
01VE    FRANJA VERDE              2,386           2,387         45         20                           A-9217 
01VE    FRANJA VERDE              2,512           2,513         45         20                           A-9218 
01VE    FRANJA VERDE              2,388           2,389         45         20                           A-9219 
01VE    FRANJA VERDE              2,476           2,477         45         20                           A-9220 
01VE    FRANJA VERDE              2,461           2,462         45         20                           A-9221 
01VE    FRANJA VERDE              2,469           2,470         45         20                           A-9222 
01VE    FRANJA VERDE              2,406           2,407         45         20                           A-9223 
01VE    FRANJA VERDE              2,504           2,505         45         20                           A-9224 
01VE    FRANJA VERDE              2,555           2,556         04         20                           A-9225 
01VE    FRANJA VERDE              2,273           2,274         04         20                           A-9226 
01VE    FRANJA VERDE              1,935           1,936         04         20                           A-9227 
01VE    FRANJA VERDE              2,363           2,364         04         20                           A-9228 
01VE    FRANJA VERDE              2,431           2,432         11         20                           A-9229 
01VE    FRANJA VERDE              2,519           2,520         11         20                           A-9230 
01VE    FRANJA VERDE              2,522           2,523         16         20                           A-9231 
01VE    FRANJA VERDE              2,462           2,463         11         20                           A-9232 
01VE    FRANJA VERDE              2,303           2,304         11         20                           A-9233 
01VE    FRANJA VERDE              2,310           2,311         48         20                           A-9234 
01VE    FRANJA VERDE              2,398           2,399         11         20                           A-9235 
01VE    FRANJA VERDE              2,239           2,240         11         20                           A-9236 
01VE    FRANJA VERDE              2,143           2,144         11         20                           A-9237 
01VE    FRANJA VERDE              2,324           2,325         11         20                           A-9238 
01VE    FRANJA VERDE              2,187           2,188         11         20                           A-9239 
01VE    FRANJA VERDE              2,334           2,335         48         20                           A-9240 


------------------------------------------------------------------------------------------------------------------------
T.SUB-LOTES              TOT.PAQUETES =128      TOT.UNID. = 2560   T/P NETO (kg) = 299,889      T/P BRUTO (kg) = 300,017
------------------------------------------------------------------------------------------------------------------------
