
EMPRESA NACIONAL DE MINERIA (ENM) PRODUCTOR          PACKING LIST                             PAG.  :   1
NATIONAL MINING COMPANY                       CODIGO DE LOTE   : H-11836                      FECHA :02/09/2020
                                              -----------------------------
FLUJO        : 
DESCRIPCION  : CATODOS GRADO A
N° INSTR. DE EMBARQUE : 26130
CLIENTE      : UTE
Lote Sipa    : 

----------------------------------------------------------------------------------------------------------------------------- 
MARCA       DESCRIPCION         PESO NETO      PESO BRUTO     GRUPO     UNIDADES       UBICACION         SERIE                
-----------------------------------------------------------------------------------------------------------------------------

X0AM    EQUIS AMARILLA            2,442           2,443         36         20                           H-11836
X0AM    EQUIS AMARILLA            2,368           2,369         16         20                           H-11837
X0AM    EQUIS AMARILLA            2,445           2,446         36         20                           H-11838
X0AM    EQUIS AMARILLA            2,483           2,484         36         20                           H-11839
X0AM    EQUIS AMARILLA            2,407           2,408         48         20                           H-11840
X0AM    EQUIS AMARILLA            2,507           2,508         25         20                           H-11841
X0AM    EQUIS AMARILLA            2,411           2,412         16         20                           H-11842
X0AM    EQUIS AMARILLA            2,496           2,497         16         20                           H-11843
X0AM    EQUIS AMARILLA            2,573           2,574         29         20                           H-11844
X0AM    EQUIS AMARILLA            2,489           2,490         36         20                           H-11845
X0AM    EQUIS AMARILLA            2,480           2,481         36         20                           H-11846
X0AM    EQUIS AMARILLA            2,498           2,499         36         20                           H-11847
X0AM    EQUIS AMARILLA            2,449           2,450         29         20                           H-11848
X0AM    EQUIS AMARILLA            2,549           2,550         29         20                           H-11849
X0AM    EQUIS AMARILLA            2,541           2,542         29         20                           H-11850
X0AM    EQUIS AMARILLA            2,436           2,437         16         20                           H-11851
X0AM    EQUIS AMARILLA            2,446           2,447         29         20                           H-11852
X0AM    EQUIS AMARILLA            2,418           2,419         36         20                           H-11853
X0AM    EQUIS AMARILLA            2,382           2,383         16         20                           H-11854
X0AM    EQUIS AMARILLA            2,417           2,418         36         20                           H-11855
X0AM    EQUIS AMARILLA            2,500           2,501         36         20                           H-11856
X0AM    EQUIS AMARILLA            2,492           2,493         36         20                           H-11857
X0AM    EQUIS AMARILLA            2,429           2,430         36         20                           H-11858
X0AM    EQUIS AMARILLA            2,540           2,541         29         20                           H-11859
X0AM    EQUIS AMARILLA            2,479           2,480         29         20                           H-11860
X0AM    EQUIS AMARILLA            2,419           2,420         29         20                           H-11861
X0AM    EQUIS AMARILLA            2,373           2,374         29         20                           H-11862
X0AM    EQUIS AMARILLA            2,578           2,579         29         20                           H-11863
X0AM    EQUIS AMARILLA            2,376           2,377         29         20                           H-11864
X0AM    EQUIS AMARILLA            2,430           2,431         29         20                           H-11865
X0AM    EQUIS AMARILLA            2,543           2,544         29         20                           H-11866
X0AM    EQUIS AMARILLA            2,306           2,307         16         20                           H-11867
X0AM    EQUIS AMARILLA            2,409           2,410         16         20                           H-11868
X0AM    EQUIS AMARILLA            2,476           2,477         16         20                           H-11869
X0AM    EQUIS AMARILLA            2,431           2,432         16         20                           H-11870
X0AM    EQUIS AMARILLA            2,471           2,472         16         20                           H-11871
X0AM    EQUIS AMARILLA            2,302           2,303         16         20                           H-11872
X0AM    EQUIS AMARILLA            2,352           2,353         36         20                           H-11873
X0AM    EQUIS AMARILLA            2,223           2,224         29         20                           H-11874
X0AM    EQUIS AMARILLA            2,335           2,336         42         20                           H-11875
X0AM    EQUIS AMARILLA            2,282           2,283         42         20                           H-11876


------------------------------------------------------------------------------------------------------------------------
T.SUB-LOTES              TOT.PAQUETES =41      TOT.UNID. = 820   T/P NETO (kg) = 99,983      T/P BRUTO (kg) = 100,024
------------------------------------------------------------------------------------------------------------------------
