
EMPRESA NACIONAL DE MINERIA (ENM) PRODUCTOR          PACKING LIST                             PAG.  :   1
NATIONAL MINING COMPANY                       CODIGO DE LOTE   : M-1707                      FECHA :18/01/2023
                                              -----------------------------
FLUJO        : 
DESCRIPCION  : CATODOS EW EL SALADO
N° INSTR. DE EMBARQUE : 27784
CLIENTE      : SANTOS EXPRESS
Lote Sipa    : 22120366

----------------------------------------------------------------------------------------------------------------------------- 
MARCA       DESCRIPCION         PESO NETO      PESO BRUTO     GRUPO     UNIDADES       UBICACION         SERIE                
-----------------------------------------------------------------------------------------------------------------------------

01RJ    FRANJA ROJA               1,936           1,937                    69                           M-1707 
01RJ    FRANJA ROJA               1,999           2,000                    67                           M-1708 
01RJ    FRANJA ROJA               2,025           2,026                    72                           M-1709 
01RJ    FRANJA ROJA               1,987           1,988                    64                           M-1710 
01RJ    FRANJA ROJA               1,955           1,956                    74                           M-1711 
01RJ    FRANJA ROJA               2,029           2,030                    77                           M-1712 
01RJ    FRANJA ROJA               1,929           1,930                    60                           M-1713 
01RJ    FRANJA ROJA               2,010           2,011                    65                           M-1714 
01RJ    FRANJA ROJA               2,011           2,012                    65                           M-1715 
01RJ    FRANJA ROJA               2,034           2,035                    74                           M-1716 
01RJ    FRANJA ROJA               2,037           2,038                    78                           M-1717 
01RJ    FRANJA ROJA               2,033           2,034                    72                           M-1718 
01RJ    FRANJA ROJA               2,002           2,003                    53                           M-1719 
01RJ    FRANJA ROJA               1,988           1,989                    32                           M-1766 
01RJ    FRANJA ROJA               2,015           2,016                    45                           M-1767 
01RJ    FRANJA ROJA               1,945           1,946                    41                           M-1768 
01RJ    FRANJA ROJA               2,009           2,010                    30                           M-1769 
01RJ    FRANJA ROJA               2,004           2,005                    50                           M-1770 
01RJ    FRANJA ROJA               2,002           2,003                    50                           M-1771 
01RJ    FRANJA ROJA               1,998           1,999                    50                           M-1772 
01RJ    FRANJA ROJA               1,938           1,939                    32                           M-1773 
01RJ    FRANJA ROJA               2,013           2,014                    47                           M-1774 
01RJ    FRANJA ROJA               1,947           1,948                    30                           M-1775 
01RJ    FRANJA ROJA               1,948           1,949                    40                           M-1776 
01RJ    FRANJA ROJA               1,989           1,990                    40                           M-1777 
01RJ    FRANJA ROJA               1,998           1,999                    42                           M-1778 
01RJ    FRANJA ROJA               1,997           1,998                    45                           M-1779 
01RJ    FRANJA ROJA               2,040           2,041                    55                           M-1781 
01RJ    FRANJA ROJA               2,036           2,037                    60                           M-1782 
01RJ    FRANJA ROJA               1,993           1,994                    46                           M-1783 
01RJ    FRANJA ROJA               1,991           1,992                    50                           M-1784 
01RJ    FRANJA ROJA               1,960           1,961                    64                           M-1785 
01RJ    FRANJA ROJA               2,058           2,059                    80                           M-1786 
01RJ    FRANJA ROJA               1,936           1,937                    64                           M-1787 
01RJ    FRANJA ROJA               2,004           2,005                    38                           M-1788 
01RJ    FRANJA ROJA               1,992           1,993                    44                           M-1789 
01RJ    FRANJA ROJA               1,961           1,962                    43                           M-1790 
01RJ    FRANJA ROJA               1,987           1,988                    46                           M-1791 
01RJ    FRANJA ROJA               2,021           2,022                    82                           M-1792 
01RJ    FRANJA ROJA               1,971           1,972                    45                           M-1793 
01RJ    FRANJA ROJA               1,964           1,965                    43                           M-1794 
01RJ    FRANJA ROJA               2,010           2,011                    67                           M-1796 
01RJ    FRANJA ROJA               1,995           1,996                    55                           M-1797 
01RJ    FRANJA ROJA               2,017           2,018                    46                           M-1798 
01RJ    FRANJA ROJA               1,864           1,865                    41                           M-1799 









EMPRESA NACIONAL DE MINERIA (ENM) PRODUCTOR          PACKING LIST                             PAG.  :   2
NATIONAL MINING COMPANY                       CODIGO DE LOTE   : M-1707                      FECHA :18/01/2023
                                              -----------------------------
FLUJO        : 
DESCRIPCION  : CATODOS EW EL SALADO
N° INSTR. DE EMBARQUE : 27784
CLIENTE      : SANTOS EXPRESS
Lote Sipa    : 22120366

----------------------------------------------------------------------------------------------------------------------------- 
MARCA       DESCRIPCION         PESO NETO      PESO BRUTO     GRUPO     UNIDADES       UBICACION         SERIE                
-----------------------------------------------------------------------------------------------------------------------------

01RJ    FRANJA ROJA               2,024           2,025                    68                           M-1800 
01RJ    FRANJA ROJA               2,034           2,035                    33                           M-1801 
01RJ    FRANJA ROJA               1,941           1,942                    66                           M-1802 
01RJ    FRANJA ROJA               1,974           1,975                    75                           M-1803 
01RJ    FRANJA ROJA               1,920           1,921                    63                           M-1804 
01RJ    FRANJA ROJA               1,940           1,941                    44                           M-1805 
01RJ    FRANJA ROJA               2,012           2,013                    68                           M-1806 
01RJ    FRANJA ROJA               2,051           2,052                    70                           M-1807 
01RJ    FRANJA ROJA               1,970           1,971                    49                           M-1808 
01RJ    FRANJA ROJA               2,032           2,033                    45                           M-1809 


------------------------------------------------------------------------------------------------------------------------
T.SUB-LOTES              TOT.PAQUETES =55      TOT.UNID. = 3014   T/P NETO (kg) = 109,476      T/P BRUTO (kg) = 109,531
------------------------------------------------------------------------------------------------------------------------
