
EMPRESA NACIONAL DE MINERIA (ENM) PRODUCTOR          PACKING LIST                             PAG.  :   1
NATIONAL MINING COMPANY                       CODIGO DE LOTE   : I-2050                      FECHA :07/09/2022
                                              -----------------------------
FLUJO        : 
DESCRIPCION  : CATODOS EW TALTAL
N° INSTR. DE EMBARQUE : 929929
CLIENTE      : 
Lote Sipa    : 22090207

----------------------------------------------------------------------------------------------------------------------------- 
MARCA       DESCRIPCION         PESO NETO      PESO BRUTO     GRUPO     UNIDADES       UBICACION         SERIE                
-----------------------------------------------------------------------------------------------------------------------------

03NE    TRES FRANJAS NEGRAS       2,005           2,006                    74                           I-2050 
03NE    TRES FRANJAS NEGRAS       2,030           2,031                    70                           I-2051 
03NE    TRES FRANJAS NEGRAS       2,023           2,024                    75                           I-2052 
03NE    TRES FRANJAS NEGRAS       2,031           2,032                    72                           I-2053 
03NE    TRES FRANJAS NEGRAS       1,999           2,000                    72                           I-2054 
03NE    TRES FRANJAS NEGRAS       2,001           2,002                    71                           I-2055 
03NE    TRES FRANJAS NEGRAS       2,012           2,013                    68                           I-2056 
03NE    TRES FRANJAS NEGRAS       2,022           2,023                    79                           I-2057 
03NE    TRES FRANJAS NEGRAS       2,029           2,030                    74                           I-2058 
03NE    TRES FRANJAS NEGRAS       2,028           2,029                    83                           I-2059 
03NE    TRES FRANJAS NEGRAS       2,018           2,019                    73                           I-2060 
03NE    TRES FRANJAS NEGRAS       2,006           2,007                    69                           I-2061 
03NE    TRES FRANJAS NEGRAS       2,013           2,014                    79                           I-2062 
03NE    TRES FRANJAS NEGRAS       2,013           2,014                    70                           I-2063 


------------------------------------------------------------------------------------------------------------------------
T.SUB-LOTES              TOT.PAQUETES =14      TOT.UNID. = 1029   T/P NETO (kg) = 28,230      T/P BRUTO (kg) = 28,244
------------------------------------------------------------------------------------------------------------------------
