
EMPRESA NACIONAL DE MINERIA (ENM) PRODUCTOR          PACKING LIST                             PAG.  :   1
NATIONAL MINING COMPANY                       CODIGO DE LOTE   : C-2021                      FECHA :16/04/2020
                                              -----------------------------
FLUJO        : 
DESCRIPCION  : CATODOS EW TALTAL
N° INSTR. DE EMBARQUE : 25942
CLIENTE      : HMM BLESSING
Lote Sipa    : 20030436

----------------------------------------------------------------------------------------------------------------------------- 
MARCA       DESCRIPCION         PESO NETO      PESO BRUTO     GRUPO     UNIDADES       UBICACION         SERIE                
-----------------------------------------------------------------------------------------------------------------------------

01AM    FRANJA AMARILLA           2,021           2,022                    63                           C-2021 
01AM    FRANJA AMARILLA           2,021           2,022                    63                           C-2022 
01AM    FRANJA AMARILLA           2,005           2,006                    61                           C-2023 
01AM    FRANJA AMARILLA           2,015           2,016                    60                           C-2024 
01AM    FRANJA AMARILLA           2,021           2,022                    61                           C-2025 
01AM    FRANJA AMARILLA           2,031           2,032                    57                           C-2026 
01AM    FRANJA AMARILLA           2,012           2,013                    59                           C-2027 
01AM    FRANJA AMARILLA           2,026           2,027                    61                           C-2028 
01AM    FRANJA AMARILLA           2,008           2,009                    74                           C-2029 
01AM    FRANJA AMARILLA           2,011           2,012                    62                           C-2030 
01AM    FRANJA AMARILLA           2,027           2,028                    57                           C-2031 
01AM    FRANJA AMARILLA           2,037           2,038                    62                           C-2032 
01AM    FRANJA AMARILLA           2,019           2,020                    57                           C-2033 
01AM    FRANJA AMARILLA           2,011           2,012                    60                           C-2034 
01AM    FRANJA AMARILLA           2,020           2,021                    71                           C-2036 
01AM    FRANJA AMARILLA           2,006           2,007                    66                           C-2037 
01AM    FRANJA AMARILLA           2,017           2,018                    70                           C-2038 
01AM    FRANJA AMARILLA           2,020           2,021                    70                           C-2039 
01AM    FRANJA AMARILLA           2,023           2,024                    71                           C-2040 
01AM    FRANJA AMARILLA           2,014           2,015                    68                           C-2041 
01AM    FRANJA AMARILLA           2,023           2,024                    66                           C-2042 
01AM    FRANJA AMARILLA           2,014           2,015                    69                           C-2043 
01AM    FRANJA AMARILLA           2,006           2,007                    71                           C-2044 
01AM    FRANJA AMARILLA           2,009           2,010                    66                           C-2045 
01AM    FRANJA AMARILLA           2,026           2,027                    70                           C-2046 
01AM    FRANJA AMARILLA           2,000           2,001                    71                           C-2047 
01AM    FRANJA AMARILLA           2,006           2,007                    68                           C-2048 
01AM    FRANJA AMARILLA           2,010           2,011                    69                           C-2049 
01AM    FRANJA AMARILLA           2,027           2,028                    73                           C-2051 
01AM    FRANJA AMARILLA           2,009           2,010                    60                           C-2052 
01AM    FRANJA AMARILLA           2,030           2,031                    71                           C-2053 
01AM    FRANJA AMARILLA           2,032           2,033                    60                           C-2054 
01AM    FRANJA AMARILLA           2,003           2,004                    70                           C-2055 
01AM    FRANJA AMARILLA           2,004           2,005                    65                           C-2056 
01AM    FRANJA AMARILLA           2,021           2,022                    69                           C-2057 
01AM    FRANJA AMARILLA           2,005           2,006                    69                           C-2058 
01AM    FRANJA AMARILLA           2,026           2,027                    69                           C-2059 
01AM    FRANJA AMARILLA           2,024           2,025                    71                           C-2060 
01AM    FRANJA AMARILLA           2,022           2,023                    69                           C-2061 
01AM    FRANJA AMARILLA           2,014           2,015                    71                           C-2062 
01AM    FRANJA AMARILLA           2,024           2,025                    74                           C-2063 
01AM    FRANJA AMARILLA           2,007           2,008                    61                           C-2064 
01AM    FRANJA AMARILLA           2,018           2,019                    59                           C-2066 
01AM    FRANJA AMARILLA           2,029           2,030                    59                           C-2067 
01AM    FRANJA AMARILLA           2,029           2,030                    59                           C-2068 









EMPRESA NACIONAL DE MINERIA (ENM) PRODUCTOR          PACKING LIST                             PAG.  :   2
NATIONAL MINING COMPANY                       CODIGO DE LOTE   : C-2021                      FECHA :16/04/2020
                                              -----------------------------
FLUJO        : 
DESCRIPCION  : CATODOS EW TALTAL
N° INSTR. DE EMBARQUE : 25942
CLIENTE      : HMM BLESSING
Lote Sipa    : 20030436

----------------------------------------------------------------------------------------------------------------------------- 
MARCA       DESCRIPCION         PESO NETO      PESO BRUTO     GRUPO     UNIDADES       UBICACION         SERIE                
-----------------------------------------------------------------------------------------------------------------------------

01AM    FRANJA AMARILLA           2,032           2,033                    54                           C-2069 
01AM    FRANJA AMARILLA           2,032           2,033                    60                           C-2070 
01AM    FRANJA AMARILLA           2,013           2,014                    60                           C-2071 
01AM    FRANJA AMARILLA           2,027           2,028                    61                           C-2072 
01AM    FRANJA AMARILLA           2,002           2,003                    53                           C-2073 
01AM    FRANJA AMARILLA           2,014           2,015                    58                           C-2074 
01AM    FRANJA AMARILLA           2,016           2,017                    59                           C-2075 
01AM    FRANJA AMARILLA           2,005           2,006                    60                           C-2076 
01AM    FRANJA AMARILLA           2,023           2,024                    61                           C-2077 
01AM    FRANJA AMARILLA           2,007           2,008                    54                           C-2078 
01AM    FRANJA AMARILLA           2,012           2,013                    62                           C-2079 
01AM    FRANJA AMARILLA           2,021           2,022                    53                           C-2081 
01AM    FRANJA AMARILLA           2,011           2,012                    53                           C-2082 
01AM    FRANJA AMARILLA           2,026           2,027                    55                           C-2083 
01AM    FRANJA AMARILLA           2,019           2,020                    54                           C-2084 
01AM    FRANJA AMARILLA           1,998           1,999                    52                           C-2085 
01AM    FRANJA AMARILLA           2,020           2,021                    55                           C-2086 
01AM    FRANJA AMARILLA           2,036           2,037                    54                           C-2087 
01AM    FRANJA AMARILLA           2,033           2,034                    52                           C-2088 
01AM    FRANJA AMARILLA           2,035           2,036                    53                           C-2089 
01AM    FRANJA AMARILLA           2,023           2,024                    53                           C-2090 
01AM    FRANJA AMARILLA           2,049           2,050                    55                           C-2091 
01AM    FRANJA AMARILLA           2,018           2,019                    52                           C-2092 
01AM    FRANJA AMARILLA           2,004           2,005                    53                           C-2093 
01AM    FRANJA AMARILLA           2,036           2,037                    55                           C-2094 
01AM    FRANJA AMARILLA           2,047           2,048                    55                           C-2096 
01AM    FRANJA AMARILLA           2,007           2,008                    51                           C-2097 
01AM    FRANJA AMARILLA           2,032           2,033                    55                           C-2098 
01AM    FRANJA AMARILLA           2,033           2,034                    56                           C-2099 
01AM    FRANJA AMARILLA           2,041           2,042                    52                           C-2100 
01AM    FRANJA AMARILLA           2,013           2,014                    52                           C-2101 
01AM    FRANJA AMARILLA           2,024           2,025                    55                           C-2102 
01AM    FRANJA AMARILLA           2,014           2,015                    54                           C-2103 
01AM    FRANJA AMARILLA           2,011           2,012                    53                           C-2104 
01AM    FRANJA AMARILLA           2,039           2,040                    53                           C-2105 
01AM    FRANJA AMARILLA           2,040           2,041                    54                           C-2106 
01AM    FRANJA AMARILLA           2,007           2,008                    53                           C-2107 
01AM    FRANJA AMARILLA           2,040           2,041                    54                           C-2108 
01AM    FRANJA AMARILLA           2,004           2,005                    53                           C-2109 


------------------------------------------------------------------------------------------------------------------------
T.SUB-LOTES              TOT.PAQUETES =84      TOT.UNID. = 5093   T/P NETO (kg) = 169,647      T/P BRUTO (kg) = 169,731
------------------------------------------------------------------------------------------------------------------------
