
EMPRESA NACIONAL DE MINERIA (ENM) PRODUCTOR          PACKING LIST                             PAG.  :   1
NATIONAL MINING COMPANY                       CODIGO DE LOTE   : G-29006                      FECHA :25/10/2018
                                              -----------------------------
FLUJO        : 
DESCRIPCION  : CATODOS STD 3 EW
N° INSTR. DE EMBARQUE : 56564
CLIENTE      : 
Lote Sipa    : 18070514

----------------------------------------------------------------------------------------------------------------------------- 
MARCA       DESCRIPCION         PESO NETO      PESO BRUTO     GRUPO     UNIDADES       UBICACION         SERIE                
-----------------------------------------------------------------------------------------------------------------------------

01RJ    FRANJA ROJA               1,906           1,907         49         27                           G-29006
01RJ    FRANJA ROJA               2,397           2,398         49         26                           G-29007
01RJ    FRANJA ROJA               2,050           2,051         49         37                           G-29008
01RJ    FRANJA ROJA               1,912           1,913         49         43                           G-29009
01RJ    FRANJA ROJA               2,482           2,483         49         33                           G-29010
01RJ    FRANJA ROJA               1,881           1,882         49         33                           G-29011
01RJ    FRANJA ROJA               2,282           2,283         49         35                           G-29012
01RJ    FRANJA ROJA               2,377           2,378         49         35                           G-29013
01RJ    FRANJA ROJA               2,488           2,489         49         33                           G-29014
01RJ    FRANJA ROJA               2,337           2,338         49         39                           G-29015
01RJ    FRANJA ROJA               2,009           2,010         49         32                           G-29016
01RJ    FRANJA ROJA               2,227           2,228         49         38                           G-29017
01RJ    FRANJA ROJA               2,332           2,333         49         37                           G-29018
01RJ    FRANJA ROJA               2,454           2,455         49         44                           G-29019
01RJ    FRANJA ROJA               2,240           2,241         49         37                           G-29020
01RJ    FRANJA ROJA               1,854           1,855         49         35                           G-29021
01RJ    FRANJA ROJA               2,329           2,330         49         40                           G-29022
01RJ    FRANJA ROJA               2,442           2,443         49         42                           G-29023
01RJ    FRANJA ROJA               2,005           2,006         49         36                           G-29024
01RJ    FRANJA ROJA               2,346           2,347         49         34                           G-29025
01RJ    FRANJA ROJA               2,384           2,385         49         36                           G-29026
01RJ    FRANJA ROJA               1,937           1,938         49         37                           G-29027
01RJ    FRANJA ROJA               1,851           1,852         49         30                           G-29028
01RJ    FRANJA ROJA               2,125           2,126         49         32                           G-29029
01RJ    FRANJA ROJA               2,281           2,282         49         35                           G-29030
01RJ    FRANJA ROJA               1,955           1,956         49         33                           G-29031
01RJ    FRANJA ROJA               2,203           2,204         49         28                           G-29032
01RJ    FRANJA ROJA               1,804           1,805         49         34                           G-29033
01RJ    FRANJA ROJA               1,914           1,915         49         34                           G-29034
01RJ    FRANJA ROJA               2,017           2,018         49         33                           G-29035
01RJ    FRANJA ROJA               2,420           2,421         49         56                           G-29036
01RJ    FRANJA ROJA               2,091           2,092         49         55                           G-29037
01RJ    FRANJA ROJA               2,261           2,262         49         65                           G-29038
01RJ    FRANJA ROJA               2,296           2,297         49         35                           H-29000
01RJ    FRANJA ROJA               2,365           2,366         49         39                           H-29001
01RJ    FRANJA ROJA               2,224           2,225         49         40                           H-29002
01RJ    FRANJA ROJA               2,393           2,394         49         38                           H-29003
01RJ    FRANJA ROJA               2,305           2,306         49         41                           H-29004
01RJ    FRANJA ROJA               2,022           2,023         49         30                           H-29005
01RJ    FRANJA ROJA               2,182           2,183         49         30                           H-29006
01RJ    FRANJA ROJA               1,970           1,971         49         29                           H-29007
01RJ    FRANJA ROJA               2,293           2,294         49         32                           H-29008
01RJ    FRANJA ROJA               1,912           1,913         49         25                           H-29009
01RJ    FRANJA ROJA               1,809           1,810         49         26                           H-29010
01RJ    FRANJA ROJA               1,821           1,822         49         28                           H-29011









EMPRESA NACIONAL DE MINERIA (ENM) PRODUCTOR          PACKING LIST                             PAG.  :   2
NATIONAL MINING COMPANY                       CODIGO DE LOTE   : G-29006                      FECHA :25/10/2018
                                              -----------------------------
FLUJO        : 
DESCRIPCION  : CATODOS STD 3 EW
N° INSTR. DE EMBARQUE : 56564
CLIENTE      : 
Lote Sipa    : 18070514

----------------------------------------------------------------------------------------------------------------------------- 
MARCA       DESCRIPCION         PESO NETO      PESO BRUTO     GRUPO     UNIDADES       UBICACION         SERIE                
-----------------------------------------------------------------------------------------------------------------------------

01RJ    FRANJA ROJA               2,235           2,236         49         30                           H-29012
01RJ    FRANJA ROJA               2,088           2,089         49         38                           H-29013
01RJ    FRANJA ROJA               2,475           2,476         49         37                           H-29014
01RJ    FRANJA ROJA               2,235           2,236         49         34                           H-29015
01RJ    FRANJA ROJA               2,472           2,473         49         41                           H-29016
01RJ    FRANJA ROJA               1,903           1,904         49         31                           H-29017
01RJ    FRANJA ROJA               2,230           2,231         49         37                           H-29018
01RJ    FRANJA ROJA               2,179           2,180         49         32                           H-29019
01RJ    FRANJA ROJA               2,287           2,288         49         32                           H-29020
01RJ    FRANJA ROJA               1,803           1,804         49         31                           H-29021
01RJ    FRANJA ROJA               2,109           2,110         49         34                           H-29022
01RJ    FRANJA ROJA               2,005           2,006         49         35                           H-29023
01RJ    FRANJA ROJA               2,039           2,040         49         36                           H-29024
01RJ    FRANJA ROJA               2,452           2,453         49         39                           H-29025
01RJ    FRANJA ROJA               2,466           2,467         49         40                           H-29026
01RJ    FRANJA ROJA               2,330           2,331         49         39                           H-29027
01RJ    FRANJA ROJA               2,199           2,200         49         37                           H-29028
01RJ    FRANJA ROJA               2,475           2,476         49         38                           H-29029
01RJ    FRANJA ROJA               2,371           2,372         49         39                           H-29030
01RJ    FRANJA ROJA               2,442           2,443         49         40                           H-29031
01RJ    FRANJA ROJA               2,449           2,450         49         39                           H-29032
01RJ    FRANJA ROJA               2,356           2,357         49         41                           H-29033
01RJ    FRANJA ROJA               2,301           2,302         49         32                           H-29034
01RJ    FRANJA ROJA               2,315           2,316         49         34                           H-29035
01RJ    FRANJA ROJA               2,003           2,004         49         36                           H-29036
01RJ    FRANJA ROJA               2,168           2,169         49         47                           H-29037
01RJ    FRANJA ROJA               2,074           2,075         49         30                           H-29038
01RJ    FRANJA ROJA               2,186           2,187         49         35                           H-29039
01RJ    FRANJA ROJA               2,468           2,469         49         39                           H-29040
01RJ    FRANJA ROJA               1,930           1,931         49         30                           H-29041
01RJ    FRANJA ROJA               2,097           2,098         49         34                           H-29042
01RJ    FRANJA ROJA               1,955           1,956         49         34                           H-29043
01RJ    FRANJA ROJA               2,394           2,395         49         33                           H-29044
01RJ    FRANJA ROJA               2,271           2,272         49         35                           H-29045
01RJ    FRANJA ROJA               2,237           2,238         49         41                           H-29046
01RJ    FRANJA ROJA               1,953           1,954         49         33                           H-29047
01RJ    FRANJA ROJA               2,415           2,416         49         42                           H-29048
01RJ    FRANJA ROJA               2,444           2,445         49         31                           I-29000
01RJ    FRANJA ROJA               2,315           2,316         49         32                           I-29001
01RJ    FRANJA ROJA               2,085           2,086         49         30                           I-29002
01RJ    FRANJA ROJA               2,283           2,284         49         37                           I-29003
01RJ    FRANJA ROJA               2,374           2,375         49         49                           I-29004
01RJ    FRANJA ROJA               2,213           2,214         49         38                           I-29005
01RJ    FRANJA ROJA               1,833           1,834         49         35                           I-29006
01RJ    FRANJA ROJA               2,480           2,481         49         39                           I-29007









EMPRESA NACIONAL DE MINERIA (ENM) PRODUCTOR          PACKING LIST                             PAG.  :   3
NATIONAL MINING COMPANY                       CODIGO DE LOTE   : G-29006                      FECHA :25/10/2018
                                              -----------------------------
FLUJO        : 
DESCRIPCION  : CATODOS STD 3 EW
N° INSTR. DE EMBARQUE : 56564
CLIENTE      : 
Lote Sipa    : 18070514

----------------------------------------------------------------------------------------------------------------------------- 
MARCA       DESCRIPCION         PESO NETO      PESO BRUTO     GRUPO     UNIDADES       UBICACION         SERIE                
-----------------------------------------------------------------------------------------------------------------------------

01RJ    FRANJA ROJA               2,434           2,435         49         38                           I-29008
01RJ    FRANJA ROJA               2,372           2,373         49         34                           I-29009
01RJ    FRANJA ROJA               2,496           2,497         49         53                           I-29010
01RJ    FRANJA ROJA               1,861           1,862         49         33                           I-29011
01RJ    FRANJA ROJA               2,383           2,384         49         46                           I-29012
01RJ    FRANJA ROJA               2,525           2,526         49         35                           I-29013
01RJ    FRANJA ROJA               2,109           2,110         49         30                           I-29014
01RJ    FRANJA ROJA               1,925           1,926         49         35                           I-29015
01RJ    FRANJA ROJA               2,438           2,439         49         34                           I-29016
01RJ    FRANJA ROJA               2,135           2,136         49         49                           I-29017
01RJ    FRANJA ROJA               2,245           2,246         49         34                           I-29018
01RJ    FRANJA ROJA               2,400           2,401         49         32                           I-29019
01RJ    FRANJA ROJA               2,084           2,085         49         31                           I-29020
01RJ    FRANJA ROJA               2,468           2,469         49         49                           I-29021
01RJ    FRANJA ROJA               2,364           2,365         49         41                           I-29022
01RJ    FRANJA ROJA               2,414           2,415         49         51                           I-29023
01RJ    FRANJA ROJA               2,221           2,222         49         45                           I-29024
01RJ    FRANJA ROJA               2,283           2,284         49         56                           I-29025
01RJ    FRANJA ROJA               2,090           2,091         49         52                           I-29026
01RJ    FRANJA ROJA               2,078           2,079         49         45                           I-29027
01RJ    FRANJA ROJA               2,271           2,272         49         37                           I-29028
01RJ    FRANJA ROJA               1,852           1,853         49         32                           I-29029
01RJ    FRANJA ROJA               1,954           1,955         49         29                           I-29030
01RJ    FRANJA ROJA               2,235           2,236         49         27                           I-29031
01RJ    FRANJA ROJA               1,810           1,811         49         29                           I-29032


------------------------------------------------------------------------------------------------------------------------
T.SUB-LOTES              TOT.PAQUETES =115      TOT.UNID. = 4220   T/P NETO (kg) = 253,026      T/P BRUTO (kg) = 253,141
------------------------------------------------------------------------------------------------------------------------
