
EMPRESA NACIONAL DE MINERIA (ENM) PRODUCTOR          PACKING LIST                             PAG.  :   1
NATIONAL MINING COMPANY                       CODIGO DE LOTE   : D-7576                      FECHA :29/04/2021
                                              -----------------------------
FLUJO        : 
DESCRIPCION  : CATODOS GRADO A
N° INSTR. DE EMBARQUE : 26640
CLIENTE      : MARIANETTA
Lote Sipa    : 21040280

----------------------------------------------------------------------------------------------------------------------------- 
MARCA       DESCRIPCION         PESO NETO      PESO BRUTO     GRUPO     UNIDADES       UBICACION         SERIE                
-----------------------------------------------------------------------------------------------------------------------------

02CE    DOS FRANJAS CELESTES      2,128           2,129         18         20                           D-7576 
02CE    DOS FRANJAS CELESTES      2,341           2,342         18         20                           D-7577 
02CE    DOS FRANJAS CELESTES      2,297           2,298         18         20                           D-7578 
02CE    DOS FRANJAS CELESTES      2,312           2,313         18         20                           D-7579 
02CE    DOS FRANJAS CELESTES      2,478           2,479         29         20                           D-7580 
02CE    DOS FRANJAS CELESTES      2,287           2,288         18         20                           D-7581 
02CE    DOS FRANJAS CELESTES      2,282           2,283         18         20                           D-7582 
02CE    DOS FRANJAS CELESTES      2,418           2,419         45         20                           D-7583 
02CE    DOS FRANJAS CELESTES      2,475           2,476         45         20                           D-7584 
02CE    DOS FRANJAS CELESTES      2,366           2,367         45         20                           D-7585 
02CE    DOS FRANJAS CELESTES      2,229           2,230         16         20                           D-7586 
02CE    DOS FRANJAS CELESTES      2,252           2,253         18         20                           D-7587 
02CE    DOS FRANJAS CELESTES      2,441           2,442         29         20                           D-7588 
02CE    DOS FRANJAS CELESTES      2,219           2,220         29         20                           D-7589 
02CE    DOS FRANJAS CELESTES      2,384           2,385         45         20                           D-7590 
02CE    DOS FRANJAS CELESTES      2,262           2,263         18         20                           D-7591 
02CE    DOS FRANJAS CELESTES      2,325           2,326         45         20                           D-7592 
02CE    DOS FRANJAS CELESTES      2,399           2,400         29         20                           D-7593 
02CE    DOS FRANJAS CELESTES      2,256           2,257         18         20                           D-7594 
02CE    DOS FRANJAS CELESTES      2,267           2,268         29         20                           D-7595 
02CE    DOS FRANJAS CELESTES      2,445           2,446         18         20                           D-7596 
02CE    DOS FRANJAS CELESTES      2,468           2,469         45         20                           D-7597 
02CE    DOS FRANJAS CELESTES      2,359           2,360         29         20                           D-7598 
02CE    DOS FRANJAS CELESTES      2,439           2,440         18         20                           D-7599 
02CE    DOS FRANJAS CELESTES      2,336           2,337         18         20                           D-7600 
02CE    DOS FRANJAS CELESTES      2,502           2,503         16         20                           D-7601 
02CE    DOS FRANJAS CELESTES      2,446           2,447         16         20                           D-7602 
02CE    DOS FRANJAS CELESTES      2,433           2,434         16         20                           D-7603 
02CE    DOS FRANJAS CELESTES      2,337           2,338         16         20                           D-7604 
02CE    DOS FRANJAS CELESTES      2,366           2,367         16         20                           D-7605 
02CE    DOS FRANJAS CELESTES      2,268           2,269         16         20                           D-7606 
02CE    DOS FRANJAS CELESTES      2,398           2,399         16         20                           D-7607 
02CE    DOS FRANJAS CELESTES      2,469           2,470         16         20                           D-7608 
02CE    DOS FRANJAS CELESTES      2,429           2,430         16         20                           D-7609 
02CE    DOS FRANJAS CELESTES      2,363           2,364         16         20                           D-7610 
02CE    DOS FRANJAS CELESTES      2,461           2,462         16         20                           D-7611 
02CE    DOS FRANJAS CELESTES      2,390           2,391         16         20                           D-7612 
02CE    DOS FRANJAS CELESTES      2,574           2,575         33         20                           D-7613 
02CE    DOS FRANJAS CELESTES      2,442           2,443         33         20                           D-7614 
02CE    DOS FRANJAS CELESTES      2,423           2,424         16         20                           D-7615 
02CE    DOS FRANJAS CELESTES      2,443           2,444         16         20                           D-7616 
02CE    DOS FRANJAS CELESTES      2,485           2,486         33         20                           D-7617 
02CE    DOS FRANJAS CELESTES      2,367           2,368         33         20                           D-7618 
02CE    DOS FRANJAS CELESTES      2,493           2,494         16         20                           D-7619 
02CE    DOS FRANJAS CELESTES      2,451           2,452         33         20                           D-7620 









EMPRESA NACIONAL DE MINERIA (ENM) PRODUCTOR          PACKING LIST                             PAG.  :   2
NATIONAL MINING COMPANY                       CODIGO DE LOTE   : D-7576                      FECHA :29/04/2021
                                              -----------------------------
FLUJO        : 
DESCRIPCION  : CATODOS GRADO A
N° INSTR. DE EMBARQUE : 26640
CLIENTE      : MARIANETTA
Lote Sipa    : 21040280

----------------------------------------------------------------------------------------------------------------------------- 
MARCA       DESCRIPCION         PESO NETO      PESO BRUTO     GRUPO     UNIDADES       UBICACION         SERIE                
-----------------------------------------------------------------------------------------------------------------------------

02CE    DOS FRANJAS CELESTES      2,440           2,441         33         20                           D-7621 
02CE    DOS FRANJAS CELESTES      2,465           2,466         33         20                           D-7622 
02CE    DOS FRANJAS CELESTES      2,314           2,315         18         20                           D-7623 
02CE    DOS FRANJAS CELESTES      2,448           2,449         16         20                           D-7624 
02CE    DOS FRANJAS CELESTES      2,456           2,457         33         20                           D-7625 
02CE    DOS FRANJAS CELESTES      2,542           2,543         16         20                           D-7626 
02CE    DOS FRANJAS CELESTES      2,498           2,499         33         20                           D-7627 
02CE    DOS FRANJAS CELESTES      2,594           2,595         33         20                           D-7628 
02CE    DOS FRANJAS CELESTES      2,285           2,286         18         20                           D-7629 
02CE    DOS FRANJAS CELESTES      2,440           2,441         16         20                           D-7630 
02CE    DOS FRANJAS CELESTES      2,489           2,490         33         20                           D-7631 
02CE    DOS FRANJAS CELESTES      2,571           2,572         33         20                           D-7632 
02CE    DOS FRANJAS CELESTES      2,187           2,188         18         20                           D-7633 
02CE    DOS FRANJAS CELESTES      2,362           2,363         18         20                           D-7634 
02CE    DOS FRANJAS CELESTES      2,291           2,292         18         20                           D-7635 
02CE    DOS FRANJAS CELESTES      2,432           2,433         16         20                           D-7636 
02CE    DOS FRANJAS CELESTES      2,354           2,355         18         20                           D-7637 
02CE    DOS FRANJAS CELESTES      2,416           2,417         33         20                           D-7638 
02CE    DOS FRANJAS CELESTES      2,424           2,425         33         20                           D-7639 
02CE    DOS FRANJAS CELESTES      2,455           2,456         33         20                           D-7640 
02CE    DOS FRANJAS CELESTES      2,531           2,532         16         20                           D-7641 
02CE    DOS FRANJAS CELESTES      2,439           2,440         33         20                           D-7642 
02CE    DOS FRANJAS CELESTES      2,408           2,409         18         20                           D-7643 
02CE    DOS FRANJAS CELESTES      2,512           2,513         33         20                           D-7644 
02CE    DOS FRANJAS CELESTES      2,464           2,465         18         20                           D-7645 
02CE    DOS FRANJAS CELESTES      2,456           2,457         18         20                           D-7646 
02CE    DOS FRANJAS CELESTES      2,493           2,494         18         20                           D-7647 
02CE    DOS FRANJAS CELESTES      2,466           2,467         33         20                           D-7648 
02CE    DOS FRANJAS CELESTES      2,465           2,466         33         20                           D-7649 
02CE    DOS FRANJAS CELESTES      2,487           2,488         18         20                           D-7650 
02CE    DOS FRANJAS CELESTES      2,410           2,411         16         20                           D-7651 
02CE    DOS FRANJAS CELESTES      2,496           2,497         33         20                           D-7652 
02CE    DOS FRANJAS CELESTES      2,420           2,421         33         20                           D-7653 
02CE    DOS FRANJAS CELESTES      2,505           2,506         18         20                           D-7654 
02CE    DOS FRANJAS CELESTES      2,560           2,561         18         20                           D-7655 
02CE    DOS FRANJAS CELESTES      2,463           2,464         18         20                           D-7656 
02CE    DOS FRANJAS CELESTES      2,544           2,545         33         20                           D-7657 
02CE    DOS FRANJAS CELESTES      2,382           2,383         33         20                           D-7658 


------------------------------------------------------------------------------------------------------------------------
T.SUB-LOTES              TOT.PAQUETES =83      TOT.UNID. = 1660   T/P NETO (kg) = 199,969      T/P BRUTO (kg) = 200,052
------------------------------------------------------------------------------------------------------------------------
