
EMPRESA NACIONAL DE MINERIA (ENM) PRODUCTOR          PACKING LIST                             PAG.  :   1
NATIONAL MINING COMPANY                       CODIGO DE LOTE   : E-11425                      FECHA :28/05/2019
                                              -----------------------------
FLUJO        : 
DESCRIPCION  : CATODOS GRADO A
N° INSTR. DE EMBARQUE : 25270
CLIENTE      : NORDIC BEIJING
Lote Sipa    : 19050441

----------------------------------------------------------------------------------------------------------------------------- 
MARCA       DESCRIPCION         PESO NETO      PESO BRUTO     GRUPO     UNIDADES       UBICACION         SERIE                
-----------------------------------------------------------------------------------------------------------------------------

01NE    FRANJA NEGRA              2,495           2,496         47         20                           E-11425
01NE    FRANJA NEGRA              2,302           2,303         47         20                           E-11426
01NE    FRANJA NEGRA              2,428           2,429         47         20                           E-11427
01NE    FRANJA NEGRA              2,393           2,394         47         20                           E-11428
01NE    FRANJA NEGRA              2,494           2,495         47         20                           E-11429
01NE    FRANJA NEGRA              2,413           2,414         47         20                           E-11430
01NE    FRANJA NEGRA              2,393           2,394         47         20                           E-11431
01NE    FRANJA NEGRA              2,363           2,364         18         20                           E-11432
01NE    FRANJA NEGRA              2,394           2,395         19         20                           E-11433
01NE    FRANJA NEGRA              2,412           2,413         38         20                           E-11434
01NE    FRANJA NEGRA              2,422           2,423         38         20                           E-11435
01NE    FRANJA NEGRA              2,701           2,702         38         20                           E-11436
01NE    FRANJA NEGRA              2,241           2,242         38         20                           E-11437
01NE    FRANJA NEGRA              2,455           2,456         23         20                           E-11438
01NE    FRANJA NEGRA              2,637           2,638         38         20                           E-11439
01NE    FRANJA NEGRA              2,422           2,423         13         20                           E-11440
01NE    FRANJA NEGRA              2,440           2,441         13         20                           E-11441
01NE    FRANJA NEGRA              2,450           2,451         13         20                           E-11442
01NE    FRANJA NEGRA              2,371           2,372         38         20                           E-11443
01NE    FRANJA NEGRA              2,439           2,440         13         20                           E-11444
01NE    FRANJA NEGRA              2,405           2,406         38         20                           E-11445
01NE    FRANJA NEGRA              2,312           2,313         38         20                           E-11446
01NE    FRANJA NEGRA              2,444           2,445         13         20                           E-11447
01NE    FRANJA NEGRA              2,354           2,355         38         20                           E-11448
01NE    FRANJA NEGRA              2,468           2,469         13         20                           E-11449
01NE    FRANJA NEGRA              2,407           2,408         13         20                           E-11450
01NE    FRANJA NEGRA              2,440           2,441         38         20                           E-11451
01NE    FRANJA NEGRA              2,418           2,419         38         20                           E-11452
01NE    FRANJA NEGRA              2,368           2,369         13         20                           E-11453
01NE    FRANJA NEGRA              2,397           2,398         38         20                           E-11454
01NE    FRANJA NEGRA              2,391           2,392         13         20                           E-11455
01NE    FRANJA NEGRA              2,420           2,421         13         20                           E-11456
01NE    FRANJA NEGRA              2,474           2,475         13         20                           E-11457
01NE    FRANJA NEGRA              2,433           2,434         38         20                           E-11458
01NE    FRANJA NEGRA              2,480           2,481         13         20                           E-11459
01NE    FRANJA NEGRA              2,433           2,434         38         20                           E-11460
01NE    FRANJA NEGRA              2,450           2,451         13         20                           E-11461
01NE    FRANJA NEGRA              2,379           2,380         38         20                           E-11462
01NE    FRANJA NEGRA              2,478           2,479         38         20                           E-11463
01NE    FRANJA NEGRA              2,440           2,441         13         20                           E-11464
01NE    FRANJA NEGRA              2,100           2,101         38         20                           E-11465
01NE    FRANJA NEGRA              2,047           2,048         38         20                           E-11466
01NE    FRANJA NEGRA              2,483           2,484         13         20                           E-11467
01NE    FRANJA NEGRA              2,344           2,345         38         20                           E-11468
01NE    FRANJA NEGRA              2,424           2,425         38         20                           E-11469









EMPRESA NACIONAL DE MINERIA (ENM) PRODUCTOR          PACKING LIST                             PAG.  :   2
NATIONAL MINING COMPANY                       CODIGO DE LOTE   : E-11425                      FECHA :28/05/2019
                                              -----------------------------
FLUJO        : 
DESCRIPCION  : CATODOS GRADO A
N° INSTR. DE EMBARQUE : 25270
CLIENTE      : NORDIC BEIJING
Lote Sipa    : 19050441

----------------------------------------------------------------------------------------------------------------------------- 
MARCA       DESCRIPCION         PESO NETO      PESO BRUTO     GRUPO     UNIDADES       UBICACION         SERIE                
-----------------------------------------------------------------------------------------------------------------------------

01NE    FRANJA NEGRA              2,387           2,388         13         20                           E-11470
01NE    FRANJA NEGRA              2,458           2,459         38         20                           E-11471
01NE    FRANJA NEGRA              2,447           2,448         13         20                           E-11472
01NE    FRANJA NEGRA              2,405           2,406         38         20                           E-11473
01NE    FRANJA NEGRA              2,456           2,457         38         20                           E-11474
01NE    FRANJA NEGRA              2,484           2,485         13         20                           E-11475
01NE    FRANJA NEGRA              2,315           2,316         38         20                           E-11476
01NE    FRANJA NEGRA              2,499           2,500         13         20                           E-11477
01NE    FRANJA NEGRA              2,379           2,380         13         20                           E-11478
01NE    FRANJA NEGRA              2,358           2,359         13         20                           E-11479
01NE    FRANJA NEGRA              2,177           2,178         38         20                           E-11480
01NE    FRANJA NEGRA              2,408           2,409         13         20                           E-11481
01NE    FRANJA NEGRA              2,200           2,201         38         20                           E-11482
01NE    FRANJA NEGRA              2,350           2,351         13         20                           E-11483
01NE    FRANJA NEGRA              2,221           2,222         38         20                           E-11484
01NE    FRANJA NEGRA              2,458           2,459         13         20                           E-11485
01NE    FRANJA NEGRA              2,475           2,476         13         20                           E-11486
01NE    FRANJA NEGRA              2,302           2,303         38         20                           E-11487
01NE    FRANJA NEGRA              2,367           2,368         38         20                           E-11488
01NE    FRANJA NEGRA              2,288           2,289         47         20                           E-11489
01NE    FRANJA NEGRA              2,415           2,416         38         20                           E-11490
01NE    FRANJA NEGRA              2,432           2,433         38         20                           E-11491
01NE    FRANJA NEGRA              2,368           2,369         38         20                           E-11492
01NE    FRANJA NEGRA              2,358           2,359         38         20                           E-11493
01NE    FRANJA NEGRA              2,327           2,328         38         20                           E-11494
01NE    FRANJA NEGRA              2,334           2,335         46         20                           E-11495
01NE    FRANJA NEGRA              2,474           2,475         38         20                           E-11496
01NE    FRANJA NEGRA              2,405           2,406         38         20                           E-11497
01NE    FRANJA NEGRA              2,341           2,342         13         20                           E-11498
01NE    FRANJA NEGRA              2,425           2,426         38         20                           E-11499
01NE    FRANJA NEGRA              2,497           2,498         38         20                           E-11500
01NE    FRANJA NEGRA              2,376           2,377         38         20                           E-11501
01NE    FRANJA NEGRA              2,402           2,403         38         20                           E-11502
01NE    FRANJA NEGRA              2,412           2,413         38         20                           E-11503
01NE    FRANJA NEGRA              2,465           2,466         47         20                           E-11504
01NE    FRANJA NEGRA              2,391           2,392         47         20                           E-11505
01NE    FRANJA NEGRA              2,544           2,545         38         20                           E-11506
01NE    FRANJA NEGRA              2,350           2,351         47         20                           E-11507
01NE    FRANJA NEGRA              2,392           2,393         38         20                           E-11508
01NE    FRANJA NEGRA              2,420           2,421         38         20                           E-11509
01NE    FRANJA NEGRA              2,198           2,199         47         20                           E-11510
01NE    FRANJA NEGRA              2,291           2,292         47         20                           E-11511
01NE    FRANJA NEGRA              2,497           2,498         38         20                           E-11512
01NE    FRANJA NEGRA              2,165           2,166         47         20                           E-11513
01NE    FRANJA NEGRA              2,276           2,277         47         20                           E-11514









EMPRESA NACIONAL DE MINERIA (ENM) PRODUCTOR          PACKING LIST                             PAG.  :   3
NATIONAL MINING COMPANY                       CODIGO DE LOTE   : E-11425                      FECHA :28/05/2019
                                              -----------------------------
FLUJO        : 
DESCRIPCION  : CATODOS GRADO A
N° INSTR. DE EMBARQUE : 25270
CLIENTE      : NORDIC BEIJING
Lote Sipa    : 19050441

----------------------------------------------------------------------------------------------------------------------------- 
MARCA       DESCRIPCION         PESO NETO      PESO BRUTO     GRUPO     UNIDADES       UBICACION         SERIE                
-----------------------------------------------------------------------------------------------------------------------------

01NE    FRANJA NEGRA              2,548           2,549         38         20                           E-11515
01NE    FRANJA NEGRA              2,436           2,437         47         20                           E-11516
01NE    FRANJA NEGRA              2,399           2,400         38         20                           E-11517
01NE    FRANJA NEGRA              2,415           2,416         38         20                           E-11518
01NE    FRANJA NEGRA              2,369           2,370         38         20                           E-11519
01NE    FRANJA NEGRA              2,395           2,396         38         20                           E-11520
01NE    FRANJA NEGRA              2,466           2,467         47         20                           E-11521
01NE    FRANJA NEGRA              2,435           2,436         38         20                           E-11522
01NE    FRANJA NEGRA              2,460           2,461         47         20                           E-11523
01NE    FRANJA NEGRA              2,394           2,395         38         20                           E-11524
01NE    FRANJA NEGRA              2,374           2,375         38         20                           E-11525
01NE    FRANJA NEGRA              2,435           2,436         38         20                           E-11526
01NE    FRANJA NEGRA              2,423           2,424         47         20                           E-11527
01NE    FRANJA NEGRA              2,507           2,508         47         20                           E-11528
01NE    FRANJA NEGRA              2,455           2,456         47         20                           E-11529
01NE    FRANJA NEGRA              2,336           2,337         38         20                           E-11530
01NE    FRANJA NEGRA              2,435           2,436         38         20                           E-11531
01NE    FRANJA NEGRA              2,467           2,468         38         20                           E-11532
01NE    FRANJA NEGRA              2,426           2,427         38         20                           E-11533
01NE    FRANJA NEGRA              2,411           2,412         47         20                           E-11534
01NE    FRANJA NEGRA              2,434           2,435         47         20                           E-11535
01NE    FRANJA NEGRA              2,451           2,452         38         20                           E-11536
01NE    FRANJA NEGRA              2,333           2,334         38         20                           E-11537
01NE    FRANJA NEGRA              2,258           2,259         47         20                           E-11538
01NE    FRANJA NEGRA              2,382           2,383         38         20                           E-11539
01NE    FRANJA NEGRA              2,435           2,436         47         20                           E-11540
01NE    FRANJA NEGRA              1,946           1,947         38         20                           E-11541
01NE    FRANJA NEGRA              2,058           2,059         38         20                           E-11542
01NE    FRANJA NEGRA              2,423           2,424         47         20                           E-11543
01NE    FRANJA NEGRA              2,350           2,351         38         20                           E-11544
01NE    FRANJA NEGRA              2,385           2,386         47         20                           E-11545
01NE    FRANJA NEGRA              2,347           2,348         47         20                           E-11546
01NE    FRANJA NEGRA              2,355           2,356         47         20                           E-11547
01NE    FRANJA NEGRA              2,527           2,528         47         20                           E-11548
01NE    FRANJA NEGRA              2,458           2,459         47         20                           E-11549
01NE    FRANJA NEGRA              2,286           2,287         47         20                           E-11550
01NE    FRANJA NEGRA              2,439           2,440         47         20                           E-11551
01NE    FRANJA NEGRA              2,343           2,344         38         20                           E-11552
01NE    FRANJA NEGRA              2,047           2,048         47         20                           E-11553
01NE    FRANJA NEGRA              2,437           2,438         47         20                           E-11554
01NE    FRANJA NEGRA              2,509           2,510         47         20                           E-11555
01NE    FRANJA NEGRA              2,447           2,448         38         20                           E-11556
01NE    FRANJA NEGRA              2,397           2,398         47         20                           E-11557
01NE    FRANJA NEGRA              2,254           2,255         38         20                           E-11558
01NE    FRANJA NEGRA              2,423           2,424         47         20                           E-11559









EMPRESA NACIONAL DE MINERIA (ENM) PRODUCTOR          PACKING LIST                             PAG.  :   4
NATIONAL MINING COMPANY                       CODIGO DE LOTE   : E-11425                      FECHA :28/05/2019
                                              -----------------------------
FLUJO        : 
DESCRIPCION  : CATODOS GRADO A
N° INSTR. DE EMBARQUE : 25270
CLIENTE      : NORDIC BEIJING
Lote Sipa    : 19050441

----------------------------------------------------------------------------------------------------------------------------- 
MARCA       DESCRIPCION         PESO NETO      PESO BRUTO     GRUPO     UNIDADES       UBICACION         SERIE                
-----------------------------------------------------------------------------------------------------------------------------

01NE    FRANJA NEGRA              2,421           2,422         47         20                           E-11560
01NE    FRANJA NEGRA              2,469           2,470         38         20                           E-11561
01NE    FRANJA NEGRA              2,354           2,355         47         20                           E-11562
01NE    FRANJA NEGRA              2,422           2,423         38         20                           E-11563
01NE    FRANJA NEGRA              2,405           2,406         47         20                           E-11564
01NE    FRANJA NEGRA              2,430           2,431         47         20                           E-11565
01NE    FRANJA NEGRA              2,513           2,514         47         20                           E-11566
01NE    FRANJA NEGRA              2,488           2,489         47         20                           E-11567
01NE    FRANJA NEGRA              2,533           2,534         38         20                           E-11568
01NE    FRANJA NEGRA              2,479           2,480         38         20                           E-11569
01NE    FRANJA NEGRA              2,464           2,465         38         20                           E-11570


------------------------------------------------------------------------------------------------------------------------
T.SUB-LOTES              TOT.PAQUETES =146      TOT.UNID. = 2920   T/P NETO (kg) = 349,731      T/P BRUTO (kg) = 349,877
------------------------------------------------------------------------------------------------------------------------
