
EMPRESA NACIONAL DE MINERIA (ENM) PRODUCTOR          PACKING LIST                             PAG.  :   1
NATIONAL MINING COMPANY                       CODIGO DE LOTE   : H-2082                      FECHA :21/08/2023
                                              -----------------------------
FLUJO        : 
DESCRIPCION  : CATODOS EW TALTAL
N° INSTR. DE EMBARQUE : 931310
CLIENTE      : 
Lote Sipa    : 23080260

----------------------------------------------------------------------------------------------------------------------------- 
MARCA       DESCRIPCION         PESO NETO      PESO BRUTO     GRUPO     UNIDADES       UBICACION         SERIE                
-----------------------------------------------------------------------------------------------------------------------------

05AZ    5 FRANJAS AZULES          1,985           1,986                    54                           H-2082 
05AZ    5 FRANJAS AZULES          2,019           2,020                    56                           H-2083 
05AZ    5 FRANJAS AZULES          2,030           2,031                    57                           H-2084 
05AZ    5 FRANJAS AZULES          2,055           2,056                    54                           H-2085 
05AZ    5 FRANJAS AZULES          2,000           2,001                    55                           H-2086 
05AZ    5 FRANJAS AZULES          2,025           2,026                    55                           H-2087 
05AZ    5 FRANJAS AZULES          2,033           2,034                    53                           H-2088 
05AZ    5 FRANJAS AZULES          2,016           2,017                    54                           H-2089 
05AZ    5 FRANJAS AZULES          2,003           2,004                    54                           H-2090 
05AZ    5 FRANJAS AZULES          2,048           2,049                    56                           H-2091 
05AZ    5 FRANJAS AZULES          2,040           2,041                    58                           H-2092 
05AZ    5 FRANJAS AZULES          2,018           2,019                    56                           H-2093 
05AZ    5 FRANJAS AZULES          2,034           2,035                    58                           H-2094 
05AZ    5 FRANJAS AZULES          2,012           2,013                    53                           H-2095 


------------------------------------------------------------------------------------------------------------------------
T.SUB-LOTES              TOT.PAQUETES =14      TOT.UNID. = 773   T/P NETO (kg) = 28,318      T/P BRUTO (kg) = 28,332
------------------------------------------------------------------------------------------------------------------------
