
EMPRESA NACIONAL DE MINERIA (ENM) PRODUCTOR          PACKING LIST                             PAG.  :   1
NATIONAL MINING COMPANY                       CODIGO DE LOTE   : E-2302                      FECHA :25/05/2023
                                              -----------------------------
FLUJO        : 
DESCRIPCION  : CATODOS EW TALTAL
N° INSTR. DE EMBARQUE : 930980
CLIENTE      : 
Lote Sipa    : 23050523

----------------------------------------------------------------------------------------------------------------------------- 
MARCA       DESCRIPCION         PESO NETO      PESO BRUTO     GRUPO     UNIDADES       UBICACION         SERIE                
-----------------------------------------------------------------------------------------------------------------------------

16NA    16 FRANJAS NARANJAS       2,051           2,052                    63                           E-2302 
16NA    16 FRANJAS NARANJAS       2,017           2,018                    59                           E-2303 
16NA    16 FRANJAS NARANJAS       2,045           2,046                    60                           E-2304 
16NA    16 FRANJAS NARANJAS       2,009           2,010                    62                           E-2305 
16NA    16 FRANJAS NARANJAS       2,015           2,016                    60                           E-2306 
16NA    16 FRANJAS NARANJAS       2,035           2,036                    60                           E-2307 
16NA    16 FRANJAS NARANJAS       2,042           2,043                    61                           E-2308 
16NA    16 FRANJAS NARANJAS       2,018           2,019                    66                           E-2309 
16NA    16 FRANJAS NARANJAS       1,962           1,963                    62                           E-2310 
16NA    16 FRANJAS NARANJAS       2,002           2,003                    70                           E-2311 
16NA    16 FRANJAS NARANJAS       2,018           2,019                    66                           E-2312 
16NA    16 FRANJAS NARANJAS       2,012           2,013                    66                           E-2313 
16NA    16 FRANJAS NARANJAS       1,990           1,991                    64                           E-2314 


------------------------------------------------------------------------------------------------------------------------
T.SUB-LOTES              TOT.PAQUETES =13      TOT.UNID. = 819   T/P NETO (kg) = 26,216      T/P BRUTO (kg) = 26,229
------------------------------------------------------------------------------------------------------------------------
