
EMPRESA NACIONAL DE MINERIA (ENM) PRODUCTOR          PACKING LIST                             PAG.  :   1
NATIONAL MINING COMPANY                       CODIGO DE LOTE   : C-2037                      FECHA :20/03/2023
                                              -----------------------------
FLUJO        : 
DESCRIPCION  : CATODOS EW TALTAL
N° INSTR. DE EMBARQUE : 930678
CLIENTE      : 
Lote Sipa    : 23030184

----------------------------------------------------------------------------------------------------------------------------- 
MARCA       DESCRIPCION         PESO NETO      PESO BRUTO     GRUPO     UNIDADES       UBICACION         SERIE                
-----------------------------------------------------------------------------------------------------------------------------

02VE    DOS FRANJAS VERDES        2,027           2,028                    75                           C-2037 
02VE    DOS FRANJAS VERDES        2,020           2,021                    73                           C-2038 
02VE    DOS FRANJAS VERDES        2,007           2,008                    60                           C-2039 
02VE    DOS FRANJAS VERDES        2,015           2,016                    69                           C-2040 
02VE    DOS FRANJAS VERDES        2,031           2,032                    72                           C-2041 
02VE    DOS FRANJAS VERDES        2,019           2,020                    65                           C-2042 
02VE    DOS FRANJAS VERDES        2,028           2,029                    67                           C-2043 
02VE    DOS FRANJAS VERDES        2,032           2,033                    71                           C-2044 
02VE    DOS FRANJAS VERDES        2,008           2,009                    64                           C-2045 
02VE    DOS FRANJAS VERDES        2,021           2,022                    75                           C-2046 
02VE    DOS FRANJAS VERDES        2,014           2,015                    63                           C-2047 
02VE    DOS FRANJAS VERDES        2,031           2,032                    70                           C-2048 
02VE    DOS FRANJAS VERDES        2,014           2,015                    71                           C-2049 
02VE    DOS FRANJAS VERDES        2,005           2,006                    71                           C-2050 


------------------------------------------------------------------------------------------------------------------------
T.SUB-LOTES              TOT.PAQUETES =14      TOT.UNID. = 966   T/P NETO (kg) = 28,272      T/P BRUTO (kg) = 28,286
------------------------------------------------------------------------------------------------------------------------
