
EMPRESA NACIONAL DE MINERIA (ENM) PRODUCTOR          PACKING LIST                             PAG.  :   1
NATIONAL MINING COMPANY                       CODIGO DE LOTE   : A-24585                      FECHA :31/01/2019
                                              -----------------------------
FLUJO        : 
DESCRIPCION  : RESTOS ANODOS TTE A EMBARQUE
N° INSTR. DE EMBARQUE : 57072
CLIENTE      : 
Lote Sipa    : 19010034

----------------------------------------------------------------------------------------------------------------------------- 
MARCA       DESCRIPCION         PESO NETO      PESO BRUTO     GRUPO     UNIDADES       UBICACION         SERIE                
-----------------------------------------------------------------------------------------------------------------------------

01BL    FRANJA BLANCA             1,868           1,869         1B         30                           A-24585
01BL    FRANJA BLANCA             1,898           1,899         1B         30                           A-24586
01BL    FRANJA BLANCA             1,616           1,617         1B         30                           A-24587
01BL    FRANJA BLANCA             1,953           1,954         1B         30                           A-24588
01BL    FRANJA BLANCA             1,948           1,949         1B         30                           A-24589
01BL    FRANJA BLANCA             2,167           2,168         1B         30                           A-24590
01BL    FRANJA BLANCA             1,776           1,777         1B         30                           A-24591
01BL    FRANJA BLANCA             1,670           1,671         1B         30                           A-24592
01BL    FRANJA BLANCA             1,598           1,599         1B         30                           A-24593
01BL    FRANJA BLANCA             1,520           1,521         1B         30                           A-24594
01BL    FRANJA BLANCA             1,537           1,538         1B         30                           A-24595
01BL    FRANJA BLANCA             1,402           1,403         1B         30                           A-24596
01BL    FRANJA BLANCA             1,433           1,434         1B         30                           A-24597
01BL    FRANJA BLANCA             1,647           1,648         1B         30                           A-24598
01BL    FRANJA BLANCA             1,416           1,417         1B         30                           A-24599
01BL    FRANJA BLANCA             1,441           1,442         1B         30                           A-24600
01BL    FRANJA BLANCA             1,435           1,436         1B         30                           A-24601
01BL    FRANJA BLANCA             1,624           1,625         1B         30                           A-24602
01BL    FRANJA BLANCA             1,381           1,382         1B         30                           A-24603
01BL    FRANJA BLANCA             1,355           1,356         1B         30                           A-24604
01BL    FRANJA BLANCA             1,541           1,542         1B         30                           A-24605
01BL    FRANJA BLANCA             1,552           1,553         1B         30                           A-24606
01BL    FRANJA BLANCA             1,364           1,365         1B         30                           A-24607
01BL    FRANJA BLANCA             1,395           1,396         1B         30                           A-24608
01BL    FRANJA BLANCA             1,553           1,554         1B         30                           A-24609
01BL    FRANJA BLANCA             1,732           1,733         1B         30                           A-24610
01BL    FRANJA BLANCA             1,546           1,547         1B         30                           A-24611
01BL    FRANJA BLANCA             1,605           1,606         1B         30                           A-24612
01BL    FRANJA BLANCA             1,354           1,355         1B         30                           A-24613
01BL    FRANJA BLANCA             1,668           1,669         1B         30                           A-24614
01BL    FRANJA BLANCA             1,320           1,321         1B         30                           A-24615
01BL    FRANJA BLANCA             1,544           1,545         1B         30                           A-24616
01BL    FRANJA BLANCA             1,693           1,694         1B         30                           A-24617
01BL    FRANJA BLANCA             1,386           1,387         1B         30                           A-24618
01BL    FRANJA BLANCA             1,479           1,480         1B         30                           A-24619
01BL    FRANJA BLANCA             1,657           1,658         1B         30                           A-24620
01BL    FRANJA BLANCA             1,561           1,562         1B         30                           A-24621
01BL    FRANJA BLANCA             1,631           1,632         1B         30                           A-24622
01BL    FRANJA BLANCA             1,700           1,701         1B         30                           A-24623
01BL    FRANJA BLANCA             1,495           1,496         1B         30                           A-24624
01BL    FRANJA BLANCA             1,772           1,773         1B         30                           A-24625
01BL    FRANJA BLANCA             2,092           2,093         1B         30                           A-24626
01BL    FRANJA BLANCA             1,568           1,569         1B         30                           A-24627
01BL    FRANJA BLANCA             1,715           1,716         1B         30                           A-24628
01BL    FRANJA BLANCA             1,438           1,439         1B         30                           A-24629









EMPRESA NACIONAL DE MINERIA (ENM) PRODUCTOR          PACKING LIST                             PAG.  :   2
NATIONAL MINING COMPANY                       CODIGO DE LOTE   : A-24585                      FECHA :31/01/2019
                                              -----------------------------
FLUJO        : 
DESCRIPCION  : RESTOS ANODOS TTE A EMBARQUE
N° INSTR. DE EMBARQUE : 57072
CLIENTE      : 
Lote Sipa    : 19010034

----------------------------------------------------------------------------------------------------------------------------- 
MARCA       DESCRIPCION         PESO NETO      PESO BRUTO     GRUPO     UNIDADES       UBICACION         SERIE                
-----------------------------------------------------------------------------------------------------------------------------

01BL    FRANJA BLANCA             1,588           1,589         1B         30                           A-24630
01BL    FRANJA BLANCA             1,652           1,653         1B         30                           A-24631
01BL    FRANJA BLANCA             1,544           1,545         1B         30                           A-24632
01BL    FRANJA BLANCA             1,602           1,603         1B         30                           A-24633
01BL    FRANJA BLANCA             1,436           1,437         1B         30                           A-24634
01BL    FRANJA BLANCA             1,827           1,828         1B         30                           A-24635
01BL    FRANJA BLANCA             1,586           1,587         1B         30                           A-24636
01BL    FRANJA BLANCA             1,542           1,543         1B         30                           A-24637
01BL    FRANJA BLANCA             1,467           1,468         1B         30                           A-24638
01BL    FRANJA BLANCA             1,539           1,540         1B         30                           A-24639
01BL    FRANJA BLANCA             1,454           1,455         1B         30                           A-24640
01BL    FRANJA BLANCA             1,282           1,283         1B         30                           A-24641
01BL    FRANJA BLANCA             1,676           1,677         1B         30                           A-24642
01BL    FRANJA BLANCA             1,597           1,598         1B         30                           A-24643
01BL    FRANJA BLANCA             1,423           1,424         1B         30                           A-24644
01BL    FRANJA BLANCA             1,415           1,416         1B         30                           A-24645
01BL    FRANJA BLANCA             1,408           1,409         1B         30                           A-24646
01BL    FRANJA BLANCA             1,418           1,419         1B         30                           A-24647
01BL    FRANJA BLANCA             1,527           1,528         1B         30                           A-24648
01BL    FRANJA BLANCA             1,373           1,374         1B         30                           A-24649
01BL    FRANJA BLANCA             1,646           1,647         1B         30                           A-24650
01BL    FRANJA BLANCA             1,716           1,717         1B         30                           A-24651
01BL    FRANJA BLANCA             1,433           1,434         1B         30                           A-24652
01BL    FRANJA BLANCA             1,523           1,524         1B         30                           A-24653
01BL    FRANJA BLANCA             1,415           1,416         1B         30                           A-24654
01BL    FRANJA BLANCA             1,499           1,500         1B         30                           A-24655
01BL    FRANJA BLANCA             1,215           1,216         1B         30                           A-24656
01BL    FRANJA BLANCA             1,550           1,551         1B         30                           A-24657
01BL    FRANJA BLANCA             1,293           1,294         1B         30                           A-24658
01BL    FRANJA BLANCA             1,527           1,528         1B         30                           A-24659
01BL    FRANJA BLANCA             1,323           1,324         1B         30                           A-24660
01BL    FRANJA BLANCA             1,393           1,394         1B         30                           A-24661
01BL    FRANJA BLANCA             1,401           1,402         1B         30                           A-24662
01BL    FRANJA BLANCA             1,372           1,373         1B         30                           A-24663
01BL    FRANJA BLANCA             1,251           1,252         1B         30                           A-24664
01BL    FRANJA BLANCA             1,391           1,392         1B         30                           A-24665
01BL    FRANJA BLANCA             1,322           1,323         1B         30                           A-24666
01BL    FRANJA BLANCA             1,328           1,329         1B         30                           A-24667
01BL    FRANJA BLANCA             1,391           1,392         1B         30                           A-24668
01BL    FRANJA BLANCA             1,274           1,275         1B         30                           A-24669
01BL    FRANJA BLANCA             1,451           1,452         1B         30                           A-24670
01BL    FRANJA BLANCA             1,890           1,891         1B         30                           A-24671
01BL    FRANJA BLANCA             1,510           1,511         1B         30                           A-24672
01BL    FRANJA BLANCA             1,445           1,446         1B         30                           A-24673
01BL    FRANJA BLANCA             1,370           1,371         1B         30                           A-24674









EMPRESA NACIONAL DE MINERIA (ENM) PRODUCTOR          PACKING LIST                             PAG.  :   3
NATIONAL MINING COMPANY                       CODIGO DE LOTE   : A-24585                      FECHA :31/01/2019
                                              -----------------------------
FLUJO        : 
DESCRIPCION  : RESTOS ANODOS TTE A EMBARQUE
N° INSTR. DE EMBARQUE : 57072
CLIENTE      : 
Lote Sipa    : 19010034

----------------------------------------------------------------------------------------------------------------------------- 
MARCA       DESCRIPCION         PESO NETO      PESO BRUTO     GRUPO     UNIDADES       UBICACION         SERIE                
-----------------------------------------------------------------------------------------------------------------------------

01BL    FRANJA BLANCA             1,405           1,406         1B         30                           A-24675
01BL    FRANJA BLANCA             1,440           1,441         1B         30                           A-24676
01BL    FRANJA BLANCA             1,700           1,701         1B         30                           A-24677
01BL    FRANJA BLANCA             1,599           1,600         1B         30                           A-24678
01BL    FRANJA BLANCA             1,274           1,275         1B         30                           A-24679
01BL    FRANJA BLANCA             1,931           1,932         1B         30                           A-24680
01BL    FRANJA BLANCA             1,620           1,621         1B         30                           A-24681
01BL    FRANJA BLANCA             1,597           1,598         1B         30                           A-24682
01BL    FRANJA BLANCA             1,366           1,367         1B         30                           A-24683
01BL    FRANJA BLANCA             1,281           1,282         1B         30                           A-24684
01BL    FRANJA BLANCA             1,387           1,388         1B         30                           A-24685
01BL    FRANJA BLANCA             1,305           1,306         1B         30                           A-24686
01BL    FRANJA BLANCA             1,277           1,278         1B         30                           A-24687
01BL    FRANJA BLANCA             1,425           1,426         1B         30                           A-24688
01BL    FRANJA BLANCA             1,724           1,725         1B         30                           A-24689
01BL    FRANJA BLANCA             1,536           1,537         1B         30                           A-24690
01BL    FRANJA BLANCA             1,609           1,610         1B         30                           A-24691
01BL    FRANJA BLANCA             1,521           1,522         1B         30                           A-24692
01BL    FRANJA BLANCA             1,286           1,287         1B         30                           A-24693
01BL    FRANJA BLANCA             1,514           1,515         1B         30                           A-24694
01BL    FRANJA BLANCA             1,281           1,282         1B         30                           A-24695
01BL    FRANJA BLANCA             1,345           1,346         1B         30                           A-24696
01BL    FRANJA BLANCA             1,451           1,452         1B         30                           A-24697
01BL    FRANJA BLANCA             1,473           1,474         1B         30                           A-24698
01BL    FRANJA BLANCA             1,394           1,395         1B         30                           A-24699
01BL    FRANJA BLANCA             1,541           1,542         1B         30                           A-24700
01BL    FRANJA BLANCA             1,257           1,258         1B         30                           A-24701
01BL    FRANJA BLANCA             1,377           1,378         1B         30                           A-24702
01BL    FRANJA BLANCA             1,422           1,423         1B         30                           A-24703
01BL    FRANJA BLANCA             1,389           1,390         1B         30                           A-24704
01BL    FRANJA BLANCA             1,410           1,411         1B         30                           A-24705
01BL    FRANJA BLANCA             1,375           1,376         1B         30                           A-24706
01BL    FRANJA BLANCA             1,453           1,454         1B         30                           A-24707
01BL    FRANJA BLANCA             1,439           1,440         1B         30                           A-24708
01BL    FRANJA BLANCA             1,568           1,569         1B         30                           A-24709
01BL    FRANJA BLANCA             1,385           1,386         1B         30                           A-24710
01BL    FRANJA BLANCA             1,515           1,516         1B         30                           A-24711
01BL    FRANJA BLANCA             1,668           1,669         1B         30                           A-24712
01BL    FRANJA BLANCA             1,643           1,644         1B         30                           A-24713
01BL    FRANJA BLANCA             1,717           1,718         1B         30                           A-24714
01BL    FRANJA BLANCA             1,552           1,553         1B         30                           A-24715
01BL    FRANJA BLANCA             1,513           1,514         1B         30                           A-24716
01BL    FRANJA BLANCA             1,397           1,398         1B         30                           A-24717
01BL    FRANJA BLANCA             1,545           1,546         1B         30                           A-24718
01BL    FRANJA BLANCA             1,468           1,469         1B         30                           A-24719









EMPRESA NACIONAL DE MINERIA (ENM) PRODUCTOR          PACKING LIST                             PAG.  :   4
NATIONAL MINING COMPANY                       CODIGO DE LOTE   : A-24585                      FECHA :31/01/2019
                                              -----------------------------
FLUJO        : 
DESCRIPCION  : RESTOS ANODOS TTE A EMBARQUE
N° INSTR. DE EMBARQUE : 57072
CLIENTE      : 
Lote Sipa    : 19010034

----------------------------------------------------------------------------------------------------------------------------- 
MARCA       DESCRIPCION         PESO NETO      PESO BRUTO     GRUPO     UNIDADES       UBICACION         SERIE                
-----------------------------------------------------------------------------------------------------------------------------

01BL    FRANJA BLANCA             1,343           1,344         1B         30                           A-24720
01BL    FRANJA BLANCA             1,309           1,310         1B         30                           A-24721
01BL    FRANJA BLANCA             1,529           1,530         1B         30                           A-24722
01BL    FRANJA BLANCA             1,362           1,363         1B         30                           A-24723
01BL    FRANJA BLANCA             1,370           1,371         1B         30                           A-24724
01BL    FRANJA BLANCA             1,508           1,509         1B         30                           A-24725
01BL    FRANJA BLANCA             1,214           1,215         1B         30                           A-24726
01BL    FRANJA BLANCA             1,304           1,305         1B         30                           A-24727
01BL    FRANJA BLANCA             1,508           1,509         1B         30                           A-24728
01BL    FRANJA BLANCA             1,493           1,494         1B         30                           A-24729
01BL    FRANJA BLANCA             1,543           1,544         1B         30                           A-24730
01BL    FRANJA BLANCA             1,490           1,491         1B         30                           A-24731
01BL    FRANJA BLANCA             1,559           1,560         1B         30                           A-24732
01BL    FRANJA BLANCA             1,415           1,416         1B         30                           A-24733
01BL    FRANJA BLANCA             1,778           1,779         1B         30                           A-24734
01BL    FRANJA BLANCA             1,455           1,456         1B         30                           A-24735
01BL    FRANJA BLANCA             1,447           1,448         1B         30                           A-24736
01BL    FRANJA BLANCA             1,520           1,521         1B         30                           A-24737
01BL    FRANJA BLANCA             1,435           1,436         1B         30                           A-24738
01BL    FRANJA BLANCA             1,372           1,373         1B         30                           A-24739
01BL    FRANJA BLANCA             1,551           1,552         1B         30                           A-24740
01BL    FRANJA BLANCA             1,437           1,438         1B         30                           A-24741
01BL    FRANJA BLANCA             1,496           1,497         1B         30                           A-24742
01BL    FRANJA BLANCA             1,427           1,428         1B         30                           A-24743
01BL    FRANJA BLANCA             1,427           1,428         1B         30                           A-24744
01BL    FRANJA BLANCA             1,420           1,421         1B         30                           A-24745
01BL    FRANJA BLANCA             1,575           1,576         1B         30                           A-24746
01BL    FRANJA BLANCA             1,473           1,474         1B         30                           A-24747
01BL    FRANJA BLANCA             1,302           1,303         1B         30                           A-24748
01BL    FRANJA BLANCA             1,315           1,316         1B         30                           A-24749
01BL    FRANJA BLANCA             1,792           1,793         1B         30                           A-24750


------------------------------------------------------------------------------------------------------------------------
T.SUB-LOTES              TOT.PAQUETES =166      TOT.UNID. = 4980   T/P NETO (kg) = 249,875      T/P BRUTO (kg) = 250,041
------------------------------------------------------------------------------------------------------------------------
