
EMPRESA NACIONAL DE MINERIA (ENM) PRODUCTOR          PACKING LIST                             PAG.  :   1
NATIONAL MINING COMPANY                       CODIGO DE LOTE   : G-13412                      FECHA :01/08/2019
                                              -----------------------------
FLUJO        : 
DESCRIPCION  : CATODOS GRADO A
N° INSTR. DE EMBARQUE : 25373
CLIENTE      : CHARLOTE MAERSK
Lote Sipa    : 

----------------------------------------------------------------------------------------------------------------------------- 
MARCA       DESCRIPCION         PESO NETO      PESO BRUTO     GRUPO     UNIDADES       UBICACION         SERIE                
-----------------------------------------------------------------------------------------------------------------------------

V0AM    V AMARILLA                2,262           2,263         09         20                           G-13412
V0AM    V AMARILLA                2,323           2,324         25         20                           G-13413
V0AM    V AMARILLA                2,263           2,264         25         20                           G-13414
V0AM    V AMARILLA                2,109           2,110         25         20                           G-13415
V0AM    V AMARILLA                2,185           2,186         25         20                           G-13416
V0AM    V AMARILLA                2,174           2,175         25         20                           G-13417
V0AM    V AMARILLA                2,252           2,253         25         20                           G-13418
V0AM    V AMARILLA                2,226           2,227         25         20                           G-13419
V0AM    V AMARILLA                2,340           2,341         25         20                           G-13420
V0AM    V AMARILLA                2,260           2,261         25         20                           G-13421
V0AM    V AMARILLA                2,311           2,312         25         20                           G-13422
V0AM    V AMARILLA                2,060           2,061         25         20                           G-13423
V0AM    V AMARILLA                2,252           2,253         25         20                           G-13424
V0AM    V AMARILLA                2,171           2,172         25         20                           G-13425
V0AM    V AMARILLA                2,246           2,247         25         20                           G-13426
V0AM    V AMARILLA                2,261           2,262         25         20                           G-13427
V0AM    V AMARILLA                2,189           2,190         25         20                           G-13428
V0AM    V AMARILLA                2,257           2,258         25         20                           G-13429
V0AM    V AMARILLA                2,247           2,248         25         20                           G-13430
V0AM    V AMARILLA                2,282           2,283         25         20                           G-13431
V0AM    V AMARILLA                2,254           2,255         25         20                           G-13432
V0AM    V AMARILLA                2,239           2,240         25         20                           G-13433
V0AM    V AMARILLA                2,261           2,262         25         20                           G-13434
V0AM    V AMARILLA                2,177           2,178         25         20                           G-13435
V0AM    V AMARILLA                2,343           2,344         34         20                           G-13436
V0AM    V AMARILLA                2,263           2,264         10         20                           G-13437
V0AM    V AMARILLA                2,341           2,342         10         20                           G-13438
V0AM    V AMARILLA                2,386           2,387         10         20                           G-13439
V0AM    V AMARILLA                2,346           2,347         10         20                           G-13440
V0AM    V AMARILLA                2,386           2,387         10         20                           G-13441
V0AM    V AMARILLA                2,343           2,344         10         20                           G-13442
V0AM    V AMARILLA                2,335           2,336         10         20                           G-13443
V0AM    V AMARILLA                2,357           2,358         10         20                           G-13444
V0AM    V AMARILLA                2,326           2,327         10         20                           G-13445
V0AM    V AMARILLA                2,347           2,348         10         20                           G-13446
V0AM    V AMARILLA                2,249           2,250         10         20                           G-13447
V0AM    V AMARILLA                2,259           2,260         10         20                           G-13448
V0AM    V AMARILLA                2,310           2,311         10         20                           G-13449
V0AM    V AMARILLA                2,251           2,252         10         20                           G-13450
V0AM    V AMARILLA                2,185           2,186         10         20                           G-13451
V0AM    V AMARILLA                2,383           2,384         10         20                           G-13452
V0AM    V AMARILLA                2,220           2,221         10         20                           G-13453
V0AM    V AMARILLA                2,235           2,236         10         20                           G-13454
V0AM    V AMARILLA                2,351           2,352         10         20                           G-13455
V0AM    V AMARILLA                2,079           2,080         10         20                           G-13456









EMPRESA NACIONAL DE MINERIA (ENM) PRODUCTOR          PACKING LIST                             PAG.  :   2
NATIONAL MINING COMPANY                       CODIGO DE LOTE   : G-13412                      FECHA :01/08/2019
                                              -----------------------------
FLUJO        : 
DESCRIPCION  : CATODOS GRADO A
N° INSTR. DE EMBARQUE : 25373
CLIENTE      : CHARLOTE MAERSK
Lote Sipa    : 

----------------------------------------------------------------------------------------------------------------------------- 
MARCA       DESCRIPCION         PESO NETO      PESO BRUTO     GRUPO     UNIDADES       UBICACION         SERIE                
-----------------------------------------------------------------------------------------------------------------------------

V0AM    V AMARILLA                1,954           1,955         10         20                           G-13457
V0AM    V AMARILLA                2,350           2,351         10         20                           G-13458
V0AM    V AMARILLA                2,270           2,271         10         20                           G-13459
V0AM    V AMARILLA                2,372           2,373         10         20                           G-13460
V0AM    V AMARILLA                2,096           2,097         10         20                           G-13461
V0AM    V AMARILLA                2,354           2,355         10         20                           G-13462
V0AM    V AMARILLA                2,211           2,212         10         20                           G-13463
V0AM    V AMARILLA                2,391           2,392         10         20                           G-13464
V0AM    V AMARILLA                2,352           2,353         10         20                           G-13465
V0AM    V AMARILLA                2,299           2,300         10         20                           G-13466
V0AM    V AMARILLA                2,374           2,375         10         20                           G-13467
V0AM    V AMARILLA                2,412           2,413         10         20                           G-13468
V0AM    V AMARILLA                2,303           2,304         10         20                           G-13469
V0AM    V AMARILLA                2,358           2,359         10         20                           G-13470
V0AM    V AMARILLA                2,304           2,305         10         20                           G-13471
V0AM    V AMARILLA                2,370           2,371         10         20                           G-13472
V0AM    V AMARILLA                2,482           2,483         10         20                           G-13473
V0AM    V AMARILLA                2,575           2,576         13         20                           G-13474
V0AM    V AMARILLA                2,139           2,140         10         20                           G-13475
V0AM    V AMARILLA                2,527           2,528         13         20                           G-13476
V0AM    V AMARILLA                2,550           2,551         13         20                           G-13477
V0AM    V AMARILLA                2,494           2,495         13         20                           G-13478
V0AM    V AMARILLA                2,515           2,516         13         20                           G-13479
V0AM    V AMARILLA                2,103           2,104         10         20                           G-13480
V0AM    V AMARILLA                2,473           2,474         13         20                           G-13481
V0AM    V AMARILLA                2,474           2,475         13         20                           G-13482
V0AM    V AMARILLA                2,494           2,495         13         20                           G-13483
V0AM    V AMARILLA                2,511           2,512         13         20                           G-13484
V0AM    V AMARILLA                2,438           2,439         13         20                           G-13485
V0AM    V AMARILLA                2,421           2,422         13         20                           G-13486
V0AM    V AMARILLA                2,538           2,539         13         20                           G-13487
V0AM    V AMARILLA                2,100           2,101         10         20                           G-13488
V0AM    V AMARILLA                2,480           2,481         13         20                           G-13489
V0AM    V AMARILLA                2,524           2,525         13         20                           G-13490
V0AM    V AMARILLA                2,509           2,510         13         20                           G-13491
V0AM    V AMARILLA                2,247           2,248         10         20                           G-13492
V0AM    V AMARILLA                2,562           2,563         10         20                           G-13493
V0AM    V AMARILLA                2,486           2,487         10         20                           G-13494
V0AM    V AMARILLA                2,392           2,393         10         20                           G-13495
V0AM    V AMARILLA                2,371           2,372         47         20                           G-13496
V0AM    V AMARILLA                2,378           2,379         47         20                           G-13497
V0AM    V AMARILLA                2,136           2,137         10         20                           G-13498
V0AM    V AMARILLA                2,213           2,214         10         20                           G-13499
V0AM    V AMARILLA                2,337           2,338         10         20                           G-13500
V0AM    V AMARILLA                2,321           2,322         10         20                           G-13501









EMPRESA NACIONAL DE MINERIA (ENM) PRODUCTOR          PACKING LIST                             PAG.  :   3
NATIONAL MINING COMPANY                       CODIGO DE LOTE   : G-13412                      FECHA :01/08/2019
                                              -----------------------------
FLUJO        : 
DESCRIPCION  : CATODOS GRADO A
N° INSTR. DE EMBARQUE : 25373
CLIENTE      : CHARLOTE MAERSK
Lote Sipa    : 

----------------------------------------------------------------------------------------------------------------------------- 
MARCA       DESCRIPCION         PESO NETO      PESO BRUTO     GRUPO     UNIDADES       UBICACION         SERIE                
-----------------------------------------------------------------------------------------------------------------------------

V0AM    V AMARILLA                2,398           2,399         10         20                           G-13502
V0AM    V AMARILLA                2,325           2,326         10         20                           G-13503
V0AM    V AMARILLA                2,217           2,218         10         20                           G-13504
V0AM    V AMARILLA                2,283           2,284         13         20                           G-13505
V0AM    V AMARILLA                2,146           2,147         47         20                           G-13506
V0AM    V AMARILLA                2,343           2,344         47         20                           G-13507
V0AM    V AMARILLA                2,240           2,241         10         20                           G-13508
V0AM    V AMARILLA                2,356           2,357         10         20                           G-13509
V0AM    V AMARILLA                2,054           2,055         47         20                           G-13510
V0AM    V AMARILLA                2,285           2,286         10         20                           G-13511
V0AM    V AMARILLA                2,366           2,367         10         20                           G-13512
V0AM    V AMARILLA                2,323           2,324         10         20                           G-13513
V0AM    V AMARILLA                2,352           2,353         10         20                           G-13514
V0AM    V AMARILLA                1,987           1,988         10         20                           G-13515
V0AM    V AMARILLA                2,203           2,204         47         20                           G-13516
V0AM    V AMARILLA                2,323           2,324         47         20                           G-13517
V0AM    V AMARILLA                2,409           2,410         47         20                           G-13518
V0AM    V AMARILLA                2,099           2,100         10         20                           G-13519
V0AM    V AMARILLA                2,373           2,374         10         20                           G-13520
V0AM    V AMARILLA                2,291           2,292         10         20                           G-13521
V0AM    V AMARILLA                2,183           2,184         10         20                           G-13522
V0AM    V AMARILLA                2,314           2,315         10         20                           G-13523
V0AM    V AMARILLA                2,277           2,278         47         20                           G-13524
V0AM    V AMARILLA                2,309           2,310         10         20                           G-13525
V0AM    V AMARILLA                1,968           1,969         10         20                           G-13526
V0AM    V AMARILLA                2,391           2,392         10         20                           G-13527
V0AM    V AMARILLA                2,470           2,471         10         20                           G-13528
V0AM    V AMARILLA                2,162           2,163         47         20                           G-13529
V0AM    V AMARILLA                2,284           2,285         10         20                           G-13530
V0AM    V AMARILLA                2,342           2,343         10         20                           G-13531
V0AM    V AMARILLA                2,333           2,334         10         20                           G-13532
V0AM    V AMARILLA                2,097           2,098         47         20                           G-13533
V0AM    V AMARILLA                2,317           2,318         10         20                           G-13534
V0AM    V AMARILLA                2,249           2,250         10         20                           G-13535
V0AM    V AMARILLA                2,328           2,329         47         20                           G-13536
V0AM    V AMARILLA                2,386           2,387         10         20                           G-13537
V0AM    V AMARILLA                2,305           2,306         47         20                           G-13538
V0AM    V AMARILLA                2,368           2,369         10         20                           G-13539
V0AM    V AMARILLA                2,572           2,573         12         20                           G-13540
V0AM    V AMARILLA                2,513           2,514         12         20                           G-13541


------------------------------------------------------------------------------------------------------------------------
T.SUB-LOTES              TOT.PAQUETES =130      TOT.UNID. = 2600   T/P NETO (kg) = 299,997      T/P BRUTO (kg) = 300,127
------------------------------------------------------------------------------------------------------------------------
