
EMPRESA NACIONAL DE MINERIA (ENM) PRODUCTOR          PACKING LIST                             PAG.  :   1
NATIONAL MINING COMPANY                       CODIGO DE LOTE   : I-3324                      FECHA :26/09/2023
                                              -----------------------------
FLUJO        : 
DESCRIPCION  : CATODOS EW MATTA
N° INSTR. DE EMBARQUE : 931474
CLIENTE      : 
Lote Sipa    : 23090397

----------------------------------------------------------------------------------------------------------------------------- 
MARCA       DESCRIPCION         PESO NETO      PESO BRUTO     GRUPO     UNIDADES       UBICACION         SERIE                
-----------------------------------------------------------------------------------------------------------------------------

08VE    OCHO FRANJAS VERDE        2,047           2,048                    58                           I-3324 
08VE    OCHO FRANJAS VERDE        2,014           2,015                    55                           I-3325 
08VE    OCHO FRANJAS VERDE        2,032           2,033                    52                           I-3326 
08VE    OCHO FRANJAS VERDE        2,029           2,030                    58                           I-3327 
08VE    OCHO FRANJAS VERDE        2,039           2,040                    63                           I-3328 
08VE    OCHO FRANJAS VERDE        2,017           2,018                    63                           I-3329 
08VE    OCHO FRANJAS VERDE        2,031           2,032                    63                           I-3330 
08VE    OCHO FRANJAS VERDE        2,015           2,016                    62                           I-3331 
08VE    OCHO FRANJAS VERDE        2,006           2,007                    59                           I-3332 
08VE    OCHO FRANJAS VERDE        2,003           2,004                    48                           I-3333 
08VE    OCHO FRANJAS VERDE        2,022           2,023                    63                           I-3334 
08VE    OCHO FRANJAS VERDE        2,013           2,014                    57                           I-3335 
08VE    OCHO FRANJAS VERDE        2,034           2,035                    64                           I-3336 


------------------------------------------------------------------------------------------------------------------------
T.SUB-LOTES              TOT.PAQUETES =13      TOT.UNID. = 765   T/P NETO (kg) = 26,302      T/P BRUTO (kg) = 26,315
------------------------------------------------------------------------------------------------------------------------
