
EMPRESA NACIONAL DE MINERIA (ENM) PRODUCTOR          PACKING LIST                             PAG.  :   1
NATIONAL MINING COMPANY                       CODIGO DE LOTE   : D-2851                      FECHA :29/04/2022
                                              -----------------------------
FLUJO        : 
DESCRIPCION  : CATODOS EW CERRO NEGRO
N° INSTR. DE EMBARQUE : 929384
CLIENTE      : 
Lote Sipa    : 22040520

----------------------------------------------------------------------------------------------------------------------------- 
MARCA       DESCRIPCION         PESO NETO      PESO BRUTO     GRUPO     UNIDADES       UBICACION         SERIE                
-----------------------------------------------------------------------------------------------------------------------------

06NE    SEIS FRANJAS NEGRAS       2,002           2,003                    34                           D-2851 
06NE    SEIS FRANJAS NEGRAS       2,069           2,070                    35                           D-2852 
06NE    SEIS FRANJAS NEGRAS       2,027           2,028                    34                           D-2853 
06NE    SEIS FRANJAS NEGRAS       1,954           1,955                    33                           D-2854 
06NE    SEIS FRANJAS NEGRAS       1,964           1,965                    32                           D-2855 
06NE    SEIS FRANJAS NEGRAS       2,019           2,020                    35                           D-2856 
06NE    SEIS FRANJAS NEGRAS       2,073           2,074                    36                           D-2857 
06NE    SEIS FRANJAS NEGRAS       1,987           1,988                    33                           D-2858 
06NE    SEIS FRANJAS NEGRAS       2,068           2,069                    33                           D-2859 
06NE    SEIS FRANJAS NEGRAS       1,999           2,000                    33                           D-2860 
06NE    SEIS FRANJAS NEGRAS       2,041           2,042                    34                           D-2861 
06NE    SEIS FRANJAS NEGRAS       2,025           2,026                    33                           D-2862 
06NE    SEIS FRANJAS NEGRAS       2,015           2,016                    36                           D-2863 
06NE    SEIS FRANJAS NEGRAS       1,969           1,970                    36                           D-2864 
06NE    SEIS FRANJAS NEGRAS       2,038           2,039                    34                           D-2865 


------------------------------------------------------------------------------------------------------------------------
T.SUB-LOTES              TOT.PAQUETES =15      TOT.UNID. = 511   T/P NETO (kg) = 30,250      T/P BRUTO (kg) = 30,265
------------------------------------------------------------------------------------------------------------------------
