
EMPRESA NACIONAL DE MINERIA (ENM) PRODUCTOR          PACKING LIST                             PAG.  :   1
NATIONAL MINING COMPANY                       CODIGO DE LOTE   : E-14248                      FECHA :07/06/2018
                                              -----------------------------
FLUJO        : 
DESCRIPCION  : CATODOS GRADO A
N° INSTR. DE EMBARQUE : 24527
CLIENTE      : NORDIC MACAU
Lote Sipa    : 18050380

----------------------------------------------------------------------------------------------------------------------------- 
MARCA       DESCRIPCION         PESO NETO      PESO BRUTO     GRUPO     UNIDADES       UBICACION         SERIE                
-----------------------------------------------------------------------------------------------------------------------------

X0AM    EQUIS AMARILLA            2,479           2,480         34         20                           E-14248
X0AM    EQUIS AMARILLA            2,465           2,466         34         20                           E-14249
X0AM    EQUIS AMARILLA            2,502           2,503         34         20                           E-14250
X0AM    EQUIS AMARILLA            2,400           2,401         32         20                           E-14251
X0AM    EQUIS AMARILLA            2,465           2,466         11         20                           E-14252
X0AM    EQUIS AMARILLA            2,448           2,449         34         20                           E-14253
X0AM    EQUIS AMARILLA            2,528           2,529         11         20                           E-14254
X0AM    EQUIS AMARILLA            2,274           2,275         11         20                           E-14255
X0AM    EQUIS AMARILLA            2,401           2,402         11         20                           E-14256
X0AM    EQUIS AMARILLA            2,462           2,463         32         20                           E-14257
X0AM    EQUIS AMARILLA            2,374           2,375         11         20                           E-14258
X0AM    EQUIS AMARILLA            2,432           2,433         11         20                           E-14259
X0AM    EQUIS AMARILLA            2,418           2,419         11         20                           E-14260
X0AM    EQUIS AMARILLA            2,336           2,337         11         20                           E-14261
X0AM    EQUIS AMARILLA            2,035           2,036         32         20                           E-14262
X0AM    EQUIS AMARILLA            2,401           2,402         11         20                           E-14263
X0AM    EQUIS AMARILLA            2,401           2,402         11         20                           E-14264
X0AM    EQUIS AMARILLA            2,384           2,385         11         20                           E-14265
X0AM    EQUIS AMARILLA            2,332           2,333         11         20                           E-14266
X0AM    EQUIS AMARILLA            2,163           2,164         32         20                           E-14267
X0AM    EQUIS AMARILLA            2,351           2,352         11         20                           E-14268
X0AM    EQUIS AMARILLA            2,319           2,320         32         20                           E-14269
X0AM    EQUIS AMARILLA            2,369           2,370         11         20                           E-14270
X0AM    EQUIS AMARILLA            2,435           2,436         11         20                           E-14271
X0AM    EQUIS AMARILLA            2,373           2,374         11         20                           E-14272
X0AM    EQUIS AMARILLA            2,383           2,384         32         20                           E-14273
X0AM    EQUIS AMARILLA            2,390           2,391         11         20                           E-14274
X0AM    EQUIS AMARILLA            2,378           2,379         11         20                           E-14275
X0AM    EQUIS AMARILLA            2,385           2,386         32         20                           E-14276
X0AM    EQUIS AMARILLA            2,437           2,438         11         20                           E-14277
X0AM    EQUIS AMARILLA            2,302           2,303         32         20                           E-14278
X0AM    EQUIS AMARILLA            2,336           2,337         11         20                           E-14279
X0AM    EQUIS AMARILLA            2,287           2,288         32         20                           E-14280
X0AM    EQUIS AMARILLA            2,407           2,408         11         20                           E-14281
X0AM    EQUIS AMARILLA            2,338           2,339         32         20                           E-14282
X0AM    EQUIS AMARILLA            2,332           2,333         11         20                           E-14283
X0AM    EQUIS AMARILLA            2,358           2,359         11         20                           E-14284
X0AM    EQUIS AMARILLA            2,155           2,156         42         20                           E-14285
X0AM    EQUIS AMARILLA            2,360           2,361         11         20                           E-14286
X0AM    EQUIS AMARILLA            2,402           2,403         42         20                           E-14287
X0AM    EQUIS AMARILLA            2,236           2,237         42         20                           E-14288
X0AM    EQUIS AMARILLA            2,468           2,469         11         20                           E-14289
X0AM    EQUIS AMARILLA            2,346           2,347         11         20                           E-14290
X0AM    EQUIS AMARILLA            2,353           2,354         42         20                           E-14291
X0AM    EQUIS AMARILLA            2,257           2,258         11         20                           E-14292









EMPRESA NACIONAL DE MINERIA (ENM) PRODUCTOR          PACKING LIST                             PAG.  :   2
NATIONAL MINING COMPANY                       CODIGO DE LOTE   : E-14248                      FECHA :07/06/2018
                                              -----------------------------
FLUJO        : 
DESCRIPCION  : CATODOS GRADO A
N° INSTR. DE EMBARQUE : 24527
CLIENTE      : NORDIC MACAU
Lote Sipa    : 18050380

----------------------------------------------------------------------------------------------------------------------------- 
MARCA       DESCRIPCION         PESO NETO      PESO BRUTO     GRUPO     UNIDADES       UBICACION         SERIE                
-----------------------------------------------------------------------------------------------------------------------------

X0AM    EQUIS AMARILLA            2,369           2,370         11         20                           E-14293
X0AM    EQUIS AMARILLA            2,434           2,435         11         20                           E-14294
X0AM    EQUIS AMARILLA            2,078           2,079         42         20                           E-14295
X0AM    EQUIS AMARILLA            2,479           2,480         11         20                           E-14296
X0AM    EQUIS AMARILLA            1,951           1,952         11         20                           E-14297
X0AM    EQUIS AMARILLA            2,362           2,363         11         20                           E-14298
X0AM    EQUIS AMARILLA            2,368           2,369         11         20                           E-14299
X0AM    EQUIS AMARILLA            2,257           2,258         42         20                           E-14300
X0AM    EQUIS AMARILLA            2,187           2,188         42         20                           E-14301
X0AM    EQUIS AMARILLA            2,217           2,218         42         20                           E-14302
X0AM    EQUIS AMARILLA            2,403           2,404         11         20                           E-14303
X0AM    EQUIS AMARILLA            2,398           2,399         11         20                           E-14304
X0AM    EQUIS AMARILLA            2,210           2,211         42         20                           E-14305
X0AM    EQUIS AMARILLA            2,403           2,404         11         20                           E-14306
X0AM    EQUIS AMARILLA            2,408           2,409         11         20                           E-14307
X0AM    EQUIS AMARILLA            2,009           2,010         42         20                           E-14308
X0AM    EQUIS AMARILLA            2,398           2,399         11         20                           E-14309
X0AM    EQUIS AMARILLA            2,263           2,264         42         20                           E-14310
X0AM    EQUIS AMARILLA            2,381           2,382         11         20                           E-14311
X0AM    EQUIS AMARILLA            2,346           2,347         11         20                           E-14312
X0AM    EQUIS AMARILLA            2,343           2,344         42         20                           E-14313
X0AM    EQUIS AMARILLA            2,174           2,175         42         20                           E-14314
X0AM    EQUIS AMARILLA            2,371           2,372         11         20                           E-14315
X0AM    EQUIS AMARILLA            2,349           2,350         11         20                           E-14316
X0AM    EQUIS AMARILLA            2,483           2,484         11         20                           E-14317
X0AM    EQUIS AMARILLA            2,394           2,395         11         20                           E-14318
X0AM    EQUIS AMARILLA            2,445           2,446         11         20                           E-14319
X0AM    EQUIS AMARILLA            2,168           2,169         11         20                           E-14320
X0AM    EQUIS AMARILLA            2,265           2,266         11         20                           E-14321
X0AM    EQUIS AMARILLA            2,316           2,317         11         20                           E-14322
X0AM    EQUIS AMARILLA            2,109           2,110         42         20                           E-14323
X0AM    EQUIS AMARILLA            2,285           2,286         42         20                           E-14324
X0AM    EQUIS AMARILLA            2,225           2,226         42         20                           E-14325
X0AM    EQUIS AMARILLA            2,256           2,257         11         20                           E-14326
X0AM    EQUIS AMARILLA            2,144           2,145         42         20                           E-14327
X0AM    EQUIS AMARILLA            2,233           2,234         42         20                           E-14328
X0AM    EQUIS AMARILLA            2,291           2,292         42         20                           E-14329
X0AM    EQUIS AMARILLA            2,195           2,196         42         20                           E-14330
X0AM    EQUIS AMARILLA            2,054           2,055         42         20                           E-14331
X0AM    EQUIS AMARILLA            2,145           2,146         42         20                           E-14332
X0AM    EQUIS AMARILLA            2,310           2,311         11         20                           E-14333


------------------------------------------------------------------------------------------------------------------------
T.SUB-LOTES              TOT.PAQUETES =86      TOT.UNID. = 1720   T/P NETO (kg) = 199,933      T/P BRUTO (kg) = 200,019
------------------------------------------------------------------------------------------------------------------------
