
EMPRESA NACIONAL DE MINERIA (ENM) PRODUCTOR          PACKING LIST                             PAG.  :   1
NATIONAL MINING COMPANY                       CODIGO DE LOTE   : J-7384                      FECHA :10/10/2018
                                              -----------------------------
FLUJO        : 
DESCRIPCION  : CATODOS GRADO A
N° INSTR. DE EMBARQUE : 24747
CLIENTE      : MAERSK STEPNICA
Lote Sipa    : 18100300

----------------------------------------------------------------------------------------------------------------------------- 
MARCA       DESCRIPCION         PESO NETO      PESO BRUTO     GRUPO     UNIDADES       UBICACION         SERIE                
-----------------------------------------------------------------------------------------------------------------------------

01BL    FRANJA BLANCA             2,379           2,380         47         20                           J-7384 
01BL    FRANJA BLANCA             2,266           2,267         39         20                           J-7385 
01BL    FRANJA BLANCA             2,375           2,376         47         20                           J-7386 
01BL    FRANJA BLANCA             2,387           2,388         47         20                           J-7387 
01BL    FRANJA BLANCA             2,007           2,008         39         20                           J-7388 
01BL    FRANJA BLANCA             2,397           2,398         39         20                           J-7389 
01BL    FRANJA BLANCA             2,507           2,508         14         20                           J-7390 
01BL    FRANJA BLANCA             2,494           2,495         03         20                           J-7391 
01BL    FRANJA BLANCA             2,531           2,532         14         20                           J-7392 
01BL    FRANJA BLANCA             2,480           2,481         14         20                           J-7393 
01BL    FRANJA BLANCA             2,512           2,513         14         20                           J-7394 
01BL    FRANJA BLANCA             2,516           2,517         14         20                           J-7395 
01BL    FRANJA BLANCA             2,474           2,475         14         20                           J-7396 
01BL    FRANJA BLANCA             2,373           2,374         03         20                           J-7397 
01BL    FRANJA BLANCA             2,530           2,531         14         20                           J-7398 
01BL    FRANJA BLANCA             2,497           2,498         14         20                           J-7399 
01BL    FRANJA BLANCA             2,354           2,355         03         20                           J-7400 
01BL    FRANJA BLANCA             2,439           2,440         03         20                           J-7401 
01BL    FRANJA BLANCA             2,490           2,491         14         20                           J-7402 
01BL    FRANJA BLANCA             2,361           2,362         39         20                           J-7403 
01BL    FRANJA BLANCA             2,407           2,408         03         20                           J-7404 
01BL    FRANJA BLANCA             2,519           2,520         14         20                           J-7405 
01BL    FRANJA BLANCA             2,354           2,355         03         20                           J-7406 
01BL    FRANJA BLANCA             2,472           2,473         14         20                           J-7407 
01BL    FRANJA BLANCA             2,284           2,285         03         20                           J-7408 
01BL    FRANJA BLANCA             2,505           2,506         14         20                           J-7409 
01BL    FRANJA BLANCA             2,451           2,452         03         20                           J-7410 
01BL    FRANJA BLANCA             2,379           2,380         14         20                           J-7411 
01BL    FRANJA BLANCA             2,533           2,534         14         20                           J-7412 
01BL    FRANJA BLANCA             2,458           2,459         14         20                           J-7413 
01BL    FRANJA BLANCA             2,429           2,430         14         20                           J-7414 
01BL    FRANJA BLANCA             2,377           2,378         39         20                           J-7415 
01BL    FRANJA BLANCA             2,483           2,484         39         20                           J-7416 
01BL    FRANJA BLANCA             2,403           2,404         14         20                           J-7417 
01BL    FRANJA BLANCA             2,275           2,276         03         20                           J-7418 
01BL    FRANJA BLANCA             2,404           2,405         39         20                           J-7419 
01BL    FRANJA BLANCA             2,414           2,415         03         20                           J-7420 
01BL    FRANJA BLANCA             2,444           2,445         14         20                           J-7421 
01BL    FRANJA BLANCA             2,281           2,282         03         20                           J-7422 
01BL    FRANJA BLANCA             2,455           2,456         14         20                           J-7423 
01BL    FRANJA BLANCA             2,483           2,484         14         20                           J-7424 
01BL    FRANJA BLANCA             2,514           2,515         14         20                           J-7425 
01BL    FRANJA BLANCA             2,392           2,393         14         20                           J-7426 
01BL    FRANJA BLANCA             2,341           2,342         03         20                           J-7427 
01BL    FRANJA BLANCA             2,437           2,438         14         20                           J-7428 









EMPRESA NACIONAL DE MINERIA (ENM) PRODUCTOR          PACKING LIST                             PAG.  :   2
NATIONAL MINING COMPANY                       CODIGO DE LOTE   : J-7384                      FECHA :10/10/2018
                                              -----------------------------
FLUJO        : 
DESCRIPCION  : CATODOS GRADO A
N° INSTR. DE EMBARQUE : 24747
CLIENTE      : MAERSK STEPNICA
Lote Sipa    : 18100300

----------------------------------------------------------------------------------------------------------------------------- 
MARCA       DESCRIPCION         PESO NETO      PESO BRUTO     GRUPO     UNIDADES       UBICACION         SERIE                
-----------------------------------------------------------------------------------------------------------------------------

01BL    FRANJA BLANCA             2,333           2,334         03         20                           J-7429 
01BL    FRANJA BLANCA             2,326           2,327         28         20                           J-7430 
01BL    FRANJA BLANCA             2,448           2,449         14         20                           J-7431 
01BL    FRANJA BLANCA             2,123           2,124         28         20                           J-7432 
01BL    FRANJA BLANCA             2,449           2,450         14         20                           J-7433 
01BL    FRANJA BLANCA             2,330           2,331         28         20                           J-7434 
01BL    FRANJA BLANCA             2,508           2,509         14         20                           J-7435 
01BL    FRANJA BLANCA             2,234           2,235         28         20                           J-7436 
01BL    FRANJA BLANCA             2,442           2,443         14         20                           J-7437 
01BL    FRANJA BLANCA             2,462           2,463         14         20                           J-7438 
01BL    FRANJA BLANCA             2,376           2,377         28         20                           J-7439 
01BL    FRANJA BLANCA             2,135           2,136         28         20                           J-7440 
01BL    FRANJA BLANCA             2,468           2,469         14         20                           J-7441 
01BL    FRANJA BLANCA             2,296           2,297         28         20                           J-7442 
01BL    FRANJA BLANCA             2,332           2,333         28         20                           J-7443 
01BL    FRANJA BLANCA             2,264           2,265         28         20                           J-7444 
01BL    FRANJA BLANCA             2,223           2,224         28         20                           J-7445 
01BL    FRANJA BLANCA             2,279           2,280         28         20                           J-7446 
01BL    FRANJA BLANCA             2,285           2,286         28         20                           J-7447 
01BL    FRANJA BLANCA             2,367           2,368         28         20                           J-7448 
01BL    FRANJA BLANCA             2,346           2,347         03         20                           J-7449 
01BL    FRANJA BLANCA             2,251           2,252         03         20                           J-7450 
01BL    FRANJA BLANCA             2,448           2,449         28         20                           J-7451 
01BL    FRANJA BLANCA             2,261           2,262         28         20                           J-7452 
01BL    FRANJA BLANCA             2,362           2,363         28         20                           J-7453 
01BL    FRANJA BLANCA             2,337           2,338         28         20                           J-7454 
01BL    FRANJA BLANCA             2,276           2,277         28         20                           J-7455 
01BL    FRANJA BLANCA             2,215           2,216         28         20                           J-7456 
01BL    FRANJA BLANCA             2,282           2,283         28         20                           J-7457 
01BL    FRANJA BLANCA             2,192           2,193         28         20                           J-7458 
01BL    FRANJA BLANCA             2,214           2,215         28         20                           J-7459 
01BL    FRANJA BLANCA             2,172           2,173         28         20                           J-7460 
01BL    FRANJA BLANCA             2,439           2,440         28         20                           J-7461 
01BL    FRANJA BLANCA             2,316           2,317         28         20                           J-7462 
01BL    FRANJA BLANCA             2,250           2,251         28         20                           J-7463 
01BL    FRANJA BLANCA             2,219           2,220         28         20                           J-7464 
01BL    FRANJA BLANCA             2,329           2,330         28         20                           J-7465 
01BL    FRANJA BLANCA             2,443           2,444         28         20                           J-7466 
01BL    FRANJA BLANCA             2,429           2,430         28         20                           J-7467 
01BL    FRANJA BLANCA             2,428           2,429         47         20                           J-7468 
01BL    FRANJA BLANCA             2,366           2,367         28         20                           J-7469 
01BL    FRANJA BLANCA             2,441           2,442         28         20                           J-7470 
01BL    FRANJA BLANCA             2,402           2,403         28         20                           J-7471 
01BL    FRANJA BLANCA             2,454           2,455         28         20                           J-7472 
01BL    FRANJA BLANCA             2,457           2,458         28         20                           J-7473 









EMPRESA NACIONAL DE MINERIA (ENM) PRODUCTOR          PACKING LIST                             PAG.  :   3
NATIONAL MINING COMPANY                       CODIGO DE LOTE   : J-7384                      FECHA :10/10/2018
                                              -----------------------------
FLUJO        : 
DESCRIPCION  : CATODOS GRADO A
N° INSTR. DE EMBARQUE : 24747
CLIENTE      : MAERSK STEPNICA
Lote Sipa    : 18100300

----------------------------------------------------------------------------------------------------------------------------- 
MARCA       DESCRIPCION         PESO NETO      PESO BRUTO     GRUPO     UNIDADES       UBICACION         SERIE                
-----------------------------------------------------------------------------------------------------------------------------

01BL    FRANJA BLANCA             2,393           2,394         28         20                           J-7474 
01BL    FRANJA BLANCA             2,434           2,435         28         20                           J-7475 
01BL    FRANJA BLANCA             2,479           2,480         28         20                           J-7476 
01BL    FRANJA BLANCA             2,405           2,406         28         20                           J-7477 
01BL    FRANJA BLANCA             2,430           2,431         28         20                           J-7478 
01BL    FRANJA BLANCA             2,272           2,273         28         20                           J-7479 
01BL    FRANJA BLANCA             2,409           2,410         28         20                           J-7480 
01BL    FRANJA BLANCA             2,319           2,320         28         20                           J-7481 
01BL    FRANJA BLANCA             2,150           2,151         28         20                           J-7482 
01BL    FRANJA BLANCA             2,400           2,401         28         20                           J-7483 
01BL    FRANJA BLANCA             2,503           2,504         28         20                           J-7484 
01BL    FRANJA BLANCA             2,398           2,399         28         20                           J-7485 
01BL    FRANJA BLANCA             2,497           2,498         39         20                           J-7486 
01BL    FRANJA BLANCA             2,431           2,432         03         20                           J-7487 
01BL    FRANJA BLANCA             2,500           2,501         03         20                           J-7488 
01BL    FRANJA BLANCA             2,432           2,433         39         20                           J-7489 
01BL    FRANJA BLANCA             2,438           2,439         39         20                           J-7490 
01BL    FRANJA BLANCA             2,464           2,465         39         20                           J-7491 
01BL    FRANJA BLANCA             2,451           2,452         39         20                           J-7492 
01BL    FRANJA BLANCA             2,447           2,448         39         20                           J-7493 
01BL    FRANJA BLANCA             2,451           2,452         39         20                           J-7494 
01BL    FRANJA BLANCA             2,430           2,431         39         20                           J-7495 
01BL    FRANJA BLANCA             2,431           2,432         39         20                           J-7496 
01BL    FRANJA BLANCA             2,524           2,525         14         20                           J-7497 
01BL    FRANJA BLANCA             2,398           2,399         39         20                           J-7498 
01BL    FRANJA BLANCA             2,250           2,251         03         20                           J-7499 
01BL    FRANJA BLANCA             2,315           2,316         03         20                           J-7500 
01BL    FRANJA BLANCA             2,369           2,370         14         20                           J-7501 
01BL    FRANJA BLANCA             2,253           2,254         03         20                           J-7502 
01BL    FRANJA BLANCA             2,341           2,342         03         20                           J-7503 
01BL    FRANJA BLANCA             2,331           2,332         14         20                           J-7504 
01BL    FRANJA BLANCA             2,365           2,366         14         20                           J-7505 
01BL    FRANJA BLANCA             2,314           2,315         03         20                           J-7506 
01BL    FRANJA BLANCA             2,352           2,353         47         20                           J-7507 
01BL    FRANJA BLANCA             2,176           2,177         14         20                           J-7508 
01BL    FRANJA BLANCA             2,495           2,496         14         20                           J-7509 


------------------------------------------------------------------------------------------------------------------------
T.SUB-LOTES              TOT.PAQUETES =126      TOT.UNID. = 2520   T/P NETO (kg) = 299,919      T/P BRUTO (kg) = 300,045
------------------------------------------------------------------------------------------------------------------------
