
EMPRESA NACIONAL DE MINERIA (ENM) PRODUCTOR          PACKING LIST                             PAG.  :   1
NATIONAL MINING COMPANY                       CODIGO DE LOTE   : J-7246                      FECHA :07/11/2018
                                              -----------------------------
FLUJO        : 
DESCRIPCION  : CATODOS GRADO A
N° INSTR. DE EMBARQUE : 24830
CLIENTE      : NORDIC BEIJING
Lote Sipa    : 

----------------------------------------------------------------------------------------------------------------------------- 
MARCA       DESCRIPCION         PESO NETO      PESO BRUTO     GRUPO     UNIDADES       UBICACION         SERIE                
-----------------------------------------------------------------------------------------------------------------------------

X0CE    EQUIS CELESTE             2,401           2,402         40         20                           J-7246 
X0CE    EQUIS CELESTE             2,504           2,505         40         20                           J-7247 
X0CE    EQUIS CELESTE             2,439           2,440         40         20                           J-7248 
X0CE    EQUIS CELESTE             2,501           2,502         40         20                           J-7249 
X0CE    EQUIS CELESTE             2,412           2,413         40         20                           J-7250 
X0CE    EQUIS CELESTE             2,419           2,420         40         20                           J-7251 
X0CE    EQUIS CELESTE             2,470           2,471         40         20                           J-7252 
X0CE    EQUIS CELESTE             2,506           2,507         40         20                           J-7253 
X0CE    EQUIS CELESTE             2,496           2,497         40         20                           J-7254 
X0CE    EQUIS CELESTE             2,463           2,464         40         20                           J-7255 
X0CE    EQUIS CELESTE             2,441           2,442         40         20                           J-7256 
X0CE    EQUIS CELESTE             2,494           2,495         40         20                           J-7257 
X0CE    EQUIS CELESTE             2,244           2,245         40         20                           J-7258 
X0CE    EQUIS CELESTE             2,211           2,212         40         20                           J-7259 
X0CE    EQUIS CELESTE             2,179           2,180         40         20                           J-7260 
X0CE    EQUIS CELESTE             2,325           2,326         40         20                           J-7261 
X0CE    EQUIS CELESTE             2,228           2,229         40         20                           J-7262 
X0CE    EQUIS CELESTE             2,301           2,302         40         20                           J-7263 
X0CE    EQUIS CELESTE             2,304           2,305         40         20                           J-7264 
X0CE    EQUIS CELESTE             2,315           2,316         40         20                           J-7265 
X0CE    EQUIS CELESTE             2,327           2,328         40         20                           J-7266 


------------------------------------------------------------------------------------------------------------------------
T.SUB-LOTES              TOT.PAQUETES =21      TOT.UNID. = 420   T/P NETO (kg) = 49,980      T/P BRUTO (kg) = 50,001
------------------------------------------------------------------------------------------------------------------------
