
EMPRESA NACIONAL DE MINERIA (ENM) PRODUCTOR          PACKING LIST                             PAG.  :   1
NATIONAL MINING COMPANY                       CODIGO DE LOTE   : B-40004                      FECHA :08/03/2018
                                              -----------------------------
FLUJO        : 
DESCRIPCION  : CATODOS EW  OFF GRADE
N° INSTR. DE EMBARQUE : 55160
CLIENTE      : 
Lote Sipa    : 18020871

----------------------------------------------------------------------------------------------------------------------------- 
MARCA       DESCRIPCION         PESO NETO      PESO BRUTO     GRUPO     UNIDADES       UBICACION         SERIE                
-----------------------------------------------------------------------------------------------------------------------------

01CE    FRANJA CELESTE            2,590           2,591         49         32                           B-40004
01CE    FRANJA CELESTE            2,308           2,309         49         39                           B-40005
01CE    FRANJA CELESTE            2,003           2,004         49         40                           B-40006
01CE    FRANJA CELESTE            2,245           2,246         49         35                           B-40007
01CE    FRANJA CELESTE            2,101           2,102         49         36                           B-40008
01CE    FRANJA CELESTE            2,014           2,015         49         55                           B-40009
01CE    FRANJA CELESTE            2,230           2,231         49         48                           B-40010
01CE    FRANJA CELESTE            2,489           2,490         49         49                           B-40011
01CE    FRANJA CELESTE            2,410           2,411         49         39                           B-40012
01CE    FRANJA CELESTE            2,500           2,501         49         43                           B-40013
01CE    FRANJA CELESTE            2,198           2,199         49         33                           B-40014
01CE    FRANJA CELESTE            2,189           2,190         49         35                           B-40015
01CE    FRANJA CELESTE            1,943           1,944         49         29                           B-40016
01CE    FRANJA CELESTE            1,998           1,999         49         34                           B-40017
01CE    FRANJA CELESTE            2,109           2,110         49         35                           B-40018
01CE    FRANJA CELESTE            2,071           2,072         49         30                           B-40019
01CE    FRANJA CELESTE            2,497           2,498         49         42                           B-40031
01CE    FRANJA CELESTE            2,458           2,459         49         40                           B-40032
01CE    FRANJA CELESTE            2,335           2,336         49         35                           B-40033
01CE    FRANJA CELESTE            2,427           2,428         49         33                           B-40034
01CE    FRANJA CELESTE            2,467           2,468         49         36                           B-40035
01CE    FRANJA CELESTE            2,463           2,464         49         42                           B-40038


------------------------------------------------------------------------------------------------------------------------
T.SUB-LOTES              TOT.PAQUETES =22      TOT.UNID. = 840   T/P NETO (kg) = 50,045      T/P BRUTO (kg) = 50,067
------------------------------------------------------------------------------------------------------------------------
