
EMPRESA NACIONAL DE MINERIA (ENM) PRODUCTOR          PACKING LIST                             PAG.  :   1
NATIONAL MINING COMPANY                       CODIGO DE LOTE   : F-3312                      FECHA :17/08/2020
                                              -----------------------------
FLUJO        : 
DESCRIPCION  : CATODOS EW MATTA
N° INSTR. DE EMBARQUE : 26148
CLIENTE      : SINO BRIDGE
Lote Sipa    : 20060290

----------------------------------------------------------------------------------------------------------------------------- 
MARCA       DESCRIPCION         PESO NETO      PESO BRUTO     GRUPO     UNIDADES       UBICACION         SERIE                
-----------------------------------------------------------------------------------------------------------------------------

01CE    FRANJA CELESTE            2,023           2,024                    64                           F-3312 
01CE    FRANJA CELESTE            2,020           2,021                    64                           F-3313 
01CE    FRANJA CELESTE            2,018           2,019                    69                           F-3314 
01CE    FRANJA CELESTE            2,018           2,019                    64                           F-3315 
01CE    FRANJA CELESTE            2,027           2,028                    69                           F-3316 
01CE    FRANJA CELESTE            2,008           2,009                    64                           F-3317 
01CE    FRANJA CELESTE            2,014           2,015                    61                           F-3318 
01CE    FRANJA CELESTE            2,026           2,027                    70                           F-3319 
01CE    FRANJA CELESTE            2,028           2,029                    63                           F-3320 
01CE    FRANJA CELESTE            2,027           2,028                    62                           F-3321 
01CE    FRANJA CELESTE            2,033           2,034                    64                           F-3322 
01CE    FRANJA CELESTE            2,013           2,014                    64                           F-3323 
01CE    FRANJA CELESTE            2,028           2,029                    61                           F-3324 
01CE    FRANJA CELESTE            2,013           2,014                    63                           F-3325 
01CE    FRANJA CELESTE            2,017           2,018                    55                           F-3386 
01CE    FRANJA CELESTE            2,029           2,030                    55                           F-3387 
01CE    FRANJA CELESTE            2,033           2,034                    55                           F-3388 
01CE    FRANJA CELESTE            2,030           2,031                    53                           F-3389 
01CE    FRANJA CELESTE            2,029           2,030                    56                           F-3390 
01CE    FRANJA CELESTE            2,030           2,031                    55                           F-3391 
01CE    FRANJA CELESTE            2,001           2,002                    55                           F-3392 
01CE    FRANJA CELESTE            2,028           2,029                    54                           F-3393 
01CE    FRANJA CELESTE            2,007           2,008                    55                           F-3394 
01CE    FRANJA CELESTE            2,032           2,033                    54                           F-3395 
01CE    FRANJA CELESTE            2,028           2,029                    56                           F-3396 
01CE    FRANJA CELESTE            2,020           2,021                    55                           F-3397 
01CE    FRANJA CELESTE            2,028           2,029                    54                           F-3398 
01CE    FRANJA CELESTE            2,024           2,025                    54                           F-3399 
01CE    FRANJA CELESTE            2,005           2,006                    60                           F-3416 
01CE    FRANJA CELESTE            2,004           2,005                    57                           F-3417 
01CE    FRANJA CELESTE            2,004           2,005                    58                           F-3418 
01CE    FRANJA CELESTE            2,019           2,020                    57                           F-3419 
01CE    FRANJA CELESTE            2,000           2,001                    56                           F-3420 
01CE    FRANJA CELESTE            2,018           2,019                    57                           F-3421 
01CE    FRANJA CELESTE            2,001           2,002                    56                           F-3422 
01CE    FRANJA CELESTE            2,015           2,016                    60                           F-3423 
01CE    FRANJA CELESTE            2,020           2,021                    58                           F-3424 
01CE    FRANJA CELESTE            2,033           2,034                    58                           F-3425 
01CE    FRANJA CELESTE            2,004           2,005                    56                           F-3426 
01CE    FRANJA CELESTE            1,999           2,000                    58                           F-3427 
01CE    FRANJA CELESTE            2,014           2,015                    60                           F-3428 
01CE    FRANJA CELESTE            2,022           2,023                    58                           F-3429 
01CE    FRANJA CELESTE            2,001           2,002                    56                           G-3371 
01CE    FRANJA CELESTE            2,015           2,016                    56                           G-3372 
01CE    FRANJA CELESTE            2,035           2,036                    56                           G-3373 









EMPRESA NACIONAL DE MINERIA (ENM) PRODUCTOR          PACKING LIST                             PAG.  :   2
NATIONAL MINING COMPANY                       CODIGO DE LOTE   : F-3312                      FECHA :17/08/2020
                                              -----------------------------
FLUJO        : 
DESCRIPCION  : CATODOS EW MATTA
N° INSTR. DE EMBARQUE : 26148
CLIENTE      : SINO BRIDGE
Lote Sipa    : 20060290

----------------------------------------------------------------------------------------------------------------------------- 
MARCA       DESCRIPCION         PESO NETO      PESO BRUTO     GRUPO     UNIDADES       UBICACION         SERIE                
-----------------------------------------------------------------------------------------------------------------------------

01CE    FRANJA CELESTE            2,029           2,030                    57                           G-3374 
01CE    FRANJA CELESTE            2,001           2,002                    59                           G-3375 
01CE    FRANJA CELESTE            2,013           2,014                    59                           G-3376 
01CE    FRANJA CELESTE            2,007           2,008                    56                           G-3377 
01CE    FRANJA CELESTE            2,029           2,030                    58                           G-3378 
01CE    FRANJA CELESTE            2,038           2,039                    63                           G-3379 
01CE    FRANJA CELESTE            2,014           2,015                    62                           G-3380 
01CE    FRANJA CELESTE            2,018           2,019                    60                           G-3381 
01CE    FRANJA CELESTE            2,021           2,022                    58                           G-3382 
01CE    FRANJA CELESTE            2,016           2,017                    57                           G-3383 
01CE    FRANJA CELESTE            2,001           2,002                    56                           G-3384 


------------------------------------------------------------------------------------------------------------------------
T.SUB-LOTES              TOT.PAQUETES =56      TOT.UNID. = 3290   T/P NETO (kg) = 113,028      T/P BRUTO (kg) = 113,084
------------------------------------------------------------------------------------------------------------------------
