
EMPRESA NACIONAL DE MINERIA (ENM) PRODUCTOR          PACKING LIST                             PAG.  :   1
NATIONAL MINING COMPANY                       CODIGO DE LOTE   : J-1808                      FECHA :26/10/2022
                                              -----------------------------
FLUJO        : 
DESCRIPCION  : CATODOS EW EL SALADO
N° INSTR. DE EMBARQUE : 930105
CLIENTE      : 
Lote Sipa    : 22100369

----------------------------------------------------------------------------------------------------------------------------- 
MARCA       DESCRIPCION         PESO NETO      PESO BRUTO     GRUPO     UNIDADES       UBICACION         SERIE                
-----------------------------------------------------------------------------------------------------------------------------

17AZ    DIESICIETE FRANJAS AZULE  1,934           1,935                    40                           J-1808 
17AZ    DIESICIETE FRANJAS AZULE  1,985           1,986                    51                           J-1809 
17AZ    DIESICIETE FRANJAS AZULE  1,945           1,946                    87                           J-1810 
17AZ    DIESICIETE FRANJAS AZULE  1,999           2,000                    58                           J-1811 
17AZ    DIESICIETE FRANJAS AZULE  1,984           1,985                    62                           J-1812 
17AZ    DIESICIETE FRANJAS AZULE  2,000           2,001                    50                           J-1813 
17AZ    DIESICIETE FRANJAS AZULE  1,919           1,920                    54                           J-1814 
17AZ    DIESICIETE FRANJAS AZULE  1,957           1,958                    58                           J-1815 
17AZ    DIESICIETE FRANJAS AZULE  1,943           1,944                    56                           J-1816 
17AZ    DIESICIETE FRANJAS AZULE  1,999           2,000                    55                           J-1817 
17AZ    DIESICIETE FRANJAS AZULE  1,991           1,992                    57                           J-1818 
17AZ    DIESICIETE FRANJAS AZULE  1,950           1,951                    58                           J-1819 
17AZ    DIESICIETE FRANJAS AZULE  1,941           1,942                    54                           J-1820 
17AZ    DIESICIETE FRANJAS AZULE  1,987           1,988                    57                           J-1821 


------------------------------------------------------------------------------------------------------------------------
T.SUB-LOTES              TOT.PAQUETES =14      TOT.UNID. = 797   T/P NETO (kg) = 27,534      T/P BRUTO (kg) = 27,548
------------------------------------------------------------------------------------------------------------------------
