
EMPRESA NACIONAL DE MINERIA (ENM) PRODUCTOR          PACKING LIST                             PAG.  :   1
NATIONAL MINING COMPANY                       CODIGO DE LOTE   : H-9140                      FECHA :31/08/2022
                                              -----------------------------
FLUJO        : 
DESCRIPCION  : CATODOS GRADO A
N° INSTR. DE EMBARQUE : 27535
CLIENTE      : SEASPAN BRIGHTNES
Lote Sipa    : 

----------------------------------------------------------------------------------------------------------------------------- 
MARCA       DESCRIPCION         PESO NETO      PESO BRUTO     GRUPO     UNIDADES       UBICACION         SERIE                
-----------------------------------------------------------------------------------------------------------------------------

V0RJ    V ROJA                    2,503           2,504         40         20                           H-9140 
V0RJ    V ROJA                    2,555           2,556         40         20                           H-9141 
V0RJ    V ROJA                    2,547           2,548         40         20                           H-9142 
V0RJ    V ROJA                    2,395           2,396         28         20                           H-9143 
V0RJ    V ROJA                    2,365           2,366         28         20                           H-9144 
V0RJ    V ROJA                    2,569           2,570         42         20                           H-9145 
V0RJ    V ROJA                    2,348           2,349         28         20                           H-9146 
V0RJ    V ROJA                    2,530           2,531         40         20                           H-9147 
V0RJ    V ROJA                    2,393           2,394         28         20                           H-9148 
V0RJ    V ROJA                    2,593           2,594         40         20                           H-9149 
V0RJ    V ROJA                    2,554           2,555         40         20                           H-9150 
V0RJ    V ROJA                    2,357           2,358         40         20                           H-9151 
V0RJ    V ROJA                    2,343           2,344         40         20                           H-9152 
V0RJ    V ROJA                    2,572           2,573         40         20                           H-9153 
V0RJ    V ROJA                    2,319           2,320         40         20                           H-9154 
V0RJ    V ROJA                    2,582           2,583         40         20                           H-9155 
V0RJ    V ROJA                    2,341           2,342         40         20                           H-9156 
V0RJ    V ROJA                    2,591           2,592         40         20                           H-9157 
V0RJ    V ROJA                    2,547           2,548         40         20                           H-9158 
V0RJ    V ROJA                    2,285           2,286         28         20                           H-9159 
V0RJ    V ROJA                    2,579           2,580         40         20                           H-9160 
V0RJ    V ROJA                    2,213           2,214         40         20                           H-9161 
V0RJ    V ROJA                    2,515           2,516         40         20                           H-9162 
V0RJ    V ROJA                    2,330           2,331         40         20                           H-9163 
V0RJ    V ROJA                    2,355           2,356         40         20                           H-9164 
V0RJ    V ROJA                    2,573           2,574         40         20                           H-9165 
V0RJ    V ROJA                    2,319           2,320         28         20                           H-9166 
V0RJ    V ROJA                    2,357           2,358         28         20                           H-9167 
V0RJ    V ROJA                    2,334           2,335         28         20                           H-9168 
V0RJ    V ROJA                    2,465           2,466         40         20                           H-9169 
V0RJ    V ROJA                    2,275           2,276         28         20                           H-9170 
V0RJ    V ROJA                    2,363           2,364         28         20                           H-9171 
V0RJ    V ROJA                    2,524           2,525         40         20                           H-9172 
V0RJ    V ROJA                    2,258           2,259         28         20                           H-9173 
V0RJ    V ROJA                    2,284           2,285         28         20                           H-9174 
V0RJ    V ROJA                    2,542           2,543         28         20                           H-9175 
V0RJ    V ROJA                    2,346           2,347         40         20                           H-9176 
V0RJ    V ROJA                    2,605           2,606         40         20                           H-9177 
V0RJ    V ROJA                    2,298           2,299         28         20                           H-9178 
V0RJ    V ROJA                    2,585           2,586         40         20                           H-9179 
V0RJ    V ROJA                    2,575           2,576         40         20                           H-9180 
V0RJ    V ROJA                    2,329           2,330         40         20                           H-9181 
V0RJ    V ROJA                    2,563           2,564         40         20                           H-9182 
V0RJ    V ROJA                    2,317           2,318         28         20                           H-9183 
V0RJ    V ROJA                    2,561           2,562         40         20                           H-9184 









EMPRESA NACIONAL DE MINERIA (ENM) PRODUCTOR          PACKING LIST                             PAG.  :   2
NATIONAL MINING COMPANY                       CODIGO DE LOTE   : H-9140                      FECHA :31/08/2022
                                              -----------------------------
FLUJO        : 
DESCRIPCION  : CATODOS GRADO A
N° INSTR. DE EMBARQUE : 27535
CLIENTE      : SEASPAN BRIGHTNES
Lote Sipa    : 

----------------------------------------------------------------------------------------------------------------------------- 
MARCA       DESCRIPCION         PESO NETO      PESO BRUTO     GRUPO     UNIDADES       UBICACION         SERIE                
-----------------------------------------------------------------------------------------------------------------------------

V0RJ    V ROJA                    2,323           2,324         28         20                           H-9185 
V0RJ    V ROJA                    2,585           2,586         28         20                           H-9186 
V0RJ    V ROJA                    2,612           2,613         40         20                           H-9187 
V0RJ    V ROJA                    2,335           2,336         28         20                           H-9188 
V0RJ    V ROJA                    2,366           2,367         28         20                           H-9189 
V0RJ    V ROJA                    2,351           2,352         28         20                           H-9190 
V0RJ    V ROJA                    2,343           2,344         28         20                           H-9191 
V0RJ    V ROJA                    2,603           2,604         28         20                           H-9192 
V0RJ    V ROJA                    2,317           2,318         28         20                           H-9193 
V0RJ    V ROJA                    2,539           2,540         40         20                           H-9194 
V0RJ    V ROJA                    2,322           2,323         40         20                           H-9195 
V0RJ    V ROJA                    2,487           2,488         40         20                           H-9196 
V0RJ    V ROJA                    2,383           2,384         28         20                           H-9197 
V0RJ    V ROJA                    2,434           2,435         28         20                           H-9198 
V0RJ    V ROJA                    2,273           2,274         40         20                           H-9199 
V0RJ    V ROJA                    2,339           2,340         28         20                           H-9200 
V0RJ    V ROJA                    2,315           2,316         28         20                           H-9201 
V0RJ    V ROJA                    2,377           2,378         28         20                           H-9202 
V0RJ    V ROJA                    2,063           2,064         41         20                           H-9203 
V0RJ    V ROJA                    2,186           2,187         41         20                           H-9204 
V0RJ    V ROJA                    2,101           2,102         41         20                           H-9205 
V0RJ    V ROJA                    2,534           2,535         35         20                           H-9206 
V0RJ    V ROJA                    2,097           2,098         41         20                           H-9207 
V0RJ    V ROJA                    2,558           2,559         35         20                           H-9208 
V0RJ    V ROJA                    2,112           2,113         41         20                           H-9209 
V0RJ    V ROJA                    2,151           2,152         41         20                           H-9210 
V0RJ    V ROJA                    2,122           2,123         41         20                           H-9211 
V0RJ    V ROJA                    2,171           2,172         41         20                           H-9212 
V0RJ    V ROJA                    2,525           2,526         19         20                           H-9213 
V0RJ    V ROJA                    2,089           2,090         41         20                           H-9214 
V0RJ    V ROJA                    2,108           2,109         41         20                           H-9215 
V0RJ    V ROJA                    2,460           2,461         35         20                           H-9216 
V0RJ    V ROJA                    2,039           2,040         41         20                           H-9217 
V0RJ    V ROJA                    2,617           2,618         19         20                           H-9218 
V0RJ    V ROJA                    2,109           2,110         19         20                           H-9219 
V0RJ    V ROJA                    2,459           2,460         35         20                           H-9220 
V0RJ    V ROJA                    2,613           2,614         19         20                           H-9221 
V0RJ    V ROJA                    2,023           2,024         41         20                           H-9222 
V0RJ    V ROJA                    2,011           2,012         41         20                           H-9223 
V0RJ    V ROJA                    1,947           1,948         41         20                           H-9224 
V0RJ    V ROJA                    2,114           2,115         41         20                           H-9225 
V0RJ    V ROJA                    2,135           2,136         41         20                           H-9226 
V0RJ    V ROJA                    2,411           2,412         19         20                           H-9227 
V0RJ    V ROJA                    2,355           2,356         35         20                           H-9228 
V0RJ    V ROJA                    2,057           2,058         41         20                           H-9229 









EMPRESA NACIONAL DE MINERIA (ENM) PRODUCTOR          PACKING LIST                             PAG.  :   3
NATIONAL MINING COMPANY                       CODIGO DE LOTE   : H-9140                      FECHA :31/08/2022
                                              -----------------------------
FLUJO        : 
DESCRIPCION  : CATODOS GRADO A
N° INSTR. DE EMBARQUE : 27535
CLIENTE      : SEASPAN BRIGHTNES
Lote Sipa    : 

----------------------------------------------------------------------------------------------------------------------------- 
MARCA       DESCRIPCION         PESO NETO      PESO BRUTO     GRUPO     UNIDADES       UBICACION         SERIE                
-----------------------------------------------------------------------------------------------------------------------------

V0RJ    V ROJA                    2,155           2,156         41         20                           H-9230 
V0RJ    V ROJA                    2,119           2,120         41         20                           H-9231 
V0RJ    V ROJA                    2,494           2,495         19         20                           H-9232 
V0RJ    V ROJA                    2,153           2,154         41         20                           H-9233 
V0RJ    V ROJA                    2,352           2,353         35         20                           H-9234 
V0RJ    V ROJA                    2,125           2,126         41         20                           H-9235 
V0RJ    V ROJA                    2,133           2,134         41         20                           H-9236 
V0RJ    V ROJA                    2,360           2,361         19         20                           H-9237 
V0RJ    V ROJA                    2,613           2,614         35         20                           H-9238 
V0RJ    V ROJA                    2,155           2,156         41         20                           H-9239 
V0RJ    V ROJA                    2,105           2,106         41         20                           H-9240 
V0RJ    V ROJA                    2,548           2,549         35         20                           H-9241 
V0RJ    V ROJA                    2,431           2,432         19         20                           H-9242 
V0RJ    V ROJA                    2,169           2,170         41         20                           H-9243 
V0RJ    V ROJA                    2,110           2,111         41         20                           H-9244 
V0RJ    V ROJA                    2,532           2,533         35         20                           H-9245 
V0RJ    V ROJA                    2,531           2,532         19         20                           H-9246 
V0RJ    V ROJA                    2,137           2,138         14         20                           H-9247 
V0RJ    V ROJA                    2,359           2,360         41         20                           H-9248 
V0RJ    V ROJA                    2,467           2,468         35         20                           H-9249 
V0RJ    V ROJA                    2,408           2,409         19         20                           H-9250 
V0RJ    V ROJA                    2,293           2,294         35         20                           H-9251 
V0RJ    V ROJA                    2,135           2,136         41         20                           H-9252 
V0RJ    V ROJA                    2,123           2,124         41         20                           H-9253 
V0RJ    V ROJA                    2,468           2,469         19         20                           H-9254 
V0RJ    V ROJA                    2,371           2,372         35         20                           H-9255 
V0RJ    V ROJA                    2,435           2,436         47         20                           H-9256 
V0RJ    V ROJA                    2,131           2,132         41         20                           H-9257 
V0RJ    V ROJA                    2,454           2,455         47         20                           H-9258 
V0RJ    V ROJA                    2,503           2,504         19         20                           H-9259 
V0RJ    V ROJA                    2,457           2,458         35         20                           H-9260 
V0RJ    V ROJA                    2,437           2,438         47         20                           H-9261 
V0RJ    V ROJA                    2,487           2,488         35         20                           H-9262 
V0RJ    V ROJA                    2,463           2,464         47         20                           H-9263 
V0RJ    V ROJA                    2,542           2,543         35         20                           H-9264 
V0RJ    V ROJA                    2,512           2,513         47         20                           H-9265 
V0RJ    V ROJA                    2,505           2,506         35         20                           H-9266 


------------------------------------------------------------------------------------------------------------------------
T.SUB-LOTES              TOT.PAQUETES =127      TOT.UNID. = 2540   T/P NETO (kg) = 299,997      T/P BRUTO (kg) = 300,124
------------------------------------------------------------------------------------------------------------------------
