
EMPRESA NACIONAL DE MINERIA (ENM) PRODUCTOR          PACKING LIST                             PAG.  :   1
NATIONAL MINING COMPANY                       CODIGO DE LOTE   : I-1754                      FECHA :26/09/2022
                                              -----------------------------
FLUJO        : 
DESCRIPCION  : CATODOS EW EL SALADO
N° INSTR. DE EMBARQUE : 929997
CLIENTE      : 
Lote Sipa    : 22090382

----------------------------------------------------------------------------------------------------------------------------- 
MARCA       DESCRIPCION         PESO NETO      PESO BRUTO     GRUPO     UNIDADES       UBICACION         SERIE                
-----------------------------------------------------------------------------------------------------------------------------

13BL    TRECE FRANJAS BLANCAS     1,941           1,942                    78                           I-1754 
13BL    TRECE FRANJAS BLANCAS     1,977           1,978                    77                           I-1755 
13BL    TRECE FRANJAS BLANCAS     1,984           1,985                    81                           I-1756 
13BL    TRECE FRANJAS BLANCAS     2,026           2,027                    91                           I-1757 
13BL    TRECE FRANJAS BLANCAS     1,951           1,952                    58                           I-1758 
13BL    TRECE FRANJAS BLANCAS     1,980           1,981                    74                           I-1759 
13BL    TRECE FRANJAS BLANCAS     1,926           1,927                    75                           I-1760 
13BL    TRECE FRANJAS BLANCAS     2,034           2,035                    92                           I-1761 
13BL    TRECE FRANJAS BLANCAS     1,945           1,946                    66                           I-1762 
13BL    TRECE FRANJAS BLANCAS     1,943           1,944                    80                           I-1763 
13BL    TRECE FRANJAS BLANCAS     1,915           1,916                    65                           I-1764 
13BL    TRECE FRANJAS BLANCAS     1,939           1,940                    52                           I-1765 
13BL    TRECE FRANJAS BLANCAS     1,923           1,924                    60                           I-1766 
13BL    TRECE FRANJAS BLANCAS     2,006           2,007                    101                          I-1767 


------------------------------------------------------------------------------------------------------------------------
T.SUB-LOTES              TOT.PAQUETES =14      TOT.UNID. = 1050   T/P NETO (kg) = 27,490      T/P BRUTO (kg) = 27,504
------------------------------------------------------------------------------------------------------------------------
