
EMPRESA NACIONAL DE MINERIA (ENM) PRODUCTOR          PACKING LIST                             PAG.  :   1
NATIONAL MINING COMPANY                       CODIGO DE LOTE   : A-136                      FECHA :10/02/2018
                                              -----------------------------
FLUJO        : 
DESCRIPCION  : CATODOS STD 1 ER
N° INSTR. DE EMBARQUE : 55181
CLIENTE      : 
Lote Sipa    : 18010550

----------------------------------------------------------------------------------------------------------------------------- 
MARCA       DESCRIPCION         PESO NETO      PESO BRUTO     GRUPO     UNIDADES       UBICACION         SERIE                
-----------------------------------------------------------------------------------------------------------------------------

02VE    DOS FRANJAS VERDES        2,351           2,352         86         20                            A-136 
02VE    DOS FRANJAS VERDES        2,460           2,461         86         20                            A-137 
02VE    DOS FRANJAS VERDES        2,401           2,402         86         20                            A-138 
02VE    DOS FRANJAS VERDES        2,309           2,310         86         20                            A-139 
02VE    DOS FRANJAS VERDES        2,441           2,442         86         20                            A-140 
02VE    DOS FRANJAS VERDES        2,236           2,237         86         20                            A-141 
02VE    DOS FRANJAS VERDES        2,433           2,434         86         20                            A-142 
02VE    DOS FRANJAS VERDES        2,338           2,339         86         20                            A-143 
02VE    DOS FRANJAS VERDES        2,409           2,410         86         20                            A-144 
02VE    DOS FRANJAS VERDES        2,344           2,345         86         20                            A-145 
02VE    DOS FRANJAS VERDES        2,301           2,302         86         20                            A-146 
02VE    DOS FRANJAS VERDES        2,291           2,292         86         20                            A-147 
02VE    DOS FRANJAS VERDES        2,406           2,407         86         20                            A-148 
02VE    DOS FRANJAS VERDES        2,325           2,326         86         20                            A-149 
02VE    DOS FRANJAS VERDES        2,406           2,407         86         20                            A-150 
02VE    DOS FRANJAS VERDES        2,367           2,368         86         20                            A-151 
02VE    DOS FRANJAS VERDES        2,484           2,485         86         20                            A-152 
02VE    DOS FRANJAS VERDES        2,192           2,193         86         20                            A-153 
02VE    DOS FRANJAS VERDES        2,355           2,356         86         20                            A-154 
