
EMPRESA NACIONAL DE MINERIA (ENM) PRODUCTOR          PACKING LIST                             PAG.  :   1
NATIONAL MINING COMPANY                       CODIGO DE LOTE   : L-13238                      FECHA :01/12/2020
                                              -----------------------------
FLUJO        : 
DESCRIPCION  : CATODOS GRADO A
N° INSTR. DE EMBARQUE : 26337
CLIENTE      : SAN ANTONIO EXPRESS
Lote Sipa    : 20110507

----------------------------------------------------------------------------------------------------------------------------- 
MARCA       DESCRIPCION         PESO NETO      PESO BRUTO     GRUPO     UNIDADES       UBICACION         SERIE                
-----------------------------------------------------------------------------------------------------------------------------

V0BL    V BLANCA                  2,540           2,541         15         20                           L-13238
V0BL    V BLANCA                  2,536           2,537         43         20                           L-13239
V0BL    V BLANCA                  2,401           2,402         43         20                           L-13240
V0BL    V BLANCA                  2,420           2,421         43         20                           L-13241
V0BL    V BLANCA                  2,304           2,305         26         20                           L-13242
V0BL    V BLANCA                  2,253           2,254         26         20                           L-13243
V0BL    V BLANCA                  2,346           2,347         26         20                           L-13244
V0BL    V BLANCA                  2,157           2,158         20         20                           L-13245
V0BL    V BLANCA                  2,394           2,395         20         20                           L-13246
V0BL    V BLANCA                  2,318           2,319         05         20                           L-13247
V0BL    V BLANCA                  2,489           2,490         43         20                           L-13248
V0BL    V BLANCA                  2,502           2,503         43         20                           L-13249
V0BL    V BLANCA                  2,427           2,428         39         20                           L-13250
V0BL    V BLANCA                  2,368           2,369         05         20                           L-13251
V0BL    V BLANCA                  2,531           2,532         26         20                           L-13252
V0BL    V BLANCA                  2,288           2,289         39         20                           L-13253
V0BL    V BLANCA                  2,324           2,325         39         20                           L-13254
V0BL    V BLANCA                  2,557           2,558         43         20                           L-13255
V0BL    V BLANCA                  2,514           2,515         05         20                           L-13256
V0BL    V BLANCA                  2,420           2,421         39         20                           L-13257
V0BL    V BLANCA                  2,537           2,538         43         20                           L-13258
V0BL    V BLANCA                  2,401           2,402         39         20                           L-13259
V0BL    V BLANCA                  2,204           2,205         39         20                           L-13260
V0BL    V BLANCA                  2,524           2,525         15         20                           L-13261
V0BL    V BLANCA                  2,496           2,497         15         20                           L-13262
V0BL    V BLANCA                  2,395           2,396         39         20                           L-13263
V0BL    V BLANCA                  2,476           2,477         43         20                           L-13264
V0BL    V BLANCA                  2,381           2,382         39         20                           L-13265
V0BL    V BLANCA                  2,560           2,561         39         20                           L-13266
V0BL    V BLANCA                  2,514           2,515         43         20                           L-13267
V0BL    V BLANCA                  2,603           2,604         43         20                           L-13268
V0BL    V BLANCA                  2,512           2,513         39         20                           L-13269
V0BL    V BLANCA                  2,500           2,501         43         20                           L-13270
V0BL    V BLANCA                  2,457           2,458         43         20                           L-13271
V0BL    V BLANCA                  2,522           2,523         43         20                           L-13272
V0BL    V BLANCA                  2,519           2,520         43         20                           L-13273
V0BL    V BLANCA                  2,436           2,437         20         20                           L-13274
V0BL    V BLANCA                  2,465           2,466         43         20                           L-13275
V0BL    V BLANCA                  2,499           2,500         43         20                           L-13276
V0BL    V BLANCA                  2,525           2,526         43         20                           L-13277
V0BL    V BLANCA                  2,344           2,345         20         20                           L-13278


------------------------------------------------------------------------------------------------------------------------
T.SUB-LOTES              TOT.PAQUETES =41      TOT.UNID. = 820   T/P NETO (kg) = 99,959      T/P BRUTO (kg) = 100,000
------------------------------------------------------------------------------------------------------------------------
