
EMPRESA NACIONAL DE MINERIA (ENM) PRODUCTOR          PACKING LIST                             PAG.  :   1
NATIONAL MINING COMPANY                       CODIGO DE LOTE   : B-15028                      FECHA :28/02/2019
                                              -----------------------------
FLUJO        : 
DESCRIPCION  : CATODOS GRADO A
N° INSTR. DE EMBARQUE : 57233
CLIENTE      : 
Lote Sipa    : 19020554

----------------------------------------------------------------------------------------------------------------------------- 
MARCA       DESCRIPCION         PESO NETO      PESO BRUTO     GRUPO     UNIDADES       UBICACION         SERIE                
-----------------------------------------------------------------------------------------------------------------------------

V0NE    V NEGRA                   2,435           2,436         06         20                           B-15028
V0NE    V NEGRA                   2,480           2,481         06         20                           B-15029
V0NE    V NEGRA                   2,343           2,344         23         20                           B-15030
V0NE    V NEGRA                   2,366           2,367         16         20                           B-15031
V0NE    V NEGRA                   2,372           2,373         23         20                           B-15032
V0NE    V NEGRA                   2,362           2,363         06         20                           B-15033
V0NE    V NEGRA                   2,255           2,256         34         20                           B-15034
V0NE    V NEGRA                   2,126           2,127         32         20                           B-15035
V0NE    V NEGRA                   2,267           2,268         34         20                           B-15036
V0NE    V NEGRA                   2,273           2,274         06         20                           B-15037
V0NE    V NEGRA                   2,232           2,233         32         20                           B-15038
V0NE    V NEGRA                   2,180           2,181         32         20                           B-15039
V0NE    V NEGRA                   2,173           2,174         34         20                           B-15040
V0NE    V NEGRA                   2,347           2,348         06         20                           B-15041
V0NE    V NEGRA                   2,323           2,324         32         20                           B-15042
V0NE    V NEGRA                   2,335           2,336         34         20                           B-15043
V0NE    V NEGRA                   2,344           2,345         32         20                           B-15044
V0NE    V NEGRA                   2,395           2,396         06         20                           B-15045
V0NE    V NEGRA                   2,291           2,292         34         20                           B-15046
V0NE    V NEGRA                   2,325           2,326         34         20                           B-15047
V0NE    V NEGRA                   2,381           2,382         06         20                           B-15048
V0NE    V NEGRA                   2,369           2,370         06         20                           B-15049
V0NE    V NEGRA                   2,375           2,376         32         20                           B-15050
V0NE    V NEGRA                   2,417           2,418         32         20                           B-15051
V0NE    V NEGRA                   2,394           2,395         32         20                           B-15052
V0NE    V NEGRA                   2,366           2,367         06         20                           B-15053
V0NE    V NEGRA                   2,321           2,322         34         20                           B-15054
V0NE    V NEGRA                   2,417           2,418         32         20                           B-15055
V0NE    V NEGRA                   2,223           2,224         06         20                           B-15056
V0NE    V NEGRA                   2,234           2,235         06         20                           B-15057
V0NE    V NEGRA                   2,306           2,307         06         20                           B-15058
V0NE    V NEGRA                   2,433           2,434         23         20                           B-15059
V0NE    V NEGRA                   2,307           2,308         06         20                           B-15060
V0NE    V NEGRA                   2,379           2,380         32         20                           B-15061
V0NE    V NEGRA                   2,389           2,390         32         20                           B-15062
V0NE    V NEGRA                   2,407           2,408         23         20                           B-15063
V0NE    V NEGRA                   2,391           2,392         23         20                           B-15064
V0NE    V NEGRA                   2,404           2,405         23         20                           B-15065
V0NE    V NEGRA                   2,432           2,433         23         20                           B-15066
V0NE    V NEGRA                   2,456           2,457         23         20                           B-15067
V0NE    V NEGRA                   2,391           2,392         06         20                           B-15068
V0NE    V NEGRA                   2,452           2,453         06         20                           B-15069
V0NE    V NEGRA                   2,404           2,405         32         20                           B-15070
V0NE    V NEGRA                   2,196           2,197         06         20                           B-15071
V0NE    V NEGRA                   2,438           2,439         23         20                           B-15072









EMPRESA NACIONAL DE MINERIA (ENM) PRODUCTOR          PACKING LIST                             PAG.  :   2
NATIONAL MINING COMPANY                       CODIGO DE LOTE   : B-15028                      FECHA :28/02/2019
                                              -----------------------------
FLUJO        : 
DESCRIPCION  : CATODOS GRADO A
N° INSTR. DE EMBARQUE : 57233
CLIENTE      : 
Lote Sipa    : 19020554

----------------------------------------------------------------------------------------------------------------------------- 
MARCA       DESCRIPCION         PESO NETO      PESO BRUTO     GRUPO     UNIDADES       UBICACION         SERIE                
-----------------------------------------------------------------------------------------------------------------------------

V0NE    V NEGRA                   2,390           2,391         32         20                           B-15073
V0NE    V NEGRA                   2,282           2,283         23         20                           B-15074
V0NE    V NEGRA                   2,221           2,222         23         20                           B-15075
V0NE    V NEGRA                   2,300           2,301         23         20                           B-15076
V0NE    V NEGRA                   2,328           2,329         32         20                           B-15077
V0NE    V NEGRA                   2,415           2,416         32         20                           B-15078
V0NE    V NEGRA                   2,359           2,360         06         20                           B-15079
V0NE    V NEGRA                   2,345           2,346         06         20                           B-15080
V0NE    V NEGRA                   2,376           2,377         06         20                           B-15081
V0NE    V NEGRA                   2,279           2,280         06         20                           B-15082
V0NE    V NEGRA                   2,387           2,388         32         20                           B-15083
V0NE    V NEGRA                   2,400           2,401         23         20                           B-15084
V0NE    V NEGRA                   2,349           2,350         23         20                           B-15085
V0NE    V NEGRA                   2,402           2,403         32         20                           B-15086
V0NE    V NEGRA                   2,399           2,400         23         20                           B-15087
V0NE    V NEGRA                   2,437           2,438         32         20                           B-15088
V0NE    V NEGRA                   2,381           2,382         23         20                           B-15089
V0NE    V NEGRA                   2,367           2,368         16         20                           B-15090
V0NE    V NEGRA                   2,431           2,432         32         20                           B-15091
V0NE    V NEGRA                   2,295           2,296         42         20                           B-15092
V0NE    V NEGRA                   2,281           2,282         06         20                           B-15093
V0NE    V NEGRA                   2,421           2,422         06         20                           B-15094
V0NE    V NEGRA                   2,359           2,360         32         20                           B-15095
V0NE    V NEGRA                   2,440           2,441         32         20                           B-15096
V0NE    V NEGRA                   2,238           2,239         42         20                           B-15097
V0NE    V NEGRA                   2,334           2,335         42         20                           B-15098
V0NE    V NEGRA                   2,372           2,373         42         20                           B-15099
V0NE    V NEGRA                   2,433           2,434         42         20                           B-15100
V0NE    V NEGRA                   2,482           2,483         23         20                           B-15101
V0NE    V NEGRA                   2,330           2,331         06         20                           B-15102
V0NE    V NEGRA                   2,402           2,403         06         20                           B-15103
V0NE    V NEGRA                   2,334           2,335         06         20                           B-15104
V0NE    V NEGRA                   2,328           2,329         42         20                           B-15105
V0NE    V NEGRA                   2,348           2,349         42         20                           B-15106
V0NE    V NEGRA                   2,360           2,361         06         20                           B-15107
V0NE    V NEGRA                   2,397           2,398         42         20                           B-15108
V0NE    V NEGRA                   2,451           2,452         42         20                           B-15109
V0NE    V NEGRA                   2,367           2,368         23         20                           B-15110
V0NE    V NEGRA                   2,306           2,307         42         20                           B-15111
V0NE    V NEGRA                   2,367           2,368         42         20                           B-15112


------------------------------------------------------------------------------------------------------------------------
T.SUB-LOTES              TOT.PAQUETES =85      TOT.UNID. = 1700   T/P NETO (kg) = 199,999      T/P BRUTO (kg) = 200,084
------------------------------------------------------------------------------------------------------------------------
