
EMPRESA NACIONAL DE MINERIA (ENM) PRODUCTOR          PACKING LIST                             PAG.  :   1
NATIONAL MINING COMPANY                       CODIGO DE LOTE   : J-9742                      FECHA :21/10/2020
                                              -----------------------------
FLUJO        : 
DESCRIPCION  : CATODOS GRADO A
N° INSTR. DE EMBARQUE : 26273
CLIENTE      : UTE
Lote Sipa    : 

----------------------------------------------------------------------------------------------------------------------------- 
MARCA       DESCRIPCION         PESO NETO      PESO BRUTO     GRUPO     UNIDADES       UBICACION         SERIE                
-----------------------------------------------------------------------------------------------------------------------------

X0NE    EQUIS NEGRA               2,492           2,493         29         20                           J-9742 
X0NE    EQUIS NEGRA               2,495           2,496         16         20                           J-9743 
X0NE    EQUIS NEGRA               2,537           2,538         16         20                           J-9744 
X0NE    EQUIS NEGRA               2,483           2,484         29         20                           J-9745 
X0NE    EQUIS NEGRA               2,598           2,599         18         20                           J-9746 
X0NE    EQUIS NEGRA               2,292           2,293         18         20                           J-9747 
X0NE    EQUIS NEGRA               2,464           2,465         16         20                           J-9748 
X0NE    EQUIS NEGRA               2,462           2,463         48         20                           J-9749 
X0NE    EQUIS NEGRA               2,413           2,414         48         20                           J-9750 
X0NE    EQUIS NEGRA               2,549           2,550         48         20                           J-9751 
X0NE    EQUIS NEGRA               2,276           2,277         48         20                           J-9752 
X0NE    EQUIS NEGRA               2,482           2,483         16         20                           J-9753 
X0NE    EQUIS NEGRA               2,536           2,537         16         20                           J-9754 
X0NE    EQUIS NEGRA               2,417           2,418         29         20                           J-9755 
X0NE    EQUIS NEGRA               2,430           2,431         48         20                           J-9756 
X0NE    EQUIS NEGRA               2,542           2,543         48         20                           J-9757 
X0NE    EQUIS NEGRA               2,468           2,469         48         20                           J-9758 
X0NE    EQUIS NEGRA               2,484           2,485         48         20                           J-9759 
X0NE    EQUIS NEGRA               2,566           2,567         48         20                           J-9760 
X0NE    EQUIS NEGRA               2,551           2,552         16         20                           J-9761 
X0NE    EQUIS NEGRA               2,455           2,456         16         20                           J-9762 
X0NE    EQUIS NEGRA               2,374           2,375         16         20                           J-9763 
X0NE    EQUIS NEGRA               2,265           2,266         48         20                           J-9764 
X0NE    EQUIS NEGRA               2,373           2,374         16         20                           J-9765 
X0NE    EQUIS NEGRA               2,271           2,272         16         20                           J-9766 
X0NE    EQUIS NEGRA               2,372           2,373         48         20                           J-9767 
X0NE    EQUIS NEGRA               2,470           2,471         16         20                           J-9768 
X0NE    EQUIS NEGRA               2,288           2,289         48         20                           J-9769 
X0NE    EQUIS NEGRA               2,387           2,388         48         20                           J-9770 
X0NE    EQUIS NEGRA               2,374           2,375         48         20                           J-9771 
X0NE    EQUIS NEGRA               2,401           2,402         16         20                           J-9772 
X0NE    EQUIS NEGRA               2,166           2,167         16         20                           J-9773 
X0NE    EQUIS NEGRA               2,408           2,409         48         20                           J-9774 
X0NE    EQUIS NEGRA               2,294           2,295         48         20                           J-9775 
X0NE    EQUIS NEGRA               2,278           2,279         36         20                           J-9776 
X0NE    EQUIS NEGRA               2,320           2,321         16         20                           J-9777 
X0NE    EQUIS NEGRA               2,206           2,207         16         20                           J-9778 
X0NE    EQUIS NEGRA               2,308           2,309         36         20                           J-9779 
X0NE    EQUIS NEGRA               2,419           2,420         16         20                           J-9780 
X0NE    EQUIS NEGRA               2,497           2,498         16         20                           J-9781 
X0NE    EQUIS NEGRA               2,248           2,249         16         20                           J-9782 
X0NE    EQUIS NEGRA               2,551           2,552         22         20                           J-9783 
X0NE    EQUIS NEGRA               2,281           2,282         22         20                           J-9784 
X0NE    EQUIS NEGRA               2,545           2,546         22         20                           J-9785 
X0NE    EQUIS NEGRA               2,281           2,282         42         20                           J-9786 









EMPRESA NACIONAL DE MINERIA (ENM) PRODUCTOR          PACKING LIST                             PAG.  :   2
NATIONAL MINING COMPANY                       CODIGO DE LOTE   : J-9742                      FECHA :21/10/2020
                                              -----------------------------
FLUJO        : 
DESCRIPCION  : CATODOS GRADO A
N° INSTR. DE EMBARQUE : 26273
CLIENTE      : UTE
Lote Sipa    : 

----------------------------------------------------------------------------------------------------------------------------- 
MARCA       DESCRIPCION         PESO NETO      PESO BRUTO     GRUPO     UNIDADES       UBICACION         SERIE                
-----------------------------------------------------------------------------------------------------------------------------

X0NE    EQUIS NEGRA               2,307           2,308         42         20                           J-9787 
X0NE    EQUIS NEGRA               2,646           2,647         42         20                           J-9788 
X0NE    EQUIS NEGRA               2,449           2,450         22         20                           J-9789 
X0NE    EQUIS NEGRA               2,079           2,080         22         20                           J-9790 
X0NE    EQUIS NEGRA               2,295           2,296         22         20                           J-9791 
X0NE    EQUIS NEGRA               2,336           2,337         42         20                           J-9792 
X0NE    EQUIS NEGRA               2,383           2,384         22         20                           J-9793 
X0NE    EQUIS NEGRA               2,365           2,366         22         20                           J-9794 
X0NE    EQUIS NEGRA               2,465           2,466         42         20                           J-9795 
X0NE    EQUIS NEGRA               2,298           2,299         32         20                           J-9796 
X0NE    EQUIS NEGRA               2,520           2,521         10         20                           J-9797 
X0NE    EQUIS NEGRA               2,403           2,404         10         20                           J-9798 
X0NE    EQUIS NEGRA               2,551           2,552         32         20                           J-9799 
X0NE    EQUIS NEGRA               2,545           2,546         32         20                           J-9800 
X0NE    EQUIS NEGRA               2,350           2,351         32         20                           J-9801 
X0NE    EQUIS NEGRA               2,471           2,472         32         20                           J-9802 
X0NE    EQUIS NEGRA               2,385           2,386         32         20                           J-9803 
X0NE    EQUIS NEGRA               2,273           2,274         42         20                           J-9804 
X0NE    EQUIS NEGRA               2,546           2,547         42         20                           J-9805 
X0NE    EQUIS NEGRA               2,512           2,513         22         20                           J-9806 
X0NE    EQUIS NEGRA               2,481           2,482         42         20                           J-9807 
X0NE    EQUIS NEGRA               2,325           2,326         22         20                           J-9808 
X0NE    EQUIS NEGRA               2,249           2,250         22         20                           J-9809 
X0NE    EQUIS NEGRA               2,574           2,575         22         20                           J-9810 
X0NE    EQUIS NEGRA               2,383           2,384         22         20                           J-9811 
X0NE    EQUIS NEGRA               2,572           2,573         22         20                           J-9812 
X0NE    EQUIS NEGRA               2,311           2,312         32         20                           J-9813 
X0NE    EQUIS NEGRA               2,247           2,248         32         20                           J-9814 
X0NE    EQUIS NEGRA               2,228           2,229         37         20                           J-9815 
X0NE    EQUIS NEGRA               2,472           2,473         37         20                           J-9816 
X0NE    EQUIS NEGRA               2,206           2,207         37         20                           J-9817 
X0NE    EQUIS NEGRA               2,587           2,588         32         20                           J-9818 
X0NE    EQUIS NEGRA               2,522           2,523         10         20                           J-9819 
X0NE    EQUIS NEGRA               2,545           2,546         42         20                           J-9820 
X0NE    EQUIS NEGRA               2,409           2,410         10         20                           J-9821 
X0NE    EQUIS NEGRA               2,425           2,426         37         20                           J-9822 
X0NE    EQUIS NEGRA               2,590           2,591         37         20                           J-9823 
X0NE    EQUIS NEGRA               2,311           2,312         22         20                           J-9824 


------------------------------------------------------------------------------------------------------------------------
T.SUB-LOTES              TOT.PAQUETES =83      TOT.UNID. = 1660   T/P NETO (kg) = 199,985      T/P BRUTO (kg) = 200,068
------------------------------------------------------------------------------------------------------------------------
