
EMPRESA NACIONAL DE MINERIA (ENM) PRODUCTOR          PACKING LIST                             PAG.  :   1
NATIONAL MINING COMPANY                       CODIGO DE LOTE   : I-3221                      FECHA :04/11/2019
                                              -----------------------------
FLUJO        : 
DESCRIPCION  : CATODOS EW MATTA
N° INSTR. DE EMBARQUE : 25589
CLIENTE      : LEXA MAERSK
Lote Sipa    : 19090120

----------------------------------------------------------------------------------------------------------------------------- 
MARCA       DESCRIPCION         PESO NETO      PESO BRUTO     GRUPO     UNIDADES       UBICACION         SERIE                
-----------------------------------------------------------------------------------------------------------------------------

01CE    FRANJA CELESTE            2,023           2,024                    52                           I-3221 
01CE    FRANJA CELESTE            2,030           2,031                    52                           I-3222 
01CE    FRANJA CELESTE            2,018           2,019                    52                           I-3223 
01CE    FRANJA CELESTE            2,011           2,012                    54                           I-3224 
01CE    FRANJA CELESTE            2,003           2,004                    52                           I-3225 
01CE    FRANJA CELESTE            2,030           2,031                    55                           I-3226 
01CE    FRANJA CELESTE            1,995           1,996                    52                           I-3227 
01CE    FRANJA CELESTE            2,015           2,016                    51                           I-3228 
01CE    FRANJA CELESTE            2,036           2,037                    53                           I-3229 
01CE    FRANJA CELESTE            2,022           2,023                    52                           I-3230 
01CE    FRANJA CELESTE            2,009           2,010                    52                           I-3231 
01CE    FRANJA CELESTE            2,025           2,026                    52                           I-3232 
01CE    FRANJA CELESTE            2,045           2,046                    53                           I-3233 
01CE    FRANJA CELESTE            2,033           2,034                    53                           I-3236 
01CE    FRANJA CELESTE            2,032           2,033                    54                           I-3237 
01CE    FRANJA CELESTE            2,016           2,017                    54                           I-3238 
01CE    FRANJA CELESTE            2,013           2,014                    53                           I-3239 
01CE    FRANJA CELESTE            2,018           2,019                    53                           I-3240 
01CE    FRANJA CELESTE            2,036           2,037                    58                           I-3241 
01CE    FRANJA CELESTE            2,025           2,026                    58                           I-3242 
01CE    FRANJA CELESTE            2,016           2,017                    57                           I-3243 
01CE    FRANJA CELESTE            2,004           2,005                    55                           I-3244 
01CE    FRANJA CELESTE            2,028           2,029                    53                           I-3245 
01CE    FRANJA CELESTE            2,004           2,005                    61                           I-3246 
01CE    FRANJA CELESTE            2,005           2,006                    56                           I-3247 
01CE    FRANJA CELESTE            2,019           2,020                    52                           I-3248 
01CE    FRANJA CELESTE            2,007           2,008                    54                           I-3294 
01CE    FRANJA CELESTE            2,002           2,003                    54                           I-3295 
01CE    FRANJA CELESTE            2,025           2,026                    54                           I-3296 
01CE    FRANJA CELESTE            2,002           2,003                    57                           I-3297 
01CE    FRANJA CELESTE            2,035           2,036                    57                           I-3298 
01CE    FRANJA CELESTE            2,034           2,035                    57                           I-3299 
01CE    FRANJA CELESTE            2,000           2,001                    56                           I-3300 
01CE    FRANJA CELESTE            2,034           2,035                    57                           I-3301 
01CE    FRANJA CELESTE            2,027           2,028                    55                           I-3302 
01CE    FRANJA CELESTE            2,005           2,006                    53                           I-3303 
01CE    FRANJA CELESTE            2,013           2,014                    53                           I-3304 
01CE    FRANJA CELESTE            2,012           2,013                    53                           I-3305 
01CE    FRANJA CELESTE            2,020           2,021                    57                           I-3306 
01CE    FRANJA CELESTE            2,028           2,029                    59                           I-3307 
01CE    FRANJA CELESTE            2,016           2,017                    52                           I-3309 
01CE    FRANJA CELESTE            2,011           2,012                    50                           I-3310 
01CE    FRANJA CELESTE            2,030           2,031                    52                           I-3311 
01CE    FRANJA CELESTE            2,015           2,016                    52                           I-3312 
01CE    FRANJA CELESTE            2,047           2,048                    50                           I-3313 









EMPRESA NACIONAL DE MINERIA (ENM) PRODUCTOR          PACKING LIST                             PAG.  :   2
NATIONAL MINING COMPANY                       CODIGO DE LOTE   : I-3221                      FECHA :04/11/2019
                                              -----------------------------
FLUJO        : 
DESCRIPCION  : CATODOS EW MATTA
N° INSTR. DE EMBARQUE : 25589
CLIENTE      : LEXA MAERSK
Lote Sipa    : 19090120

----------------------------------------------------------------------------------------------------------------------------- 
MARCA       DESCRIPCION         PESO NETO      PESO BRUTO     GRUPO     UNIDADES       UBICACION         SERIE                
-----------------------------------------------------------------------------------------------------------------------------

01CE    FRANJA CELESTE            2,034           2,035                    50                           I-3314 
01CE    FRANJA CELESTE            2,034           2,035                    56                           I-3315 
01CE    FRANJA CELESTE            2,023           2,024                    50                           I-3316 
01CE    FRANJA CELESTE            2,015           2,016                    53                           I-3317 
01CE    FRANJA CELESTE            2,023           2,024                    50                           I-3318 
01CE    FRANJA CELESTE            2,045           2,046                    53                           I-3319 
01CE    FRANJA CELESTE            2,026           2,027                    52                           I-3320 
01CE    FRANJA CELESTE            2,024           2,025                    53                           I-3321 
01CE    FRANJA CELESTE            2,034           2,035                    51                           I-3322 
01CE    FRANJA CELESTE            2,014           2,015                    50                           I-3324 
01CE    FRANJA CELESTE            2,002           2,003                    50                           I-3325 
01CE    FRANJA CELESTE            2,014           2,015                    50                           I-3326 
01CE    FRANJA CELESTE            2,019           2,020                    53                           I-3327 
01CE    FRANJA CELESTE            2,046           2,047                    50                           I-3328 
01CE    FRANJA CELESTE            2,036           2,037                    52                           I-3329 
01CE    FRANJA CELESTE            2,000           2,001                    50                           I-3330 
01CE    FRANJA CELESTE            2,027           2,028                    50                           I-3331 
01CE    FRANJA CELESTE            2,027           2,028                    50                           I-3332 
01CE    FRANJA CELESTE            2,035           2,036                    50                           I-3333 
01CE    FRANJA CELESTE            2,023           2,024                    50                           I-3334 
01CE    FRANJA CELESTE            2,027           2,028                    50                           I-3335 
01CE    FRANJA CELESTE            2,013           2,014                    53                           I-3336 
01CE    FRANJA CELESTE            2,010           2,011                    55                           I-3337 
01CE    FRANJA CELESTE            2,025           2,026                    51                           I-3339 
01CE    FRANJA CELESTE            2,040           2,041                    53                           I-3340 
01CE    FRANJA CELESTE            2,036           2,037                    52                           I-3341 
01CE    FRANJA CELESTE            2,052           2,053                    51                           I-3342 
01CE    FRANJA CELESTE            2,009           2,010                    52                           I-3343 
01CE    FRANJA CELESTE            2,011           2,012                    53                           I-3344 
01CE    FRANJA CELESTE            2,003           2,004                    51                           I-3345 
01CE    FRANJA CELESTE            2,018           2,019                    52                           I-3346 
01CE    FRANJA CELESTE            2,032           2,033                    52                           I-3347 
01CE    FRANJA CELESTE            2,026           2,027                    51                           I-3348 
01CE    FRANJA CELESTE            2,003           2,004                    52                           I-3349 
01CE    FRANJA CELESTE            2,004           2,005                    53                           I-3350 
01CE    FRANJA CELESTE            2,037           2,038                    53                           I-3351 
01CE    FRANJA CELESTE            2,022           2,023                    51                           I-3352 


------------------------------------------------------------------------------------------------------------------------
T.SUB-LOTES              TOT.PAQUETES =82      TOT.UNID. = 4339   T/P NETO (kg) = 165,743      T/P BRUTO (kg) = 165,825
------------------------------------------------------------------------------------------------------------------------
