
EMPRESA NACIONAL DE MINERIA (ENM) PRODUCTOR          PACKING LIST                             PAG.  :   1
NATIONAL MINING COMPANY                       CODIGO DE LOTE   : C-23970                      FECHA :22/03/2019
                                              -----------------------------
FLUJO        : 
DESCRIPCION  : RESTOS ANODOS TTE A EMBARQUE
N° INSTR. DE EMBARQUE : 57360
CLIENTE      : 
Lote Sipa    : 19030441

----------------------------------------------------------------------------------------------------------------------------- 
MARCA       DESCRIPCION         PESO NETO      PESO BRUTO     GRUPO     UNIDADES       UBICACION         SERIE                
-----------------------------------------------------------------------------------------------------------------------------

01RJ    FRANJA ROJA               1,643           1,644         1R         30                           C-23970
01RJ    FRANJA ROJA               1,647           1,648         1R         30                           C-23971
01RJ    FRANJA ROJA               1,604           1,605         1R         30                           C-23972
01RJ    FRANJA ROJA               1,440           1,441         1R         30                           C-23973
01RJ    FRANJA ROJA               1,517           1,518         1R         30                           C-23974
01RJ    FRANJA ROJA               1,662           1,663         1R         30                           C-23975
01RJ    FRANJA ROJA               1,551           1,552         1R         30                           C-23976
01RJ    FRANJA ROJA               1,583           1,584         1R         30                           C-23977
01RJ    FRANJA ROJA               1,544           1,545         1R         30                           C-23978
01RJ    FRANJA ROJA               1,895           1,896         1R         30                           C-23979
01RJ    FRANJA ROJA               1,717           1,718         1R         30                           C-23980
01RJ    FRANJA ROJA               1,574           1,575         1R         30                           C-23981
01RJ    FRANJA ROJA               1,562           1,563         1R         30                           C-23982
01RJ    FRANJA ROJA               1,619           1,620         1R         30                           C-23983
01RJ    FRANJA ROJA               1,536           1,537         1R         30                           C-23984
01RJ    FRANJA ROJA               1,789           1,790         1R         30                           C-23985
01RJ    FRANJA ROJA               1,566           1,567         1R         30                           C-23986
01RJ    FRANJA ROJA               1,775           1,776         1R         30                           C-23987
01RJ    FRANJA ROJA               1,332           1,333         1R         30                           C-23988
01RJ    FRANJA ROJA               1,487           1,488         1R         30                           C-23989
01RJ    FRANJA ROJA               1,530           1,531         1R         30                           C-23990
01RJ    FRANJA ROJA               1,512           1,513         1R         30                           C-23991
01RJ    FRANJA ROJA               1,553           1,554         1R         30                           C-23992
01RJ    FRANJA ROJA               1,356           1,357         1R         30                           C-23993
01RJ    FRANJA ROJA               1,776           1,777         1R         30                           C-23994
01RJ    FRANJA ROJA               1,476           1,477         1R         30                           C-23995
01RJ    FRANJA ROJA               1,535           1,536         1R         30                           C-23996
01RJ    FRANJA ROJA               1,416           1,417         1R         30                           C-23997
01RJ    FRANJA ROJA               1,555           1,556         1R         30                           C-23998
01RJ    FRANJA ROJA               1,334           1,335         1R         30                           C-23999
01RJ    FRANJA ROJA               1,318           1,319         1R         30                           C-24000
01RJ    FRANJA ROJA               1,252           1,253         1R         30                           C-24001
01RJ    FRANJA ROJA               1,752           1,753         1R         30                           C-24002
01RJ    FRANJA ROJA               1,408           1,409         1R         30                           C-24003
01RJ    FRANJA ROJA               1,890           1,891         1R         30                           C-24004
01RJ    FRANJA ROJA               1,427           1,428         1R         30                           C-24005
01RJ    FRANJA ROJA               1,474           1,475         1R         30                           C-24006
01RJ    FRANJA ROJA               1,498           1,499         1R         30                           C-24007
01RJ    FRANJA ROJA               1,541           1,542         1R         30                           C-24008
01RJ    FRANJA ROJA               1,547           1,548         1R         30                           C-24009
01RJ    FRANJA ROJA               1,437           1,438         1R         30                           C-24010
01RJ    FRANJA ROJA               1,778           1,779         1R         30                           C-24011
01RJ    FRANJA ROJA               1,489           1,490         1R         30                           C-24012
01RJ    FRANJA ROJA               1,316           1,317         1R         30                           C-24013
01RJ    FRANJA ROJA               1,644           1,645         1R         30                           C-24014









EMPRESA NACIONAL DE MINERIA (ENM) PRODUCTOR          PACKING LIST                             PAG.  :   2
NATIONAL MINING COMPANY                       CODIGO DE LOTE   : C-23970                      FECHA :22/03/2019
                                              -----------------------------
FLUJO        : 
DESCRIPCION  : RESTOS ANODOS TTE A EMBARQUE
N° INSTR. DE EMBARQUE : 57360
CLIENTE      : 
Lote Sipa    : 19030441

----------------------------------------------------------------------------------------------------------------------------- 
MARCA       DESCRIPCION         PESO NETO      PESO BRUTO     GRUPO     UNIDADES       UBICACION         SERIE                
-----------------------------------------------------------------------------------------------------------------------------

01RJ    FRANJA ROJA               1,626           1,627         1R         30                           C-24015
01RJ    FRANJA ROJA               1,786           1,787         1R         30                           C-24016
01RJ    FRANJA ROJA               1,505           1,506         1R         30                           C-24017
01RJ    FRANJA ROJA               1,658           1,659         1R         30                           C-24018
01RJ    FRANJA ROJA               1,473           1,474         1R         30                           C-24019
01RJ    FRANJA ROJA               1,893           1,894         1R         30                           C-24020
01RJ    FRANJA ROJA               1,690           1,691         1R         30                           C-24021
01RJ    FRANJA ROJA               1,902           1,903         1R         30                           C-24022
01RJ    FRANJA ROJA               1,504           1,505         1R         30                           C-24023
01RJ    FRANJA ROJA               1,565           1,566         1R         30                           C-24024
01RJ    FRANJA ROJA               1,596           1,597         1R         30                           C-24025
01RJ    FRANJA ROJA               1,478           1,479         1R         30                           C-24026
01RJ    FRANJA ROJA               1,536           1,537         1R         30                           C-24027
01RJ    FRANJA ROJA               1,727           1,728         1R         30                           C-24028
01RJ    FRANJA ROJA               1,665           1,666         1R         30                           C-24029
01RJ    FRANJA ROJA               1,673           1,674         1R         30                           C-24030
01RJ    FRANJA ROJA               1,619           1,620         1R         30                           C-24031
01RJ    FRANJA ROJA               1,446           1,447         1R         30                           C-24032
01RJ    FRANJA ROJA               1,981           1,982         1R         30                           C-24033
01RJ    FRANJA ROJA               1,528           1,529         1R         30                           C-24034
01RJ    FRANJA ROJA               1,846           1,847         1R         30                           C-24035
01RJ    FRANJA ROJA               1,588           1,589         1R         30                           C-24036
01RJ    FRANJA ROJA               1,734           1,735         1R         30                           C-24037
01RJ    FRANJA ROJA               1,747           1,748         1R         30                           C-24038
01RJ    FRANJA ROJA               1,377           1,378         1R         30                           C-24039
01RJ    FRANJA ROJA               1,615           1,616         1R         30                           C-24040
01RJ    FRANJA ROJA               1,491           1,492         1R         30                           C-24041
01RJ    FRANJA ROJA               2,338           2,339         1R         30                           C-24042
01RJ    FRANJA ROJA               1,424           1,425         1R         30                           C-24043
01RJ    FRANJA ROJA               1,770           1,771         1R         30                           C-24044
01RJ    FRANJA ROJA               1,905           1,906         1R         30                           C-24045
01RJ    FRANJA ROJA               1,524           1,525         1R         30                           C-24046
01RJ    FRANJA ROJA               1,711           1,712         1R         30                           C-24047
01RJ    FRANJA ROJA               1,515           1,516         1R         30                           C-24048
01RJ    FRANJA ROJA               1,387           1,388         1R         30                           C-24049
01RJ    FRANJA ROJA               1,504           1,505         1R         30                           C-24050
01RJ    FRANJA ROJA               1,543           1,544         1R         30                           C-24051
01RJ    FRANJA ROJA               1,514           1,515         1R         30                           C-24052
01RJ    FRANJA ROJA               1,629           1,630         1R         30                           C-24053
01RJ    FRANJA ROJA               1,483           1,484         1R         30                           C-24054
01RJ    FRANJA ROJA               1,778           1,779         1R         30                           C-24055
01RJ    FRANJA ROJA               1,861           1,862         1R         30                           C-24056
01RJ    FRANJA ROJA               1,633           1,634         1R         30                           C-24057
01RJ    FRANJA ROJA               1,730           1,731         1R         30                           C-24058
01RJ    FRANJA ROJA               1,425           1,426         1R         30                           C-24059









EMPRESA NACIONAL DE MINERIA (ENM) PRODUCTOR          PACKING LIST                             PAG.  :   3
NATIONAL MINING COMPANY                       CODIGO DE LOTE   : C-23970                      FECHA :22/03/2019
                                              -----------------------------
FLUJO        : 
DESCRIPCION  : RESTOS ANODOS TTE A EMBARQUE
N° INSTR. DE EMBARQUE : 57360
CLIENTE      : 
Lote Sipa    : 19030441

----------------------------------------------------------------------------------------------------------------------------- 
MARCA       DESCRIPCION         PESO NETO      PESO BRUTO     GRUPO     UNIDADES       UBICACION         SERIE                
-----------------------------------------------------------------------------------------------------------------------------

01RJ    FRANJA ROJA               1,562           1,563         1R         30                           C-24060
01RJ    FRANJA ROJA               1,528           1,529         1R         30                           C-24061
01RJ    FRANJA ROJA               1,634           1,635         1R         30                           C-24062
01RJ    FRANJA ROJA               2,124           2,125         1R         30                           C-24063
01RJ    FRANJA ROJA               1,386           1,387         1R         30                           C-24064
01RJ    FRANJA ROJA               1,320           1,321         1R         30                           C-24065
01RJ    FRANJA ROJA               1,343           1,344         1R         30                           C-24066
01RJ    FRANJA ROJA               1,523           1,524         1R         30                           C-24067
01RJ    FRANJA ROJA               1,442           1,443         1R         30                           C-24068
01RJ    FRANJA ROJA               1,377           1,378         1R         30                           C-24069
01RJ    FRANJA ROJA               1,824           1,825         1R         30                           C-24070
01RJ    FRANJA ROJA               1,549           1,550         1R         30                           C-24071
01RJ    FRANJA ROJA               1,557           1,558         1R         30                           C-24072
01RJ    FRANJA ROJA               1,914           1,915         1R         30                           C-24073
01RJ    FRANJA ROJA               1,951           1,952         1R         30                           C-24074
01RJ    FRANJA ROJA               1,613           1,614         1R         30                           C-24075
01RJ    FRANJA ROJA               1,803           1,804         1R         30                           C-24076
01RJ    FRANJA ROJA               1,438           1,439         1R         30                           C-24077
01RJ    FRANJA ROJA               1,421           1,422         1R         30                           C-24078
01RJ    FRANJA ROJA               2,115           2,116         1R         30                           C-24079
01RJ    FRANJA ROJA               1,732           1,733         1R         30                           C-24080
01RJ    FRANJA ROJA               1,434           1,435         1R         30                           C-24081
01RJ    FRANJA ROJA               1,233           1,234         1R         30                           C-24082
01RJ    FRANJA ROJA               1,732           1,733         1R         30                           C-24083
01RJ    FRANJA ROJA               1,673           1,674         1R         30                           C-24084
01RJ    FRANJA ROJA               1,842           1,843         1R         30                           C-24085
01RJ    FRANJA ROJA               1,572           1,573         1R         30                           C-24086
01RJ    FRANJA ROJA               1,375           1,376         1R         30                           C-24087
01RJ    FRANJA ROJA               1,409           1,410         1R         30                           C-24088
01RJ    FRANJA ROJA               1,350           1,351         1R         30                           C-24089
01RJ    FRANJA ROJA               1,442           1,443         1R         30                           C-24090
01RJ    FRANJA ROJA               1,214           1,215         1R         30                           C-24091
01RJ    FRANJA ROJA               1,762           1,763         1R         30                           C-24092
01RJ    FRANJA ROJA               1,548           1,549         1R         30                           C-24093
01RJ    FRANJA ROJA               1,363           1,364         1R         30                           C-24094
01RJ    FRANJA ROJA               1,262           1,263         1R         30                           C-24095
01RJ    FRANJA ROJA               1,769           1,770         1R         30                           C-24096
01RJ    FRANJA ROJA               2,015           2,016         1R         30                           C-24097
01RJ    FRANJA ROJA               1,916           1,917         1R         30                           C-24098
01RJ    FRANJA ROJA               1,776           1,777         1R         30                           C-24099
01RJ    FRANJA ROJA               1,691           1,692         1R         30                           C-24100
01RJ    FRANJA ROJA               1,329           1,330         1R         30                           C-24101
01RJ    FRANJA ROJA               1,573           1,574         1R         30                           C-24102
01RJ    FRANJA ROJA               1,493           1,494         1R         30                           C-24103
01RJ    FRANJA ROJA               1,291           1,292         1R         30                           C-24104









EMPRESA NACIONAL DE MINERIA (ENM) PRODUCTOR          PACKING LIST                             PAG.  :   4
NATIONAL MINING COMPANY                       CODIGO DE LOTE   : C-23970                      FECHA :22/03/2019
                                              -----------------------------
FLUJO        : 
DESCRIPCION  : RESTOS ANODOS TTE A EMBARQUE
N° INSTR. DE EMBARQUE : 57360
CLIENTE      : 
Lote Sipa    : 19030441

----------------------------------------------------------------------------------------------------------------------------- 
MARCA       DESCRIPCION         PESO NETO      PESO BRUTO     GRUPO     UNIDADES       UBICACION         SERIE                
-----------------------------------------------------------------------------------------------------------------------------

01RJ    FRANJA ROJA               1,525           1,526         1R         30                           C-24105
01RJ    FRANJA ROJA               1,389           1,390         1R         30                           C-24106
01RJ    FRANJA ROJA               1,456           1,457         1R         30                           C-24107
01RJ    FRANJA ROJA               1,327           1,328         1R         30                           C-24108
01RJ    FRANJA ROJA               1,262           1,263         1R         30                           C-24109
01RJ    FRANJA ROJA               1,404           1,405         1R         30                           C-24110
01RJ    FRANJA ROJA               1,644           1,645         1R         30                           C-24111
01RJ    FRANJA ROJA               1,536           1,537         1R         30                           C-24112
01RJ    FRANJA ROJA               1,452           1,453         1R         30                           C-24113
01RJ    FRANJA ROJA               1,936           1,937         1R         30                           C-24114
01RJ    FRANJA ROJA               1,490           1,491         1R         30                           C-24115
01RJ    FRANJA ROJA               1,873           1,874         1R         30                           C-24116
01RJ    FRANJA ROJA               1,971           1,972         1R         30                           C-24117
01RJ    FRANJA ROJA               2,184           2,185         1R         30                           C-24118
01RJ    FRANJA ROJA               1,385           1,386         1R         30                           C-24119
01RJ    FRANJA ROJA               1,810           1,811         1R         30                           C-24120
01RJ    FRANJA ROJA               1,756           1,757         1R         30                           C-24121
01RJ    FRANJA ROJA               1,408           1,409         1R         30                           C-24122
01RJ    FRANJA ROJA               2,066           2,067         1R         30                           C-24123
01RJ    FRANJA ROJA               2,022           2,023         1R         30                           C-24124
01RJ    FRANJA ROJA               1,879           1,880         1R         30                           C-24125


------------------------------------------------------------------------------------------------------------------------
T.SUB-LOTES              TOT.PAQUETES =156      TOT.UNID. = 4680   T/P NETO (kg) = 249,775      T/P BRUTO (kg) = 249,931
------------------------------------------------------------------------------------------------------------------------
