
EMPRESA NACIONAL DE MINERIA (ENM) PRODUCTOR          PACKING LIST                             PAG.  :   1
NATIONAL MINING COMPANY                       CODIGO DE LOTE   : I-1799                      FECHA :01/10/2023
                                              -----------------------------
FLUJO        : 
DESCRIPCION  : CATODOS EW EL SALADO
N° INSTR. DE EMBARQUE : 931498
CLIENTE      : 
Lote Sipa    : 23090463

----------------------------------------------------------------------------------------------------------------------------- 
MARCA       DESCRIPCION         PESO NETO      PESO BRUTO     GRUPO     UNIDADES       UBICACION         SERIE                
-----------------------------------------------------------------------------------------------------------------------------

16BL    DIEZISEIS FRANJAS BLANCA  2,015           2,016                    117                          I-1799 
16BL    DIEZISEIS FRANJAS BLANCA  1,979           1,980                    120                          I-1800 
16BL    DIEZISEIS FRANJAS BLANCA  2,045           2,046                    93                           I-1801 
16BL    DIEZISEIS FRANJAS BLANCA  2,010           2,011                    79                           I-1802 
16BL    DIEZISEIS FRANJAS BLANCA  1,965           1,966                    86                           I-1803 
16BL    DIEZISEIS FRANJAS BLANCA  2,057           2,058                    68                           I-1804 
16BL    DIEZISEIS FRANJAS BLANCA  1,997           1,998                    126                          I-1805 
16BL    DIEZISEIS FRANJAS BLANCA  2,001           2,002                    71                           I-1806 
16BL    DIEZISEIS FRANJAS BLANCA  1,986           1,987                    110                          I-1807 
16BL    DIEZISEIS FRANJAS BLANCA  2,037           2,038                    135                          I-1808 
16BL    DIEZISEIS FRANJAS BLANCA  1,960           1,961                    78                           I-1809 
16BL    DIEZISEIS FRANJAS BLANCA  2,007           2,008                    85                           I-1810 
16BL    DIEZISEIS FRANJAS BLANCA  1,987           1,988                    90                           I-1811 
16BL    DIEZISEIS FRANJAS BLANCA  2,028           2,029                    78                           I-1812 


------------------------------------------------------------------------------------------------------------------------
T.SUB-LOTES              TOT.PAQUETES =14      TOT.UNID. = 1336   T/P NETO (kg) = 28,074      T/P BRUTO (kg) = 28,088
------------------------------------------------------------------------------------------------------------------------
