
EMPRESA NACIONAL DE MINERIA (ENM) PRODUCTOR          PACKING LIST                             PAG.  :   1
NATIONAL MINING COMPANY                       CODIGO DE LOTE   : E-17330                      FECHA :19/06/2020
                                              -----------------------------
FLUJO        : 
DESCRIPCION  : CATODOS GRADO A
N° INSTR. DE EMBARQUE : 26031
CLIENTE      : CCNI ANDES
Lote Sipa    : 

----------------------------------------------------------------------------------------------------------------------------- 
MARCA       DESCRIPCION         PESO NETO      PESO BRUTO     GRUPO     UNIDADES       UBICACION         SERIE                
-----------------------------------------------------------------------------------------------------------------------------

02NA    DOS FRANJAS NARANJAS      2,529           2,530         29         20                           E-17330
02NA    DOS FRANJAS NARANJAS      2,498           2,499         29         20                           E-17331
02NA    DOS FRANJAS NARANJAS      2,503           2,504         29         20                           E-17332
02NA    DOS FRANJAS NARANJAS      2,604           2,605         29         20                           E-17333
02NA    DOS FRANJAS NARANJAS      2,607           2,608         29         20                           E-17334
02NA    DOS FRANJAS NARANJAS      2,090           2,091         37         20                           E-17335
02NA    DOS FRANJAS NARANJAS      2,320           2,321         10         20                           E-17336
02NA    DOS FRANJAS NARANJAS      2,367           2,368         37         20                           E-17337
02NA    DOS FRANJAS NARANJAS      2,390           2,391         06         20                           E-17338
02NA    DOS FRANJAS NARANJAS      2,361           2,362         10         20                           E-17339
02NA    DOS FRANJAS NARANJAS      2,508           2,509         10         20                           E-17340
02NA    DOS FRANJAS NARANJAS      2,364           2,365         10         20                           E-17341
02NA    DOS FRANJAS NARANJAS      2,387           2,388         06         20                           E-17342
02NA    DOS FRANJAS NARANJAS      2,370           2,371         06         20                           E-17343
02NA    DOS FRANJAS NARANJAS      2,497           2,498         48         20                           E-17344
02NA    DOS FRANJAS NARANJAS      2,422           2,423         48         20                           E-17345
02NA    DOS FRANJAS NARANJAS      2,464           2,465         48         20                           E-17346
02NA    DOS FRANJAS NARANJAS      2,433           2,434         48         20                           E-17347
02NA    DOS FRANJAS NARANJAS      2,445           2,446         48         20                           E-17348
02NA    DOS FRANJAS NARANJAS      2,566           2,567         48         20                           E-17349
02NA    DOS FRANJAS NARANJAS      2,405           2,406         48         20                           E-17350
02NA    DOS FRANJAS NARANJAS      2,449           2,450         48         20                           E-17351
02NA    DOS FRANJAS NARANJAS      2,552           2,553         12         20                           E-17352
02NA    DOS FRANJAS NARANJAS      2,471           2,472         12         20                           E-17353
02NA    DOS FRANJAS NARANJAS      2,474           2,475         12         20                           E-17354
02NA    DOS FRANJAS NARANJAS      2,584           2,585         12         20                           E-17355
02NA    DOS FRANJAS NARANJAS      2,375           2,376         29         20                           E-17356
02NA    DOS FRANJAS NARANJAS      2,484           2,485         22         20                           E-17357
02NA    DOS FRANJAS NARANJAS      2,461           2,462         22         20                           E-17358
02NA    DOS FRANJAS NARANJAS      2,513           2,514         22         20                           E-17359
02NA    DOS FRANJAS NARANJAS      2,464           2,465         22         20                           E-17360
02NA    DOS FRANJAS NARANJAS      2,539           2,540         22         20                           E-17361
02NA    DOS FRANJAS NARANJAS      2,452           2,453         29         20                           E-17362
02NA    DOS FRANJAS NARANJAS      2,536           2,537         22         20                           E-17363
02NA    DOS FRANJAS NARANJAS      2,446           2,447         22         20                           E-17364
02NA    DOS FRANJAS NARANJAS      2,518           2,519         22         20                           E-17365
02NA    DOS FRANJAS NARANJAS      2,502           2,503         22         20                           E-17366
02NA    DOS FRANJAS NARANJAS      2,461           2,462         22         20                           E-17367
02NA    DOS FRANJAS NARANJAS      2,531           2,532         22         20                           E-17368
02NA    DOS FRANJAS NARANJAS      2,184           2,185         37         20                           E-17369
02NA    DOS FRANJAS NARANJAS      2,616           2,617         22         20                           E-17370
02NA    DOS FRANJAS NARANJAS      2,504           2,505         22         20                           E-17371
02NA    DOS FRANJAS NARANJAS      2,463           2,464         37         20                           E-17372
02NA    DOS FRANJAS NARANJAS      2,504           2,505         37         20                           E-17373
02NA    DOS FRANJAS NARANJAS      2,489           2,490         22         20                           E-17374









EMPRESA NACIONAL DE MINERIA (ENM) PRODUCTOR          PACKING LIST                             PAG.  :   2
NATIONAL MINING COMPANY                       CODIGO DE LOTE   : E-17330                      FECHA :19/06/2020
                                              -----------------------------
FLUJO        : 
DESCRIPCION  : CATODOS GRADO A
N° INSTR. DE EMBARQUE : 26031
CLIENTE      : CCNI ANDES
Lote Sipa    : 

----------------------------------------------------------------------------------------------------------------------------- 
MARCA       DESCRIPCION         PESO NETO      PESO BRUTO     GRUPO     UNIDADES       UBICACION         SERIE                
-----------------------------------------------------------------------------------------------------------------------------

02NA    DOS FRANJAS NARANJAS      2,546           2,547         22         20                           E-17375
02NA    DOS FRANJAS NARANJAS      2,273           2,274         37         20                           E-17376
02NA    DOS FRANJAS NARANJAS      2,525           2,526         16         20                           E-17377
02NA    DOS FRANJAS NARANJAS      2,442           2,443         37         20                           E-17378
02NA    DOS FRANJAS NARANJAS      2,486           2,487         22         20                           E-17379
02NA    DOS FRANJAS NARANJAS      2,523           2,524         22         20                           E-17380
02NA    DOS FRANJAS NARANJAS      2,370           2,371         37         20                           E-17381
02NA    DOS FRANJAS NARANJAS      2,557           2,558         22         20                           E-17382
02NA    DOS FRANJAS NARANJAS      2,316           2,317         10         20                           E-17383
02NA    DOS FRANJAS NARANJAS      2,594           2,595         22         20                           E-17384
02NA    DOS FRANJAS NARANJAS      2,472           2,473         22         20                           E-17385
02NA    DOS FRANJAS NARANJAS      2,366           2,367         36         20                           E-17386
02NA    DOS FRANJAS NARANJAS      2,508           2,509         36         20                           E-17387
02NA    DOS FRANJAS NARANJAS      2,547           2,548         22         20                           E-17388
02NA    DOS FRANJAS NARANJAS      2,429           2,430         16         20                           E-17389
02NA    DOS FRANJAS NARANJAS      2,399           2,400         16         20                           E-17390
02NA    DOS FRANJAS NARANJAS      2,515           2,516         22         20                           E-17391
02NA    DOS FRANJAS NARANJAS      2,519           2,520         22         20                           E-17392
02NA    DOS FRANJAS NARANJAS      2,435           2,436         16         20                           E-17393
02NA    DOS FRANJAS NARANJAS      2,271           2,272         36         20                           E-17394
02NA    DOS FRANJAS NARANJAS      2,456           2,457         16         20                           E-17395
02NA    DOS FRANJAS NARANJAS      2,471           2,472         16         20                           E-17396
02NA    DOS FRANJAS NARANJAS      2,355           2,356         22         20                           E-17397
02NA    DOS FRANJAS NARANJAS      2,464           2,465         16         20                           E-17398
02NA    DOS FRANJAS NARANJAS      2,365           2,366         36         20                           E-17399
02NA    DOS FRANJAS NARANJAS      2,530           2,531         22         20                           E-17400
02NA    DOS FRANJAS NARANJAS      2,348           2,349         36         20                           E-17401
02NA    DOS FRANJAS NARANJAS      2,448           2,449         16         20                           E-17402
02NA    DOS FRANJAS NARANJAS      2,405           2,406         16         20                           E-17403
02NA    DOS FRANJAS NARANJAS      2,475           2,476         16         20                           E-17404
02NA    DOS FRANJAS NARANJAS      2,431           2,432         16         20                           E-17405
02NA    DOS FRANJAS NARANJAS      2,468           2,469         16         20                           E-17406
02NA    DOS FRANJAS NARANJAS      2,295           2,296         36         20                           E-17407
02NA    DOS FRANJAS NARANJAS      2,412           2,413         36         20                           E-17408
02NA    DOS FRANJAS NARANJAS      2,600           2,601         16         20                           E-17409
02NA    DOS FRANJAS NARANJAS      2,352           2,353         36         20                           E-17410
02NA    DOS FRANJAS NARANJAS      2,468           2,469         16         20                           E-17411
02NA    DOS FRANJAS NARANJAS      2,420           2,421         36         20                           E-17412
02NA    DOS FRANJAS NARANJAS      2,448           2,449         36         20                           E-17413
02NA    DOS FRANJAS NARANJAS      2,550           2,551         16         20                           E-17414
02NA    DOS FRANJAS NARANJAS      2,225           2,226         16         20                           E-17415
02NA    DOS FRANJAS NARANJAS      2,179           2,180         36         20                           E-17416
02NA    DOS FRANJAS NARANJAS      2,054           2,055         36         20                           E-17417
02NA    DOS FRANJAS NARANJAS      2,463           2,464         36         20                           E-17418
02NA    DOS FRANJAS NARANJAS      2,395           2,396         22         20                           E-17419









EMPRESA NACIONAL DE MINERIA (ENM) PRODUCTOR          PACKING LIST                             PAG.  :   3
NATIONAL MINING COMPANY                       CODIGO DE LOTE   : E-17330                      FECHA :19/06/2020
                                              -----------------------------
FLUJO        : 
DESCRIPCION  : CATODOS GRADO A
N° INSTR. DE EMBARQUE : 26031
CLIENTE      : CCNI ANDES
Lote Sipa    : 

----------------------------------------------------------------------------------------------------------------------------- 
MARCA       DESCRIPCION         PESO NETO      PESO BRUTO     GRUPO     UNIDADES       UBICACION         SERIE                
-----------------------------------------------------------------------------------------------------------------------------

02NA    DOS FRANJAS NARANJAS      2,462           2,463         22         20                           E-17420
02NA    DOS FRANJAS NARANJAS      2,520           2,521         22         20                           E-17421
02NA    DOS FRANJAS NARANJAS      2,492           2,493         22         20                           E-17422
02NA    DOS FRANJAS NARANJAS      2,183           2,184         16         20                           E-17423
02NA    DOS FRANJAS NARANJAS      2,191           2,192         36         20                           E-17424
02NA    DOS FRANJAS NARANJAS      2,226           2,227         36         20                           E-17425
02NA    DOS FRANJAS NARANJAS      2,506           2,507         22         20                           E-17426
02NA    DOS FRANJAS NARANJAS      2,035           2,036         22         20                           E-17427
02NA    DOS FRANJAS NARANJAS      2,065           2,066         22         20                           E-17428
02NA    DOS FRANJAS NARANJAS      2,140           2,141         18         20                           E-17429
02NA    DOS FRANJAS NARANJAS      2,237           2,238         36         20                           E-17430
02NA    DOS FRANJAS NARANJAS      2,502           2,503         22         20                           E-17431
02NA    DOS FRANJAS NARANJAS      2,222           2,223         22         20                           E-17432
02NA    DOS FRANJAS NARANJAS      2,344           2,345         36         20                           E-17433
02NA    DOS FRANJAS NARANJAS      2,202           2,203         36         20                           E-17434
02NA    DOS FRANJAS NARANJAS      2,196           2,197         36         20                           E-17435
02NA    DOS FRANJAS NARANJAS      2,350           2,351         36         20                           E-17436
02NA    DOS FRANJAS NARANJAS      2,443           2,444         36         20                           E-17437
02NA    DOS FRANJAS NARANJAS      2,176           2,177         36         20                           E-17438
02NA    DOS FRANJAS NARANJAS      2,192           2,193         36         20                           E-17439
02NA    DOS FRANJAS NARANJAS      2,529           2,530         22         20                           E-17440
02NA    DOS FRANJAS NARANJAS      2,275           2,276         36         20                           E-17441
02NA    DOS FRANJAS NARANJAS      2,088           2,089         36         20                           E-17442
02NA    DOS FRANJAS NARANJAS      2,450           2,451         22         20                           E-17443
02NA    DOS FRANJAS NARANJAS      2,442           2,443         36         20                           E-17444
02NA    DOS FRANJAS NARANJAS      2,451           2,452         22         20                           E-17445
02NA    DOS FRANJAS NARANJAS      2,500           2,501         36         20                           E-17446
02NA    DOS FRANJAS NARANJAS      2,437           2,438         36         20                           E-17447
02NA    DOS FRANJAS NARANJAS      2,439           2,440         36         20                           E-17448
02NA    DOS FRANJAS NARANJAS      2,413           2,414         22         20                           E-17449
02NA    DOS FRANJAS NARANJAS      2,411           2,412         36         20                           E-17450
02NA    DOS FRANJAS NARANJAS      1,947           1,948         22         20                           E-17451
02NA    DOS FRANJAS NARANJAS      1,953           1,954         22         20                           E-17452
02NA    DOS FRANJAS NARANJAS      2,072           2,073         22         20                           E-17453
02NA    DOS FRANJAS NARANJAS      2,031           2,032         14         20                           E-17454


------------------------------------------------------------------------------------------------------------------------
T.SUB-LOTES              TOT.PAQUETES =125      TOT.UNID. = 2500   T/P NETO (kg) = 299,994      T/P BRUTO (kg) = 300,119
------------------------------------------------------------------------------------------------------------------------
