
EMPRESA NACIONAL DE MINERIA (ENM) PRODUCTOR          PACKING LIST                             PAG.  :   1
NATIONAL MINING COMPANY                       CODIGO DE LOTE   : B-2336                      FECHA :13/02/2023
                                              -----------------------------
FLUJO        : 
DESCRIPCION  : CATODOS EW DELTA
N° INSTR. DE EMBARQUE : 930530
CLIENTE      : 
Lote Sipa    : 23020259

----------------------------------------------------------------------------------------------------------------------------- 
MARCA       DESCRIPCION         PESO NETO      PESO BRUTO     GRUPO     UNIDADES       UBICACION         SERIE                
-----------------------------------------------------------------------------------------------------------------------------

02VE    DOS FRANJAS VERDES        2,005           2,006                    48                           B-2336 
02VE    DOS FRANJAS VERDES        2,011           2,012                    49                           B-2337 
02VE    DOS FRANJAS VERDES        2,009           2,010                    45                           B-2338 
02VE    DOS FRANJAS VERDES        2,024           2,025                    48                           B-2339 
02VE    DOS FRANJAS VERDES        1,990           1,991                    61                           B-2340 
02VE    DOS FRANJAS VERDES        1,994           1,995                    45                           B-2341 
02VE    DOS FRANJAS VERDES        2,023           2,024                    48                           B-2342 
02VE    DOS FRANJAS VERDES        2,000           2,001                    50                           B-2343 
02VE    DOS FRANJAS VERDES        1,991           1,992                    44                           B-2344 
02VE    DOS FRANJAS VERDES        2,027           2,028                    47                           B-2345 
02VE    DOS FRANJAS VERDES        1,978           1,979                    46                           B-2346 
02VE    DOS FRANJAS VERDES        2,000           2,001                    47                           B-2347 
02VE    DOS FRANJAS VERDES        1,988           1,989                    45                           B-2348 
02VE    DOS FRANJAS VERDES        2,007           2,008                    45                           B-2349 


------------------------------------------------------------------------------------------------------------------------
T.SUB-LOTES              TOT.PAQUETES =14      TOT.UNID. = 668   T/P NETO (kg) = 28,047      T/P BRUTO (kg) = 28,061
------------------------------------------------------------------------------------------------------------------------
