
EMPRESA NACIONAL DE MINERIA (ENM) PRODUCTOR          PACKING LIST                             PAG.  :   1
NATIONAL MINING COMPANY                       CODIGO DE LOTE   : M-17526                      FECHA :21/01/2019
                                              -----------------------------
FLUJO        : 
DESCRIPCION  : CATODOS GRADO A
N° INSTR. DE EMBARQUE : 25009
CLIENTE      : NORDIC MACAU
Lote Sipa    : 18120371

----------------------------------------------------------------------------------------------------------------------------- 
MARCA       DESCRIPCION         PESO NETO      PESO BRUTO     GRUPO     UNIDADES       UBICACION         SERIE                
-----------------------------------------------------------------------------------------------------------------------------

V0RJ    V ROJA                    2,511           2,512         10         20                           M-17526
V0RJ    V ROJA                    2,535           2,536         10         20                           M-17527
V0RJ    V ROJA                    2,569           2,570         10         20                           M-17528
V0RJ    V ROJA                    2,112           2,113         37         20                           M-17529
V0RJ    V ROJA                    2,620           2,621         37         20                           M-17530
V0RJ    V ROJA                    2,452           2,453         10         20                           M-17531
V0RJ    V ROJA                    2,478           2,479         37         20                           M-17532
V0RJ    V ROJA                    2,575           2,576         10         20                           M-17533
V0RJ    V ROJA                    2,479           2,480         10         20                           M-17534
V0RJ    V ROJA                    2,444           2,445         37         20                           M-17535
V0RJ    V ROJA                    2,483           2,484         37         20                           M-17536
V0RJ    V ROJA                    2,472           2,473         39         20                           M-17537
V0RJ    V ROJA                    2,537           2,538         39         20                           M-17538
V0RJ    V ROJA                    2,524           2,525         37         20                           M-17539
V0RJ    V ROJA                    2,509           2,510         37         20                           M-17540
V0RJ    V ROJA                    2,524           2,525         11         20                           M-17541
V0RJ    V ROJA                    2,486           2,487         11         20                           M-17542
V0RJ    V ROJA                    2,399           2,400         11         20                           M-17543
V0RJ    V ROJA                    2,364           2,365         11         20                           M-17544
V0RJ    V ROJA                    2,462           2,463         37         20                           M-17545
V0RJ    V ROJA                    2,397           2,398         16         20                           M-17546
V0RJ    V ROJA                    2,407           2,408         37         20                           M-17547
V0RJ    V ROJA                    2,519           2,520         16         20                           M-17548
V0RJ    V ROJA                    2,529           2,530         16         20                           M-17549
V0RJ    V ROJA                    2,407           2,408         16         20                           M-17550
V0RJ    V ROJA                    2,458           2,459         16         20                           M-17551
V0RJ    V ROJA                    2,487           2,488         16         20                           M-17552
V0RJ    V ROJA                    2,489           2,490         39         20                           M-17553
V0RJ    V ROJA                    2,571           2,572         39         20                           M-17554
V0RJ    V ROJA                    2,435           2,436         37         20                           M-17555
V0RJ    V ROJA                    2,507           2,508         16         20                           M-17556
V0RJ    V ROJA                    2,480           2,481         37         20                           M-17557
V0RJ    V ROJA                    2,545           2,546         16         20                           M-17558
V0RJ    V ROJA                    2,421           2,422         37         20                           M-17559
V0RJ    V ROJA                    2,398           2,399         16         20                           M-17560
V0RJ    V ROJA                    2,112           2,113         16         20                           M-17561
V0RJ    V ROJA                    2,530           2,531         16         20                           M-17562
V0RJ    V ROJA                    2,175           2,176         37         20                           M-17563
V0RJ    V ROJA                    2,534           2,535         16         20                           M-17564
V0RJ    V ROJA                    2,388           2,389         16         20                           M-17565
V0RJ    V ROJA                    2,353           2,354         37         20                           M-17566
V0RJ    V ROJA                    2,333           2,334         16         20                           M-17567
V0RJ    V ROJA                    2,371           2,372         37         20                           M-17568
V0RJ    V ROJA                    2,374           2,375         16         20                           M-17569
V0RJ    V ROJA                    2,350           2,351         16         20                           M-17570









EMPRESA NACIONAL DE MINERIA (ENM) PRODUCTOR          PACKING LIST                             PAG.  :   2
NATIONAL MINING COMPANY                       CODIGO DE LOTE   : M-17526                      FECHA :21/01/2019
                                              -----------------------------
FLUJO        : 
DESCRIPCION  : CATODOS GRADO A
N° INSTR. DE EMBARQUE : 25009
CLIENTE      : NORDIC MACAU
Lote Sipa    : 18120371

----------------------------------------------------------------------------------------------------------------------------- 
MARCA       DESCRIPCION         PESO NETO      PESO BRUTO     GRUPO     UNIDADES       UBICACION         SERIE                
-----------------------------------------------------------------------------------------------------------------------------

V0RJ    V ROJA                    2,185           2,186         16         20                           M-17571
V0RJ    V ROJA                    2,454           2,455         37         20                           M-17572
V0RJ    V ROJA                    2,081           2,082         37         20                           M-17573
V0RJ    V ROJA                    2,370           2,371         37         20                           M-17574
V0RJ    V ROJA                    2,311           2,312         16         20                           M-17575
V0RJ    V ROJA                    2,092           2,093         16         20                           M-17576
V0RJ    V ROJA                    2,357           2,358         16         20                           M-17577
V0RJ    V ROJA                    2,549           2,550         39         20                           M-17578
V0RJ    V ROJA                    2,299           2,300         16         20                           M-17579
V0RJ    V ROJA                    2,449           2,450         16         20                           M-17580
V0RJ    V ROJA                    2,351           2,352         16         20                           M-17581
V0RJ    V ROJA                    2,367           2,368         39         20                           M-17582
V0RJ    V ROJA                    2,299           2,300         16         20                           M-17583
V0RJ    V ROJA                    2,247           2,248         16         20                           M-17584
V0RJ    V ROJA                    1,930           1,931         16         20                           M-17585
V0RJ    V ROJA                    2,286           2,287         39         20                           M-17586
V0RJ    V ROJA                    2,203           2,204         39         20                           M-17587
V0RJ    V ROJA                    2,317           2,318         14         20                           M-17588
V0RJ    V ROJA                    2,339           2,340         14         20                           M-17589
V0RJ    V ROJA                    2,187           2,188         37         20                           M-17590
V0RJ    V ROJA                    2,404           2,405         14         20                           M-17591
V0RJ    V ROJA                    2,360           2,361         14         20                           M-17592
V0RJ    V ROJA                    2,418           2,419         14         20                           M-17593
V0RJ    V ROJA                    2,363           2,364         14         20                           M-17594
V0RJ    V ROJA                    2,404           2,405         39         20                           M-17595
V0RJ    V ROJA                    2,476           2,477         14         20                           M-17596
V0RJ    V ROJA                    2,427           2,428         39         20                           M-17597
V0RJ    V ROJA                    2,389           2,390         37         20                           M-17598
V0RJ    V ROJA                    2,399           2,400         14         20                           M-17599
V0RJ    V ROJA                    2,448           2,449         14         20                           M-17600
V0RJ    V ROJA                    2,367           2,368         14         20                           M-17601
V0RJ    V ROJA                    2,459           2,460         14         20                           M-17602
V0RJ    V ROJA                    2,337           2,338         14         20                           M-17603
V0RJ    V ROJA                    2,554           2,555         14         20                           M-17604
V0RJ    V ROJA                    2,493           2,494         14         20                           M-17605
V0RJ    V ROJA                    2,608           2,609         14         20                           M-17606
V0RJ    V ROJA                    2,506           2,507         14         20                           M-17607
V0RJ    V ROJA                    2,558           2,559         14         20                           M-17608


------------------------------------------------------------------------------------------------------------------------
T.SUB-LOTES              TOT.PAQUETES =83      TOT.UNID. = 1660   T/P NETO (kg) = 199,748      T/P BRUTO (kg) = 199,831
------------------------------------------------------------------------------------------------------------------------
