
EMPRESA NACIONAL DE MINERIA (ENM) PRODUCTOR          PACKING LIST                             PAG.  :   1
NATIONAL MINING COMPANY                       CODIGO DE LOTE   : G-2898                      FECHA :31/07/2023
                                              -----------------------------
FLUJO        : 
DESCRIPCION  : CATODOS EW CERRO NEGRO
N° INSTR. DE EMBARQUE : 931268
CLIENTE      : 
Lote Sipa    : 23070435

----------------------------------------------------------------------------------------------------------------------------- 
MARCA       DESCRIPCION         PESO NETO      PESO BRUTO     GRUPO     UNIDADES       UBICACION         SERIE                
-----------------------------------------------------------------------------------------------------------------------------

09AM    NUEVE FRANAJAS AMARILLA   2,009           2,010                    53                           G-2898 
09AM    NUEVE FRANAJAS AMARILLA   2,033           2,034                    54                           G-2899 
09AM    NUEVE FRANAJAS AMARILLA   2,027           2,028                    63                           G-2900 
09AM    NUEVE FRANAJAS AMARILLA   2,064           2,065                    59                           G-2901 
09AM    NUEVE FRANAJAS AMARILLA   1,961           1,962                    51                           G-2902 
09AM    NUEVE FRANAJAS AMARILLA   1,986           1,987                    59                           G-2903 
09AM    NUEVE FRANAJAS AMARILLA   1,976           1,977                    58                           G-2904 
09AM    NUEVE FRANAJAS AMARILLA   2,027           2,028                    40                           G-2905 
09AM    NUEVE FRANAJAS AMARILLA   2,037           2,038                    53                           G-2906 
09AM    NUEVE FRANAJAS AMARILLA   2,025           2,026                    55                           G-2907 
09AM    NUEVE FRANAJAS AMARILLA   2,058           2,059                    78                           G-2908 
09AM    NUEVE FRANAJAS AMARILLA   2,080           2,081                    40                           G-2909 
09AM    NUEVE FRANAJAS AMARILLA   2,061           2,062                    67                           G-2910 
09AM    NUEVE FRANAJAS AMARILLA   1,951           1,952                    52                           G-2911 
09AM    NUEVE FRANAJAS AMARILLA   1,972           1,973                    66                           G-2912 


------------------------------------------------------------------------------------------------------------------------
T.SUB-LOTES              TOT.PAQUETES =15      TOT.UNID. = 848   T/P NETO (kg) = 30,267      T/P BRUTO (kg) = 30,282
------------------------------------------------------------------------------------------------------------------------
