
EMPRESA NACIONAL DE MINERIA (ENM) PRODUCTOR          PACKING LIST                             PAG.  :   1
NATIONAL MINING COMPANY                       CODIGO DE LOTE   : M-8550                      FECHA :18/12/2020
                                              -----------------------------
FLUJO        : 
DESCRIPCION  : CATODOS GRADO A
N° INSTR. DE EMBARQUE : 26373
CLIENTE      : UTE
Lote Sipa    : 

----------------------------------------------------------------------------------------------------------------------------- 
MARCA       DESCRIPCION         PESO NETO      PESO BRUTO     GRUPO     UNIDADES       UBICACION         SERIE                
-----------------------------------------------------------------------------------------------------------------------------

X0CE    EQUIS CELESTE             2,056           2,057         39         20                           M-8550 
X0CE    EQUIS CELESTE             2,096           2,097         39         20                           M-8551 
X0CE    EQUIS CELESTE             2,230           2,231         39         20                           M-8552 
X0CE    EQUIS CELESTE             2,184           2,185         39         20                           M-8553 
X0CE    EQUIS CELESTE             2,154           2,155         39         20                           M-8554 
X0CE    EQUIS CELESTE             2,123           2,124         39         20                           M-8555 
X0CE    EQUIS CELESTE             1,943           1,944         39         20                           M-8556 
X0CE    EQUIS CELESTE             2,085           2,086         39         20                           M-8557 
X0CE    EQUIS CELESTE             2,219           2,220         39         20                           M-8558 
X0CE    EQUIS CELESTE             2,142           2,143         39         20                           M-8559 
X0CE    EQUIS CELESTE             2,080           2,081         39         20                           M-8560 
X0CE    EQUIS CELESTE             1,915           1,916         39         20                           M-8561 
X0CE    EQUIS CELESTE             2,154           2,155         39         20                           M-8562 
X0CE    EQUIS CELESTE             2,216           2,217         39         20                           M-8563 
X0CE    EQUIS CELESTE             2,127           2,128         39         20                           M-8564 
X0CE    EQUIS CELESTE             2,101           2,102         39         20                           M-8565 
X0CE    EQUIS CELESTE             1,997           1,998         39         20                           M-8566 
X0CE    EQUIS CELESTE             2,091           2,092         39         20                           M-8567 
X0CE    EQUIS CELESTE             2,222           2,223         39         20                           M-8568 
X0CE    EQUIS CELESTE             2,343           2,344         39         20                           M-8569 
X0CE    EQUIS CELESTE             2,090           2,091         39         20                           M-8570 
X0CE    EQUIS CELESTE             2,357           2,358         06         20                           M-8571 
X0CE    EQUIS CELESTE             2,393           2,394         06         20                           M-8572 
X0CE    EQUIS CELESTE             2,209           2,210         16         20                           M-8573 
X0CE    EQUIS CELESTE             2,281           2,282         16         20                           M-8574 
X0CE    EQUIS CELESTE             2,287           2,288         16         20                           M-8575 
X0CE    EQUIS CELESTE             2,222           2,223         16         20                           M-8576 
X0CE    EQUIS CELESTE             2,271           2,272         16         20                           M-8577 
X0CE    EQUIS CELESTE             2,284           2,285         16         20                           M-8578 
X0CE    EQUIS CELESTE             2,354           2,355         16         20                           M-8579 
X0CE    EQUIS CELESTE             2,338           2,339         16         20                           M-8580 
X0CE    EQUIS CELESTE             2,312           2,313         16         20                           M-8581 
X0CE    EQUIS CELESTE             2,208           2,209         39         20                           M-8582 
X0CE    EQUIS CELESTE             2,414           2,415         39         20                           M-8583 
X0CE    EQUIS CELESTE             1,934           1,935         39         20                           M-8584 
X0CE    EQUIS CELESTE             2,072           2,073         39         20                           M-8585 
X0CE    EQUIS CELESTE             2,266           2,267         39         20                           M-8586 
X0CE    EQUIS CELESTE             2,151           2,152         39         20                           M-8587 
X0CE    EQUIS CELESTE             2,237           2,238         39         20                           M-8588 
X0CE    EQUIS CELESTE             2,296           2,297         16         20                           M-8589 
X0CE    EQUIS CELESTE             2,328           2,329         16         20                           M-8590 
X0CE    EQUIS CELESTE             2,232           2,233         16         20                           M-8591 
X0CE    EQUIS CELESTE             2,214           2,215         16         20                           M-8592 
X0CE    EQUIS CELESTE             2,367           2,368         16         20                           M-8593 
X0CE    EQUIS CELESTE             2,018           2,019         16         20                           M-8594 









EMPRESA NACIONAL DE MINERIA (ENM) PRODUCTOR          PACKING LIST                             PAG.  :   2
NATIONAL MINING COMPANY                       CODIGO DE LOTE   : M-8550                      FECHA :18/12/2020
                                              -----------------------------
FLUJO        : 
DESCRIPCION  : CATODOS GRADO A
N° INSTR. DE EMBARQUE : 26373
CLIENTE      : UTE
Lote Sipa    : 

----------------------------------------------------------------------------------------------------------------------------- 
MARCA       DESCRIPCION         PESO NETO      PESO BRUTO     GRUPO     UNIDADES       UBICACION         SERIE                
-----------------------------------------------------------------------------------------------------------------------------

X0CE    EQUIS CELESTE             2,222           2,223         16         20                           M-8595 
X0CE    EQUIS CELESTE             2,320           2,321         16         20                           M-8596 
X0CE    EQUIS CELESTE             2,296           2,297         16         20                           M-8597 
X0CE    EQUIS CELESTE             2,298           2,299         16         20                           M-8598 
X0CE    EQUIS CELESTE             2,151           2,152         16         20                           M-8599 
X0CE    EQUIS CELESTE             2,300           2,301         16         20                           M-8600 
X0CE    EQUIS CELESTE             2,459           2,460         26         20                           M-8601 
X0CE    EQUIS CELESTE             2,425           2,426         26         20                           M-8602 
X0CE    EQUIS CELESTE             2,263           2,264         26         20                           M-8603 
X0CE    EQUIS CELESTE             2,351           2,352         22         20                           M-8604 
X0CE    EQUIS CELESTE             2,334           2,335         22         20                           M-8605 
X0CE    EQUIS CELESTE             2,257           2,258         22         20                           M-8606 
X0CE    EQUIS CELESTE             2,339           2,340         22         20                           M-8607 
X0CE    EQUIS CELESTE             2,287           2,288         22         20                           M-8608 
X0CE    EQUIS CELESTE             2,180           2,181         22         20                           M-8609 
X0CE    EQUIS CELESTE             2,184           2,185         22         20                           M-8610 
X0CE    EQUIS CELESTE             2,463           2,464         22         20                           M-8611 
X0CE    EQUIS CELESTE             2,285           2,286         22         20                           M-8612 
X0CE    EQUIS CELESTE             2,200           2,201         22         20                           M-8613 
X0CE    EQUIS CELESTE             2,363           2,364         22         20                           M-8614 
X0CE    EQUIS CELESTE             2,262           2,263         22         20                           M-8615 
X0CE    EQUIS CELESTE             2,327           2,328         22         20                           M-8616 
X0CE    EQUIS CELESTE             2,317           2,318         22         20                           M-8617 
X0CE    EQUIS CELESTE             2,372           2,373         22         20                           M-8618 
X0CE    EQUIS CELESTE             2,369           2,370         22         20                           M-8619 
X0CE    EQUIS CELESTE             2,296           2,297         22         20                           M-8620 
X0CE    EQUIS CELESTE             2,318           2,319         22         20                           M-8621 
X0CE    EQUIS CELESTE             2,297           2,298         22         20                           M-8622 
X0CE    EQUIS CELESTE             2,376           2,377         22         20                           M-8623 
X0CE    EQUIS CELESTE             2,353           2,354         22         20                           M-8624 
X0CE    EQUIS CELESTE             2,326           2,327         22         20                           M-8625 
X0CE    EQUIS CELESTE             2,282           2,283         22         20                           M-8626 
X0CE    EQUIS CELESTE             2,235           2,236         10         20                           M-8627 
X0CE    EQUIS CELESTE             2,282           2,283         22         20                           M-8628 
X0CE    EQUIS CELESTE             2,237           2,238         22         20                           M-8629 
X0CE    EQUIS CELESTE             2,320           2,321         22         20                           M-8630 
X0CE    EQUIS CELESTE             2,298           2,299         10         20                           M-8631 
X0CE    EQUIS CELESTE             2,084           2,085         10         20                           M-8632 
X0CE    EQUIS CELESTE             2,250           2,251         10         20                           M-8633 
X0CE    EQUIS CELESTE             2,243           2,244         22         20                           M-8634 
X0CE    EQUIS CELESTE             2,247           2,248         10         20                           M-8635 
X0CE    EQUIS CELESTE             2,282           2,283         10         20                           M-8636 
X0CE    EQUIS CELESTE             2,365           2,366         10         20                           M-8637 
X0CE    EQUIS CELESTE             2,067           2,068         39         20                           M-8638 
X0CE    EQUIS CELESTE             2,289           2,290         22         20                           M-8639 









EMPRESA NACIONAL DE MINERIA (ENM) PRODUCTOR          PACKING LIST                             PAG.  :   3
NATIONAL MINING COMPANY                       CODIGO DE LOTE   : M-8550                      FECHA :18/12/2020
                                              -----------------------------
FLUJO        : 
DESCRIPCION  : CATODOS GRADO A
N° INSTR. DE EMBARQUE : 26373
CLIENTE      : UTE
Lote Sipa    : 

----------------------------------------------------------------------------------------------------------------------------- 
MARCA       DESCRIPCION         PESO NETO      PESO BRUTO     GRUPO     UNIDADES       UBICACION         SERIE                
-----------------------------------------------------------------------------------------------------------------------------

X0CE    EQUIS CELESTE             2,302           2,303         10         20                           M-8640 
X0CE    EQUIS CELESTE             2,408           2,409         10         20                           M-8641 
X0CE    EQUIS CELESTE             2,333           2,334         22         20                           M-8642 
X0CE    EQUIS CELESTE             2,242           2,243         22         20                           M-8643 
X0CE    EQUIS CELESTE             2,325           2,326         10         20                           M-8644 
X0CE    EQUIS CELESTE             2,285           2,286         10         20                           M-8645 
X0CE    EQUIS CELESTE             2,388           2,389         22         20                           M-8646 
X0CE    EQUIS CELESTE             2,328           2,329         10         20                           M-8647 
X0CE    EQUIS CELESTE             2,219           2,220         22         20                           M-8648 
X0CE    EQUIS CELESTE             2,263           2,264         22         20                           M-8649 
X0CE    EQUIS CELESTE             2,245           2,246         10         20                           M-8650 
X0CE    EQUIS CELESTE             2,249           2,250         22         20                           M-8651 
X0CE    EQUIS CELESTE             2,263           2,264         22         20                           M-8652 
X0CE    EQUIS CELESTE             2,307           2,308         10         20                           M-8653 
X0CE    EQUIS CELESTE             2,246           2,247         22         20                           M-8654 
X0CE    EQUIS CELESTE             2,246           2,247         10         20                           M-8655 
X0CE    EQUIS CELESTE             2,228           2,229         22         20                           M-8656 
X0CE    EQUIS CELESTE             2,314           2,315         10         20                           M-8657 
X0CE    EQUIS CELESTE             2,340           2,341         22         20                           M-8658 
X0CE    EQUIS CELESTE             2,331           2,332         22         20                           M-8659 
X0CE    EQUIS CELESTE             2,166           2,167         10         20                           M-8660 
X0CE    EQUIS CELESTE             2,308           2,309         22         20                           M-8661 
X0CE    EQUIS CELESTE             2,090           2,091         10         20                           M-8662 
X0CE    EQUIS CELESTE             2,399           2,400         22         20                           M-8663 
X0CE    EQUIS CELESTE             2,105           2,106         10         20                           M-8664 
X0CE    EQUIS CELESTE             2,224           2,225         10         20                           M-8665 
X0CE    EQUIS CELESTE             2,220           2,221         10         20                           M-8666 
X0CE    EQUIS CELESTE             2,241           2,242         22         20                           M-8667 
X0CE    EQUIS CELESTE             2,248           2,249         22         20                           M-8668 
X0CE    EQUIS CELESTE             2,371           2,372         10         20                           M-8669 
X0CE    EQUIS CELESTE             2,312           2,313         10         20                           M-8670 
X0CE    EQUIS CELESTE             2,150           2,151         10         20                           M-8671 
X0CE    EQUIS CELESTE             2,339           2,340         22         20                           M-8672 
X0CE    EQUIS CELESTE             2,280           2,281         22         20                           M-8673 
X0CE    EQUIS CELESTE             2,212           2,213         10         20                           M-8674 
X0CE    EQUIS CELESTE             2,268           2,269         22         20                           M-8675 
X0CE    EQUIS CELESTE             2,252           2,253         10         20                           M-8676 
X0CE    EQUIS CELESTE             2,315           2,316         22         20                           M-8677 
X0CE    EQUIS CELESTE             2,322           2,323         22         20                           M-8678 
X0CE    EQUIS CELESTE             2,350           2,351         10         20                           M-8679 
X0CE    EQUIS CELESTE             2,428           2,429         10         20                           M-8680 
X0CE    EQUIS CELESTE             2,397           2,398         10         20                           M-8681 
X0CE    EQUIS CELESTE             2,383           2,384         10         20                           M-8682 


------------------------------------------------------------------------------------------------------------------------
T.SUB-LOTES              TOT.PAQUETES =133      TOT.UNID. = 2660   T/P NETO (kg) = 299,926      T/P BRUTO (kg) = 300,059
------------------------------------------------------------------------------------------------------------------------
