
EMPRESA NACIONAL DE MINERIA (ENM) PRODUCTOR          PACKING LIST                             PAG.  :   1
NATIONAL MINING COMPANY                       CODIGO DE LOTE   : H-2036                      FECHA :20/09/2022
                                              -----------------------------
FLUJO        : 
DESCRIPCION  : CATODOS EW TALTAL
N° INSTR. DE EMBARQUE : 27538
CLIENTE      : GSL ELEFTHERIA
Lote Sipa    : 22080208

----------------------------------------------------------------------------------------------------------------------------- 
MARCA       DESCRIPCION         PESO NETO      PESO BRUTO     GRUPO     UNIDADES       UBICACION         SERIE                
-----------------------------------------------------------------------------------------------------------------------------

01AM    FRANJA AMARILLA           2,027           2,028                    72                           H-2036 
01AM    FRANJA AMARILLA           2,045           2,046                    62                           H-2037 
01AM    FRANJA AMARILLA           2,023           2,024                    71                           H-2038 
01AM    FRANJA AMARILLA           2,032           2,033                    62                           H-2039 
01AM    FRANJA AMARILLA           2,027           2,028                    68                           H-2040 
01AM    FRANJA AMARILLA           2,026           2,027                    65                           H-2041 
01AM    FRANJA AMARILLA           2,008           2,009                    62                           H-2042 
01AM    FRANJA AMARILLA           1,989           1,990                    64                           H-2043 
01AM    FRANJA AMARILLA           2,002           2,003                    69                           H-2044 
01AM    FRANJA AMARILLA           1,994           1,995                    65                           H-2045 
01AM    FRANJA AMARILLA           1,970           1,971                    62                           H-2046 
01AM    FRANJA AMARILLA           1,984           1,985                    67                           H-2047 
01AM    FRANJA AMARILLA           2,032           2,033                    73                           H-2048 
01AM    FRANJA AMARILLA           1,948           1,949                    60                           H-2050 
01AM    FRANJA AMARILLA           1,948           1,949                    63                           H-2051 
01AM    FRANJA AMARILLA           2,020           2,021                    60                           H-2052 
01AM    FRANJA AMARILLA           2,045           2,046                    66                           H-2053 
01AM    FRANJA AMARILLA           1,999           2,000                    67                           H-2054 
01AM    FRANJA AMARILLA           1,996           1,997                    60                           H-2055 
01AM    FRANJA AMARILLA           2,036           2,037                    69                           H-2056 
01AM    FRANJA AMARILLA           1,990           1,991                    63                           H-2057 
01AM    FRANJA AMARILLA           2,027           2,028                    70                           H-2058 
01AM    FRANJA AMARILLA           1,977           1,978                    60                           H-2059 
01AM    FRANJA AMARILLA           1,967           1,968                    63                           H-2060 
01AM    FRANJA AMARILLA           2,025           2,026                    64                           H-2061 
01AM    FRANJA AMARILLA           1,959           1,960                    63                           H-2062 
01AM    FRANJA AMARILLA           2,000           2,001                    64                           H-2064 
01AM    FRANJA AMARILLA           2,014           2,015                    66                           H-2065 
01AM    FRANJA AMARILLA           2,043           2,044                    71                           H-2066 
01AM    FRANJA AMARILLA           2,018           2,019                    67                           H-2067 
01AM    FRANJA AMARILLA           1,990           1,991                    66                           H-2068 
01AM    FRANJA AMARILLA           1,981           1,982                    64                           H-2069 
01AM    FRANJA AMARILLA           1,986           1,987                    65                           H-2070 
01AM    FRANJA AMARILLA           2,001           2,002                    62                           H-2071 
01AM    FRANJA AMARILLA           2,010           2,011                    70                           H-2072 
01AM    FRANJA AMARILLA           1,953           1,954                    62                           H-2073 
01AM    FRANJA AMARILLA           2,034           2,035                    69                           H-2074 
01AM    FRANJA AMARILLA           2,013           2,014                    68                           H-2075 
01AM    FRANJA AMARILLA           2,040           2,041                    69                           H-2076 
01AM    FRANJA AMARILLA           2,017           2,018                    55                           H-2106 
01AM    FRANJA AMARILLA           2,049           2,050                    56                           H-2107 
01AM    FRANJA AMARILLA           2,020           2,021                    55                           H-2108 
01AM    FRANJA AMARILLA           2,048           2,049                    56                           H-2109 
01AM    FRANJA AMARILLA           2,046           2,047                    56                           H-2110 
01AM    FRANJA AMARILLA           1,984           1,985                    54                           H-2111 









EMPRESA NACIONAL DE MINERIA (ENM) PRODUCTOR          PACKING LIST                             PAG.  :   2
NATIONAL MINING COMPANY                       CODIGO DE LOTE   : H-2036                      FECHA :20/09/2022
                                              -----------------------------
FLUJO        : 
DESCRIPCION  : CATODOS EW TALTAL
N° INSTR. DE EMBARQUE : 27538
CLIENTE      : GSL ELEFTHERIA
Lote Sipa    : 22080208

----------------------------------------------------------------------------------------------------------------------------- 
MARCA       DESCRIPCION         PESO NETO      PESO BRUTO     GRUPO     UNIDADES       UBICACION         SERIE                
-----------------------------------------------------------------------------------------------------------------------------

01AM    FRANJA AMARILLA           2,013           2,014                    52                           H-2112 
01AM    FRANJA AMARILLA           2,018           2,019                    55                           H-2113 
01AM    FRANJA AMARILLA           2,015           2,016                    52                           H-2114 
01AM    FRANJA AMARILLA           2,012           2,013                    55                           H-2115 
01AM    FRANJA AMARILLA           2,034           2,035                    57                           H-2116 
01AM    FRANJA AMARILLA           2,042           2,043                    56                           H-2117 
01AM    FRANJA AMARILLA           1,992           1,993                    52                           H-2120 
01AM    FRANJA AMARILLA           2,004           2,005                    57                           H-2121 
01AM    FRANJA AMARILLA           2,040           2,041                    56                           H-2122 
01AM    FRANJA AMARILLA           2,045           2,046                    57                           H-2123 
01AM    FRANJA AMARILLA           2,015           2,016                    75                           H-2124 
01AM    FRANJA AMARILLA           2,028           2,029                    53                           H-2125 
01AM    FRANJA AMARILLA           2,015           2,016                    52                           H-2126 
01AM    FRANJA AMARILLA           2,021           2,022                    55                           H-2127 
01AM    FRANJA AMARILLA           2,046           2,047                    54                           H-2128 
01AM    FRANJA AMARILLA           2,044           2,045                    55                           H-2129 
01AM    FRANJA AMARILLA           1,953           1,954                    73                           H-2130 
01AM    FRANJA AMARILLA           1,977           1,978                    54                           H-2131 
01AM    FRANJA AMARILLA           1,966           1,967                    72                           H-2132 
01AM    FRANJA AMARILLA           1,965           1,966                    71                           H-2134 
01AM    FRANJA AMARILLA           1,954           1,955                    72                           H-2135 
01AM    FRANJA AMARILLA           2,021           2,022                    69                           H-2136 
01AM    FRANJA AMARILLA           2,041           2,042                    73                           H-2137 
01AM    FRANJA AMARILLA           2,025           2,026                    73                           H-2138 
01AM    FRANJA AMARILLA           1,990           1,991                    70                           H-2139 
01AM    FRANJA AMARILLA           2,037           2,038                    68                           H-2140 
01AM    FRANJA AMARILLA           2,034           2,035                    72                           H-2141 
01AM    FRANJA AMARILLA           1,997           1,998                    65                           H-2142 
01AM    FRANJA AMARILLA           1,999           2,000                    72                           H-2143 
01AM    FRANJA AMARILLA           1,990           1,991                    66                           H-2144 
01AM    FRANJA AMARILLA           2,022           2,023                    64                           H-2145 
01AM    FRANJA AMARILLA           2,028           2,029                    65                           H-2146 
01AM    FRANJA AMARILLA           1,989           1,990                    77                           H-2148 
01AM    FRANJA AMARILLA           2,009           2,010                    76                           H-2149 
01AM    FRANJA AMARILLA           2,019           2,020                    77                           H-2150 
01AM    FRANJA AMARILLA           2,040           2,041                    65                           H-2151 
01AM    FRANJA AMARILLA           2,008           2,009                    81                           H-2152 
01AM    FRANJA AMARILLA           2,003           2,004                    66                           H-2153 
01AM    FRANJA AMARILLA           2,016           2,017                    63                           H-2154 
01AM    FRANJA AMARILLA           2,030           2,031                    64                           H-2155 
01AM    FRANJA AMARILLA           2,008           2,009                    78                           H-2156 
01AM    FRANJA AMARILLA           1,996           1,997                    67                           H-2157 
01AM    FRANJA AMARILLA           2,020           2,021                    67                           H-2158 
01AM    FRANJA AMARILLA           2,044           2,045                    66                           H-2159 
01AM    FRANJA AMARILLA           2,039           2,040                    68                           H-2160 









EMPRESA NACIONAL DE MINERIA (ENM) PRODUCTOR          PACKING LIST                             PAG.  :   3
NATIONAL MINING COMPANY                       CODIGO DE LOTE   : H-2036                      FECHA :20/09/2022
                                              -----------------------------
FLUJO        : 
DESCRIPCION  : CATODOS EW TALTAL
N° INSTR. DE EMBARQUE : 27538
CLIENTE      : GSL ELEFTHERIA
Lote Sipa    : 22080208

----------------------------------------------------------------------------------------------------------------------------- 
MARCA       DESCRIPCION         PESO NETO      PESO BRUTO     GRUPO     UNIDADES       UBICACION         SERIE                
-----------------------------------------------------------------------------------------------------------------------------

01AM    FRANJA AMARILLA           2,045           2,046                    73                           H-2290 
01AM    FRANJA AMARILLA           2,021           2,022                    71                           H-2291 
01AM    FRANJA AMARILLA           2,001           2,002                    71                           H-2292 
01AM    FRANJA AMARILLA           1,963           1,964                    75                           H-2293 
01AM    FRANJA AMARILLA           2,035           2,036                    74                           H-2294 
01AM    FRANJA AMARILLA           2,035           2,036                    73                           H-2295 
01AM    FRANJA AMARILLA           2,021           2,022                    78                           H-2296 
01AM    FRANJA AMARILLA           1,981           1,982                    70                           H-2297 
01AM    FRANJA AMARILLA           1,995           1,996                    71                           H-2298 
01AM    FRANJA AMARILLA           2,015           2,016                    71                           H-2299 
01AM    FRANJA AMARILLA           2,023           2,024                    71                           H-2300 
01AM    FRANJA AMARILLA           2,010           2,011                    71                           H-2301 
01AM    FRANJA AMARILLA           2,026           2,027                    70                           H-2302 


------------------------------------------------------------------------------------------------------------------------
T.SUB-LOTES              TOT.PAQUETES =103      TOT.UNID. = 6731   T/P NETO (kg) = 207,118      T/P BRUTO (kg) = 207,221
------------------------------------------------------------------------------------------------------------------------
