
EMPRESA NACIONAL DE MINERIA (ENM) PRODUCTOR          PACKING LIST                             PAG.  :   1
NATIONAL MINING COMPANY                       CODIGO DE LOTE   : E-2000                      FECHA :31/05/2022
                                              -----------------------------
FLUJO        : 
DESCRIPCION  : CATODOS EW EL SALADO
N° INSTR. DE EMBARQUE : 929488
CLIENTE      : 
Lote Sipa    : 22050656

----------------------------------------------------------------------------------------------------------------------------- 
MARCA       DESCRIPCION         PESO NETO      PESO BRUTO     GRUPO     UNIDADES       UBICACION         SERIE                
-----------------------------------------------------------------------------------------------------------------------------

23VE    VEINTE Y TRES FRANJAS VE  1,996           1,997                    68                           E-2000 
23VE    VEINTE Y TRES FRANJAS VE  1,990           1,991                    78                           E-2001 
23VE    VEINTE Y TRES FRANJAS VE  2,042           2,043                    75                           E-2002 
23VE    VEINTE Y TRES FRANJAS VE  1,963           1,964                    73                           E-2003 
23VE    VEINTE Y TRES FRANJAS VE  2,036           2,037                    70                           E-2004 
23VE    VEINTE Y TRES FRANJAS VE  2,033           2,034                    76                           E-2005 
23VE    VEINTE Y TRES FRANJAS VE  1,991           1,992                    79                           E-2006 
23VE    VEINTE Y TRES FRANJAS VE  1,981           1,982                    67                           E-2007 
23VE    VEINTE Y TRES FRANJAS VE  1,972           1,973                    69                           E-2008 
23VE    VEINTE Y TRES FRANJAS VE  2,044           2,045                    83                           E-2009 
23VE    VEINTE Y TRES FRANJAS VE  2,036           2,037                    74                           E-2010 
23VE    VEINTE Y TRES FRANJAS VE  1,975           1,976                    86                           E-2011 
23VE    VEINTE Y TRES FRANJAS VE  2,024           2,025                    75                           E-2012 
23VE    VEINTE Y TRES FRANJAS VE  1,957           1,958                    73                           E-2013 


------------------------------------------------------------------------------------------------------------------------
T.SUB-LOTES              TOT.PAQUETES =14      TOT.UNID. = 1046   T/P NETO (kg) = 28,040      T/P BRUTO (kg) = 28,054
------------------------------------------------------------------------------------------------------------------------
