
EMPRESA NACIONAL DE MINERIA (ENM) PRODUCTOR          PACKING LIST                             PAG.  :   1
NATIONAL MINING COMPANY                       CODIGO DE LOTE   : M-14215                      FECHA :18/01/2023
                                              -----------------------------
FLUJO        : 
DESCRIPCION  : CATODOS GRADO A
N° INSTR. DE EMBARQUE : 27759
CLIENTE      : CISNES
Lote Sipa    : 

----------------------------------------------------------------------------------------------------------------------------- 
MARCA       DESCRIPCION         PESO NETO      PESO BRUTO     GRUPO     UNIDADES       UBICACION         SERIE                
-----------------------------------------------------------------------------------------------------------------------------

01CE    FRANJA CELESTE            2,305           2,306         42         20                           M-14215
01CE    FRANJA CELESTE            2,273           2,274         42         20                           M-14216
01CE    FRANJA CELESTE            2,397           2,398         42         20                           M-14217
01CE    FRANJA CELESTE            2,335           2,336         42         20                           M-14218
01CE    FRANJA CELESTE            2,285           2,286         42         20                           M-14219
01CE    FRANJA CELESTE            2,428           2,429         42         20                           M-14220
01CE    FRANJA CELESTE            2,447           2,448         42         20                           M-14221
01CE    FRANJA CELESTE            2,269           2,270         42         20                           M-14222
01CE    FRANJA CELESTE            2,369           2,370         42         20                           M-14223
01CE    FRANJA CELESTE            2,306           2,307         42         20                           M-14224
01CE    FRANJA CELESTE            2,267           2,268         42         20                           M-14225
01CE    FRANJA CELESTE            2,445           2,446         42         20                           M-14226
01CE    FRANJA CELESTE            2,364           2,365         42         20                           M-14227
01CE    FRANJA CELESTE            2,496           2,497         42         20                           M-14228
01CE    FRANJA CELESTE            2,319           2,320         42         20                           M-14229
01CE    FRANJA CELESTE            2,439           2,440         42         20                           M-14230
01CE    FRANJA CELESTE            2,504           2,505         42         20                           M-14231
01CE    FRANJA CELESTE            2,368           2,369         42         20                           M-14232
01CE    FRANJA CELESTE            2,451           2,452         42         20                           M-14233
01CE    FRANJA CELESTE            2,462           2,463         42         20                           M-14234
01CE    FRANJA CELESTE            2,244           2,245         42         20                           M-14235
01CE    FRANJA CELESTE            2,198           2,199         42         20                           M-14236
01CE    FRANJA CELESTE            2,458           2,459         42         20                           M-14237
01CE    FRANJA CELESTE            2,350           2,351         42         20                           M-14238
01CE    FRANJA CELESTE            2,378           2,379         42         20                           M-14239
01CE    FRANJA CELESTE            2,281           2,282         42         20                           M-14240
01CE    FRANJA CELESTE            2,521           2,522         42         20                           M-14241
01CE    FRANJA CELESTE            2,215           2,216         42         20                           M-14242
01CE    FRANJA CELESTE            2,315           2,316         42         20                           M-14243
01CE    FRANJA CELESTE            2,227           2,228         42         20                           M-14244
01CE    FRANJA CELESTE            2,409           2,410         42         20                           M-14245
01CE    FRANJA CELESTE            2,394           2,395         42         20                           M-14246
01CE    FRANJA CELESTE            2,464           2,465         42         20                           M-14247
01CE    FRANJA CELESTE            2,286           2,287         42         20                           M-14248
01CE    FRANJA CELESTE            2,443           2,444         42         20                           M-14249
01CE    FRANJA CELESTE            2,403           2,404         42         20                           M-14250
01CE    FRANJA CELESTE            2,308           2,309         42         20                           M-14251
01CE    FRANJA CELESTE            2,191           2,192         42         20                           M-14252
01CE    FRANJA CELESTE            2,207           2,208         42         20                           M-14253
01CE    FRANJA CELESTE            2,487           2,488         42         20                           M-14254
01CE    FRANJA CELESTE            2,268           2,269         42         20                           M-14255
01CE    FRANJA CELESTE            2,449           2,450         42         20                           M-14256
01CE    FRANJA CELESTE            2,248           2,249         42         20                           M-14257
01CE    FRANJA CELESTE            2,425           2,426         42         20                           M-14258
01CE    FRANJA CELESTE            2,360           2,361         42         20                           M-14259









EMPRESA NACIONAL DE MINERIA (ENM) PRODUCTOR          PACKING LIST                             PAG.  :   2
NATIONAL MINING COMPANY                       CODIGO DE LOTE   : M-14215                      FECHA :18/01/2023
                                              -----------------------------
FLUJO        : 
DESCRIPCION  : CATODOS GRADO A
N° INSTR. DE EMBARQUE : 27759
CLIENTE      : CISNES
Lote Sipa    : 

----------------------------------------------------------------------------------------------------------------------------- 
MARCA       DESCRIPCION         PESO NETO      PESO BRUTO     GRUPO     UNIDADES       UBICACION         SERIE                
-----------------------------------------------------------------------------------------------------------------------------

01CE    FRANJA CELESTE            2,435           2,436         42         20                           M-14260
01CE    FRANJA CELESTE            2,415           2,416         42         20                           M-14261
01CE    FRANJA CELESTE            2,425           2,426         42         20                           M-14262
01CE    FRANJA CELESTE            2,337           2,338         42         20                           M-14263
01CE    FRANJA CELESTE            2,497           2,498         42         20                           M-14264
01CE    FRANJA CELESTE            2,459           2,460         42         20                           M-14265
01CE    FRANJA CELESTE            2,455           2,456         42         20                           M-14266
01CE    FRANJA CELESTE            2,453           2,454         42         20                           M-14267
01CE    FRANJA CELESTE            2,477           2,478         42         20                           M-14268
01CE    FRANJA CELESTE            2,424           2,425         42         20                           M-14269
01CE    FRANJA CELESTE            2,270           2,271         42         20                           M-14270
01CE    FRANJA CELESTE            2,101           2,102         37         20                           M-14271
01CE    FRANJA CELESTE            2,131           2,132         37         20                           M-14272
01CE    FRANJA CELESTE            2,057           2,058         37         20                           M-14273
01CE    FRANJA CELESTE            2,429           2,430         37         20                           M-14274
01CE    FRANJA CELESTE            2,339           2,340         37         20                           M-14275
01CE    FRANJA CELESTE            2,112           2,113         37         20                           M-14276
01CE    FRANJA CELESTE            2,417           2,418         37         20                           M-14277
01CE    FRANJA CELESTE            2,325           2,326         37         20                           M-14278
01CE    FRANJA CELESTE            2,440           2,441         37         20                           M-14279
01CE    FRANJA CELESTE            2,293           2,294         11         20                           M-14280
01CE    FRANJA CELESTE            2,102           2,103         11         20                           M-14281
01CE    FRANJA CELESTE            2,222           2,223         11         20                           M-14282
01CE    FRANJA CELESTE            2,251           2,252         11         20                           M-14283
01CE    FRANJA CELESTE            2,435           2,436         37         20                           M-14284
01CE    FRANJA CELESTE            2,326           2,327         11         20                           M-14285
01CE    FRANJA CELESTE            2,215           2,216         37         20                           M-14286
01CE    FRANJA CELESTE            2,170           2,171         11         20                           M-14287
01CE    FRANJA CELESTE            2,394           2,395         37         20                           M-14288
01CE    FRANJA CELESTE            2,314           2,315         11         20                           M-14289
01CE    FRANJA CELESTE            2,509           2,510         11         20                           M-14290
01CE    FRANJA CELESTE            2,265           2,266         37         20                           M-14291
01CE    FRANJA CELESTE            2,193           2,194         11         20                           M-14292
01CE    FRANJA CELESTE            2,263           2,264         11         20                           M-14293
01CE    FRANJA CELESTE            2,450           2,451         37         20                           M-14294
01CE    FRANJA CELESTE            2,235           2,236         11         20                           M-14295
01CE    FRANJA CELESTE            2,453           2,454         37         20                           M-14296
01CE    FRANJA CELESTE            2,361           2,362         11         20                           M-14297
01CE    FRANJA CELESTE            2,190           2,191         11         20                           M-14298
01CE    FRANJA CELESTE            2,219           2,220         11         20                           M-14299
01CE    FRANJA CELESTE            2,417           2,418         37         20                           M-14300
01CE    FRANJA CELESTE            2,360           2,361         11         20                           M-14301
01CE    FRANJA CELESTE            2,440           2,441         37         20                           M-14302
01CE    FRANJA CELESTE            2,355           2,356         11         20                           M-14303
01CE    FRANJA CELESTE            2,165           2,166         11         20                           M-14304









EMPRESA NACIONAL DE MINERIA (ENM) PRODUCTOR          PACKING LIST                             PAG.  :   3
NATIONAL MINING COMPANY                       CODIGO DE LOTE   : M-14215                      FECHA :18/01/2023
                                              -----------------------------
FLUJO        : 
DESCRIPCION  : CATODOS GRADO A
N° INSTR. DE EMBARQUE : 27759
CLIENTE      : CISNES
Lote Sipa    : 

----------------------------------------------------------------------------------------------------------------------------- 
MARCA       DESCRIPCION         PESO NETO      PESO BRUTO     GRUPO     UNIDADES       UBICACION         SERIE                
-----------------------------------------------------------------------------------------------------------------------------

01CE    FRANJA CELESTE            2,374           2,375         11         20                           M-14305
01CE    FRANJA CELESTE            2,465           2,466         11         20                           M-14306
01CE    FRANJA CELESTE            2,243           2,244         11         20                           M-14307
01CE    FRANJA CELESTE            2,354           2,355         11         20                           M-14308
01CE    FRANJA CELESTE            2,459           2,460         37         20                           M-14309
01CE    FRANJA CELESTE            2,361           2,362         11         20                           M-14310
01CE    FRANJA CELESTE            2,441           2,442         37         20                           M-14311
01CE    FRANJA CELESTE            2,226           2,227         11         20                           M-14312
01CE    FRANJA CELESTE            2,378           2,379         37         20                           M-14313
01CE    FRANJA CELESTE            2,162           2,163         11         20                           M-14314
01CE    FRANJA CELESTE            2,164           2,165         37         20                           M-14315
01CE    FRANJA CELESTE            2,327           2,328         11         20                           M-14316
01CE    FRANJA CELESTE            2,453           2,454         37         20                           M-14317
01CE    FRANJA CELESTE            2,395           2,396         37         20                           M-14318
01CE    FRANJA CELESTE            2,069           2,070         37         20                           M-14319
01CE    FRANJA CELESTE            2,360           2,361         11         20                           M-14320
01CE    FRANJA CELESTE            2,449           2,450         37         20                           M-14321
01CE    FRANJA CELESTE            2,418           2,419         11         20                           M-14322
01CE    FRANJA CELESTE            2,451           2,452         37         20                           M-14323
01CE    FRANJA CELESTE            2,280           2,281         11         20                           M-14324
01CE    FRANJA CELESTE            2,366           2,367         11         20                           M-14325
01CE    FRANJA CELESTE            2,346           2,347         11         20                           M-14326
01CE    FRANJA CELESTE            2,392           2,393         11         20                           M-14327
01CE    FRANJA CELESTE            2,364           2,365         11         20                           M-14328
01CE    FRANJA CELESTE            2,309           2,310         11         20                           M-14329
01CE    FRANJA CELESTE            2,291           2,292         11         20                           M-14330
01CE    FRANJA CELESTE            2,293           2,294         37         20                           M-14331
01CE    FRANJA CELESTE            2,389           2,390         11         20                           M-14332
01CE    FRANJA CELESTE            2,375           2,376         11         20                           M-14333
01CE    FRANJA CELESTE            2,310           2,311         11         20                           M-14334
01CE    FRANJA CELESTE            2,387           2,388         37         20                           M-14335
01CE    FRANJA CELESTE            2,384           2,385         11         20                           M-14336
01CE    FRANJA CELESTE            2,431           2,432         37         20                           M-14337
01CE    FRANJA CELESTE            2,295           2,296         11         20                           M-14338
01CE    FRANJA CELESTE            2,429           2,430         11         20                           M-14339
01CE    FRANJA CELESTE            2,389           2,390         11         20                           M-14340
01CE    FRANJA CELESTE            2,501           2,502         11         20                           M-14341
01CE    FRANJA CELESTE            2,371           2,372         11         20                           M-14342
01CE    FRANJA CELESTE            2,361           2,362         37         20                           M-14343
01CE    FRANJA CELESTE            2,428           2,429         11         20                           M-14344
01CE    FRANJA CELESTE            2,407           2,408         11         20                           M-14345
01CE    FRANJA CELESTE            2,402           2,403         11         20                           M-14346
01CE    FRANJA CELESTE            2,331           2,332         11         20                           M-14347
01CE    FRANJA CELESTE            2,394           2,395         11         20                           M-14348
01CE    FRANJA CELESTE            2,462           2,463         11         20                           M-14349









EMPRESA NACIONAL DE MINERIA (ENM) PRODUCTOR          PACKING LIST                             PAG.  :   4
NATIONAL MINING COMPANY                       CODIGO DE LOTE   : M-14215                      FECHA :18/01/2023
                                              -----------------------------
FLUJO        : 
DESCRIPCION  : CATODOS GRADO A
N° INSTR. DE EMBARQUE : 27759
CLIENTE      : CISNES
Lote Sipa    : 

----------------------------------------------------------------------------------------------------------------------------- 
MARCA       DESCRIPCION         PESO NETO      PESO BRUTO     GRUPO     UNIDADES       UBICACION         SERIE                
-----------------------------------------------------------------------------------------------------------------------------

01CE    FRANJA CELESTE            2,431           2,432         11         20                           M-14350
01CE    FRANJA CELESTE            2,419           2,420         11         20                           M-14351
01CE    FRANJA CELESTE            2,380           2,381         11         20                           M-14352
01CE    FRANJA CELESTE            2,425           2,426         11         20                           M-14353
01CE    FRANJA CELESTE            2,391           2,392         11         20                           M-14354
01CE    FRANJA CELESTE            2,434           2,435         11         20                           M-14355
01CE    FRANJA CELESTE            2,367           2,368         37         20                           M-14356
01CE    FRANJA CELESTE            2,157           2,158         37         20                           M-14357
01CE    FRANJA CELESTE            2,069           2,070         37         20                           M-14358
01CE    FRANJA CELESTE            2,475           2,476         11         20                           M-14359
01CE    FRANJA CELESTE            2,263           2,264         11         20                           M-14360
01CE    FRANJA CELESTE            2,281           2,282         11         20                           M-14361
01CE    FRANJA CELESTE            2,401           2,402         37         20                           M-14362
01CE    FRANJA CELESTE            2,428           2,429         11         20                           M-14363


------------------------------------------------------------------------------------------------------------------------
T.SUB-LOTES              TOT.PAQUETES =149      TOT.UNID. = 2980   T/P NETO (kg) = 349,810      T/P BRUTO (kg) = 349,959
------------------------------------------------------------------------------------------------------------------------
