
EMPRESA NACIONAL DE MINERIA (ENM) PRODUCTOR          PACKING LIST                             PAG.  :   1
NATIONAL MINING COMPANY                       CODIGO DE LOTE   : I-9670                      FECHA :25/09/2019
                                              -----------------------------
FLUJO        : 
DESCRIPCION  : CATODOS GRADO A
N° INSTR. DE EMBARQUE : 25479
CLIENTE      : NORDIC BEIJING
Lote Sipa    : 19090120

----------------------------------------------------------------------------------------------------------------------------- 
MARCA       DESCRIPCION         PESO NETO      PESO BRUTO     GRUPO     UNIDADES       UBICACION         SERIE                
-----------------------------------------------------------------------------------------------------------------------------

01VE    FRANJA VERDE              2,226           2,227         13         20                           I-9670 
01VE    FRANJA VERDE              2,229           2,230         31         20                           I-9671 
01VE    FRANJA VERDE              2,325           2,326         31         20                           I-9672 
01VE    FRANJA VERDE              2,188           2,189         25         20                           I-9673 
01VE    FRANJA VERDE              2,075           2,076         29         20                           I-9674 
01VE    FRANJA VERDE              2,233           2,234         29         20                           I-9675 
01VE    FRANJA VERDE              2,098           2,099         29         20                           I-9676 
01VE    FRANJA VERDE              2,016           2,017         29         20                           I-9677 
01VE    FRANJA VERDE              2,036           2,037         29         20                           I-9678 
01VE    FRANJA VERDE              2,352           2,353         41         20                           I-9679 
01VE    FRANJA VERDE              2,367           2,368         41         20                           I-9680 
01VE    FRANJA VERDE              1,960           1,961         41         20                           I-9681 
01VE    FRANJA VERDE              2,400           2,401         41         20                           I-9682 
01VE    FRANJA VERDE              2,391           2,392         41         20                           I-9683 
01VE    FRANJA VERDE              2,016           2,017         41         20                           I-9684 
01VE    FRANJA VERDE              2,127           2,128         41         20                           I-9685 
01VE    FRANJA VERDE              2,418           2,419         41         20                           I-9686 
01VE    FRANJA VERDE              2,161           2,162         41         20                           I-9687 
01VE    FRANJA VERDE              2,494           2,495         41         20                           I-9688 
01VE    FRANJA VERDE              2,161           2,162         41         20                           I-9689 
01VE    FRANJA VERDE              2,400           2,401         41         20                           I-9690 
01VE    FRANJA VERDE              2,414           2,415         44         20                           I-9691 
01VE    FRANJA VERDE              2,030           2,031         44         20                           I-9692 
01VE    FRANJA VERDE              2,173           2,174         44         20                           I-9693 
01VE    FRANJA VERDE              2,508           2,509         44         20                           I-9694 
01VE    FRANJA VERDE              2,067           2,068         25         20                           I-9695 
01VE    FRANJA VERDE              2,418           2,419         25         20                           I-9696 
01VE    FRANJA VERDE              2,146           2,147         25         20                           I-9697 
01VE    FRANJA VERDE              2,458           2,459         41         20                           I-9698 
01VE    FRANJA VERDE              2,166           2,167         25         20                           I-9699 
01VE    FRANJA VERDE              2,362           2,363         41         20                           I-9700 
01VE    FRANJA VERDE              2,238           2,239         41         20                           I-9701 
01VE    FRANJA VERDE              2,447           2,448         41         20                           I-9702 
01VE    FRANJA VERDE              2,238           2,239         41         20                           I-9703 
01VE    FRANJA VERDE              2,327           2,328         41         20                           I-9704 
01VE    FRANJA VERDE              2,177           2,178         29         20                           I-9705 
01VE    FRANJA VERDE              2,182           2,183         29         20                           I-9706 
01VE    FRANJA VERDE              2,237           2,238         29         20                           I-9707 
01VE    FRANJA VERDE              2,410           2,411         41         20                           I-9708 
01VE    FRANJA VERDE              2,127           2,128         41         20                           I-9709 
01VE    FRANJA VERDE              2,107           2,108         29         20                           I-9710 
01VE    FRANJA VERDE              2,468           2,469         41         20                           I-9711 
01VE    FRANJA VERDE              2,146           2,147         29         20                           I-9712 
01VE    FRANJA VERDE              2,062           2,063         29         20                           I-9713 
01VE    FRANJA VERDE              2,123           2,124         29         20                           I-9714 









EMPRESA NACIONAL DE MINERIA (ENM) PRODUCTOR          PACKING LIST                             PAG.  :   2
NATIONAL MINING COMPANY                       CODIGO DE LOTE   : I-9670                      FECHA :25/09/2019
                                              -----------------------------
FLUJO        : 
DESCRIPCION  : CATODOS GRADO A
N° INSTR. DE EMBARQUE : 25479
CLIENTE      : NORDIC BEIJING
Lote Sipa    : 19090120

----------------------------------------------------------------------------------------------------------------------------- 
MARCA       DESCRIPCION         PESO NETO      PESO BRUTO     GRUPO     UNIDADES       UBICACION         SERIE                
-----------------------------------------------------------------------------------------------------------------------------

01VE    FRANJA VERDE              2,362           2,363         41         20                           I-9715 
01VE    FRANJA VERDE              2,088           2,089         25         20                           I-9716 
01VE    FRANJA VERDE              2,348           2,349         41         20                           I-9717 
01VE    FRANJA VERDE              2,088           2,089         41         20                           I-9718 
01VE    FRANJA VERDE              2,070           2,071         25         20                           I-9719 
01VE    FRANJA VERDE              2,328           2,329         41         20                           I-9720 
01VE    FRANJA VERDE              2,113           2,114         29         20                           I-9721 
01VE    FRANJA VERDE              2,119           2,120         29         20                           I-9722 
01VE    FRANJA VERDE              2,089           2,090         25         20                           I-9723 
01VE    FRANJA VERDE              2,309           2,310         41         20                           I-9724 
01VE    FRANJA VERDE              2,139           2,140         25         20                           I-9725 
01VE    FRANJA VERDE              2,142           2,143         29         20                           I-9726 
01VE    FRANJA VERDE              2,156           2,157         29         20                           I-9727 
01VE    FRANJA VERDE              2,044           2,045         25         20                           I-9728 
01VE    FRANJA VERDE              2,139           2,140         25         20                           I-9729 
01VE    FRANJA VERDE              2,362           2,363         25         20                           I-9730 
01VE    FRANJA VERDE              2,243           2,244         25         20                           I-9731 
01VE    FRANJA VERDE              2,323           2,324         41         20                           I-9732 
01VE    FRANJA VERDE              2,334           2,335         41         20                           I-9733 
01VE    FRANJA VERDE              2,184           2,185         29         20                           I-9734 
01VE    FRANJA VERDE              2,535           2,536         41         20                           I-9735 
01VE    FRANJA VERDE              2,035           2,036         25         20                           I-9736 
01VE    FRANJA VERDE              2,066           2,067         25         20                           I-9737 
01VE    FRANJA VERDE              2,483           2,484         41         20                           I-9738 
01VE    FRANJA VERDE              2,522           2,523         41         20                           I-9739 
01VE    FRANJA VERDE              1,914           1,915         29         20                           I-9740 
01VE    FRANJA VERDE              1,921           1,922         29         20                           I-9741 
01VE    FRANJA VERDE              2,539           2,540         29         20                           I-9742 
01VE    FRANJA VERDE              2,530           2,531         41         20                           I-9743 
01VE    FRANJA VERDE              2,117           2,118         25         20                           I-9744 
01VE    FRANJA VERDE              2,060           2,061         25         20                           I-9745 
01VE    FRANJA VERDE              2,444           2,445         41         20                           I-9746 
01VE    FRANJA VERDE              2,006           2,007         25         20                           I-9747 
01VE    FRANJA VERDE              2,151           2,152         41         20                           I-9748 
01VE    FRANJA VERDE              1,941           1,942         25         20                           I-9749 
01VE    FRANJA VERDE              2,138           2,139         41         20                           I-9750 
01VE    FRANJA VERDE              1,905           1,906         29         20                           I-9751 
01VE    FRANJA VERDE              2,045           2,046         41         20                           I-9752 
01VE    FRANJA VERDE              2,000           2,001         25         20                           I-9753 
01VE    FRANJA VERDE              2,123           2,124         25         20                           I-9754 
01VE    FRANJA VERDE              2,103           2,104         25         20                           I-9755 
01VE    FRANJA VERDE              2,070           2,071         25         20                           I-9756 
01VE    FRANJA VERDE              2,416           2,417         41         20                           I-9757 
01VE    FRANJA VERDE              1,983           1,984         25         20                           I-9758 
01VE    FRANJA VERDE              2,401           2,402         41         20                           I-9759 









EMPRESA NACIONAL DE MINERIA (ENM) PRODUCTOR          PACKING LIST                             PAG.  :   3
NATIONAL MINING COMPANY                       CODIGO DE LOTE   : I-9670                      FECHA :25/09/2019
                                              -----------------------------
FLUJO        : 
DESCRIPCION  : CATODOS GRADO A
N° INSTR. DE EMBARQUE : 25479
CLIENTE      : NORDIC BEIJING
Lote Sipa    : 19090120

----------------------------------------------------------------------------------------------------------------------------- 
MARCA       DESCRIPCION         PESO NETO      PESO BRUTO     GRUPO     UNIDADES       UBICACION         SERIE                
-----------------------------------------------------------------------------------------------------------------------------

01VE    FRANJA VERDE              2,097           2,098         29         20                           I-9760 
01VE    FRANJA VERDE              2,111           2,112         25         20                           I-9761 
01VE    FRANJA VERDE              2,351           2,352         41         20                           I-9762 
01VE    FRANJA VERDE              2,172           2,173         25         20                           I-9763 
01VE    FRANJA VERDE              2,086           2,087         29         20                           I-9764 
01VE    FRANJA VERDE              2,389           2,390         41         20                           I-9765 
01VE    FRANJA VERDE              1,955           1,956         29         20                           I-9766 
01VE    FRANJA VERDE              2,404           2,405         33         20                           I-9767 
01VE    FRANJA VERDE              2,231           2,232         43         20                           I-9768 
01VE    FRANJA VERDE              2,016           2,017         29         20                           I-9769 
01VE    FRANJA VERDE              1,913           1,914         29         20                           I-9770 
01VE    FRANJA VERDE              2,226           2,227         29         20                           I-9771 
01VE    FRANJA VERDE              2,064           2,065         29         20                           I-9772 
01VE    FRANJA VERDE              2,090           2,091         29         20                           I-9773 
01VE    FRANJA VERDE              2,268           2,269         33         20                           I-9774 
01VE    FRANJA VERDE              2,263           2,264         33         20                           I-9775 
01VE    FRANJA VERDE              2,201           2,202         33         20                           I-9776 
01VE    FRANJA VERDE              2,167           2,168         41         20                           I-9777 
01VE    FRANJA VERDE              2,287           2,288         33         20                           I-9778 
01VE    FRANJA VERDE              2,427           2,428         41         20                           I-9779 
01VE    FRANJA VERDE              2,302           2,303         41         20                           I-9780 
01VE    FRANJA VERDE              2,320           2,321         41         20                           I-9781 
01VE    FRANJA VERDE              2,323           2,324         33         20                           I-9782 


------------------------------------------------------------------------------------------------------------------------
T.SUB-LOTES              TOT.PAQUETES =113      TOT.UNID. = 2260   T/P NETO (kg) = 249,795      T/P BRUTO (kg) = 249,908
------------------------------------------------------------------------------------------------------------------------
