
EMPRESA NACIONAL DE MINERIA (ENM) PRODUCTOR          PACKING LIST                             PAG.  :   1
NATIONAL MINING COMPANY                       CODIGO DE LOTE   : D-4664                      FECHA :04/04/2022
                                              -----------------------------
FLUJO        : 
DESCRIPCION  : CATODOS GRADO A
N° INSTR. DE EMBARQUE : 27320
CLIENTE      : NORTHERN PRIORITY
Lote Sipa    : 22040062

----------------------------------------------------------------------------------------------------------------------------- 
MARCA       DESCRIPCION         PESO NETO      PESO BRUTO     GRUPO     UNIDADES       UBICACION         SERIE                
-----------------------------------------------------------------------------------------------------------------------------

V2NE    V DOS FRANJAS NEGRAS      2,305           2,306         25         20                           D-4664 
V2NE    V DOS FRANJAS NEGRAS      2,359           2,360         31         20                           D-4665 
V2NE    V DOS FRANJAS NEGRAS      2,135           2,136         25         20                           D-4666 
V2NE    V DOS FRANJAS NEGRAS      2,264           2,265         31         20                           D-4667 
V2NE    V DOS FRANJAS NEGRAS      2,255           2,256         31         20                           D-4668 
V2NE    V DOS FRANJAS NEGRAS      2,175           2,176         31         20                           D-4669 
V2NE    V DOS FRANJAS NEGRAS      2,353           2,354         31         20                           D-4670 
V2NE    V DOS FRANJAS NEGRAS      2,330           2,331         31         20                           D-4671 
V2NE    V DOS FRANJAS NEGRAS      2,293           2,294         25         20                           D-4672 
V2NE    V DOS FRANJAS NEGRAS      2,315           2,316         31         20                           D-4673 
V2NE    V DOS FRANJAS NEGRAS      2,501           2,502         31         20                           D-4674 
V2NE    V DOS FRANJAS NEGRAS      2,485           2,486         31         20                           D-4675 
V2NE    V DOS FRANJAS NEGRAS      2,075           2,076         31         20                           D-4676 
V2NE    V DOS FRANJAS NEGRAS      2,427           2,428         25         20                           D-4677 
V2NE    V DOS FRANJAS NEGRAS      2,247           2,248         31         20                           D-4678 
V2NE    V DOS FRANJAS NEGRAS      2,418           2,419         31         20                           D-4679 
V2NE    V DOS FRANJAS NEGRAS      2,033           2,034         31         20                           D-4680 
V2NE    V DOS FRANJAS NEGRAS      2,361           2,362         25         20                           D-4681 
V2NE    V DOS FRANJAS NEGRAS      2,369           2,370         31         20                           D-4682 
V2NE    V DOS FRANJAS NEGRAS      2,249           2,250         31         20                           D-4683 
V2NE    V DOS FRANJAS NEGRAS      2,296           2,297         31         20                           D-4684 
V2NE    V DOS FRANJAS NEGRAS      2,377           2,378         31         20                           D-4685 
V2NE    V DOS FRANJAS NEGRAS      2,205           2,206         31         20                           D-4686 
V2NE    V DOS FRANJAS NEGRAS      2,353           2,354         31         20                           D-4687 
V2NE    V DOS FRANJAS NEGRAS      2,391           2,392         25         20                           D-4688 
V2NE    V DOS FRANJAS NEGRAS      2,205           2,206         25         20                           D-4689 
V2NE    V DOS FRANJAS NEGRAS      2,409           2,410         25         20                           D-4690 
V2NE    V DOS FRANJAS NEGRAS      2,390           2,391         31         20                           D-4691 
V2NE    V DOS FRANJAS NEGRAS      1,999           2,000         31         20                           D-4692 
V2NE    V DOS FRANJAS NEGRAS      1,991           1,992         31         20                           D-4693 
V2NE    V DOS FRANJAS NEGRAS      2,083           2,084         31         20                           D-4694 
V2NE    V DOS FRANJAS NEGRAS      2,155           2,156         31         20                           D-4695 
V2NE    V DOS FRANJAS NEGRAS      2,185           2,186         31         20                           D-4696 


------------------------------------------------------------------------------------------------------------------------
T.SUB-LOTES              TOT.PAQUETES =33      TOT.UNID. = 660   T/P NETO (kg) = 74,988      T/P BRUTO (kg) = 75,021
------------------------------------------------------------------------------------------------------------------------
