
EMPRESA NACIONAL DE MINERIA (ENM) PRODUCTOR          PACKING LIST                             PAG.  :   1
NATIONAL MINING COMPANY                       CODIGO DE LOTE   : E-4844                      FECHA :12/05/2022
                                              -----------------------------
FLUJO        : 
DESCRIPCION  : CATODOS GRADO A
N° INSTR. DE EMBARQUE : 27344
CLIENTE      : CORCOVADO                               
Lote Sipa    : 

----------------------------------------------------------------------------------------------------------------------------- 
MARCA       DESCRIPCION         PESO NETO      PESO BRUTO     GRUPO     UNIDADES       UBICACION         SERIE                
-----------------------------------------------------------------------------------------------------------------------------

01AZ    FRANJA AZUL               2,219           2,220         49         20                           E-4844 
01AZ    FRANJA AZUL               2,179           2,180         34         20                           E-4845 
01AZ    FRANJA AZUL               2,333           2,334         34         20                           E-4846 
01AZ    FRANJA AZUL               2,205           2,206         34         20                           E-4847 
01AZ    FRANJA AZUL               2,299           2,300         34         20                           E-4848 
01AZ    FRANJA AZUL               2,261           2,262         34         20                           E-4849 
01AZ    FRANJA AZUL               2,237           2,238         34         20                           E-4850 
01AZ    FRANJA AZUL               2,127           2,128         34         20                           E-4851 
01AZ    FRANJA AZUL               2,235           2,236         34         20                           E-4852 
01AZ    FRANJA AZUL               2,333           2,334         34         20                           E-4853 
01AZ    FRANJA AZUL               2,558           2,559         34         20                           E-4854 
01AZ    FRANJA AZUL               2,281           2,282         34         20                           E-4855 
01AZ    FRANJA AZUL               2,125           2,126         34         20                           E-4856 
01AZ    FRANJA AZUL               2,509           2,510         34         20                           E-4857 
01AZ    FRANJA AZUL               2,186           2,187         34         20                           E-4858 
01AZ    FRANJA AZUL               2,149           2,150         34         20                           E-4859 
01AZ    FRANJA AZUL               2,227           2,228         24         20                           E-4860 
01AZ    FRANJA AZUL               2,228           2,229         24         20                           E-4861 
01AZ    FRANJA AZUL               2,365           2,366         34         20                           E-4862 
01AZ    FRANJA AZUL               1,927           1,928         34         20                           E-4863 
01AZ    FRANJA AZUL               2,214           2,215         34         20                           E-4864 
01AZ    FRANJA AZUL               2,187           2,188         34         20                           E-4865 
01AZ    FRANJA AZUL               2,517           2,518         34         20                           E-4866 
01AZ    FRANJA AZUL               2,346           2,347         24         20                           E-4867 
01AZ    FRANJA AZUL               2,311           2,312         24         20                           E-4868 
01AZ    FRANJA AZUL               2,142           2,143         24         20                           E-4869 
01AZ    FRANJA AZUL               2,357           2,358         34         20                           E-4870 
01AZ    FRANJA AZUL               2,127           2,128         34         20                           E-4871 
01AZ    FRANJA AZUL               2,203           2,204         34         20                           E-4872 
01AZ    FRANJA AZUL               2,235           2,236         34         20                           E-4873 
01AZ    FRANJA AZUL               2,189           2,190         34         20                           E-4874 
01AZ    FRANJA AZUL               2,208           2,209         34         20                           E-4875 
01AZ    FRANJA AZUL               2,192           2,193         34         20                           E-4876 
01AZ    FRANJA AZUL               2,086           2,087         49         20                           E-4877 
01AZ    FRANJA AZUL               2,431           2,432         42         20                           E-4878 
01AZ    FRANJA AZUL               2,367           2,368         34         20                           E-4879 
01AZ    FRANJA AZUL               2,254           2,255         34         20                           E-4880 
01AZ    FRANJA AZUL               2,364           2,365         34         20                           E-4881 
01AZ    FRANJA AZUL               2,249           2,250         34         20                           E-4882 
01AZ    FRANJA AZUL               2,180           2,181         42         20                           E-4883 
01AZ    FRANJA AZUL               2,257           2,258         42         20                           E-4884 
01AZ    FRANJA AZUL               2,207           2,208         24         20                           E-4885 
01AZ    FRANJA AZUL               2,268           2,269         24         20                           E-4886 
01AZ    FRANJA AZUL               2,305           2,306         24         20                           E-4887 
01AZ    FRANJA AZUL               2,323           2,324         24         20                           E-4888 









EMPRESA NACIONAL DE MINERIA (ENM) PRODUCTOR          PACKING LIST                             PAG.  :   2
NATIONAL MINING COMPANY                       CODIGO DE LOTE   : E-4844                      FECHA :12/05/2022
                                              -----------------------------
FLUJO        : 
DESCRIPCION  : CATODOS GRADO A
N° INSTR. DE EMBARQUE : 27344
CLIENTE      : CORCOVADO                               
Lote Sipa    : 

----------------------------------------------------------------------------------------------------------------------------- 
MARCA       DESCRIPCION         PESO NETO      PESO BRUTO     GRUPO     UNIDADES       UBICACION         SERIE                
-----------------------------------------------------------------------------------------------------------------------------

01AZ    FRANJA AZUL               2,268           2,269         34         20                           E-4889 
01AZ    FRANJA AZUL               2,409           2,410         34         20                           E-4890 
01AZ    FRANJA AZUL               2,259           2,260         34         20                           E-4891 
01AZ    FRANJA AZUL               2,303           2,304         49         20                           E-4892 
01AZ    FRANJA AZUL               2,273           2,274         42         20                           E-4893 
01AZ    FRANJA AZUL               2,173           2,174         42         20                           E-4894 
01AZ    FRANJA AZUL               2,270           2,271         34         20                           E-4895 
01AZ    FRANJA AZUL               2,259           2,260         42         20                           E-4896 
01AZ    FRANJA AZUL               2,211           2,212         34         20                           E-4897 
01AZ    FRANJA AZUL               2,127           2,128         24         20                           E-4898 
01AZ    FRANJA AZUL               2,239           2,240         34         20                           E-4899 
01AZ    FRANJA AZUL               2,355           2,356         34         20                           E-4900 
01AZ    FRANJA AZUL               2,024           2,025         34         20                           E-4901 
01AZ    FRANJA AZUL               2,237           2,238         42         20                           E-4902 
01AZ    FRANJA AZUL               2,053           2,054         42         20                           E-4903 
01AZ    FRANJA AZUL               2,419           2,420         24         20                           E-4904 
01AZ    FRANJA AZUL               2,182           2,183         42         20                           E-4905 
01AZ    FRANJA AZUL               2,223           2,224         24         20                           E-4906 
01AZ    FRANJA AZUL               2,294           2,295         24         20                           E-4907 
01AZ    FRANJA AZUL               2,277           2,278         24         20                           E-4908 
01AZ    FRANJA AZUL               2,218           2,219         24         20                           E-4909 
01AZ    FRANJA AZUL               2,292           2,293         34         20                           E-4910 
01AZ    FRANJA AZUL               2,353           2,354         34         20                           E-4911 
01AZ    FRANJA AZUL               2,367           2,368         24         20                           E-4912 
01AZ    FRANJA AZUL               2,382           2,383         24         20                           E-4913 
01AZ    FRANJA AZUL               2,272           2,273         24         20                           E-4914 
01AZ    FRANJA AZUL               2,299           2,300         24         20                           E-4915 
01AZ    FRANJA AZUL               2,353           2,354         42         20                           E-4916 
01AZ    FRANJA AZUL               2,373           2,374         09         20                           E-4917 
01AZ    FRANJA AZUL               2,173           2,174         42         20                           E-4918 
01AZ    FRANJA AZUL               2,198           2,199         09         20                           E-4919 
01AZ    FRANJA AZUL               2,321           2,322         24         20                           E-4920 
01AZ    FRANJA AZUL               2,391           2,392         09         20                           E-4921 
01AZ    FRANJA AZUL               2,274           2,275         25         20                           E-4922 
01AZ    FRANJA AZUL               1,977           1,978         25         20                           E-4923 
01AZ    FRANJA AZUL               2,191           2,192         34         20                           E-4924 
01AZ    FRANJA AZUL               2,313           2,314         09         20                           E-4925 
01AZ    FRANJA AZUL               2,509           2,510         25         20                           E-4926 
01AZ    FRANJA AZUL               2,253           2,254         24         20                           E-4927 
01AZ    FRANJA AZUL               2,285           2,286         42         20                           E-4928 
01AZ    FRANJA AZUL               2,399           2,400         42         20                           E-4929 
01AZ    FRANJA AZUL               2,294           2,295         42         20                           E-4930 
01AZ    FRANJA AZUL               2,301           2,302         42         20                           E-4931 
01AZ    FRANJA AZUL               2,483           2,484         25         20                           E-4932 
01AZ    FRANJA AZUL               2,261           2,262         25         20                           E-4933 









EMPRESA NACIONAL DE MINERIA (ENM) PRODUCTOR          PACKING LIST                             PAG.  :   3
NATIONAL MINING COMPANY                       CODIGO DE LOTE   : E-4844                      FECHA :12/05/2022
                                              -----------------------------
FLUJO        : 
DESCRIPCION  : CATODOS GRADO A
N° INSTR. DE EMBARQUE : 27344
CLIENTE      : CORCOVADO                               
Lote Sipa    : 

----------------------------------------------------------------------------------------------------------------------------- 
MARCA       DESCRIPCION         PESO NETO      PESO BRUTO     GRUPO     UNIDADES       UBICACION         SERIE                
-----------------------------------------------------------------------------------------------------------------------------

01AZ    FRANJA AZUL               2,053           2,054         21         20                           E-4934 
01AZ    FRANJA AZUL               2,298           2,299         21         20                           E-4935 
01AZ    FRANJA AZUL               2,163           2,164         21         20                           E-4936 
01AZ    FRANJA AZUL               2,273           2,274         21         20                           E-4937 
01AZ    FRANJA AZUL               2,463           2,464         21         20                           E-4938 
01AZ    FRANJA AZUL               2,336           2,337         21         20                           E-4939 
01AZ    FRANJA AZUL               2,308           2,309         21         20                           E-4940 
01AZ    FRANJA AZUL               2,275           2,276         21         20                           E-4941 
01AZ    FRANJA AZUL               2,493           2,494         21         20                           E-4942 
01AZ    FRANJA AZUL               2,252           2,253         21         20                           E-4943 
01AZ    FRANJA AZUL               2,521           2,522         21         20                           E-4944 
01AZ    FRANJA AZUL               2,285           2,286         24         20                           E-4945 
01AZ    FRANJA AZUL               2,200           2,201         24         20                           E-4946 
01AZ    FRANJA AZUL               2,546           2,547         24         20                           E-4947 
01AZ    FRANJA AZUL               2,497           2,498         24         20                           E-4948 
01AZ    FRANJA AZUL               2,211           2,212         24         20                           E-4949 
01AZ    FRANJA AZUL               2,271           2,272         24         20                           E-4950 
01AZ    FRANJA AZUL               2,305           2,306         25         20                           E-4951 
01AZ    FRANJA AZUL               2,269           2,270         25         20                           E-4952 
01AZ    FRANJA AZUL               2,167           2,168         25         20                           E-4953 
01AZ    FRANJA AZUL               2,297           2,298         25         20                           E-4954 
01AZ    FRANJA AZUL               2,206           2,207         25         20                           E-4955 
01AZ    FRANJA AZUL               2,337           2,338         34         20                           E-4956 
01AZ    FRANJA AZUL               2,134           2,135         34         20                           E-4957 
01AZ    FRANJA AZUL               2,305           2,306         34         20                           E-4958 
01AZ    FRANJA AZUL               2,153           2,154         34         20                           E-4959 
01AZ    FRANJA AZUL               2,314           2,315         24         20                           E-4960 
01AZ    FRANJA AZUL               2,421           2,422         24         20                           E-4961 
01AZ    FRANJA AZUL               2,203           2,204         42         20                           E-4962 
01AZ    FRANJA AZUL               2,234           2,235         42         20                           E-4963 
01AZ    FRANJA AZUL               2,063           2,064         24         20                           E-4964 
01AZ    FRANJA AZUL               2,457           2,458         24         20                           E-4965 
01AZ    FRANJA AZUL               2,344           2,345         34         20                           E-4966 
01AZ    FRANJA AZUL               2,413           2,414         34         20                           E-4967 
01AZ    FRANJA AZUL               2,094           2,095         34         20                           E-4968 
01AZ    FRANJA AZUL               2,336           2,337         34         20                           E-4969 
01AZ    FRANJA AZUL               2,372           2,373         42         20                           E-4970 
01AZ    FRANJA AZUL               2,275           2,276         24         20                           E-4971 
01AZ    FRANJA AZUL               2,413           2,414         42         20                           E-4972 
01AZ    FRANJA AZUL               2,409           2,410         24         20                           E-4973 
01AZ    FRANJA AZUL               2,338           2,339         34         20                           E-4974 
01AZ    FRANJA AZUL               2,264           2,265         34         20                           E-4975 
01AZ    FRANJA AZUL               2,419           2,420         09         20                           E-4976 
01AZ    FRANJA AZUL               2,354           2,355         34         20                           E-4977 
01AZ    FRANJA AZUL               2,343           2,344         34         20                           E-4978 









EMPRESA NACIONAL DE MINERIA (ENM) PRODUCTOR          PACKING LIST                             PAG.  :   4
NATIONAL MINING COMPANY                       CODIGO DE LOTE   : E-4844                      FECHA :12/05/2022
                                              -----------------------------
FLUJO        : 
DESCRIPCION  : CATODOS GRADO A
N° INSTR. DE EMBARQUE : 27344
CLIENTE      : CORCOVADO                               
Lote Sipa    : 

----------------------------------------------------------------------------------------------------------------------------- 
MARCA       DESCRIPCION         PESO NETO      PESO BRUTO     GRUPO     UNIDADES       UBICACION         SERIE                
-----------------------------------------------------------------------------------------------------------------------------

01AZ    FRANJA AZUL               2,286           2,287         34         20                           E-4979 
01AZ    FRANJA AZUL               2,309           2,310         34         20                           E-4980 
01AZ    FRANJA AZUL               2,433           2,434         34         20                           E-4981 
01AZ    FRANJA AZUL               2,383           2,384         24         20                           E-4982 
01AZ    FRANJA AZUL               2,503           2,504         24         20                           E-4983 
01AZ    FRANJA AZUL               2,391           2,392         09         20                           E-4984 
01AZ    FRANJA AZUL               2,499           2,500         09         20                           E-4985 
01AZ    FRANJA AZUL               2,439           2,440         09         20                           E-4986 
01AZ    FRANJA AZUL               2,401           2,402         33         20                           E-4987 
01AZ    FRANJA AZUL               2,430           2,431         09         20                           E-4988 
01AZ    FRANJA AZUL               2,310           2,311         34         20                           E-4989 
01AZ    FRANJA AZUL               2,325           2,326         34         20                           E-4990 
01AZ    FRANJA AZUL               2,434           2,435         34         20                           E-4991 
01AZ    FRANJA AZUL               2,386           2,387         24         20                           E-4992 
01AZ    FRANJA AZUL               2,471           2,472         09         20                           E-4993 
01AZ    FRANJA AZUL               2,197           2,198         09         20                           E-4994 
01AZ    FRANJA AZUL               2,505           2,506         09         20                           E-4995 
01AZ    FRANJA AZUL               2,399           2,400         09         20                           E-4996 
01AZ    FRANJA AZUL               2,465           2,466         09         20                           E-4997 
01AZ    FRANJA AZUL               2,400           2,401         09         20                           E-4998 
01AZ    FRANJA AZUL               2,438           2,439         09         20                           E-4999 
01AZ    FRANJA AZUL               2,288           2,289         09         20                           E-5000 
01AZ    FRANJA AZUL               2,379           2,380         09         20                           E-5001 
01AZ    FRANJA AZUL               2,479           2,480         09         20                           E-5002 
01AZ    FRANJA AZUL               2,389           2,390         09         20                           E-5003 
01AZ    FRANJA AZUL               2,479           2,480         09         20                           E-5004 
01AZ    FRANJA AZUL               2,371           2,372         09         20                           E-5005 
01AZ    FRANJA AZUL               2,437           2,438         09         20                           E-5006 
01AZ    FRANJA AZUL               1,994           1,995         09         20                           E-5007 
01AZ    FRANJA AZUL               2,369           2,370         09         20                           E-5008 
01AZ    FRANJA AZUL               2,406           2,407         34         20                           E-5009 
01AZ    FRANJA AZUL               2,191           2,192         09         20                           E-5010 
01AZ    FRANJA AZUL               2,400           2,401         09         20                           E-5011 
01AZ    FRANJA AZUL               2,443           2,444         24         20                           E-5012 
01AZ    FRANJA AZUL               2,319           2,320         24         20                           E-5013 
01AZ    FRANJA AZUL               2,063           2,064         09         20                           E-5014 
01AZ    FRANJA AZUL               2,337           2,338         09         20                           E-5015 
01AZ    FRANJA AZUL               2,450           2,451         09         20                           E-5016 
01AZ    FRANJA AZUL               2,404           2,405         24         20                           E-5017 
01AZ    FRANJA AZUL               2,365           2,366         24         20                           E-5018 
01AZ    FRANJA AZUL               2,172           2,173         24         20                           E-5019 
01AZ    FRANJA AZUL               2,190           2,191         09         20                           E-5020 
01AZ    FRANJA AZUL               2,516           2,517         09         20                           E-5021 
01AZ    FRANJA AZUL               2,445           2,446         09         20                           E-5022 
01AZ    FRANJA AZUL               2,518           2,519         24         20                           E-5023 









EMPRESA NACIONAL DE MINERIA (ENM) PRODUCTOR          PACKING LIST                             PAG.  :   5
NATIONAL MINING COMPANY                       CODIGO DE LOTE   : E-4844                      FECHA :12/05/2022
                                              -----------------------------
FLUJO        : 
DESCRIPCION  : CATODOS GRADO A
N° INSTR. DE EMBARQUE : 27344
CLIENTE      : CORCOVADO                               
Lote Sipa    : 

----------------------------------------------------------------------------------------------------------------------------- 
MARCA       DESCRIPCION         PESO NETO      PESO BRUTO     GRUPO     UNIDADES       UBICACION         SERIE                
-----------------------------------------------------------------------------------------------------------------------------

01AZ    FRANJA AZUL               2,232           2,233         09         20                           E-5024 
01AZ    FRANJA AZUL               2,471           2,472         09         20                           E-5025 
01AZ    FRANJA AZUL               2,419           2,420         09         20                           E-5026 
01AZ    FRANJA AZUL               2,367           2,368         09         20                           E-5027 
01AZ    FRANJA AZUL               2,198           2,199         09         20                           E-5028 
01AZ    FRANJA AZUL               2,461           2,462         24         20                           E-5029 
01AZ    FRANJA AZUL               2,484           2,485         24         20                           E-5030 
01AZ    FRANJA AZUL               2,375           2,376         24         20                           E-5031 
01AZ    FRANJA AZUL               2,345           2,346         24         20                           E-5032 
01AZ    FRANJA AZUL               2,163           2,164         09         20                           E-5033 
01AZ    FRANJA AZUL               2,433           2,434         24         20                           E-5034 
01AZ    FRANJA AZUL               2,495           2,496         24         20                           E-5035 
01AZ    FRANJA AZUL               2,429           2,430         24         20                           E-5036 
01AZ    FRANJA AZUL               2,278           2,279         24         20                           E-5037 
01AZ    FRANJA AZUL               2,541           2,542         42         20                           E-5038 
01AZ    FRANJA AZUL               2,343           2,344         09         20                           E-5039 
01AZ    FRANJA AZUL               2,471           2,472         09         20                           E-5040 
01AZ    FRANJA AZUL               2,447           2,448         34         20                           E-5041 
01AZ    FRANJA AZUL               2,420           2,421         09         20                           E-5042 
01AZ    FRANJA AZUL               2,392           2,393         34         20                           E-5043 
01AZ    FRANJA AZUL               2,511           2,512         34         20                           E-5044 
01AZ    FRANJA AZUL               2,367           2,368         24         20                           E-5045 
01AZ    FRANJA AZUL               2,493           2,494         24         20                           E-5046 
01AZ    FRANJA AZUL               2,402           2,403         24         20                           E-5047 
01AZ    FRANJA AZUL               2,401           2,402         24         20                           E-5048 
01AZ    FRANJA AZUL               2,416           2,417         24         20                           E-5049 
01AZ    FRANJA AZUL               2,267           2,268         09         20                           E-5050 
01AZ    FRANJA AZUL               2,250           2,251         09         20                           E-5051 
01AZ    FRANJA AZUL               2,503           2,504         09         20                           E-5052 
01AZ    FRANJA AZUL               2,378           2,379         09         20                           E-5053 
01AZ    FRANJA AZUL               2,190           2,191         09         20                           E-5054 
01AZ    FRANJA AZUL               2,379           2,380         34         20                           E-5055 
01AZ    FRANJA AZUL               2,249           2,250         09         20                           E-5056 
01AZ    FRANJA AZUL               2,295           2,296         09         20                           E-5057 
01AZ    FRANJA AZUL               2,327           2,328         09         20                           E-5058 
01AZ    FRANJA AZUL               2,394           2,395         42         20                           E-5059 


------------------------------------------------------------------------------------------------------------------------
T.SUB-LOTES              TOT.PAQUETES =216      TOT.UNID. = 4320   T/P NETO (kg) = 499,967      T/P BRUTO (kg) = 500,183
------------------------------------------------------------------------------------------------------------------------
