
EMPRESA NACIONAL DE MINERIA (ENM) PRODUCTOR          PACKING LIST                             PAG.  :   1
NATIONAL MINING COMPANY                       CODIGO DE LOTE   : A-2787                      FECHA :24/02/2022
                                              -----------------------------
FLUJO        : 
DESCRIPCION  : CATODOS EW CERRO NEGRO
N° INSTR. DE EMBARQUE : 27219
CLIENTE      : MAERSK SHAMS
Lote Sipa    : 22010301

----------------------------------------------------------------------------------------------------------------------------- 
MARCA       DESCRIPCION         PESO NETO      PESO BRUTO     GRUPO     UNIDADES       UBICACION         SERIE                
-----------------------------------------------------------------------------------------------------------------------------

02NE    DOS FRANJAS NEGRAS        2,012           2,013                    32                           A-2787 
02NE    DOS FRANJAS NEGRAS        1,982           1,983                    29                           A-2788 
02NE    DOS FRANJAS NEGRAS        2,041           2,042                    34                           A-2789 
02NE    DOS FRANJAS NEGRAS        2,006           2,007                    32                           A-2790 
02NE    DOS FRANJAS NEGRAS        2,037           2,038                    31                           A-2791 
02NE    DOS FRANJAS NEGRAS        2,024           2,025                    31                           A-2792 
02NE    DOS FRANJAS NEGRAS        2,035           2,036                    31                           A-2793 
02NE    DOS FRANJAS NEGRAS        2,024           2,025                    31                           A-2794 
02NE    DOS FRANJAS NEGRAS        1,951           1,952                    31                           A-2795 
02NE    DOS FRANJAS NEGRAS        2,039           2,040                    32                           A-2796 
02NE    DOS FRANJAS NEGRAS        2,066           2,067                    31                           A-2797 
02NE    DOS FRANJAS NEGRAS        1,962           1,963                    31                           A-2798 
02NE    DOS FRANJAS NEGRAS        2,008           2,009                    31                           A-2799 
02NE    DOS FRANJAS NEGRAS        2,071           2,072                    30                           A-2800 
02NE    DOS FRANJAS NEGRAS        1,993           1,994                    29                           A-2801 
02NE    DOS FRANJAS NEGRAS        2,017           2,018                    29                           A-2883 
02NE    DOS FRANJAS NEGRAS        1,997           1,998                    30                           A-2884 
02NE    DOS FRANJAS NEGRAS        1,992           1,993                    30                           A-2885 
02NE    DOS FRANJAS NEGRAS        2,046           2,047                    29                           A-2886 
02NE    DOS FRANJAS NEGRAS        2,042           2,043                    29                           A-2887 
02NE    DOS FRANJAS NEGRAS        2,017           2,018                    28                           A-2888 
02NE    DOS FRANJAS NEGRAS        2,065           2,066                    29                           A-2889 
02NE    DOS FRANJAS NEGRAS        2,062           2,063                    28                           A-2890 
02NE    DOS FRANJAS NEGRAS        1,992           1,993                    26                           A-2891 
02NE    DOS FRANJAS NEGRAS        1,990           1,991                    28                           A-2892 
02NE    DOS FRANJAS NEGRAS        2,067           2,068                    29                           A-2893 
02NE    DOS FRANJAS NEGRAS        2,035           2,036                    27                           A-2894 
02NE    DOS FRANJAS NEGRAS        1,948           1,949                    28                           A-2895 
02NE    DOS FRANJAS NEGRAS        2,014           2,015                    29                           A-2896 
02NE    DOS FRANJAS NEGRAS        1,987           1,988                    28                           A-2897 


------------------------------------------------------------------------------------------------------------------------
T.SUB-LOTES              TOT.PAQUETES =30      TOT.UNID. = 893   T/P NETO (kg) = 60,522      T/P BRUTO (kg) = 60,552
------------------------------------------------------------------------------------------------------------------------
