
EMPRESA NACIONAL DE MINERIA (ENM) PRODUCTOR          PACKING LIST                             PAG.  :   1
NATIONAL MINING COMPANY                       CODIGO DE LOTE   : H-15540                      FECHA :12/09/2023
                                              -----------------------------
FLUJO        : 
DESCRIPCION  : CATODOS GRADO A
N° INSTR. DE EMBARQUE : 28083
CLIENTE      : SAN ANTONIO EXPRESS
Lote Sipa    : 

----------------------------------------------------------------------------------------------------------------------------- 
MARCA       DESCRIPCION         PESO NETO      PESO BRUTO     GRUPO     UNIDADES       UBICACION         SERIE                
-----------------------------------------------------------------------------------------------------------------------------

X0NE    EQUIS NEGRA               2,361           2,362         38         20                           H-15540
X0NE    EQUIS NEGRA               2,433           2,434         38         20                           H-15541
X0NE    EQUIS NEGRA               2,337           2,338         38         20                           H-15542
X0NE    EQUIS NEGRA               2,384           2,385         38         20                           H-15543
X0NE    EQUIS NEGRA               2,459           2,460         38         20                           H-15544
X0NE    EQUIS NEGRA               2,373           2,374         38         20                           H-15545
X0NE    EQUIS NEGRA               2,340           2,341         38         20                           H-15546
X0NE    EQUIS NEGRA               2,448           2,449         38         20                           H-15547
X0NE    EQUIS NEGRA               2,421           2,422         38         20                           H-15548
X0NE    EQUIS NEGRA               2,402           2,403         38         20                           H-15549
X0NE    EQUIS NEGRA               2,431           2,432         38         20                           H-15550
X0NE    EQUIS NEGRA               2,355           2,356         38         20                           H-15551
X0NE    EQUIS NEGRA               2,449           2,450         38         20                           H-15552
X0NE    EQUIS NEGRA               2,429           2,430         38         20                           H-15553
X0NE    EQUIS NEGRA               2,411           2,412         38         20                           H-15554
X0NE    EQUIS NEGRA               2,357           2,358         38         20                           H-15555
X0NE    EQUIS NEGRA               2,301           2,302         38         20                           H-15556
X0NE    EQUIS NEGRA               2,292           2,293         38         20                           H-15557
X0NE    EQUIS NEGRA               2,407           2,408         38         20                           H-15558
X0NE    EQUIS NEGRA               2,329           2,330         38         20                           H-15559
X0NE    EQUIS NEGRA               2,248           2,249         30         20                           H-15560
X0NE    EQUIS NEGRA               2,189           2,190         30         20                           H-15561
X0NE    EQUIS NEGRA               2,256           2,257         30         20                           H-15562
X0NE    EQUIS NEGRA               2,261           2,262         24         20                           H-15563
X0NE    EQUIS NEGRA               2,241           2,242         24         20                           H-15564
X0NE    EQUIS NEGRA               2,272           2,273         24         20                           H-15565
X0NE    EQUIS NEGRA               2,253           2,254         24         20                           H-15566
X0NE    EQUIS NEGRA               2,246           2,247         24         20                           H-15567
X0NE    EQUIS NEGRA               2,359           2,360         24         20                           H-15568
X0NE    EQUIS NEGRA               2,183           2,184         24         20                           H-15569
X0NE    EQUIS NEGRA               2,281           2,282         24         20                           H-15570
X0NE    EQUIS NEGRA               2,272           2,273         17         20                           H-15571
X0NE    EQUIS NEGRA               2,302           2,303         17         20                           H-15572
X0NE    EQUIS NEGRA               2,252           2,253         25         20                           H-15573
X0NE    EQUIS NEGRA               2,242           2,243         25         20                           H-15574
X0NE    EQUIS NEGRA               2,297           2,298         25         20                           H-15575
X0NE    EQUIS NEGRA               2,303           2,304         17         20                           H-15576
X0NE    EQUIS NEGRA               2,316           2,317         25         20                           H-15577
X0NE    EQUIS NEGRA               2,305           2,306         05         20                           H-15578
X0NE    EQUIS NEGRA               2,299           2,300         05         20                           H-15579
X0NE    EQUIS NEGRA               2,304           2,305         25         20                           H-15580
X0NE    EQUIS NEGRA               2,287           2,288         17         20                           H-15581
X0NE    EQUIS NEGRA               2,312           2,313         25         20                           H-15582


------------------------------------------------------------------------------------------------------------------------
T.SUB-LOTES              TOT.PAQUETES =43      TOT.UNID. = 860   T/P NETO (kg) = 99,999      T/P BRUTO (kg) = 100,042
------------------------------------------------------------------------------------------------------------------------
