
EMPRESA NACIONAL DE MINERIA (ENM) PRODUCTOR          PACKING LIST                             PAG.  :   1
NATIONAL MINING COMPANY                       CODIGO DE LOTE   : H-8050                      FECHA :01/09/2020
                                              -----------------------------
FLUJO        : 
DESCRIPCION  : CATODOS GRADO A
N° INSTR. DE EMBARQUE : 26129
CLIENTE      : NORDIC BEIJING
Lote Sipa    : 20080264

----------------------------------------------------------------------------------------------------------------------------- 
MARCA       DESCRIPCION         PESO NETO      PESO BRUTO     GRUPO     UNIDADES       UBICACION         SERIE                
-----------------------------------------------------------------------------------------------------------------------------

X0AM    EQUIS AMARILLA            2,487           2,488         06         20                           H-8050 
X0AM    EQUIS AMARILLA            2,453           2,454         48         20                           H-8051 
X0AM    EQUIS AMARILLA            2,385           2,386         48         20                           H-8052 
X0AM    EQUIS AMARILLA            2,314           2,315         48         20                           H-8053 
X0AM    EQUIS AMARILLA            2,515           2,516         06         20                           H-8054 
X0AM    EQUIS AMARILLA            2,462           2,463         29         20                           H-8055 
X0AM    EQUIS AMARILLA            2,338           2,339         06         20                           H-8056 
X0AM    EQUIS AMARILLA            2,334           2,335         06         20                           H-8057 
X0AM    EQUIS AMARILLA            2,374           2,375         06         20                           H-8058 
X0AM    EQUIS AMARILLA            2,504           2,505         16         20                           H-8059 
X0AM    EQUIS AMARILLA            2,364           2,365         16         20                           H-8060 
X0AM    EQUIS AMARILLA            2,386           2,387         16         20                           H-8061 
X0AM    EQUIS AMARILLA            2,418           2,419         16         20                           H-8062 
X0AM    EQUIS AMARILLA            2,415           2,416         16         20                           H-8063 
X0AM    EQUIS AMARILLA            2,380           2,381         16         20                           H-8064 
X0AM    EQUIS AMARILLA            2,494           2,495         48         20                           H-8065 
X0AM    EQUIS AMARILLA            2,386           2,387         06         20                           H-8066 
X0AM    EQUIS AMARILLA            2,346           2,347         16         20                           H-8067 
X0AM    EQUIS AMARILLA            2,492           2,493         29         20                           H-8068 
X0AM    EQUIS AMARILLA            2,419           2,420         06         20                           H-8069 
X0AM    EQUIS AMARILLA            2,420           2,421         06         20                           H-8070 
X0AM    EQUIS AMARILLA            2,394           2,395         48         20                           H-8071 
X0AM    EQUIS AMARILLA            2,372           2,373         06         20                           H-8072 
X0AM    EQUIS AMARILLA            2,408           2,409         06         20                           H-8073 
X0AM    EQUIS AMARILLA            2,347           2,348         06         20                           H-8074 
X0AM    EQUIS AMARILLA            2,321           2,322         06         20                           H-8075 
X0AM    EQUIS AMARILLA            2,438           2,439         16         20                           H-8076 
X0AM    EQUIS AMARILLA            2,369           2,370         06         20                           H-8077 
X0AM    EQUIS AMARILLA            2,448           2,449         16         20                           H-8078 
X0AM    EQUIS AMARILLA            2,506           2,507         16         20                           H-8079 
X0AM    EQUIS AMARILLA            2,474           2,475         48         20                           H-8080 
X0AM    EQUIS AMARILLA            2,588           2,589         06         20                           H-8081 
X0AM    EQUIS AMARILLA            2,417           2,418         06         20                           H-8082 
X0AM    EQUIS AMARILLA            2,516           2,517         16         20                           H-8083 
X0AM    EQUIS AMARILLA            2,301           2,302         48         20                           H-8084 
X0AM    EQUIS AMARILLA            2,471           2,472         06         20                           H-8085 
X0AM    EQUIS AMARILLA            2,470           2,471         16         20                           H-8086 
X0AM    EQUIS AMARILLA            2,424           2,425         16         20                           H-8087 
X0AM    EQUIS AMARILLA            2,565           2,566         06         20                           H-8088 
X0AM    EQUIS AMARILLA            2,359           2,360         06         20                           H-8089 
X0AM    EQUIS AMARILLA            2,317           2,318         48         20                           H-8090 
X0AM    EQUIS AMARILLA            2,583           2,584         06         20                           H-8091 
X0AM    EQUIS AMARILLA            2,449           2,450         06         20                           H-8092 
X0AM    EQUIS AMARILLA            2,543           2,544         29         20                           H-8093 
X0AM    EQUIS AMARILLA            2,528           2,529         06         20                           H-8094 









EMPRESA NACIONAL DE MINERIA (ENM) PRODUCTOR          PACKING LIST                             PAG.  :   2
NATIONAL MINING COMPANY                       CODIGO DE LOTE   : H-8050                      FECHA :01/09/2020
                                              -----------------------------
FLUJO        : 
DESCRIPCION  : CATODOS GRADO A
N° INSTR. DE EMBARQUE : 26129
CLIENTE      : NORDIC BEIJING
Lote Sipa    : 20080264

----------------------------------------------------------------------------------------------------------------------------- 
MARCA       DESCRIPCION         PESO NETO      PESO BRUTO     GRUPO     UNIDADES       UBICACION         SERIE                
-----------------------------------------------------------------------------------------------------------------------------

X0AM    EQUIS AMARILLA            2,336           2,337         16         20                           H-8095 
X0AM    EQUIS AMARILLA            2,377           2,378         06         20                           H-8096 
X0AM    EQUIS AMARILLA            2,520           2,521         06         20                           H-8097 
X0AM    EQUIS AMARILLA            2,379           2,380         16         20                           H-8098 
X0AM    EQUIS AMARILLA            2,535           2,536         29         20                           H-8099 
X0AM    EQUIS AMARILLA            2,527           2,528         16         20                           H-8100 
X0AM    EQUIS AMARILLA            2,470           2,471         16         20                           H-8101 
X0AM    EQUIS AMARILLA            2,410           2,411         48         20                           H-8102 
X0AM    EQUIS AMARILLA            2,531           2,532         06         20                           H-8103 
X0AM    EQUIS AMARILLA            2,505           2,506         06         20                           H-8104 
X0AM    EQUIS AMARILLA            2,418           2,419         06         20                           H-8105 
X0AM    EQUIS AMARILLA            2,359           2,360         16         20                           H-8106 
X0AM    EQUIS AMARILLA            2,370           2,371         06         20                           H-8107 
X0AM    EQUIS AMARILLA            2,460           2,461         29         20                           H-8108 
X0AM    EQUIS AMARILLA            2,525           2,526         16         20                           H-8109 
X0AM    EQUIS AMARILLA            2,540           2,541         16         20                           H-8110 
X0AM    EQUIS AMARILLA            2,426           2,427         48         20                           H-8111 
X0AM    EQUIS AMARILLA            2,460           2,461         16         20                           H-8112 
X0AM    EQUIS AMARILLA            2,460           2,461         06         20                           H-8113 
X0AM    EQUIS AMARILLA            2,527           2,528         29         20                           H-8114 
X0AM    EQUIS AMARILLA            2,508           2,509         06         20                           H-8115 
X0AM    EQUIS AMARILLA            2,356           2,357         16         20                           H-8116 
X0AM    EQUIS AMARILLA            2,391           2,392         48         20                           H-8117 
X0AM    EQUIS AMARILLA            2,490           2,491         06         20                           H-8118 
X0AM    EQUIS AMARILLA            2,484           2,485         16         20                           H-8119 
X0AM    EQUIS AMARILLA            2,532           2,533         29         20                           H-8120 
X0AM    EQUIS AMARILLA            2,517           2,518         06         20                           H-8121 
X0AM    EQUIS AMARILLA            2,387           2,388         16         20                           H-8122 
X0AM    EQUIS AMARILLA            2,358           2,359         48         20                           H-8123 
X0AM    EQUIS AMARILLA            2,468           2,469         06         20                           H-8124 
X0AM    EQUIS AMARILLA            2,496           2,497         06         20                           H-8125 
X0AM    EQUIS AMARILLA            2,411           2,412         48         20                           H-8126 
X0AM    EQUIS AMARILLA            2,412           2,413         06         20                           H-8127 
X0AM    EQUIS AMARILLA            2,478           2,479         16         20                           H-8128 
X0AM    EQUIS AMARILLA            2,580           2,581         29         20                           H-8129 
X0AM    EQUIS AMARILLA            2,500           2,501         16         20                           H-8130 
X0AM    EQUIS AMARILLA            2,490           2,491         16         20                           H-8131 
X0AM    EQUIS AMARILLA            2,358           2,359         48         20                           H-8132 
X0AM    EQUIS AMARILLA            2,575           2,576         06         20                           H-8133 
X0AM    EQUIS AMARILLA            2,505           2,506         16         20                           H-8134 
X0AM    EQUIS AMARILLA            2,528           2,529         29         20                           H-8135 
X0AM    EQUIS AMARILLA            2,443           2,444         29         20                           H-8136 
X0AM    EQUIS AMARILLA            2,430           2,431         16         20                           H-8137 
X0AM    EQUIS AMARILLA            2,420           2,421         06         20                           H-8138 
X0AM    EQUIS AMARILLA            2,427           2,428         06         20                           H-8139 









EMPRESA NACIONAL DE MINERIA (ENM) PRODUCTOR          PACKING LIST                             PAG.  :   3
NATIONAL MINING COMPANY                       CODIGO DE LOTE   : H-8050                      FECHA :01/09/2020
                                              -----------------------------
FLUJO        : 
DESCRIPCION  : CATODOS GRADO A
N° INSTR. DE EMBARQUE : 26129
CLIENTE      : NORDIC BEIJING
Lote Sipa    : 20080264

----------------------------------------------------------------------------------------------------------------------------- 
MARCA       DESCRIPCION         PESO NETO      PESO BRUTO     GRUPO     UNIDADES       UBICACION         SERIE                
-----------------------------------------------------------------------------------------------------------------------------

X0AM    EQUIS AMARILLA            2,491           2,492         16         20                           H-8140 
X0AM    EQUIS AMARILLA            2,460           2,461         16         20                           H-8141 
X0AM    EQUIS AMARILLA            2,523           2,524         29         20                           H-8142 
X0AM    EQUIS AMARILLA            2,393           2,394         06         20                           H-8143 
X0AM    EQUIS AMARILLA            2,506           2,507         16         20                           H-8144 
X0AM    EQUIS AMARILLA            2,515           2,516         16         20                           H-8145 
X0AM    EQUIS AMARILLA            2,519           2,520         06         20                           H-8146 
X0AM    EQUIS AMARILLA            2,545           2,546         29         20                           H-8147 
X0AM    EQUIS AMARILLA            2,559           2,560         29         20                           H-8148 
X0AM    EQUIS AMARILLA            2,561           2,562         29         20                           H-8149 
X0AM    EQUIS AMARILLA            2,488           2,489         29         20                           H-8150 
X0AM    EQUIS AMARILLA            2,400           2,401         29         20                           H-8151 


------------------------------------------------------------------------------------------------------------------------
T.SUB-LOTES              TOT.PAQUETES =102      TOT.UNID. = 2040   T/P NETO (kg) = 249,933      T/P BRUTO (kg) = 250,035
------------------------------------------------------------------------------------------------------------------------
