
EMPRESA NACIONAL DE MINERIA (ENM) PRODUCTOR          PACKING LIST                             PAG.  :   1
NATIONAL MINING COMPANY                       CODIGO DE LOTE   : J-10473                      FECHA :30/10/2019
                                              -----------------------------
FLUJO        : 
DESCRIPCION  : CATODOS GRADO A
N° INSTR. DE EMBARQUE : 25549
CLIENTE      : OCTAVIA                                 
Lote Sipa    : 

----------------------------------------------------------------------------------------------------------------------------- 
MARCA       DESCRIPCION         PESO NETO      PESO BRUTO     GRUPO     UNIDADES       UBICACION         SERIE                
-----------------------------------------------------------------------------------------------------------------------------

01AM    FRANJA AMARILLA           2,542           2,543         33         20                           J-10473
01AM    FRANJA AMARILLA           2,428           2,429         33         20                           J-10474
01AM    FRANJA AMARILLA           2,624           2,625         33         20                           J-10475
01AM    FRANJA AMARILLA           2,154           2,155         33         20                           J-10476
01AM    FRANJA AMARILLA           2,613           2,614         33         20                           J-10477
01AM    FRANJA AMARILLA           2,429           2,430         33         20                           J-10478
01AM    FRANJA AMARILLA           2,616           2,617         33         20                           J-10479
01AM    FRANJA AMARILLA           2,439           2,440         33         20                           J-10480
01AM    FRANJA AMARILLA           2,382           2,383         33         20                           J-10481
01AM    FRANJA AMARILLA           2,251           2,252         33         20                           J-10482
01AM    FRANJA AMARILLA           2,520           2,521         33         20                           J-10483
01AM    FRANJA AMARILLA           2,062           2,063         33         20                           J-10484
01AM    FRANJA AMARILLA           2,474           2,475         33         20                           J-10485
01AM    FRANJA AMARILLA           2,467           2,468         33         20                           J-10486
01AM    FRANJA AMARILLA           2,539           2,540         33         20                           J-10487
01AM    FRANJA AMARILLA           2,265           2,266         33         20                           J-10488
01AM    FRANJA AMARILLA           2,557           2,558         33         20                           J-10489
01AM    FRANJA AMARILLA           2,376           2,377         33         20                           J-10490
01AM    FRANJA AMARILLA           2,550           2,551         33         20                           J-10491
01AM    FRANJA AMARILLA           2,480           2,481         33         20                           J-10492
01AM    FRANJA AMARILLA           2,317           2,318         33         20                           J-10493
01AM    FRANJA AMARILLA           2,441           2,442         33         20                           J-10494
01AM    FRANJA AMARILLA           2,582           2,583         33         20                           J-10495
01AM    FRANJA AMARILLA           2,479           2,480         33         20                           J-10496
01AM    FRANJA AMARILLA           2,563           2,564         33         20                           J-10497
01AM    FRANJA AMARILLA           2,534           2,535         33         20                           J-10498
01AM    FRANJA AMARILLA           2,490           2,491         33         20                           J-10499
01AM    FRANJA AMARILLA           2,475           2,476         33         20                           J-10500
01AM    FRANJA AMARILLA           2,474           2,475         33         20                           J-10501
01AM    FRANJA AMARILLA           2,311           2,312         33         20                           J-10502
01AM    FRANJA AMARILLA           2,424           2,425         33         20                           J-10503
01AM    FRANJA AMARILLA           2,358           2,359         29         20                           J-10504
01AM    FRANJA AMARILLA           2,386           2,387         29         20                           J-10505
01AM    FRANJA AMARILLA           2,416           2,417         33         20                           J-10506
01AM    FRANJA AMARILLA           2,398           2,399         33         20                           J-10507
01AM    FRANJA AMARILLA           2,325           2,326         12         20                           J-10508
01AM    FRANJA AMARILLA           2,444           2,445         12         20                           J-10509
01AM    FRANJA AMARILLA           2,386           2,387         12         20                           J-10510
01AM    FRANJA AMARILLA           2,405           2,406         12         20                           J-10511
01AM    FRANJA AMARILLA           2,318           2,319         12         20                           J-10512
01AM    FRANJA AMARILLA           2,521           2,522         12         20                           J-10513
01AM    FRANJA AMARILLA           2,226           2,227         12         20                           J-10514
01AM    FRANJA AMARILLA           2,475           2,476         04         20                           J-10515
01AM    FRANJA AMARILLA           2,368           2,369         12         20                           J-10516
01AM    FRANJA AMARILLA           2,304           2,305         12         20                           J-10517









EMPRESA NACIONAL DE MINERIA (ENM) PRODUCTOR          PACKING LIST                             PAG.  :   2
NATIONAL MINING COMPANY                       CODIGO DE LOTE   : J-10473                      FECHA :30/10/2019
                                              -----------------------------
FLUJO        : 
DESCRIPCION  : CATODOS GRADO A
N° INSTR. DE EMBARQUE : 25549
CLIENTE      : OCTAVIA                                 
Lote Sipa    : 

----------------------------------------------------------------------------------------------------------------------------- 
MARCA       DESCRIPCION         PESO NETO      PESO BRUTO     GRUPO     UNIDADES       UBICACION         SERIE                
-----------------------------------------------------------------------------------------------------------------------------

01AM    FRANJA AMARILLA           2,380           2,381         12         20                           J-10518
01AM    FRANJA AMARILLA           2,438           2,439         12         20                           J-10519
01AM    FRANJA AMARILLA           2,423           2,424         04         20                           J-10520
01AM    FRANJA AMARILLA           2,426           2,427         04         20                           J-10521
01AM    FRANJA AMARILLA           2,341           2,342         12         20                           J-10522
01AM    FRANJA AMARILLA           2,425           2,426         12         20                           J-10523
01AM    FRANJA AMARILLA           2,447           2,448         12         20                           J-10524
01AM    FRANJA AMARILLA           2,308           2,309         12         20                           J-10525
01AM    FRANJA AMARILLA           2,451           2,452         12         20                           J-10526
01AM    FRANJA AMARILLA           2,391           2,392         12         20                           J-10527
01AM    FRANJA AMARILLA           2,388           2,389         12         20                           J-10528
01AM    FRANJA AMARILLA           2,453           2,454         12         20                           J-10529
01AM    FRANJA AMARILLA           2,534           2,535         12         20                           J-10530
01AM    FRANJA AMARILLA           2,445           2,446         12         20                           J-10531
01AM    FRANJA AMARILLA           2,373           2,374         12         20                           J-10532
01AM    FRANJA AMARILLA           2,436           2,437         12         20                           J-10533
01AM    FRANJA AMARILLA           2,413           2,414         12         20                           J-10534
01AM    FRANJA AMARILLA           2,471           2,472         12         20                           J-10535
01AM    FRANJA AMARILLA           2,292           2,293         12         20                           J-10536
01AM    FRANJA AMARILLA           2,319           2,320         12         20                           J-10537
01AM    FRANJA AMARILLA           2,459           2,460         12         20                           J-10538
01AM    FRANJA AMARILLA           2,400           2,401         12         20                           J-10539
01AM    FRANJA AMARILLA           2,471           2,472         12         20                           J-10540
01AM    FRANJA AMARILLA           2,420           2,421         12         20                           J-10541
01AM    FRANJA AMARILLA           2,336           2,337         12         20                           J-10542
01AM    FRANJA AMARILLA           2,498           2,499         12         20                           J-10543
01AM    FRANJA AMARILLA           2,382           2,383         12         20                           J-10544
01AM    FRANJA AMARILLA           2,429           2,430         12         20                           J-10545
01AM    FRANJA AMARILLA           2,486           2,487         04         20                           J-10546
01AM    FRANJA AMARILLA           2,514           2,515         04         20                           J-10547
01AM    FRANJA AMARILLA           2,376           2,377         12         20                           J-10548
01AM    FRANJA AMARILLA           2,431           2,432         12         20                           J-10549
01AM    FRANJA AMARILLA           2,350           2,351         12         20                           J-10550
01AM    FRANJA AMARILLA           2,452           2,453         04         20                           J-10551
01AM    FRANJA AMARILLA           2,500           2,501         12         20                           J-10552
01AM    FRANJA AMARILLA           2,379           2,380         12         20                           J-10553
01AM    FRANJA AMARILLA           2,503           2,504         12         20                           J-10554
01AM    FRANJA AMARILLA           2,284           2,285         12         20                           J-10555
01AM    FRANJA AMARILLA           2,445           2,446         12         20                           J-10556
01AM    FRANJA AMARILLA           2,364           2,365         12         20                           J-10557
01AM    FRANJA AMARILLA           2,442           2,443         12         20                           J-10558
01AM    FRANJA AMARILLA           2,184           2,185         12         20                           J-10559
01AM    FRANJA AMARILLA           2,402           2,403         12         20                           J-10560
01AM    FRANJA AMARILLA           2,349           2,350         33         20                           J-10561
01AM    FRANJA AMARILLA           2,345           2,346         33         20                           J-10562









EMPRESA NACIONAL DE MINERIA (ENM) PRODUCTOR          PACKING LIST                             PAG.  :   3
NATIONAL MINING COMPANY                       CODIGO DE LOTE   : J-10473                      FECHA :30/10/2019
                                              -----------------------------
FLUJO        : 
DESCRIPCION  : CATODOS GRADO A
N° INSTR. DE EMBARQUE : 25549
CLIENTE      : OCTAVIA                                 
Lote Sipa    : 

----------------------------------------------------------------------------------------------------------------------------- 
MARCA       DESCRIPCION         PESO NETO      PESO BRUTO     GRUPO     UNIDADES       UBICACION         SERIE                
-----------------------------------------------------------------------------------------------------------------------------

01AM    FRANJA AMARILLA           2,437           2,438         12         20                           J-10563
01AM    FRANJA AMARILLA           2,408           2,409         04         20                           J-10564
01AM    FRANJA AMARILLA           2,363           2,364         12         20                           J-10565
01AM    FRANJA AMARILLA           2,440           2,441         12         20                           J-10566
01AM    FRANJA AMARILLA           2,420           2,421         12         20                           J-10567
01AM    FRANJA AMARILLA           2,295           2,296         12         20                           J-10568
01AM    FRANJA AMARILLA           2,338           2,339         12         20                           J-10569
01AM    FRANJA AMARILLA           2,325           2,326         12         20                           J-10570
01AM    FRANJA AMARILLA           2,435           2,436         12         20                           J-10571
01AM    FRANJA AMARILLA           2,361           2,362         12         20                           J-10572
01AM    FRANJA AMARILLA           2,407           2,408         12         20                           J-10573
01AM    FRANJA AMARILLA           2,321           2,322         12         20                           J-10574
01AM    FRANJA AMARILLA           2,322           2,323         12         20                           J-10575
01AM    FRANJA AMARILLA           2,389           2,390         12         20                           J-10576
01AM    FRANJA AMARILLA           2,262           2,263         12         20                           J-10577
01AM    FRANJA AMARILLA           2,417           2,418         12         20                           J-10578
01AM    FRANJA AMARILLA           2,427           2,428         04         20                           J-10579
01AM    FRANJA AMARILLA           2,266           2,267         12         20                           J-10580
01AM    FRANJA AMARILLA           2,066           2,067         12         20                           J-10581
01AM    FRANJA AMARILLA           2,302           2,303         12         20                           J-10582
01AM    FRANJA AMARILLA           2,432           2,433         12         20                           J-10583
01AM    FRANJA AMARILLA           2,206           2,207         12         20                           J-10584
01AM    FRANJA AMARILLA           2,187           2,188         12         20                           J-10585
01AM    FRANJA AMARILLA           2,467           2,468         04         20                           J-10586
01AM    FRANJA AMARILLA           2,457           2,458         12         20                           J-10587
01AM    FRANJA AMARILLA           2,327           2,328         12         20                           J-10588
01AM    FRANJA AMARILLA           2,420           2,421         12         20                           J-10589
01AM    FRANJA AMARILLA           2,205           2,206         12         20                           J-10590
01AM    FRANJA AMARILLA           2,237           2,238         12         20                           J-10591
01AM    FRANJA AMARILLA           2,396           2,397         12         20                           J-10592
01AM    FRANJA AMARILLA           2,469           2,470         12         20                           J-10593
01AM    FRANJA AMARILLA           2,386           2,387         04         20                           J-10594
01AM    FRANJA AMARILLA           2,402           2,403         04         20                           J-10595
01AM    FRANJA AMARILLA           2,479           2,480         12         20                           J-10596
01AM    FRANJA AMARILLA           2,340           2,341         17         20                           J-10597


------------------------------------------------------------------------------------------------------------------------
T.SUB-LOTES              TOT.PAQUETES =125      TOT.UNID. = 2500   T/P NETO (kg) = 299,954      T/P BRUTO (kg) = 300,079
------------------------------------------------------------------------------------------------------------------------
