
EMPRESA NACIONAL DE MINERIA (ENM) PRODUCTOR          PACKING LIST                             PAG.  :   1
NATIONAL MINING COMPANY                       CODIGO DE LOTE   : L-2139                      FECHA :01/02/2023
                                              -----------------------------
FLUJO        : 
DESCRIPCION  : CATODOS EW TALTAL
N° INSTR. DE EMBARQUE : 27783
CLIENTE      : SANTOS EXPRESS
Lote Sipa    : 22110290

----------------------------------------------------------------------------------------------------------------------------- 
MARCA       DESCRIPCION         PESO NETO      PESO BRUTO     GRUPO     UNIDADES       UBICACION         SERIE                
-----------------------------------------------------------------------------------------------------------------------------

02AM    DOS FRANJAS AMARILLAS     2,039           2,040                    58                           L-2139 
02AM    DOS FRANJAS AMARILLAS     1,996           1,997                    60                           L-2140 
02AM    DOS FRANJAS AMARILLAS     2,032           2,033                    58                           L-2141 
02AM    DOS FRANJAS AMARILLAS     1,944           1,945                    55                           L-2142 
02AM    DOS FRANJAS AMARILLAS     2,006           2,007                    58                           L-2143 
02AM    DOS FRANJAS AMARILLAS     1,972           1,973                    56                           L-2144 
02AM    DOS FRANJAS AMARILLAS     2,005           2,006                    60                           L-2145 
02AM    DOS FRANJAS AMARILLAS     1,989           1,990                    58                           L-2146 
02AM    DOS FRANJAS AMARILLAS     2,022           2,023                    59                           L-2147 
02AM    DOS FRANJAS AMARILLAS     2,015           2,016                    58                           L-2148 
02AM    DOS FRANJAS AMARILLAS     2,030           2,031                    60                           L-2149 
02AM    DOS FRANJAS AMARILLAS     2,015           2,016                    60                           L-2150 
02AM    DOS FRANJAS AMARILLAS     2,008           2,009                    58                           L-2151 
02AM    DOS FRANJAS AMARILLAS     1,990           1,991                    57                           L-2152 
02AM    DOS FRANJAS AMARILLAS     2,021           2,022                    67                           M-2036 
02AM    DOS FRANJAS AMARILLAS     2,027           2,028                    71                           M-2037 
02AM    DOS FRANJAS AMARILLAS     2,015           2,016                    71                           M-2038 
02AM    DOS FRANJAS AMARILLAS     2,004           2,005                    66                           M-2039 
02AM    DOS FRANJAS AMARILLAS     2,017           2,018                    81                           M-2040 
02AM    DOS FRANJAS AMARILLAS     2,022           2,023                    68                           M-2041 
02AM    DOS FRANJAS AMARILLAS     2,029           2,030                    64                           M-2042 
02AM    DOS FRANJAS AMARILLAS     2,024           2,025                    75                           M-2043 
02AM    DOS FRANJAS AMARILLAS     2,020           2,021                    66                           M-2044 
02AM    DOS FRANJAS AMARILLAS     2,000           2,001                    90                           M-2045 
02AM    DOS FRANJAS AMARILLAS     2,007           2,008                    89                           M-2046 
02AM    DOS FRANJAS AMARILLAS     2,017           2,018                    70                           M-2047 
02AM    DOS FRANJAS AMARILLAS     2,012           2,013                    74                           M-2048 
02AM    DOS FRANJAS AMARILLAS     2,033           2,034                    69                           M-2049 
02AM    DOS FRANJAS AMARILLAS     2,005           2,006                    66                           M-2111 
02AM    DOS FRANJAS AMARILLAS     2,025           2,026                    67                           M-2112 
02AM    DOS FRANJAS AMARILLAS     2,006           2,007                    74                           M-2113 
02AM    DOS FRANJAS AMARILLAS     2,003           2,004                    69                           M-2114 
02AM    DOS FRANJAS AMARILLAS     2,030           2,031                    63                           M-2115 
02AM    DOS FRANJAS AMARILLAS     2,027           2,028                    75                           M-2116 
02AM    DOS FRANJAS AMARILLAS     2,037           2,038                    67                           M-2117 
02AM    DOS FRANJAS AMARILLAS     2,018           2,019                    68                           M-2118 
02AM    DOS FRANJAS AMARILLAS     2,029           2,030                    65                           M-2119 
02AM    DOS FRANJAS AMARILLAS     2,009           2,010                    64                           M-2120 
02AM    DOS FRANJAS AMARILLAS     2,004           2,005                    65                           M-2121 
02AM    DOS FRANJAS AMARILLAS     2,021           2,022                    56                           M-2122 
02AM    DOS FRANJAS AMARILLAS     2,037           2,038                    77                           M-2123 
02AM    DOS FRANJAS AMARILLAS     2,028           2,029                    61                           M-2124 
02AM    DOS FRANJAS AMARILLAS     2,012           2,013                    73                           M-2274 
02AM    DOS FRANJAS AMARILLAS     2,015           2,016                    67                           M-2275 
02AM    DOS FRANJAS AMARILLAS     2,032           2,033                    75                           M-2276 









EMPRESA NACIONAL DE MINERIA (ENM) PRODUCTOR          PACKING LIST                             PAG.  :   2
NATIONAL MINING COMPANY                       CODIGO DE LOTE   : L-2139                      FECHA :01/02/2023
                                              -----------------------------
FLUJO        : 
DESCRIPCION  : CATODOS EW TALTAL
N° INSTR. DE EMBARQUE : 27783
CLIENTE      : SANTOS EXPRESS
Lote Sipa    : 22110290

----------------------------------------------------------------------------------------------------------------------------- 
MARCA       DESCRIPCION         PESO NETO      PESO BRUTO     GRUPO     UNIDADES       UBICACION         SERIE                
-----------------------------------------------------------------------------------------------------------------------------

02AM    DOS FRANJAS AMARILLAS     2,029           2,030                    63                           M-2277 
02AM    DOS FRANJAS AMARILLAS     2,034           2,035                    68                           M-2278 
02AM    DOS FRANJAS AMARILLAS     2,003           2,004                    75                           M-2279 
02AM    DOS FRANJAS AMARILLAS     2,012           2,013                    73                           M-2280 
02AM    DOS FRANJAS AMARILLAS     2,017           2,018                    59                           M-2281 
02AM    DOS FRANJAS AMARILLAS     2,002           2,003                    67                           M-2282 
02AM    DOS FRANJAS AMARILLAS     2,034           2,035                    74                           M-2283 
02AM    DOS FRANJAS AMARILLAS     2,002           2,003                    65                           M-2284 
02AM    DOS FRANJAS AMARILLAS     2,003           2,004                    68                           M-2285 
02AM    DOS FRANJAS AMARILLAS     2,005           2,006                    64                           M-2286 
02AM    DOS FRANJAS AMARILLAS     2,006           2,007                    80                           M-2287 
02AM    DOS FRANJAS AMARILLAS     2,011           2,012                    75                           M-2290 
02AM    DOS FRANJAS AMARILLAS     2,013           2,014                    68                           M-2291 
02AM    DOS FRANJAS AMARILLAS     2,036           2,037                    62                           M-2292 
02AM    DOS FRANJAS AMARILLAS     2,031           2,032                    76                           M-2293 
02AM    DOS FRANJAS AMARILLAS     2,007           2,008                    71                           M-2294 
02AM    DOS FRANJAS AMARILLAS     2,020           2,021                    66                           M-2295 
02AM    DOS FRANJAS AMARILLAS     2,000           2,001                    67                           M-2296 
02AM    DOS FRANJAS AMARILLAS     2,012           2,013                    68                           M-2297 
02AM    DOS FRANJAS AMARILLAS     2,015           2,016                    73                           M-2298 
02AM    DOS FRANJAS AMARILLAS     2,033           2,034                    65                           M-2299 
02AM    DOS FRANJAS AMARILLAS     2,012           2,013                    72                           M-2300 
02AM    DOS FRANJAS AMARILLAS     2,020           2,021                    68                           M-2301 
02AM    DOS FRANJAS AMARILLAS     2,007           2,008                    67                           M-2302 
02AM    DOS FRANJAS AMARILLAS     2,020           2,021                    69                           M-2350 
02AM    DOS FRANJAS AMARILLAS     2,018           2,019                    63                           M-2351 
02AM    DOS FRANJAS AMARILLAS     2,000           2,001                    60                           M-2352 
02AM    DOS FRANJAS AMARILLAS     2,003           2,004                    70                           M-2353 
02AM    DOS FRANJAS AMARILLAS     1,998           1,999                    61                           M-2354 
02AM    DOS FRANJAS AMARILLAS     2,004           2,005                    60                           M-2355 
02AM    DOS FRANJAS AMARILLAS     1,991           1,992                    70                           M-2356 
02AM    DOS FRANJAS AMARILLAS     2,001           2,002                    64                           M-2357 
02AM    DOS FRANJAS AMARILLAS     2,021           2,022                    61                           M-2358 
02AM    DOS FRANJAS AMARILLAS     2,021           2,022                    65                           M-2359 
02AM    DOS FRANJAS AMARILLAS     2,003           2,004                    62                           M-2360 
02AM    DOS FRANJAS AMARILLAS     2,016           2,017                    67                           M-2361 
02AM    DOS FRANJAS AMARILLAS     2,018           2,019                    67                           M-2362 
02AM    DOS FRANJAS AMARILLAS     2,013           2,014                    72                           M-2363 
02AM    DOS FRANJAS AMARILLAS     2,011           2,012                    69                           M-2365 
02AM    DOS FRANJAS AMARILLAS     2,010           2,011                    68                           M-2366 
02AM    DOS FRANJAS AMARILLAS     2,018           2,019                    60                           M-2367 
02AM    DOS FRANJAS AMARILLAS     2,009           2,010                    58                           M-2368 
02AM    DOS FRANJAS AMARILLAS     2,022           2,023                    71                           M-2369 
02AM    DOS FRANJAS AMARILLAS     2,022           2,023                    65                           M-2370 
02AM    DOS FRANJAS AMARILLAS     2,014           2,015                    62                           M-2371 









EMPRESA NACIONAL DE MINERIA (ENM) PRODUCTOR          PACKING LIST                             PAG.  :   3
NATIONAL MINING COMPANY                       CODIGO DE LOTE   : L-2139                      FECHA :01/02/2023
                                              -----------------------------
FLUJO        : 
DESCRIPCION  : CATODOS EW TALTAL
N° INSTR. DE EMBARQUE : 27783
CLIENTE      : SANTOS EXPRESS
Lote Sipa    : 22110290

----------------------------------------------------------------------------------------------------------------------------- 
MARCA       DESCRIPCION         PESO NETO      PESO BRUTO     GRUPO     UNIDADES       UBICACION         SERIE                
-----------------------------------------------------------------------------------------------------------------------------

02AM    DOS FRANJAS AMARILLAS     2,033           2,034                    72                           M-2372 
02AM    DOS FRANJAS AMARILLAS     2,002           2,003                    64                           M-2373 
02AM    DOS FRANJAS AMARILLAS     2,018           2,019                    75                           M-2374 
02AM    DOS FRANJAS AMARILLAS     2,018           2,019                    79                           M-2375 
02AM    DOS FRANJAS AMARILLAS     2,007           2,008                    65                           M-2376 
02AM    DOS FRANJAS AMARILLAS     2,011           2,012                    72                           M-2377 
02AM    DOS FRANJAS AMARILLAS     2,004           2,005                    67                           M-2378 


------------------------------------------------------------------------------------------------------------------------
T.SUB-LOTES              TOT.PAQUETES =97      TOT.UNID. = 6500   T/P NETO (kg) = 195,339      T/P BRUTO (kg) = 195,436
------------------------------------------------------------------------------------------------------------------------
