
EMPRESA NACIONAL DE MINERIA (ENM) PRODUCTOR          PACKING LIST                             PAG.  :   1
NATIONAL MINING COMPANY                       CODIGO DE LOTE   : E-1675                      FECHA :29/05/2023
                                              -----------------------------
FLUJO        : 
DESCRIPCION  : CATODOS EW EL SALADO
N° INSTR. DE EMBARQUE : 930983
CLIENTE      : 
Lote Sipa    : 23050547

----------------------------------------------------------------------------------------------------------------------------- 
MARCA       DESCRIPCION         PESO NETO      PESO BRUTO     GRUPO     UNIDADES       UBICACION         SERIE                
-----------------------------------------------------------------------------------------------------------------------------

08VE    OCHO FRANJAS VERDE        1,966           1,967                    78                           E-1675 
08VE    OCHO FRANJAS VERDE        2,042           2,043                    75                           E-1676 
08VE    OCHO FRANJAS VERDE        2,049           2,050                    68                           E-1677 
08VE    OCHO FRANJAS VERDE        1,951           1,952                    76                           E-1678 
08VE    OCHO FRANJAS VERDE        1,983           1,984                    76                           E-1679 
08VE    OCHO FRANJAS VERDE        1,960           1,961                    65                           E-1680 
08VE    OCHO FRANJAS VERDE        1,960           1,961                    80                           E-1681 
08VE    OCHO FRANJAS VERDE        2,051           2,052                    74                           E-1682 
08VE    OCHO FRANJAS VERDE        1,967           1,968                    85                           E-1683 
08VE    OCHO FRANJAS VERDE        2,043           2,044                    87                           E-1684 
08VE    OCHO FRANJAS VERDE        2,036           2,037                    66                           E-1685 
08VE    OCHO FRANJAS VERDE        1,984           1,985                    72                           E-1686 
08VE    OCHO FRANJAS VERDE        1,967           1,968                    74                           E-1687 
08VE    OCHO FRANJAS VERDE        2,008           2,009                    81                           E-1688 


------------------------------------------------------------------------------------------------------------------------
T.SUB-LOTES              TOT.PAQUETES =14      TOT.UNID. = 1057   T/P NETO (kg) = 27,967      T/P BRUTO (kg) = 27,981
------------------------------------------------------------------------------------------------------------------------
