
EMPRESA NACIONAL DE MINERIA (ENM) PRODUCTOR          PACKING LIST                             PAG.  :   1
NATIONAL MINING COMPANY                       CODIGO DE LOTE   : E-238                      FECHA :29/05/2023
                                              -----------------------------
FLUJO        : 
DESCRIPCION  : CATODOS STD 1 ER
N° INSTR. DE EMBARQUE : 64395
CLIENTE      : 
Lote Sipa    : 

----------------------------------------------------------------------------------------------------------------------------- 
MARCA       DESCRIPCION         PESO NETO      PESO BRUTO     GRUPO     UNIDADES       UBICACION         SERIE                
-----------------------------------------------------------------------------------------------------------------------------

V1VE    V FRANJA VERDE            2,410           2,411         84         20                            E-238 
V1VE    V FRANJA VERDE            2,532           2,533         84         20                            E-239 
V1VE    V FRANJA VERDE            2,367           2,368         84         20                            E-240 
V1VE    V FRANJA VERDE            2,447           2,448         84         20                            E-241 
V1VE    V FRANJA VERDE            2,163           2,164         84         20                            E-242 
V1VE    V FRANJA VERDE             913             914          84         20                            E-243 
V1VE    V FRANJA VERDE            2,401           2,402         84         20                            E-244 
V1VE    V FRANJA VERDE            1,577           1,578         84         20                            E-245 
V1VE    V FRANJA VERDE            1,268           1,269         84         20                            E-246 
V1VE    V FRANJA VERDE            1,847           1,848         84         20                            E-247 
V1VE    V FRANJA VERDE            1,932           1,933         84         20                            E-248 
V1VE    V FRANJA VERDE            2,645           2,646         84         20                            E-249 
V1VE    V FRANJA VERDE            2,526           2,527         84         20                            E-250 
V1VE    V FRANJA VERDE            2,243           2,244         84         20                            E-251 
V1VE    V FRANJA VERDE            2,603           2,604         84         20                            E-252 
V1VE    V FRANJA VERDE            2,639           2,640         84         20                            E-253 
V1VE    V FRANJA VERDE            2,551           2,552         84         20                            E-254 
V1VE    V FRANJA VERDE            2,457           2,458         84         20                            E-255 
V1VE    V FRANJA VERDE            2,595           2,596         84         20                            E-256 
V1VE    V FRANJA VERDE            2,423           2,424         84         20                            E-257 
V1VE    V FRANJA VERDE            2,459           2,460         84         20                            E-258 
V1VE    V FRANJA VERDE            2,537           2,538         84         20                            E-259 
V1VE    V FRANJA VERDE            2,501           2,502         84         20                            E-260 
V1VE    V FRANJA VERDE            2,529           2,530         85         20                            E-261 
V1VE    V FRANJA VERDE            2,423           2,424         85         20                            E-262 
V1VE    V FRANJA VERDE            2,614           2,615         85         20                            E-263 
V1VE    V FRANJA VERDE            2,165           2,166         85         20                            E-264 
V1VE    V FRANJA VERDE            2,527           2,528         85         20                            E-265 
V1VE    V FRANJA VERDE            2,489           2,490         85         20                            E-266 
V1VE    V FRANJA VERDE            2,193           2,194         85         20                            E-267 
V1VE    V FRANJA VERDE            2,433           2,434         85         20                            E-268 
V1VE    V FRANJA VERDE            2,516           2,517         85         20                            E-269 
V1VE    V FRANJA VERDE            2,479           2,480         85         20                            E-270 
V1VE    V FRANJA VERDE            2,228           2,229         85         20                            E-271 
V1VE    V FRANJA VERDE            2,449           2,450         85         20                            E-272 
V1VE    V FRANJA VERDE            2,463           2,464         85         20                            E-273 
V1VE    V FRANJA VERDE            2,473           2,474         85         20                            E-274 
V1VE    V FRANJA VERDE            2,553           2,554         85         20                            E-275 
V1VE    V FRANJA VERDE            2,615           2,616         85         20                            E-276 
V1VE    V FRANJA VERDE            2,494           2,495         85         20                            E-277 
V1VE    V FRANJA VERDE            2,194           2,195         85         20                            E-278 
V1VE    V FRANJA VERDE            2,090           2,091         85         20                            E-279 
V1VE    V FRANJA VERDE            2,416           2,417         85         20                            E-280 
V1VE    V FRANJA VERDE            2,122           2,123         85         20                            E-281 
V1VE    V FRANJA VERDE            2,509           2,510         85         20                            E-282 









EMPRESA NACIONAL DE MINERIA (ENM) PRODUCTOR          PACKING LIST                             PAG.  :   2
NATIONAL MINING COMPANY                       CODIGO DE LOTE   : E-238                      FECHA :29/05/2023
                                              -----------------------------
FLUJO        : 
DESCRIPCION  : CATODOS STD 1 ER
N° INSTR. DE EMBARQUE : 64395
CLIENTE      : 
Lote Sipa    : 

----------------------------------------------------------------------------------------------------------------------------- 
MARCA       DESCRIPCION         PESO NETO      PESO BRUTO     GRUPO     UNIDADES       UBICACION         SERIE                
-----------------------------------------------------------------------------------------------------------------------------

V1VE    V FRANJA VERDE            2,370           2,371         85         20                            E-283 
V1VE    V FRANJA VERDE            2,529           2,530         85         20                            E-284 
V1VE    V FRANJA VERDE            2,608           2,609         85         20                            E-285 
V1VE    V FRANJA VERDE            2,554           2,555         85         20                            E-286 
V1VE    V FRANJA VERDE            2,398           2,399         85         20                            E-287 
V1VE    V FRANJA VERDE            2,435           2,436         85         20                            E-288 
V1VE    V FRANJA VERDE            1,951           1,952         85         20                            E-289 
V1VE    V FRANJA VERDE            2,496           2,497         85         20                            E-290 
V1VE    V FRANJA VERDE            2,047           2,048         85         20                            E-291 
V1VE    V FRANJA VERDE            2,073           2,074         85         20                            E-292 
V1VE    V FRANJA VERDE            2,453           2,454         85         20                            E-293 
V1VE    V FRANJA VERDE            2,047           2,048         85         20                            E-294 
V1VE    V FRANJA VERDE            1,945           1,946         85         20                            E-295 
V1VE    V FRANJA VERDE            2,336           2,337         85         20                            E-296 
V1VE    V FRANJA VERDE            2,258           2,259         85         20                            E-297 
V1VE    V FRANJA VERDE            2,362           2,363         85         20                            E-298 
V1VE    V FRANJA VERDE            2,407           2,408         85         20                            E-299 
V1VE    V FRANJA VERDE            2,373           2,374         85         20                            E-300 
V1VE    V FRANJA VERDE            2,368           2,369         85         20                            E-301 
V1VE    V FRANJA VERDE            2,387           2,388         85         20                            E-302 
V1VE    V FRANJA VERDE            2,263           2,264         85         20                            E-303 
V1VE    V FRANJA VERDE            2,519           2,520         85         20                            E-304 
V1VE    V FRANJA VERDE            2,553           2,554         85         20                            E-305 
V1VE    V FRANJA VERDE            2,449           2,450         85         20                            E-306 
V1VE    V FRANJA VERDE            2,499           2,500         85         20                            E-307 
V1VE    V FRANJA VERDE            2,421           2,422         85         20                            E-308 
V1VE    V FRANJA VERDE            2,551           2,552         85         20                            E-309 
V1VE    V FRANJA VERDE            2,651           2,652         85         20                            E-310 
V1VE    V FRANJA VERDE            2,447           2,448         86         20                            E-311 
V1VE    V FRANJA VERDE            2,460           2,461         86         20                            E-312 
V1VE    V FRANJA VERDE            2,635           2,636         86         20                            E-313 
V1VE    V FRANJA VERDE            2,577           2,578         86         20                            E-314 
V1VE    V FRANJA VERDE            2,561           2,562         86         20                            E-315 
V1VE    V FRANJA VERDE            2,174           2,175         86         20                            E-316 
V1VE    V FRANJA VERDE            2,584           2,585         86         20                            E-317 
V1VE    V FRANJA VERDE            2,385           2,386         86         20                            E-318 
V1VE    V FRANJA VERDE            2,536           2,537         86         20                            E-319 
V1VE    V FRANJA VERDE            2,460           2,461         86         20                            E-320 
V1VE    V FRANJA VERDE            2,385           2,386         86         20                            E-321 
V1VE    V FRANJA VERDE            2,471           2,472         86         20                            E-322 
V1VE    V FRANJA VERDE            2,367           2,368         86         20                            E-323 
V1VE    V FRANJA VERDE            2,357           2,358         86         20                            E-324 
V1VE    V FRANJA VERDE            2,471           2,472         86         20                            E-325 
V1VE    V FRANJA VERDE            2,416           2,417         86         20                            E-326 
V1VE    V FRANJA VERDE            2,431           2,432         86         20                            E-327 









EMPRESA NACIONAL DE MINERIA (ENM) PRODUCTOR          PACKING LIST                             PAG.  :   3
NATIONAL MINING COMPANY                       CODIGO DE LOTE   : E-238                      FECHA :29/05/2023
                                              -----------------------------
FLUJO        : 
DESCRIPCION  : CATODOS STD 1 ER
N° INSTR. DE EMBARQUE : 64395
CLIENTE      : 
Lote Sipa    : 

----------------------------------------------------------------------------------------------------------------------------- 
MARCA       DESCRIPCION         PESO NETO      PESO BRUTO     GRUPO     UNIDADES       UBICACION         SERIE                
-----------------------------------------------------------------------------------------------------------------------------

V1VE    V FRANJA VERDE            2,501           2,502         86         20                            E-328 
V1VE    V FRANJA VERDE            2,553           2,554         86         20                            E-329 
V1VE    V FRANJA VERDE            2,512           2,513         86         20                            E-330 
V1VE    V FRANJA VERDE            2,462           2,463         86         20                            E-331 
V1VE    V FRANJA VERDE            2,613           2,614         86         20                            E-332 
V1VE    V FRANJA VERDE            2,362           2,363         86         20                            E-333 
V1VE    V FRANJA VERDE            2,270           2,271         86         20                            E-334 
V1VE    V FRANJA VERDE            2,208           2,209         86         20                            E-335 
V1VE    V FRANJA VERDE            2,498           2,499         86         20                            E-336 
V1VE    V FRANJA VERDE            2,315           2,316         86         20                            E-337 
V1VE    V FRANJA VERDE            2,387           2,388         86         20                            E-338 
V1VE    V FRANJA VERDE            2,511           2,512         86         20                            E-339 
V1VE    V FRANJA VERDE            2,630           2,631         86         20                            E-340 
V1VE    V FRANJA VERDE            2,360           2,361         86         20                            E-341 
V1VE    V FRANJA VERDE            2,457           2,458         86         20                            E-342 
V1VE    V FRANJA VERDE            2,507           2,508         86         20                            E-343 
V1VE    V FRANJA VERDE            2,445           2,446         86         20                            E-344 
V1VE    V FRANJA VERDE            2,460           2,461         86         20                            E-345 
V1VE    V FRANJA VERDE            2,521           2,522         86         20                            E-346 
V1VE    V FRANJA VERDE            2,565           2,566         86         20                            E-347 
V1VE    V FRANJA VERDE            2,359           2,360         86         20                            E-348 
V1VE    V FRANJA VERDE            2,471           2,472         86         20                            E-349 
V1VE    V FRANJA VERDE            2,280           2,281         86         20                            E-350 
V1VE    V FRANJA VERDE            2,355           2,356         86         20                            E-351 
V1VE    V FRANJA VERDE            2,314           2,315         87         20                            E-352 
V1VE    V FRANJA VERDE            2,501           2,502         87         20                            E-353 
V1VE    V FRANJA VERDE            1,265           1,266         87         20                            E-354 
V1VE    V FRANJA VERDE            1,490           1,491         87         20                            E-355 
V1VE    V FRANJA VERDE            1,621           1,622         87         20                            E-356 
V1VE    V FRANJA VERDE            1,320           1,321         87         20                            E-357 
V1VE    V FRANJA VERDE            2,077           2,078         87         20                            E-358 
V1VE    V FRANJA VERDE            2,407           2,408         87         20                            E-359 
V1VE    V FRANJA VERDE            2,071           2,072         87         20                            E-360 
V1VE    V FRANJA VERDE            2,329           2,330         87         20                            E-361 
V1VE    V FRANJA VERDE            2,243           2,244         87         20                            E-362 
V1VE    V FRANJA VERDE            2,317           2,318         87         20                            E-363 
V1VE    V FRANJA VERDE            2,081           2,082         87         20                            E-364 
V1VE    V FRANJA VERDE            2,269           2,270         87         20                            E-365 


------------------------------------------------------------------------------------------------------------------------
T.SUB-LOTES              TOT.PAQUETES =128      TOT.UNID. = 2560   T/P NETO (kg) = 299,937      T/P BRUTO (kg) = 300,065
------------------------------------------------------------------------------------------------------------------------
