
EMPRESA NACIONAL DE MINERIA (ENM) PRODUCTOR          PACKING LIST                             PAG.  :   1
NATIONAL MINING COMPANY                       CODIGO DE LOTE   : G-2867                      FECHA :01/08/2022
                                              -----------------------------
FLUJO        : 
DESCRIPCION  : CATODOS EW CERRO NEGRO
N° INSTR. DE EMBARQUE : 929773
CLIENTE      : 
Lote Sipa    : 22070350

----------------------------------------------------------------------------------------------------------------------------- 
MARCA       DESCRIPCION         PESO NETO      PESO BRUTO     GRUPO     UNIDADES       UBICACION         SERIE                
-----------------------------------------------------------------------------------------------------------------------------

07AM    SIETE FRANJAS AMARILLAS   2,006           2,007                    38                           G-2867 
07AM    SIETE FRANJAS AMARILLAS   2,025           2,026                    38                           G-2868 
07AM    SIETE FRANJAS AMARILLAS   2,082           2,083                    56                           G-2869 
07AM    SIETE FRANJAS AMARILLAS   2,023           2,024                    40                           G-2870 
07AM    SIETE FRANJAS AMARILLAS   1,940           1,941                    38                           G-2871 
07AM    SIETE FRANJAS AMARILLAS   2,038           2,039                    40                           G-2872 
07AM    SIETE FRANJAS AMARILLAS   2,036           2,037                    38                           G-2873 
07AM    SIETE FRANJAS AMARILLAS   1,982           1,983                    41                           G-2874 
07AM    SIETE FRANJAS AMARILLAS   2,054           2,055                    41                           G-2875 
07AM    SIETE FRANJAS AMARILLAS   2,012           2,013                    33                           G-2876 
07AM    SIETE FRANJAS AMARILLAS   2,022           2,023                    43                           G-2877 
07AM    SIETE FRANJAS AMARILLAS   1,984           1,985                    33                           G-2878 
07AM    SIETE FRANJAS AMARILLAS   2,026           2,027                    44                           G-2879 
07AM    SIETE FRANJAS AMARILLAS   2,012           2,013                    43                           G-2880 
07AM    SIETE FRANJAS AMARILLAS   1,996           1,997                    40                           G-2881 


------------------------------------------------------------------------------------------------------------------------
T.SUB-LOTES              TOT.PAQUETES =15      TOT.UNID. = 606   T/P NETO (kg) = 30,238      T/P BRUTO (kg) = 30,253
------------------------------------------------------------------------------------------------------------------------
