
EMPRESA NACIONAL DE MINERIA (ENM) PRODUCTOR          PACKING LIST                             PAG.  :   1
NATIONAL MINING COMPANY                       CODIGO DE LOTE   : M-13579                      FECHA :19/01/2021
                                              -----------------------------
FLUJO        : 
DESCRIPCION  : CATODOS GRADO A
N° INSTR. DE EMBARQUE : 26397
CLIENTE      : ANTOFAGASTA EXPRESS
Lote Sipa    : 20120315

----------------------------------------------------------------------------------------------------------------------------- 
MARCA       DESCRIPCION         PESO NETO      PESO BRUTO     GRUPO     UNIDADES       UBICACION         SERIE                
-----------------------------------------------------------------------------------------------------------------------------

01BL    FRANJA BLANCA             2,331           2,332         34         20                           M-13579
01BL    FRANJA BLANCA             2,334           2,335         34         20                           M-13580
01BL    FRANJA BLANCA             2,353           2,354         41         20                           M-13581
01BL    FRANJA BLANCA             2,323           2,324         28         20                           M-13582
01BL    FRANJA BLANCA             2,285           2,286         28         20                           M-13583
01BL    FRANJA BLANCA             2,249           2,250         41         20                           M-13584
01BL    FRANJA BLANCA             2,278           2,279         34         20                           M-13585
01BL    FRANJA BLANCA             2,494           2,495         41         20                           M-13586
01BL    FRANJA BLANCA             2,372           2,373         28         20                           M-13587
01BL    FRANJA BLANCA             2,482           2,483         28         20                           M-13588
01BL    FRANJA BLANCA             2,447           2,448         41         20                           M-13589
01BL    FRANJA BLANCA             2,325           2,326         41         20                           M-13590
01BL    FRANJA BLANCA             2,420           2,421         41         20                           M-13591
01BL    FRANJA BLANCA             2,336           2,337         41         20                           M-13592
01BL    FRANJA BLANCA             2,296           2,297         41         20                           M-13593
01BL    FRANJA BLANCA             2,183           2,184         41         20                           M-13594
01BL    FRANJA BLANCA             2,328           2,329         41         20                           M-13595
01BL    FRANJA BLANCA             2,335           2,336         41         20                           M-13596
01BL    FRANJA BLANCA             2,456           2,457         34         20                           M-13597
01BL    FRANJA BLANCA             2,439           2,440         34         20                           M-13598
01BL    FRANJA BLANCA             2,507           2,508         28         20                           M-13599
01BL    FRANJA BLANCA             2,446           2,447         41         20                           M-13600
01BL    FRANJA BLANCA             2,441           2,442         28         20                           M-13601
01BL    FRANJA BLANCA             2,530           2,531         28         20                           M-13602
01BL    FRANJA BLANCA             2,523           2,524         34         20                           M-13603
01BL    FRANJA BLANCA             2,285           2,286         34         20                           M-13604
01BL    FRANJA BLANCA             2,496           2,497         28         20                           M-13605
01BL    FRANJA BLANCA             2,352           2,353         41         20                           M-13606
01BL    FRANJA BLANCA             2,368           2,369         34         20                           M-13607
01BL    FRANJA BLANCA             2,373           2,374         34         20                           M-13608
01BL    FRANJA BLANCA             2,472           2,473         28         20                           M-13609
01BL    FRANJA BLANCA             2,449           2,450         28         20                           M-13610
01BL    FRANJA BLANCA             2,445           2,446         34         20                           M-13611
01BL    FRANJA BLANCA             2,259           2,260         34         20                           M-13612
01BL    FRANJA BLANCA             2,497           2,498         28         20                           M-13613
01BL    FRANJA BLANCA             2,443           2,444         34         20                           M-13614
01BL    FRANJA BLANCA             2,435           2,436         28         20                           M-13615
01BL    FRANJA BLANCA             2,252           2,253         34         20                           M-13616
01BL    FRANJA BLANCA             2,307           2,308         34         20                           M-13617
01BL    FRANJA BLANCA             2,425           2,426         34         20                           M-13618
01BL    FRANJA BLANCA             2,357           2,358         34         20                           M-13619
01BL    FRANJA BLANCA             2,521           2,522         28         20                           M-13620
01BL    FRANJA BLANCA             2,396           2,397         34         20                           M-13621
01BL    FRANJA BLANCA             2,414           2,415         41         20                           M-13622
01BL    FRANJA BLANCA             2,397           2,398         28         20                           M-13623









EMPRESA NACIONAL DE MINERIA (ENM) PRODUCTOR          PACKING LIST                             PAG.  :   2
NATIONAL MINING COMPANY                       CODIGO DE LOTE   : M-13579                      FECHA :19/01/2021
                                              -----------------------------
FLUJO        : 
DESCRIPCION  : CATODOS GRADO A
N° INSTR. DE EMBARQUE : 26397
CLIENTE      : ANTOFAGASTA EXPRESS
Lote Sipa    : 20120315

----------------------------------------------------------------------------------------------------------------------------- 
MARCA       DESCRIPCION         PESO NETO      PESO BRUTO     GRUPO     UNIDADES       UBICACION         SERIE                
-----------------------------------------------------------------------------------------------------------------------------

01BL    FRANJA BLANCA             2,434           2,435         28         20                           M-13624
01BL    FRANJA BLANCA             2,400           2,401         34         20                           M-13625
01BL    FRANJA BLANCA             2,393           2,394         34         20                           M-13626
01BL    FRANJA BLANCA             2,436           2,437         34         20                           M-13627
01BL    FRANJA BLANCA             2,497           2,498         28         20                           M-13628
01BL    FRANJA BLANCA             2,259           2,260         34         20                           M-13629
01BL    FRANJA BLANCA             2,444           2,445         28         20                           M-13630
01BL    FRANJA BLANCA             2,412           2,413         41         20                           M-13631
01BL    FRANJA BLANCA             2,494           2,495         28         20                           M-13632
01BL    FRANJA BLANCA             2,274           2,275         41         20                           M-13633
01BL    FRANJA BLANCA             2,389           2,390         41         20                           M-13634
01BL    FRANJA BLANCA             2,459           2,460         34         20                           M-13635
01BL    FRANJA BLANCA             2,342           2,343         41         20                           M-13636
01BL    FRANJA BLANCA             2,560           2,561         34         20                           M-13637
01BL    FRANJA BLANCA             2,436           2,437         34         20                           M-13638
01BL    FRANJA BLANCA             2,213           2,214         34         20                           M-13639
01BL    FRANJA BLANCA             2,193           2,194         34         20                           M-13640
01BL    FRANJA BLANCA             2,377           2,378         34         20                           M-13641
01BL    FRANJA BLANCA             2,361           2,362         28         20                           M-13642
01BL    FRANJA BLANCA             2,403           2,404         34         20                           M-13643
01BL    FRANJA BLANCA             2,375           2,376         28         20                           M-13644
01BL    FRANJA BLANCA             2,401           2,402         21         20                           M-13645
01BL    FRANJA BLANCA             2,286           2,287         34         20                           M-13646
01BL    FRANJA BLANCA             2,179           2,180         41         20                           M-13647
01BL    FRANJA BLANCA             2,507           2,508         28         20                           M-13648
01BL    FRANJA BLANCA             2,200           2,201         34         20                           M-13649
01BL    FRANJA BLANCA             2,450           2,451         28         20                           M-13650
01BL    FRANJA BLANCA             2,313           2,314         34         20                           M-13651
01BL    FRANJA BLANCA             2,385           2,386         28         20                           M-13652
01BL    FRANJA BLANCA             2,388           2,389         34         20                           M-13653
01BL    FRANJA BLANCA             2,473           2,474         41         20                           M-13654
01BL    FRANJA BLANCA             2,575           2,576         41         20                           M-13655
01BL    FRANJA BLANCA             2,376           2,377         34         20                           M-13656
01BL    FRANJA BLANCA             2,386           2,387         34         20                           M-13657
01BL    FRANJA BLANCA             2,252           2,253         34         20                           M-13658
01BL    FRANJA BLANCA             2,396           2,397         28         20                           M-13659
01BL    FRANJA BLANCA             2,330           2,331         28         20                           M-13660
01BL    FRANJA BLANCA             2,308           2,309         28         20                           M-13661
01BL    FRANJA BLANCA             2,507           2,508         28         20                           M-13662
01BL    FRANJA BLANCA             2,543           2,544         41         20                           M-13663
01BL    FRANJA BLANCA             2,515           2,516         41         20                           M-13664
01BL    FRANJA BLANCA             2,290           2,291         28         20                           M-13665
01BL    FRANJA BLANCA             2,312           2,313         21         20                           M-13666
01BL    FRANJA BLANCA             2,413           2,414         34         20                           M-13667
01BL    FRANJA BLANCA             2,384           2,385         34         20                           M-13668









EMPRESA NACIONAL DE MINERIA (ENM) PRODUCTOR          PACKING LIST                             PAG.  :   3
NATIONAL MINING COMPANY                       CODIGO DE LOTE   : M-13579                      FECHA :19/01/2021
                                              -----------------------------
FLUJO        : 
DESCRIPCION  : CATODOS GRADO A
N° INSTR. DE EMBARQUE : 26397
CLIENTE      : ANTOFAGASTA EXPRESS
Lote Sipa    : 20120315

----------------------------------------------------------------------------------------------------------------------------- 
MARCA       DESCRIPCION         PESO NETO      PESO BRUTO     GRUPO     UNIDADES       UBICACION         SERIE                
-----------------------------------------------------------------------------------------------------------------------------

01BL    FRANJA BLANCA             2,296           2,297         34         20                           M-13669
01BL    FRANJA BLANCA             2,477           2,478         41         20                           M-13670
01BL    FRANJA BLANCA             2,433           2,434         34         20                           M-13671
01BL    FRANJA BLANCA             2,511           2,512         41         20                           M-13672
01BL    FRANJA BLANCA             2,450           2,451         21         20                           M-13673
01BL    FRANJA BLANCA             2,255           2,256         28         20                           M-13674
01BL    FRANJA BLANCA             2,368           2,369         24         20                           M-13675
01BL    FRANJA BLANCA             2,341           2,342         24         20                           M-13676
01BL    FRANJA BLANCA             2,367           2,368         24         20                           M-13677
01BL    FRANJA BLANCA             2,373           2,374         24         20                           M-13678
01BL    FRANJA BLANCA             2,392           2,393         34         20                           M-13679
01BL    FRANJA BLANCA             2,547           2,548         41         20                           M-13680
01BL    FRANJA BLANCA             2,545           2,546         41         20                           M-13681
01BL    FRANJA BLANCA             2,092           2,093         24         20                           M-13682
01BL    FRANJA BLANCA             2,479           2,480         24         20                           M-13683
01BL    FRANJA BLANCA             2,323           2,324         24         20                           M-13684
01BL    FRANJA BLANCA             2,044           2,045         24         20                           M-13685
01BL    FRANJA BLANCA             2,125           2,126         24         20                           M-13686
01BL    FRANJA BLANCA             2,358           2,359         24         20                           M-13687
01BL    FRANJA BLANCA             2,538           2,539         41         20                           M-13688
01BL    FRANJA BLANCA             2,390           2,391         41         20                           M-13689
01BL    FRANJA BLANCA             2,421           2,422         41         20                           M-13690
01BL    FRANJA BLANCA             2,360           2,361         42         20                           M-13691
01BL    FRANJA BLANCA             2,454           2,455         42         20                           M-13692
01BL    FRANJA BLANCA             2,200           2,201         24         20                           M-13693
01BL    FRANJA BLANCA             2,254           2,255         34         20                           M-13694
01BL    FRANJA BLANCA             2,398           2,399         42         20                           M-13695
01BL    FRANJA BLANCA             2,341           2,342         24         20                           M-13696
01BL    FRANJA BLANCA             2,480           2,481         24         20                           M-13697
01BL    FRANJA BLANCA             2,425           2,426         24         20                           M-13698
01BL    FRANJA BLANCA             2,490           2,491         41         20                           M-13699
01BL    FRANJA BLANCA             2,233           2,234         24         20                           M-13700
01BL    FRANJA BLANCA             2,288           2,289         24         20                           M-13701
01BL    FRANJA BLANCA             2,314           2,315         24         20                           M-13702
01BL    FRANJA BLANCA             2,365           2,366         24         20                           M-13703
01BL    FRANJA BLANCA             2,457           2,458         24         20                           M-13704


------------------------------------------------------------------------------------------------------------------------
T.SUB-LOTES              TOT.PAQUETES =126      TOT.UNID. = 2520   T/P NETO (kg) = 299,960      T/P BRUTO (kg) = 300,086
------------------------------------------------------------------------------------------------------------------------
