
EMPRESA NACIONAL DE MINERIA (ENM) PRODUCTOR          PACKING LIST                             PAG.  :   1
NATIONAL MINING COMPANY                       CODIGO DE LOTE   : F-11250                      FECHA :22/06/2021
                                              -----------------------------
FLUJO        : 
DESCRIPCION  : CATODOS GRADO A
N° INSTR. DE EMBARQUE : 26745
CLIENTE      : CITY OF ALEXANDRIA
Lote Sipa    : 

----------------------------------------------------------------------------------------------------------------------------- 
MARCA       DESCRIPCION         PESO NETO      PESO BRUTO     GRUPO     UNIDADES       UBICACION         SERIE                
-----------------------------------------------------------------------------------------------------------------------------

X0AZ    EQUIS AZUL                2,221           2,222         32         20                           F-11250
X0AZ    EQUIS AZUL                2,322           2,323         32         20                           F-11251
X0AZ    EQUIS AZUL                2,347           2,348         39         20                           F-11252
X0AZ    EQUIS AZUL                2,361           2,362         39         20                           F-11253
X0AZ    EQUIS AZUL                2,211           2,212         32         20                           F-11254
X0AZ    EQUIS AZUL                2,259           2,260         32         20                           F-11255
X0AZ    EQUIS AZUL                2,351           2,352         32         20                           F-11256
X0AZ    EQUIS AZUL                2,273           2,274         32         20                           F-11257
X0AZ    EQUIS AZUL                2,411           2,412         39         20                           F-11258
X0AZ    EQUIS AZUL                2,318           2,319         39         20                           F-11259
X0AZ    EQUIS AZUL                2,329           2,330         39         20                           F-11260
X0AZ    EQUIS AZUL                2,223           2,224         32         20                           F-11261
X0AZ    EQUIS AZUL                2,294           2,295         39         20                           F-11262
X0AZ    EQUIS AZUL                2,197           2,198         39         20                           F-11263
X0AZ    EQUIS AZUL                2,377           2,378         39         20                           F-11264
X0AZ    EQUIS AZUL                2,219           2,220         39         20                           F-11265
X0AZ    EQUIS AZUL                2,406           2,407         39         20                           F-11266
X0AZ    EQUIS AZUL                2,251           2,252         39         20                           F-11267
X0AZ    EQUIS AZUL                2,301           2,302         39         20                           F-11268
X0AZ    EQUIS AZUL                2,272           2,273         39         20                           F-11269
X0AZ    EQUIS AZUL                2,343           2,344         39         20                           F-11270
X0AZ    EQUIS AZUL                2,259           2,260         39         20                           F-11271
X0AZ    EQUIS AZUL                2,215           2,216         39         20                           F-11272
X0AZ    EQUIS AZUL                2,181           2,182         39         20                           F-11273
X0AZ    EQUIS AZUL                2,326           2,327         39         20                           F-11274
X0AZ    EQUIS AZUL                2,209           2,210         32         20                           F-11275
X0AZ    EQUIS AZUL                2,277           2,278         32         20                           F-11276
X0AZ    EQUIS AZUL                2,306           2,307         32         20                           F-11277
X0AZ    EQUIS AZUL                2,292           2,293         32         20                           F-11278
X0AZ    EQUIS AZUL                2,157           2,158         32         20                           F-11279
X0AZ    EQUIS AZUL                2,031           2,032         32         20                           F-11280
X0AZ    EQUIS AZUL                2,155           2,156         32         20                           F-11281
X0AZ    EQUIS AZUL                1,957           1,958         32         20                           F-11282
X0AZ    EQUIS AZUL                2,332           2,333         39         20                           F-11283
X0AZ    EQUIS AZUL                2,174           2,175         32         20                           F-11284
X0AZ    EQUIS AZUL                1,919           1,920         32         20                           F-11285
X0AZ    EQUIS AZUL                2,285           2,286         39         20                           F-11286
X0AZ    EQUIS AZUL                2,097           2,098         39         20                           F-11287
X0AZ    EQUIS AZUL                2,323           2,324         39         20                           F-11288
X0AZ    EQUIS AZUL                2,444           2,445         39         20                           F-11289
X0AZ    EQUIS AZUL                2,065           2,066         39         20                           F-11290
X0AZ    EQUIS AZUL                2,462           2,463         39         20                           F-11291
X0AZ    EQUIS AZUL                2,046           2,047         49         20                           F-11292
X0AZ    EQUIS AZUL                2,397           2,398         18         20                           F-11293
X0AZ    EQUIS AZUL                2,463           2,464         18         20                           F-11294









EMPRESA NACIONAL DE MINERIA (ENM) PRODUCTOR          PACKING LIST                             PAG.  :   2
NATIONAL MINING COMPANY                       CODIGO DE LOTE   : F-11250                      FECHA :22/06/2021
                                              -----------------------------
FLUJO        : 
DESCRIPCION  : CATODOS GRADO A
N° INSTR. DE EMBARQUE : 26745
CLIENTE      : CITY OF ALEXANDRIA
Lote Sipa    : 

----------------------------------------------------------------------------------------------------------------------------- 
MARCA       DESCRIPCION         PESO NETO      PESO BRUTO     GRUPO     UNIDADES       UBICACION         SERIE                
-----------------------------------------------------------------------------------------------------------------------------

X0AZ    EQUIS AZUL                2,455           2,456         18         20                           F-11295
X0AZ    EQUIS AZUL                2,517           2,518         18         20                           F-11296
X0AZ    EQUIS AZUL                2,395           2,396         18         20                           F-11297
X0AZ    EQUIS AZUL                2,261           2,262         18         20                           F-11298
X0AZ    EQUIS AZUL                2,495           2,496         18         20                           F-11299
X0AZ    EQUIS AZUL                2,405           2,406         18         20                           F-11300
X0AZ    EQUIS AZUL                2,483           2,484         18         20                           F-11301
X0AZ    EQUIS AZUL                2,095           2,096         18         20                           F-11302
X0AZ    EQUIS AZUL                2,465           2,466         18         20                           F-11303
X0AZ    EQUIS AZUL                2,313           2,314         18         20                           F-11304
X0AZ    EQUIS AZUL                2,493           2,494         18         20                           F-11305
X0AZ    EQUIS AZUL                2,523           2,524         18         20                           F-11306
X0AZ    EQUIS AZUL                2,512           2,513         18         20                           F-11307
X0AZ    EQUIS AZUL                2,303           2,304         18         20                           F-11308
X0AZ    EQUIS AZUL                2,503           2,504         18         20                           F-11309
X0AZ    EQUIS AZUL                2,607           2,608         18         20                           F-11310
X0AZ    EQUIS AZUL                2,443           2,444         18         20                           F-11311
X0AZ    EQUIS AZUL                2,438           2,439         18         20                           F-11312
X0AZ    EQUIS AZUL                2,493           2,494         18         20                           F-11313
X0AZ    EQUIS AZUL                2,393           2,394         18         20                           F-11314
X0AZ    EQUIS AZUL                2,495           2,496         18         20                           F-11315
X0AZ    EQUIS AZUL                2,443           2,444         18         20                           F-11316
X0AZ    EQUIS AZUL                2,544           2,545         18         20                           F-11317
X0AZ    EQUIS AZUL                2,420           2,421         18         20                           F-11318
X0AZ    EQUIS AZUL                2,510           2,511         18         20                           F-11319
X0AZ    EQUIS AZUL                2,323           2,324         18         20                           F-11320
X0AZ    EQUIS AZUL                2,521           2,522         18         20                           F-11321
X0AZ    EQUIS AZUL                2,410           2,411         18         20                           F-11322
X0AZ    EQUIS AZUL                2,483           2,484         18         20                           F-11323
X0AZ    EQUIS AZUL                2,345           2,346         18         20                           F-11324
X0AZ    EQUIS AZUL                2,411           2,412         18         20                           F-11325
X0AZ    EQUIS AZUL                2,322           2,323         18         20                           F-11326
X0AZ    EQUIS AZUL                2,334           2,335         18         20                           F-11327
X0AZ    EQUIS AZUL                2,296           2,297         18         20                           F-11328
X0AZ    EQUIS AZUL                1,935           1,936         18         20                           F-11329
X0AZ    EQUIS AZUL                2,291           2,292         18         20                           F-11330
X0AZ    EQUIS AZUL                2,189           2,190         18         20                           F-11331
X0AZ    EQUIS AZUL                2,213           2,214         18         20                           F-11332
X0AZ    EQUIS AZUL                2,457           2,458         18         20                           F-11333
X0AZ    EQUIS AZUL                2,448           2,449         18         20                           F-11334
X0AZ    EQUIS AZUL                2,321           2,322         18         20                           F-11335


------------------------------------------------------------------------------------------------------------------------
T.SUB-LOTES              TOT.PAQUETES =86      TOT.UNID. = 1720   T/P NETO (kg) = 199,961      T/P BRUTO (kg) = 200,047
------------------------------------------------------------------------------------------------------------------------
