
EMPRESA NACIONAL DE MINERIA (ENM) PRODUCTOR          PACKING LIST                             PAG.  :   1
NATIONAL MINING COMPANY                       CODIGO DE LOTE   : G-3414                      FECHA :31/07/2023
                                              -----------------------------
FLUJO        : 
DESCRIPCION  : CATODOS EW MATTA
N° INSTR. DE EMBARQUE : 931255
CLIENTE      : 
Lote Sipa    : 23070413

----------------------------------------------------------------------------------------------------------------------------- 
MARCA       DESCRIPCION         PESO NETO      PESO BRUTO     GRUPO     UNIDADES       UBICACION         SERIE                
-----------------------------------------------------------------------------------------------------------------------------

14NE    14 FRANJAS NEGRAS         2,041           2,042                    50                           G-3414 
14NE    14 FRANJAS NEGRAS         2,012           2,013                    46                           G-3415 
14NE    14 FRANJAS NEGRAS         2,009           2,010                    48                           G-3416 
14NE    14 FRANJAS NEGRAS         2,050           2,051                    47                           G-3417 
14NE    14 FRANJAS NEGRAS         2,050           2,051                    52                           G-3418 
14NE    14 FRANJAS NEGRAS         1,996           1,997                    58                           G-3419 
14NE    14 FRANJAS NEGRAS         2,035           2,036                    45                           G-3420 
14NE    14 FRANJAS NEGRAS         2,017           2,018                    46                           G-3421 
14NE    14 FRANJAS NEGRAS         2,037           2,038                    46                           G-3422 
14NE    14 FRANJAS NEGRAS         1,992           1,993                    56                           G-3423 
14NE    14 FRANJAS NEGRAS         2,042           2,043                    41                           G-3424 
14NE    14 FRANJAS NEGRAS         2,038           2,039                    47                           G-3425 
14NE    14 FRANJAS NEGRAS         2,031           2,032                    46                           G-3426 
14NE    14 FRANJAS NEGRAS         2,027           2,028                    53                           G-3427 


------------------------------------------------------------------------------------------------------------------------
T.SUB-LOTES              TOT.PAQUETES =14      TOT.UNID. = 681   T/P NETO (kg) = 28,377      T/P BRUTO (kg) = 28,391
------------------------------------------------------------------------------------------------------------------------
