
EMPRESA NACIONAL DE MINERIA (ENM) PRODUCTOR          PACKING LIST                             PAG.  :   1
NATIONAL MINING COMPANY                       CODIGO DE LOTE   : D-15970                      FECHA :18/05/2020
                                              -----------------------------
FLUJO        : 
DESCRIPCION  : CATODOS GRADO A
N° INSTR. DE EMBARQUE : 25985
CLIENTE      : MAERSK STEPNICA
Lote Sipa    : 20040641

----------------------------------------------------------------------------------------------------------------------------- 
MARCA       DESCRIPCION         PESO NETO      PESO BRUTO     GRUPO     UNIDADES       UBICACION         SERIE                
-----------------------------------------------------------------------------------------------------------------------------

01AM    FRANJA AMARILLA           2,245           2,246         16         20                           D-15970
01AM    FRANJA AMARILLA           2,381           2,382         16         20                           D-15971
01AM    FRANJA AMARILLA           2,341           2,342         16         20                           D-15972
01AM    FRANJA AMARILLA           2,033           2,034         16         20                           D-15973
01AM    FRANJA AMARILLA           2,366           2,367         48         20                           D-15974
01AM    FRANJA AMARILLA           2,361           2,362         16         20                           D-15975
01AM    FRANJA AMARILLA           2,029           2,030         36         20                           D-15976
01AM    FRANJA AMARILLA           2,209           2,210         48         20                           D-15977
01AM    FRANJA AMARILLA           2,383           2,384         16         20                           D-15978
01AM    FRANJA AMARILLA           2,101           2,102         48         20                           D-15979
01AM    FRANJA AMARILLA           2,513           2,514         16         20                           D-15980
01AM    FRANJA AMARILLA           2,348           2,349         48         20                           D-15981
01AM    FRANJA AMARILLA           2,286           2,287         48         20                           D-15982
01AM    FRANJA AMARILLA           2,203           2,204         48         20                           D-15983
01AM    FRANJA AMARILLA           2,408           2,409         48         20                           D-15984
01AM    FRANJA AMARILLA           2,309           2,310         48         20                           D-15985
01AM    FRANJA AMARILLA           2,485           2,486         16         20                           D-15986
01AM    FRANJA AMARILLA           2,399           2,400         16         20                           D-15987
01AM    FRANJA AMARILLA           2,409           2,410         16         20                           D-15988
01AM    FRANJA AMARILLA           2,418           2,419         16         20                           D-15989
01AM    FRANJA AMARILLA           2,382           2,383         16         20                           D-15990
01AM    FRANJA AMARILLA           2,402           2,403         48         20                           D-15991
01AM    FRANJA AMARILLA           2,402           2,403         48         20                           D-15992
01AM    FRANJA AMARILLA           2,432           2,433         16         20                           D-15993
01AM    FRANJA AMARILLA           2,445           2,446         16         20                           D-15994
01AM    FRANJA AMARILLA           2,487           2,488         16         20                           D-15995
01AM    FRANJA AMARILLA           2,350           2,351         16         20                           D-15996
01AM    FRANJA AMARILLA           2,349           2,350         16         20                           D-15997
01AM    FRANJA AMARILLA           2,366           2,367         48         20                           D-15998
01AM    FRANJA AMARILLA           2,394           2,395         16         20                           D-15999
01AM    FRANJA AMARILLA           2,496           2,497         48         20                           D-16000
01AM    FRANJA AMARILLA           2,428           2,429         48         20                           D-16001
01AM    FRANJA AMARILLA           2,449           2,450         48         20                           D-16002
01AM    FRANJA AMARILLA           2,424           2,425         48         20                           D-16003
01AM    FRANJA AMARILLA           2,370           2,371         48         20                           D-16004
01AM    FRANJA AMARILLA           2,369           2,370         48         20                           D-16005
01AM    FRANJA AMARILLA           2,388           2,389         48         20                           D-16006
01AM    FRANJA AMARILLA           2,270           2,271         48         20                           D-16007
01AM    FRANJA AMARILLA           2,413           2,414         16         20                           D-16008
01AM    FRANJA AMARILLA           2,194           2,195         16         20                           D-16009
01AM    FRANJA AMARILLA           2,372           2,373         16         20                           D-16010
01AM    FRANJA AMARILLA           2,314           2,315         48         20                           D-16011
01AM    FRANJA AMARILLA           2,286           2,287         48         20                           D-16012
01AM    FRANJA AMARILLA           2,204           2,205         48         20                           D-16013
01AM    FRANJA AMARILLA           2,370           2,371         48         20                           D-16014









EMPRESA NACIONAL DE MINERIA (ENM) PRODUCTOR          PACKING LIST                             PAG.  :   2
NATIONAL MINING COMPANY                       CODIGO DE LOTE   : D-15970                      FECHA :18/05/2020
                                              -----------------------------
FLUJO        : 
DESCRIPCION  : CATODOS GRADO A
N° INSTR. DE EMBARQUE : 25985
CLIENTE      : MAERSK STEPNICA
Lote Sipa    : 20040641

----------------------------------------------------------------------------------------------------------------------------- 
MARCA       DESCRIPCION         PESO NETO      PESO BRUTO     GRUPO     UNIDADES       UBICACION         SERIE                
-----------------------------------------------------------------------------------------------------------------------------

01AM    FRANJA AMARILLA           2,382           2,383         16         20                           D-16015
01AM    FRANJA AMARILLA           2,402           2,403         16         20                           D-16016
01AM    FRANJA AMARILLA           2,532           2,533         48         20                           D-16017
01AM    FRANJA AMARILLA           2,520           2,521         48         20                           D-16018
01AM    FRANJA AMARILLA           2,434           2,435         48         20                           D-16019
01AM    FRANJA AMARILLA           2,535           2,536         48         20                           D-16020
01AM    FRANJA AMARILLA           2,515           2,516         16         20                           D-16021
01AM    FRANJA AMARILLA           2,362           2,363         16         20                           D-16022
01AM    FRANJA AMARILLA           2,230           2,231         16         20                           D-16023
01AM    FRANJA AMARILLA           2,354           2,355         29         20                           D-16024
01AM    FRANJA AMARILLA           2,451           2,452         48         20                           D-16025
01AM    FRANJA AMARILLA           2,281           2,282         48         20                           D-16026
01AM    FRANJA AMARILLA           2,389           2,390         48         20                           D-16027
01AM    FRANJA AMARILLA           2,187           2,188         48         20                           D-16028
01AM    FRANJA AMARILLA           2,386           2,387         48         20                           D-16029
01AM    FRANJA AMARILLA           2,307           2,308         48         20                           D-16030
01AM    FRANJA AMARILLA           2,485           2,486         48         20                           D-16031
01AM    FRANJA AMARILLA           2,277           2,278         48         20                           D-16032
01AM    FRANJA AMARILLA           2,497           2,498         16         20                           D-16033
01AM    FRANJA AMARILLA           2,288           2,289         48         20                           D-16034
01AM    FRANJA AMARILLA           2,433           2,434         16         20                           D-16035
01AM    FRANJA AMARILLA           2,262           2,263         16         20                           D-16036
01AM    FRANJA AMARILLA           2,343           2,344         16         20                           D-16037
01AM    FRANJA AMARILLA           2,153           2,154         48         20                           D-16038
01AM    FRANJA AMARILLA           2,487           2,488         16         20                           D-16039
01AM    FRANJA AMARILLA           2,427           2,428         16         20                           D-16040
01AM    FRANJA AMARILLA           2,133           2,134         16         20                           D-16041
01AM    FRANJA AMARILLA           2,488           2,489         16         20                           D-16042
01AM    FRANJA AMARILLA           2,394           2,395         48         20                           D-16043
01AM    FRANJA AMARILLA           2,183           2,184         48         20                           D-16044
01AM    FRANJA AMARILLA           2,029           2,030         48         20                           D-16045
01AM    FRANJA AMARILLA           2,320           2,321         16         20                           D-16046
01AM    FRANJA AMARILLA           2,434           2,435         16         20                           D-16047
01AM    FRANJA AMARILLA           2,408           2,409         16         20                           D-16048
01AM    FRANJA AMARILLA           2,473           2,474         16         20                           D-16049
01AM    FRANJA AMARILLA           2,405           2,406         16         20                           D-16050
01AM    FRANJA AMARILLA           2,272           2,273         48         20                           D-16051
01AM    FRANJA AMARILLA           2,126           2,127         48         20                           D-16052
01AM    FRANJA AMARILLA           2,395           2,396         16         20                           D-16053
01AM    FRANJA AMARILLA           2,392           2,393         16         20                           D-16054


------------------------------------------------------------------------------------------------------------------------
T.SUB-LOTES              TOT.PAQUETES =85      TOT.UNID. = 1700   T/P NETO (kg) = 199,954      T/P BRUTO (kg) = 200,039
------------------------------------------------------------------------------------------------------------------------
