
EMPRESA NACIONAL DE MINERIA (ENM) PRODUCTOR          PACKING LIST                             PAG.  :   1
NATIONAL MINING COMPANY                       CODIGO DE LOTE   : B-15860                      FECHA :19/03/2021
                                              -----------------------------
FLUJO        : 
DESCRIPCION  : CATODOS GRADO A
N° INSTR. DE EMBARQUE : 26565
CLIENTE      : MAERSK SALALAH
Lote Sipa    : 21020298

----------------------------------------------------------------------------------------------------------------------------- 
MARCA       DESCRIPCION         PESO NETO      PESO BRUTO     GRUPO     UNIDADES       UBICACION         SERIE                
-----------------------------------------------------------------------------------------------------------------------------

01NE    FRANJA NEGRA              2,487           2,488         46         20                           B-15860
01NE    FRANJA NEGRA              2,450           2,451         33         20                           B-15861
01NE    FRANJA NEGRA              2,292           2,293         17         20                           B-15862
01NE    FRANJA NEGRA              2,484           2,485         46         20                           B-15863
01NE    FRANJA NEGRA              2,451           2,452         46         20                           B-15864
01NE    FRANJA NEGRA              2,468           2,469         33         20                           B-15865
01NE    FRANJA NEGRA              2,420           2,421         46         20                           B-15866
01NE    FRANJA NEGRA              2,501           2,502         33         20                           B-15867
01NE    FRANJA NEGRA              2,470           2,471         33         20                           B-15868
01NE    FRANJA NEGRA              2,303           2,304         17         20                           B-15869
01NE    FRANJA NEGRA              2,402           2,403         46         20                           B-15870
01NE    FRANJA NEGRA              2,416           2,417         46         20                           B-15871
01NE    FRANJA NEGRA              2,450           2,451         46         20                           B-15872
01NE    FRANJA NEGRA              2,508           2,509         46         20                           B-15873
01NE    FRANJA NEGRA              2,437           2,438         46         20                           B-15874
01NE    FRANJA NEGRA              2,476           2,477         33         20                           B-15875
01NE    FRANJA NEGRA              2,397           2,398         46         20                           B-15876
01NE    FRANJA NEGRA              2,297           2,298         17         20                           B-15877
01NE    FRANJA NEGRA              2,521           2,522         33         20                           B-15878
01NE    FRANJA NEGRA              2,492           2,493         46         20                           B-15879
01NE    FRANJA NEGRA              2,349           2,350         46         20                           B-15880
01NE    FRANJA NEGRA              2,530           2,531         46         20                           B-15881
01NE    FRANJA NEGRA              2,462           2,463         33         20                           B-15882
01NE    FRANJA NEGRA              2,435           2,436         46         20                           B-15883
01NE    FRANJA NEGRA              2,471           2,472         46         20                           B-15884
01NE    FRANJA NEGRA              2,457           2,458         46         20                           B-15885
01NE    FRANJA NEGRA              2,392           2,393         46         20                           B-15886
01NE    FRANJA NEGRA              2,498           2,499         33         20                           B-15887
01NE    FRANJA NEGRA              2,401           2,402         33         20                           B-15888
01NE    FRANJA NEGRA              2,476           2,477         46         20                           B-15889
01NE    FRANJA NEGRA              2,443           2,444         33         20                           B-15890
01NE    FRANJA NEGRA              2,482           2,483         33         20                           B-15891
01NE    FRANJA NEGRA              2,479           2,480         46         20                           B-15892
01NE    FRANJA NEGRA              2,314           2,315         46         20                           B-15893
01NE    FRANJA NEGRA              2,400           2,401         46         20                           B-15894
01NE    FRANJA NEGRA              2,381           2,382         46         20                           B-15895
01NE    FRANJA NEGRA              2,437           2,438         46         20                           B-15896
01NE    FRANJA NEGRA              2,360           2,361         46         20                           B-15897
01NE    FRANJA NEGRA              2,325           2,326         33         20                           B-15898
01NE    FRANJA NEGRA              2,384           2,385         46         20                           B-15899
01NE    FRANJA NEGRA              2,497           2,498         46         20                           B-15900
01NE    FRANJA NEGRA              2,455           2,456         29         20                           B-15901
01NE    FRANJA NEGRA              2,450           2,451         29         20                           B-15902
01NE    FRANJA NEGRA              2,481           2,482         29         20                           B-15903
01NE    FRANJA NEGRA              2,361           2,362         29         20                           B-15904









EMPRESA NACIONAL DE MINERIA (ENM) PRODUCTOR          PACKING LIST                             PAG.  :   2
NATIONAL MINING COMPANY                       CODIGO DE LOTE   : B-15860                      FECHA :19/03/2021
                                              -----------------------------
FLUJO        : 
DESCRIPCION  : CATODOS GRADO A
N° INSTR. DE EMBARQUE : 26565
CLIENTE      : MAERSK SALALAH
Lote Sipa    : 21020298

----------------------------------------------------------------------------------------------------------------------------- 
MARCA       DESCRIPCION         PESO NETO      PESO BRUTO     GRUPO     UNIDADES       UBICACION         SERIE                
-----------------------------------------------------------------------------------------------------------------------------

01NE    FRANJA NEGRA              2,168           2,169         17         20                           B-15905
01NE    FRANJA NEGRA              2,414           2,415         17         20                           B-15906
01NE    FRANJA NEGRA              2,410           2,411         46         20                           B-15907
01NE    FRANJA NEGRA              2,262           2,263         29         20                           B-15908
01NE    FRANJA NEGRA              2,212           2,213         17         20                           B-15909
01NE    FRANJA NEGRA              2,261           2,262         29         20                           B-15910
01NE    FRANJA NEGRA              2,476           2,477         29         20                           B-15911
01NE    FRANJA NEGRA              2,237           2,238         29         20                           B-15912
01NE    FRANJA NEGRA              2,409           2,410         29         20                           B-15913
01NE    FRANJA NEGRA              2,341           2,342         29         20                           B-15914
01NE    FRANJA NEGRA              2,305           2,306         29         20                           B-15915
01NE    FRANJA NEGRA              1,958           1,959         29         20                           B-15916
01NE    FRANJA NEGRA              2,156           2,157         17         20                           B-15917
01NE    FRANJA NEGRA              2,479           2,480         29         20                           B-15918
01NE    FRANJA NEGRA              2,472           2,473         20         20                           B-15919
01NE    FRANJA NEGRA              2,335           2,336         29         20                           B-15920
01NE    FRANJA NEGRA              2,502           2,503         33         20                           B-15921
01NE    FRANJA NEGRA              2,273           2,274         29         20                           B-15922
01NE    FRANJA NEGRA              2,194           2,195         29         20                           B-15923
01NE    FRANJA NEGRA              2,403           2,404         29         20                           B-15924
01NE    FRANJA NEGRA              2,199           2,200         17         20                           B-15925
01NE    FRANJA NEGRA              2,283           2,284         17         20                           B-15926
01NE    FRANJA NEGRA              2,245           2,246         29         20                           B-15927
01NE    FRANJA NEGRA              2,528           2,529         46         20                           B-15928
01NE    FRANJA NEGRA              2,151           2,152         46         20                           B-15929
01NE    FRANJA NEGRA              2,321           2,322         17         20                           B-15930
01NE    FRANJA NEGRA              2,371           2,372         17         20                           B-15931
01NE    FRANJA NEGRA              2,280           2,281         46         20                           B-15932
01NE    FRANJA NEGRA              2,481           2,482         46         20                           B-15933
01NE    FRANJA NEGRA              2,390           2,391         17         20                           B-15934
01NE    FRANJA NEGRA              2,235           2,236         29         20                           B-15935
01NE    FRANJA NEGRA              2,327           2,328         17         20                           B-15936
01NE    FRANJA NEGRA              2,213           2,214         17         20                           B-15937
01NE    FRANJA NEGRA              2,405           2,406         17         20                           B-15938
01NE    FRANJA NEGRA              2,183           2,184         17         20                           B-15939
01NE    FRANJA NEGRA              2,112           2,113         29         20                           B-15940
01NE    FRANJA NEGRA              2,518           2,519         29         20                           B-15941
01NE    FRANJA NEGRA              2,370           2,371         17         20                           B-15942
01NE    FRANJA NEGRA              2,456           2,457         26         20                           B-15943
01NE    FRANJA NEGRA              2,236           2,237         29         20                           B-15944
01NE    FRANJA NEGRA              2,177           2,178         29         20                           B-15945
01NE    FRANJA NEGRA              2,464           2,465         29         20                           B-15946
01NE    FRANJA NEGRA              2,364           2,365         46         20                           B-15947
01NE    FRANJA NEGRA              2,105           2,106         29         20                           B-15948
01NE    FRANJA NEGRA              2,445           2,446         29         20                           B-15949









EMPRESA NACIONAL DE MINERIA (ENM) PRODUCTOR          PACKING LIST                             PAG.  :   3
NATIONAL MINING COMPANY                       CODIGO DE LOTE   : B-15860                      FECHA :19/03/2021
                                              -----------------------------
FLUJO        : 
DESCRIPCION  : CATODOS GRADO A
N° INSTR. DE EMBARQUE : 26565
CLIENTE      : MAERSK SALALAH
Lote Sipa    : 21020298

----------------------------------------------------------------------------------------------------------------------------- 
MARCA       DESCRIPCION         PESO NETO      PESO BRUTO     GRUPO     UNIDADES       UBICACION         SERIE                
-----------------------------------------------------------------------------------------------------------------------------

01NE    FRANJA NEGRA              2,416           2,417         29         20                           B-15950
01NE    FRANJA NEGRA              2,160           2,161         29         20                           B-15951
01NE    FRANJA NEGRA              2,364           2,365         29         20                           B-15952
01NE    FRANJA NEGRA              2,350           2,351         42         20                           B-15953
01NE    FRANJA NEGRA              2,333           2,334         42         20                           B-15954
01NE    FRANJA NEGRA              2,278           2,279         46         20                           B-15955
01NE    FRANJA NEGRA              2,163           2,164         46         20                           B-15956
01NE    FRANJA NEGRA              2,173           2,174         29         20                           B-15957
01NE    FRANJA NEGRA              1,977           1,978         46         20                           B-15958
01NE    FRANJA NEGRA              2,521           2,522         46         20                           B-15959
01NE    FRANJA NEGRA              2,416           2,417         17         20                           B-15960
01NE    FRANJA NEGRA              2,441           2,442         29         20                           B-15961
01NE    FRANJA NEGRA              2,350           2,351         29         20                           B-15962
01NE    FRANJA NEGRA              2,362           2,363         29         20                           B-15963
01NE    FRANJA NEGRA              2,473           2,474         29         20                           B-15964
01NE    FRANJA NEGRA              2,417           2,418         29         20                           B-15965
01NE    FRANJA NEGRA              2,289           2,290         29         20                           B-15966
01NE    FRANJA NEGRA              2,383           2,384         29         20                           B-15967
01NE    FRANJA NEGRA              2,216           2,217         29         20                           B-15968
01NE    FRANJA NEGRA              2,240           2,241         29         20                           B-15969
01NE    FRANJA NEGRA              2,447           2,448         29         20                           B-15970
01NE    FRANJA NEGRA              2,378           2,379         29         20                           B-15971
01NE    FRANJA NEGRA              2,371           2,372         29         20                           B-15972
01NE    FRANJA NEGRA              2,426           2,427         29         20                           B-15973
01NE    FRANJA NEGRA              2,307           2,308         29         20                           B-15974
01NE    FRANJA NEGRA              2,435           2,436         29         20                           B-15975
01NE    FRANJA NEGRA              2,441           2,442         29         20                           B-15976
01NE    FRANJA NEGRA              2,394           2,395         29         20                           B-15977
01NE    FRANJA NEGRA              2,331           2,332         29         20                           B-15978
01NE    FRANJA NEGRA              2,408           2,409         29         20                           B-15979
01NE    FRANJA NEGRA              2,468           2,469         29         20                           B-15980
01NE    FRANJA NEGRA              2,218           2,219         29         20                           B-15981
01NE    FRANJA NEGRA              2,483           2,484         29         20                           B-15982
01NE    FRANJA NEGRA              2,480           2,481         29         20                           B-15983
01NE    FRANJA NEGRA              2,274           2,275         29         20                           B-15984
01NE    FRANJA NEGRA              2,169           2,170         29         20                           B-15985
01NE    FRANJA NEGRA              2,484           2,485         29         20                           B-15986
01NE    FRANJA NEGRA              2,449           2,450         29         20                           B-15987
01NE    FRANJA NEGRA              2,255           2,256         29         20                           B-15988
01NE    FRANJA NEGRA              2,427           2,428         29         20                           B-15989
01NE    FRANJA NEGRA              2,360           2,361         29         20                           B-15990
01NE    FRANJA NEGRA              2,186           2,187         29         20                           B-15991
01NE    FRANJA NEGRA              2,434           2,435         29         20                           B-15992
01NE    FRANJA NEGRA              2,310           2,311         29         20                           B-15993
01NE    FRANJA NEGRA              2,472           2,473         29         20                           B-15994









EMPRESA NACIONAL DE MINERIA (ENM) PRODUCTOR          PACKING LIST                             PAG.  :   4
NATIONAL MINING COMPANY                       CODIGO DE LOTE   : B-15860                      FECHA :19/03/2021
                                              -----------------------------
FLUJO        : 
DESCRIPCION  : CATODOS GRADO A
N° INSTR. DE EMBARQUE : 26565
CLIENTE      : MAERSK SALALAH
Lote Sipa    : 21020298

----------------------------------------------------------------------------------------------------------------------------- 
MARCA       DESCRIPCION         PESO NETO      PESO BRUTO     GRUPO     UNIDADES       UBICACION         SERIE                
-----------------------------------------------------------------------------------------------------------------------------

01NE    FRANJA NEGRA              2,303           2,304         29         20                           B-15995
01NE    FRANJA NEGRA              2,243           2,244         29         20                           B-15996
01NE    FRANJA NEGRA              2,276           2,277         29         20                           B-15997
01NE    FRANJA NEGRA              2,420           2,421         29         20                           B-15998
01NE    FRANJA NEGRA              2,061           2,062         29         20                           B-15999
01NE    FRANJA NEGRA              2,417           2,418         29         20                           B-16000
01NE    FRANJA NEGRA              2,346           2,347         29         20                           B-16001
01NE    FRANJA NEGRA              2,454           2,455         29         20                           B-16002
01NE    FRANJA NEGRA              2,539           2,540         29         20                           B-16003
01NE    FRANJA NEGRA              2,363           2,364         29         20                           B-16004
01NE    FRANJA NEGRA              2,043           2,044         29         20                           B-16005
01NE    FRANJA NEGRA              2,318           2,319         29         20                           B-16006
01NE    FRANJA NEGRA              2,239           2,240         29         20                           B-16007
01NE    FRANJA NEGRA              2,463           2,464         29         20                           B-16008
01NE    FRANJA NEGRA              2,430           2,431         29         20                           B-16009
01NE    FRANJA NEGRA              2,461           2,462         29         20                           B-16010
01NE    FRANJA NEGRA              2,406           2,407         29         20                           B-16011
01NE    FRANJA NEGRA              2,411           2,412         29         20                           B-16012
01NE    FRANJA NEGRA              2,423           2,424         21         20                           B-16013
01NE    FRANJA NEGRA              2,490           2,491         21         20                           B-16014
01NE    FRANJA NEGRA              2,261           2,262         21         20                           B-16015
01NE    FRANJA NEGRA              2,157           2,158         21         20                           B-16016
01NE    FRANJA NEGRA              2,494           2,495         21         20                           B-16017
01NE    FRANJA NEGRA              2,196           2,197         21         20                           B-16018
01NE    FRANJA NEGRA              2,298           2,299         21         20                           B-16019
01NE    FRANJA NEGRA              2,352           2,353         21         20                           B-16020
01NE    FRANJA NEGRA              2,396           2,397         21         20                           B-16021
01NE    FRANJA NEGRA              2,394           2,395         21         20                           B-16022
01NE    FRANJA NEGRA              2,414           2,415         18         20                           B-16023
01NE    FRANJA NEGRA              2,410           2,411         46         20                           B-16024
01NE    FRANJA NEGRA              2,431           2,432         46         20                           B-16025
01NE    FRANJA NEGRA              2,490           2,491         46         20                           B-16026
01NE    FRANJA NEGRA              2,427           2,428         46         20                           B-16027
01NE    FRANJA NEGRA              2,414           2,415         33         20                           B-16028


------------------------------------------------------------------------------------------------------------------------
T.SUB-LOTES              TOT.PAQUETES =169      TOT.UNID. = 3380   T/P NETO (kg) = 399,537      T/P BRUTO (kg) = 399,706
------------------------------------------------------------------------------------------------------------------------
