
EMPRESA NACIONAL DE MINERIA (ENM) PRODUCTOR          PACKING LIST                             PAG.  :   1
NATIONAL MINING COMPANY                       CODIGO DE LOTE   : I-2275                      FECHA :20/09/2022
                                              -----------------------------
FLUJO        : 
DESCRIPCION  : CATODOS EW TALTAL
N° INSTR. DE EMBARQUE : 929975
CLIENTE      : 
Lote Sipa    : 22090324

----------------------------------------------------------------------------------------------------------------------------- 
MARCA       DESCRIPCION         PESO NETO      PESO BRUTO     GRUPO     UNIDADES       UBICACION         SERIE                
-----------------------------------------------------------------------------------------------------------------------------

18NE    18 FRANJAS NEGRAS         2,012           2,013                    72                           I-2275 
18NE    18 FRANJAS NEGRAS         1,973           1,974                    67                           I-2276 
18NE    18 FRANJAS NEGRAS         1,962           1,963                    68                           I-2277 
18NE    18 FRANJAS NEGRAS         1,967           1,968                    72                           I-2278 
18NE    18 FRANJAS NEGRAS         2,046           2,047                    72                           I-2279 
18NE    18 FRANJAS NEGRAS         2,023           2,024                    68                           I-2280 
18NE    18 FRANJAS NEGRAS         2,033           2,034                    68                           I-2281 
18NE    18 FRANJAS NEGRAS         1,976           1,977                    68                           I-2282 
18NE    18 FRANJAS NEGRAS         1,972           1,973                    69                           I-2283 
18NE    18 FRANJAS NEGRAS         2,001           2,002                    67                           I-2284 
18NE    18 FRANJAS NEGRAS         2,022           2,023                    69                           I-2285 
18NE    18 FRANJAS NEGRAS         2,011           2,012                    70                           I-2286 
18NE    18 FRANJAS NEGRAS         2,019           2,020                    68                           I-2287 
18NE    18 FRANJAS NEGRAS         2,003           2,004                    70                           I-2288 


------------------------------------------------------------------------------------------------------------------------
T.SUB-LOTES              TOT.PAQUETES =14      TOT.UNID. = 968   T/P NETO (kg) = 28,020      T/P BRUTO (kg) = 28,034
------------------------------------------------------------------------------------------------------------------------
