
EMPRESA NACIONAL DE MINERIA (ENM) PRODUCTOR          PACKING LIST                             PAG.  :   1
NATIONAL MINING COMPANY                       CODIGO DE LOTE   : H-10902                      FECHA :19/08/2019
                                              -----------------------------
FLUJO        : 
DESCRIPCION  : CATODOS GRADO A
N° INSTR. DE EMBARQUE : 58047
CLIENTE      : 
Lote Sipa    : 19080296

----------------------------------------------------------------------------------------------------------------------------- 
MARCA       DESCRIPCION         PESO NETO      PESO BRUTO     GRUPO     UNIDADES       UBICACION         SERIE                
-----------------------------------------------------------------------------------------------------------------------------

X0NA    EQUIS NARANJA             2,509           2,510         24         20                           H-10902
X0NA    EQUIS NARANJA             2,462           2,463         24         20                           H-10903
X0NA    EQUIS NARANJA             2,525           2,526         24         20                           H-10904
X0NA    EQUIS NARANJA             2,501           2,502         24         20                           H-10905
X0NA    EQUIS NARANJA             2,534           2,535         24         20                           H-10906
X0NA    EQUIS NARANJA             2,523           2,524         24         20                           H-10907
X0NA    EQUIS NARANJA             2,431           2,432         24         20                           H-10908
X0NA    EQUIS NARANJA             2,542           2,543         24         20                           H-10909
X0NA    EQUIS NARANJA             2,611           2,612         24         20                           H-10910
X0NA    EQUIS NARANJA             2,610           2,611         24         20                           H-10911
X0NA    EQUIS NARANJA             2,469           2,470         24         20                           H-10912
X0NA    EQUIS NARANJA             2,481           2,482         24         20                           H-10913
X0NA    EQUIS NARANJA             2,432           2,433         24         20                           H-10914
X0NA    EQUIS NARANJA             2,452           2,453         24         20                           H-10915
X0NA    EQUIS NARANJA             2,449           2,450         24         20                           H-10916
X0NA    EQUIS NARANJA             2,460           2,461         24         20                           H-10917
X0NA    EQUIS NARANJA             2,415           2,416         24         20                           H-10918
X0NA    EQUIS NARANJA             2,439           2,440         24         20                           H-10919
X0NA    EQUIS NARANJA             2,372           2,373         24         20                           H-10920
X0NA    EQUIS NARANJA             2,338           2,339         24         20                           H-10921
X0NA    EQUIS NARANJA             2,624           2,625         24         20                           H-10922
X0NA    EQUIS NARANJA             2,452           2,453         24         20                           H-10923
X0NA    EQUIS NARANJA             2,367           2,368         24         20                           H-10924
X0NA    EQUIS NARANJA             2,194           2,195         24         20                           H-10925
X0NA    EQUIS NARANJA             2,635           2,636         40         20                           H-10926
X0NA    EQUIS NARANJA             2,622           2,623         40         20                           H-10927
X0NA    EQUIS NARANJA             2,636           2,637         40         20                           H-10928
X0NA    EQUIS NARANJA             2,666           2,667         40         20                           H-10929
X0NA    EQUIS NARANJA             2,628           2,629         40         20                           H-10930
X0NA    EQUIS NARANJA             2,593           2,594         40         20                           H-10931


------------------------------------------------------------------------------------------------------------------------
T.SUB-LOTES              TOT.PAQUETES =30      TOT.UNID. = 600   T/P NETO (kg) = 74,972      T/P BRUTO (kg) = 75,002
------------------------------------------------------------------------------------------------------------------------
