
EMPRESA NACIONAL DE MINERIA (ENM) PRODUCTOR          PACKING LIST                             PAG.  :   1
NATIONAL MINING COMPANY                       CODIGO DE LOTE   : G-2336                      FECHA :29/08/2022
                                              -----------------------------
FLUJO        : 
DESCRIPCION  : CATODOS EW DELTA
N° INSTR. DE EMBARQUE : 27489
CLIENTE      : NORTHERN PRIORITY
Lote Sipa    : 22070188

----------------------------------------------------------------------------------------------------------------------------- 
MARCA       DESCRIPCION         PESO NETO      PESO BRUTO     GRUPO     UNIDADES       UBICACION         SERIE                
-----------------------------------------------------------------------------------------------------------------------------

01BL    FRANJA BLANCA             2,006           2,007                    54                           G-2336 
01BL    FRANJA BLANCA             1,938           1,939                    48                           G-2337 
01BL    FRANJA BLANCA             2,036           2,037                    49                           G-2338 
01BL    FRANJA BLANCA             1,883           1,884                    47                           G-2339 
01BL    FRANJA BLANCA             2,018           2,019                    45                           G-2340 
01BL    FRANJA BLANCA             2,018           2,019                    43                           G-2341 
01BL    FRANJA BLANCA             2,034           2,035                    66                           G-2342 
01BL    FRANJA BLANCA             1,968           1,969                    46                           G-2343 
01BL    FRANJA BLANCA             2,012           2,013                    46                           G-2344 
01BL    FRANJA BLANCA             1,985           1,986                    64                           G-2345 
01BL    FRANJA BLANCA             2,034           2,035                    46                           G-2346 
01BL    FRANJA BLANCA             2,074           2,075                    50                           G-2347 
01BL    FRANJA BLANCA             1,970           1,971                    58                           G-2348 
01BL    FRANJA BLANCA             2,012           2,013                    53                           G-2365 
01BL    FRANJA BLANCA             2,085           2,086                    50                           G-2366 
01BL    FRANJA BLANCA             1,976           1,977                    50                           G-2367 
01BL    FRANJA BLANCA             1,922           1,923                    42                           G-2368 
01BL    FRANJA BLANCA             1,980           1,981                    42                           G-2369 
01BL    FRANJA BLANCA             1,948           1,949                    45                           G-2370 
01BL    FRANJA BLANCA             1,971           1,972                    43                           G-2371 
01BL    FRANJA BLANCA             2,022           2,023                    42                           G-2372 
01BL    FRANJA BLANCA             2,015           2,016                    45                           G-2373 
01BL    FRANJA BLANCA             2,009           2,010                    42                           G-2374 
01BL    FRANJA BLANCA             1,985           1,986                    42                           G-2375 
01BL    FRANJA BLANCA             2,058           2,059                    47                           G-2376 
01BL    FRANJA BLANCA             1,965           1,966                    43                           G-2377 
01BL    FRANJA BLANCA             2,008           2,009                    48                           G-2395 
01BL    FRANJA BLANCA             2,000           2,001                    60                           G-2396 
01BL    FRANJA BLANCA             1,977           1,978                    47                           G-2397 
01BL    FRANJA BLANCA             2,033           2,034                    55                           G-2398 
01BL    FRANJA BLANCA             1,998           1,999                    46                           G-2399 
01BL    FRANJA BLANCA             2,051           2,052                    58                           G-2400 
01BL    FRANJA BLANCA             2,019           2,020                    46                           G-2401 
01BL    FRANJA BLANCA             1,952           1,953                    48                           G-2402 
01BL    FRANJA BLANCA             2,032           2,033                    59                           G-2403 
01BL    FRANJA BLANCA             1,984           1,985                    46                           G-2404 
01BL    FRANJA BLANCA             2,028           2,029                    47                           G-2405 
01BL    FRANJA BLANCA             2,015           2,016                    47                           G-2406 
01BL    FRANJA BLANCA             2,003           2,004                    47                           G-2407 
01BL    FRANJA BLANCA             1,967           1,968                    47                           G-2409 
01BL    FRANJA BLANCA             2,007           2,008                    46                           G-2410 
01BL    FRANJA BLANCA             2,019           2,020                    56                           G-2411 
01BL    FRANJA BLANCA             1,927           1,928                    50                           G-2412 
01BL    FRANJA BLANCA             2,026           2,027                    47                           G-2413 
01BL    FRANJA BLANCA             1,910           1,911                    46                           G-2414 









EMPRESA NACIONAL DE MINERIA (ENM) PRODUCTOR          PACKING LIST                             PAG.  :   2
NATIONAL MINING COMPANY                       CODIGO DE LOTE   : G-2336                      FECHA :29/08/2022
                                              -----------------------------
FLUJO        : 
DESCRIPCION  : CATODOS EW DELTA
N° INSTR. DE EMBARQUE : 27489
CLIENTE      : NORTHERN PRIORITY
Lote Sipa    : 22070188

----------------------------------------------------------------------------------------------------------------------------- 
MARCA       DESCRIPCION         PESO NETO      PESO BRUTO     GRUPO     UNIDADES       UBICACION         SERIE                
-----------------------------------------------------------------------------------------------------------------------------

01BL    FRANJA BLANCA             2,032           2,033                    48                           G-2415 
01BL    FRANJA BLANCA             2,037           2,038                    56                           G-2416 
01BL    FRANJA BLANCA             2,051           2,052                    47                           G-2417 
01BL    FRANJA BLANCA             1,968           1,969                    48                           G-2418 
01BL    FRANJA BLANCA             2,028           2,029                    47                           G-2419 
01BL    FRANJA BLANCA             2,046           2,047                    50                           G-2420 
01BL    FRANJA BLANCA             1,965           1,966                    46                           G-2421 
01BL    FRANJA BLANCA             2,037           2,038                    56                           G-2422 


------------------------------------------------------------------------------------------------------------------------
T.SUB-LOTES              TOT.PAQUETES =53      TOT.UNID. = 2592   T/P NETO (kg) = 106,044      T/P BRUTO (kg) = 106,097
------------------------------------------------------------------------------------------------------------------------
