
EMPRESA NACIONAL DE MINERIA (ENM) PRODUCTOR          PACKING LIST                             PAG.  :   1
NATIONAL MINING COMPANY                       CODIGO DE LOTE   : D-16160                      FECHA :16/05/2018
                                              -----------------------------
FLUJO        : 
DESCRIPCION  : CATODOS GRADO A
N° INSTR. DE EMBARQUE : 24511
CLIENTE      : NORDIC HONG KONG
Lote Sipa    : 18040483

----------------------------------------------------------------------------------------------------------------------------- 
MARCA       DESCRIPCION         PESO NETO      PESO BRUTO     GRUPO     UNIDADES       UBICACION         SERIE                
-----------------------------------------------------------------------------------------------------------------------------

X2VE    EQUIS DOS FRANJAS VERDE   2,318           2,319         43         20                           D-16160
X2VE    EQUIS DOS FRANJAS VERDE   2,509           2,510         43         20                           D-16161
X2VE    EQUIS DOS FRANJAS VERDE   2,373           2,374         29         20                           D-16162
X2VE    EQUIS DOS FRANJAS VERDE   2,294           2,295         29         20                           D-16163
X2VE    EQUIS DOS FRANJAS VERDE   2,548           2,549         43         20                           D-16164
X2VE    EQUIS DOS FRANJAS VERDE   2,397           2,398         29         20                           D-16165
X2VE    EQUIS DOS FRANJAS VERDE   2,409           2,410         43         20                           D-16166
X2VE    EQUIS DOS FRANJAS VERDE   2,448           2,449         29         20                           D-16167
X2VE    EQUIS DOS FRANJAS VERDE   2,484           2,485         43         20                           D-16168
X2VE    EQUIS DOS FRANJAS VERDE   2,559           2,560         43         20                           D-16169
X2VE    EQUIS DOS FRANJAS VERDE   2,538           2,539         43         20                           D-16170
X2VE    EQUIS DOS FRANJAS VERDE   2,486           2,487         29         20                           D-16171
X2VE    EQUIS DOS FRANJAS VERDE   2,519           2,520         09         20                           D-16172
X2VE    EQUIS DOS FRANJAS VERDE   2,539           2,540         29         20                           D-16173
X2VE    EQUIS DOS FRANJAS VERDE   2,590           2,591         09         20                           D-16174
X2VE    EQUIS DOS FRANJAS VERDE   2,585           2,586         09         20                           D-16175
X2VE    EQUIS DOS FRANJAS VERDE   2,637           2,638         09         20                           D-16176
X2VE    EQUIS DOS FRANJAS VERDE   2,538           2,539         09         20                           D-16177
X2VE    EQUIS DOS FRANJAS VERDE   2,501           2,502         09         20                           D-16178
X2VE    EQUIS DOS FRANJAS VERDE   2,538           2,539         09         20                           D-16179


------------------------------------------------------------------------------------------------------------------------
T.SUB-LOTES              TOT.PAQUETES =20      TOT.UNID. = 400   T/P NETO (kg) = 49,810      T/P BRUTO (kg) = 49,830
------------------------------------------------------------------------------------------------------------------------
