
EMPRESA NACIONAL DE MINERIA (ENM) PRODUCTOR          PACKING LIST                             PAG.  :   1
NATIONAL MINING COMPANY                       CODIGO DE LOTE   : D-1718                      FECHA :24/04/2023
                                              -----------------------------
FLUJO        : 
DESCRIPCION  : CATODOS EW EL SALADO
N° INSTR. DE EMBARQUE : 930846
CLIENTE      : 
Lote Sipa    : 23040468

----------------------------------------------------------------------------------------------------------------------------- 
MARCA       DESCRIPCION         PESO NETO      PESO BRUTO     GRUPO     UNIDADES       UBICACION         SERIE                
-----------------------------------------------------------------------------------------------------------------------------

11CE    11 FRANJAS CELESTES       1,977           1,978                    75                           D-1718 
11CE    11 FRANJAS CELESTES       2,007           2,008                    75                           D-1719 
11CE    11 FRANJAS CELESTES       2,029           2,030                    67                           D-1720 
11CE    11 FRANJAS CELESTES       2,013           2,014                    70                           D-1721 
11CE    11 FRANJAS CELESTES       1,938           1,939                    62                           D-1722 
11CE    11 FRANJAS CELESTES       2,030           2,031                    65                           D-1723 
11CE    11 FRANJAS CELESTES       2,029           2,030                    65                           D-1724 
11CE    11 FRANJAS CELESTES       2,029           2,030                    84                           D-1725 
11CE    11 FRANJAS CELESTES       1,939           1,940                    77                           D-1726 
11CE    11 FRANJAS CELESTES       1,941           1,942                    78                           D-1727 
11CE    11 FRANJAS CELESTES       1,978           1,979                    110                          D-1728 
11CE    11 FRANJAS CELESTES       1,944           1,945                    79                           D-1729 
11CE    11 FRANJAS CELESTES       1,983           1,984                    76                           D-1730 
11CE    11 FRANJAS CELESTES       2,029           2,030                    76                           D-1731 


------------------------------------------------------------------------------------------------------------------------
T.SUB-LOTES              TOT.PAQUETES =14      TOT.UNID. = 1059   T/P NETO (kg) = 27,866      T/P BRUTO (kg) = 27,880
------------------------------------------------------------------------------------------------------------------------
