
EMPRESA NACIONAL DE MINERIA (ENM) PRODUCTOR          PACKING LIST                             PAG.  :   1
NATIONAL MINING COMPANY                       CODIGO DE LOTE   : H-2415                      FECHA :31/08/2023
                                              -----------------------------
FLUJO        : 
DESCRIPCION  : CATODOS EW TALTAL
N° INSTR. DE EMBARQUE : 931385
CLIENTE      : 
Lote Sipa    : 23080494

----------------------------------------------------------------------------------------------------------------------------- 
MARCA       DESCRIPCION         PESO NETO      PESO BRUTO     GRUPO     UNIDADES       UBICACION         SERIE                
-----------------------------------------------------------------------------------------------------------------------------

22AZ    22 AZULES                 2,001           2,002                    56                           H-2415 
22AZ    22 AZULES                 2,012           2,013                    56                           H-2416 
22AZ    22 AZULES                 2,017           2,018                    60                           H-2417 
22AZ    22 AZULES                 2,009           2,010                    57                           H-2418 
22AZ    22 AZULES                 2,008           2,009                    57                           H-2419 
22AZ    22 AZULES                 2,011           2,012                    60                           H-2420 
22AZ    22 AZULES                 2,008           2,009                    62                           H-2421 
22AZ    22 AZULES                 1,998           1,999                    55                           H-2422 
22AZ    22 AZULES                 2,006           2,007                    53                           H-2423 
22AZ    22 AZULES                 2,005           2,006                    55                           H-2424 
22AZ    22 AZULES                 2,010           2,011                    58                           H-2425 
22AZ    22 AZULES                 2,032           2,033                    58                           H-2426 
22AZ    22 AZULES                 2,000           2,001                    55                           H-2427 
22AZ    22 AZULES                 2,001           2,002                    56                           H-2428 


------------------------------------------------------------------------------------------------------------------------
T.SUB-LOTES              TOT.PAQUETES =14      TOT.UNID. = 798   T/P NETO (kg) = 28,118      T/P BRUTO (kg) = 28,132
------------------------------------------------------------------------------------------------------------------------
