
EMPRESA NACIONAL DE MINERIA (ENM) PRODUCTOR          PACKING LIST                             PAG.  :   1
NATIONAL MINING COMPANY                       CODIGO DE LOTE   : D-9910                      FECHA :17/04/2018
                                              -----------------------------
FLUJO        : 
DESCRIPCION  : CATODOS GRADO A
N° INSTR. DE EMBARQUE : 24479
CLIENTE      : SANTA INES
Lote Sipa    : 18040194

----------------------------------------------------------------------------------------------------------------------------- 
MARCA       DESCRIPCION         PESO NETO      PESO BRUTO     GRUPO     UNIDADES       UBICACION         SERIE                
-----------------------------------------------------------------------------------------------------------------------------

01CE    FRANJA CELESTE            2,210           2,211         14         20                           D-9910 
01CE    FRANJA CELESTE            2,175           2,176         14         20                           D-9911 
01CE    FRANJA CELESTE            2,304           2,305         14         20                           D-9912 
01CE    FRANJA CELESTE            2,222           2,223         14         20                           D-9913 
01CE    FRANJA CELESTE            2,312           2,313         14         20                           D-9914 
01CE    FRANJA CELESTE            2,238           2,239         14         20                           D-9915 
01CE    FRANJA CELESTE            2,220           2,221         41         20                           D-9916 
01CE    FRANJA CELESTE            2,216           2,217         14         20                           D-9917 
01CE    FRANJA CELESTE            2,386           2,387         14         20                           D-9918 
01CE    FRANJA CELESTE            2,337           2,338         14         20                           D-9919 
01CE    FRANJA CELESTE            2,383           2,384         41         20                           D-9920 
01CE    FRANJA CELESTE            2,180           2,181         14         20                           D-9921 
01CE    FRANJA CELESTE            2,204           2,205         41         20                           D-9922 
01CE    FRANJA CELESTE            2,381           2,382         41         20                           D-9923 
01CE    FRANJA CELESTE            2,177           2,178         14         20                           D-9924 
01CE    FRANJA CELESTE            2,382           2,383         30         20                           D-9925 
01CE    FRANJA CELESTE            2,357           2,358         41         20                           D-9926 
01CE    FRANJA CELESTE            2,349           2,350         35         20                           D-9927 
01CE    FRANJA CELESTE            2,380           2,381         14         20                           D-9928 
01CE    FRANJA CELESTE            2,342           2,343         14         20                           D-9929 
01CE    FRANJA CELESTE            2,418           2,419         14         20                           D-9930 
01CE    FRANJA CELESTE            2,467           2,468         14         20                           D-9931 
01CE    FRANJA CELESTE            2,342           2,343         14         20                           D-9932 
01CE    FRANJA CELESTE            2,458           2,459         14         20                           D-9933 
01CE    FRANJA CELESTE            2,421           2,422         14         20                           D-9934 
01CE    FRANJA CELESTE            2,492           2,493         14         20                           D-9935 
01CE    FRANJA CELESTE            2,418           2,419         41         20                           D-9936 
01CE    FRANJA CELESTE            2,438           2,439         14         20                           D-9937 
01CE    FRANJA CELESTE            2,437           2,438         14         20                           D-9938 
01CE    FRANJA CELESTE            2,503           2,504         14         20                           D-9939 
01CE    FRANJA CELESTE            2,358           2,359         14         20                           D-9940 
01CE    FRANJA CELESTE            2,453           2,454         14         20                           D-9941 
01CE    FRANJA CELESTE            2,499           2,500         14         20                           D-9942 
01CE    FRANJA CELESTE            2,384           2,385         14         20                           D-9943 
01CE    FRANJA CELESTE            2,376           2,377         14         20                           D-9944 
01CE    FRANJA CELESTE            2,470           2,471         14         20                           D-9945 
01CE    FRANJA CELESTE            2,331           2,332         14         20                           D-9946 
01CE    FRANJA CELESTE            2,404           2,405         14         20                           D-9947 
01CE    FRANJA CELESTE            2,329           2,330         41         20                           D-9948 
01CE    FRANJA CELESTE            2,511           2,512         14         20                           D-9949 
01CE    FRANJA CELESTE            2,376           2,377         41         20                           D-9950 
01CE    FRANJA CELESTE            2,342           2,343         41         20                           D-9951 
01CE    FRANJA CELESTE            2,385           2,386         41         20                           D-9952 
01CE    FRANJA CELESTE            2,380           2,381         14         20                           D-9953 
01CE    FRANJA CELESTE            2,224           2,225         14         20                           D-9954 









EMPRESA NACIONAL DE MINERIA (ENM) PRODUCTOR          PACKING LIST                             PAG.  :   2
NATIONAL MINING COMPANY                       CODIGO DE LOTE   : D-9910                      FECHA :17/04/2018
                                              -----------------------------
FLUJO        : 
DESCRIPCION  : CATODOS GRADO A
N° INSTR. DE EMBARQUE : 24479
CLIENTE      : SANTA INES
Lote Sipa    : 18040194

----------------------------------------------------------------------------------------------------------------------------- 
MARCA       DESCRIPCION         PESO NETO      PESO BRUTO     GRUPO     UNIDADES       UBICACION         SERIE                
-----------------------------------------------------------------------------------------------------------------------------

01CE    FRANJA CELESTE            2,400           2,401         41         20                           D-9955 
01CE    FRANJA CELESTE            2,453           2,454         41         20                           D-9956 
01CE    FRANJA CELESTE            2,403           2,404         41         20                           D-9957 
01CE    FRANJA CELESTE            2,438           2,439         41         20                           D-9958 
01CE    FRANJA CELESTE            2,381           2,382         41         20                           D-9959 
01CE    FRANJA CELESTE            2,278           2,279         14         20                           D-9960 
01CE    FRANJA CELESTE            2,479           2,480         14         20                           D-9961 
01CE    FRANJA CELESTE            2,235           2,236         14         20                           D-9962 
01CE    FRANJA CELESTE            2,396           2,397         14         20                           D-9963 
01CE    FRANJA CELESTE            2,286           2,287         41         20                           D-9964 
01CE    FRANJA CELESTE            2,353           2,354         41         20                           D-9965 
01CE    FRANJA CELESTE            2,243           2,244         14         20                           D-9966 
01CE    FRANJA CELESTE            2,114           2,115         14         20                           D-9967 
01CE    FRANJA CELESTE            2,365           2,366         41         20                           D-9968 
01CE    FRANJA CELESTE            2,219           2,220         14         20                           D-9969 
01CE    FRANJA CELESTE            2,312           2,313         14         20                           D-9970 
01CE    FRANJA CELESTE            2,267           2,268         41         20                           D-9971 
01CE    FRANJA CELESTE            2,347           2,348         41         20                           D-9972 
01CE    FRANJA CELESTE            2,486           2,487         14         20                           D-9973 
01CE    FRANJA CELESTE            2,448           2,449         41         20                           D-9974 
01CE    FRANJA CELESTE            2,389           2,390         30         20                           D-9975 
01CE    FRANJA CELESTE            2,242           2,243         41         20                           D-9976 
01CE    FRANJA CELESTE            2,219           2,220         30         20                           D-9977 
01CE    FRANJA CELESTE            2,421           2,422         30         20                           D-9978 
01CE    FRANJA CELESTE            2,127           2,128         30         20                           D-9979 
01CE    FRANJA CELESTE            2,273           2,274         30         20                           D-9980 
01CE    FRANJA CELESTE            2,310           2,311         30         20                           D-9981 
01CE    FRANJA CELESTE            2,307           2,308         30         20                           D-9982 
01CE    FRANJA CELESTE            2,368           2,369         30         20                           D-9983 
01CE    FRANJA CELESTE            2,509           2,510         30         20                           D-9984 
01CE    FRANJA CELESTE            2,534           2,535         41         20                           D-9985 
01CE    FRANJA CELESTE            2,466           2,467         42         20                           D-9986 
01CE    FRANJA CELESTE            2,254           2,255         30         20                           D-9987 
01CE    FRANJA CELESTE            2,396           2,397         30         20                           D-9988 
01CE    FRANJA CELESTE            2,472           2,473         30         20                           D-9989 
01CE    FRANJA CELESTE            2,526           2,527         30         20                           D-9990 
01CE    FRANJA CELESTE            2,396           2,397         30         20                           D-9991 
01CE    FRANJA CELESTE            2,464           2,465         30         20                           D-9992 
01CE    FRANJA CELESTE            2,255           2,256         30         20                           D-9993 
01CE    FRANJA CELESTE            2,416           2,417         30         20                           D-9994 
01CE    FRANJA CELESTE            2,234           2,235         30         20                           D-9995 
01CE    FRANJA CELESTE            2,214           2,215         30         20                           D-9996 
01CE    FRANJA CELESTE            2,443           2,444         30         20                           D-9997 
01CE    FRANJA CELESTE            2,545           2,546         30         20                           D-9998 
01CE    FRANJA CELESTE            2,349           2,350         30         20                           D-9999 









EMPRESA NACIONAL DE MINERIA (ENM) PRODUCTOR          PACKING LIST                             PAG.  :   3
NATIONAL MINING COMPANY                       CODIGO DE LOTE   : D-9910                      FECHA :17/04/2018
                                              -----------------------------
FLUJO        : 
DESCRIPCION  : CATODOS GRADO A
N° INSTR. DE EMBARQUE : 24479
CLIENTE      : SANTA INES
Lote Sipa    : 18040194

----------------------------------------------------------------------------------------------------------------------------- 
MARCA       DESCRIPCION         PESO NETO      PESO BRUTO     GRUPO     UNIDADES       UBICACION         SERIE                
-----------------------------------------------------------------------------------------------------------------------------

01CE    FRANJA CELESTE            2,276           2,277         30         20                           D-10000
01CE    FRANJA CELESTE            2,402           2,403         30         20                           D-10001
01CE    FRANJA CELESTE            2,435           2,436         30         20                           D-10002
01CE    FRANJA CELESTE            2,471           2,472         41         20                           D-10003
01CE    FRANJA CELESTE            2,413           2,414         41         20                           D-10004
01CE    FRANJA CELESTE            2,496           2,497         24         20                           D-10005
01CE    FRANJA CELESTE            2,285           2,286         30         20                           D-10006
01CE    FRANJA CELESTE            2,381           2,382         24         20                           D-10007
01CE    FRANJA CELESTE            2,575           2,576         24         20                           D-10008
01CE    FRANJA CELESTE            2,412           2,413         24         20                           D-10009
01CE    FRANJA CELESTE            2,507           2,508         41         20                           D-10010
01CE    FRANJA CELESTE            2,479           2,480         24         20                           D-10011
01CE    FRANJA CELESTE            2,405           2,406         24         20                           D-10012
01CE    FRANJA CELESTE            2,545           2,546         24         20                           D-10013
01CE    FRANJA CELESTE            2,430           2,431         24         20                           D-10014
01CE    FRANJA CELESTE            2,506           2,507         41         20                           D-10015
01CE    FRANJA CELESTE            2,394           2,395         30         20                           D-10016
01CE    FRANJA CELESTE            2,544           2,545         24         20                           D-10017
01CE    FRANJA CELESTE            2,429           2,430         24         20                           D-10018
01CE    FRANJA CELESTE            2,337           2,338         24         20                           D-10019
01CE    FRANJA CELESTE            2,506           2,507         41         20                           D-10020
01CE    FRANJA CELESTE            2,396           2,397         41         20                           D-10021
01CE    FRANJA CELESTE            2,359           2,360         41         20                           D-10022
01CE    FRANJA CELESTE            2,394           2,395         41         20                           D-10023
01CE    FRANJA CELESTE            2,454           2,455         24         20                           D-10024
01CE    FRANJA CELESTE            2,411           2,412         24         20                           D-10025
01CE    FRANJA CELESTE            2,433           2,434         24         20                           D-10026
01CE    FRANJA CELESTE            2,478           2,479         24         20                           D-10027
01CE    FRANJA CELESTE            2,419           2,420         30         20                           D-10028
01CE    FRANJA CELESTE            2,432           2,433         24         20                           D-10029
01CE    FRANJA CELESTE            2,548           2,549         24         20                           D-10030
01CE    FRANJA CELESTE            2,561           2,562         24         20                           D-10031
01CE    FRANJA CELESTE            2,454           2,455         30         20                           D-10032
01CE    FRANJA CELESTE            2,446           2,447         30         20                           D-10033
01CE    FRANJA CELESTE            2,497           2,498         30         20                           D-10034
01CE    FRANJA CELESTE            2,444           2,445         30         20                           D-10035


------------------------------------------------------------------------------------------------------------------------
T.SUB-LOTES              TOT.PAQUETES =126      TOT.UNID. = 2520   T/P NETO (kg) = 299,957      T/P BRUTO (kg) = 300,083
------------------------------------------------------------------------------------------------------------------------
