
EMPRESA NACIONAL DE MINERIA (ENM) PRODUCTOR          PACKING LIST                             PAG.  :   1
NATIONAL MINING COMPANY                       CODIGO DE LOTE   : G-385                      FECHA :26/07/2018
                                              -----------------------------
FLUJO        : 
DESCRIPCION  : CATODOS STD 1 ER
N° INSTR. DE EMBARQUE : 56070
CLIENTE      : 
Lote Sipa    : 18070305

----------------------------------------------------------------------------------------------------------------------------- 
MARCA       DESCRIPCION         PESO NETO      PESO BRUTO     GRUPO     UNIDADES       UBICACION         SERIE                
-----------------------------------------------------------------------------------------------------------------------------

X0VE    EQUIS VERDE               2,233           2,234         87         20                            G-385 
X0VE    EQUIS VERDE               2,390           2,391         87         20                            G-386 
X0VE    EQUIS VERDE               2,338           2,339         87         20                            G-387 
X0VE    EQUIS VERDE               2,358           2,359         87         20                            G-388 
X0VE    EQUIS VERDE               1,935           1,936         87         20                            G-389 
X0VE    EQUIS VERDE               2,072           2,073         87         20                            G-390 
X0VE    EQUIS VERDE               2,397           2,398         87         20                            G-391 
X0VE    EQUIS VERDE               2,198           2,199         87         20                            G-392 
X0VE    EQUIS VERDE               2,061           2,062         87         20                            G-393 
X0VE    EQUIS VERDE               2,059           2,060         87         20                            G-394 
X0VE    EQUIS VERDE               2,155           2,156         87         20                            G-395 
X0VE    EQUIS VERDE               2,316           2,317         87         20                            G-396 
X0VE    EQUIS VERDE               2,124           2,125         87         20                            G-397 
X0VE    EQUIS VERDE               2,086           2,087         87         20                            G-398 
X0VE    EQUIS VERDE               1,884           1,885         87         20                            G-399 
X0VE    EQUIS VERDE               2,043           2,044         87         20                            G-400 
X0VE    EQUIS VERDE               2,219           2,220         87         20                            G-401 
X0VE    EQUIS VERDE               1,926           1,927         87         20                            G-402 
X0VE    EQUIS VERDE               2,491           2,492         87         20                            G-403 
X0VE    EQUIS VERDE               2,072           2,073         87         20                            G-404 
X0VE    EQUIS VERDE               2,202           2,203         87         20                            G-405 
X0VE    EQUIS VERDE               2,280           2,281         87         20                            G-406 
X0VE    EQUIS VERDE               1,893           1,894         87         20                            G-407 
X0VE    EQUIS VERDE               2,217           2,218         87         20                            G-408 
X0VE    EQUIS VERDE               2,308           2,309         87         20                            G-409 
X0VE    EQUIS VERDE               2,349           2,350         87         20                            G-410 
X0VE    EQUIS VERDE               2,323           2,324         87         20                            G-411 
X0VE    EQUIS VERDE               2,121           2,122         87         20                            G-412 
X0VE    EQUIS VERDE               2,101           2,102         87         20                            G-413 
X0VE    EQUIS VERDE               2,403           2,404         87         20                            G-414 
X0VE    EQUIS VERDE               2,196           2,197         87         20                            G-415 
X0VE    EQUIS VERDE               2,162           2,163         87         20                            G-416 
X0VE    EQUIS VERDE               2,402           2,403         87         20                            G-417 
X0VE    EQUIS VERDE               2,319           2,320         87         20                            G-418 
X0VE    EQUIS VERDE               2,182           2,183         87         20                            G-419 
X0VE    EQUIS VERDE               2,201           2,202         87         20                            G-420 
X0VE    EQUIS VERDE               1,931           1,932         87         20                            G-421 
X0VE    EQUIS VERDE               2,484           2,485         87         20                            G-422 
X0VE    EQUIS VERDE               2,032           2,033         87         20                            G-423 
X0VE    EQUIS VERDE               2,109           2,110         87         20                            G-424 
X0VE    EQUIS VERDE               2,144           2,145         87         20                            G-425 
X0VE    EQUIS VERDE               2,367           2,368         87         20                            G-426 
X0VE    EQUIS VERDE               1,978           1,979         87         20                            G-427 
X0VE    EQUIS VERDE               2,368           2,369         87         20                            G-428 
X0VE    EQUIS VERDE               2,465           2,466         87         20                            G-429 









EMPRESA NACIONAL DE MINERIA (ENM) PRODUCTOR          PACKING LIST                             PAG.  :   2
NATIONAL MINING COMPANY                       CODIGO DE LOTE   : G-385                      FECHA :26/07/2018
                                              -----------------------------
FLUJO        : 
DESCRIPCION  : CATODOS STD 1 ER
N° INSTR. DE EMBARQUE : 56070
CLIENTE      : 
Lote Sipa    : 18070305

----------------------------------------------------------------------------------------------------------------------------- 
MARCA       DESCRIPCION         PESO NETO      PESO BRUTO     GRUPO     UNIDADES       UBICACION         SERIE                
-----------------------------------------------------------------------------------------------------------------------------

X0VE    EQUIS VERDE               2,221           2,222         87         20                            G-430 
X0VE    EQUIS VERDE               2,064           2,065         87         20                            G-431 
X0VE    EQUIS VERDE               2,455           2,456         87         20                            G-432 
X0VE    EQUIS VERDE               1,939           1,940         87         20                            G-433 
X0VE    EQUIS VERDE               2,281           2,282         87         20                            G-434 
X0VE    EQUIS VERDE               1,984           1,985         88         20                            G-435 
X0VE    EQUIS VERDE               2,177           2,178         88         20                            G-436 
X0VE    EQUIS VERDE               1,964           1,965         88         20                            G-437 
X0VE    EQUIS VERDE               2,120           2,121         88         20                            G-438 
X0VE    EQUIS VERDE               2,104           2,105         88         20                            G-439 
X0VE    EQUIS VERDE               2,106           2,107         88         20                            G-440 
X0VE    EQUIS VERDE               2,397           2,398         88         20                            G-441 
X0VE    EQUIS VERDE               2,433           2,434         88         20                            G-442 
X0VE    EQUIS VERDE               2,263           2,264         88         20                            G-443 
X0VE    EQUIS VERDE               1,970           1,971         88         20                            G-444 
X0VE    EQUIS VERDE               2,263           2,264         88         20                            G-445 
X0VE    EQUIS VERDE               2,176           2,177         88         20                            G-446 
X0VE    EQUIS VERDE               2,301           2,302         88         20                            G-447 
X0VE    EQUIS VERDE               2,140           2,141         88         20                            G-448 
X0VE    EQUIS VERDE               2,107           2,108         88         20                            G-449 
X0VE    EQUIS VERDE               2,101           2,102         88         20                            G-450 
X0VE    EQUIS VERDE               1,995           1,996         88         20                            G-451 
X0VE    EQUIS VERDE               2,433           2,434         88         20                            G-452 
X0VE    EQUIS VERDE               2,396           2,397         88         20                            G-453 
X0VE    EQUIS VERDE               2,306           2,307         88         20                            G-454 
X0VE    EQUIS VERDE               2,172           2,173         88         20                            G-455 
X0VE    EQUIS VERDE               2,335           2,336         88         20                            G-456 
X0VE    EQUIS VERDE               1,971           1,972         88         20                            G-457 
X0VE    EQUIS VERDE               2,332           2,333         88         20                            G-458 
X0VE    EQUIS VERDE               2,243           2,244         88         20                            G-459 
X0VE    EQUIS VERDE               1,793           1,794         88         20                            G-460 
X0VE    EQUIS VERDE               2,395           2,396         88         20                            G-461 
X0VE    EQUIS VERDE               2,225           2,226         88         20                            G-462 
X0VE    EQUIS VERDE               2,327           2,328         88         20                            G-463 
X0VE    EQUIS VERDE               2,471           2,472         88         20                            G-464 
X0VE    EQUIS VERDE               2,344           2,345         88         20                            G-465 
X0VE    EQUIS VERDE               2,181           2,182         88         20                            G-466 
X0VE    EQUIS VERDE               2,279           2,280         88         20                            G-467 
X0VE    EQUIS VERDE               2,354           2,355         88         20                            G-468 
X0VE    EQUIS VERDE               1,983           1,984         88         20                            G-469 
X0VE    EQUIS VERDE               2,191           2,192         88         20                            G-470 
X0VE    EQUIS VERDE               2,109           2,110         88         20                            G-471 
X0VE    EQUIS VERDE               1,936           1,937         88         20                            G-472 
X0VE    EQUIS VERDE               2,138           2,139         88         20                            G-473 
X0VE    EQUIS VERDE               2,408           2,409         88         20                            G-474 









EMPRESA NACIONAL DE MINERIA (ENM) PRODUCTOR          PACKING LIST                             PAG.  :   3
NATIONAL MINING COMPANY                       CODIGO DE LOTE   : G-385                      FECHA :26/07/2018
                                              -----------------------------
FLUJO        : 
DESCRIPCION  : CATODOS STD 1 ER
N° INSTR. DE EMBARQUE : 56070
CLIENTE      : 
Lote Sipa    : 18070305

----------------------------------------------------------------------------------------------------------------------------- 
MARCA       DESCRIPCION         PESO NETO      PESO BRUTO     GRUPO     UNIDADES       UBICACION         SERIE                
-----------------------------------------------------------------------------------------------------------------------------

X0VE    EQUIS VERDE               2,123           2,124         88         20                            G-475 


------------------------------------------------------------------------------------------------------------------------
T.SUB-LOTES              TOT.PAQUETES =91      TOT.UNID. = 1820   T/P NETO (kg) = 199,900      T/P BRUTO (kg) = 199,991
------------------------------------------------------------------------------------------------------------------------
