
EMPRESA NACIONAL DE MINERIA (ENM) PRODUCTOR          PACKING LIST                             PAG.  :   1
NATIONAL MINING COMPANY                       CODIGO DE LOTE   : A-10802                      FECHA :07/02/2020
                                              -----------------------------
FLUJO        : 
DESCRIPCION  : CATODOS GRADO A
N° INSTR. DE EMBARQUE : 25722
CLIENTE      : NORDIC HONG KONG
Lote Sipa    : 

----------------------------------------------------------------------------------------------------------------------------- 
MARCA       DESCRIPCION         PESO NETO      PESO BRUTO     GRUPO     UNIDADES       UBICACION         SERIE                
-----------------------------------------------------------------------------------------------------------------------------

01AZ    FRANJA AZUL               2,452           2,453         14         20                           A-10802
01AZ    FRANJA AZUL               2,363           2,364         14         20                           A-10803
01AZ    FRANJA AZUL               2,362           2,363         23         20                           A-10804
01AZ    FRANJA AZUL               2,361           2,362         23         20                           A-10805
01AZ    FRANJA AZUL               2,428           2,429         23         20                           A-10806
01AZ    FRANJA AZUL               2,330           2,331         23         20                           A-10807
01AZ    FRANJA AZUL               2,353           2,354         41         20                           A-10808
01AZ    FRANJA AZUL               2,386           2,387         41         20                           A-10809
01AZ    FRANJA AZUL               2,360           2,361         41         20                           A-10810
01AZ    FRANJA AZUL               2,322           2,323         41         20                           A-10811
01AZ    FRANJA AZUL               2,497           2,498         41         20                           A-10812
01AZ    FRANJA AZUL               2,322           2,323         41         20                           A-10813
01AZ    FRANJA AZUL               2,250           2,251         41         20                           A-10814
01AZ    FRANJA AZUL               2,281           2,282         41         20                           A-10815
01AZ    FRANJA AZUL               2,319           2,320         41         20                           A-10816
01AZ    FRANJA AZUL               2,423           2,424         14         20                           A-10817
01AZ    FRANJA AZUL               2,371           2,372         14         20                           A-10818
01AZ    FRANJA AZUL               2,390           2,391         14         20                           A-10819
01AZ    FRANJA AZUL               2,460           2,461         14         20                           A-10820
01AZ    FRANJA AZUL               2,325           2,326         14         20                           A-10821
01AZ    FRANJA AZUL               1,930           1,931         14         20                           A-10822
01AZ    FRANJA AZUL               1,987           1,988         41         20                           A-10823
01AZ    FRANJA AZUL               2,398           2,399         41         20                           A-10824
01AZ    FRANJA AZUL               2,103           2,104         22         20                           A-10825
01AZ    FRANJA AZUL               2,377           2,378         22         20                           A-10826
01AZ    FRANJA AZUL               2,297           2,298         22         20                           A-10827
01AZ    FRANJA AZUL               2,030           2,031         22         20                           A-10828
01AZ    FRANJA AZUL               2,323           2,324         22         20                           A-10829
01AZ    FRANJA AZUL               2,069           2,070         22         20                           A-10830
01AZ    FRANJA AZUL               2,326           2,327         22         20                           A-10831
01AZ    FRANJA AZUL               2,122           2,123         22         20                           A-10832
01AZ    FRANJA AZUL               2,368           2,369         41         20                           A-10833
01AZ    FRANJA AZUL               2,170           2,171         41         20                           A-10834
01AZ    FRANJA AZUL               2,432           2,433         41         20                           A-10835
01AZ    FRANJA AZUL               2,169           2,170         41         20                           A-10836
01AZ    FRANJA AZUL               2,227           2,228         41         20                           A-10837
01AZ    FRANJA AZUL               2,307           2,308         41         20                           A-10838
01AZ    FRANJA AZUL               2,192           2,193         41         20                           A-10839
01AZ    FRANJA AZUL               2,293           2,294         41         20                           A-10840
01AZ    FRANJA AZUL               1,996           1,997         41         20                           A-10841
01AZ    FRANJA AZUL               2,239           2,240         41         20                           A-10842
01AZ    FRANJA AZUL               2,278           2,279         41         20                           A-10843
01AZ    FRANJA AZUL               2,226           2,227         41         20                           A-10844
01AZ    FRANJA AZUL               2,164           2,165         41         20                           A-10845
01AZ    FRANJA AZUL               2,271           2,272         41         20                           A-10846









EMPRESA NACIONAL DE MINERIA (ENM) PRODUCTOR          PACKING LIST                             PAG.  :   2
NATIONAL MINING COMPANY                       CODIGO DE LOTE   : A-10802                      FECHA :07/02/2020
                                              -----------------------------
FLUJO        : 
DESCRIPCION  : CATODOS GRADO A
N° INSTR. DE EMBARQUE : 25722
CLIENTE      : NORDIC HONG KONG
Lote Sipa    : 

----------------------------------------------------------------------------------------------------------------------------- 
MARCA       DESCRIPCION         PESO NETO      PESO BRUTO     GRUPO     UNIDADES       UBICACION         SERIE                
-----------------------------------------------------------------------------------------------------------------------------

01AZ    FRANJA AZUL               2,180           2,181         41         20                           A-10847
01AZ    FRANJA AZUL               2,011           2,012         41         20                           A-10848
01AZ    FRANJA AZUL               2,302           2,303         41         20                           A-10849
01AZ    FRANJA AZUL               2,228           2,229         41         20                           A-10850
01AZ    FRANJA AZUL               2,375           2,376         23         20                           A-10851
01AZ    FRANJA AZUL               2,393           2,394         23         20                           A-10852
01AZ    FRANJA AZUL               2,258           2,259         23         20                           A-10853
01AZ    FRANJA AZUL               2,383           2,384         23         20                           A-10854
01AZ    FRANJA AZUL               2,338           2,339         23         20                           A-10855
01AZ    FRANJA AZUL               2,428           2,429         23         20                           A-10856
01AZ    FRANJA AZUL               2,334           2,335         23         20                           A-10857
01AZ    FRANJA AZUL               2,249           2,250         23         20                           A-10858
01AZ    FRANJA AZUL               1,953           1,954         23         20                           A-10859
01AZ    FRANJA AZUL               2,333           2,334         23         20                           A-10860
01AZ    FRANJA AZUL               2,256           2,257         23         20                           A-10861
01AZ    FRANJA AZUL               2,195           2,196         23         20                           A-10862
01AZ    FRANJA AZUL               2,084           2,085         23         20                           A-10863
01AZ    FRANJA AZUL               2,035           2,036         23         20                           A-10864
01AZ    FRANJA AZUL               2,143           2,144         34         20                           A-10865
01AZ    FRANJA AZUL               2,179           2,180         34         20                           A-10866
01AZ    FRANJA AZUL               2,102           2,103         34         20                           A-10867
01AZ    FRANJA AZUL               2,168           2,169         34         20                           A-10868
01AZ    FRANJA AZUL               2,318           2,319         03         20                           A-10869
01AZ    FRANJA AZUL               2,296           2,297         03         20                           A-10870
01AZ    FRANJA AZUL               2,213           2,214         03         20                           A-10871
01AZ    FRANJA AZUL               2,251           2,252         03         20                           A-10872
01AZ    FRANJA AZUL               2,260           2,261         03         20                           A-10873
01AZ    FRANJA AZUL               2,408           2,409         03         20                           A-10874
01AZ    FRANJA AZUL               2,162           2,163         44         20                           A-10875
01AZ    FRANJA AZUL               1,969           1,970         44         20                           A-10876
01AZ    FRANJA AZUL               2,214           2,215         44         20                           A-10877
01AZ    FRANJA AZUL               2,202           2,203         44         20                           A-10878
01AZ    FRANJA AZUL               2,292           2,293         44         20                           A-10879
01AZ    FRANJA AZUL               2,135           2,136         03         20                           A-10880
01AZ    FRANJA AZUL               2,371           2,372         44         20                           A-10881
01AZ    FRANJA AZUL               2,245           2,246         44         20                           A-10882
01AZ    FRANJA AZUL               2,176           2,177         44         20                           A-10883
01AZ    FRANJA AZUL               2,244           2,245         03         20                           A-10884
01AZ    FRANJA AZUL               2,159           2,160         44         20                           A-10885
01AZ    FRANJA AZUL               2,298           2,299         44         20                           A-10886
01AZ    FRANJA AZUL               2,360           2,361         44         20                           A-10887
01AZ    FRANJA AZUL               2,334           2,335         03         20                           A-10888
01AZ    FRANJA AZUL               2,270           2,271         44         20                           A-10889
01AZ    FRANJA AZUL               2,309           2,310         44         20                           A-10890
01AZ    FRANJA AZUL               2,338           2,339         44         20                           A-10891









EMPRESA NACIONAL DE MINERIA (ENM) PRODUCTOR          PACKING LIST                             PAG.  :   3
NATIONAL MINING COMPANY                       CODIGO DE LOTE   : A-10802                      FECHA :07/02/2020
                                              -----------------------------
FLUJO        : 
DESCRIPCION  : CATODOS GRADO A
N° INSTR. DE EMBARQUE : 25722
CLIENTE      : NORDIC HONG KONG
Lote Sipa    : 

----------------------------------------------------------------------------------------------------------------------------- 
MARCA       DESCRIPCION         PESO NETO      PESO BRUTO     GRUPO     UNIDADES       UBICACION         SERIE                
-----------------------------------------------------------------------------------------------------------------------------

01AZ    FRANJA AZUL               2,361           2,362         44         20                           A-10892
01AZ    FRANJA AZUL               2,278           2,279         44         20                           A-10893
01AZ    FRANJA AZUL               2,177           2,178         44         20                           A-10894
01AZ    FRANJA AZUL               2,282           2,283         03         20                           A-10895
01AZ    FRANJA AZUL               2,329           2,330         44         20                           A-10896
01AZ    FRANJA AZUL               2,166           2,167         03         20                           A-10897
01AZ    FRANJA AZUL               2,355           2,356         03         20                           A-10898
01AZ    FRANJA AZUL               2,264           2,265         03         20                           A-10899
01AZ    FRANJA AZUL               2,165           2,166         03         20                           A-10900
01AZ    FRANJA AZUL               2,364           2,365         44         20                           A-10901
01AZ    FRANJA AZUL               2,274           2,275         44         20                           A-10902
01AZ    FRANJA AZUL               2,263           2,264         44         20                           A-10903
01AZ    FRANJA AZUL               2,372           2,373         44         20                           A-10904
01AZ    FRANJA AZUL               2,195           2,196         44         20                           A-10905
01AZ    FRANJA AZUL               2,177           2,178         03         20                           A-10906
01AZ    FRANJA AZUL               2,097           2,098         03         20                           A-10907
01AZ    FRANJA AZUL               2,257           2,258         03         20                           A-10908
01AZ    FRANJA AZUL               2,425           2,426         03         20                           A-10909
01AZ    FRANJA AZUL               2,201           2,202         03         20                           A-10910
01AZ    FRANJA AZUL               2,363           2,364         03         20                           A-10911
01AZ    FRANJA AZUL               2,112           2,113         44         20                           A-10912
01AZ    FRANJA AZUL               2,107           2,108         44         20                           A-10913
01AZ    FRANJA AZUL               2,206           2,207         03         20                           A-10914
01AZ    FRANJA AZUL               2,261           2,262         03         20                           A-10915
01AZ    FRANJA AZUL               2,260           2,261         11         20                           A-10916
01AZ    FRANJA AZUL               2,382           2,383         11         20                           A-10917
01AZ    FRANJA AZUL               1,929           1,930         11         20                           A-10918
01AZ    FRANJA AZUL               2,365           2,366         11         20                           A-10919
01AZ    FRANJA AZUL               2,017           2,018         11         20                           A-10920
01AZ    FRANJA AZUL               2,105           2,106         11         20                           A-10921
01AZ    FRANJA AZUL               1,948           1,949         03         20                           A-10922
01AZ    FRANJA AZUL               2,320           2,321         03         20                           A-10923
01AZ    FRANJA AZUL               2,008           2,009         03         20                           A-10924
01AZ    FRANJA AZUL               2,144           2,145         44         20                           A-10925
01AZ    FRANJA AZUL               2,303           2,304         11         20                           A-10926
01AZ    FRANJA AZUL               2,089           2,090         11         20                           A-10927
01AZ    FRANJA AZUL               2,161           2,162         11         20                           A-10928
01AZ    FRANJA AZUL               2,207           2,208         11         20                           A-10929
01AZ    FRANJA AZUL               2,279           2,280         11         20                           A-10930
01AZ    FRANJA AZUL               2,294           2,295         11         20                           A-10931
01AZ    FRANJA AZUL               2,224           2,225         11         20                           A-10932
01AZ    FRANJA AZUL               2,283           2,284         11         20                           A-10933
01AZ    FRANJA AZUL               2,247           2,248         44         20                           A-10934
01AZ    FRANJA AZUL               2,369           2,370         11         20                           A-10935
01AZ    FRANJA AZUL               2,067           2,068         11         20                           A-10936









EMPRESA NACIONAL DE MINERIA (ENM) PRODUCTOR          PACKING LIST                             PAG.  :   4
NATIONAL MINING COMPANY                       CODIGO DE LOTE   : A-10802                      FECHA :07/02/2020
                                              -----------------------------
FLUJO        : 
DESCRIPCION  : CATODOS GRADO A
N° INSTR. DE EMBARQUE : 25722
CLIENTE      : NORDIC HONG KONG
Lote Sipa    : 

----------------------------------------------------------------------------------------------------------------------------- 
MARCA       DESCRIPCION         PESO NETO      PESO BRUTO     GRUPO     UNIDADES       UBICACION         SERIE                
-----------------------------------------------------------------------------------------------------------------------------

01AZ    FRANJA AZUL               1,978           1,979         11         20                           A-10937
01AZ    FRANJA AZUL               1,997           1,998         11         20                           A-10938
01AZ    FRANJA AZUL               2,234           2,235         11         20                           A-10939
01AZ    FRANJA AZUL               2,322           2,323         44         20                           A-10940
01AZ    FRANJA AZUL               2,178           2,179         03         20                           A-10941
01AZ    FRANJA AZUL               2,239           2,240         44         20                           A-10942
01AZ    FRANJA AZUL               2,129           2,130         11         20                           A-10943
01AZ    FRANJA AZUL               2,155           2,156         11         20                           A-10944
01AZ    FRANJA AZUL               2,110           2,111         03         20                           A-10945
01AZ    FRANJA AZUL               2,064           2,065         11         20                           A-10946
01AZ    FRANJA AZUL               2,315           2,316         11         20                           A-10947
01AZ    FRANJA AZUL               2,195           2,196         11         20                           A-10948
01AZ    FRANJA AZUL               2,133           2,134         03         20                           A-10949
01AZ    FRANJA AZUL               2,180           2,181         03         20                           A-10950
01AZ    FRANJA AZUL               2,289           2,290         44         20                           A-10951
01AZ    FRANJA AZUL               2,144           2,145         44         20                           A-10952
01AZ    FRANJA AZUL               2,240           2,241         44         20                           A-10953
01AZ    FRANJA AZUL               2,268           2,269         44         20                           A-10954
01AZ    FRANJA AZUL               2,271           2,272         11         20                           A-10955
01AZ    FRANJA AZUL               2,167           2,168         11         20                           A-10956
01AZ    FRANJA AZUL               2,328           2,329         11         20                           A-10957
01AZ    FRANJA AZUL               2,323           2,324         44         20                           A-10958
01AZ    FRANJA AZUL               2,180           2,181         11         20                           A-10959
01AZ    FRANJA AZUL               2,282           2,283         44         20                           A-10960
01AZ    FRANJA AZUL               2,134           2,135         11         20                           A-10961
01AZ    FRANJA AZUL               2,245           2,246         11         20                           A-10962
01AZ    FRANJA AZUL               2,352           2,353         44         20                           A-10963
01AZ    FRANJA AZUL               2,112           2,113         44         20                           A-10964
01AZ    FRANJA AZUL               2,087           2,088         11         20                           A-10965
01AZ    FRANJA AZUL               2,182           2,183         11         20                           A-10966
01AZ    FRANJA AZUL               2,226           2,227         11         20                           A-10967
01AZ    FRANJA AZUL               2,422           2,423         44         20                           A-10968
01AZ    FRANJA AZUL               2,157           2,158         44         20                           A-10969
01AZ    FRANJA AZUL               2,204           2,205         03         20                           A-10970
01AZ    FRANJA AZUL               2,164           2,165         03         20                           A-10971
01AZ    FRANJA AZUL               2,153           2,154         03         20                           A-10972
01AZ    FRANJA AZUL               2,168           2,169         03         20                           A-10973
01AZ    FRANJA AZUL               2,044           2,045         11         20                           A-10974
01AZ    FRANJA AZUL               1,913           1,914         11         20                           A-10975
01AZ    FRANJA AZUL               2,229           2,230         03         20                           A-10976
01AZ    FRANJA AZUL               2,282           2,283         03         20                           A-10977
01AZ    FRANJA AZUL               2,261           2,262         03         20                           A-10978
01AZ    FRANJA AZUL               2,237           2,238         03         20                           A-10979
01AZ    FRANJA AZUL               2,222           2,223         27         20                           A-10980


------------------------------------------------------------------------------------------------------------------------
T.SUB-LOTES              TOT.PAQUETES =179      TOT.UNID. = 3580   T/P NETO (kg) = 399,967      T/P BRUTO (kg) = 400,146
------------------------------------------------------------------------------------------------------------------------
