
EMPRESA NACIONAL DE MINERIA (ENM) PRODUCTOR          PACKING LIST                             PAG.  :   1
NATIONAL MINING COMPANY                       CODIGO DE LOTE   : B-2171                      FECHA :19/03/2021
                                              -----------------------------
FLUJO        : 
DESCRIPCION  : CATODOS EW VALLENAR
N° INSTR. DE EMBARQUE : 26564
CLIENTE      : COCESA                                  
Lote Sipa    : 21020056

----------------------------------------------------------------------------------------------------------------------------- 
MARCA       DESCRIPCION         PESO NETO      PESO BRUTO     GRUPO     UNIDADES       UBICACION         SERIE                
-----------------------------------------------------------------------------------------------------------------------------

01AZ    FRANJA AZUL               2,020           2,021                    91                           B-2171 
01AZ    FRANJA AZUL               2,011           2,012                    101                          B-2172 
01AZ    FRANJA AZUL               2,017           2,018                    91                           B-2173 
01AZ    FRANJA AZUL               2,016           2,017                    103                          B-2174 
01AZ    FRANJA AZUL               2,023           2,024                    122                          B-2175 
01AZ    FRANJA AZUL               2,019           2,020                    91                           B-2176 
01AZ    FRANJA AZUL               2,015           2,016                    111                          B-2177 
01AZ    FRANJA AZUL               2,017           2,018                    91                           B-2178 
01AZ    FRANJA AZUL               2,021           2,022                    94                           B-2179 
01AZ    FRANJA AZUL               2,019           2,020                    90                           B-2180 
01AZ    FRANJA AZUL               2,009           2,010                    93                           B-2181 
01AZ    FRANJA AZUL               2,020           2,021                    112                          B-2182 
01AZ    FRANJA AZUL               2,017           2,018                    100                          B-2183 
01AZ    FRANJA AZUL               2,034           2,035                    93                           B-2184 


------------------------------------------------------------------------------------------------------------------------
T.SUB-LOTES              TOT.PAQUETES =14      TOT.UNID. = 1383   T/P NETO (kg) = 28,258      T/P BRUTO (kg) = 28,272
------------------------------------------------------------------------------------------------------------------------
