
EMPRESA NACIONAL DE MINERIA (ENM) PRODUCTOR          PACKING LIST                             PAG.  :   1
NATIONAL MINING COMPANY                       CODIGO DE LOTE   : F-2200                      FECHA :13/07/2020
                                              -----------------------------
FLUJO        : 
DESCRIPCION  : CATODOS EW VALLENAR
N° INSTR. DE EMBARQUE : 26057
CLIENTE      : COCESA                                  
Lote Sipa    : 20060412

----------------------------------------------------------------------------------------------------------------------------- 
MARCA       DESCRIPCION         PESO NETO      PESO BRUTO     GRUPO     UNIDADES       UBICACION         SERIE                
-----------------------------------------------------------------------------------------------------------------------------

01AZ    FRANJA AZUL               2,022           2,023                    86                           F-2200 
01AZ    FRANJA AZUL               2,015           2,016                    75                           F-2201 
01AZ    FRANJA AZUL               2,014           2,015                    78                           F-2202 
01AZ    FRANJA AZUL               2,032           2,033                    81                           F-2203 
01AZ    FRANJA AZUL               2,023           2,024                    87                           F-2204 
01AZ    FRANJA AZUL               2,032           2,033                    79                           F-2205 
01AZ    FRANJA AZUL               2,033           2,034                    72                           F-2206 
01AZ    FRANJA AZUL               2,010           2,011                    88                           F-2207 
01AZ    FRANJA AZUL               2,018           2,019                    83                           F-2208 
01AZ    FRANJA AZUL               2,016           2,017                    75                           F-2209 
01AZ    FRANJA AZUL               2,033           2,034                    66                           F-2210 
01AZ    FRANJA AZUL               2,020           2,021                    79                           F-2211 
01AZ    FRANJA AZUL               2,014           2,015                    75                           F-2212 
01AZ    FRANJA AZUL               2,031           2,032                    84                           F-2213 
01AZ    FRANJA AZUL               2,029           2,030                    76                           F-2215 
01AZ    FRANJA AZUL               2,023           2,024                    73                           F-2216 
01AZ    FRANJA AZUL               2,029           2,030                    90                           F-2217 
01AZ    FRANJA AZUL               2,023           2,024                    98                           F-2218 
01AZ    FRANJA AZUL               2,019           2,020                    76                           F-2219 
01AZ    FRANJA AZUL               2,025           2,026                    77                           F-2220 
01AZ    FRANJA AZUL               2,022           2,023                    97                           F-2221 
01AZ    FRANJA AZUL               2,024           2,025                    81                           F-2222 
01AZ    FRANJA AZUL               2,027           2,028                    96                           F-2223 
01AZ    FRANJA AZUL               2,027           2,028                    92                           F-2224 
01AZ    FRANJA AZUL               2,024           2,025                    83                           F-2225 
01AZ    FRANJA AZUL               2,033           2,034                    81                           F-2226 
01AZ    FRANJA AZUL               2,023           2,024                    79                           F-2227 
01AZ    FRANJA AZUL               2,013           2,014                    92                           F-2228 


------------------------------------------------------------------------------------------------------------------------
T.SUB-LOTES              TOT.PAQUETES =28      TOT.UNID. = 2299   T/P NETO (kg) = 56,654      T/P BRUTO (kg) = 56,682
------------------------------------------------------------------------------------------------------------------------
