
EMPRESA NACIONAL DE MINERIA (ENM) PRODUCTOR          PACKING LIST                             PAG.  :   1
NATIONAL MINING COMPANY                       CODIGO DE LOTE   : J-7645                      FECHA :22/10/2020
                                              -----------------------------
FLUJO        : 
DESCRIPCION  : CATODOS GRADO A
N° INSTR. DE EMBARQUE : 26280
CLIENTE      : MAERSK SALINA
Lote Sipa    : 20100288

----------------------------------------------------------------------------------------------------------------------------- 
MARCA       DESCRIPCION         PESO NETO      PESO BRUTO     GRUPO     UNIDADES       UBICACION         SERIE                
-----------------------------------------------------------------------------------------------------------------------------

01VE    FRANJA VERDE              2,279           2,280         09         20                           J-7645 
01VE    FRANJA VERDE              2,272           2,273         09         20                           J-7646 
01VE    FRANJA VERDE              2,555           2,556         09         20                           J-7647 
01VE    FRANJA VERDE              2,580           2,581         09         20                           J-7648 
01VE    FRANJA VERDE              2,422           2,423         47         20                           J-7649 
01VE    FRANJA VERDE              2,460           2,461         47         20                           J-7650 
01VE    FRANJA VERDE              2,462           2,463         47         20                           J-7651 
01VE    FRANJA VERDE              2,416           2,417         47         20                           J-7652 
01VE    FRANJA VERDE              2,363           2,364         47         20                           J-7653 
01VE    FRANJA VERDE              2,435           2,436         09         20                           J-7654 
01VE    FRANJA VERDE              2,436           2,437         47         20                           J-7655 
01VE    FRANJA VERDE              2,423           2,424         47         20                           J-7656 
01VE    FRANJA VERDE              2,493           2,494         09         20                           J-7657 
01VE    FRANJA VERDE              2,328           2,329         47         20                           J-7658 
01VE    FRANJA VERDE              2,409           2,410         09         20                           J-7659 
01VE    FRANJA VERDE              2,553           2,554         09         20                           J-7660 
01VE    FRANJA VERDE              2,443           2,444         09         20                           J-7661 
01VE    FRANJA VERDE              2,399           2,400         47         20                           J-7662 
01VE    FRANJA VERDE              2,369           2,370         09         20                           J-7663 
01VE    FRANJA VERDE              2,429           2,430         09         20                           J-7664 
01VE    FRANJA VERDE              2,470           2,471         09         20                           J-7665 
01VE    FRANJA VERDE              2,532           2,533         09         20                           J-7666 
01VE    FRANJA VERDE              2,444           2,445         47         20                           J-7667 
01VE    FRANJA VERDE              2,531           2,532         09         20                           J-7668 
01VE    FRANJA VERDE              2,367           2,368         09         20                           J-7669 
01VE    FRANJA VERDE              2,451           2,452         09         20                           J-7670 
01VE    FRANJA VERDE              2,341           2,342         09         20                           J-7671 
01VE    FRANJA VERDE              2,269           2,270         09         20                           J-7672 
01VE    FRANJA VERDE              2,421           2,422         09         20                           J-7673 
01VE    FRANJA VERDE              2,335           2,336         09         20                           J-7674 
01VE    FRANJA VERDE              2,419           2,420         09         20                           J-7675 
01VE    FRANJA VERDE              2,228           2,229         47         20                           J-7676 
01VE    FRANJA VERDE              2,498           2,499         09         20                           J-7677 
01VE    FRANJA VERDE              2,520           2,521         09         20                           J-7678 
01VE    FRANJA VERDE              2,148           2,149         09         20                           J-7679 
01VE    FRANJA VERDE              2,185           2,186         09         20                           J-7680 
01VE    FRANJA VERDE              2,555           2,556         47         20                           J-7681 
01VE    FRANJA VERDE              2,260           2,261         47         20                           J-7682 
01VE    FRANJA VERDE              2,406           2,407         09         20                           J-7683 
01VE    FRANJA VERDE              2,192           2,193         09         20                           J-7684 
01VE    FRANJA VERDE              2,436           2,437         09         20                           J-7685 
01VE    FRANJA VERDE              2,443           2,444         09         20                           J-7686 
01VE    FRANJA VERDE              2,409           2,410         09         20                           J-7687 
01VE    FRANJA VERDE              2,488           2,489         09         20                           J-7688 
01VE    FRANJA VERDE              2,565           2,566         09         20                           J-7689 









EMPRESA NACIONAL DE MINERIA (ENM) PRODUCTOR          PACKING LIST                             PAG.  :   2
NATIONAL MINING COMPANY                       CODIGO DE LOTE   : J-7645                      FECHA :22/10/2020
                                              -----------------------------
FLUJO        : 
DESCRIPCION  : CATODOS GRADO A
N° INSTR. DE EMBARQUE : 26280
CLIENTE      : MAERSK SALINA
Lote Sipa    : 20100288

----------------------------------------------------------------------------------------------------------------------------- 
MARCA       DESCRIPCION         PESO NETO      PESO BRUTO     GRUPO     UNIDADES       UBICACION         SERIE                
-----------------------------------------------------------------------------------------------------------------------------

01VE    FRANJA VERDE              2,384           2,385         09         20                           J-7690 
01VE    FRANJA VERDE              2,457           2,458         47         20                           J-7691 
01VE    FRANJA VERDE              2,430           2,431         09         20                           J-7692 
01VE    FRANJA VERDE              2,505           2,506         09         20                           J-7693 
01VE    FRANJA VERDE              2,367           2,368         47         20                           J-7694 
01VE    FRANJA VERDE              2,500           2,501         47         20                           J-7695 
01VE    FRANJA VERDE              2,406           2,407         47         20                           J-7696 
01VE    FRANJA VERDE              2,500           2,501         09         20                           J-7697 
01VE    FRANJA VERDE              2,434           2,435         47         20                           J-7698 
01VE    FRANJA VERDE              2,545           2,546         09         20                           J-7699 
01VE    FRANJA VERDE              2,427           2,428         47         20                           J-7700 
01VE    FRANJA VERDE              2,500           2,501         47         20                           J-7701 
01VE    FRANJA VERDE              2,507           2,508         47         20                           J-7702 
01VE    FRANJA VERDE              2,411           2,412         47         20                           J-7703 
01VE    FRANJA VERDE              2,480           2,481         47         20                           J-7704 
01VE    FRANJA VERDE              2,196           2,197         47         20                           J-7705 
01VE    FRANJA VERDE              2,337           2,338         47         20                           J-7706 
01VE    FRANJA VERDE              2,528           2,529         09         20                           J-7707 
01VE    FRANJA VERDE              2,470           2,471         09         20                           J-7708 
01VE    FRANJA VERDE              2,407           2,408         47         20                           J-7709 
01VE    FRANJA VERDE              2,467           2,468         47         20                           J-7710 
01VE    FRANJA VERDE              2,487           2,488         47         20                           J-7711 
01VE    FRANJA VERDE              2,450           2,451         47         20                           J-7712 
01VE    FRANJA VERDE              2,447           2,448         09         20                           J-7713 
01VE    FRANJA VERDE              2,436           2,437         47         20                           J-7714 
01VE    FRANJA VERDE              2,295           2,296         47         20                           J-7715 
01VE    FRANJA VERDE              2,258           2,259         47         20                           J-7716 
01VE    FRANJA VERDE              2,346           2,347         47         20                           J-7717 
01VE    FRANJA VERDE              2,307           2,308         47         20                           J-7718 
01VE    FRANJA VERDE              2,278           2,279         47         20                           J-7719 
01VE    FRANJA VERDE              2,150           2,151         09         20                           J-7720 
01VE    FRANJA VERDE              2,461           2,462         09         20                           J-7721 
01VE    FRANJA VERDE              2,216           2,217         09         20                           J-7722 
01VE    FRANJA VERDE              2,340           2,341         21         20                           J-7723 
01VE    FRANJA VERDE              2,364           2,365         21         20                           J-7724 
01VE    FRANJA VERDE              2,435           2,436         21         20                           J-7725 
01VE    FRANJA VERDE              2,432           2,433         21         20                           J-7726 
01VE    FRANJA VERDE              2,459           2,460         21         20                           J-7727 


------------------------------------------------------------------------------------------------------------------------
T.SUB-LOTES              TOT.PAQUETES =83      TOT.UNID. = 1660   T/P NETO (kg) = 199,858      T/P BRUTO (kg) = 199,941
------------------------------------------------------------------------------------------------------------------------
