
EMPRESA NACIONAL DE MINERIA (ENM) PRODUCTOR          PACKING LIST                             PAG.  :   1
NATIONAL MINING COMPANY                       CODIGO DE LOTE   : B-1801                      FECHA :15/04/2021
                                              -----------------------------
FLUJO        : 
DESCRIPCION  : CATODOS EW EL SALADO
N° INSTR. DE EMBARQUE : 26611
CLIENTE      : SERVICARGO INTERNACIONAL S.A.
Lote Sipa    : 21020527

----------------------------------------------------------------------------------------------------------------------------- 
MARCA       DESCRIPCION         PESO NETO      PESO BRUTO     GRUPO     UNIDADES       UBICACION         SERIE                
-----------------------------------------------------------------------------------------------------------------------------

01RJ    FRANJA ROJA               2,000           2,001                    78                           B-1801 
01RJ    FRANJA ROJA               1,974           1,975                    82                           B-1802 
01RJ    FRANJA ROJA               2,013           2,014                    80                           B-1803 
01RJ    FRANJA ROJA               1,981           1,982                    80                           B-1804 
01RJ    FRANJA ROJA               1,980           1,981                    84                           B-1805 
01RJ    FRANJA ROJA               1,976           1,977                    79                           B-1806 
01RJ    FRANJA ROJA               2,032           2,033                    85                           B-1807 
01RJ    FRANJA ROJA               1,970           1,971                    77                           B-1808 
01RJ    FRANJA ROJA               1,957           1,958                    83                           B-1809 
01RJ    FRANJA ROJA               1,951           1,952                    88                           B-1810 
01RJ    FRANJA ROJA               1,978           1,979                    79                           B-1811 
01RJ    FRANJA ROJA               2,032           2,033                    73                           B-1812 
01RJ    FRANJA ROJA               1,946           1,947                    87                           B-1813 


------------------------------------------------------------------------------------------------------------------------
T.SUB-LOTES              TOT.PAQUETES =13      TOT.UNID. = 1055   T/P NETO (kg) = 25,790      T/P BRUTO (kg) = 25,803
------------------------------------------------------------------------------------------------------------------------
