
EMPRESA NACIONAL DE MINERIA (ENM) PRODUCTOR          PACKING LIST                             PAG.  :   1
NATIONAL MINING COMPANY                       CODIGO DE LOTE   : J-15596                      FECHA :05/11/2021
                                              -----------------------------
FLUJO        : 
DESCRIPCION  : CATODOS GRADO A
N° INSTR. DE EMBARQUE : 27020
CLIENTE      : CLIFORD MAERSK
Lote Sipa    : 21100451

----------------------------------------------------------------------------------------------------------------------------- 
MARCA       DESCRIPCION         PESO NETO      PESO BRUTO     GRUPO     UNIDADES       UBICACION         SERIE                
-----------------------------------------------------------------------------------------------------------------------------

02NA    DOS FRANJAS NARANJAS      2,384           2,385         45         20                           J-15596
02NA    DOS FRANJAS NARANJAS      2,093           2,094         33         20                           J-15597
02NA    DOS FRANJAS NARANJAS      2,409           2,410         33         20                           J-15598
02NA    DOS FRANJAS NARANJAS      2,369           2,370         33         20                           J-15599
02NA    DOS FRANJAS NARANJAS      2,363           2,364         33         20                           J-15600
02NA    DOS FRANJAS NARANJAS      2,489           2,490         33         20                           J-15601
02NA    DOS FRANJAS NARANJAS      2,533           2,534         45         20                           J-15602
02NA    DOS FRANJAS NARANJAS      2,448           2,449         16         20                           J-15603
02NA    DOS FRANJAS NARANJAS      2,463           2,464         16         20                           J-15604
02NA    DOS FRANJAS NARANJAS      2,131           2,132         45         20                           J-15605
02NA    DOS FRANJAS NARANJAS      2,472           2,473         45         20                           J-15606
02NA    DOS FRANJAS NARANJAS      2,411           2,412         45         20                           J-15607
02NA    DOS FRANJAS NARANJAS      1,993           1,994         45         20                           J-15608
02NA    DOS FRANJAS NARANJAS      2,395           2,396         20         20                           J-15609
02NA    DOS FRANJAS NARANJAS      2,477           2,478         45         20                           J-15610
02NA    DOS FRANJAS NARANJAS      2,189           2,190         45         20                           J-15611
02NA    DOS FRANJAS NARANJAS      2,535           2,536         45         20                           J-15612
02NA    DOS FRANJAS NARANJAS      2,425           2,426         45         20                           J-15613
02NA    DOS FRANJAS NARANJAS      2,472           2,473         20         20                           J-15614
02NA    DOS FRANJAS NARANJAS      2,515           2,516         45         20                           J-15615
02NA    DOS FRANJAS NARANJAS      2,457           2,458         45         20                           J-15616
02NA    DOS FRANJAS NARANJAS      2,452           2,453         20         20                           J-15617
02NA    DOS FRANJAS NARANJAS      2,373           2,374         16         20                           J-15618
02NA    DOS FRANJAS NARANJAS      2,392           2,393         45         20                           J-15619
02NA    DOS FRANJAS NARANJAS      2,378           2,379         20         20                           J-15620
02NA    DOS FRANJAS NARANJAS      2,182           2,183         20         20                           J-15621
02NA    DOS FRANJAS NARANJAS      2,453           2,454         45         20                           J-15622
02NA    DOS FRANJAS NARANJAS      2,469           2,470         45         20                           J-15623
02NA    DOS FRANJAS NARANJAS      2,425           2,426         16         20                           J-15624
02NA    DOS FRANJAS NARANJAS      2,509           2,510         42         20                           J-15625
02NA    DOS FRANJAS NARANJAS      2,502           2,503         29         20                           J-15626
02NA    DOS FRANJAS NARANJAS      2,407           2,408         33         20                           J-15627
02NA    DOS FRANJAS NARANJAS      2,458           2,459         33         20                           J-15628
02NA    DOS FRANJAS NARANJAS      2,459           2,460         45         20                           J-15629
02NA    DOS FRANJAS NARANJAS      2,441           2,442         45         20                           J-15630
02NA    DOS FRANJAS NARANJAS      2,433           2,434         16         20                           J-15631
02NA    DOS FRANJAS NARANJAS      2,396           2,397         45         20                           J-15632
02NA    DOS FRANJAS NARANJAS      2,485           2,486         45         20                           J-15633
02NA    DOS FRANJAS NARANJAS      2,295           2,296         45         20                           J-15634
02NA    DOS FRANJAS NARANJAS      2,461           2,462         45         20                           J-15635
02NA    DOS FRANJAS NARANJAS      2,307           2,308         45         20                           J-15636
02NA    DOS FRANJAS NARANJAS      2,215           2,216         45         20                           J-15637
02NA    DOS FRANJAS NARANJAS      2,061           2,062         45         20                           J-15638
02NA    DOS FRANJAS NARANJAS      2,387           2,388         45         20                           J-15639
02NA    DOS FRANJAS NARANJAS      2,394           2,395         45         20                           J-15640









EMPRESA NACIONAL DE MINERIA (ENM) PRODUCTOR          PACKING LIST                             PAG.  :   2
NATIONAL MINING COMPANY                       CODIGO DE LOTE   : J-15596                      FECHA :05/11/2021
                                              -----------------------------
FLUJO        : 
DESCRIPCION  : CATODOS GRADO A
N° INSTR. DE EMBARQUE : 27020
CLIENTE      : CLIFORD MAERSK
Lote Sipa    : 21100451

----------------------------------------------------------------------------------------------------------------------------- 
MARCA       DESCRIPCION         PESO NETO      PESO BRUTO     GRUPO     UNIDADES       UBICACION         SERIE                
-----------------------------------------------------------------------------------------------------------------------------

02NA    DOS FRANJAS NARANJAS      2,473           2,474         16         20                           J-15641
02NA    DOS FRANJAS NARANJAS      2,618           2,619         45         20                           J-15642
02NA    DOS FRANJAS NARANJAS      2,421           2,422         45         20                           J-15643
02NA    DOS FRANJAS NARANJAS      2,304           2,305         45         20                           J-15644
02NA    DOS FRANJAS NARANJAS      2,464           2,465         45         20                           J-15645
02NA    DOS FRANJAS NARANJAS      2,433           2,434         45         20                           J-15646
02NA    DOS FRANJAS NARANJAS      2,437           2,438         45         20                           J-15647
02NA    DOS FRANJAS NARANJAS      2,345           2,346         45         20                           J-15648
02NA    DOS FRANJAS NARANJAS      2,457           2,458         45         20                           J-15649
02NA    DOS FRANJAS NARANJAS      2,459           2,460         33         20                           J-15650
02NA    DOS FRANJAS NARANJAS      2,506           2,507         33         20                           J-15651
02NA    DOS FRANJAS NARANJAS      2,463           2,464         45         20                           J-15652
02NA    DOS FRANJAS NARANJAS      2,461           2,462         16         20                           J-15653
02NA    DOS FRANJAS NARANJAS      2,135           2,136         45         20                           J-15654
02NA    DOS FRANJAS NARANJAS      2,437           2,438         45         20                           J-15655
02NA    DOS FRANJAS NARANJAS      2,423           2,424         45         20                           J-15656
02NA    DOS FRANJAS NARANJAS      2,367           2,368         20         20                           J-15657
02NA    DOS FRANJAS NARANJAS      2,277           2,278         45         20                           J-15658
02NA    DOS FRANJAS NARANJAS      2,515           2,516         33         20                           J-15659
02NA    DOS FRANJAS NARANJAS      2,488           2,489         45         20                           J-15660
02NA    DOS FRANJAS NARANJAS      2,267           2,268         45         20                           J-15661
02NA    DOS FRANJAS NARANJAS      2,013           2,014         45         20                           J-15662
02NA    DOS FRANJAS NARANJAS      2,212           2,213         45         20                           J-15663
02NA    DOS FRANJAS NARANJAS      2,495           2,496         45         20                           J-15664
02NA    DOS FRANJAS NARANJAS      2,490           2,491         45         20                           J-15665
02NA    DOS FRANJAS NARANJAS      2,373           2,374         45         20                           J-15666
02NA    DOS FRANJAS NARANJAS      2,422           2,423         45         20                           J-15667
02NA    DOS FRANJAS NARANJAS      2,487           2,488         45         20                           J-15668
02NA    DOS FRANJAS NARANJAS      2,527           2,528         45         20                           J-15669
02NA    DOS FRANJAS NARANJAS      2,509           2,510         33         20                           J-15670
02NA    DOS FRANJAS NARANJAS      2,489           2,490         45         20                           J-15671
02NA    DOS FRANJAS NARANJAS      2,554           2,555         45         20                           J-15672
02NA    DOS FRANJAS NARANJAS      2,536           2,537         45         20                           J-15673
02NA    DOS FRANJAS NARANJAS      2,583           2,584         45         20                           J-15674
02NA    DOS FRANJAS NARANJAS      2,537           2,538         20         20                           J-15675
02NA    DOS FRANJAS NARANJAS      2,545           2,546         20         20                           J-15676
02NA    DOS FRANJAS NARANJAS      2,543           2,544         45         20                           J-15677
02NA    DOS FRANJAS NARANJAS      2,539           2,540         45         20                           J-15678


------------------------------------------------------------------------------------------------------------------------
T.SUB-LOTES              TOT.PAQUETES =83      TOT.UNID. = 1660   T/P NETO (kg) = 199,961      T/P BRUTO (kg) = 200,044
------------------------------------------------------------------------------------------------------------------------
