
EMPRESA NACIONAL DE MINERIA (ENM) PRODUCTOR          PACKING LIST                             PAG.  :   1
NATIONAL MINING COMPANY                       CODIGO DE LOTE   : G-17040                      FECHA :07/08/2018
                                              -----------------------------
FLUJO        : 
DESCRIPCION  : CATODOS GRADO A
N° INSTR. DE EMBARQUE : 24698
CLIENTE      : LAURA MAERSK
Lote Sipa    : 

----------------------------------------------------------------------------------------------------------------------------- 
MARCA       DESCRIPCION         PESO NETO      PESO BRUTO     GRUPO     UNIDADES       UBICACION         SERIE                
-----------------------------------------------------------------------------------------------------------------------------

V0CE    V CELESTE                 2,298           2,299         03         20                           G-17040
V0CE    V CELESTE                 2,333           2,334         03         20                           G-17041
V0CE    V CELESTE                 2,447           2,448         03         20                           G-17042
V0CE    V CELESTE                 2,370           2,371         03         20                           G-17043
V0CE    V CELESTE                 2,415           2,416         03         20                           G-17044
V0CE    V CELESTE                 2,371           2,372         03         20                           G-17045
V0CE    V CELESTE                 2,461           2,462         03         20                           G-17046
V0CE    V CELESTE                 2,419           2,420         03         20                           G-17047
V0CE    V CELESTE                 2,448           2,449         03         20                           G-17048
V0CE    V CELESTE                 2,372           2,373         03         20                           G-17049
V0CE    V CELESTE                 2,393           2,394         03         20                           G-17050
V0CE    V CELESTE                 2,289           2,290         03         20                           G-17051
V0CE    V CELESTE                 2,373           2,374         03         20                           G-17052
V0CE    V CELESTE                 2,416           2,417         03         20                           G-17053
V0CE    V CELESTE                 2,292           2,293         23         20                           G-17054
V0CE    V CELESTE                 2,303           2,304         23         20                           G-17055
V0CE    V CELESTE                 2,363           2,364         03         20                           G-17056
V0CE    V CELESTE                 2,346           2,347         03         20                           G-17057
V0CE    V CELESTE                 2,280           2,281         03         20                           G-17058
V0CE    V CELESTE                 2,482           2,483         03         20                           G-17059
V0CE    V CELESTE                 2,241           2,242         03         20                           G-17060
V0CE    V CELESTE                 2,229           2,230         03         20                           G-17061
V0CE    V CELESTE                 2,455           2,456         03         20                           G-17062
V0CE    V CELESTE                 2,419           2,420         03         20                           G-17063
V0CE    V CELESTE                 2,438           2,439         23         20                           G-17064
V0CE    V CELESTE                 2,491           2,492         23         20                           G-17065
V0CE    V CELESTE                 2,443           2,444         23         20                           G-17066
V0CE    V CELESTE                 2,305           2,306         23         20                           G-17067
V0CE    V CELESTE                 2,400           2,401         23         20                           G-17068
V0CE    V CELESTE                 2,297           2,298         23         20                           G-17069
V0CE    V CELESTE                 2,350           2,351         23         20                           G-17070
V0CE    V CELESTE                 2,514           2,515         23         20                           G-17071
V0CE    V CELESTE                 2,259           2,260         23         20                           G-17072
V0CE    V CELESTE                 2,244           2,245         23         20                           G-17073
V0CE    V CELESTE                 2,162           2,163         03         20                           G-17074
V0CE    V CELESTE                 2,500           2,501         03         20                           G-17075
V0CE    V CELESTE                 2,113           2,114         03         20                           G-17076
V0CE    V CELESTE                 2,474           2,475         23         20                           G-17077
V0CE    V CELESTE                 2,191           2,192         03         20                           G-17078
V0CE    V CELESTE                 2,441           2,442         03         20                           G-17079
V0CE    V CELESTE                 2,426           2,427         03         20                           G-17080
V0CE    V CELESTE                 2,366           2,367         03         20                           G-17081
V0CE    V CELESTE                 2,256           2,257         03         20                           G-17082
V0CE    V CELESTE                 2,345           2,346         03         20                           G-17083
V0CE    V CELESTE                 2,410           2,411         03         20                           G-17084









EMPRESA NACIONAL DE MINERIA (ENM) PRODUCTOR          PACKING LIST                             PAG.  :   2
NATIONAL MINING COMPANY                       CODIGO DE LOTE   : G-17040                      FECHA :07/08/2018
                                              -----------------------------
FLUJO        : 
DESCRIPCION  : CATODOS GRADO A
N° INSTR. DE EMBARQUE : 24698
CLIENTE      : LAURA MAERSK
Lote Sipa    : 

----------------------------------------------------------------------------------------------------------------------------- 
MARCA       DESCRIPCION         PESO NETO      PESO BRUTO     GRUPO     UNIDADES       UBICACION         SERIE                
-----------------------------------------------------------------------------------------------------------------------------

V0CE    V CELESTE                 2,389           2,390         03         20                           G-17085
V0CE    V CELESTE                 2,418           2,419         03         20                           G-17086
V0CE    V CELESTE                 2,273           2,274         03         20                           G-17087
V0CE    V CELESTE                 2,350           2,351         03         20                           G-17088
V0CE    V CELESTE                 2,498           2,499         03         20                           G-17089
V0CE    V CELESTE                 2,285           2,286         03         20                           G-17090
V0CE    V CELESTE                 2,476           2,477         03         20                           G-17091
V0CE    V CELESTE                 2,264           2,265         03         20                           G-17092
V0CE    V CELESTE                 2,472           2,473         03         20                           G-17093
V0CE    V CELESTE                 2,311           2,312         03         20                           G-17094
V0CE    V CELESTE                 2,488           2,489         03         20                           G-17095
V0CE    V CELESTE                 2,349           2,350         03         20                           G-17096
V0CE    V CELESTE                 2,305           2,306         03         20                           G-17097
V0CE    V CELESTE                 2,372           2,373         03         20                           G-17098
V0CE    V CELESTE                 2,409           2,410         23         20                           G-17099
V0CE    V CELESTE                 2,303           2,304         23         20                           G-17100
V0CE    V CELESTE                 2,301           2,302         23         20                           G-17101
V0CE    V CELESTE                 2,480           2,481         23         20                           G-17102
V0CE    V CELESTE                 2,400           2,401         23         20                           G-17103
V0CE    V CELESTE                 2,478           2,479         28         20                           G-17104
V0CE    V CELESTE                 2,387           2,388         28         20                           G-17105
V0CE    V CELESTE                 2,390           2,391         28         20                           G-17106
V0CE    V CELESTE                 2,372           2,373         29         20                           G-17107
V0CE    V CELESTE                 2,376           2,377         29         20                           G-17108
V0CE    V CELESTE                 2,447           2,448         29         20                           G-17109
V0CE    V CELESTE                 2,412           2,413         29         20                           G-17110
V0CE    V CELESTE                 2,335           2,336         29         20                           G-17111
V0CE    V CELESTE                 2,436           2,437         29         20                           G-17112
V0CE    V CELESTE                 2,462           2,463         12         20                           G-17113
V0CE    V CELESTE                 2,334           2,335         12         20                           G-17114
V0CE    V CELESTE                 2,502           2,503         12         20                           G-17115
V0CE    V CELESTE                 2,356           2,357         12         20                           G-17116
V0CE    V CELESTE                 2,478           2,479         42         20                           G-17117
V0CE    V CELESTE                 2,337           2,338         33         20                           G-17118
V0CE    V CELESTE                 2,336           2,337         12         20                           G-17119
V0CE    V CELESTE                 2,360           2,361         12         20                           G-17120
V0CE    V CELESTE                 2,571           2,572         12         20                           G-17121
V0CE    V CELESTE                 2,382           2,383         46         20                           G-17122
V0CE    V CELESTE                 2,351           2,352         46         20                           G-17123
V0CE    V CELESTE                 2,390           2,391         12         20                           G-17124
V0CE    V CELESTE                 2,463           2,464         12         20                           G-17125
V0CE    V CELESTE                 2,297           2,298         12         20                           G-17126
V0CE    V CELESTE                 2,483           2,484         12         20                           G-17127
V0CE    V CELESTE                 2,378           2,379         33         20                           G-17128
V0CE    V CELESTE                 2,380           2,381         12         20                           G-17129









EMPRESA NACIONAL DE MINERIA (ENM) PRODUCTOR          PACKING LIST                             PAG.  :   3
NATIONAL MINING COMPANY                       CODIGO DE LOTE   : G-17040                      FECHA :07/08/2018
                                              -----------------------------
FLUJO        : 
DESCRIPCION  : CATODOS GRADO A
N° INSTR. DE EMBARQUE : 24698
CLIENTE      : LAURA MAERSK
Lote Sipa    : 

----------------------------------------------------------------------------------------------------------------------------- 
MARCA       DESCRIPCION         PESO NETO      PESO BRUTO     GRUPO     UNIDADES       UBICACION         SERIE                
-----------------------------------------------------------------------------------------------------------------------------

V0CE    V CELESTE                 2,507           2,508         12         20                           G-17130
V0CE    V CELESTE                 2,501           2,502         12         20                           G-17131
V0CE    V CELESTE                 2,422           2,423         33         20                           G-17132
V0CE    V CELESTE                 2,530           2,531         12         20                           G-17133
V0CE    V CELESTE                 2,303           2,304         12         20                           G-17134
V0CE    V CELESTE                 2,415           2,416         12         20                           G-17135
V0CE    V CELESTE                 2,305           2,306         04         20                           G-17136
V0CE    V CELESTE                 2,479           2,480         12         20                           G-17137
V0CE    V CELESTE                 2,409           2,410         12         20                           G-17138
V0CE    V CELESTE                 2,347           2,348         33         20                           G-17139
V0CE    V CELESTE                 2,472           2,473         12         20                           G-17140
V0CE    V CELESTE                 2,352           2,353         04         20                           G-17141
V0CE    V CELESTE                 2,389           2,390         12         20                           G-17142
V0CE    V CELESTE                 2,305           2,306         04         20                           G-17143
V0CE    V CELESTE                 2,351           2,352         33         20                           G-17144
V0CE    V CELESTE                 2,545           2,546         12         20                           G-17145
V0CE    V CELESTE                 2,334           2,335         33         20                           G-17146
V0CE    V CELESTE                 2,461           2,462         33         20                           G-17147
V0CE    V CELESTE                 2,422           2,423         12         20                           G-17148
V0CE    V CELESTE                 2,484           2,485         12         20                           G-17149
V0CE    V CELESTE                 2,322           2,323         04         20                           G-17150
V0CE    V CELESTE                 2,473           2,474         33         20                           G-17151
V0CE    V CELESTE                 2,405           2,406         04         20                           G-17152
V0CE    V CELESTE                 2,239           2,240         04         20                           G-17153
V0CE    V CELESTE                 2,455           2,456         12         20                           G-17154
V0CE    V CELESTE                 2,555           2,556         12         20                           G-17155
V0CE    V CELESTE                 2,356           2,357         04         20                           G-17156
V0CE    V CELESTE                 2,352           2,353         04         20                           G-17157
V0CE    V CELESTE                 2,275           2,276         04         20                           G-17158
V0CE    V CELESTE                 2,321           2,322         04         20                           G-17159
V0CE    V CELESTE                 2,301           2,302         04         20                           G-17160
V0CE    V CELESTE                 2,234           2,235         33         20                           G-17161
V0CE    V CELESTE                 2,313           2,314         04         20                           G-17162
V0CE    V CELESTE                 2,163           2,164         04         20                           G-17163
V0CE    V CELESTE                 2,470           2,471         33         20                           G-17164
V0CE    V CELESTE                 2,464           2,465         04         20                           G-17165


------------------------------------------------------------------------------------------------------------------------
T.SUB-LOTES              TOT.PAQUETES =126      TOT.UNID. = 2520   T/P NETO (kg) = 299,907      T/P BRUTO (kg) = 300,033
------------------------------------------------------------------------------------------------------------------------
