
EMPRESA NACIONAL DE MINERIA (ENM) PRODUCTOR          PACKING LIST                             PAG.  :   1
NATIONAL MINING COMPANY                       CODIGO DE LOTE   : E-13570                      FECHA :07/06/2018
                                              -----------------------------
FLUJO        : 
DESCRIPCION  : CATODOS GRADO A
N° INSTR. DE EMBARQUE : 24532
CLIENTE      : NORDIC MACAU
Lote Sipa    : 

----------------------------------------------------------------------------------------------------------------------------- 
MARCA       DESCRIPCION         PESO NETO      PESO BRUTO     GRUPO     UNIDADES       UBICACION         SERIE                
-----------------------------------------------------------------------------------------------------------------------------

02NA    DOS FRANJAS NARANJAS      2,386           2,387         29         20                           E-13570
02NA    DOS FRANJAS NARANJAS      2,472           2,473         37         20                           E-13571
02NA    DOS FRANJAS NARANJAS      2,448           2,449         29         20                           E-13572
02NA    DOS FRANJAS NARANJAS      2,440           2,441         29         20                           E-13573
02NA    DOS FRANJAS NARANJAS      2,323           2,324         29         20                           E-13574
02NA    DOS FRANJAS NARANJAS      2,570           2,571         37         20                           E-13575
02NA    DOS FRANJAS NARANJAS      2,514           2,515         29         20                           E-13576
02NA    DOS FRANJAS NARANJAS      2,117           2,118         10         20                           E-13577
02NA    DOS FRANJAS NARANJAS      2,216           2,217         10         20                           E-13578
02NA    DOS FRANJAS NARANJAS      2,384           2,385         29         20                           E-13579
02NA    DOS FRANJAS NARANJAS      2,561           2,562         29         20                           E-13580
02NA    DOS FRANJAS NARANJAS      2,043           2,044         10         20                           E-13581
02NA    DOS FRANJAS NARANJAS      2,614           2,615         37         20                           E-13582
02NA    DOS FRANJAS NARANJAS      2,276           2,277         10         20                           E-13583
02NA    DOS FRANJAS NARANJAS      2,568           2,569         37         20                           E-13584
02NA    DOS FRANJAS NARANJAS      2,590           2,591         37         20                           E-13585
02NA    DOS FRANJAS NARANJAS      2,149           2,150         10         20                           E-13586
02NA    DOS FRANJAS NARANJAS      2,070           2,071         10         20                           E-13587
02NA    DOS FRANJAS NARANJAS      2,569           2,570         29         20                           E-13588
02NA    DOS FRANJAS NARANJAS      2,597           2,598         29         20                           E-13589
02NA    DOS FRANJAS NARANJAS      2,575           2,576         29         20                           E-13590
02NA    DOS FRANJAS NARANJAS      2,049           2,050         10         20                           E-13591
02NA    DOS FRANJAS NARANJAS      2,542           2,543         29         20                           E-13592
02NA    DOS FRANJAS NARANJAS      2,472           2,473         29         20                           E-13593
02NA    DOS FRANJAS NARANJAS      2,013           2,014         10         20                           E-13594
02NA    DOS FRANJAS NARANJAS      2,552           2,553         29         20                           E-13595
02NA    DOS FRANJAS NARANJAS      2,353           2,354         37         20                           E-13596
02NA    DOS FRANJAS NARANJAS      2,433           2,434         37         20                           E-13597
02NA    DOS FRANJAS NARANJAS      2,467           2,468         37         20                           E-13598
02NA    DOS FRANJAS NARANJAS      2,346           2,347         29         20                           E-13599
02NA    DOS FRANJAS NARANJAS      2,454           2,455         29         20                           E-13600
02NA    DOS FRANJAS NARANJAS      2,523           2,524         29         20                           E-13601
02NA    DOS FRANJAS NARANJAS      2,525           2,526         37         20                           E-13602
02NA    DOS FRANJAS NARANJAS      2,460           2,461         37         20                           E-13603
02NA    DOS FRANJAS NARANJAS      2,525           2,526         37         20                           E-13604
02NA    DOS FRANJAS NARANJAS      2,405           2,406         29         20                           E-13605
02NA    DOS FRANJAS NARANJAS      2,495           2,496         29         20                           E-13606
02NA    DOS FRANJAS NARANJAS      2,575           2,576         37         20                           E-13607
02NA    DOS FRANJAS NARANJAS      2,296           2,297         37         20                           E-13608
02NA    DOS FRANJAS NARANJAS      2,482           2,483         05         20                           E-13609
02NA    DOS FRANJAS NARANJAS      2,528           2,529         37         20                           E-13610
02NA    DOS FRANJAS NARANJAS      2,441           2,442         37         20                           E-13611
02NA    DOS FRANJAS NARANJAS      2,463           2,464         37         20                           E-13612
02NA    DOS FRANJAS NARANJAS      2,514           2,515         05         20                           E-13613
02NA    DOS FRANJAS NARANJAS      2,377           2,378         37         20                           E-13614









EMPRESA NACIONAL DE MINERIA (ENM) PRODUCTOR          PACKING LIST                             PAG.  :   2
NATIONAL MINING COMPANY                       CODIGO DE LOTE   : E-13570                      FECHA :07/06/2018
                                              -----------------------------
FLUJO        : 
DESCRIPCION  : CATODOS GRADO A
N° INSTR. DE EMBARQUE : 24532
CLIENTE      : NORDIC MACAU
Lote Sipa    : 

----------------------------------------------------------------------------------------------------------------------------- 
MARCA       DESCRIPCION         PESO NETO      PESO BRUTO     GRUPO     UNIDADES       UBICACION         SERIE                
-----------------------------------------------------------------------------------------------------------------------------

02NA    DOS FRANJAS NARANJAS      2,520           2,521         05         20                           E-13615
02NA    DOS FRANJAS NARANJAS      2,495           2,496         37         20                           E-13616
02NA    DOS FRANJAS NARANJAS      2,478           2,479         37         20                           E-13617
02NA    DOS FRANJAS NARANJAS      2,535           2,536         05         20                           E-13618
02NA    DOS FRANJAS NARANJAS      2,574           2,575         37         20                           E-13619
02NA    DOS FRANJAS NARANJAS      2,495           2,496         37         20                           E-13620
02NA    DOS FRANJAS NARANJAS      2,456           2,457         05         20                           E-13621
02NA    DOS FRANJAS NARANJAS      2,360           2,361         29         20                           E-13622
02NA    DOS FRANJAS NARANJAS      2,560           2,561         29         20                           E-13623
02NA    DOS FRANJAS NARANJAS      2,365           2,366         29         20                           E-13624
02NA    DOS FRANJAS NARANJAS      2,355           2,356         29         20                           E-13625
02NA    DOS FRANJAS NARANJAS      2,306           2,307         29         20                           E-13626
02NA    DOS FRANJAS NARANJAS      2,150           2,151         29         20                           E-13627
02NA    DOS FRANJAS NARANJAS      2,304           2,305         29         20                           E-13628
02NA    DOS FRANJAS NARANJAS      2,339           2,340         29         20                           E-13629
02NA    DOS FRANJAS NARANJAS      2,483           2,484         29         20                           E-13630
02NA    DOS FRANJAS NARANJAS      2,450           2,451         37         20                           E-13631


------------------------------------------------------------------------------------------------------------------------
T.SUB-LOTES              TOT.PAQUETES =62      TOT.UNID. = 1240   T/P NETO (kg) = 149,997      T/P BRUTO (kg) = 150,059
------------------------------------------------------------------------------------------------------------------------
