
EMPRESA NACIONAL DE MINERIA (ENM) PRODUCTOR          PACKING LIST                             PAG.  :   1
NATIONAL MINING COMPANY                       CODIGO DE LOTE   : J-3341                      FECHA :23/10/2023
                                              -----------------------------
FLUJO        : 
DESCRIPCION  : CATODOS EW MATTA
N° INSTR. DE EMBARQUE :  931588
CLIENTE      : 
Lote Sipa    : 23100485

----------------------------------------------------------------------------------------------------------------------------- 
MARCA       DESCRIPCION         PESO NETO      PESO BRUTO     GRUPO     UNIDADES       UBICACION         SERIE                
-----------------------------------------------------------------------------------------------------------------------------

09AM    NUEVE FRANAJAS AMARILLA   2,029           2,030                    55                           J-3341 
09AM    NUEVE FRANAJAS AMARILLA   2,026           2,027                    44                           J-3342 
09AM    NUEVE FRANAJAS AMARILLA   2,033           2,034                    43                           J-3343 
09AM    NUEVE FRANAJAS AMARILLA   2,033           2,034                    61                           J-3344 
09AM    NUEVE FRANAJAS AMARILLA   2,046           2,047                    50                           J-3345 
09AM    NUEVE FRANAJAS AMARILLA   2,037           2,038                    43                           J-3346 
09AM    NUEVE FRANAJAS AMARILLA   2,046           2,047                    53                           J-3347 
09AM    NUEVE FRANAJAS AMARILLA   2,047           2,048                    55                           J-3348 
09AM    NUEVE FRANAJAS AMARILLA   2,038           2,039                    60                           J-3349 
09AM    NUEVE FRANAJAS AMARILLA   2,049           2,050                    47                           J-3350 
09AM    NUEVE FRANAJAS AMARILLA   2,030           2,031                    63                           J-3351 
09AM    NUEVE FRANAJAS AMARILLA   2,045           2,046                    50                           J-3352 
09AM    NUEVE FRANAJAS AMARILLA   2,048           2,049                    42                           J-3353 
09AM    NUEVE FRANAJAS AMARILLA   2,045           2,046                    40                           J-3354 


------------------------------------------------------------------------------------------------------------------------
T.SUB-LOTES              TOT.PAQUETES =14      TOT.UNID. = 706   T/P NETO (kg) = 28,552      T/P BRUTO (kg) = 28,566
------------------------------------------------------------------------------------------------------------------------
