
EMPRESA NACIONAL DE MINERIA (ENM) PRODUCTOR          PACKING LIST                             PAG.  :   1
NATIONAL MINING COMPANY                       CODIGO DE LOTE   : D-70                      FECHA :15/04/2019
                                              -----------------------------
FLUJO        : 
DESCRIPCION  : CATODOS STD 1 ER
N° INSTR. DE EMBARQUE : 57516
CLIENTE      : 
Lote Sipa    : 19040168

----------------------------------------------------------------------------------------------------------------------------- 
MARCA       DESCRIPCION         PESO NETO      PESO BRUTO     GRUPO     UNIDADES       UBICACION         SERIE                
-----------------------------------------------------------------------------------------------------------------------------

02VE    DOS FRANJAS VERDES        1,943           1,944         85         20                            D-70  
02VE    DOS FRANJAS VERDES        2,271           2,272         85         20                            D-71  
02VE    DOS FRANJAS VERDES        2,223           2,224         85         20                            D-72  
02VE    DOS FRANJAS VERDES        2,159           2,160         85         20                            D-73  
02VE    DOS FRANJAS VERDES        2,066           2,067         85         20                            D-74  
02VE    DOS FRANJAS VERDES        2,227           2,228         85         20                            D-75  
02VE    DOS FRANJAS VERDES        2,369           2,370         85         20                            D-76  
02VE    DOS FRANJAS VERDES        2,617           2,618         85         20                            D-77  
02VE    DOS FRANJAS VERDES        2,516           2,517         85         20                            D-78  
02VE    DOS FRANJAS VERDES        2,355           2,356         85         20                            D-79  
02VE    DOS FRANJAS VERDES        2,415           2,416         85         20                            D-80  
02VE    DOS FRANJAS VERDES        2,373           2,374         85         20                            D-81  
02VE    DOS FRANJAS VERDES        2,608           2,609         85         20                            D-82  
02VE    DOS FRANJAS VERDES        2,413           2,414         85         20                            D-83  
02VE    DOS FRANJAS VERDES        2,521           2,522         85         20                            D-84  
02VE    DOS FRANJAS VERDES        2,573           2,574         85         20                            D-85  
02VE    DOS FRANJAS VERDES        2,431           2,432         85         20                            D-86  
02VE    DOS FRANJAS VERDES        2,128           2,129         85         20                            D-87  
02VE    DOS FRANJAS VERDES        2,232           2,233         85         20                            D-88  
02VE    DOS FRANJAS VERDES        2,135           2,136         85         20                            D-89  
02VE    DOS FRANJAS VERDES        2,504           2,505         85         20                            D-90  
02VE    DOS FRANJAS VERDES        2,356           2,357         85         20                            D-91  
02VE    DOS FRANJAS VERDES        2,695           2,696         85         20                            D-92  
02VE    DOS FRANJAS VERDES        2,554           2,555         85         20                            D-93  
02VE    DOS FRANJAS VERDES        2,628           2,629         85         20                            D-94  
02VE    DOS FRANJAS VERDES        2,877           2,878         85         20                            D-95  
02VE    DOS FRANJAS VERDES        2,836           2,837         85         20                            D-96  
02VE    DOS FRANJAS VERDES        2,774           2,775         85         20                            D-97  
02VE    DOS FRANJAS VERDES        2,271           2,272         85         20                            D-98  
02VE    DOS FRANJAS VERDES        2,451           2,452         85         20                            D-99  
02VE    DOS FRANJAS VERDES        2,406           2,407         85         20                            D-100 
02VE    DOS FRANJAS VERDES        2,462           2,463         85         20                            D-101 
02VE    DOS FRANJAS VERDES        2,523           2,524         85         20                            D-102 
02VE    DOS FRANJAS VERDES        2,567           2,568         85         20                            D-103 
02VE    DOS FRANJAS VERDES        2,100           2,101         85         20                            D-104 
02VE    DOS FRANJAS VERDES        2,598           2,599         85         20                            D-105 
02VE    DOS FRANJAS VERDES        2,270           2,271         85         20                            D-106 
02VE    DOS FRANJAS VERDES        2,289           2,290         85         20                            D-107 
02VE    DOS FRANJAS VERDES        2,138           2,139         85         20                            D-108 
02VE    DOS FRANJAS VERDES        2,222           2,223         85         20                            D-109 
02VE    DOS FRANJAS VERDES        2,070           2,071         85         20                            D-110 
02VE    DOS FRANJAS VERDES        2,560           2,561         86         20                            D-111 
02VE    DOS FRANJAS VERDES        2,606           2,607         86         20                            D-112 
02VE    DOS FRANJAS VERDES        2,595           2,596         86         20                            D-113 
02VE    DOS FRANJAS VERDES        2,322           2,323         86         20                            D-114 









EMPRESA NACIONAL DE MINERIA (ENM) PRODUCTOR          PACKING LIST                             PAG.  :   2
NATIONAL MINING COMPANY                       CODIGO DE LOTE   : D-70                      FECHA :15/04/2019
                                              -----------------------------
FLUJO        : 
DESCRIPCION  : CATODOS STD 1 ER
N° INSTR. DE EMBARQUE : 57516
CLIENTE      : 
Lote Sipa    : 19040168

----------------------------------------------------------------------------------------------------------------------------- 
MARCA       DESCRIPCION         PESO NETO      PESO BRUTO     GRUPO     UNIDADES       UBICACION         SERIE                
-----------------------------------------------------------------------------------------------------------------------------

02VE    DOS FRANJAS VERDES        2,246           2,247         86         20                            D-115 
02VE    DOS FRANJAS VERDES        2,307           2,308         86         20                            D-116 
02VE    DOS FRANJAS VERDES        2,226           2,227         86         20                            D-117 
02VE    DOS FRANJAS VERDES        2,093           2,094         86         20                            D-118 
02VE    DOS FRANJAS VERDES        2,294           2,295         86         20                            D-119 
02VE    DOS FRANJAS VERDES        2,433           2,434         86         20                            D-120 
02VE    DOS FRANJAS VERDES        2,389           2,390         86         20                            D-121 
02VE    DOS FRANJAS VERDES        2,090           2,091         86         20                            D-122 
02VE    DOS FRANJAS VERDES        2,437           2,438         86         20                            D-123 
02VE    DOS FRANJAS VERDES        2,199           2,200         86         20                            D-124 
02VE    DOS FRANJAS VERDES        2,246           2,247         86         20                            D-125 
02VE    DOS FRANJAS VERDES        2,320           2,321         86         20                            D-126 
02VE    DOS FRANJAS VERDES        2,329           2,330         86         20                            D-127 
02VE    DOS FRANJAS VERDES        2,527           2,528         86         20                            D-128 
02VE    DOS FRANJAS VERDES        2,432           2,433         86         20                            D-129 
02VE    DOS FRANJAS VERDES        2,467           2,468         86         20                            D-130 
02VE    DOS FRANJAS VERDES        2,317           2,318         86         20                            D-131 
02VE    DOS FRANJAS VERDES        2,326           2,327         86         20                            D-132 


------------------------------------------------------------------------------------------------------------------------
T.SUB-LOTES              TOT.PAQUETES =63      TOT.UNID. = 1260   T/P NETO (kg) = 149,927      T/P BRUTO (kg) = 149,990
------------------------------------------------------------------------------------------------------------------------
