
EMPRESA NACIONAL DE MINERIA (ENM) PRODUCTOR          PACKING LIST                             PAG.  :   1
NATIONAL MINING COMPANY                       CODIGO DE LOTE   : D-9890                      FECHA :18/04/2020
                                              -----------------------------
FLUJO        : 
DESCRIPCION  : CATODOS GRADO A
N° INSTR. DE EMBARQUE : 25906
CLIENTE      : SOROE MAERSK
Lote Sipa    : 20040349

----------------------------------------------------------------------------------------------------------------------------- 
MARCA       DESCRIPCION         PESO NETO      PESO BRUTO     GRUPO     UNIDADES       UBICACION         SERIE                
-----------------------------------------------------------------------------------------------------------------------------

V1RJ    V FRANJA ROJA             2,030           2,031         23         20                           D-9890 
V1RJ    V FRANJA ROJA             2,128           2,129         34         20                           D-9891 
V1RJ    V FRANJA ROJA             2,009           2,010         23         20                           D-9892 
V1RJ    V FRANJA ROJA             2,363           2,364         30         20                           D-9893 
V1RJ    V FRANJA ROJA             2,342           2,343         30         20                           D-9894 
V1RJ    V FRANJA ROJA             2,366           2,367         30         20                           D-9895 
V1RJ    V FRANJA ROJA             2,288           2,289         30         20                           D-9896 
V1RJ    V FRANJA ROJA             2,328           2,329         34         20                           D-9897 
V1RJ    V FRANJA ROJA             2,183           2,184         34         20                           D-9898 
V1RJ    V FRANJA ROJA             2,408           2,409         34         20                           D-9899 
V1RJ    V FRANJA ROJA             2,348           2,349         30         20                           D-9900 
V1RJ    V FRANJA ROJA             2,497           2,498         23         20                           D-9901 
V1RJ    V FRANJA ROJA             2,374           2,375         30         20                           D-9902 
V1RJ    V FRANJA ROJA             2,236           2,237         30         20                           D-9903 
V1RJ    V FRANJA ROJA             1,942           1,943         23         20                           D-9904 
V1RJ    V FRANJA ROJA             2,345           2,346         34         20                           D-9905 
V1RJ    V FRANJA ROJA             2,402           2,403         30         20                           D-9906 
V1RJ    V FRANJA ROJA             2,469           2,470         23         20                           D-9907 
V1RJ    V FRANJA ROJA             2,342           2,343         23         20                           D-9908 
V1RJ    V FRANJA ROJA             2,456           2,457         33         20                           D-9909 
V1RJ    V FRANJA ROJA             2,466           2,467         34         20                           D-9910 
V1RJ    V FRANJA ROJA             2,338           2,339         34         20                           D-9911 
V1RJ    V FRANJA ROJA             2,412           2,413         23         20                           D-9912 
V1RJ    V FRANJA ROJA             2,374           2,375         23         20                           D-9913 
V1RJ    V FRANJA ROJA             2,425           2,426         34         20                           D-9914 
V1RJ    V FRANJA ROJA             2,322           2,323         23         20                           D-9915 
V1RJ    V FRANJA ROJA             2,436           2,437         34         20                           D-9916 
V1RJ    V FRANJA ROJA             2,148           2,149         23         20                           D-9917 
V1RJ    V FRANJA ROJA             2,307           2,308         34         20                           D-9918 
V1RJ    V FRANJA ROJA             2,239           2,240         23         20                           D-9919 
V1RJ    V FRANJA ROJA             2,183           2,184         34         20                           D-9920 
V1RJ    V FRANJA ROJA             2,413           2,414         23         20                           D-9921 
V1RJ    V FRANJA ROJA             2,394           2,395         23         20                           D-9922 
V1RJ    V FRANJA ROJA             2,404           2,405         30         20                           D-9923 
V1RJ    V FRANJA ROJA             2,454           2,455         23         20                           D-9924 
V1RJ    V FRANJA ROJA             2,447           2,448         23         20                           D-9925 
V1RJ    V FRANJA ROJA             2,285           2,286         23         20                           D-9926 
V1RJ    V FRANJA ROJA             2,331           2,332         34         20                           D-9927 
V1RJ    V FRANJA ROJA             2,444           2,445         34         20                           D-9928 
V1RJ    V FRANJA ROJA             2,408           2,409         34         20                           D-9929 
V1RJ    V FRANJA ROJA             2,415           2,416         23         20                           D-9930 
V1RJ    V FRANJA ROJA             2,438           2,439         34         20                           D-9931 
V1RJ    V FRANJA ROJA             2,242           2,243         23         20                           D-9932 
V1RJ    V FRANJA ROJA             2,378           2,379         34         20                           D-9933 
V1RJ    V FRANJA ROJA             1,936           1,937         34         20                           D-9934 









EMPRESA NACIONAL DE MINERIA (ENM) PRODUCTOR          PACKING LIST                             PAG.  :   2
NATIONAL MINING COMPANY                       CODIGO DE LOTE   : D-9890                      FECHA :18/04/2020
                                              -----------------------------
FLUJO        : 
DESCRIPCION  : CATODOS GRADO A
N° INSTR. DE EMBARQUE : 25906
CLIENTE      : SOROE MAERSK
Lote Sipa    : 20040349

----------------------------------------------------------------------------------------------------------------------------- 
MARCA       DESCRIPCION         PESO NETO      PESO BRUTO     GRUPO     UNIDADES       UBICACION         SERIE                
-----------------------------------------------------------------------------------------------------------------------------

V1RJ    V FRANJA ROJA             2,402           2,403         34         20                           D-9935 
V1RJ    V FRANJA ROJA             2,329           2,330         34         20                           D-9936 
V1RJ    V FRANJA ROJA             1,946           1,947         49         20                           D-9937 
V1RJ    V FRANJA ROJA             2,219           2,220         23         20                           D-9938 
V1RJ    V FRANJA ROJA             2,333           2,334         34         20                           D-9939 
V1RJ    V FRANJA ROJA             2,103           2,104         23         20                           D-9940 
V1RJ    V FRANJA ROJA             2,202           2,203         34         20                           D-9941 
V1RJ    V FRANJA ROJA             2,368           2,369         34         20                           D-9942 
V1RJ    V FRANJA ROJA             1,917           1,918         49         20                           D-9943 
V1RJ    V FRANJA ROJA             2,439           2,440         34         20                           D-9944 
V1RJ    V FRANJA ROJA             2,400           2,401         34         20                           D-9945 
V1RJ    V FRANJA ROJA             2,111           2,112         23         20                           D-9946 
V1RJ    V FRANJA ROJA             2,356           2,357         23         20                           D-9947 
V1RJ    V FRANJA ROJA             2,032           2,033         23         20                           D-9948 
V1RJ    V FRANJA ROJA             2,154           2,155         23         20                           D-9949 
V1RJ    V FRANJA ROJA             2,128           2,129         23         20                           D-9950 
V1RJ    V FRANJA ROJA             2,072           2,073         49         20                           D-9951 
V1RJ    V FRANJA ROJA             2,411           2,412         34         20                           D-9952 
V1RJ    V FRANJA ROJA             2,372           2,373         23         20                           D-9953 
V1RJ    V FRANJA ROJA             2,400           2,401         23         20                           D-9954 
V1RJ    V FRANJA ROJA             2,465           2,466         23         20                           D-9955 
V1RJ    V FRANJA ROJA             2,488           2,489         34         20                           D-9956 
V1RJ    V FRANJA ROJA             2,241           2,242         23         20                           D-9957 
V1RJ    V FRANJA ROJA             2,478           2,479         34         20                           D-9958 
V1RJ    V FRANJA ROJA             2,507           2,508         34         20                           D-9959 
V1RJ    V FRANJA ROJA             2,288           2,289         23         20                           D-9960 
V1RJ    V FRANJA ROJA             2,422           2,423         23         20                           D-9961 
V1RJ    V FRANJA ROJA             2,358           2,359         34         20                           D-9962 
V1RJ    V FRANJA ROJA             2,344           2,345         23         20                           D-9963 
V1RJ    V FRANJA ROJA             1,979           1,980         23         20                           D-9964 
V1RJ    V FRANJA ROJA             2,368           2,369         23         20                           D-9965 
V1RJ    V FRANJA ROJA             2,528           2,529         23         20                           D-9966 
V1RJ    V FRANJA ROJA             2,475           2,476         34         20                           D-9967 
V1RJ    V FRANJA ROJA             2,370           2,371         34         20                           D-9968 
V1RJ    V FRANJA ROJA             2,250           2,251         34         20                           D-9969 
V1RJ    V FRANJA ROJA             2,280           2,281         34         20                           D-9970 
V1RJ    V FRANJA ROJA             2,192           2,193         23         20                           D-9971 
V1RJ    V FRANJA ROJA             2,270           2,271         23         20                           D-9972 
V1RJ    V FRANJA ROJA             2,142           2,143         23         20                           D-9973 
V1RJ    V FRANJA ROJA             2,180           2,181         23         20                           D-9974 
V1RJ    V FRANJA ROJA             2,056           2,057         23         20                           D-9975 
V1RJ    V FRANJA ROJA             2,088           2,089         23         20                           D-9976 


------------------------------------------------------------------------------------------------------------------------
T.SUB-LOTES              TOT.PAQUETES =87      TOT.UNID. = 1740   T/P NETO (kg) = 199,958      T/P BRUTO (kg) = 200,045
------------------------------------------------------------------------------------------------------------------------
