
EMPRESA NACIONAL DE MINERIA (ENM) PRODUCTOR          PACKING LIST                             PAG.  :   1
NATIONAL MINING COMPANY                       CODIGO DE LOTE   : C-13435                      FECHA :05/04/2023
                                              -----------------------------
FLUJO        : 
DESCRIPCION  : CATODOS GRADO A
N° INSTR. DE EMBARQUE : 27897
CLIENTE      : GSL ELEFTHERIA
Lote Sipa    : 

----------------------------------------------------------------------------------------------------------------------------- 
MARCA       DESCRIPCION         PESO NETO      PESO BRUTO     GRUPO     UNIDADES       UBICACION         SERIE                
-----------------------------------------------------------------------------------------------------------------------------

01CE    FRANJA CELESTE            2,093           2,094         07         20                           C-13435
01CE    FRANJA CELESTE            2,239           2,240         07         20                           C-13436
01CE    FRANJA CELESTE            2,260           2,261         24         20                           C-13437
01CE    FRANJA CELESTE            2,173           2,174         24         20                           C-13438
01CE    FRANJA CELESTE            2,373           2,374         24         20                           C-13439
01CE    FRANJA CELESTE            2,273           2,274         24         20                           C-13440
01CE    FRANJA CELESTE            2,360           2,361         24         20                           C-13441
01CE    FRANJA CELESTE            2,225           2,226         24         20                           C-13442
01CE    FRANJA CELESTE            2,299           2,300         24         20                           C-13443
01CE    FRANJA CELESTE            2,193           2,194         24         20                           C-13444
01CE    FRANJA CELESTE            2,167           2,168         24         20                           C-13445
01CE    FRANJA CELESTE            2,261           2,262         24         20                           C-13446
01CE    FRANJA CELESTE            2,237           2,238         24         20                           C-13447
01CE    FRANJA CELESTE            2,479           2,480         24         20                           C-13448
01CE    FRANJA CELESTE            2,214           2,215         24         20                           C-13449
01CE    FRANJA CELESTE            2,271           2,272         24         20                           C-13450
01CE    FRANJA CELESTE            1,935           1,936         24         20                           C-13451
01CE    FRANJA CELESTE            2,218           2,219         24         20                           C-13452
01CE    FRANJA CELESTE            2,287           2,288         24         20                           C-13453
01CE    FRANJA CELESTE            2,147           2,148         24         20                           C-13454
01CE    FRANJA CELESTE            2,144           2,145         24         20                           C-13455
01CE    FRANJA CELESTE            2,075           2,076         30         20                           C-13456
01CE    FRANJA CELESTE            2,421           2,422         30         20                           C-13457
01CE    FRANJA CELESTE            2,411           2,412         30         20                           C-13458
01CE    FRANJA CELESTE            2,255           2,256         30         20                           C-13459
01CE    FRANJA CELESTE            2,075           2,076         24         20                           C-13460
01CE    FRANJA CELESTE            2,113           2,114         24         20                           C-13461
01CE    FRANJA CELESTE            2,321           2,322         24         20                           C-13462
01CE    FRANJA CELESTE            2,456           2,457         24         20                           C-13463
01CE    FRANJA CELESTE            2,269           2,270         07         20                           C-13464
01CE    FRANJA CELESTE            2,211           2,212         24         20                           C-13465
01CE    FRANJA CELESTE            2,412           2,413         24         20                           C-13466
01CE    FRANJA CELESTE            2,224           2,225         24         20                           C-13467
01CE    FRANJA CELESTE            2,203           2,204         24         20                           C-13468
01CE    FRANJA CELESTE            2,415           2,416         24         20                           C-13469
01CE    FRANJA CELESTE            2,327           2,328         24         20                           C-13470
01CE    FRANJA CELESTE            2,309           2,310         24         20                           C-13471
01CE    FRANJA CELESTE            2,421           2,422         24         20                           C-13472
01CE    FRANJA CELESTE            2,403           2,404         24         20                           C-13473
01CE    FRANJA CELESTE            2,297           2,298         24         20                           C-13474
01CE    FRANJA CELESTE            2,483           2,484         24         20                           C-13475
01CE    FRANJA CELESTE            2,213           2,214         24         20                           C-13476
01CE    FRANJA CELESTE            2,337           2,338         24         20                           C-13477
01CE    FRANJA CELESTE            2,411           2,412         24         20                           C-13478
01CE    FRANJA CELESTE            2,458           2,459         24         20                           C-13479









EMPRESA NACIONAL DE MINERIA (ENM) PRODUCTOR          PACKING LIST                             PAG.  :   2
NATIONAL MINING COMPANY                       CODIGO DE LOTE   : C-13435                      FECHA :05/04/2023
                                              -----------------------------
FLUJO        : 
DESCRIPCION  : CATODOS GRADO A
N° INSTR. DE EMBARQUE : 27897
CLIENTE      : GSL ELEFTHERIA
Lote Sipa    : 

----------------------------------------------------------------------------------------------------------------------------- 
MARCA       DESCRIPCION         PESO NETO      PESO BRUTO     GRUPO     UNIDADES       UBICACION         SERIE                
-----------------------------------------------------------------------------------------------------------------------------

01CE    FRANJA CELESTE            2,259           2,260         24         20                           C-13480
01CE    FRANJA CELESTE            2,451           2,452         24         20                           C-13481
01CE    FRANJA CELESTE            2,329           2,330         24         20                           C-13482
01CE    FRANJA CELESTE            2,053           2,054         24         20                           C-13483
01CE    FRANJA CELESTE            2,433           2,434         24         20                           C-13484
01CE    FRANJA CELESTE            2,423           2,424         07         20                           C-13485
01CE    FRANJA CELESTE            2,357           2,358         07         20                           C-13486
01CE    FRANJA CELESTE            2,451           2,452         07         20                           C-13487
01CE    FRANJA CELESTE            2,305           2,306         07         20                           C-13488
01CE    FRANJA CELESTE            2,367           2,368         07         20                           C-13489
01CE    FRANJA CELESTE            2,455           2,456         07         20                           C-13490
01CE    FRANJA CELESTE            2,473           2,474         07         20                           C-13491
01CE    FRANJA CELESTE            2,401           2,402         07         20                           C-13492
01CE    FRANJA CELESTE            2,303           2,304         24         20                           C-13493
01CE    FRANJA CELESTE            2,379           2,380         07         20                           C-13494
01CE    FRANJA CELESTE            2,417           2,418         07         20                           C-13495
01CE    FRANJA CELESTE            2,373           2,374         07         20                           C-13496
01CE    FRANJA CELESTE            2,449           2,450         07         20                           C-13497
01CE    FRANJA CELESTE            2,500           2,501         07         20                           C-13498
01CE    FRANJA CELESTE            2,393           2,394         07         20                           C-13499
01CE    FRANJA CELESTE            2,303           2,304         24         20                           C-13500
01CE    FRANJA CELESTE            2,064           2,065         24         20                           C-13501
01CE    FRANJA CELESTE            2,491           2,492         24         20                           C-13502
01CE    FRANJA CELESTE            2,413           2,414         40         20                           C-13503
01CE    FRANJA CELESTE            2,393           2,394         40         20                           C-13504
01CE    FRANJA CELESTE            2,261           2,262         40         20                           C-13505
01CE    FRANJA CELESTE            2,461           2,462         40         20                           C-13506
01CE    FRANJA CELESTE            2,405           2,406         24         20                           C-13507
01CE    FRANJA CELESTE            2,296           2,297         24         20                           C-13508
01CE    FRANJA CELESTE            2,415           2,416         24         20                           C-13509
01CE    FRANJA CELESTE            2,132           2,133         24         20                           C-13510
01CE    FRANJA CELESTE            2,313           2,314         24         20                           C-13511
01CE    FRANJA CELESTE            2,453           2,454         24         20                           C-13512
01CE    FRANJA CELESTE            2,373           2,374         24         20                           C-13513
01CE    FRANJA CELESTE            2,315           2,316         24         20                           C-13514
01CE    FRANJA CELESTE            2,401           2,402         24         20                           C-13515
01CE    FRANJA CELESTE            2,234           2,235         24         20                           C-13516
01CE    FRANJA CELESTE            2,459           2,460         24         20                           C-13517
01CE    FRANJA CELESTE            2,355           2,356         24         20                           C-13518
01CE    FRANJA CELESTE            2,099           2,100         24         20                           C-13519
01CE    FRANJA CELESTE            2,359           2,360         24         20                           C-13520
01CE    FRANJA CELESTE            2,062           2,063         07         20                           C-13521
01CE    FRANJA CELESTE            2,393           2,394         07         20                           C-13522
01CE    FRANJA CELESTE            2,435           2,436         07         20                           C-13523
01CE    FRANJA CELESTE            2,353           2,354         07         20                           C-13524









EMPRESA NACIONAL DE MINERIA (ENM) PRODUCTOR          PACKING LIST                             PAG.  :   3
NATIONAL MINING COMPANY                       CODIGO DE LOTE   : C-13435                      FECHA :05/04/2023
                                              -----------------------------
FLUJO        : 
DESCRIPCION  : CATODOS GRADO A
N° INSTR. DE EMBARQUE : 27897
CLIENTE      : GSL ELEFTHERIA
Lote Sipa    : 

----------------------------------------------------------------------------------------------------------------------------- 
MARCA       DESCRIPCION         PESO NETO      PESO BRUTO     GRUPO     UNIDADES       UBICACION         SERIE                
-----------------------------------------------------------------------------------------------------------------------------

01CE    FRANJA CELESTE            2,013           2,014         07         20                           C-13525
01CE    FRANJA CELESTE            2,483           2,484         24         20                           C-13526
01CE    FRANJA CELESTE            2,224           2,225         24         20                           C-13527
01CE    FRANJA CELESTE            2,091           2,092         07         20                           C-13528
01CE    FRANJA CELESTE            2,443           2,444         07         20                           C-13529
01CE    FRANJA CELESTE            2,465           2,466         07         20                           C-13530
01CE    FRANJA CELESTE            2,429           2,430         07         20                           C-13531
01CE    FRANJA CELESTE            1,981           1,982         07         20                           C-13532
01CE    FRANJA CELESTE            2,417           2,418         07         20                           C-13533
01CE    FRANJA CELESTE            1,979           1,980         07         20                           C-13534
01CE    FRANJA CELESTE            2,379           2,380         07         20                           C-13535
01CE    FRANJA CELESTE            2,416           2,417         24         20                           C-13536
01CE    FRANJA CELESTE            2,067           2,068         24         20                           C-13537
01CE    FRANJA CELESTE            2,177           2,178         07         20                           C-13538
01CE    FRANJA CELESTE            2,441           2,442         07         20                           C-13539
01CE    FRANJA CELESTE            2,469           2,470         07         20                           C-13540
01CE    FRANJA CELESTE            2,395           2,396         07         20                           C-13541
01CE    FRANJA CELESTE            2,274           2,275         07         20                           C-13542
01CE    FRANJA CELESTE            2,219           2,220         07         20                           C-13543
01CE    FRANJA CELESTE            2,424           2,425         07         20                           C-13544
01CE    FRANJA CELESTE            2,080           2,081         07         20                           C-13545
01CE    FRANJA CELESTE            2,456           2,457         07         20                           C-13546
01CE    FRANJA CELESTE            2,425           2,426         07         20                           C-13547
01CE    FRANJA CELESTE            2,451           2,452         23         20                           C-13548
01CE    FRANJA CELESTE            2,393           2,394         23         20                           C-13549
01CE    FRANJA CELESTE            2,387           2,388         23         20                           C-13550
01CE    FRANJA CELESTE            2,476           2,477         23         20                           C-13551
01CE    FRANJA CELESTE            2,235           2,236         23         20                           C-13552
01CE    FRANJA CELESTE            2,293           2,294         23         20                           C-13553
01CE    FRANJA CELESTE            2,284           2,285         23         20                           C-13554
01CE    FRANJA CELESTE            2,246           2,247         23         20                           C-13555
01CE    FRANJA CELESTE            2,330           2,331         23         20                           C-13556
01CE    FRANJA CELESTE            2,467           2,468         23         20                           C-13557
01CE    FRANJA CELESTE            2,405           2,406         23         20                           C-13558
01CE    FRANJA CELESTE            2,465           2,466         23         20                           C-13559
01CE    FRANJA CELESTE            2,447           2,448         23         20                           C-13560
01CE    FRANJA CELESTE            2,341           2,342         23         20                           C-13561
01CE    FRANJA CELESTE            2,434           2,435         23         20                           C-13562
01CE    FRANJA CELESTE            2,439           2,440         23         20                           C-13563
01CE    FRANJA CELESTE            2,451           2,452         23         20                           C-13564
01CE    FRANJA CELESTE            2,261           2,262         23         20                           C-13565
01CE    FRANJA CELESTE            2,473           2,474         23         20                           C-13566
01CE    FRANJA CELESTE            2,411           2,412         23         20                           C-13567
01CE    FRANJA CELESTE            2,430           2,431         23         20                           C-13568
01CE    FRANJA CELESTE            2,475           2,476         23         20                           C-13569









EMPRESA NACIONAL DE MINERIA (ENM) PRODUCTOR          PACKING LIST                             PAG.  :   4
NATIONAL MINING COMPANY                       CODIGO DE LOTE   : C-13435                      FECHA :05/04/2023
                                              -----------------------------
FLUJO        : 
DESCRIPCION  : CATODOS GRADO A
N° INSTR. DE EMBARQUE : 27897
CLIENTE      : GSL ELEFTHERIA
Lote Sipa    : 

----------------------------------------------------------------------------------------------------------------------------- 
MARCA       DESCRIPCION         PESO NETO      PESO BRUTO     GRUPO     UNIDADES       UBICACION         SERIE                
-----------------------------------------------------------------------------------------------------------------------------

01CE    FRANJA CELESTE            2,457           2,458         23         20                           C-13570
01CE    FRANJA CELESTE            2,421           2,422         23         20                           C-13571
01CE    FRANJA CELESTE            2,405           2,406         23         20                           C-13572
01CE    FRANJA CELESTE            2,367           2,368         23         20                           C-13573
01CE    FRANJA CELESTE            2,537           2,538         23         20                           C-13574
01CE    FRANJA CELESTE            2,344           2,345         23         20                           C-13575
01CE    FRANJA CELESTE            2,435           2,436         23         20                           C-13576
01CE    FRANJA CELESTE            2,267           2,268         23         20                           C-13577
01CE    FRANJA CELESTE            2,561           2,562         23         20                           C-13578
01CE    FRANJA CELESTE            2,362           2,363         23         20                           C-13579
01CE    FRANJA CELESTE            2,433           2,434         23         20                           C-13580
01CE    FRANJA CELESTE            2,350           2,351         23         20                           C-13581
01CE    FRANJA CELESTE            2,355           2,356         23         20                           C-13582
01CE    FRANJA CELESTE            2,475           2,476         23         20                           C-13583
01CE    FRANJA CELESTE            2,415           2,416         23         20                           C-13584
01CE    FRANJA CELESTE            2,463           2,464         23         20                           C-13585
01CE    FRANJA CELESTE            2,461           2,462         23         20                           C-13586
01CE    FRANJA CELESTE            2,231           2,232         23         20                           C-13587
01CE    FRANJA CELESTE            2,253           2,254         23         20                           C-13588
01CE    FRANJA CELESTE            2,453           2,454         23         20                           C-13589
01CE    FRANJA CELESTE            2,283           2,284         23         20                           C-13590
01CE    FRANJA CELESTE            2,212           2,213         23         20                           C-13591
01CE    FRANJA CELESTE            2,369           2,370         05         20                           C-13592
01CE    FRANJA CELESTE            2,227           2,228         25         20                           C-13593
01CE    FRANJA CELESTE            2,147           2,148         25         20                           C-13594
01CE    FRANJA CELESTE            2,119           2,120         15         20                           C-13595
01CE    FRANJA CELESTE            2,216           2,217         13         20                           C-13596
01CE    FRANJA CELESTE            2,271           2,272         13         20                           C-13597
01CE    FRANJA CELESTE            2,490           2,491         13         20                           C-13598
01CE    FRANJA CELESTE            2,423           2,424         15         20                           C-13599
01CE    FRANJA CELESTE            2,123           2,124         13         20                           C-13600
01CE    FRANJA CELESTE            2,493           2,494         13         20                           C-13601
01CE    FRANJA CELESTE            2,540           2,541         15         20                           C-13602
01CE    FRANJA CELESTE            2,024           2,025         13         20                           C-13603
01CE    FRANJA CELESTE            2,497           2,498         13         20                           C-13604
01CE    FRANJA CELESTE            2,573           2,574         15         20                           C-13605
01CE    FRANJA CELESTE            2,442           2,443         13         20                           C-13606
01CE    FRANJA CELESTE            2,473           2,474         13         20                           C-13607
01CE    FRANJA CELESTE            2,354           2,355         13         20                           C-13608
01CE    FRANJA CELESTE            2,451           2,452         13         20                           C-13609
01CE    FRANJA CELESTE            2,465           2,466         13         20                           C-13610
01CE    FRANJA CELESTE            2,458           2,459         13         20                           C-13611
01CE    FRANJA CELESTE            2,509           2,510         13         20                           C-13612
01CE    FRANJA CELESTE            2,469           2,470         13         20                           C-13613
01CE    FRANJA CELESTE            2,493           2,494         13         20                           C-13614









EMPRESA NACIONAL DE MINERIA (ENM) PRODUCTOR          PACKING LIST                             PAG.  :   5
NATIONAL MINING COMPANY                       CODIGO DE LOTE   : C-13435                      FECHA :05/04/2023
                                              -----------------------------
FLUJO        : 
DESCRIPCION  : CATODOS GRADO A
N° INSTR. DE EMBARQUE : 27897
CLIENTE      : GSL ELEFTHERIA
Lote Sipa    : 

----------------------------------------------------------------------------------------------------------------------------- 
MARCA       DESCRIPCION         PESO NETO      PESO BRUTO     GRUPO     UNIDADES       UBICACION         SERIE                
-----------------------------------------------------------------------------------------------------------------------------

01CE    FRANJA CELESTE            2,313           2,314         13         20                           C-13615
01CE    FRANJA CELESTE            2,291           2,292         13         20                           C-13616
01CE    FRANJA CELESTE            2,515           2,516         13         20                           C-13617
01CE    FRANJA CELESTE            2,411           2,412         13         20                           C-13618
01CE    FRANJA CELESTE            2,251           2,252         13         20                           C-13619
01CE    FRANJA CELESTE            2,444           2,445         13         20                           C-13620
01CE    FRANJA CELESTE            2,526           2,527         13         20                           C-13621
01CE    FRANJA CELESTE            2,298           2,299         13         20                           C-13622
01CE    FRANJA CELESTE            2,409           2,410         13         20                           C-13623
01CE    FRANJA CELESTE            2,065           2,066         13         20                           C-13624
01CE    FRANJA CELESTE            2,207           2,208         13         20                           C-13625
01CE    FRANJA CELESTE            2,509           2,510         13         20                           C-13626
01CE    FRANJA CELESTE            2,429           2,430         13         20                           C-13627
01CE    FRANJA CELESTE            2,593           2,594         13         20                           C-13628
01CE    FRANJA CELESTE            2,301           2,302         13         20                           C-13629
01CE    FRANJA CELESTE            2,499           2,500         13         20                           C-13630
01CE    FRANJA CELESTE            2,495           2,496         13         20                           C-13631
01CE    FRANJA CELESTE            2,520           2,521         13         20                           C-13632
01CE    FRANJA CELESTE            2,301           2,302         13         20                           C-13633
01CE    FRANJA CELESTE            2,537           2,538         15         20                           C-13634
01CE    FRANJA CELESTE            2,247           2,248         13         20                           C-13635
01CE    FRANJA CELESTE            2,492           2,493         13         20                           C-13636
01CE    FRANJA CELESTE            2,311           2,312         13         20                           C-13637
01CE    FRANJA CELESTE            2,483           2,484         15         20                           C-13638
01CE    FRANJA CELESTE            2,260           2,261         13         20                           C-13639
01CE    FRANJA CELESTE            2,473           2,474         15         20                           C-13640
01CE    FRANJA CELESTE            2,427           2,428         15         20                           C-13641
01CE    FRANJA CELESTE            2,428           2,429         15         20                           C-13642
01CE    FRANJA CELESTE            2,532           2,533         13         20                           C-13643
01CE    FRANJA CELESTE            2,429           2,430         13         20                           C-13644
01CE    FRANJA CELESTE            2,420           2,421         13         20                           C-13645
01CE    FRANJA CELESTE            2,471           2,472         13         20                           C-13646
01CE    FRANJA CELESTE            2,423           2,424         15         20                           C-13647


------------------------------------------------------------------------------------------------------------------------
T.SUB-LOTES              TOT.PAQUETES =213      TOT.UNID. = 4260   T/P NETO (kg) = 499,994      T/P BRUTO (kg) = 500,207
------------------------------------------------------------------------------------------------------------------------
