
EMPRESA NACIONAL DE MINERIA (ENM) PRODUCTOR          PACKING LIST                             PAG.  :   1
NATIONAL MINING COMPANY                       CODIGO DE LOTE   : B-15650                      FECHA :13/03/2019
                                              -----------------------------
FLUJO        : 
DESCRIPCION  : CATODOS GRADO A
N° INSTR. DE EMBARQUE : 25137
CLIENTE      : SM TACOMA
Lote Sipa    : 19020554

----------------------------------------------------------------------------------------------------------------------------- 
MARCA       DESCRIPCION         PESO NETO      PESO BRUTO     GRUPO     UNIDADES       UBICACION         SERIE                
-----------------------------------------------------------------------------------------------------------------------------

01BL    FRANJA BLANCA             2,462           2,463         14         20                           B-15650
01BL    FRANJA BLANCA             2,424           2,425         14         20                           B-15651
01BL    FRANJA BLANCA             2,419           2,420         14         20                           B-15652
01BL    FRANJA BLANCA             2,363           2,364         48         20                           B-15653
01BL    FRANJA BLANCA             2,437           2,438         48         20                           B-15654
01BL    FRANJA BLANCA             2,413           2,414         14         20                           B-15655
01BL    FRANJA BLANCA             2,323           2,324         48         20                           B-15656
01BL    FRANJA BLANCA             2,402           2,403         14         20                           B-15657
01BL    FRANJA BLANCA             2,447           2,448         14         20                           B-15658
01BL    FRANJA BLANCA             2,364           2,365         41         20                           B-15659
01BL    FRANJA BLANCA             2,354           2,355         41         20                           B-15660
01BL    FRANJA BLANCA             2,412           2,413         41         20                           B-15661
01BL    FRANJA BLANCA             1,988           1,989         26         20                           B-15662
01BL    FRANJA BLANCA             1,904           1,905         26         20                           B-15663
01BL    FRANJA BLANCA             1,951           1,952         26         20                           B-15664
01BL    FRANJA BLANCA             2,382           2,383         26         20                           B-15665
01BL    FRANJA BLANCA             2,436           2,437         48         20                           B-15666
01BL    FRANJA BLANCA             2,180           2,181         26         20                           B-15667
01BL    FRANJA BLANCA             2,325           2,326         26         20                           B-15668
01BL    FRANJA BLANCA             2,315           2,316         26         20                           B-15669
01BL    FRANJA BLANCA             2,048           2,049         26         20                           B-15670
01BL    FRANJA BLANCA             2,350           2,351         41         20                           B-15671
01BL    FRANJA BLANCA             2,297           2,298         41         20                           B-15672
01BL    FRANJA BLANCA             2,275           2,276         14         20                           B-15673
01BL    FRANJA BLANCA             2,276           2,277         14         20                           B-15674
01BL    FRANJA BLANCA             2,142           2,143         24         20                           B-15675
01BL    FRANJA BLANCA             2,411           2,412         41         20                           B-15676
01BL    FRANJA BLANCA             2,321           2,322         41         20                           B-15677
01BL    FRANJA BLANCA             2,246           2,247         14         20                           B-15678
01BL    FRANJA BLANCA             2,399           2,400         41         20                           B-15679
01BL    FRANJA BLANCA             2,302           2,303         41         20                           B-15680
01BL    FRANJA BLANCA             2,287           2,288         41         20                           B-15681
01BL    FRANJA BLANCA             2,223           2,224         14         20                           B-15682
01BL    FRANJA BLANCA             2,332           2,333         26         20                           B-15683
01BL    FRANJA BLANCA             2,006           2,007         26         20                           B-15684
01BL    FRANJA BLANCA             2,327           2,328         14         20                           B-15685
01BL    FRANJA BLANCA             2,393           2,394         26         20                           B-15686
01BL    FRANJA BLANCA             2,407           2,408         26         20                           B-15687
01BL    FRANJA BLANCA             2,416           2,417         41         20                           B-15688
01BL    FRANJA BLANCA             2,217           2,218         24         20                           B-15689
01BL    FRANJA BLANCA             2,214           2,215         24         20                           B-15690
01BL    FRANJA BLANCA             2,371           2,372         24         20                           B-15691
01BL    FRANJA BLANCA             2,501           2,502         41         20                           B-15692
01BL    FRANJA BLANCA             2,348           2,349         41         20                           B-15693
01BL    FRANJA BLANCA             2,305           2,306         41         20                           B-15694









EMPRESA NACIONAL DE MINERIA (ENM) PRODUCTOR          PACKING LIST                             PAG.  :   2
NATIONAL MINING COMPANY                       CODIGO DE LOTE   : B-15650                      FECHA :13/03/2019
                                              -----------------------------
FLUJO        : 
DESCRIPCION  : CATODOS GRADO A
N° INSTR. DE EMBARQUE : 25137
CLIENTE      : SM TACOMA
Lote Sipa    : 19020554

----------------------------------------------------------------------------------------------------------------------------- 
MARCA       DESCRIPCION         PESO NETO      PESO BRUTO     GRUPO     UNIDADES       UBICACION         SERIE                
-----------------------------------------------------------------------------------------------------------------------------

01BL    FRANJA BLANCA             2,432           2,433         41         20                           B-15695
01BL    FRANJA BLANCA             2,186           2,187         24         20                           B-15696
01BL    FRANJA BLANCA             2,400           2,401         41         20                           B-15697
01BL    FRANJA BLANCA             2,288           2,289         24         20                           B-15698
01BL    FRANJA BLANCA             2,348           2,349         41         20                           B-15699
01BL    FRANJA BLANCA             2,244           2,245         41         20                           B-15700
01BL    FRANJA BLANCA             2,152           2,153         26         20                           B-15701
01BL    FRANJA BLANCA             2,308           2,309         41         20                           B-15702
01BL    FRANJA BLANCA             2,397           2,398         41         20                           B-15703
01BL    FRANJA BLANCA             2,359           2,360         41         20                           B-15704
01BL    FRANJA BLANCA             2,243           2,244         24         20                           B-15705
01BL    FRANJA BLANCA             2,446           2,447         41         20                           B-15706
01BL    FRANJA BLANCA             2,366           2,367         41         20                           B-15707
01BL    FRANJA BLANCA             2,119           2,120         24         20                           B-15708
01BL    FRANJA BLANCA             2,402           2,403         41         20                           B-15709
01BL    FRANJA BLANCA             2,275           2,276         24         20                           B-15710
01BL    FRANJA BLANCA             2,050           2,051         41         20                           B-15711
01BL    FRANJA BLANCA             2,138           2,139         24         20                           B-15712
01BL    FRANJA BLANCA             2,128           2,129         14         20                           B-15713
01BL    FRANJA BLANCA             2,180           2,181         41         20                           B-15714
01BL    FRANJA BLANCA             2,333           2,334         41         20                           B-15715
01BL    FRANJA BLANCA             2,379           2,380         41         20                           B-15716
01BL    FRANJA BLANCA             2,273           2,274         24         20                           B-15717
01BL    FRANJA BLANCA             2,371           2,372         41         20                           B-15718
01BL    FRANJA BLANCA             2,306           2,307         41         20                           B-15719
01BL    FRANJA BLANCA             2,311           2,312         24         20                           B-15720
01BL    FRANJA BLANCA             2,499           2,500         41         20                           B-15721
01BL    FRANJA BLANCA             2,379           2,380         26         20                           B-15722
01BL    FRANJA BLANCA             2,390           2,391         41         20                           B-15723
01BL    FRANJA BLANCA             2,456           2,457         41         20                           B-15724
01BL    FRANJA BLANCA             2,413           2,414         41         20                           B-15725
01BL    FRANJA BLANCA             2,071           2,072         24         20                           B-15726
01BL    FRANJA BLANCA             2,424           2,425         41         20                           B-15727
01BL    FRANJA BLANCA             2,305           2,306         24         20                           B-15728
01BL    FRANJA BLANCA             2,361           2,362         41         20                           B-15729
01BL    FRANJA BLANCA             2,205           2,206         24         20                           B-15730
01BL    FRANJA BLANCA             2,408           2,409         24         20                           B-15731
01BL    FRANJA BLANCA             2,427           2,428         41         20                           B-15732
01BL    FRANJA BLANCA             2,466           2,467         41         20                           B-15733
01BL    FRANJA BLANCA             2,090           2,091         41         20                           B-15734
01BL    FRANJA BLANCA             2,087           2,088         26         20                           B-15735
01BL    FRANJA BLANCA             2,379           2,380         24         20                           B-15736
01BL    FRANJA BLANCA             2,050           2,051         24         20                           B-15737
01BL    FRANJA BLANCA             2,362           2,363         24         20                           B-15738
01BL    FRANJA BLANCA             2,333           2,334         41         20                           B-15739









EMPRESA NACIONAL DE MINERIA (ENM) PRODUCTOR          PACKING LIST                             PAG.  :   3
NATIONAL MINING COMPANY                       CODIGO DE LOTE   : B-15650                      FECHA :13/03/2019
                                              -----------------------------
FLUJO        : 
DESCRIPCION  : CATODOS GRADO A
N° INSTR. DE EMBARQUE : 25137
CLIENTE      : SM TACOMA
Lote Sipa    : 19020554

----------------------------------------------------------------------------------------------------------------------------- 
MARCA       DESCRIPCION         PESO NETO      PESO BRUTO     GRUPO     UNIDADES       UBICACION         SERIE                
-----------------------------------------------------------------------------------------------------------------------------

01BL    FRANJA BLANCA             2,410           2,411         24         20                           B-15740
01BL    FRANJA BLANCA             2,360           2,361         24         20                           B-15741
01BL    FRANJA BLANCA             2,305           2,306         14         20                           B-15742
01BL    FRANJA BLANCA             2,416           2,417         24         20                           B-15743
01BL    FRANJA BLANCA             2,409           2,410         24         20                           B-15744
01BL    FRANJA BLANCA             2,428           2,429         24         20                           B-15745
01BL    FRANJA BLANCA             2,443           2,444         24         20                           B-15746
01BL    FRANJA BLANCA             2,369           2,370         24         20                           B-15747
01BL    FRANJA BLANCA             2,289           2,290         24         20                           B-15748
01BL    FRANJA BLANCA             2,492           2,493         24         20                           B-15749
01BL    FRANJA BLANCA             2,454           2,455         24         20                           B-15750
01BL    FRANJA BLANCA             2,473           2,474         24         20                           B-15751
01BL    FRANJA BLANCA             2,380           2,381         41         20                           B-15752
01BL    FRANJA BLANCA             2,414           2,415         41         20                           B-15753
01BL    FRANJA BLANCA             2,414           2,415         26         20                           B-15754
01BL    FRANJA BLANCA             2,293           2,294         41         20                           B-15755
01BL    FRANJA BLANCA             2,338           2,339         26         20                           B-15756
01BL    FRANJA BLANCA             2,388           2,389         41         20                           B-15757
01BL    FRANJA BLANCA             2,503           2,504         09         20                           B-15758
01BL    FRANJA BLANCA             2,583           2,584         09         20                           B-15759
01BL    FRANJA BLANCA             2,369           2,370         09         20                           B-15760
01BL    FRANJA BLANCA             2,538           2,539         09         20                           B-15761
01BL    FRANJA BLANCA             2,516           2,517         09         20                           B-15762
01BL    FRANJA BLANCA             2,493           2,494         09         20                           B-15763
01BL    FRANJA BLANCA             2,438           2,439         09         20                           B-15764
01BL    FRANJA BLANCA             2,393           2,394         09         20                           B-15765
01BL    FRANJA BLANCA             2,504           2,505         09         20                           B-15766
01BL    FRANJA BLANCA             2,463           2,464         09         20                           B-15767
01BL    FRANJA BLANCA             2,448           2,449         09         20                           B-15768
01BL    FRANJA BLANCA             2,508           2,509         09         20                           B-15769
01BL    FRANJA BLANCA             2,108           2,109         09         20                           B-15770
01BL    FRANJA BLANCA             2,140           2,141         40         20                           B-15771
01BL    FRANJA BLANCA             2,186           2,187         40         20                           B-15772
01BL    FRANJA BLANCA             2,200           2,201         40         20                           B-15773
01BL    FRANJA BLANCA             2,180           2,181         40         20                           B-15774
01BL    FRANJA BLANCA             2,122           2,123         40         20                           B-15775
01BL    FRANJA BLANCA             1,999           2,000         40         20                           B-15776
01BL    FRANJA BLANCA             2,279           2,280         21         20                           B-15777
01BL    FRANJA BLANCA             2,522           2,523         21         20                           B-15778


------------------------------------------------------------------------------------------------------------------------
T.SUB-LOTES              TOT.PAQUETES =129      TOT.UNID. = 2580   T/P NETO (kg) = 299,821      T/P BRUTO (kg) = 299,950
------------------------------------------------------------------------------------------------------------------------
