
EMPRESA NACIONAL DE MINERIA (ENM) PRODUCTOR          PACKING LIST                             PAG.  :   1
NATIONAL MINING COMPANY                       CODIGO DE LOTE   : H-23470                      FECHA :03/09/2018
                                              -----------------------------
FLUJO        : 
DESCRIPCION  : RESTOS ANODOS TTE A EMBARQUE
N° INSTR. DE EMBARQUE : 56226
CLIENTE      : 
Lote Sipa    : 18080068

----------------------------------------------------------------------------------------------------------------------------- 
MARCA       DESCRIPCION         PESO NETO      PESO BRUTO     GRUPO     UNIDADES       UBICACION         SERIE                
-----------------------------------------------------------------------------------------------------------------------------

01BL    FRANJA BLANCA             1,404           1,405         1B         30                           H-23470
01BL    FRANJA BLANCA             1,355           1,356         1B         30                           H-23471
01BL    FRANJA BLANCA             1,441           1,442         1B         30                           H-23472
01BL    FRANJA BLANCA             1,269           1,270         1B         30                           H-23473
01BL    FRANJA BLANCA             1,282           1,283         1B         30                           H-23474
01BL    FRANJA BLANCA             1,285           1,286         1B         30                           H-23475
01BL    FRANJA BLANCA             1,226           1,227         1B         30                           H-23476
01BL    FRANJA BLANCA             1,396           1,397         1B         30                           H-23477
01BL    FRANJA BLANCA             1,131           1,132         1B         30                           H-23478
01BL    FRANJA BLANCA             1,463           1,464         1B         30                           H-23479
01BL    FRANJA BLANCA             1,730           1,731         1B         30                           H-23480
01BL    FRANJA BLANCA             1,439           1,440         1B         30                           H-23481
01BL    FRANJA BLANCA             1,756           1,757         1B         30                           H-23482
01BL    FRANJA BLANCA             1,433           1,434         1B         30                           H-23483
01BL    FRANJA BLANCA             1,740           1,741         1B         30                           H-23484
01BL    FRANJA BLANCA             1,494           1,495         1B         30                           H-23485
01BL    FRANJA BLANCA             1,363           1,364         1B         30                           H-23486
01BL    FRANJA BLANCA             1,396           1,397         1B         30                           H-23487
01BL    FRANJA BLANCA             1,576           1,577         1B         30                           H-23488
01BL    FRANJA BLANCA             1,684           1,685         1B         30                           H-23489
01BL    FRANJA BLANCA             1,495           1,496         1B         30                           H-23490
01BL    FRANJA BLANCA             1,225           1,226         1B         30                           H-23491
01BL    FRANJA BLANCA             1,286           1,287         1B         30                           H-23492
01BL    FRANJA BLANCA             1,794           1,795         1B         30                           H-23493
01BL    FRANJA BLANCA             1,401           1,402         1B         30                           H-23494
01BL    FRANJA BLANCA             1,374           1,375         1B         30                           H-23495
01BL    FRANJA BLANCA             1,321           1,322         1B         30                           H-23496
01BL    FRANJA BLANCA             1,308           1,309         1B         30                           H-23497
01BL    FRANJA BLANCA             1,460           1,461         1B         30                           H-23498
01BL    FRANJA BLANCA             1,571           1,572         1B         30                           H-23499
01BL    FRANJA BLANCA             1,458           1,459         1B         30                           H-23500
01BL    FRANJA BLANCA             1,634           1,635         1B         30                           H-23501
01BL    FRANJA BLANCA             1,547           1,548         1B         30                           H-23502
01BL    FRANJA BLANCA             1,611           1,612         1B         30                           H-23503
01BL    FRANJA BLANCA             1,234           1,235         1B         30                           H-23504
01BL    FRANJA BLANCA             1,480           1,481         1B         30                           H-23505
01BL    FRANJA BLANCA             1,695           1,696         1B         30                           H-23506
01BL    FRANJA BLANCA             1,725           1,726         1B         30                           H-23507
01BL    FRANJA BLANCA             1,332           1,333         1B         30                           H-23508
01BL    FRANJA BLANCA             1,410           1,411         1B         30                           H-23509
01BL    FRANJA BLANCA             1,923           1,924         1B         30                           H-23510
01BL    FRANJA BLANCA             1,630           1,631         1B         30                           H-23511
01BL    FRANJA BLANCA             1,475           1,476         1B         30                           H-23512
01BL    FRANJA BLANCA             1,617           1,618         1B         30                           H-23513
01BL    FRANJA BLANCA             1,729           1,730         1B         30                           H-23514









EMPRESA NACIONAL DE MINERIA (ENM) PRODUCTOR          PACKING LIST                             PAG.  :   2
NATIONAL MINING COMPANY                       CODIGO DE LOTE   : H-23470                      FECHA :03/09/2018
                                              -----------------------------
FLUJO        : 
DESCRIPCION  : RESTOS ANODOS TTE A EMBARQUE
N° INSTR. DE EMBARQUE : 56226
CLIENTE      : 
Lote Sipa    : 18080068

----------------------------------------------------------------------------------------------------------------------------- 
MARCA       DESCRIPCION         PESO NETO      PESO BRUTO     GRUPO     UNIDADES       UBICACION         SERIE                
-----------------------------------------------------------------------------------------------------------------------------

01BL    FRANJA BLANCA             1,348           1,349         1B         30                           H-23515
01BL    FRANJA BLANCA             1,334           1,335         1B         30                           H-23516
01BL    FRANJA BLANCA             2,009           2,010         1B         30                           H-23517
01BL    FRANJA BLANCA             1,531           1,532         1B         30                           H-23518
01BL    FRANJA BLANCA             1,532           1,533         1B         30                           H-23519
01BL    FRANJA BLANCA             1,329           1,330         1B         30                           H-23520
01BL    FRANJA BLANCA             1,457           1,458         1B         30                           H-23521
01BL    FRANJA BLANCA             1,458           1,459         1B         30                           H-23522
01BL    FRANJA BLANCA             1,176           1,177         1B         30                           H-23523
01BL    FRANJA BLANCA             1,516           1,517         1B         30                           H-23524
01BL    FRANJA BLANCA             1,187           1,188         1B         30                           H-23525
01BL    FRANJA BLANCA             1,417           1,418         1B         30                           H-23526
01BL    FRANJA BLANCA             1,271           1,272         1B         30                           H-23527
01BL    FRANJA BLANCA             1,490           1,491         1B         30                           H-23528
01BL    FRANJA BLANCA             1,212           1,213         1B         30                           H-23529
01BL    FRANJA BLANCA             1,950           1,951         1B         30                           H-23530
01BL    FRANJA BLANCA             1,383           1,384         1B         30                           H-23531
01BL    FRANJA BLANCA             1,483           1,484         1B         30                           H-23532
01BL    FRANJA BLANCA             1,227           1,228         1B         30                           H-23533
01BL    FRANJA BLANCA             2,069           2,070         1B         30                           H-23534
01BL    FRANJA BLANCA             1,525           1,526         1B         30                           H-23535
01BL    FRANJA BLANCA             2,673           2,674         1B         30                           H-23536
01BL    FRANJA BLANCA             1,279           1,280         1B         30                           H-23537
01BL    FRANJA BLANCA             2,853           2,854         1B         30                           H-23538
01BL    FRANJA BLANCA             2,679           2,680         1B         30                           H-23539
01BL    FRANJA BLANCA             1,330           1,331         1B         30                           H-23540
01BL    FRANJA BLANCA             2,827           2,828         1B         30                           H-23541
01BL    FRANJA BLANCA             1,383           1,384         1B         30                           H-23542
01BL    FRANJA BLANCA             2,551           2,552         1B         30                           H-23543
01BL    FRANJA BLANCA             2,818           2,819         1B         30                           H-23544
01BL    FRANJA BLANCA             2,102           2,103         1B         30                           H-23545
01BL    FRANJA BLANCA             1,513           1,514         1B         30                           H-23546
01BL    FRANJA BLANCA             1,533           1,534         1B         30                           H-23547
01BL    FRANJA BLANCA             2,704           2,705         1B         30                           H-23548
01BL    FRANJA BLANCA             1,615           1,616         1B         30                           H-23549
01BL    FRANJA BLANCA             1,524           1,525         1B         30                           H-23550
01BL    FRANJA BLANCA             1,436           1,437         1B         30                           H-23551
01BL    FRANJA BLANCA             1,405           1,406         1B         30                           H-23552
01BL    FRANJA BLANCA             1,853           1,854         1B         30                           H-23553
01BL    FRANJA BLANCA             1,426           1,427         1B         30                           H-23554
01BL    FRANJA BLANCA             1,445           1,446         1B         30                           H-23555
01BL    FRANJA BLANCA             2,127           2,128         1B         30                           H-23556
01BL    FRANJA BLANCA             2,280           2,281         1B         30                           H-23557
01BL    FRANJA BLANCA             1,483           1,484         1B         30                           H-23558
01BL    FRANJA BLANCA             1,380           1,381         1B         30                           H-23559









EMPRESA NACIONAL DE MINERIA (ENM) PRODUCTOR          PACKING LIST                             PAG.  :   3
NATIONAL MINING COMPANY                       CODIGO DE LOTE   : H-23470                      FECHA :03/09/2018
                                              -----------------------------
FLUJO        : 
DESCRIPCION  : RESTOS ANODOS TTE A EMBARQUE
N° INSTR. DE EMBARQUE : 56226
CLIENTE      : 
Lote Sipa    : 18080068

----------------------------------------------------------------------------------------------------------------------------- 
MARCA       DESCRIPCION         PESO NETO      PESO BRUTO     GRUPO     UNIDADES       UBICACION         SERIE                
-----------------------------------------------------------------------------------------------------------------------------

01BL    FRANJA BLANCA             1,478           1,479         1B         30                           H-23560
01BL    FRANJA BLANCA             1,412           1,413         1B         30                           H-23561
01BL    FRANJA BLANCA             1,398           1,399         1B         30                           H-23562
01BL    FRANJA BLANCA             1,370           1,371         1B         30                           H-23563
01BL    FRANJA BLANCA             1,604           1,605         1B         30                           H-23564
01BL    FRANJA BLANCA             1,543           1,544         1B         30                           H-23565
01BL    FRANJA BLANCA             2,829           2,830         1B         30                           H-23566
01BL    FRANJA BLANCA             2,701           2,702         1B         30                           H-23567
01BL    FRANJA BLANCA             1,372           1,373         1B         30                           H-23568
01BL    FRANJA BLANCA             1,530           1,531         1B         30                           H-23569
01BL    FRANJA BLANCA             1,306           1,307         1B         30                           H-23570
01BL    FRANJA BLANCA             1,335           1,336         1B         30                           H-23571
01BL    FRANJA BLANCA             1,276           1,277         1B         30                           H-23572
01BL    FRANJA BLANCA             1,339           1,340         1B         30                           H-23573
01BL    FRANJA BLANCA             1,306           1,307         1B         30                           H-23574
01BL    FRANJA BLANCA             1,375           1,376         1B         30                           H-23575
01BL    FRANJA BLANCA             1,413           1,414         1B         30                           H-23576
01BL    FRANJA BLANCA             1,320           1,321         1B         30                           H-23577
01BL    FRANJA BLANCA             1,380           1,381         1B         30                           H-23578
01BL    FRANJA BLANCA             1,180           1,181         1B         30                           H-23579
01BL    FRANJA BLANCA             1,470           1,471         1B         30                           H-23580
01BL    FRANJA BLANCA             1,520           1,521         1B         30                           H-23581
01BL    FRANJA BLANCA             1,287           1,288         1B         30                           H-23582
01BL    FRANJA BLANCA             1,350           1,351         1B         30                           H-23583
01BL    FRANJA BLANCA             1,501           1,502         1B         30                           H-23584
01BL    FRANJA BLANCA             1,414           1,415         1B         30                           H-23585
01BL    FRANJA BLANCA             1,494           1,495         1B         30                           H-23586
01BL    FRANJA BLANCA             1,421           1,422         1B         30                           H-23587
01BL    FRANJA BLANCA             1,520           1,521         1B         30                           H-23588
01BL    FRANJA BLANCA             1,587           1,588         1B         30                           H-23589
01BL    FRANJA BLANCA             1,432           1,433         1B         30                           H-23590
01BL    FRANJA BLANCA             1,344           1,345         1B         30                           H-23591
01BL    FRANJA BLANCA             1,624           1,625         1B         30                           H-23592
01BL    FRANJA BLANCA             1,510           1,511         1B         30                           H-23593
01BL    FRANJA BLANCA             1,463           1,464         1B         30                           H-23594
01BL    FRANJA BLANCA             1,453           1,454         1B         30                           H-23595
01BL    FRANJA BLANCA             1,354           1,355         1B         30                           H-23596
01BL    FRANJA BLANCA             1,500           1,501         1B         30                           H-23597
01BL    FRANJA BLANCA             1,438           1,439         1B         30                           H-23598
01BL    FRANJA BLANCA             1,376           1,377         1B         30                           H-23599
01BL    FRANJA BLANCA             1,590           1,591         1B         30                           H-23600
01BL    FRANJA BLANCA             1,578           1,579         1B         30                           H-23601
01BL    FRANJA BLANCA             1,430           1,431         1B         30                           H-23602
01BL    FRANJA BLANCA             1,665           1,666         1B         30                           H-23603
01BL    FRANJA BLANCA             1,368           1,369         1B         30                           H-23604









EMPRESA NACIONAL DE MINERIA (ENM) PRODUCTOR          PACKING LIST                             PAG.  :   4
NATIONAL MINING COMPANY                       CODIGO DE LOTE   : H-23470                      FECHA :03/09/2018
                                              -----------------------------
FLUJO        : 
DESCRIPCION  : RESTOS ANODOS TTE A EMBARQUE
N° INSTR. DE EMBARQUE : 56226
CLIENTE      : 
Lote Sipa    : 18080068

----------------------------------------------------------------------------------------------------------------------------- 
MARCA       DESCRIPCION         PESO NETO      PESO BRUTO     GRUPO     UNIDADES       UBICACION         SERIE                
-----------------------------------------------------------------------------------------------------------------------------

01BL    FRANJA BLANCA             1,629           1,630         1B         30                           H-23605
01BL    FRANJA BLANCA             1,520           1,521         1B         30                           H-23606
01BL    FRANJA BLANCA             1,315           1,316         1B         30                           H-23607
01BL    FRANJA BLANCA             1,439           1,440         1B         30                           H-23608
01BL    FRANJA BLANCA             1,592           1,593         1B         30                           H-23609
01BL    FRANJA BLANCA             1,146           1,147         1B         30                           H-23610
01BL    FRANJA BLANCA             1,598           1,599         1B         30                           H-23611
01BL    FRANJA BLANCA             1,408           1,409         1B         30                           H-23612
01BL    FRANJA BLANCA             1,399           1,400         1B         30                           H-23613
01BL    FRANJA BLANCA             1,398           1,399         1B         30                           H-23614
01BL    FRANJA BLANCA             1,358           1,359         1B         30                           H-23615
01BL    FRANJA BLANCA             1,448           1,449         1B         30                           H-23616
01BL    FRANJA BLANCA             1,199           1,200         1B         30                           H-23617
01BL    FRANJA BLANCA             1,305           1,306         1B         30                           H-23618
01BL    FRANJA BLANCA             1,392           1,393         1B         30                           H-23619
01BL    FRANJA BLANCA             1,306           1,307         1B         30                           H-23620
01BL    FRANJA BLANCA             1,234           1,235         1B         30                           H-23621
01BL    FRANJA BLANCA             1,290           1,291         1B         30                           H-23622
01BL    FRANJA BLANCA             1,375           1,376         1B         30                           H-23623
01BL    FRANJA BLANCA             1,448           1,449         1B         30                           H-23624
01BL    FRANJA BLANCA             1,159           1,160         1B         30                           H-23625
01BL    FRANJA BLANCA             1,243           1,244         1B         30                           H-23626
01BL    FRANJA BLANCA             1,131           1,132         1B         30                           H-23627
01BL    FRANJA BLANCA             1,268           1,269         1B         30                           H-23628
01BL    FRANJA BLANCA             1,315           1,316         1B         30                           H-23629
01BL    FRANJA BLANCA             1,174           1,175         1B         30                           H-23630
01BL    FRANJA BLANCA             1,351           1,352         1B         30                           H-23631
01BL    FRANJA BLANCA             1,297           1,298         1B         30                           H-23632
01BL    FRANJA BLANCA             1,345           1,346         1B         30                           H-23633


------------------------------------------------------------------------------------------------------------------------
T.SUB-LOTES              TOT.PAQUETES =164      TOT.UNID. = 4920   T/P NETO (kg) = 249,959      T/P BRUTO (kg) = 250,123
------------------------------------------------------------------------------------------------------------------------
