
EMPRESA NACIONAL DE MINERIA (ENM) PRODUCTOR          PACKING LIST                             PAG.  :   1
NATIONAL MINING COMPANY                       CODIGO DE LOTE   : A-3281                      FECHA :11/02/2019
                                              -----------------------------
FLUJO        : 
DESCRIPCION  : CATODOS EW MATTA
N° INSTR. DE EMBARQUE : 25118
CLIENTE      : COCESA                                  
Lote Sipa    : 19010948

----------------------------------------------------------------------------------------------------------------------------- 
MARCA       DESCRIPCION         PESO NETO      PESO BRUTO     GRUPO     UNIDADES       UBICACION         SERIE                
-----------------------------------------------------------------------------------------------------------------------------

02CE    DOS FRANJAS CELESTES      2,023           2,024                    49                           A-3281 
02CE    DOS FRANJAS CELESTES      2,002           2,003                    54                           A-3282 
02CE    DOS FRANJAS CELESTES      2,025           2,026                    50                           A-3283 
02CE    DOS FRANJAS CELESTES      2,013           2,014                    64                           A-3284 
02CE    DOS FRANJAS CELESTES      2,004           2,005                    65                           A-3285 
02CE    DOS FRANJAS CELESTES      2,028           2,029                    54                           A-3286 
02CE    DOS FRANJAS CELESTES      2,012           2,013                    65                           A-3287 
02CE    DOS FRANJAS CELESTES      2,020           2,021                    66                           A-3288 
02CE    DOS FRANJAS CELESTES      2,007           2,008                    66                           A-3289 
02CE    DOS FRANJAS CELESTES      2,019           2,020                    66                           A-3290 
02CE    DOS FRANJAS CELESTES      2,007           2,008                    67                           A-3291 
02CE    DOS FRANJAS CELESTES      2,005           2,006                    66                           A-3292 
02CE    DOS FRANJAS CELESTES      2,031           2,032                    66                           A-3293 
02CE    DOS FRANJAS CELESTES      2,017           2,018                    64                           A-3294 


------------------------------------------------------------------------------------------------------------------------
T.SUB-LOTES              TOT.PAQUETES =14      TOT.UNID. = 862   T/P NETO (kg) = 28,213      T/P BRUTO (kg) = 28,227
------------------------------------------------------------------------------------------------------------------------
