
EMPRESA NACIONAL DE MINERIA (ENM) PRODUCTOR          PACKING LIST                             PAG.  :   1
NATIONAL MINING COMPANY                       CODIGO DE LOTE   : I-2350                      FECHA :29/09/2022
                                              -----------------------------
FLUJO        : 
DESCRIPCION  : CATODOS EW TALTAL
N° INSTR. DE EMBARQUE : 930011
CLIENTE      : 
Lote Sipa    : 22090395

----------------------------------------------------------------------------------------------------------------------------- 
MARCA       DESCRIPCION         PESO NETO      PESO BRUTO     GRUPO     UNIDADES       UBICACION         SERIE                
-----------------------------------------------------------------------------------------------------------------------------

21NE    21 FRANJAS NEGRAS         2,003           2,004                    68                           I-2350 
21NE    21 FRANJAS NEGRAS         2,006           2,007                    80                           I-2351 
21NE    21 FRANJAS NEGRAS         2,026           2,027                    70                           I-2352 
21NE    21 FRANJAS NEGRAS         2,010           2,011                    70                           I-2353 
21NE    21 FRANJAS NEGRAS         1,996           1,997                    80                           I-2354 
21NE    21 FRANJAS NEGRAS         2,009           2,010                    72                           I-2355 
21NE    21 FRANJAS NEGRAS         2,016           2,017                    78                           I-2356 
21NE    21 FRANJAS NEGRAS         2,026           2,027                    93                           I-2357 
21NE    21 FRANJAS NEGRAS         2,007           2,008                    77                           I-2358 
21NE    21 FRANJAS NEGRAS         2,032           2,033                    86                           I-2359 
21NE    21 FRANJAS NEGRAS         2,009           2,010                    79                           I-2360 
21NE    21 FRANJAS NEGRAS         2,022           2,023                    69                           I-2361 
21NE    21 FRANJAS NEGRAS         1,999           2,000                    73                           I-2362 
21NE    21 FRANJAS NEGRAS         2,031           2,032                    92                           I-2363 


------------------------------------------------------------------------------------------------------------------------
T.SUB-LOTES              TOT.PAQUETES =14      TOT.UNID. = 1087   T/P NETO (kg) = 28,192      T/P BRUTO (kg) = 28,206
------------------------------------------------------------------------------------------------------------------------
