
EMPRESA NACIONAL DE MINERIA (ENM) PRODUCTOR          PACKING LIST                             PAG.  :   1
NATIONAL MINING COMPANY                       CODIGO DE LOTE   : G-6958                      FECHA :12/07/2022
                                              -----------------------------
FLUJO        : 
DESCRIPCION  : CATODOS GRADO A
N° INSTR. DE EMBARQUE : 27456
CLIENTE      : NORTHERN PRIORITY
Lote Sipa    : 

----------------------------------------------------------------------------------------------------------------------------- 
MARCA       DESCRIPCION         PESO NETO      PESO BRUTO     GRUPO     UNIDADES       UBICACION         SERIE                
-----------------------------------------------------------------------------------------------------------------------------

01VE    FRANJA VERDE              2,327           2,328         27         20                           G-6958 
01VE    FRANJA VERDE              2,410           2,411         27         20                           G-6959 
01VE    FRANJA VERDE              2,329           2,330         27         20                           G-6960 
01VE    FRANJA VERDE              2,201           2,202         27         20                           G-6961 
01VE    FRANJA VERDE              2,429           2,430         27         20                           G-6962 
01VE    FRANJA VERDE              2,153           2,154         27         20                           G-6963 
01VE    FRANJA VERDE              2,187           2,188         27         20                           G-6964 
01VE    FRANJA VERDE              1,988           1,989         27         20                           G-6965 
01VE    FRANJA VERDE              2,211           2,212         27         20                           G-6966 
01VE    FRANJA VERDE              2,271           2,272         34         20                           G-6967 
01VE    FRANJA VERDE              2,477           2,478         34         20                           G-6968 
01VE    FRANJA VERDE              2,359           2,360         34         20                           G-6969 
01VE    FRANJA VERDE              2,181           2,182         27         20                           G-6970 
01VE    FRANJA VERDE              2,251           2,252         27         20                           G-6971 
01VE    FRANJA VERDE              2,069           2,070         27         20                           G-6972 
01VE    FRANJA VERDE              2,075           2,076         34         20                           G-6973 
01VE    FRANJA VERDE              2,355           2,356         27         20                           G-6974 
01VE    FRANJA VERDE              2,203           2,204         34         20                           G-6975 
01VE    FRANJA VERDE              2,331           2,332         27         20                           G-6976 
01VE    FRANJA VERDE              2,395           2,396         27         20                           G-6977 
01VE    FRANJA VERDE              2,165           2,166         34         20                           G-6978 
01VE    FRANJA VERDE              2,028           2,029         34         20                           G-6979 
01VE    FRANJA VERDE              2,449           2,450         27         20                           G-6980 
01VE    FRANJA VERDE              2,381           2,382         27         20                           G-6981 
01VE    FRANJA VERDE              2,081           2,082         34         20                           G-6982 
01VE    FRANJA VERDE              2,274           2,275         34         20                           G-6983 
01VE    FRANJA VERDE              2,433           2,434         27         20                           G-6984 
01VE    FRANJA VERDE              2,233           2,234         27         20                           G-6985 
01VE    FRANJA VERDE              1,967           1,968         27         20                           G-6986 
01VE    FRANJA VERDE              2,221           2,222         34         20                           G-6987 
01VE    FRANJA VERDE              2,393           2,394         34         20                           G-6988 
01VE    FRANJA VERDE              2,119           2,120         34         20                           G-6989 
01VE    FRANJA VERDE              1,991           1,992         34         20                           G-6990 
01VE    FRANJA VERDE              2,223           2,224         34         20                           G-6991 
01VE    FRANJA VERDE              2,207           2,208         34         20                           G-6992 
01VE    FRANJA VERDE              2,096           2,097         34         20                           G-6993 
01VE    FRANJA VERDE              2,199           2,200         34         20                           G-6994 
01VE    FRANJA VERDE              2,373           2,374         34         20                           G-6995 
01VE    FRANJA VERDE              2,123           2,124         34         20                           G-6996 
01VE    FRANJA VERDE              2,218           2,219         34         20                           G-6997 
01VE    FRANJA VERDE              2,235           2,236         34         20                           G-6998 
01VE    FRANJA VERDE              2,405           2,406         34         20                           G-6999 
01VE    FRANJA VERDE              2,113           2,114         34         20                           G-7000 
01VE    FRANJA VERDE              2,256           2,257         34         20                           G-7001 
01VE    FRANJA VERDE              2,321           2,322         34         20                           G-7002 









EMPRESA NACIONAL DE MINERIA (ENM) PRODUCTOR          PACKING LIST                             PAG.  :   2
NATIONAL MINING COMPANY                       CODIGO DE LOTE   : G-6958                      FECHA :12/07/2022
                                              -----------------------------
FLUJO        : 
DESCRIPCION  : CATODOS GRADO A
N° INSTR. DE EMBARQUE : 27456
CLIENTE      : NORTHERN PRIORITY
Lote Sipa    : 

----------------------------------------------------------------------------------------------------------------------------- 
MARCA       DESCRIPCION         PESO NETO      PESO BRUTO     GRUPO     UNIDADES       UBICACION         SERIE                
-----------------------------------------------------------------------------------------------------------------------------

01VE    FRANJA VERDE              2,217           2,218         34         20                           G-7003 
01VE    FRANJA VERDE              2,346           2,347         27         20                           G-7004 
01VE    FRANJA VERDE              2,209           2,210         27         20                           G-7005 
01VE    FRANJA VERDE              1,975           1,976         34         20                           G-7006 
01VE    FRANJA VERDE              2,328           2,329         27         20                           G-7007 
01VE    FRANJA VERDE              2,208           2,209         27         20                           G-7008 
01VE    FRANJA VERDE              2,229           2,230         34         20                           G-7009 
01VE    FRANJA VERDE              2,365           2,366         42         20                           G-7010 
01VE    FRANJA VERDE              2,038           2,039         42         20                           G-7011 
01VE    FRANJA VERDE              2,143           2,144         42         20                           G-7012 
01VE    FRANJA VERDE              2,008           2,009         42         20                           G-7013 
01VE    FRANJA VERDE              2,245           2,246         42         20                           G-7014 
01VE    FRANJA VERDE              2,421           2,422         42         20                           G-7015 
01VE    FRANJA VERDE              2,025           2,026         42         20                           G-7016 
01VE    FRANJA VERDE              2,078           2,079         42         20                           G-7017 
01VE    FRANJA VERDE              2,429           2,430         42         20                           G-7018 
01VE    FRANJA VERDE              2,009           2,010         42         20                           G-7019 
01VE    FRANJA VERDE              2,025           2,026         34         20                           G-7020 
01VE    FRANJA VERDE              2,180           2,181         34         20                           G-7021 
01VE    FRANJA VERDE              2,414           2,415         42         20                           G-7022 
01VE    FRANJA VERDE              2,449           2,450         42         20                           G-7023 
01VE    FRANJA VERDE              2,001           2,002         42         20                           G-7024 
01VE    FRANJA VERDE              2,457           2,458         42         20                           G-7025 
01VE    FRANJA VERDE              2,313           2,314         42         20                           G-7026 
01VE    FRANJA VERDE              2,470           2,471         42         20                           G-7027 
01VE    FRANJA VERDE              2,373           2,374         34         20                           G-7028 
01VE    FRANJA VERDE              2,413           2,414         42         20                           G-7029 
01VE    FRANJA VERDE              2,001           2,002         42         20                           G-7030 
01VE    FRANJA VERDE              2,377           2,378         42         20                           G-7031 
01VE    FRANJA VERDE              2,355           2,356         42         20                           G-7032 
01VE    FRANJA VERDE              2,377           2,378         42         20                           G-7033 
01VE    FRANJA VERDE              2,549           2,550         34         20                           G-7034 
01VE    FRANJA VERDE              2,343           2,344         42         20                           G-7035 
01VE    FRANJA VERDE              2,323           2,324         42         20                           G-7036 
01VE    FRANJA VERDE              2,553           2,554         34         20                           G-7037 
01VE    FRANJA VERDE              2,443           2,444         42         20                           G-7038 
01VE    FRANJA VERDE              2,306           2,307         42         20                           G-7039 
01VE    FRANJA VERDE              2,419           2,420         42         20                           G-7040 
01VE    FRANJA VERDE              2,481           2,482         34         20                           G-7041 
01VE    FRANJA VERDE              2,447           2,448         34         20                           G-7042 
01VE    FRANJA VERDE              2,447           2,448         42         20                           G-7043 
01VE    FRANJA VERDE              2,349           2,350         34         20                           G-7044 
01VE    FRANJA VERDE              2,502           2,503         34         20                           G-7045 
01VE    FRANJA VERDE              2,421           2,422         42         20                           G-7046 
01VE    FRANJA VERDE              2,358           2,359         34         20                           G-7047 









EMPRESA NACIONAL DE MINERIA (ENM) PRODUCTOR          PACKING LIST                             PAG.  :   3
NATIONAL MINING COMPANY                       CODIGO DE LOTE   : G-6958                      FECHA :12/07/2022
                                              -----------------------------
FLUJO        : 
DESCRIPCION  : CATODOS GRADO A
N° INSTR. DE EMBARQUE : 27456
CLIENTE      : NORTHERN PRIORITY
Lote Sipa    : 

----------------------------------------------------------------------------------------------------------------------------- 
MARCA       DESCRIPCION         PESO NETO      PESO BRUTO     GRUPO     UNIDADES       UBICACION         SERIE                
-----------------------------------------------------------------------------------------------------------------------------

01VE    FRANJA VERDE              2,369           2,370         34         20                           G-7048 
01VE    FRANJA VERDE              2,460           2,461         42         20                           G-7049 
01VE    FRANJA VERDE              2,367           2,368         42         20                           G-7050 
01VE    FRANJA VERDE              2,364           2,365         34         20                           G-7051 
01VE    FRANJA VERDE              2,458           2,459         34         20                           G-7052 
01VE    FRANJA VERDE              2,425           2,426         34         20                           G-7053 
01VE    FRANJA VERDE              2,399           2,400         34         20                           G-7054 
01VE    FRANJA VERDE              2,519           2,520         42         20                           G-7055 
01VE    FRANJA VERDE              2,387           2,388         42         20                           G-7056 
01VE    FRANJA VERDE              2,406           2,407         42         20                           G-7057 
01VE    FRANJA VERDE              2,471           2,472         42         20                           G-7058 
01VE    FRANJA VERDE              2,491           2,492         34         20                           G-7059 
01VE    FRANJA VERDE              2,403           2,404         34         20                           G-7060 
01VE    FRANJA VERDE              2,435           2,436         34         20                           G-7061 
01VE    FRANJA VERDE              2,345           2,346         34         20                           G-7062 
01VE    FRANJA VERDE              2,354           2,355         34         20                           G-7063 
01VE    FRANJA VERDE              2,416           2,417         42         20                           G-7064 
01VE    FRANJA VERDE              2,401           2,402         42         20                           G-7065 
01VE    FRANJA VERDE              2,302           2,303         42         20                           G-7066 
01VE    FRANJA VERDE              2,485           2,486         42         20                           G-7067 
01VE    FRANJA VERDE              2,331           2,332         42         20                           G-7068 
01VE    FRANJA VERDE              2,455           2,456         42         20                           G-7069 
01VE    FRANJA VERDE              2,283           2,284         42         20                           G-7070 
01VE    FRANJA VERDE              2,484           2,485         34         20                           G-7071 
01VE    FRANJA VERDE              2,393           2,394         34         20                           G-7072 
01VE    FRANJA VERDE              2,487           2,488         34         20                           G-7073 
01VE    FRANJA VERDE              2,444           2,445         42         20                           G-7074 
01VE    FRANJA VERDE              2,255           2,256         42         20                           G-7075 
01VE    FRANJA VERDE              1,924           1,925         42         20                           G-7076 
01VE    FRANJA VERDE              2,395           2,396         34         20                           G-7077 
01VE    FRANJA VERDE              2,069           2,070         34         20                           G-7078 
01VE    FRANJA VERDE              2,127           2,128         34         20                           G-7079 
01VE    FRANJA VERDE              2,072           2,073         42         20                           G-7080 
01VE    FRANJA VERDE              2,089           2,090         42         20                           G-7081 
01VE    FRANJA VERDE              2,231           2,232         11         20                           G-7082 
01VE    FRANJA VERDE              2,040           2,041         11         20                           G-7083 
01VE    FRANJA VERDE              2,156           2,157         11         20                           G-7084 
01VE    FRANJA VERDE              2,371           2,372         11         20                           G-7085 
01VE    FRANJA VERDE              2,314           2,315         11         20                           G-7086 
01VE    FRANJA VERDE              2,292           2,293         04         20                           G-7087 
01VE    FRANJA VERDE              2,344           2,345         11         20                           G-7088 


------------------------------------------------------------------------------------------------------------------------
T.SUB-LOTES              TOT.PAQUETES =131      TOT.UNID. = 2620   T/P NETO (kg) = 299,938      T/P BRUTO (kg) = 300,069
------------------------------------------------------------------------------------------------------------------------
