
EMPRESA NACIONAL DE MINERIA (ENM) PRODUCTOR          PACKING LIST                             PAG.  :   1
NATIONAL MINING COMPANY                       CODIGO DE LOTE   : J-7901                      FECHA :04/11/2019
                                              -----------------------------
FLUJO        : 
DESCRIPCION  : CATODOS GRADO A
N° INSTR. DE EMBARQUE : 25575
CLIENTE      : GRASMERE MAERSK
Lote Sipa    : 

----------------------------------------------------------------------------------------------------------------------------- 
MARCA       DESCRIPCION         PESO NETO      PESO BRUTO     GRUPO     UNIDADES       UBICACION         SERIE                
-----------------------------------------------------------------------------------------------------------------------------

02NA    DOS FRANJAS NARANJAS      2,075           2,076         18         20                           J-7901 
02NA    DOS FRANJAS NARANJAS      2,006           2,007         36         20                           J-7902 
02NA    DOS FRANJAS NARANJAS      2,373           2,374         36         20                           J-7903 
02NA    DOS FRANJAS NARANJAS      2,311           2,312         29         20                           J-7904 
02NA    DOS FRANJAS NARANJAS      2,063           2,064         36         20                           J-7905 
02NA    DOS FRANJAS NARANJAS      2,149           2,150         36         20                           J-7906 
02NA    DOS FRANJAS NARANJAS      2,225           2,226         06         20                           J-7907 
02NA    DOS FRANJAS NARANJAS      2,230           2,231         18         20                           J-7908 
02NA    DOS FRANJAS NARANJAS      2,323           2,324         18         20                           J-7909 
02NA    DOS FRANJAS NARANJAS      2,071           2,072         16         20                           J-7910 
02NA    DOS FRANJAS NARANJAS      2,254           2,255         06         20                           J-7911 
02NA    DOS FRANJAS NARANJAS      2,322           2,323         06         20                           J-7912 
02NA    DOS FRANJAS NARANJAS      1,998           1,999         16         20                           J-7913 
02NA    DOS FRANJAS NARANJAS      2,070           2,071         48         20                           J-7914 
02NA    DOS FRANJAS NARANJAS      2,240           2,241         36         20                           J-7915 
02NA    DOS FRANJAS NARANJAS      2,273           2,274         06         20                           J-7916 
02NA    DOS FRANJAS NARANJAS      2,005           2,006         06         20                           J-7917 
02NA    DOS FRANJAS NARANJAS      2,361           2,362         06         20                           J-7918 
02NA    DOS FRANJAS NARANJAS      2,263           2,264         06         20                           J-7919 
02NA    DOS FRANJAS NARANJAS      2,324           2,325         18         20                           J-7920 
02NA    DOS FRANJAS NARANJAS      2,324           2,325         06         20                           J-7921 
02NA    DOS FRANJAS NARANJAS      2,287           2,288         06         20                           J-7922 
02NA    DOS FRANJAS NARANJAS      2,133           2,134         18         20                           J-7923 
02NA    DOS FRANJAS NARANJAS      2,298           2,299         06         20                           J-7924 
02NA    DOS FRANJAS NARANJAS      2,106           2,107         06         20                           J-7925 
02NA    DOS FRANJAS NARANJAS      2,082           2,083         06         20                           J-7926 
02NA    DOS FRANJAS NARANJAS      2,165           2,166         06         20                           J-7927 
02NA    DOS FRANJAS NARANJAS      1,958           1,959         06         20                           J-7928 
02NA    DOS FRANJAS NARANJAS      2,209           2,210         36         20                           J-7929 
02NA    DOS FRANJAS NARANJAS      2,086           2,087         36         20                           J-7930 
02NA    DOS FRANJAS NARANJAS      2,140           2,141         06         20                           J-7931 
02NA    DOS FRANJAS NARANJAS      2,176           2,177         18         20                           J-7932 
02NA    DOS FRANJAS NARANJAS      2,151           2,152         06         20                           J-7933 
02NA    DOS FRANJAS NARANJAS      2,111           2,112         36         20                           J-7934 
02NA    DOS FRANJAS NARANJAS      2,259           2,260         06         20                           J-7935 
02NA    DOS FRANJAS NARANJAS      2,148           2,149         06         20                           J-7936 
02NA    DOS FRANJAS NARANJAS      2,033           2,034         06         20                           J-7937 
02NA    DOS FRANJAS NARANJAS      2,236           2,237         18         20                           J-7938 
02NA    DOS FRANJAS NARANJAS      2,068           2,069         06         20                           J-7939 
02NA    DOS FRANJAS NARANJAS      2,119           2,120         06         20                           J-7940 
02NA    DOS FRANJAS NARANJAS      2,008           2,009         06         20                           J-7941 
02NA    DOS FRANJAS NARANJAS      2,192           2,193         18         20                           J-7942 
02NA    DOS FRANJAS NARANJAS      1,993           1,994         06         20                           J-7943 
02NA    DOS FRANJAS NARANJAS      2,146           2,147         06         20                           J-7944 
02NA    DOS FRANJAS NARANJAS      2,037           2,038         06         20                           J-7945 









EMPRESA NACIONAL DE MINERIA (ENM) PRODUCTOR          PACKING LIST                             PAG.  :   2
NATIONAL MINING COMPANY                       CODIGO DE LOTE   : J-7901                      FECHA :04/11/2019
                                              -----------------------------
FLUJO        : 
DESCRIPCION  : CATODOS GRADO A
N° INSTR. DE EMBARQUE : 25575
CLIENTE      : GRASMERE MAERSK
Lote Sipa    : 

----------------------------------------------------------------------------------------------------------------------------- 
MARCA       DESCRIPCION         PESO NETO      PESO BRUTO     GRUPO     UNIDADES       UBICACION         SERIE                
-----------------------------------------------------------------------------------------------------------------------------

02NA    DOS FRANJAS NARANJAS      2,140           2,141         06         20                           J-7946 
02NA    DOS FRANJAS NARANJAS      2,032           2,033         18         20                           J-7947 
02NA    DOS FRANJAS NARANJAS      2,212           2,213         06         20                           J-7948 
02NA    DOS FRANJAS NARANJAS      2,092           2,093         06         20                           J-7949 
02NA    DOS FRANJAS NARANJAS      2,244           2,245         06         20                           J-7950 
02NA    DOS FRANJAS NARANJAS      2,144           2,145         06         20                           J-7951 
02NA    DOS FRANJAS NARANJAS      2,264           2,265         06         20                           J-7952 
02NA    DOS FRANJAS NARANJAS      2,126           2,127         36         20                           J-7953 
02NA    DOS FRANJAS NARANJAS      2,111           2,112         06         20                           J-7954 
02NA    DOS FRANJAS NARANJAS      2,123           2,124         18         20                           J-7955 
02NA    DOS FRANJAS NARANJAS      2,215           2,216         06         20                           J-7956 
02NA    DOS FRANJAS NARANJAS      2,175           2,176         36         20                           J-7957 
02NA    DOS FRANJAS NARANJAS      2,305           2,306         16         20                           J-7958 
02NA    DOS FRANJAS NARANJAS      2,155           2,156         18         20                           J-7959 
02NA    DOS FRANJAS NARANJAS      2,219           2,220         06         20                           J-7960 
02NA    DOS FRANJAS NARANJAS      2,161           2,162         36         20                           J-7961 
02NA    DOS FRANJAS NARANJAS      2,071           2,072         06         20                           J-7962 
02NA    DOS FRANJAS NARANJAS      2,018           2,019         18         20                           J-7963 
02NA    DOS FRANJAS NARANJAS      2,172           2,173         18         20                           J-7964 
02NA    DOS FRANJAS NARANJAS      2,134           2,135         36         20                           J-7965 
02NA    DOS FRANJAS NARANJAS      2,014           2,015         18         20                           J-7966 
02NA    DOS FRANJAS NARANJAS      2,133           2,134         18         20                           J-7967 
02NA    DOS FRANJAS NARANJAS      2,168           2,169         22         20                           J-7968 
02NA    DOS FRANJAS NARANJAS      2,236           2,237         22         20                           J-7969 
02NA    DOS FRANJAS NARANJAS      2,374           2,375         22         20                           J-7970 
02NA    DOS FRANJAS NARANJAS      2,338           2,339         22         20                           J-7971 
02NA    DOS FRANJAS NARANJAS      2,308           2,309         22         20                           J-7972 
02NA    DOS FRANJAS NARANJAS      2,246           2,247         22         20                           J-7973 
02NA    DOS FRANJAS NARANJAS      2,096           2,097         22         20                           J-7974 
02NA    DOS FRANJAS NARANJAS      2,233           2,234         22         20                           J-7975 
02NA    DOS FRANJAS NARANJAS      2,111           2,112         22         20                           J-7976 
02NA    DOS FRANJAS NARANJAS      2,428           2,429         42         20                           J-7977 
02NA    DOS FRANJAS NARANJAS      2,144           2,145         22         20                           J-7978 
02NA    DOS FRANJAS NARANJAS      2,168           2,169         42         20                           J-7979 
02NA    DOS FRANJAS NARANJAS      2,021           2,022         42         20                           J-7980 
02NA    DOS FRANJAS NARANJAS      2,222           2,223         22         20                           J-7981 
02NA    DOS FRANJAS NARANJAS      2,097           2,098         42         20                           J-7982 
02NA    DOS FRANJAS NARANJAS      2,101           2,102         22         20                           J-7983 
02NA    DOS FRANJAS NARANJAS      2,220           2,221         22         20                           J-7984 
02NA    DOS FRANJAS NARANJAS      2,257           2,258         42         20                           J-7985 
02NA    DOS FRANJAS NARANJAS      2,266           2,267         42         20                           J-7986 
02NA    DOS FRANJAS NARANJAS      2,096           2,097         22         20                           J-7987 
02NA    DOS FRANJAS NARANJAS      2,281           2,282         42         20                           J-7988 
02NA    DOS FRANJAS NARANJAS      2,234           2,235         42         20                           J-7989 
02NA    DOS FRANJAS NARANJAS      2,125           2,126         22         20                           J-7990 









EMPRESA NACIONAL DE MINERIA (ENM) PRODUCTOR          PACKING LIST                             PAG.  :   3
NATIONAL MINING COMPANY                       CODIGO DE LOTE   : J-7901                      FECHA :04/11/2019
                                              -----------------------------
FLUJO        : 
DESCRIPCION  : CATODOS GRADO A
N° INSTR. DE EMBARQUE : 25575
CLIENTE      : GRASMERE MAERSK
Lote Sipa    : 

----------------------------------------------------------------------------------------------------------------------------- 
MARCA       DESCRIPCION         PESO NETO      PESO BRUTO     GRUPO     UNIDADES       UBICACION         SERIE                
-----------------------------------------------------------------------------------------------------------------------------

02NA    DOS FRANJAS NARANJAS      2,182           2,183         42         20                           J-7991 
02NA    DOS FRANJAS NARANJAS      2,368           2,369         42         20                           J-7992 


------------------------------------------------------------------------------------------------------------------------
T.SUB-LOTES              TOT.PAQUETES =92      TOT.UNID. = 1840   T/P NETO (kg) = 199,981      T/P BRUTO (kg) = 200,073
------------------------------------------------------------------------------------------------------------------------
