
EMPRESA NACIONAL DE MINERIA (ENM) PRODUCTOR          PACKING LIST                             PAG.  :   1
NATIONAL MINING COMPANY                       CODIGO DE LOTE   : G-14950                      FECHA :29/07/2022
                                              -----------------------------
FLUJO        : 
DESCRIPCION  : CATODOS GRADO A
N° INSTR. DE EMBARQUE : 27484
CLIENTE      : CAUQUENES
Lote Sipa    : 

----------------------------------------------------------------------------------------------------------------------------- 
MARCA       DESCRIPCION         PESO NETO      PESO BRUTO     GRUPO     UNIDADES       UBICACION         SERIE                
-----------------------------------------------------------------------------------------------------------------------------

02BL    DOS FRANJAS BLANCAS       2,021           2,022         25         20                           G-14950
02BL    DOS FRANJAS BLANCAS       2,185           2,186         25         20                           G-14951
02BL    DOS FRANJAS BLANCAS       2,261           2,262         25         20                           G-14952
02BL    DOS FRANJAS BLANCAS       2,352           2,353         25         20                           G-14953
02BL    DOS FRANJAS BLANCAS       2,493           2,494         31         20                           G-14954
02BL    DOS FRANJAS BLANCAS       2,443           2,444         31         20                           G-14955
02BL    DOS FRANJAS BLANCAS       2,547           2,548         25         20                           G-14956
02BL    DOS FRANJAS BLANCAS       2,516           2,517         35         20                           G-14957
02BL    DOS FRANJAS BLANCAS       2,536           2,537         35         20                           G-14958
02BL    DOS FRANJAS BLANCAS       2,500           2,501         25         20                           G-14959
02BL    DOS FRANJAS BLANCAS       2,303           2,304         25         20                           G-14960
02BL    DOS FRANJAS BLANCAS       2,493           2,494         35         20                           G-14961
02BL    DOS FRANJAS BLANCAS       2,487           2,488         35         20                           G-14962
02BL    DOS FRANJAS BLANCAS       2,449           2,450         12         20                           G-14963
02BL    DOS FRANJAS BLANCAS       2,383           2,384         25         20                           G-14964
02BL    DOS FRANJAS BLANCAS       2,419           2,420         25         20                           G-14965
02BL    DOS FRANJAS BLANCAS       2,409           2,410         35         20                           G-14966
02BL    DOS FRANJAS BLANCAS       2,367           2,368         25         20                           G-14967
02BL    DOS FRANJAS BLANCAS       2,473           2,474         25         20                           G-14968
02BL    DOS FRANJAS BLANCAS       2,488           2,489         25         20                           G-14969
02BL    DOS FRANJAS BLANCAS       2,373           2,374         25         20                           G-14970
02BL    DOS FRANJAS BLANCAS       2,499           2,500         25         20                           G-14971
02BL    DOS FRANJAS BLANCAS       2,431           2,432         12         20                           G-14972
02BL    DOS FRANJAS BLANCAS       2,415           2,416         12         20                           G-14973
02BL    DOS FRANJAS BLANCAS       2,456           2,457         12         20                           G-14974
02BL    DOS FRANJAS BLANCAS       2,601           2,602         25         20                           G-14975
02BL    DOS FRANJAS BLANCAS       2,483           2,484         25         20                           G-14976
02BL    DOS FRANJAS BLANCAS       2,371           2,372         31         20                           G-14977
02BL    DOS FRANJAS BLANCAS       2,368           2,369         25         20                           G-14978
02BL    DOS FRANJAS BLANCAS       2,477           2,478         35         20                           G-14979
02BL    DOS FRANJAS BLANCAS       2,507           2,508         35         20                           G-14980
02BL    DOS FRANJAS BLANCAS       2,557           2,558         25         20                           G-14981
02BL    DOS FRANJAS BLANCAS       2,273           2,274         31         20                           G-14982
02BL    DOS FRANJAS BLANCAS       2,208           2,209         31         20                           G-14983
02BL    DOS FRANJAS BLANCAS       2,423           2,424         12         20                           G-14984
02BL    DOS FRANJAS BLANCAS       2,550           2,551         25         20                           G-14985
02BL    DOS FRANJAS BLANCAS       2,543           2,544         25         20                           G-14986
02BL    DOS FRANJAS BLANCAS       2,519           2,520         31         20                           G-14987
02BL    DOS FRANJAS BLANCAS       2,470           2,471         35         20                           G-14988
02BL    DOS FRANJAS BLANCAS       2,480           2,481         25         20                           G-14989
02BL    DOS FRANJAS BLANCAS       2,587           2,588         31         20                           G-14990
02BL    DOS FRANJAS BLANCAS       2,539           2,540         35         20                           G-14991
02BL    DOS FRANJAS BLANCAS       2,521           2,522         25         20                           G-14992
02BL    DOS FRANJAS BLANCAS       2,637           2,638         25         20                           G-14993
02BL    DOS FRANJAS BLANCAS       2,500           2,501         12         20                           G-14994









EMPRESA NACIONAL DE MINERIA (ENM) PRODUCTOR          PACKING LIST                             PAG.  :   2
NATIONAL MINING COMPANY                       CODIGO DE LOTE   : G-14950                      FECHA :29/07/2022
                                              -----------------------------
FLUJO        : 
DESCRIPCION  : CATODOS GRADO A
N° INSTR. DE EMBARQUE : 27484
CLIENTE      : CAUQUENES
Lote Sipa    : 

----------------------------------------------------------------------------------------------------------------------------- 
MARCA       DESCRIPCION         PESO NETO      PESO BRUTO     GRUPO     UNIDADES       UBICACION         SERIE                
-----------------------------------------------------------------------------------------------------------------------------

02BL    DOS FRANJAS BLANCAS       2,575           2,576         25         20                           G-14995
02BL    DOS FRANJAS BLANCAS       2,597           2,598         25         20                           G-14996
02BL    DOS FRANJAS BLANCAS       2,563           2,564         25         20                           G-14997
02BL    DOS FRANJAS BLANCAS       2,499           2,500         35         20                           G-14998
02BL    DOS FRANJAS BLANCAS       2,515           2,516         31         20                           G-14999
02BL    DOS FRANJAS BLANCAS       2,545           2,546         25         20                           G-15000
02BL    DOS FRANJAS BLANCAS       2,469           2,470         35         20                           G-15001
02BL    DOS FRANJAS BLANCAS       2,571           2,572         31         20                           G-15002
02BL    DOS FRANJAS BLANCAS       2,075           2,076         31         20                           G-15003
02BL    DOS FRANJAS BLANCAS       2,499           2,500         35         20                           G-15004
02BL    DOS FRANJAS BLANCAS       2,319           2,320         25         20                           G-15005
02BL    DOS FRANJAS BLANCAS       2,512           2,513         25         20                           G-15006
02BL    DOS FRANJAS BLANCAS       2,383           2,384         25         20                           G-15007
02BL    DOS FRANJAS BLANCAS       2,139           2,140         12         20                           G-15008
02BL    DOS FRANJAS BLANCAS       2,663           2,664         31         20                           G-15009
02BL    DOS FRANJAS BLANCAS       2,582           2,583         25         20                           G-15010
02BL    DOS FRANJAS BLANCAS       2,460           2,461         35         20                           G-15011
02BL    DOS FRANJAS BLANCAS       2,321           2,322         25         20                           G-15012
02BL    DOS FRANJAS BLANCAS       2,529           2,530         31         20                           G-15013
02BL    DOS FRANJAS BLANCAS       2,470           2,471         35         20                           G-15014
02BL    DOS FRANJAS BLANCAS       2,500           2,501         25         20                           G-15015
02BL    DOS FRANJAS BLANCAS       2,403           2,404         12         20                           G-15016
02BL    DOS FRANJAS BLANCAS       2,527           2,528         31         20                           G-15017
02BL    DOS FRANJAS BLANCAS       2,413           2,414         31         20                           G-15018
02BL    DOS FRANJAS BLANCAS       2,187           2,188         25         20                           G-15019
02BL    DOS FRANJAS BLANCAS       2,571           2,572         31         20                           G-15020
02BL    DOS FRANJAS BLANCAS       2,566           2,567         25         20                           G-15021
02BL    DOS FRANJAS BLANCAS       2,475           2,476         25         20                           G-15022
02BL    DOS FRANJAS BLANCAS       2,503           2,504         35         20                           G-15023
02BL    DOS FRANJAS BLANCAS       2,337           2,338         25         20                           G-15024
02BL    DOS FRANJAS BLANCAS       2,394           2,395         12         20                           G-15025
02BL    DOS FRANJAS BLANCAS       2,288           2,289         25         20                           G-15026
02BL    DOS FRANJAS BLANCAS       2,199           2,200         12         20                           G-15027
02BL    DOS FRANJAS BLANCAS       2,340           2,341         12         20                           G-15028
02BL    DOS FRANJAS BLANCAS       2,220           2,221         12         20                           G-15029
02BL    DOS FRANJAS BLANCAS       2,398           2,399         12         20                           G-15030
02BL    DOS FRANJAS BLANCAS       2,429           2,430         12         20                           G-15031


------------------------------------------------------------------------------------------------------------------------
T.SUB-LOTES              TOT.PAQUETES =82      TOT.UNID. = 1640   T/P NETO (kg) = 199,949      T/P BRUTO (kg) = 200,031
------------------------------------------------------------------------------------------------------------------------
