
EMPRESA NACIONAL DE MINERIA (ENM) PRODUCTOR          PACKING LIST                             PAG.  :   1
NATIONAL MINING COMPANY                       CODIGO DE LOTE   : E-16328                      FECHA :09/06/2022
                                              -----------------------------
FLUJO        : 
DESCRIPCION  : CATODOS GRADO A
N° INSTR. DE EMBARQUE : 27367
CLIENTE      : AKADIMOS
Lote Sipa    : 22050651

----------------------------------------------------------------------------------------------------------------------------- 
MARCA       DESCRIPCION         PESO NETO      PESO BRUTO     GRUPO     UNIDADES       UBICACION         SERIE                
-----------------------------------------------------------------------------------------------------------------------------

X0AM    EQUIS AMARILLA            2,501           2,502         48         20                           E-16328
X0AM    EQUIS AMARILLA            2,511           2,512         12         20                           E-16329
X0AM    EQUIS AMARILLA            2,272           2,273         12         20                           E-16330
X0AM    EQUIS AMARILLA            2,499           2,500         12         20                           E-16331
X0AM    EQUIS AMARILLA            2,401           2,402         25         20                           E-16332
X0AM    EQUIS AMARILLA            2,297           2,298         25         20                           E-16333
X0AM    EQUIS AMARILLA            2,429           2,430         25         20                           E-16334
X0AM    EQUIS AMARILLA            2,439           2,440         25         20                           E-16335
X0AM    EQUIS AMARILLA            2,523           2,524         25         20                           E-16336
X0AM    EQUIS AMARILLA            2,497           2,498         12         20                           E-16337
X0AM    EQUIS AMARILLA            2,441           2,442         25         20                           E-16338
X0AM    EQUIS AMARILLA            2,483           2,484         47         20                           E-16339
X0AM    EQUIS AMARILLA            2,331           2,332         47         20                           E-16340
X0AM    EQUIS AMARILLA            2,527           2,528         25         20                           E-16341
X0AM    EQUIS AMARILLA            2,455           2,456         25         20                           E-16342
X0AM    EQUIS AMARILLA            2,203           2,204         25         20                           E-16343
X0AM    EQUIS AMARILLA            2,544           2,545         25         20                           E-16344
X0AM    EQUIS AMARILLA            2,523           2,524         25         20                           E-16345
X0AM    EQUIS AMARILLA            2,491           2,492         12         20                           E-16346
X0AM    EQUIS AMARILLA            2,502           2,503         25         20                           E-16347
X0AM    EQUIS AMARILLA            2,512           2,513         47         20                           E-16348
X0AM    EQUIS AMARILLA            2,382           2,383         47         20                           E-16349
X0AM    EQUIS AMARILLA            2,037           2,038         47         20                           E-16350
X0AM    EQUIS AMARILLA            2,069           2,070         47         20                           E-16351
X0AM    EQUIS AMARILLA            2,550           2,551         25         20                           E-16352
X0AM    EQUIS AMARILLA            2,273           2,274         12         20                           E-16353
X0AM    EQUIS AMARILLA            2,419           2,420         12         20                           E-16354
X0AM    EQUIS AMARILLA            2,162           2,163         12         20                           E-16355
X0AM    EQUIS AMARILLA            2,117           2,118         49         20                           E-16356
X0AM    EQUIS AMARILLA            2,559           2,560         25         20                           E-16357
X0AM    EQUIS AMARILLA            2,517           2,518         25         20                           E-16358
X0AM    EQUIS AMARILLA            2,120           2,121         47         20                           E-16359
X0AM    EQUIS AMARILLA            2,303           2,304         47         20                           E-16360
X0AM    EQUIS AMARILLA            2,507           2,508         47         20                           E-16361
X0AM    EQUIS AMARILLA            2,531           2,532         47         20                           E-16362
X0AM    EQUIS AMARILLA            2,433           2,434         25         20                           E-16363
X0AM    EQUIS AMARILLA            2,357           2,358         07         20                           E-16364
X0AM    EQUIS AMARILLA            2,403           2,404         07         20                           E-16365
X0AM    EQUIS AMARILLA            2,501           2,502         25         20                           E-16366
X0AM    EQUIS AMARILLA            2,481           2,482         25         20                           E-16367
X0AM    EQUIS AMARILLA            2,386           2,387         25         20                           E-16368
X0AM    EQUIS AMARILLA            2,297           2,298         12         20                           E-16369
X0AM    EQUIS AMARILLA            2,389           2,390         12         20                           E-16370
X0AM    EQUIS AMARILLA            2,313           2,314         25         20                           E-16371
X0AM    EQUIS AMARILLA            2,537           2,538         25         20                           E-16372









EMPRESA NACIONAL DE MINERIA (ENM) PRODUCTOR          PACKING LIST                             PAG.  :   2
NATIONAL MINING COMPANY                       CODIGO DE LOTE   : E-16328                      FECHA :09/06/2022
                                              -----------------------------
FLUJO        : 
DESCRIPCION  : CATODOS GRADO A
N° INSTR. DE EMBARQUE : 27367
CLIENTE      : AKADIMOS
Lote Sipa    : 22050651

----------------------------------------------------------------------------------------------------------------------------- 
MARCA       DESCRIPCION         PESO NETO      PESO BRUTO     GRUPO     UNIDADES       UBICACION         SERIE                
-----------------------------------------------------------------------------------------------------------------------------

X0AM    EQUIS AMARILLA            2,417           2,418         12         20                           E-16373
X0AM    EQUIS AMARILLA            2,260           2,261         12         20                           E-16374
X0AM    EQUIS AMARILLA            2,333           2,334         25         20                           E-16375
X0AM    EQUIS AMARILLA            2,151           2,152         04         20                           E-16376
X0AM    EQUIS AMARILLA            2,373           2,374         04         20                           E-16377
X0AM    EQUIS AMARILLA            2,424           2,425         25         20                           E-16378
X0AM    EQUIS AMARILLA            2,311           2,312         04         20                           E-16379
X0AM    EQUIS AMARILLA            2,261           2,262         04         20                           E-16380
X0AM    EQUIS AMARILLA            2,512           2,513         04         20                           E-16381
X0AM    EQUIS AMARILLA            2,380           2,381         25         20                           E-16382
X0AM    EQUIS AMARILLA            2,039           2,040         04         20                           E-16383
X0AM    EQUIS AMARILLA            2,525           2,526         04         20                           E-16384
X0AM    EQUIS AMARILLA            2,404           2,405         25         20                           E-16385
X0AM    EQUIS AMARILLA            2,418           2,419         25         20                           E-16386
X0AM    EQUIS AMARILLA            1,998           1,999         04         20                           E-16387
X0AM    EQUIS AMARILLA            2,414           2,415         25         20                           E-16388
X0AM    EQUIS AMARILLA            2,463           2,464         12         20                           E-16389
X0AM    EQUIS AMARILLA            2,381           2,382         12         20                           E-16390
X0AM    EQUIS AMARILLA            2,369           2,370         25         20                           E-16391
X0AM    EQUIS AMARILLA            2,124           2,125         04         20                           E-16392
X0AM    EQUIS AMARILLA            1,940           1,941         04         20                           E-16393
X0AM    EQUIS AMARILLA            2,444           2,445         04         20                           E-16394
X0AM    EQUIS AMARILLA            1,958           1,959         04         20                           E-16395
X0AM    EQUIS AMARILLA            2,155           2,156         04         20                           E-16396
X0AM    EQUIS AMARILLA            2,367           2,368         12         20                           E-16397
X0AM    EQUIS AMARILLA            2,336           2,337         47         20                           E-16398
X0AM    EQUIS AMARILLA            2,207           2,208         47         20                           E-16399
X0AM    EQUIS AMARILLA            2,275           2,276         04         20                           E-16400
X0AM    EQUIS AMARILLA            2,339           2,340         04         20                           E-16401
X0AM    EQUIS AMARILLA            2,233           2,234         04         20                           E-16402
X0AM    EQUIS AMARILLA            2,235           2,236         04         20                           E-16403
X0AM    EQUIS AMARILLA            2,168           2,169         04         20                           E-16404
X0AM    EQUIS AMARILLA            2,391           2,392         12         20                           E-16405
X0AM    EQUIS AMARILLA            2,503           2,504         12         20                           E-16406
X0AM    EQUIS AMARILLA            2,113           2,114         12         20                           E-16407
X0AM    EQUIS AMARILLA            2,445           2,446         12         20                           E-16408
X0AM    EQUIS AMARILLA            2,239           2,240         04         20                           E-16409
X0AM    EQUIS AMARILLA            2,259           2,260         04         20                           E-16410
X0AM    EQUIS AMARILLA            2,191           2,192         47         20                           E-16411
X0AM    EQUIS AMARILLA            2,269           2,270         47         20                           E-16412
X0AM    EQUIS AMARILLA            2,415           2,416         47         20                           E-16413
X0AM    EQUIS AMARILLA            2,404           2,405         25         20                           E-16414
X0AM    EQUIS AMARILLA            2,028           2,029         25         20                           E-16415
X0AM    EQUIS AMARILLA            2,237           2,238         47         20                           E-16416
X0AM    EQUIS AMARILLA            2,135           2,136         47         20                           E-16417









EMPRESA NACIONAL DE MINERIA (ENM) PRODUCTOR          PACKING LIST                             PAG.  :   3
NATIONAL MINING COMPANY                       CODIGO DE LOTE   : E-16328                      FECHA :09/06/2022
                                              -----------------------------
FLUJO        : 
DESCRIPCION  : CATODOS GRADO A
N° INSTR. DE EMBARQUE : 27367
CLIENTE      : AKADIMOS
Lote Sipa    : 22050651

----------------------------------------------------------------------------------------------------------------------------- 
MARCA       DESCRIPCION         PESO NETO      PESO BRUTO     GRUPO     UNIDADES       UBICACION         SERIE                
-----------------------------------------------------------------------------------------------------------------------------

X0AM    EQUIS AMARILLA            2,279           2,280         18         20                           E-16418
X0AM    EQUIS AMARILLA            2,298           2,299         04         20                           E-16419
X0AM    EQUIS AMARILLA            2,128           2,129         47         20                           E-16420
X0AM    EQUIS AMARILLA            2,033           2,034         47         20                           E-16421
X0AM    EQUIS AMARILLA            2,315           2,316         47         20                           E-16422
X0AM    EQUIS AMARILLA            2,459           2,460         47         20                           E-16423
X0AM    EQUIS AMARILLA            2,461           2,462         04         20                           E-16424
X0AM    EQUIS AMARILLA            2,101           2,102         25         20                           E-16425
X0AM    EQUIS AMARILLA            2,507           2,508         25         20                           E-16426
X0AM    EQUIS AMARILLA            2,087           2,088         47         20                           E-16427
X0AM    EQUIS AMARILLA            2,449           2,450         04         20                           E-16428
X0AM    EQUIS AMARILLA            2,037           2,038         04         20                           E-16429
X0AM    EQUIS AMARILLA            2,367           2,368         04         20                           E-16430
X0AM    EQUIS AMARILLA            2,495           2,496         04         20                           E-16431
X0AM    EQUIS AMARILLA            2,121           2,122         04         20                           E-16432
X0AM    EQUIS AMARILLA            2,441           2,442         04         20                           E-16433
X0AM    EQUIS AMARILLA            2,189           2,190         47         20                           E-16434
X0AM    EQUIS AMARILLA            2,447           2,448         47         20                           E-16435
X0AM    EQUIS AMARILLA            2,429           2,430         47         20                           E-16436
X0AM    EQUIS AMARILLA            2,051           2,052         04         20                           E-16437
X0AM    EQUIS AMARILLA            2,271           2,272         04         20                           E-16438
X0AM    EQUIS AMARILLA            2,512           2,513         04         20                           E-16439
X0AM    EQUIS AMARILLA            2,430           2,431         04         20                           E-16440
X0AM    EQUIS AMARILLA            2,437           2,438         04         20                           E-16441
X0AM    EQUIS AMARILLA            2,527           2,528         04         20                           E-16442
X0AM    EQUIS AMARILLA            2,015           2,016         47         20                           E-16443
X0AM    EQUIS AMARILLA            2,449           2,450         04         20                           E-16444
X0AM    EQUIS AMARILLA            2,167           2,168         04         20                           E-16445
X0AM    EQUIS AMARILLA            2,133           2,134         04         20                           E-16446
X0AM    EQUIS AMARILLA            2,357           2,358         04         20                           E-16447
X0AM    EQUIS AMARILLA            2,115           2,116         04         20                           E-16448
X0AM    EQUIS AMARILLA            2,203           2,204         25         20                           E-16449
X0AM    EQUIS AMARILLA            2,391           2,392         25         20                           E-16450
X0AM    EQUIS AMARILLA            2,471           2,472         25         20                           E-16451
X0AM    EQUIS AMARILLA            2,151           2,152         47         20                           E-16452
X0AM    EQUIS AMARILLA            2,491           2,492         47         20                           E-16453
X0AM    EQUIS AMARILLA            2,399           2,400         25         20                           E-16454
X0AM    EQUIS AMARILLA            2,528           2,529         25         20                           E-16455
X0AM    EQUIS AMARILLA            2,333           2,334         25         20                           E-16456
X0AM    EQUIS AMARILLA            2,145           2,146         25         20                           E-16457
X0AM    EQUIS AMARILLA            2,243           2,244         25         20                           E-16458
X0AM    EQUIS AMARILLA            2,227           2,228         04         20                           E-16459
X0AM    EQUIS AMARILLA            2,211           2,212         04         20                           E-16460
X0AM    EQUIS AMARILLA            2,169           2,170         04         20                           E-16461
X0AM    EQUIS AMARILLA            2,261           2,262         04         20                           E-16462









EMPRESA NACIONAL DE MINERIA (ENM) PRODUCTOR          PACKING LIST                             PAG.  :   4
NATIONAL MINING COMPANY                       CODIGO DE LOTE   : E-16328                      FECHA :09/06/2022
                                              -----------------------------
FLUJO        : 
DESCRIPCION  : CATODOS GRADO A
N° INSTR. DE EMBARQUE : 27367
CLIENTE      : AKADIMOS
Lote Sipa    : 22050651

----------------------------------------------------------------------------------------------------------------------------- 
MARCA       DESCRIPCION         PESO NETO      PESO BRUTO     GRUPO     UNIDADES       UBICACION         SERIE                
-----------------------------------------------------------------------------------------------------------------------------

X0AM    EQUIS AMARILLA            2,417           2,418         04         20                           E-16463
X0AM    EQUIS AMARILLA            2,295           2,296         04         20                           E-16464
X0AM    EQUIS AMARILLA            2,279           2,280         04         20                           E-16465
X0AM    EQUIS AMARILLA            2,169           2,170         04         20                           E-16466
X0AM    EQUIS AMARILLA            2,168           2,169         04         20                           E-16467
X0AM    EQUIS AMARILLA            2,495           2,496         25         20                           E-16468
X0AM    EQUIS AMARILLA            2,331           2,332         04         20                           E-16469
X0AM    EQUIS AMARILLA            2,237           2,238         04         20                           E-16470
X0AM    EQUIS AMARILLA            2,249           2,250         04         20                           E-16471
X0AM    EQUIS AMARILLA            2,137           2,138         04         20                           E-16472
X0AM    EQUIS AMARILLA            2,488           2,489         25         20                           E-16473
X0AM    EQUIS AMARILLA            2,255           2,256         25         20                           E-16474
X0AM    EQUIS AMARILLA            2,147           2,148         04         20                           E-16475
X0AM    EQUIS AMARILLA            2,274           2,275         25         20                           E-16476
X0AM    EQUIS AMARILLA            2,323           2,324         25         20                           E-16477
X0AM    EQUIS AMARILLA            2,182           2,183         04         20                           E-16478
X0AM    EQUIS AMARILLA            2,313           2,314         04         20                           E-16479
X0AM    EQUIS AMARILLA            2,225           2,226         04         20                           E-16480
X0AM    EQUIS AMARILLA            2,317           2,318         04         20                           E-16481
X0AM    EQUIS AMARILLA            2,137           2,138         04         20                           E-16482
X0AM    EQUIS AMARILLA            2,359           2,360         25         20                           E-16483
X0AM    EQUIS AMARILLA            2,215           2,216         25         20                           E-16484
X0AM    EQUIS AMARILLA            2,287           2,288         47         20                           E-16485
X0AM    EQUIS AMARILLA            2,353           2,354         25         20                           E-16486
X0AM    EQUIS AMARILLA            2,439           2,440         04         20                           E-16487
X0AM    EQUIS AMARILLA            2,409           2,410         25         20                           E-16488
X0AM    EQUIS AMARILLA            2,332           2,333         25         20                           E-16489
X0AM    EQUIS AMARILLA            2,379           2,380         25         20                           E-16490
X0AM    EQUIS AMARILLA            2,463           2,464         25         20                           E-16491
X0AM    EQUIS AMARILLA            2,247           2,248         25         20                           E-16492
X0AM    EQUIS AMARILLA            2,439           2,440         04         20                           E-16493
X0AM    EQUIS AMARILLA            2,031           2,032         04         20                           E-16494
X0AM    EQUIS AMARILLA            2,111           2,112         04         20                           E-16495
X0AM    EQUIS AMARILLA            2,352           2,353         25         20                           E-16496
X0AM    EQUIS AMARILLA            2,317           2,318         25         20                           E-16497
X0AM    EQUIS AMARILLA            2,145           2,146         47         20                           E-16498
X0AM    EQUIS AMARILLA            2,305           2,306         25         20                           E-16499
X0AM    EQUIS AMARILLA            2,371           2,372         25         20                           E-16500
X0AM    EQUIS AMARILLA            2,148           2,149         25         20                           E-16501
X0AM    EQUIS AMARILLA            2,267           2,268         47         20                           E-16502
X0AM    EQUIS AMARILLA            2,361           2,362         47         20                           E-16503
X0AM    EQUIS AMARILLA            2,269           2,270         47         20                           E-16504
X0AM    EQUIS AMARILLA            2,435           2,436         47         20                           E-16505
X0AM    EQUIS AMARILLA            2,526           2,527         25         20                           E-16506
X0AM    EQUIS AMARILLA            2,391           2,392         25         20                           E-16507









EMPRESA NACIONAL DE MINERIA (ENM) PRODUCTOR          PACKING LIST                             PAG.  :   5
NATIONAL MINING COMPANY                       CODIGO DE LOTE   : E-16328                      FECHA :09/06/2022
                                              -----------------------------
FLUJO        : 
DESCRIPCION  : CATODOS GRADO A
N° INSTR. DE EMBARQUE : 27367
CLIENTE      : AKADIMOS
Lote Sipa    : 22050651

----------------------------------------------------------------------------------------------------------------------------- 
MARCA       DESCRIPCION         PESO NETO      PESO BRUTO     GRUPO     UNIDADES       UBICACION         SERIE                
-----------------------------------------------------------------------------------------------------------------------------

X0AM    EQUIS AMARILLA            2,494           2,495         25         20                           E-16508
X0AM    EQUIS AMARILLA            2,421           2,422         25         20                           E-16509
X0AM    EQUIS AMARILLA            2,483           2,484         25         20                           E-16510
X0AM    EQUIS AMARILLA            2,417           2,418         25         20                           E-16511
X0AM    EQUIS AMARILLA            2,393           2,394         25         20                           E-16512
X0AM    EQUIS AMARILLA            2,432           2,433         25         20                           E-16513
X0AM    EQUIS AMARILLA            2,513           2,514         25         20                           E-16514
X0AM    EQUIS AMARILLA            2,355           2,356         25         20                           E-16515
X0AM    EQUIS AMARILLA            2,241           2,242         25         20                           E-16516
X0AM    EQUIS AMARILLA            2,055           2,056         47         20                           E-16517
X0AM    EQUIS AMARILLA            2,379           2,380         47         20                           E-16518
X0AM    EQUIS AMARILLA            2,237           2,238         25         20                           E-16519
X0AM    EQUIS AMARILLA            2,248           2,249         25         20                           E-16520
X0AM    EQUIS AMARILLA            2,037           2,038         35         20                           E-16521
X0AM    EQUIS AMARILLA            2,072           2,073         35         20                           E-16522
X0AM    EQUIS AMARILLA            2,188           2,189         35         20                           E-16523
X0AM    EQUIS AMARILLA            2,323           2,324         35         20                           E-16524
X0AM    EQUIS AMARILLA            2,254           2,255         35         20                           E-16525
X0AM    EQUIS AMARILLA            2,237           2,238         35         20                           E-16526
X0AM    EQUIS AMARILLA            2,401           2,402         35         20                           E-16527
X0AM    EQUIS AMARILLA            2,135           2,136         35         20                           E-16528
X0AM    EQUIS AMARILLA            2,551           2,552         35         20                           E-16529
X0AM    EQUIS AMARILLA            2,260           2,261         35         20                           E-16530
X0AM    EQUIS AMARILLA            2,464           2,465         35         20                           E-16531
X0AM    EQUIS AMARILLA            2,269           2,270         35         20                           E-16532
X0AM    EQUIS AMARILLA            2,539           2,540         35         20                           E-16533
X0AM    EQUIS AMARILLA            2,177           2,178         35         20                           E-16534
X0AM    EQUIS AMARILLA            2,556           2,557         35         20                           E-16535
X0AM    EQUIS AMARILLA            2,184           2,185         35         20                           E-16536
X0AM    EQUIS AMARILLA            2,189           2,190         35         20                           E-16537
X0AM    EQUIS AMARILLA            2,197           2,198         35         20                           E-16538
X0AM    EQUIS AMARILLA            2,446           2,447         35         20                           E-16539
X0AM    EQUIS AMARILLA            2,279           2,280         35         20                           E-16540
X0AM    EQUIS AMARILLA            2,303           2,304         35         20                           E-16541
X0AM    EQUIS AMARILLA            2,453           2,454         35         20                           E-16542
X0AM    EQUIS AMARILLA            2,429           2,430         35         20                           E-16543
X0AM    EQUIS AMARILLA            2,073           2,074         35         20                           E-16544
X0AM    EQUIS AMARILLA            2,401           2,402         35         20                           E-16545
X0AM    EQUIS AMARILLA            2,501           2,502         35         20                           E-16546
X0AM    EQUIS AMARILLA            2,473           2,474         35         20                           E-16547
X0AM    EQUIS AMARILLA            2,096           2,097         35         20                           E-16548
X0AM    EQUIS AMARILLA            2,075           2,076         35         20                           E-16549
X0AM    EQUIS AMARILLA            2,126           2,127         35         20                           E-16550
X0AM    EQUIS AMARILLA            2,169           2,170         35         20                           E-16551
X0AM    EQUIS AMARILLA            2,053           2,054         13         20                           E-16552









EMPRESA NACIONAL DE MINERIA (ENM) PRODUCTOR          PACKING LIST                             PAG.  :   6
NATIONAL MINING COMPANY                       CODIGO DE LOTE   : E-16328                      FECHA :09/06/2022
                                              -----------------------------
FLUJO        : 
DESCRIPCION  : CATODOS GRADO A
N° INSTR. DE EMBARQUE : 27367
CLIENTE      : AKADIMOS
Lote Sipa    : 22050651

----------------------------------------------------------------------------------------------------------------------------- 
MARCA       DESCRIPCION         PESO NETO      PESO BRUTO     GRUPO     UNIDADES       UBICACION         SERIE                
-----------------------------------------------------------------------------------------------------------------------------

X0AM    EQUIS AMARILLA            2,071           2,072         35         20                           E-16553
X0AM    EQUIS AMARILLA            2,414           2,415         35         20                           E-16554
X0AM    EQUIS AMARILLA            2,349           2,350         35         20                           E-16555


------------------------------------------------------------------------------------------------------------------------
T.SUB-LOTES              TOT.PAQUETES =228      TOT.UNID. = 4560   T/P NETO (kg) = 527,998      T/P BRUTO (kg) = 528,226
------------------------------------------------------------------------------------------------------------------------
