
EMPRESA NACIONAL DE MINERIA (ENM) PRODUCTOR          PACKING LIST                             PAG.  :   1
NATIONAL MINING COMPANY                       CODIGO DE LOTE   : E-14685                      FECHA :01/07/2019
                                              -----------------------------
FLUJO        : 
DESCRIPCION  : CATODOS GRADO A
N° INSTR. DE EMBARQUE : 25332
CLIENTE      : SPIRIT OF LISBON
Lote Sipa    : 19050640

----------------------------------------------------------------------------------------------------------------------------- 
MARCA       DESCRIPCION         PESO NETO      PESO BRUTO     GRUPO     UNIDADES       UBICACION         SERIE                
-----------------------------------------------------------------------------------------------------------------------------

X2BL    EQUIS DOS FRANJAS BLANCA  2,473           2,474         35         20                           E-14685
X2BL    EQUIS DOS FRANJAS BLANCA  2,484           2,485         35         20                           E-14686
X2BL    EQUIS DOS FRANJAS BLANCA  2,594           2,595         35         20                           E-14687
X2BL    EQUIS DOS FRANJAS BLANCA  2,344           2,345         35         20                           E-14688
X2BL    EQUIS DOS FRANJAS BLANCA  2,265           2,266         35         20                           E-14689
X2BL    EQUIS DOS FRANJAS BLANCA  2,260           2,261         35         20                           E-14690
X2BL    EQUIS DOS FRANJAS BLANCA  2,269           2,270         35         20                           E-14691
X2BL    EQUIS DOS FRANJAS BLANCA  2,462           2,463         35         20                           E-14692
X2BL    EQUIS DOS FRANJAS BLANCA  2,441           2,442         35         20                           E-14693
X2BL    EQUIS DOS FRANJAS BLANCA  2,438           2,439         35         20                           E-14694
X2BL    EQUIS DOS FRANJAS BLANCA  2,402           2,403         35         20                           E-14695
X2BL    EQUIS DOS FRANJAS BLANCA  2,251           2,252         35         20                           E-14696
X2BL    EQUIS DOS FRANJAS BLANCA  2,343           2,344         35         20                           E-14697
X2BL    EQUIS DOS FRANJAS BLANCA  2,421           2,422         35         20                           E-14698
X2BL    EQUIS DOS FRANJAS BLANCA  2,437           2,438         35         20                           E-14699
X2BL    EQUIS DOS FRANJAS BLANCA  2,234           2,235         35         20                           E-14700
X2BL    EQUIS DOS FRANJAS BLANCA  2,411           2,412         35         20                           E-14701
X2BL    EQUIS DOS FRANJAS BLANCA  2,404           2,405         35         20                           E-14702
X2BL    EQUIS DOS FRANJAS BLANCA  2,361           2,362         35         20                           E-14703
X2BL    EQUIS DOS FRANJAS BLANCA  2,318           2,319         35         20                           E-14704
X2BL    EQUIS DOS FRANJAS BLANCA  2,323           2,324         35         20                           E-14705
X2BL    EQUIS DOS FRANJAS BLANCA  2,460           2,461         35         20                           E-14706
X2BL    EQUIS DOS FRANJAS BLANCA  2,437           2,438         35         20                           E-14707
X2BL    EQUIS DOS FRANJAS BLANCA  2,454           2,455         35         20                           E-14708
X2BL    EQUIS DOS FRANJAS BLANCA  2,262           2,263         35         20                           E-14709
X2BL    EQUIS DOS FRANJAS BLANCA  2,417           2,418         35         20                           E-14710
X2BL    EQUIS DOS FRANJAS BLANCA  2,398           2,399         35         20                           E-14711
X2BL    EQUIS DOS FRANJAS BLANCA  2,357           2,358         35         20                           E-14712
X2BL    EQUIS DOS FRANJAS BLANCA  2,320           2,321         35         20                           E-14713
X2BL    EQUIS DOS FRANJAS BLANCA  2,431           2,432         35         20                           E-14714
X2BL    EQUIS DOS FRANJAS BLANCA  2,376           2,377         44         20                           E-14715
X2BL    EQUIS DOS FRANJAS BLANCA  2,468           2,469         44         20                           E-14716
X2BL    EQUIS DOS FRANJAS BLANCA  2,477           2,478         44         20                           E-14717
X2BL    EQUIS DOS FRANJAS BLANCA  2,301           2,302         44         20                           E-14718
X2BL    EQUIS DOS FRANJAS BLANCA  2,564           2,565         44         20                           E-14719
X2BL    EQUIS DOS FRANJAS BLANCA  2,352           2,353         44         20                           E-14720
X2BL    EQUIS DOS FRANJAS BLANCA  2,387           2,388         44         20                           E-14721
X2BL    EQUIS DOS FRANJAS BLANCA  2,264           2,265         44         20                           E-14722
X2BL    EQUIS DOS FRANJAS BLANCA  2,241           2,242         44         20                           E-14723
X2BL    EQUIS DOS FRANJAS BLANCA  2,205           2,206         44         20                           E-14724
X2BL    EQUIS DOS FRANJAS BLANCA  2,258           2,259         44         20                           E-14725
X2BL    EQUIS DOS FRANJAS BLANCA  2,388           2,389         44         20                           E-14726
X2BL    EQUIS DOS FRANJAS BLANCA  2,278           2,279         44         20                           E-14727
X2BL    EQUIS DOS FRANJAS BLANCA  2,418           2,419         44         20                           E-14728
X2BL    EQUIS DOS FRANJAS BLANCA  2,332           2,333         44         20                           E-14729









EMPRESA NACIONAL DE MINERIA (ENM) PRODUCTOR          PACKING LIST                             PAG.  :   2
NATIONAL MINING COMPANY                       CODIGO DE LOTE   : E-14685                      FECHA :01/07/2019
                                              -----------------------------
FLUJO        : 
DESCRIPCION  : CATODOS GRADO A
N° INSTR. DE EMBARQUE : 25332
CLIENTE      : SPIRIT OF LISBON
Lote Sipa    : 19050640

----------------------------------------------------------------------------------------------------------------------------- 
MARCA       DESCRIPCION         PESO NETO      PESO BRUTO     GRUPO     UNIDADES       UBICACION         SERIE                
-----------------------------------------------------------------------------------------------------------------------------

X2BL    EQUIS DOS FRANJAS BLANCA  2,438           2,439         44         20                           E-14730
X2BL    EQUIS DOS FRANJAS BLANCA  2,404           2,405         44         20                           E-14731
X2BL    EQUIS DOS FRANJAS BLANCA  2,406           2,407         44         20                           E-14732
X2BL    EQUIS DOS FRANJAS BLANCA  2,360           2,361         44         20                           E-14733
X2BL    EQUIS DOS FRANJAS BLANCA  2,332           2,333         44         20                           E-14734
X2BL    EQUIS DOS FRANJAS BLANCA  2,310           2,311         44         20                           E-14735
X2BL    EQUIS DOS FRANJAS BLANCA  2,320           2,321         44         20                           E-14736
X2BL    EQUIS DOS FRANJAS BLANCA  2,422           2,423         24         20                           E-14737
X2BL    EQUIS DOS FRANJAS BLANCA  2,424           2,425         24         20                           E-14738
X2BL    EQUIS DOS FRANJAS BLANCA  2,398           2,399         24         20                           E-14739
X2BL    EQUIS DOS FRANJAS BLANCA  2,430           2,431         24         20                           E-14740
X2BL    EQUIS DOS FRANJAS BLANCA  2,429           2,430         44         20                           E-14741
X2BL    EQUIS DOS FRANJAS BLANCA  2,372           2,373         44         20                           E-14742
X2BL    EQUIS DOS FRANJAS BLANCA  2,405           2,406         44         20                           E-14743
X2BL    EQUIS DOS FRANJAS BLANCA  2,385           2,386         44         20                           E-14744
X2BL    EQUIS DOS FRANJAS BLANCA  2,437           2,438         44         20                           E-14745
X2BL    EQUIS DOS FRANJAS BLANCA  2,371           2,372         44         20                           E-14746
X2BL    EQUIS DOS FRANJAS BLANCA  2,314           2,315         44         20                           E-14747
X2BL    EQUIS DOS FRANJAS BLANCA  2,388           2,389         44         20                           E-14748
X2BL    EQUIS DOS FRANJAS BLANCA  2,483           2,484         44         20                           E-14749
X2BL    EQUIS DOS FRANJAS BLANCA  2,495           2,496         44         20                           E-14750
X2BL    EQUIS DOS FRANJAS BLANCA  2,396           2,397         44         20                           E-14751
X2BL    EQUIS DOS FRANJAS BLANCA  2,378           2,379         44         20                           E-14752
X2BL    EQUIS DOS FRANJAS BLANCA  2,364           2,365         44         20                           E-14753
X2BL    EQUIS DOS FRANJAS BLANCA  2,341           2,342         44         20                           E-14754
X2BL    EQUIS DOS FRANJAS BLANCA  2,333           2,334         44         20                           E-14755
X2BL    EQUIS DOS FRANJAS BLANCA  2,271           2,272         44         20                           E-14756
X2BL    EQUIS DOS FRANJAS BLANCA  2,388           2,389         44         20                           E-14757
X2BL    EQUIS DOS FRANJAS BLANCA  2,456           2,457         44         20                           E-14758
X2BL    EQUIS DOS FRANJAS BLANCA  2,390           2,391         44         20                           E-14759
X2BL    EQUIS DOS FRANJAS BLANCA  2,367           2,368         44         20                           E-14760
X2BL    EQUIS DOS FRANJAS BLANCA  2,388           2,389         44         20                           E-14761
X2BL    EQUIS DOS FRANJAS BLANCA  2,340           2,341         44         20                           E-14762
X2BL    EQUIS DOS FRANJAS BLANCA  2,417           2,418         44         20                           E-14763
X2BL    EQUIS DOS FRANJAS BLANCA  2,354           2,355         44         20                           E-14764
X2BL    EQUIS DOS FRANJAS BLANCA  2,467           2,468         14         20                           E-14765
X2BL    EQUIS DOS FRANJAS BLANCA  2,376           2,377         44         20                           E-14766
X2BL    EQUIS DOS FRANJAS BLANCA  2,471           2,472         44         20                           E-14767
X2BL    EQUIS DOS FRANJAS BLANCA  2,398           2,399         44         20                           E-14768


------------------------------------------------------------------------------------------------------------------------
T.SUB-LOTES              TOT.PAQUETES =84      TOT.UNID. = 1680   T/P NETO (kg) = 199,998      T/P BRUTO (kg) = 200,082
------------------------------------------------------------------------------------------------------------------------
