
EMPRESA NACIONAL DE MINERIA (ENM) PRODUCTOR          PACKING LIST                             PAG.  :   1
NATIONAL MINING COMPANY                       CODIGO DE LOTE   : L-14926                      FECHA :06/12/2019
                                              -----------------------------
FLUJO        : 
DESCRIPCION  : CATODOS GRADO A
N° INSTR. DE EMBARQUE : 25637
CLIENTE      : RIO BARROW
Lote Sipa    : 19110866

----------------------------------------------------------------------------------------------------------------------------- 
MARCA       DESCRIPCION         PESO NETO      PESO BRUTO     GRUPO     UNIDADES       UBICACION         SERIE                
-----------------------------------------------------------------------------------------------------------------------------

X0RJ    EQUIS ROJA                2,446           2,447         25         20                           L-14926
X0RJ    EQUIS ROJA                2,432           2,433         25         20                           L-14927
X0RJ    EQUIS ROJA                2,366           2,367         25         20                           L-14928
X0RJ    EQUIS ROJA                2,307           2,308         25         20                           L-14929
X0RJ    EQUIS ROJA                2,180           2,181         25         20                           L-14930
X0RJ    EQUIS ROJA                2,094           2,095         25         20                           L-14931
X0RJ    EQUIS ROJA                2,208           2,209         17         20                           L-14932
X0RJ    EQUIS ROJA                2,439           2,440         17         20                           L-14933
X0RJ    EQUIS ROJA                2,117           2,118         17         20                           L-14934
X0RJ    EQUIS ROJA                2,192           2,193         25         20                           L-14935
X0RJ    EQUIS ROJA                2,453           2,454         04         20                           L-14936
X0RJ    EQUIS ROJA                2,447           2,448         04         20                           L-14937
X0RJ    EQUIS ROJA                2,410           2,411         04         20                           L-14938
X0RJ    EQUIS ROJA                1,917           1,918         25         20                           L-14939
X0RJ    EQUIS ROJA                2,265           2,266         25         20                           L-14940
X0RJ    EQUIS ROJA                2,374           2,375         04         20                           L-14941
X0RJ    EQUIS ROJA                2,409           2,410         04         20                           L-14942
X0RJ    EQUIS ROJA                2,258           2,259         04         20                           L-14943
X0RJ    EQUIS ROJA                2,239           2,240         04         20                           L-14944
X0RJ    EQUIS ROJA                2,384           2,385         04         20                           L-14945
X0RJ    EQUIS ROJA                2,430           2,431         04         20                           L-14946
X0RJ    EQUIS ROJA                2,366           2,367         04         20                           L-14947
X0RJ    EQUIS ROJA                2,440           2,441         04         20                           L-14948
X0RJ    EQUIS ROJA                2,308           2,309         04         20                           L-14949
X0RJ    EQUIS ROJA                2,411           2,412         04         20                           L-14950
X0RJ    EQUIS ROJA                2,413           2,414         04         20                           L-14951
X0RJ    EQUIS ROJA                2,440           2,441         04         20                           L-14952
X0RJ    EQUIS ROJA                2,366           2,367         04         20                           L-14953
X0RJ    EQUIS ROJA                2,347           2,348         04         20                           L-14954
X0RJ    EQUIS ROJA                2,132           2,133         04         20                           L-14955
X0RJ    EQUIS ROJA                2,302           2,303         17         20                           L-14956
X0RJ    EQUIS ROJA                2,249           2,250         17         20                           L-14957
X0RJ    EQUIS ROJA                2,292           2,293         17         20                           L-14958
X0RJ    EQUIS ROJA                2,340           2,341         17         20                           L-14959
X0RJ    EQUIS ROJA                2,077           2,078         17         20                           L-14960
X0RJ    EQUIS ROJA                2,222           2,223         17         20                           L-14961
X0RJ    EQUIS ROJA                2,213           2,214         17         20                           L-14962
X0RJ    EQUIS ROJA                2,336           2,337         17         20                           L-14963
X0RJ    EQUIS ROJA                2,123           2,124         17         20                           L-14964
X0RJ    EQUIS ROJA                2,251           2,252         17         20                           L-14965
X0RJ    EQUIS ROJA                2,346           2,347         17         20                           L-14966
X0RJ    EQUIS ROJA                2,200           2,201         17         20                           L-14967
X0RJ    EQUIS ROJA                2,341           2,342         17         20                           L-14968
X0RJ    EQUIS ROJA                2,303           2,304         17         20                           L-14969
X0RJ    EQUIS ROJA                2,354           2,355         17         20                           L-14970









EMPRESA NACIONAL DE MINERIA (ENM) PRODUCTOR          PACKING LIST                             PAG.  :   2
NATIONAL MINING COMPANY                       CODIGO DE LOTE   : L-14926                      FECHA :06/12/2019
                                              -----------------------------
FLUJO        : 
DESCRIPCION  : CATODOS GRADO A
N° INSTR. DE EMBARQUE : 25637
CLIENTE      : RIO BARROW
Lote Sipa    : 19110866

----------------------------------------------------------------------------------------------------------------------------- 
MARCA       DESCRIPCION         PESO NETO      PESO BRUTO     GRUPO     UNIDADES       UBICACION         SERIE                
-----------------------------------------------------------------------------------------------------------------------------

X0RJ    EQUIS ROJA                2,118           2,119         17         20                           L-14971
X0RJ    EQUIS ROJA                1,972           1,973         17         20                           L-14972
X0RJ    EQUIS ROJA                2,459           2,460         25         20                           L-14973
X0RJ    EQUIS ROJA                2,142           2,143         17         20                           L-14974
X0RJ    EQUIS ROJA                1,982           1,983         17         20                           L-14975
X0RJ    EQUIS ROJA                2,084           2,085         17         20                           L-14976
X0RJ    EQUIS ROJA                2,050           2,051         17         20                           L-14977
X0RJ    EQUIS ROJA                2,171           2,172         17         20                           L-14978
X0RJ    EQUIS ROJA                2,009           2,010         17         20                           L-14979
X0RJ    EQUIS ROJA                2,359           2,360         17         20                           L-14980
X0RJ    EQUIS ROJA                2,269           2,270         25         20                           L-14981
X0RJ    EQUIS ROJA                2,077           2,078         17         20                           L-14982
X0RJ    EQUIS ROJA                2,376           2,377         17         20                           L-14983
X0RJ    EQUIS ROJA                2,344           2,345         17         20                           L-14984
X0RJ    EQUIS ROJA                1,930           1,931         17         20                           L-14985
X0RJ    EQUIS ROJA                2,343           2,344         17         20                           L-14986
X0RJ    EQUIS ROJA                2,291           2,292         17         20                           L-14987
X0RJ    EQUIS ROJA                2,289           2,290         17         20                           L-14988
X0RJ    EQUIS ROJA                2,330           2,331         19         20                           L-14989
X0RJ    EQUIS ROJA                2,370           2,371         19         20                           L-14990
X0RJ    EQUIS ROJA                2,371           2,372         19         20                           L-14991


------------------------------------------------------------------------------------------------------------------------
T.SUB-LOTES              TOT.PAQUETES =66      TOT.UNID. = 1320   T/P NETO (kg) = 149,875      T/P BRUTO (kg) = 149,941
------------------------------------------------------------------------------------------------------------------------
