
EMPRESA NACIONAL DE MINERIA (ENM) PRODUCTOR          PACKING LIST                             PAG.  :   1
NATIONAL MINING COMPANY                       CODIGO DE LOTE   : L-16228                      FECHA :03/12/2018
                                              -----------------------------
FLUJO        : 
DESCRIPCION  : CATODOS GRADO A
N° INSTR. DE EMBARQUE : 24971
CLIENTE      : NORDIC BEIJING
Lote Sipa    : 18110675

----------------------------------------------------------------------------------------------------------------------------- 
MARCA       DESCRIPCION         PESO NETO      PESO BRUTO     GRUPO     UNIDADES       UBICACION         SERIE                
-----------------------------------------------------------------------------------------------------------------------------

03AZ    TRES FRANJAS AZULES       2,245           2,246         46         20                           L-16228
03AZ    TRES FRANJAS AZULES       2,258           2,259         46         20                           L-16229
03AZ    TRES FRANJAS AZULES       2,096           2,097         46         20                           L-16230
03AZ    TRES FRANJAS AZULES       2,268           2,269         18         20                           L-16231
03AZ    TRES FRANJAS AZULES       2,302           2,303         18         20                           L-16232
03AZ    TRES FRANJAS AZULES       2,168           2,169         18         20                           L-16233
03AZ    TRES FRANJAS AZULES       2,367           2,368         45         20                           L-16234
03AZ    TRES FRANJAS AZULES       2,237           2,238         45         20                           L-16235
03AZ    TRES FRANJAS AZULES       2,279           2,280         45         20                           L-16236
03AZ    TRES FRANJAS AZULES       2,249           2,250         45         20                           L-16237
03AZ    TRES FRANJAS AZULES       2,306           2,307         45         20                           L-16238
03AZ    TRES FRANJAS AZULES       2,041           2,042         45         20                           L-16239
03AZ    TRES FRANJAS AZULES       2,347           2,348         45         20                           L-16240
03AZ    TRES FRANJAS AZULES       2,270           2,271         45         20                           L-16241
03AZ    TRES FRANJAS AZULES       2,195           2,196         45         20                           L-16242
03AZ    TRES FRANJAS AZULES       2,173           2,174         45         20                           L-16243
03AZ    TRES FRANJAS AZULES       2,291           2,292         45         20                           L-16244
03AZ    TRES FRANJAS AZULES       2,203           2,204         45         20                           L-16245
03AZ    TRES FRANJAS AZULES       2,278           2,279         45         20                           L-16246
03AZ    TRES FRANJAS AZULES       2,447           2,448         45         20                           L-16247
03AZ    TRES FRANJAS AZULES       2,463           2,464         45         20                           L-16248
03AZ    TRES FRANJAS AZULES       2,476           2,477         45         20                           L-16249


------------------------------------------------------------------------------------------------------------------------
T.SUB-LOTES              TOT.PAQUETES =22      TOT.UNID. = 440   T/P NETO (kg) = 49,959      T/P BRUTO (kg) = 49,981
------------------------------------------------------------------------------------------------------------------------
