
EMPRESA NACIONAL DE MINERIA (ENM) PRODUCTOR          PACKING LIST                             PAG.  :   1
NATIONAL MINING COMPANY                       CODIGO DE LOTE   : M-2380                      FECHA :21/12/2022
                                              -----------------------------
FLUJO        : 
DESCRIPCION  : CATODOS EW TALTAL
N° INSTR. DE EMBARQUE : 930318
CLIENTE      : 
Lote Sipa    : 22120409

----------------------------------------------------------------------------------------------------------------------------- 
MARCA       DESCRIPCION         PESO NETO      PESO BRUTO     GRUPO     UNIDADES       UBICACION         SERIE                
-----------------------------------------------------------------------------------------------------------------------------

18AM    18 FRANJAS AMARILLAS      2,015           2,016                    69                           M-2380 
18AM    18 FRANJAS AMARILLAS      2,030           2,031                    64                           M-2381 
18AM    18 FRANJAS AMARILLAS      2,003           2,004                    65                           M-2382 
18AM    18 FRANJAS AMARILLAS      2,026           2,027                    66                           M-2383 
18AM    18 FRANJAS AMARILLAS      2,016           2,017                    68                           M-2384 
18AM    18 FRANJAS AMARILLAS      2,023           2,024                    73                           M-2385 
18AM    18 FRANJAS AMARILLAS      2,004           2,005                    65                           M-2386 
18AM    18 FRANJAS AMARILLAS      2,023           2,024                    70                           M-2387 
18AM    18 FRANJAS AMARILLAS      2,004           2,005                    63                           M-2388 
18AM    18 FRANJAS AMARILLAS      2,009           2,010                    61                           M-2389 
18AM    18 FRANJAS AMARILLAS      2,028           2,029                    50                           M-2390 
18AM    18 FRANJAS AMARILLAS      2,034           2,035                    71                           M-2391 
18AM    18 FRANJAS AMARILLAS      2,013           2,014                    73                           M-2392 
18AM    18 FRANJAS AMARILLAS      2,004           2,005                    60                           M-2393 


------------------------------------------------------------------------------------------------------------------------
T.SUB-LOTES              TOT.PAQUETES =14      TOT.UNID. = 918   T/P NETO (kg) = 28,232      T/P BRUTO (kg) = 28,246
------------------------------------------------------------------------------------------------------------------------
