
EMPRESA NACIONAL DE MINERIA (ENM) PRODUCTOR          PACKING LIST                             PAG.  :   1
NATIONAL MINING COMPANY                       CODIGO DE LOTE   : B-10210                      FECHA :07/03/2022
                                              -----------------------------
FLUJO        : 
DESCRIPCION  : CATODOS GRADO A
N° INSTR. DE EMBARQUE : 27228
CLIENTE      : CORCOVADO                               
Lote Sipa    : 22020365

----------------------------------------------------------------------------------------------------------------------------- 
MARCA       DESCRIPCION         PESO NETO      PESO BRUTO     GRUPO     UNIDADES       UBICACION         SERIE                
-----------------------------------------------------------------------------------------------------------------------------

01CE    FRANJA CELESTE            2,299           2,300         20         20                           B-10210
01CE    FRANJA CELESTE            2,141           2,142         25         20                           B-10211
01CE    FRANJA CELESTE            2,336           2,337         25         20                           B-10212
01CE    FRANJA CELESTE            2,539           2,540         25         20                           B-10213
01CE    FRANJA CELESTE            2,217           2,218         46         20                           B-10214
01CE    FRANJA CELESTE            2,131           2,132         46         20                           B-10215
01CE    FRANJA CELESTE            2,359           2,360         46         20                           B-10216
01CE    FRANJA CELESTE            2,347           2,348         25         20                           B-10217
01CE    FRANJA CELESTE            2,532           2,533         25         20                           B-10218
01CE    FRANJA CELESTE            2,373           2,374         25         20                           B-10219
01CE    FRANJA CELESTE            2,263           2,264         46         20                           B-10220
01CE    FRANJA CELESTE            2,129           2,130         46         20                           B-10221
01CE    FRANJA CELESTE            2,365           2,366         25         20                           B-10222
01CE    FRANJA CELESTE            2,251           2,252         25         20                           B-10223
01CE    FRANJA CELESTE            2,064           2,065         25         20                           B-10224
01CE    FRANJA CELESTE            2,491           2,492         25         20                           B-10225
01CE    FRANJA CELESTE            2,531           2,532         46         20                           B-10226
01CE    FRANJA CELESTE            2,160           2,161         33         20                           B-10227
01CE    FRANJA CELESTE            2,507           2,508         33         20                           B-10228
01CE    FRANJA CELESTE            2,303           2,304         25         20                           B-10229
01CE    FRANJA CELESTE            2,505           2,506         25         20                           B-10230
01CE    FRANJA CELESTE            2,275           2,276         25         20                           B-10231
01CE    FRANJA CELESTE            2,306           2,307         33         20                           B-10232
01CE    FRANJA CELESTE            2,549           2,550         25         20                           B-10233
01CE    FRANJA CELESTE            2,377           2,378         33         20                           B-10234
01CE    FRANJA CELESTE            2,387           2,388         33         20                           B-10235
01CE    FRANJA CELESTE            2,304           2,305         45         20                           B-10236
01CE    FRANJA CELESTE            2,221           2,222         15         20                           B-10237
01CE    FRANJA CELESTE            2,301           2,302         15         20                           B-10238
01CE    FRANJA CELESTE            2,377           2,378         33         20                           B-10239
01CE    FRANJA CELESTE            2,263           2,264         15         20                           B-10240
01CE    FRANJA CELESTE            2,203           2,204         33         20                           B-10241
01CE    FRANJA CELESTE            2,251           2,252         33         20                           B-10242
01CE    FRANJA CELESTE            2,337           2,338         15         20                           B-10243
01CE    FRANJA CELESTE            2,309           2,310         15         20                           B-10244
01CE    FRANJA CELESTE            2,423           2,424         33         20                           B-10245
01CE    FRANJA CELESTE            2,338           2,339         33         20                           B-10246
01CE    FRANJA CELESTE            2,279           2,280         15         20                           B-10247
01CE    FRANJA CELESTE            2,435           2,436         15         20                           B-10248
01CE    FRANJA CELESTE            2,307           2,308         33         20                           B-10249
01CE    FRANJA CELESTE            2,467           2,468         33         20                           B-10250
01CE    FRANJA CELESTE            2,339           2,340         33         20                           B-10251
01CE    FRANJA CELESTE            2,585           2,586         25         20                           B-10252
01CE    FRANJA CELESTE            2,407           2,408         25         20                           B-10253
01CE    FRANJA CELESTE            2,141           2,142         25         20                           B-10254









EMPRESA NACIONAL DE MINERIA (ENM) PRODUCTOR          PACKING LIST                             PAG.  :   2
NATIONAL MINING COMPANY                       CODIGO DE LOTE   : B-10210                      FECHA :07/03/2022
                                              -----------------------------
FLUJO        : 
DESCRIPCION  : CATODOS GRADO A
N° INSTR. DE EMBARQUE : 27228
CLIENTE      : CORCOVADO                               
Lote Sipa    : 22020365

----------------------------------------------------------------------------------------------------------------------------- 
MARCA       DESCRIPCION         PESO NETO      PESO BRUTO     GRUPO     UNIDADES       UBICACION         SERIE                
-----------------------------------------------------------------------------------------------------------------------------

01CE    FRANJA CELESTE            2,493           2,494         25         20                           B-10255
01CE    FRANJA CELESTE            2,339           2,340         25         20                           B-10256
01CE    FRANJA CELESTE            2,291           2,292         15         20                           B-10257
01CE    FRANJA CELESTE            2,281           2,282         15         20                           B-10258
01CE    FRANJA CELESTE            2,321           2,322         15         20                           B-10259
01CE    FRANJA CELESTE            2,371           2,372         25         20                           B-10260
01CE    FRANJA CELESTE            2,263           2,264         33         20                           B-10261
01CE    FRANJA CELESTE            2,277           2,278         15         20                           B-10262
01CE    FRANJA CELESTE            2,240           2,241         15         20                           B-10263
01CE    FRANJA CELESTE            2,177           2,178         15         20                           B-10264
01CE    FRANJA CELESTE            2,381           2,382         15         20                           B-10265
01CE    FRANJA CELESTE            2,573           2,574         25         20                           B-10266
01CE    FRANJA CELESTE            2,147           2,148         25         20                           B-10267
01CE    FRANJA CELESTE            2,339           2,340         33         20                           B-10268
01CE    FRANJA CELESTE            2,359           2,360         15         20                           B-10269
01CE    FRANJA CELESTE            2,425           2,426         33         20                           B-10270
01CE    FRANJA CELESTE            2,527           2,528         25         20                           B-10271
01CE    FRANJA CELESTE            2,133           2,134         25         20                           B-10272
01CE    FRANJA CELESTE            2,261           2,262         15         20                           B-10273
01CE    FRANJA CELESTE            2,117           2,118         15         20                           B-10274
01CE    FRANJA CELESTE            2,389           2,390         25         20                           B-10275
01CE    FRANJA CELESTE            2,584           2,585         25         20                           B-10276
01CE    FRANJA CELESTE            2,337           2,338         25         20                           B-10277
01CE    FRANJA CELESTE            2,415           2,416         25         20                           B-10278
01CE    FRANJA CELESTE            2,545           2,546         25         20                           B-10279
01CE    FRANJA CELESTE            2,283           2,284         25         20                           B-10280
01CE    FRANJA CELESTE            2,450           2,451         25         20                           B-10281
01CE    FRANJA CELESTE            2,519           2,520         25         20                           B-10282
01CE    FRANJA CELESTE            2,469           2,470         25         20                           B-10283
01CE    FRANJA CELESTE            2,480           2,481         25         20                           B-10284
01CE    FRANJA CELESTE            2,325           2,326         25         20                           B-10285
01CE    FRANJA CELESTE            2,313           2,314         15         20                           B-10286
01CE    FRANJA CELESTE            2,499           2,500         25         20                           B-10287
01CE    FRANJA CELESTE            2,559           2,560         25         20                           B-10288
01CE    FRANJA CELESTE            2,195           2,196         15         20                           B-10289
01CE    FRANJA CELESTE            2,404           2,405         04         20                           B-10290
01CE    FRANJA CELESTE            2,456           2,457         25         20                           B-10291
01CE    FRANJA CELESTE            2,318           2,319         15         20                           B-10292
01CE    FRANJA CELESTE            2,475           2,476         15         20                           B-10293
01CE    FRANJA CELESTE            2,191           2,192         15         20                           B-10294
01CE    FRANJA CELESTE            2,459           2,460         04         20                           B-10295
01CE    FRANJA CELESTE            2,493           2,494         25         20                           B-10296
01CE    FRANJA CELESTE            2,215           2,216         15         20                           B-10297
01CE    FRANJA CELESTE            2,269           2,270         15         20                           B-10298
01CE    FRANJA CELESTE            2,551           2,552         04         20                           B-10299









EMPRESA NACIONAL DE MINERIA (ENM) PRODUCTOR          PACKING LIST                             PAG.  :   3
NATIONAL MINING COMPANY                       CODIGO DE LOTE   : B-10210                      FECHA :07/03/2022
                                              -----------------------------
FLUJO        : 
DESCRIPCION  : CATODOS GRADO A
N° INSTR. DE EMBARQUE : 27228
CLIENTE      : CORCOVADO                               
Lote Sipa    : 22020365

----------------------------------------------------------------------------------------------------------------------------- 
MARCA       DESCRIPCION         PESO NETO      PESO BRUTO     GRUPO     UNIDADES       UBICACION         SERIE                
-----------------------------------------------------------------------------------------------------------------------------

01CE    FRANJA CELESTE            2,527           2,528         04         20                           B-10300
01CE    FRANJA CELESTE            2,491           2,492         04         20                           B-10301
01CE    FRANJA CELESTE            2,409           2,410         04         20                           B-10302
01CE    FRANJA CELESTE            2,475           2,476         25         20                           B-10303
01CE    FRANJA CELESTE            2,479           2,480         25         20                           B-10304
01CE    FRANJA CELESTE            2,358           2,359         15         20                           B-10305
01CE    FRANJA CELESTE            2,599           2,600         25         20                           B-10306
01CE    FRANJA CELESTE            2,249           2,250         15         20                           B-10307
01CE    FRANJA CELESTE            2,487           2,488         15         20                           B-10308
01CE    FRANJA CELESTE            2,412           2,413         15         20                           B-10309
01CE    FRANJA CELESTE            2,441           2,442         04         20                           B-10310
01CE    FRANJA CELESTE            2,378           2,379         04         20                           B-10311
01CE    FRANJA CELESTE            2,427           2,428         04         20                           B-10312
01CE    FRANJA CELESTE            2,287           2,288         15         20                           B-10313
01CE    FRANJA CELESTE            2,447           2,448         04         20                           B-10314
01CE    FRANJA CELESTE            2,238           2,239         15         20                           B-10315
01CE    FRANJA CELESTE            2,117           2,118         15         20                           B-10316
01CE    FRANJA CELESTE            2,243           2,244         15         20                           B-10317
01CE    FRANJA CELESTE            2,526           2,527         04         20                           B-10318
01CE    FRANJA CELESTE            2,347           2,348         04         20                           B-10319
01CE    FRANJA CELESTE            2,441           2,442         15         20                           B-10320
01CE    FRANJA CELESTE            2,518           2,519         04         20                           B-10321
01CE    FRANJA CELESTE            2,253           2,254         04         20                           B-10322
01CE    FRANJA CELESTE            2,243           2,244         15         20                           B-10323
01CE    FRANJA CELESTE            2,272           2,273         15         20                           B-10324
01CE    FRANJA CELESTE            2,119           2,120         15         20                           B-10325
01CE    FRANJA CELESTE            2,352           2,353         15         20                           B-10326
01CE    FRANJA CELESTE            2,169           2,170         15         20                           B-10327
01CE    FRANJA CELESTE            2,425           2,426         15         20                           B-10328
01CE    FRANJA CELESTE            2,365           2,366         04         20                           B-10329
01CE    FRANJA CELESTE            2,376           2,377         04         20                           B-10330
01CE    FRANJA CELESTE            2,459           2,460         04         20                           B-10331
01CE    FRANJA CELESTE            2,293           2,294         04         20                           B-10332
01CE    FRANJA CELESTE            2,446           2,447         25         20                           B-10333
01CE    FRANJA CELESTE            2,473           2,474         16         20                           B-10334
01CE    FRANJA CELESTE            2,327           2,328         16         20                           B-10335
01CE    FRANJA CELESTE            2,376           2,377         16         20                           B-10336
01CE    FRANJA CELESTE            2,191           2,192         29         20                           B-10337
01CE    FRANJA CELESTE            2,427           2,428         29         20                           B-10338
01CE    FRANJA CELESTE            2,141           2,142         29         20                           B-10339
01CE    FRANJA CELESTE            2,469           2,470         29         20                           B-10340
01CE    FRANJA CELESTE            2,352           2,353         29         20                           B-10341
01CE    FRANJA CELESTE            2,394           2,395         29         20                           B-10342
01CE    FRANJA CELESTE            2,431           2,432         18         20                           B-10343
01CE    FRANJA CELESTE            2,484           2,485         18         20                           B-10344









EMPRESA NACIONAL DE MINERIA (ENM) PRODUCTOR          PACKING LIST                             PAG.  :   4
NATIONAL MINING COMPANY                       CODIGO DE LOTE   : B-10210                      FECHA :07/03/2022
                                              -----------------------------
FLUJO        : 
DESCRIPCION  : CATODOS GRADO A
N° INSTR. DE EMBARQUE : 27228
CLIENTE      : CORCOVADO                               
Lote Sipa    : 22020365

----------------------------------------------------------------------------------------------------------------------------- 
MARCA       DESCRIPCION         PESO NETO      PESO BRUTO     GRUPO     UNIDADES       UBICACION         SERIE                
-----------------------------------------------------------------------------------------------------------------------------

01CE    FRANJA CELESTE            2,368           2,369         18         20                           B-10345
01CE    FRANJA CELESTE            2,265           2,266         05         20                           B-10346
01CE    FRANJA CELESTE            2,461           2,462         18         20                           B-10347
01CE    FRANJA CELESTE            2,503           2,504         18         20                           B-10348
01CE    FRANJA CELESTE            2,527           2,528         16         20                           B-10349
01CE    FRANJA CELESTE            2,465           2,466         29         20                           B-10350
01CE    FRANJA CELESTE            2,379           2,380         05         20                           B-10351
01CE    FRANJA CELESTE            2,505           2,506         05         20                           B-10352
01CE    FRANJA CELESTE            2,252           2,253         26         20                           B-10353
01CE    FRANJA CELESTE            2,493           2,494         29         20                           B-10354
01CE    FRANJA CELESTE            2,337           2,338         05         20                           B-10355
01CE    FRANJA CELESTE            2,139           2,140         05         20                           B-10356
01CE    FRANJA CELESTE            2,485           2,486         29         20                           B-10357
01CE    FRANJA CELESTE            2,421           2,422         29         20                           B-10358
01CE    FRANJA CELESTE            2,600           2,601         29         20                           B-10359
01CE    FRANJA CELESTE            2,227           2,228         05         20                           B-10360
01CE    FRANJA CELESTE            2,357           2,358         29         20                           B-10361
01CE    FRANJA CELESTE            2,196           2,197         18         20                           B-10362
01CE    FRANJA CELESTE            2,412           2,413         29         20                           B-10363
01CE    FRANJA CELESTE            2,433           2,434         05         20                           B-10364
01CE    FRANJA CELESTE            2,397           2,398         05         20                           B-10365
01CE    FRANJA CELESTE            2,515           2,516         05         20                           B-10366
01CE    FRANJA CELESTE            2,422           2,423         29         20                           B-10367
01CE    FRANJA CELESTE            2,345           2,346         05         20                           B-10368
01CE    FRANJA CELESTE            2,371           2,372         05         20                           B-10369
01CE    FRANJA CELESTE            2,464           2,465         05         20                           B-10370
01CE    FRANJA CELESTE            2,390           2,391         29         20                           B-10371
01CE    FRANJA CELESTE            2,457           2,458         05         20                           B-10372
01CE    FRANJA CELESTE            2,389           2,390         05         20                           B-10373
01CE    FRANJA CELESTE            2,372           2,373         05         20                           B-10374
01CE    FRANJA CELESTE            2,371           2,372         29         20                           B-10375
01CE    FRANJA CELESTE            2,479           2,480         05         20                           B-10376
01CE    FRANJA CELESTE            2,457           2,458         05         20                           B-10377
01CE    FRANJA CELESTE            2,495           2,496         18         20                           B-10378
01CE    FRANJA CELESTE            2,459           2,460         18         20                           B-10379
01CE    FRANJA CELESTE            2,550           2,551         05         20                           B-10380
01CE    FRANJA CELESTE            2,529           2,530         05         20                           B-10381
01CE    FRANJA CELESTE            2,587           2,588         18         20                           B-10382
01CE    FRANJA CELESTE            2,465           2,466         05         20                           B-10383
01CE    FRANJA CELESTE            2,395           2,396         29         20                           B-10384
01CE    FRANJA CELESTE            2,401           2,402         05         20                           B-10385
01CE    FRANJA CELESTE            2,435           2,436         05         20                           B-10386
01CE    FRANJA CELESTE            2,659           2,660         45         20                           B-10387
01CE    FRANJA CELESTE            2,349           2,350         45         20                           B-10388
01CE    FRANJA CELESTE            2,363           2,364         05         20                           B-10389









EMPRESA NACIONAL DE MINERIA (ENM) PRODUCTOR          PACKING LIST                             PAG.  :   5
NATIONAL MINING COMPANY                       CODIGO DE LOTE   : B-10210                      FECHA :07/03/2022
                                              -----------------------------
FLUJO        : 
DESCRIPCION  : CATODOS GRADO A
N° INSTR. DE EMBARQUE : 27228
CLIENTE      : CORCOVADO                               
Lote Sipa    : 22020365

----------------------------------------------------------------------------------------------------------------------------- 
MARCA       DESCRIPCION         PESO NETO      PESO BRUTO     GRUPO     UNIDADES       UBICACION         SERIE                
-----------------------------------------------------------------------------------------------------------------------------

01CE    FRANJA CELESTE            2,591           2,592         45         20                           B-10390
01CE    FRANJA CELESTE            2,159           2,160         18         20                           B-10391
01CE    FRANJA CELESTE            2,578           2,579         29         20                           B-10392
01CE    FRANJA CELESTE            2,476           2,477         45         20                           B-10393
01CE    FRANJA CELESTE            2,529           2,530         05         20                           B-10394
01CE    FRANJA CELESTE            2,095           2,096         18         20                           B-10395
01CE    FRANJA CELESTE            2,359           2,360         18         20                           B-10396
01CE    FRANJA CELESTE            2,312           2,313         05         20                           B-10397
01CE    FRANJA CELESTE            2,462           2,463         29         20                           B-10398
01CE    FRANJA CELESTE            2,402           2,403         05         20                           B-10399
01CE    FRANJA CELESTE            2,373           2,374         05         20                           B-10400
01CE    FRANJA CELESTE            2,430           2,431         05         20                           B-10401
01CE    FRANJA CELESTE            2,243           2,244         18         20                           B-10402
01CE    FRANJA CELESTE            2,531           2,532         29         20                           B-10403
01CE    FRANJA CELESTE            2,279           2,280         05         20                           B-10404
01CE    FRANJA CELESTE            2,596           2,597         45         20                           B-10405
01CE    FRANJA CELESTE            2,323           2,324         18         20                           B-10406
01CE    FRANJA CELESTE            2,581           2,582         45         20                           B-10407
01CE    FRANJA CELESTE            2,375           2,376         18         20                           B-10408
01CE    FRANJA CELESTE            2,419           2,420         05         20                           B-10409
01CE    FRANJA CELESTE            2,445           2,446         05         20                           B-10410
01CE    FRANJA CELESTE            2,497           2,498         45         20                           B-10411
01CE    FRANJA CELESTE            2,470           2,471         45         20                           B-10412
01CE    FRANJA CELESTE            2,551           2,552         45         20                           B-10413
01CE    FRANJA CELESTE            2,575           2,576         29         20                           B-10414
01CE    FRANJA CELESTE            2,436           2,437         29         20                           B-10415
01CE    FRANJA CELESTE            2,512           2,513         29         20                           B-10416
01CE    FRANJA CELESTE            2,494           2,495         05         20                           B-10417
01CE    FRANJA CELESTE            2,386           2,387         16         20                           B-10418
01CE    FRANJA CELESTE            2,305           2,306         16         20                           B-10419


------------------------------------------------------------------------------------------------------------------------
T.SUB-LOTES              TOT.PAQUETES =210      TOT.UNID. = 4200   T/P NETO (kg) = 499,990      T/P BRUTO (kg) = 500,200
------------------------------------------------------------------------------------------------------------------------
