
EMPRESA NACIONAL DE MINERIA (ENM) PRODUCTOR          PACKING LIST                             PAG.  :   1
NATIONAL MINING COMPANY                       CODIGO DE LOTE   : A-40022                      FECHA :02/06/2018
                                              -----------------------------
FLUJO        : 
DESCRIPCION  : CATODOS EW  OFF GRADE
N° INSTR. DE EMBARQUE : 55515
CLIENTE      : 
Lote Sipa    : 18020702

----------------------------------------------------------------------------------------------------------------------------- 
MARCA       DESCRIPCION         PESO NETO      PESO BRUTO     GRUPO     UNIDADES       UBICACION         SERIE                
-----------------------------------------------------------------------------------------------------------------------------

01CE    FRANJA CELESTE            2,430           2,431         49         40                           A-40022
01CE    FRANJA CELESTE            1,805           1,806         49         33                           B-40037
01CE    FRANJA CELESTE            1,835           1,836         49         29                           C-40024
01CE    FRANJA CELESTE            1,819           1,820         49         26                           C-40025
01CE    FRANJA CELESTE            2,369           2,370         49         39                           C-40026
01CE    FRANJA CELESTE            2,211           2,212         49         38                           C-40027
01CE    FRANJA CELESTE            2,326           2,327         49         44                           C-40028
01CE    FRANJA CELESTE            2,339           2,340         49         40                           C-40029
01CE    FRANJA CELESTE            2,305           2,306         49         37                           C-40030
01CE    FRANJA CELESTE            1,871           1,872         49         29                           C-40031
01CE    FRANJA CELESTE            2,122           2,123         49         32                           C-40032
01CE    FRANJA CELESTE            2,204           2,205         49         33                           C-40033
01CE    FRANJA CELESTE            2,094           2,095         49         39                           C-40034
01CE    FRANJA CELESTE            2,229           2,230         49         30                           C-40035
01CE    FRANJA CELESTE            2,019           2,020         49         30                           C-40036
01CE    FRANJA CELESTE            2,172           2,173         49         32                           C-40037
01CE    FRANJA CELESTE            2,307           2,308         49         32                           C-40038
01CE    FRANJA CELESTE            2,295           2,296         49         38                           C-40039
01CE    FRANJA CELESTE            2,275           2,276         49         31                           C-40040
01CE    FRANJA CELESTE            2,303           2,304         49         37                           C-40041
01CE    FRANJA CELESTE            2,405           2,406         49         37                           C-40042
01CE    FRANJA CELESTE            2,127           2,128         49         32                           C-40043
01CE    FRANJA CELESTE            2,177           2,178         49         35                           C-40044


------------------------------------------------------------------------------------------------------------------------
T.SUB-LOTES              TOT.PAQUETES =23      TOT.UNID. = 793   T/P NETO (kg) = 50,039      T/P BRUTO (kg) = 50,062
------------------------------------------------------------------------------------------------------------------------
