
EMPRESA NACIONAL DE MINERIA (ENM) PRODUCTOR          PACKING LIST                             PAG.  :   1
NATIONAL MINING COMPANY                       CODIGO DE LOTE   : I-9950                      FECHA :06/10/2020
                                              -----------------------------
FLUJO        : 
DESCRIPCION  : CATODOS GRADO A
N° INSTR. DE EMBARQUE : 26183
CLIENTE      : MAERSK STEPNICA
Lote Sipa    : 

----------------------------------------------------------------------------------------------------------------------------- 
MARCA       DESCRIPCION         PESO NETO      PESO BRUTO     GRUPO     UNIDADES       UBICACION         SERIE                
-----------------------------------------------------------------------------------------------------------------------------

X0BL    EQUIS BLANCA              2,466           2,467         03         20                           I-9950 
X0BL    EQUIS BLANCA              2,210           2,211         27         20                           I-9951 
X0BL    EQUIS BLANCA              2,219           2,220         23         20                           I-9952 
X0BL    EQUIS BLANCA              2,494           2,495         03         20                           I-9953 
X0BL    EQUIS BLANCA              2,340           2,341         03         20                           I-9954 
X0BL    EQUIS BLANCA              2,475           2,476         03         20                           I-9955 
X0BL    EQUIS BLANCA              2,507           2,508         03         20                           I-9956 
X0BL    EQUIS BLANCA              2,453           2,454         03         20                           I-9957 
X0BL    EQUIS BLANCA              2,329           2,330         03         20                           I-9958 
X0BL    EQUIS BLANCA              2,380           2,381         23         20                           I-9959 
X0BL    EQUIS BLANCA              2,456           2,457         23         20                           I-9960 
X0BL    EQUIS BLANCA              2,494           2,495         35         20                           I-9961 
X0BL    EQUIS BLANCA              2,511           2,512         35         20                           I-9962 
X0BL    EQUIS BLANCA              2,479           2,480         35         20                           I-9963 
X0BL    EQUIS BLANCA              2,326           2,327         35         20                           I-9964 
X0BL    EQUIS BLANCA              2,307           2,308         35         20                           I-9965 
X0BL    EQUIS BLANCA              2,478           2,479         35         20                           I-9966 
X0BL    EQUIS BLANCA              2,415           2,416         35         20                           I-9967 
X0BL    EQUIS BLANCA              2,284           2,285         35         20                           I-9968 
X0BL    EQUIS BLANCA              2,466           2,467         35         20                           I-9969 
X0BL    EQUIS BLANCA              2,407           2,408         35         20                           I-9970 
X0BL    EQUIS BLANCA              2,305           2,306         35         20                           I-9971 
X0BL    EQUIS BLANCA              2,352           2,353         35         20                           I-9972 
X0BL    EQUIS BLANCA              2,456           2,457         35         20                           I-9973 
X0BL    EQUIS BLANCA              2,388           2,389         03         20                           I-9974 
X0BL    EQUIS BLANCA              2,339           2,340         35         20                           I-9975 
X0BL    EQUIS BLANCA              2,309           2,310         35         20                           I-9976 
X0BL    EQUIS BLANCA              2,417           2,418         35         20                           I-9977 
X0BL    EQUIS BLANCA              2,383           2,384         35         20                           I-9978 
X0BL    EQUIS BLANCA              2,498           2,499         35         20                           I-9979 
X0BL    EQUIS BLANCA              2,523           2,524         35         20                           I-9980 
X0BL    EQUIS BLANCA              2,266           2,267         35         20                           I-9981 
X0BL    EQUIS BLANCA              2,408           2,409         35         20                           I-9982 
X0BL    EQUIS BLANCA              2,448           2,449         03         20                           I-9983 
X0BL    EQUIS BLANCA              2,347           2,348         03         20                           I-9984 
X0BL    EQUIS BLANCA              2,410           2,411         35         20                           I-9985 
X0BL    EQUIS BLANCA              2,415           2,416         35         20                           I-9986 
X0BL    EQUIS BLANCA              2,505           2,506         35         20                           I-9987 
X0BL    EQUIS BLANCA              2,383           2,384         35         20                           I-9988 
X0BL    EQUIS BLANCA              2,394           2,395         35         20                           I-9989 
X0BL    EQUIS BLANCA              2,398           2,399         35         20                           I-9990 
X0BL    EQUIS BLANCA              2,391           2,392         35         20                           I-9991 
X0BL    EQUIS BLANCA              2,368           2,369         35         20                           I-9992 
X0BL    EQUIS BLANCA              2,294           2,295         35         20                           I-9993 
X0BL    EQUIS BLANCA              2,432           2,433         35         20                           I-9994 









EMPRESA NACIONAL DE MINERIA (ENM) PRODUCTOR          PACKING LIST                             PAG.  :   2
NATIONAL MINING COMPANY                       CODIGO DE LOTE   : I-9950                      FECHA :06/10/2020
                                              -----------------------------
FLUJO        : 
DESCRIPCION  : CATODOS GRADO A
N° INSTR. DE EMBARQUE : 26183
CLIENTE      : MAERSK STEPNICA
Lote Sipa    : 

----------------------------------------------------------------------------------------------------------------------------- 
MARCA       DESCRIPCION         PESO NETO      PESO BRUTO     GRUPO     UNIDADES       UBICACION         SERIE                
-----------------------------------------------------------------------------------------------------------------------------

X0BL    EQUIS BLANCA              2,258           2,259         35         20                           I-9995 
X0BL    EQUIS BLANCA              2,285           2,286         35         20                           I-9996 
X0BL    EQUIS BLANCA              2,362           2,363         35         20                           I-9997 
X0BL    EQUIS BLANCA              2,189           2,190         35         20                           I-9998 
X0BL    EQUIS BLANCA              2,423           2,424         09         20                           I-9999 
X0BL    EQUIS BLANCA              2,436           2,437         28         20                           I-10000
X0BL    EQUIS BLANCA              2,406           2,407         47         20                           I-10001
X0BL    EQUIS BLANCA              2,440           2,441         47         20                           I-10002
X0BL    EQUIS BLANCA              2,327           2,328         47         20                           I-10003
X0BL    EQUIS BLANCA              2,295           2,296         47         20                           I-10004
X0BL    EQUIS BLANCA              2,354           2,355         40         20                           I-10005
X0BL    EQUIS BLANCA              2,206           2,207         21         20                           I-10006
X0BL    EQUIS BLANCA              2,462           2,463         21         20                           I-10007
X0BL    EQUIS BLANCA              2,231           2,232         21         20                           I-10008
X0BL    EQUIS BLANCA              2,456           2,457         21         20                           I-10009
X0BL    EQUIS BLANCA              2,344           2,345         47         20                           I-10010
X0BL    EQUIS BLANCA              2,434           2,435         38         20                           I-10011
X0BL    EQUIS BLANCA              2,449           2,450         47         20                           I-10012
X0BL    EQUIS BLANCA              2,363           2,364         40         20                           I-10013
X0BL    EQUIS BLANCA              2,406           2,407         40         20                           I-10014
X0BL    EQUIS BLANCA              2,216           2,217         47         20                           I-10015
X0BL    EQUIS BLANCA              2,181           2,182         21         20                           I-10016
X0BL    EQUIS BLANCA              2,233           2,234         47         20                           I-10017
X0BL    EQUIS BLANCA              2,363           2,364         40         20                           I-10018
X0BL    EQUIS BLANCA              2,403           2,404         28         20                           I-10019
X0BL    EQUIS BLANCA              2,444           2,445         09         20                           I-10020
X0BL    EQUIS BLANCA              2,404           2,405         28         20                           I-10021
X0BL    EQUIS BLANCA              2,105           2,106         21         20                           I-10022
X0BL    EQUIS BLANCA              2,429           2,430         28         20                           I-10023
X0BL    EQUIS BLANCA              2,382           2,383         09         20                           I-10024
X0BL    EQUIS BLANCA              2,275           2,276         47         20                           I-10025
X0BL    EQUIS BLANCA              2,508           2,509         28         20                           I-10026
X0BL    EQUIS BLANCA              2,358           2,359         40         20                           I-10027
X0BL    EQUIS BLANCA              2,006           2,007         21         20                           I-10028
X0BL    EQUIS BLANCA              2,217           2,218         21         20                           I-10029
X0BL    EQUIS BLANCA              2,299           2,300         47         20                           I-10030
X0BL    EQUIS BLANCA              2,395           2,396         28         20                           I-10031
X0BL    EQUIS BLANCA              2,353           2,354         28         20                           I-10032
X0BL    EQUIS BLANCA              2,308           2,309         21         20                           I-10033
X0BL    EQUIS BLANCA              2,423           2,424         28         20                           I-10034
X0BL    EQUIS BLANCA              2,336           2,337         40         20                           I-10035
X0BL    EQUIS BLANCA              2,404           2,405         40         20                           I-10036
X0BL    EQUIS BLANCA              2,257           2,258         40         20                           I-10037
X0BL    EQUIS BLANCA              2,437           2,438         28         20                           I-10038
X0BL    EQUIS BLANCA              2,175           2,176         47         20                           I-10039









EMPRESA NACIONAL DE MINERIA (ENM) PRODUCTOR          PACKING LIST                             PAG.  :   3
NATIONAL MINING COMPANY                       CODIGO DE LOTE   : I-9950                      FECHA :06/10/2020
                                              -----------------------------
FLUJO        : 
DESCRIPCION  : CATODOS GRADO A
N° INSTR. DE EMBARQUE : 26183
CLIENTE      : MAERSK STEPNICA
Lote Sipa    : 

----------------------------------------------------------------------------------------------------------------------------- 
MARCA       DESCRIPCION         PESO NETO      PESO BRUTO     GRUPO     UNIDADES       UBICACION         SERIE                
-----------------------------------------------------------------------------------------------------------------------------

X0BL    EQUIS BLANCA              2,351           2,352         09         20                           I-10040
X0BL    EQUIS BLANCA              2,518           2,519         28         20                           I-10041
X0BL    EQUIS BLANCA              2,466           2,467         47         20                           I-10042
X0BL    EQUIS BLANCA              2,399           2,400         28         20                           I-10043
X0BL    EQUIS BLANCA              2,376           2,377         28         20                           I-10044
X0BL    EQUIS BLANCA              2,059           2,060         28         20                           I-10045
X0BL    EQUIS BLANCA              2,257           2,258         21         20                           I-10046
X0BL    EQUIS BLANCA              2,105           2,106         47         20                           I-10047
X0BL    EQUIS BLANCA              2,499           2,500         47         20                           I-10048
X0BL    EQUIS BLANCA              2,458           2,459         47         20                           I-10049
X0BL    EQUIS BLANCA              2,298           2,299         21         20                           I-10050
X0BL    EQUIS BLANCA              2,404           2,405         47         20                           I-10051
X0BL    EQUIS BLANCA              2,450           2,451         47         20                           I-10052
X0BL    EQUIS BLANCA              2,382           2,383         40         20                           I-10053
X0BL    EQUIS BLANCA              2,193           2,194         21         20                           I-10054
X0BL    EQUIS BLANCA              2,452           2,453         09         20                           I-10055
X0BL    EQUIS BLANCA              2,407           2,408         09         20                           I-10056
X0BL    EQUIS BLANCA              2,387           2,388         40         20                           I-10057
X0BL    EQUIS BLANCA              2,202           2,203         40         20                           I-10058
X0BL    EQUIS BLANCA              2,416           2,417         47         20                           I-10059
X0BL    EQUIS BLANCA              2,489           2,490         47         20                           I-10060
X0BL    EQUIS BLANCA              2,256           2,257         47         20                           I-10061
X0BL    EQUIS BLANCA              2,469           2,470         28         20                           I-10062
X0BL    EQUIS BLANCA              2,448           2,449         47         20                           I-10063
X0BL    EQUIS BLANCA              2,221           2,222         47         20                           I-10064
X0BL    EQUIS BLANCA              2,243           2,244         21         20                           I-10065
X0BL    EQUIS BLANCA              2,460           2,461         28         20                           I-10066
X0BL    EQUIS BLANCA              2,324           2,325         40         20                           I-10067
X0BL    EQUIS BLANCA              2,231           2,232         21         20                           I-10068
X0BL    EQUIS BLANCA              2,079           2,080         40         20                           I-10069
X0BL    EQUIS BLANCA              2,312           2,313         40         20                           I-10070
X0BL    EQUIS BLANCA              2,388           2,389         28         20                           I-10071
X0BL    EQUIS BLANCA              2,344           2,345         47         20                           I-10072
X0BL    EQUIS BLANCA              2,462           2,463         47         20                           I-10073
X0BL    EQUIS BLANCA              2,466           2,467         28         20                           I-10074
X0BL    EQUIS BLANCA              2,240           2,241         28         20                           I-10075
X0BL    EQUIS BLANCA              2,334           2,335         09         20                           I-10076


------------------------------------------------------------------------------------------------------------------------
T.SUB-LOTES              TOT.PAQUETES =127      TOT.UNID. = 2540   T/P NETO (kg) = 299,807      T/P BRUTO (kg) = 299,934
------------------------------------------------------------------------------------------------------------------------
