
EMPRESA NACIONAL DE MINERIA (ENM) PRODUCTOR          PACKING LIST                             PAG.  :   1
NATIONAL MINING COMPANY                       CODIGO DE LOTE   : F-2210                      FECHA :01/07/2022
                                              -----------------------------
FLUJO        : 
DESCRIPCION  : CATODOS EW VALLENAR
N° INSTR. DE EMBARQUE : 929641
CLIENTE      : 
Lote Sipa    : 22060410

----------------------------------------------------------------------------------------------------------------------------- 
MARCA       DESCRIPCION         PESO NETO      PESO BRUTO     GRUPO     UNIDADES       UBICACION         SERIE                
-----------------------------------------------------------------------------------------------------------------------------

04NA    04 FRANJA NARANJA         2,017           2,018                    80                           F-2210 
04NA    04 FRANJA NARANJA         2,018           2,019                    71                           F-2211 
04NA    04 FRANJA NARANJA         2,027           2,028                    81                           F-2212 
04NA    04 FRANJA NARANJA         2,027           2,028                    71                           F-2213 
04NA    04 FRANJA NARANJA         2,028           2,029                    73                           F-2214 
04NA    04 FRANJA NARANJA         2,028           2,029                    72                           F-2215 
04NA    04 FRANJA NARANJA         2,018           2,019                    72                           F-2216 
04NA    04 FRANJA NARANJA         2,024           2,025                    72                           F-2217 
04NA    04 FRANJA NARANJA         2,030           2,031                    73                           F-2218 
04NA    04 FRANJA NARANJA         2,014           2,015                    70                           F-2219 
04NA    04 FRANJA NARANJA         2,024           2,025                    72                           F-2220 
04NA    04 FRANJA NARANJA         2,013           2,014                    70                           F-2221 
04NA    04 FRANJA NARANJA         2,029           2,030                    74                           F-2222 


------------------------------------------------------------------------------------------------------------------------
T.SUB-LOTES              TOT.PAQUETES =13      TOT.UNID. = 951   T/P NETO (kg) = 26,297      T/P BRUTO (kg) = 26,310
------------------------------------------------------------------------------------------------------------------------
