
EMPRESA NACIONAL DE MINERIA (ENM) PRODUCTOR          PACKING LIST                             PAG.  :   1
NATIONAL MINING COMPANY                       CODIGO DE LOTE   : F-16253                      FECHA :17/07/2020
                                              -----------------------------
FLUJO        : 
DESCRIPCION  : CATODOS GRADO A
N° INSTR. DE EMBARQUE : 26074
CLIENTE      : CHASTINE MAERSK
Lote Sipa    : 

----------------------------------------------------------------------------------------------------------------------------- 
MARCA       DESCRIPCION         PESO NETO      PESO BRUTO     GRUPO     UNIDADES       UBICACION         SERIE                
-----------------------------------------------------------------------------------------------------------------------------

02NA    DOS FRANJAS NARANJAS      2,477           2,478         15         20                           F-16253
02NA    DOS FRANJAS NARANJAS      2,507           2,508         15         20                           F-16254
02NA    DOS FRANJAS NARANJAS      2,425           2,426         12         20                           F-16255
02NA    DOS FRANJAS NARANJAS      2,494           2,495         15         20                           F-16256
02NA    DOS FRANJAS NARANJAS      2,516           2,517         15         20                           F-16257
02NA    DOS FRANJAS NARANJAS      2,499           2,500         33         20                           F-16258
02NA    DOS FRANJAS NARANJAS      2,141           2,142         12         20                           F-16259
02NA    DOS FRANJAS NARANJAS      2,255           2,256         12         20                           F-16260
02NA    DOS FRANJAS NARANJAS      2,343           2,344         17         20                           F-16261
02NA    DOS FRANJAS NARANJAS      2,332           2,333         15         20                           F-16262
02NA    DOS FRANJAS NARANJAS      2,197           2,198         15         20                           F-16263
02NA    DOS FRANJAS NARANJAS      2,174           2,175         15         20                           F-16264
02NA    DOS FRANJAS NARANJAS      2,236           2,237         12         20                           F-16265
02NA    DOS FRANJAS NARANJAS      1,988           1,989         12         20                           F-16266
02NA    DOS FRANJAS NARANJAS      2,561           2,562         17         20                           F-16267
02NA    DOS FRANJAS NARANJAS      2,128           2,129         15         20                           F-16268
02NA    DOS FRANJAS NARANJAS      2,407           2,408         15         20                           F-16269
02NA    DOS FRANJAS NARANJAS      2,336           2,337         17         20                           F-16270
02NA    DOS FRANJAS NARANJAS      2,509           2,510         17         20                           F-16271
02NA    DOS FRANJAS NARANJAS      2,251           2,252         15         20                           F-16272
02NA    DOS FRANJAS NARANJAS      2,319           2,320         39         20                           F-16273
02NA    DOS FRANJAS NARANJAS      2,567           2,568         17         20                           F-16274
02NA    DOS FRANJAS NARANJAS      2,327           2,328         39         20                           F-16275
02NA    DOS FRANJAS NARANJAS      2,404           2,405         15         20                           F-16276
02NA    DOS FRANJAS NARANJAS      2,025           2,026         15         20                           F-16277
02NA    DOS FRANJAS NARANJAS      2,479           2,480         39         20                           F-16278
02NA    DOS FRANJAS NARANJAS      2,328           2,329         15         20                           F-16279
02NA    DOS FRANJAS NARANJAS      2,442           2,443         15         20                           F-16280
02NA    DOS FRANJAS NARANJAS      2,226           2,227         15         20                           F-16281
02NA    DOS FRANJAS NARANJAS      2,466           2,467         17         20                           F-16282
02NA    DOS FRANJAS NARANJAS      2,346           2,347         39         20                           F-16283
02NA    DOS FRANJAS NARANJAS      2,508           2,509         33         20                           F-16284
02NA    DOS FRANJAS NARANJAS      2,019           2,020         12         20                           F-16285
02NA    DOS FRANJAS NARANJAS      2,495           2,496         17         20                           F-16286
02NA    DOS FRANJAS NARANJAS      2,412           2,413         17         20                           F-16287
02NA    DOS FRANJAS NARANJAS      2,527           2,528         33         20                           F-16288
02NA    DOS FRANJAS NARANJAS      2,382           2,383         15         20                           F-16289
02NA    DOS FRANJAS NARANJAS      2,319           2,320         15         20                           F-16290
02NA    DOS FRANJAS NARANJAS      2,396           2,397         39         20                           F-16291
02NA    DOS FRANJAS NARANJAS      2,485           2,486         39         20                           F-16292
02NA    DOS FRANJAS NARANJAS      2,361           2,362         15         20                           F-16293
02NA    DOS FRANJAS NARANJAS      2,451           2,452         15         20                           F-16294
02NA    DOS FRANJAS NARANJAS      2,367           2,368         39         20                           F-16295
02NA    DOS FRANJAS NARANJAS      2,416           2,417         39         20                           F-16296
02NA    DOS FRANJAS NARANJAS      2,363           2,364         17         20                           F-16297









EMPRESA NACIONAL DE MINERIA (ENM) PRODUCTOR          PACKING LIST                             PAG.  :   2
NATIONAL MINING COMPANY                       CODIGO DE LOTE   : F-16253                      FECHA :17/07/2020
                                              -----------------------------
FLUJO        : 
DESCRIPCION  : CATODOS GRADO A
N° INSTR. DE EMBARQUE : 26074
CLIENTE      : CHASTINE MAERSK
Lote Sipa    : 

----------------------------------------------------------------------------------------------------------------------------- 
MARCA       DESCRIPCION         PESO NETO      PESO BRUTO     GRUPO     UNIDADES       UBICACION         SERIE                
-----------------------------------------------------------------------------------------------------------------------------

02NA    DOS FRANJAS NARANJAS      2,290           2,291         39         20                           F-16298
02NA    DOS FRANJAS NARANJAS      2,413           2,414         04         20                           F-16299
02NA    DOS FRANJAS NARANJAS      2,439           2,440         39         20                           F-16300
02NA    DOS FRANJAS NARANJAS      2,243           2,244         17         20                           F-16301
02NA    DOS FRANJAS NARANJAS      2,264           2,265         45         20                           F-16302
02NA    DOS FRANJAS NARANJAS      2,043           2,044         45         20                           F-16303
02NA    DOS FRANJAS NARANJAS      2,397           2,398         39         20                           F-16304
02NA    DOS FRANJAS NARANJAS      2,310           2,311         39         20                           F-16305
02NA    DOS FRANJAS NARANJAS      2,406           2,407         45         20                           F-16306
02NA    DOS FRANJAS NARANJAS      2,335           2,336         45         20                           F-16307
02NA    DOS FRANJAS NARANJAS      2,394           2,395         39         20                           F-16308
02NA    DOS FRANJAS NARANJAS      2,226           2,227         39         20                           F-16309
02NA    DOS FRANJAS NARANJAS      2,209           2,210         45         20                           F-16310
02NA    DOS FRANJAS NARANJAS      2,367           2,368         17         20                           F-16311
02NA    DOS FRANJAS NARANJAS      2,288           2,289         12         20                           F-16312
02NA    DOS FRANJAS NARANJAS      2,477           2,478         45         20                           F-16313
02NA    DOS FRANJAS NARANJAS      2,238           2,239         45         20                           F-16314
02NA    DOS FRANJAS NARANJAS      2,328           2,329         39         20                           F-16315
02NA    DOS FRANJAS NARANJAS      2,353           2,354         39         20                           F-16316
02NA    DOS FRANJAS NARANJAS      2,281           2,282         15         20                           F-16317
02NA    DOS FRANJAS NARANJAS      2,480           2,481         17         20                           F-16318
02NA    DOS FRANJAS NARANJAS      2,507           2,508         39         20                           F-16319
02NA    DOS FRANJAS NARANJAS      2,468           2,469         17         20                           F-16320
02NA    DOS FRANJAS NARANJAS      2,219           2,220         39         20                           F-16321
02NA    DOS FRANJAS NARANJAS      2,299           2,300         12         20                           F-16322
02NA    DOS FRANJAS NARANJAS      2,246           2,247         15         20                           F-16323
02NA    DOS FRANJAS NARANJAS      2,287           2,288         39         20                           F-16324
02NA    DOS FRANJAS NARANJAS      2,271           2,272         39         20                           F-16325
02NA    DOS FRANJAS NARANJAS      2,341           2,342         39         20                           F-16326
02NA    DOS FRANJAS NARANJAS      2,500           2,501         33         20                           F-16327
02NA    DOS FRANJAS NARANJAS      2,158           2,159         12         20                           F-16328
02NA    DOS FRANJAS NARANJAS      2,493           2,494         33         20                           F-16329
02NA    DOS FRANJAS NARANJAS      2,542           2,543         17         20                           F-16330
02NA    DOS FRANJAS NARANJAS      2,329           2,330         39         20                           F-16331
02NA    DOS FRANJAS NARANJAS      2,437           2,438         33         20                           F-16332
02NA    DOS FRANJAS NARANJAS      2,483           2,484         17         20                           F-16333
02NA    DOS FRANJAS NARANJAS      2,490           2,491         17         20                           F-16334
02NA    DOS FRANJAS NARANJAS      2,127           2,128         17         20                           F-16335
02NA    DOS FRANJAS NARANJAS      2,433           2,434         17         20                           F-16336
02NA    DOS FRANJAS NARANJAS      2,364           2,365         39         20                           F-16337


------------------------------------------------------------------------------------------------------------------------
T.SUB-LOTES              TOT.PAQUETES =85      TOT.UNID. = 1700   T/P NETO (kg) = 199,981      T/P BRUTO (kg) = 200,066
------------------------------------------------------------------------------------------------------------------------
