
EMPRESA NACIONAL DE MINERIA (ENM) PRODUCTOR          PACKING LIST                             PAG.  :   1
NATIONAL MINING COMPANY                       CODIGO DE LOTE   : C-5763                      FECHA :25/03/2022
                                              -----------------------------
FLUJO        : 
DESCRIPCION  : CATODOS GRADO A
N° INSTR. DE EMBARQUE : 27246
CLIENTE      : SEASPAN BRIGHTNES
Lote Sipa    : 22030059

----------------------------------------------------------------------------------------------------------------------------- 
MARCA       DESCRIPCION         PESO NETO      PESO BRUTO     GRUPO     UNIDADES       UBICACION         SERIE                
-----------------------------------------------------------------------------------------------------------------------------

01NA    FRANJA NARANJA            2,131           2,132         30         20                           C-5763 
01NA    FRANJA NARANJA            2,148           2,149         23         20                           C-5764 
01NA    FRANJA NARANJA            2,387           2,388         30         20                           C-5765 
01NA    FRANJA NARANJA            2,372           2,373         30         20                           C-5766 
01NA    FRANJA NARANJA            2,435           2,436         30         20                           C-5767 
01NA    FRANJA NARANJA            2,251           2,252         36         20                           C-5768 
01NA    FRANJA NARANJA            2,228           2,229         36         20                           C-5769 
01NA    FRANJA NARANJA            2,219           2,220         30         20                           C-5770 
01NA    FRANJA NARANJA            2,209           2,210         30         20                           C-5771 
01NA    FRANJA NARANJA            2,465           2,466         36         20                           C-5772 
01NA    FRANJA NARANJA            2,379           2,380         30         20                           C-5773 
01NA    FRANJA NARANJA            2,215           2,216         30         20                           C-5774 
01NA    FRANJA NARANJA            2,406           2,407         36         20                           C-5775 
01NA    FRANJA NARANJA            2,177           2,178         23         20                           C-5776 
01NA    FRANJA NARANJA            2,454           2,455         23         20                           C-5777 
01NA    FRANJA NARANJA            2,295           2,296         23         20                           C-5778 
01NA    FRANJA NARANJA            2,260           2,261         31         20                           C-5779 
01NA    FRANJA NARANJA            2,388           2,389         36         20                           C-5780 
01NA    FRANJA NARANJA            2,421           2,422         36         20                           C-5781 
01NA    FRANJA NARANJA            2,241           2,242         23         20                           C-5782 
01NA    FRANJA NARANJA            2,364           2,365         31         20                           C-5783 
01NA    FRANJA NARANJA            2,354           2,355         48         20                           C-5784 
01NA    FRANJA NARANJA            2,513           2,514         31         20                           C-5785 
01NA    FRANJA NARANJA            2,316           2,317         31         20                           C-5786 
01NA    FRANJA NARANJA            2,189           2,190         31         20                           C-5787 
01NA    FRANJA NARANJA            2,383           2,384         23         20                           C-5788 
01NA    FRANJA NARANJA            2,099           2,100         31         20                           C-5789 
01NA    FRANJA NARANJA            2,353           2,354         48         20                           C-5790 
01NA    FRANJA NARANJA            2,301           2,302         48         20                           C-5791 
01NA    FRANJA NARANJA            2,254           2,255         31         20                           C-5792 
01NA    FRANJA NARANJA            2,380           2,381         14         20                           C-5793 
01NA    FRANJA NARANJA            2,447           2,448         14         20                           C-5794 
01NA    FRANJA NARANJA            2,246           2,247         31         20                           C-5795 
01NA    FRANJA NARANJA            2,443           2,444         36         20                           C-5796 
01NA    FRANJA NARANJA            2,523           2,524         14         20                           C-5797 
01NA    FRANJA NARANJA            2,109           2,110         31         20                           C-5798 
01NA    FRANJA NARANJA            1,997           1,998         36         20                           C-5799 
01NA    FRANJA NARANJA            2,056           2,057         36         20                           C-5800 
01NA    FRANJA NARANJA            2,161           2,162         36         20                           C-5801 
01NA    FRANJA NARANJA            2,487           2,488         36         20                           C-5802 
01NA    FRANJA NARANJA            2,265           2,266         36         20                           C-5803 
01NA    FRANJA NARANJA            2,195           2,196         36         20                           C-5804 
01NA    FRANJA NARANJA            2,293           2,294         36         20                           C-5805 
01NA    FRANJA NARANJA            2,255           2,256         36         20                           C-5806 
01NA    FRANJA NARANJA            2,249           2,250         36         20                           C-5807 









EMPRESA NACIONAL DE MINERIA (ENM) PRODUCTOR          PACKING LIST                             PAG.  :   2
NATIONAL MINING COMPANY                       CODIGO DE LOTE   : C-5763                      FECHA :25/03/2022
                                              -----------------------------
FLUJO        : 
DESCRIPCION  : CATODOS GRADO A
N° INSTR. DE EMBARQUE : 27246
CLIENTE      : SEASPAN BRIGHTNES
Lote Sipa    : 22030059

----------------------------------------------------------------------------------------------------------------------------- 
MARCA       DESCRIPCION         PESO NETO      PESO BRUTO     GRUPO     UNIDADES       UBICACION         SERIE                
-----------------------------------------------------------------------------------------------------------------------------

01NA    FRANJA NARANJA            2,381           2,382         36         20                           C-5808 
01NA    FRANJA NARANJA            2,233           2,234         48         20                           C-5809 
01NA    FRANJA NARANJA            2,426           2,427         36         20                           C-5810 
01NA    FRANJA NARANJA            2,307           2,308         14         20                           C-5811 
01NA    FRANJA NARANJA            2,484           2,485         36         20                           C-5812 
01NA    FRANJA NARANJA            2,497           2,498         14         20                           C-5813 
01NA    FRANJA NARANJA            2,507           2,508         14         20                           C-5814 
01NA    FRANJA NARANJA            2,327           2,328         36         20                           C-5815 
01NA    FRANJA NARANJA            2,509           2,510         14         20                           C-5816 
01NA    FRANJA NARANJA            2,267           2,268         14         20                           C-5817 
01NA    FRANJA NARANJA            2,495           2,496         14         20                           C-5818 
01NA    FRANJA NARANJA            2,583           2,584         14         20                           C-5819 
01NA    FRANJA NARANJA            2,161           2,162         36         20                           C-5820 
01NA    FRANJA NARANJA            2,299           2,300         36         20                           C-5821 
01NA    FRANJA NARANJA            2,443           2,444         14         20                           C-5822 
01NA    FRANJA NARANJA            2,025           2,026         36         20                           C-5823 
01NA    FRANJA NARANJA            2,449           2,450         36         20                           C-5824 
01NA    FRANJA NARANJA            2,382           2,383         14         20                           C-5825 
01NA    FRANJA NARANJA            2,167           2,168         36         20                           C-5826 
01NA    FRANJA NARANJA            2,349           2,350         36         20                           C-5827 
01NA    FRANJA NARANJA            2,273           2,274         14         20                           C-5828 
01NA    FRANJA NARANJA            2,369           2,370         14         20                           C-5829 
01NA    FRANJA NARANJA            2,103           2,104         14         20                           C-5830 
01NA    FRANJA NARANJA            2,311           2,312         14         20                           C-5831 
01NA    FRANJA NARANJA            2,327           2,328         36         20                           C-5832 
01NA    FRANJA NARANJA            2,313           2,314         14         20                           C-5833 
01NA    FRANJA NARANJA            2,393           2,394         14         20                           C-5834 
01NA    FRANJA NARANJA            2,429           2,430         14         20                           C-5835 
01NA    FRANJA NARANJA            2,347           2,348         14         20                           C-5836 
01NA    FRANJA NARANJA            2,296           2,297         30         20                           C-5837 
01NA    FRANJA NARANJA            2,459           2,460         41         20                           C-5838 
01NA    FRANJA NARANJA            2,447           2,448         14         20                           C-5839 
01NA    FRANJA NARANJA            2,413           2,414         41         20                           C-5840 
01NA    FRANJA NARANJA            2,361           2,362         41         20                           C-5841 
01NA    FRANJA NARANJA            2,280           2,281         36         20                           C-5842 
01NA    FRANJA NARANJA            2,252           2,253         30         20                           C-5843 
01NA    FRANJA NARANJA            2,523           2,524         30         20                           C-5844 
01NA    FRANJA NARANJA            2,396           2,397         30         20                           C-5845 
01NA    FRANJA NARANJA            2,357           2,358         18         20                           C-5846 
01NA    FRANJA NARANJA            2,457           2,458         23         20                           C-5847 
01NA    FRANJA NARANJA            2,471           2,472         23         20                           C-5848 
01NA    FRANJA NARANJA            2,388           2,389         18         20                           C-5849 
01NA    FRANJA NARANJA            2,169           2,170         18         20                           C-5850 
01NA    FRANJA NARANJA            2,373           2,374         18         20                           C-5851 
01NA    FRANJA NARANJA            2,409           2,410         14         20                           C-5852 









EMPRESA NACIONAL DE MINERIA (ENM) PRODUCTOR          PACKING LIST                             PAG.  :   3
NATIONAL MINING COMPANY                       CODIGO DE LOTE   : C-5763                      FECHA :25/03/2022
                                              -----------------------------
FLUJO        : 
DESCRIPCION  : CATODOS GRADO A
N° INSTR. DE EMBARQUE : 27246
CLIENTE      : SEASPAN BRIGHTNES
Lote Sipa    : 22030059

----------------------------------------------------------------------------------------------------------------------------- 
MARCA       DESCRIPCION         PESO NETO      PESO BRUTO     GRUPO     UNIDADES       UBICACION         SERIE                
-----------------------------------------------------------------------------------------------------------------------------

01NA    FRANJA NARANJA            2,321           2,322         18         20                           C-5853 
01NA    FRANJA NARANJA            2,345           2,346         18         20                           C-5854 
01NA    FRANJA NARANJA            2,483           2,484         18         20                           C-5855 
01NA    FRANJA NARANJA            2,465           2,466         18         20                           C-5856 
01NA    FRANJA NARANJA            2,330           2,331         18         20                           C-5857 
01NA    FRANJA NARANJA            2,494           2,495         14         20                           C-5858 
01NA    FRANJA NARANJA            2,425           2,426         36         20                           C-5859 
01NA    FRANJA NARANJA            2,337           2,338         18         20                           C-5860 
01NA    FRANJA NARANJA            2,435           2,436         14         20                           C-5861 
01NA    FRANJA NARANJA            2,527           2,528         14         20                           C-5862 
01NA    FRANJA NARANJA            2,087           2,088         18         20                           C-5863 
01NA    FRANJA NARANJA            2,103           2,104         10         20                           C-5864 
01NA    FRANJA NARANJA            2,505           2,506         18         20                           C-5865 
01NA    FRANJA NARANJA            2,347           2,348         14         20                           C-5866 
01NA    FRANJA NARANJA            2,363           2,364         10         20                           C-5867 
01NA    FRANJA NARANJA            2,379           2,380         10         20                           C-5868 
01NA    FRANJA NARANJA            2,290           2,291         18         20                           C-5869 
01NA    FRANJA NARANJA            2,263           2,264         14         20                           C-5870 
01NA    FRANJA NARANJA            2,572           2,573         18         20                           C-5871 
01NA    FRANJA NARANJA            2,379           2,380         14         20                           C-5872 
01NA    FRANJA NARANJA            2,351           2,352         10         20                           C-5873 
01NA    FRANJA NARANJA            2,463           2,464         18         20                           C-5874 
01NA    FRANJA NARANJA            2,271           2,272         14         20                           C-5875 
01NA    FRANJA NARANJA            2,320           2,321         14         20                           C-5876 
01NA    FRANJA NARANJA            2,500           2,501         18         20                           C-5877 
01NA    FRANJA NARANJA            2,001           2,002         49         20                           C-5878 
01NA    FRANJA NARANJA            2,497           2,498         18         20                           C-5879 
01NA    FRANJA NARANJA            2,598           2,599         18         20                           C-5880 
01NA    FRANJA NARANJA            2,233           2,234         10         20                           C-5881 
01NA    FRANJA NARANJA            2,533           2,534         18         20                           C-5882 
01NA    FRANJA NARANJA            2,519           2,520         18         20                           C-5883 
01NA    FRANJA NARANJA            2,047           2,048         49         20                           C-5884 
01NA    FRANJA NARANJA            2,360           2,361         18         20                           C-5885 
01NA    FRANJA NARANJA            2,347           2,348         14         20                           C-5886 
01NA    FRANJA NARANJA            1,993           1,994         49         20                           C-5887 
01NA    FRANJA NARANJA            2,413           2,414         14         20                           C-5888 
01NA    FRANJA NARANJA            2,023           2,024         49         20                           C-5889 
01NA    FRANJA NARANJA            2,000           2,001         49         20                           C-5890 
01NA    FRANJA NARANJA            2,319           2,320         18         20                           C-5891 
01NA    FRANJA NARANJA            2,512           2,513         18         20                           C-5892 
01NA    FRANJA NARANJA            2,535           2,536         18         20                           C-5893 
01NA    FRANJA NARANJA            2,371           2,372         10         20                           C-5894 
01NA    FRANJA NARANJA            2,459           2,460         18         20                           C-5895 
01NA    FRANJA NARANJA            1,915           1,916         49         20                           C-5896 
01NA    FRANJA NARANJA            2,331           2,332         10         20                           C-5897 









EMPRESA NACIONAL DE MINERIA (ENM) PRODUCTOR          PACKING LIST                             PAG.  :   4
NATIONAL MINING COMPANY                       CODIGO DE LOTE   : C-5763                      FECHA :25/03/2022
                                              -----------------------------
FLUJO        : 
DESCRIPCION  : CATODOS GRADO A
N° INSTR. DE EMBARQUE : 27246
CLIENTE      : SEASPAN BRIGHTNES
Lote Sipa    : 22030059

----------------------------------------------------------------------------------------------------------------------------- 
MARCA       DESCRIPCION         PESO NETO      PESO BRUTO     GRUPO     UNIDADES       UBICACION         SERIE                
-----------------------------------------------------------------------------------------------------------------------------

01NA    FRANJA NARANJA            2,379           2,380         18         20                           C-5898 
01NA    FRANJA NARANJA            2,039           2,040         48         20                           C-5899 
01NA    FRANJA NARANJA            2,415           2,416         48         20                           C-5900 
01NA    FRANJA NARANJA            2,495           2,496         18         20                           C-5901 
01NA    FRANJA NARANJA            2,445           2,446         18         20                           C-5902 
01NA    FRANJA NARANJA            2,407           2,408         18         20                           C-5903 
01NA    FRANJA NARANJA            2,418           2,419         18         20                           C-5904 
01NA    FRANJA NARANJA            2,459           2,460         18         20                           C-5905 
01NA    FRANJA NARANJA            2,385           2,386         10         20                           C-5906 
01NA    FRANJA NARANJA            2,542           2,543         18         20                           C-5907 
01NA    FRANJA NARANJA            2,362           2,363         48         20                           C-5908 
01NA    FRANJA NARANJA            2,023           2,024         49         20                           C-5909 
01NA    FRANJA NARANJA            2,448           2,449         18         20                           C-5910 
01NA    FRANJA NARANJA            2,109           2,110         49         20                           C-5911 
01NA    FRANJA NARANJA            2,299           2,300         10         20                           C-5912 
01NA    FRANJA NARANJA            2,354           2,355         10         20                           C-5913 
01NA    FRANJA NARANJA            2,094           2,095         49         20                           C-5914 
01NA    FRANJA NARANJA            2,386           2,387         48         20                           C-5915 
01NA    FRANJA NARANJA            1,917           1,918         49         20                           C-5916 
01NA    FRANJA NARANJA            2,403           2,404         18         20                           C-5917 
01NA    FRANJA NARANJA            2,413           2,414         18         20                           C-5918 
01NA    FRANJA NARANJA            2,289           2,290         10         20                           C-5919 
01NA    FRANJA NARANJA            2,345           2,346         48         20                           C-5920 
01NA    FRANJA NARANJA            2,424           2,425         18         20                           C-5921 
01NA    FRANJA NARANJA            2,412           2,413         18         20                           C-5922 
01NA    FRANJA NARANJA            2,413           2,414         10         20                           C-5923 
01NA    FRANJA NARANJA            2,492           2,493         10         20                           C-5924 
01NA    FRANJA NARANJA            2,432           2,433         10         20                           C-5925 
01NA    FRANJA NARANJA            2,377           2,378         10         20                           C-5926 
01NA    FRANJA NARANJA            1,930           1,931         49         20                           C-5927 
01NA    FRANJA NARANJA            2,288           2,289         26         20                           C-5928 
01NA    FRANJA NARANJA            2,399           2,400         10         20                           C-5929 
01NA    FRANJA NARANJA            2,434           2,435         10         20                           C-5930 
01NA    FRANJA NARANJA            2,393           2,394         10         20                           C-5931 
01NA    FRANJA NARANJA            2,238           2,239         48         20                           C-5932 
01NA    FRANJA NARANJA            2,516           2,517         10         20                           C-5933 
01NA    FRANJA NARANJA            2,459           2,460         10         20                           C-5934 
01NA    FRANJA NARANJA            2,407           2,408         39         20                           C-5935 
01NA    FRANJA NARANJA            2,452           2,453         10         20                           C-5936 
01NA    FRANJA NARANJA            2,412           2,413         10         20                           C-5937 
01NA    FRANJA NARANJA            2,444           2,445         10         20                           C-5938 
01NA    FRANJA NARANJA            2,342           2,343         48         20                           C-5939 
01NA    FRANJA NARANJA            1,999           2,000         18         20                           C-5940 
01NA    FRANJA NARANJA            2,301           2,302         48         20                           C-5941 
01NA    FRANJA NARANJA            2,441           2,442         23         20                           C-5942 









EMPRESA NACIONAL DE MINERIA (ENM) PRODUCTOR          PACKING LIST                             PAG.  :   5
NATIONAL MINING COMPANY                       CODIGO DE LOTE   : C-5763                      FECHA :25/03/2022
                                              -----------------------------
FLUJO        : 
DESCRIPCION  : CATODOS GRADO A
N° INSTR. DE EMBARQUE : 27246
CLIENTE      : SEASPAN BRIGHTNES
Lote Sipa    : 22030059

----------------------------------------------------------------------------------------------------------------------------- 
MARCA       DESCRIPCION         PESO NETO      PESO BRUTO     GRUPO     UNIDADES       UBICACION         SERIE                
-----------------------------------------------------------------------------------------------------------------------------

01NA    FRANJA NARANJA            2,105           2,106         49         20                           C-5943 
01NA    FRANJA NARANJA            2,457           2,458         48         20                           C-5944 
01NA    FRANJA NARANJA            2,370           2,371         48         20                           C-5945 
01NA    FRANJA NARANJA            2,311           2,312         48         20                           C-5946 
01NA    FRANJA NARANJA            2,097           2,098         48         20                           C-5947 
01NA    FRANJA NARANJA            2,408           2,409         48         20                           C-5948 
01NA    FRANJA NARANJA            1,994           1,995         49         20                           C-5949 
01NA    FRANJA NARANJA            2,331           2,332         48         20                           C-5950 
01NA    FRANJA NARANJA            2,318           2,319         48         20                           C-5951 
01NA    FRANJA NARANJA            2,161           2,162         49         20                           C-5952 
01NA    FRANJA NARANJA            2,177           2,178         49         20                           C-5953 
01NA    FRANJA NARANJA            2,348           2,349         48         20                           C-5954 
01NA    FRANJA NARANJA            2,028           2,029         49         20                           C-5955 
01NA    FRANJA NARANJA            2,375           2,376         48         20                           C-5956 
01NA    FRANJA NARANJA            2,325           2,326         48         20                           C-5957 
01NA    FRANJA NARANJA            2,244           2,245         48         20                           C-5958 
01NA    FRANJA NARANJA            2,163           2,164         49         20                           C-5959 
01NA    FRANJA NARANJA            2,133           2,134         49         20                           C-5960 
01NA    FRANJA NARANJA            2,227           2,228         49         20                           C-5961 
01NA    FRANJA NARANJA            2,293           2,294         48         20                           C-5962 
01NA    FRANJA NARANJA            2,243           2,244         48         20                           C-5963 
01NA    FRANJA NARANJA            2,123           2,124         49         20                           C-5964 
01NA    FRANJA NARANJA            2,168           2,169         48         20                           C-5965 
01NA    FRANJA NARANJA            2,126           2,127         48         20                           C-5966 
01NA    FRANJA NARANJA            2,183           2,184         49         20                           C-5967 
01NA    FRANJA NARANJA            2,475           2,476         48         20                           C-5968 
01NA    FRANJA NARANJA            2,437           2,438         48         20                           C-5969 
01NA    FRANJA NARANJA            2,207           2,208         48         20                           C-5970 
01NA    FRANJA NARANJA            2,479           2,480         48         20                           C-5971 
01NA    FRANJA NARANJA            2,407           2,408         48         20                           C-5972 
01NA    FRANJA NARANJA            2,533           2,534         48         20                           C-5973 
01NA    FRANJA NARANJA            2,329           2,330         48         20                           C-5974 
01NA    FRANJA NARANJA            2,353           2,354         48         20                           C-5975 
01NA    FRANJA NARANJA            2,462           2,463         48         20                           C-5976 
01NA    FRANJA NARANJA            2,145           2,146         48         20                           C-5977 


------------------------------------------------------------------------------------------------------------------------
T.SUB-LOTES              TOT.PAQUETES =215      TOT.UNID. = 4300   T/P NETO (kg) = 499,847      T/P BRUTO (kg) = 500,062
------------------------------------------------------------------------------------------------------------------------
