
EMPRESA NACIONAL DE MINERIA (ENM) PRODUCTOR          PACKING LIST                             PAG.  :   1
NATIONAL MINING COMPANY                       CODIGO DE LOTE   : H-7887                      FECHA :14/08/2023
                                              -----------------------------
FLUJO        : 
DESCRIPCION  : CATODOS GRADO A
N° INSTR. DE EMBARQUE : 28063
CLIENTE      : ANTOFAGASTA EXPRESS
Lote Sipa    : 

----------------------------------------------------------------------------------------------------------------------------- 
MARCA       DESCRIPCION         PESO NETO      PESO BRUTO     GRUPO     UNIDADES       UBICACION         SERIE                
-----------------------------------------------------------------------------------------------------------------------------

V0AZ    V AZUL                    2,377           2,378         27         20                           H-7887 
V0AZ    V AZUL                    2,401           2,402         27         20                           H-7888 
V0AZ    V AZUL                    2,357           2,358         38         20                           H-7889 
V0AZ    V AZUL                    2,418           2,419         38         20                           H-7890 
V0AZ    V AZUL                    2,338           2,339         38         20                           H-7891 
V0AZ    V AZUL                    2,345           2,346         38         20                           H-7892 
V0AZ    V AZUL                    2,408           2,409         38         20                           H-7893 
V0AZ    V AZUL                    2,418           2,419         15         20                           H-7894 
V0AZ    V AZUL                    2,480           2,481         15         20                           H-7895 
V0AZ    V AZUL                    2,450           2,451         27         20                           H-7896 
V0AZ    V AZUL                    2,330           2,331         38         20                           H-7897 
V0AZ    V AZUL                    2,376           2,377         27         20                           H-7898 
V0AZ    V AZUL                    2,425           2,426         27         20                           H-7899 
V0AZ    V AZUL                    2,461           2,462         27         20                           H-7900 
V0AZ    V AZUL                    2,273           2,274         27         20                           H-7901 
V0AZ    V AZUL                    2,331           2,332         27         20                           H-7902 
V0AZ    V AZUL                    2,349           2,350         27         20                           H-7903 
V0AZ    V AZUL                    2,445           2,446         27         20                           H-7904 
V0AZ    V AZUL                    2,445           2,446         27         20                           H-7905 
V0AZ    V AZUL                    2,484           2,485         27         20                           H-7906 
V0AZ    V AZUL                    2,497           2,498         27         20                           H-7907 
V0AZ    V AZUL                    2,293           2,294         27         20                           H-7908 
V0AZ    V AZUL                    2,468           2,469         15         20                           H-7909 
V0AZ    V AZUL                    2,434           2,435         27         20                           H-7910 
V0AZ    V AZUL                    2,378           2,379         27         20                           H-7911 
V0AZ    V AZUL                    2,412           2,413         27         20                           H-7912 
V0AZ    V AZUL                    2,474           2,475         27         20                           H-7913 
V0AZ    V AZUL                    2,428           2,429         27         20                           H-7914 
V0AZ    V AZUL                    2,478           2,479         27         20                           H-7915 
V0AZ    V AZUL                    2,402           2,403         27         20                           H-7916 
V0AZ    V AZUL                    2,375           2,376         27         20                           H-7917 
V0AZ    V AZUL                    2,464           2,465         15         20                           H-7918 
V0AZ    V AZUL                    2,328           2,329         15         20                           H-7919 
V0AZ    V AZUL                    2,420           2,421         15         20                           H-7920 
V0AZ    V AZUL                    2,439           2,440         19         20                           H-7921 
V0AZ    V AZUL                    2,476           2,477         19         20                           H-7922 
V0AZ    V AZUL                    2,476           2,477         19         20                           H-7923 
V0AZ    V AZUL                    2,447           2,448         19         20                           H-7924 
V0AZ    V AZUL                    2,462           2,463         19         20                           H-7925 
V0AZ    V AZUL                    2,411           2,412         19         20                           H-7926 
V0AZ    V AZUL                    2,345           2,346         19         20                           H-7927 
V0AZ    V AZUL                    2,488           2,489         19         20                           H-7928 
V0AZ    V AZUL                    2,487           2,488         19         20                           H-7929 
V0AZ    V AZUL                    2,472           2,473         19         20                           H-7930 
V0AZ    V AZUL                    2,438           2,439         15         20                           H-7931 









EMPRESA NACIONAL DE MINERIA (ENM) PRODUCTOR          PACKING LIST                             PAG.  :   2
NATIONAL MINING COMPANY                       CODIGO DE LOTE   : H-7887                      FECHA :14/08/2023
                                              -----------------------------
FLUJO        : 
DESCRIPCION  : CATODOS GRADO A
N° INSTR. DE EMBARQUE : 28063
CLIENTE      : ANTOFAGASTA EXPRESS
Lote Sipa    : 

----------------------------------------------------------------------------------------------------------------------------- 
MARCA       DESCRIPCION         PESO NETO      PESO BRUTO     GRUPO     UNIDADES       UBICACION         SERIE                
-----------------------------------------------------------------------------------------------------------------------------

V0AZ    V AZUL                    2,430           2,431         15         20                           H-7932 
V0AZ    V AZUL                    2,483           2,484         15         20                           H-7933 
V0AZ    V AZUL                    2,320           2,321         46         20                           H-7934 
V0AZ    V AZUL                    2,389           2,390         38         20                           H-7935 
V0AZ    V AZUL                    2,464           2,465         38         20                           H-7936 
V0AZ    V AZUL                    2,375           2,376         15         20                           H-7937 
V0AZ    V AZUL                    2,461           2,462         15         20                           H-7938 
V0AZ    V AZUL                    2,433           2,434         15         20                           H-7939 
V0AZ    V AZUL                    2,287           2,288         15         20                           H-7940 
V0AZ    V AZUL                    2,310           2,311         15         20                           H-7941 
V0AZ    V AZUL                    2,263           2,264         46         20                           H-7942 
V0AZ    V AZUL                    2,403           2,404         46         20                           H-7943 
V0AZ    V AZUL                    2,349           2,350         46         20                           H-7944 
V0AZ    V AZUL                    2,216           2,217         15         20                           H-7945 
V0AZ    V AZUL                    2,349           2,350         15         20                           H-7946 
V0AZ    V AZUL                    2,467           2,468         19         20                           H-7947 
V0AZ    V AZUL                    2,550           2,551         19         20                           H-7948 
V0AZ    V AZUL                    2,406           2,407         19         20                           H-7949 
V0AZ    V AZUL                    2,573           2,574         46         20                           H-7950 
V0AZ    V AZUL                    2,327           2,328         46         20                           H-7951 
V0AZ    V AZUL                    2,497           2,498         46         20                           H-7952 
V0AZ    V AZUL                    2,512           2,513         46         20                           H-7953 
V0AZ    V AZUL                    2,403           2,404         46         20                           H-7954 
V0AZ    V AZUL                    2,475           2,476         46         20                           H-7955 
V0AZ    V AZUL                    2,325           2,326         19         20                           H-7956 
V0AZ    V AZUL                    2,519           2,520         19         20                           H-7957 
V0AZ    V AZUL                    2,514           2,515         19         20                           H-7958 
V0AZ    V AZUL                    2,450           2,451         19         20                           H-7959 
V0AZ    V AZUL                    2,439           2,440         19         20                           H-7960 
V0AZ    V AZUL                    2,612           2,613         19         20                           H-7961 
V0AZ    V AZUL                    2,333           2,334         19         20                           H-7962 
V0AZ    V AZUL                    2,460           2,461         19         20                           H-7963 
V0AZ    V AZUL                    2,445           2,446         19         20                           H-7964 
V0AZ    V AZUL                    2,313           2,314         15         20                           H-7965 
V0AZ    V AZUL                    2,313           2,314         15         20                           H-7966 
V0AZ    V AZUL                    2,463           2,464         15         20                           H-7967 
V0AZ    V AZUL                    2,428           2,429         15         20                           H-7968 
V0AZ    V AZUL                    2,258           2,259         15         20                           H-7969 
V0AZ    V AZUL                    2,483           2,484         15         20                           H-7970 
V0AZ    V AZUL                    2,432           2,433         15         20                           H-7971 
V0AZ    V AZUL                    2,397           2,398         15         20                           H-7972 
V0AZ    V AZUL                    2,527           2,528         15         20                           H-7973 
V0AZ    V AZUL                    2,376           2,377         15         20                           H-7974 
V0AZ    V AZUL                    2,487           2,488         15         20                           H-7975 
V0AZ    V AZUL                    2,358           2,359         15         20                           H-7976 









EMPRESA NACIONAL DE MINERIA (ENM) PRODUCTOR          PACKING LIST                             PAG.  :   3
NATIONAL MINING COMPANY                       CODIGO DE LOTE   : H-7887                      FECHA :14/08/2023
                                              -----------------------------
FLUJO        : 
DESCRIPCION  : CATODOS GRADO A
N° INSTR. DE EMBARQUE : 28063
CLIENTE      : ANTOFAGASTA EXPRESS
Lote Sipa    : 

----------------------------------------------------------------------------------------------------------------------------- 
MARCA       DESCRIPCION         PESO NETO      PESO BRUTO     GRUPO     UNIDADES       UBICACION         SERIE                
-----------------------------------------------------------------------------------------------------------------------------

V0AZ    V AZUL                    2,471           2,472         15         20                           H-7977 
V0AZ    V AZUL                    2,334           2,335         15         20                           H-7978 
V0AZ    V AZUL                    2,479           2,480         19         20                           H-7979 
V0AZ    V AZUL                    2,266           2,267         19         20                           H-7980 
V0AZ    V AZUL                    2,214           2,215         19         20                           H-7981 
V0AZ    V AZUL                    2,212           2,213         27         20                           H-7982 
V0AZ    V AZUL                    2,286           2,287         27         20                           H-7983 
V0AZ    V AZUL                    2,250           2,251         27         20                           H-7984 
V0AZ    V AZUL                    2,303           2,304         27         20                           H-7985 
V0AZ    V AZUL                    2,351           2,352         27         20                           H-7986 
V0AZ    V AZUL                    2,334           2,335         19         20                           H-7987 
V0AZ    V AZUL                    2,377           2,378         19         20                           H-7988 
V0AZ    V AZUL                    2,293           2,294         19         20                           H-7989 
V0AZ    V AZUL                    2,434           2,435         19         20                           H-7990 


------------------------------------------------------------------------------------------------------------------------
T.SUB-LOTES              TOT.PAQUETES =104      TOT.UNID. = 2080   T/P NETO (kg) = 249,981      T/P BRUTO (kg) = 250,085
------------------------------------------------------------------------------------------------------------------------
