
EMPRESA NACIONAL DE MINERIA (ENM) PRODUCTOR          PACKING LIST                             PAG.  :   1
NATIONAL MINING COMPANY                       CODIGO DE LOTE   : J-15184                      FECHA :10/11/2022
                                              -----------------------------
FLUJO        : 
DESCRIPCION  : CATODOS GRADO A
N° INSTR. DE EMBARQUE : 27705
CLIENTE      : SEASPAN OSPREY
Lote Sipa    : 

----------------------------------------------------------------------------------------------------------------------------- 
MARCA       DESCRIPCION         PESO NETO      PESO BRUTO     GRUPO     UNIDADES       UBICACION         SERIE                
-----------------------------------------------------------------------------------------------------------------------------

02RJ    DOS FRANJAS ROJAS         2,415           2,416         24         20                           J-15184
02RJ    DOS FRANJAS ROJAS         2,284           2,285         24         20                           J-15185
02RJ    DOS FRANJAS ROJAS         2,327           2,328         24         20                           J-15186
02RJ    DOS FRANJAS ROJAS         2,485           2,486         24         20                           J-15187
02RJ    DOS FRANJAS ROJAS         2,383           2,384         24         20                           J-15188
02RJ    DOS FRANJAS ROJAS         2,252           2,253         24         20                           J-15189
02RJ    DOS FRANJAS ROJAS         2,471           2,472         21         20                           J-15190
02RJ    DOS FRANJAS ROJAS         2,199           2,200         24         20                           J-15191
02RJ    DOS FRANJAS ROJAS         2,415           2,416         24         20                           J-15192
02RJ    DOS FRANJAS ROJAS         2,430           2,431         24         20                           J-15193
02RJ    DOS FRANJAS ROJAS         2,625           2,626         09         20                           J-15194
02RJ    DOS FRANJAS ROJAS         2,419           2,420         24         20                           J-15195
02RJ    DOS FRANJAS ROJAS         2,481           2,482         24         20                           J-15196
02RJ    DOS FRANJAS ROJAS         2,549           2,550         24         20                           J-15197
02RJ    DOS FRANJAS ROJAS         2,383           2,384         41         20                           J-15198
02RJ    DOS FRANJAS ROJAS         2,494           2,495         41         20                           J-15199
02RJ    DOS FRANJAS ROJAS         2,355           2,356         41         20                           J-15200
02RJ    DOS FRANJAS ROJAS         2,391           2,392         41         20                           J-15201
02RJ    DOS FRANJAS ROJAS         2,547           2,548         41         20                           J-15202
02RJ    DOS FRANJAS ROJAS         2,569           2,570         41         20                           J-15203
02RJ    DOS FRANJAS ROJAS         2,637           2,638         41         20                           J-15204
02RJ    DOS FRANJAS ROJAS         2,583           2,584         09         20                           J-15205
02RJ    DOS FRANJAS ROJAS         2,583           2,584         41         20                           J-15206
02RJ    DOS FRANJAS ROJAS         2,469           2,470         09         20                           J-15207
02RJ    DOS FRANJAS ROJAS         2,427           2,428         09         20                           J-15208
02RJ    DOS FRANJAS ROJAS         2,339           2,340         24         20                           J-15209
02RJ    DOS FRANJAS ROJAS         2,212           2,213         41         20                           J-15210
02RJ    DOS FRANJAS ROJAS         2,375           2,376         24         20                           J-15211
02RJ    DOS FRANJAS ROJAS         2,492           2,493         24         20                           J-15212
02RJ    DOS FRANJAS ROJAS         2,499           2,500         24         20                           J-15213
02RJ    DOS FRANJAS ROJAS         2,449           2,450         24         20                           J-15214
02RJ    DOS FRANJAS ROJAS         2,425           2,426         09         20                           J-15215
02RJ    DOS FRANJAS ROJAS         2,422           2,423         09         20                           J-15216
02RJ    DOS FRANJAS ROJAS         2,577           2,578         41         20                           J-15217
02RJ    DOS FRANJAS ROJAS         2,107           2,108         41         20                           J-15218
02RJ    DOS FRANJAS ROJAS         2,228           2,229         24         20                           J-15219
02RJ    DOS FRANJAS ROJAS         2,200           2,201         09         20                           J-15220
02RJ    DOS FRANJAS ROJAS         2,463           2,464         24         20                           J-15221
02RJ    DOS FRANJAS ROJAS         2,396           2,397         24         20                           J-15222
02RJ    DOS FRANJAS ROJAS         2,458           2,459         09         20                           J-15223
02RJ    DOS FRANJAS ROJAS         2,516           2,517         09         20                           J-15224
02RJ    DOS FRANJAS ROJAS         2,577           2,578         09         20                           J-15225
02RJ    DOS FRANJAS ROJAS         2,556           2,557         41         20                           J-15226
02RJ    DOS FRANJAS ROJAS         2,523           2,524         31         20                           J-15227
02RJ    DOS FRANJAS ROJAS         2,541           2,542         09         20                           J-15228









EMPRESA NACIONAL DE MINERIA (ENM) PRODUCTOR          PACKING LIST                             PAG.  :   2
NATIONAL MINING COMPANY                       CODIGO DE LOTE   : J-15184                      FECHA :10/11/2022
                                              -----------------------------
FLUJO        : 
DESCRIPCION  : CATODOS GRADO A
N° INSTR. DE EMBARQUE : 27705
CLIENTE      : SEASPAN OSPREY
Lote Sipa    : 

----------------------------------------------------------------------------------------------------------------------------- 
MARCA       DESCRIPCION         PESO NETO      PESO BRUTO     GRUPO     UNIDADES       UBICACION         SERIE                
-----------------------------------------------------------------------------------------------------------------------------

02RJ    DOS FRANJAS ROJAS         2,671           2,672         41         20                           J-15229
02RJ    DOS FRANJAS ROJAS         2,600           2,601         41         20                           J-15230
02RJ    DOS FRANJAS ROJAS         2,623           2,624         41         20                           J-15231
02RJ    DOS FRANJAS ROJAS         2,706           2,707         41         20                           J-15232
02RJ    DOS FRANJAS ROJAS         2,595           2,596         09         20                           J-15233
02RJ    DOS FRANJAS ROJAS         2,582           2,583         09         20                           J-15234
02RJ    DOS FRANJAS ROJAS         2,556           2,557         41         20                           J-15235
02RJ    DOS FRANJAS ROJAS         2,579           2,580         41         20                           J-15236
02RJ    DOS FRANJAS ROJAS         2,559           2,560         41         20                           J-15237
02RJ    DOS FRANJAS ROJAS         2,541           2,542         41         20                           J-15238
02RJ    DOS FRANJAS ROJAS         2,607           2,608         41         20                           J-15239
02RJ    DOS FRANJAS ROJAS         2,469           2,470         09         20                           J-15240
02RJ    DOS FRANJAS ROJAS         2,521           2,522         41         20                           J-15241
02RJ    DOS FRANJAS ROJAS         2,655           2,656         41         20                           J-15242
02RJ    DOS FRANJAS ROJAS         2,331           2,332         09         20                           J-15243
02RJ    DOS FRANJAS ROJAS         2,566           2,567         41         20                           J-15244
02RJ    DOS FRANJAS ROJAS         2,613           2,614         41         20                           J-15245
02RJ    DOS FRANJAS ROJAS         2,535           2,536         09         20                           J-15246
02RJ    DOS FRANJAS ROJAS         2,619           2,620         09         20                           J-15247
02RJ    DOS FRANJAS ROJAS         2,467           2,468         09         20                           J-15248
02RJ    DOS FRANJAS ROJAS         2,531           2,532         09         20                           J-15249
02RJ    DOS FRANJAS ROJAS         2,633           2,634         41         20                           J-15250
02RJ    DOS FRANJAS ROJAS         2,567           2,568         41         20                           J-15251
02RJ    DOS FRANJAS ROJAS         2,677           2,678         41         20                           J-15252
02RJ    DOS FRANJAS ROJAS         2,579           2,580         41         20                           J-15253
02RJ    DOS FRANJAS ROJAS         2,488           2,489         09         20                           J-15254
02RJ    DOS FRANJAS ROJAS         2,207           2,208         41         20                           J-15255
02RJ    DOS FRANJAS ROJAS         2,321           2,322         41         20                           J-15256
02RJ    DOS FRANJAS ROJAS         2,341           2,342         41         20                           J-15257
02RJ    DOS FRANJAS ROJAS         2,513           2,514         41         20                           J-15258
02RJ    DOS FRANJAS ROJAS         2,395           2,396         09         20                           J-15259
02RJ    DOS FRANJAS ROJAS         2,491           2,492         41         20                           J-15260
02RJ    DOS FRANJAS ROJAS         2,402           2,403         41         20                           J-15261
02RJ    DOS FRANJAS ROJAS         2,305           2,306         28         20                           J-15262
02RJ    DOS FRANJAS ROJAS         2,335           2,336         28         20                           J-15263
02RJ    DOS FRANJAS ROJAS         2,253           2,254         24         20                           J-15264


------------------------------------------------------------------------------------------------------------------------
T.SUB-LOTES              TOT.PAQUETES =81      TOT.UNID. = 1620   T/P NETO (kg) = 199,961      T/P BRUTO (kg) = 200,042
------------------------------------------------------------------------------------------------------------------------
