
EMPRESA NACIONAL DE MINERIA (ENM) PRODUCTOR          PACKING LIST                             PAG.  :   1
NATIONAL MINING COMPANY                       CODIGO DE LOTE   : L-17075                      FECHA :19/12/2018
                                              -----------------------------
FLUJO        : 
DESCRIPCION  : CATODOS GRADO A
N° INSTR. DE EMBARQUE : 24986
CLIENTE      : MAERSK ARAS
Lote Sipa    : 

----------------------------------------------------------------------------------------------------------------------------- 
MARCA       DESCRIPCION         PESO NETO      PESO BRUTO     GRUPO     UNIDADES       UBICACION         SERIE                
-----------------------------------------------------------------------------------------------------------------------------

V0AM    V AMARILLA                2,380           2,381         37         20                           L-17075
V0AM    V AMARILLA                2,473           2,474         37         20                           L-17076
V0AM    V AMARILLA                2,137           2,138         37         20                           L-17077
V0AM    V AMARILLA                2,246           2,247         37         20                           L-17078
V0AM    V AMARILLA                2,394           2,395         37         20                           L-17079
V0AM    V AMARILLA                2,257           2,258         37         20                           L-17080
V0AM    V AMARILLA                2,294           2,295         37         20                           L-17081
V0AM    V AMARILLA                2,136           2,137         37         20                           L-17082
V0AM    V AMARILLA                2,269           2,270         37         20                           L-17083
V0AM    V AMARILLA                2,489           2,490         37         20                           L-17084
V0AM    V AMARILLA                2,290           2,291         37         20                           L-17085
V0AM    V AMARILLA                2,445           2,446         37         20                           L-17086
V0AM    V AMARILLA                2,254           2,255         37         20                           L-17087
V0AM    V AMARILLA                2,488           2,489         37         20                           L-17088
V0AM    V AMARILLA                2,297           2,298         37         20                           L-17089
V0AM    V AMARILLA                2,462           2,463         37         20                           L-17090
V0AM    V AMARILLA                2,242           2,243         37         20                           L-17091
V0AM    V AMARILLA                2,476           2,477         37         20                           L-17092
V0AM    V AMARILLA                2,291           2,292         37         20                           L-17093
V0AM    V AMARILLA                2,277           2,278         37         20                           L-17094
V0AM    V AMARILLA                2,360           2,361         37         20                           L-17095
V0AM    V AMARILLA                2,308           2,309         37         20                           L-17096
V0AM    V AMARILLA                2,239           2,240         37         20                           L-17097
V0AM    V AMARILLA                2,435           2,436         37         20                           L-17098
V0AM    V AMARILLA                2,305           2,306         37         20                           L-17099
V0AM    V AMARILLA                2,516           2,517         37         20                           L-17100
V0AM    V AMARILLA                2,481           2,482         37         20                           L-17101
V0AM    V AMARILLA                2,536           2,537         37         20                           L-17102
V0AM    V AMARILLA                2,367           2,368         04         20                           L-17103
V0AM    V AMARILLA                2,277           2,278         04         20                           L-17104
V0AM    V AMARILLA                2,385           2,386         04         20                           L-17105
V0AM    V AMARILLA                2,267           2,268         04         20                           L-17106
V0AM    V AMARILLA                2,261           2,262         04         20                           L-17107
V0AM    V AMARILLA                2,290           2,291         04         20                           L-17108
V0AM    V AMARILLA                2,225           2,226         04         20                           L-17109
V0AM    V AMARILLA                2,274           2,275         04         20                           L-17110
V0AM    V AMARILLA                2,409           2,410         04         20                           L-17111
V0AM    V AMARILLA                2,361           2,362         04         20                           L-17112
V0AM    V AMARILLA                2,183           2,184         37         20                           L-17113
V0AM    V AMARILLA                2,411           2,412         37         20                           L-17114
V0AM    V AMARILLA                2,318           2,319         37         20                           L-17115
V0AM    V AMARILLA                2,206           2,207         37         20                           L-17116
V0AM    V AMARILLA                2,373           2,374         37         20                           L-17117
V0AM    V AMARILLA                2,402           2,403         37         20                           L-17118
V0AM    V AMARILLA                2,284           2,285         37         20                           L-17119









EMPRESA NACIONAL DE MINERIA (ENM) PRODUCTOR          PACKING LIST                             PAG.  :   2
NATIONAL MINING COMPANY                       CODIGO DE LOTE   : L-17075                      FECHA :19/12/2018
                                              -----------------------------
FLUJO        : 
DESCRIPCION  : CATODOS GRADO A
N° INSTR. DE EMBARQUE : 24986
CLIENTE      : MAERSK ARAS
Lote Sipa    : 

----------------------------------------------------------------------------------------------------------------------------- 
MARCA       DESCRIPCION         PESO NETO      PESO BRUTO     GRUPO     UNIDADES       UBICACION         SERIE                
-----------------------------------------------------------------------------------------------------------------------------

V0AM    V AMARILLA                2,318           2,319         37         20                           L-17120
V0AM    V AMARILLA                2,303           2,304         04         20                           L-17121
V0AM    V AMARILLA                2,372           2,373         04         20                           L-17122
V0AM    V AMARILLA                2,350           2,351         04         20                           L-17123
V0AM    V AMARILLA                2,235           2,236         04         20                           L-17124
V0AM    V AMARILLA                2,327           2,328         04         20                           L-17125
V0AM    V AMARILLA                2,465           2,466         37         20                           L-17126
V0AM    V AMARILLA                2,358           2,359         37         20                           L-17127
V0AM    V AMARILLA                2,403           2,404         37         20                           L-17128
V0AM    V AMARILLA                2,418           2,419         37         20                           L-17129
V0AM    V AMARILLA                2,405           2,406         37         20                           L-17130
V0AM    V AMARILLA                2,334           2,335         37         20                           L-17131
V0AM    V AMARILLA                2,341           2,342         37         20                           L-17132
V0AM    V AMARILLA                2,427           2,428         37         20                           L-17133
V0AM    V AMARILLA                2,419           2,420         37         20                           L-17134
V0AM    V AMARILLA                2,203           2,204         37         20                           L-17135
V0AM    V AMARILLA                2,185           2,186         37         20                           L-17136
V0AM    V AMARILLA                2,210           2,211         29         20                           L-17137
V0AM    V AMARILLA                2,440           2,441         29         20                           L-17138
V0AM    V AMARILLA                2,318           2,319         04         20                           L-17139
V0AM    V AMARILLA                2,550           2,551         04         20                           L-17140
V0AM    V AMARILLA                2,259           2,260         04         20                           L-17141
V0AM    V AMARILLA                2,284           2,285         04         20                           L-17142
V0AM    V AMARILLA                2,283           2,284         04         20                           L-17143
V0AM    V AMARILLA                2,287           2,288         04         20                           L-17144
V0AM    V AMARILLA                2,242           2,243         04         20                           L-17145
V0AM    V AMARILLA                2,373           2,374         37         20                           L-17146
V0AM    V AMARILLA                2,259           2,260         37         20                           L-17147
V0AM    V AMARILLA                2,238           2,239         37         20                           L-17148
V0AM    V AMARILLA                2,078           2,079         37         20                           L-17149
V0AM    V AMARILLA                2,338           2,339         43         20                           L-17150
V0AM    V AMARILLA                2,258           2,259         43         20                           L-17151
V0AM    V AMARILLA                2,331           2,332         43         20                           L-17152
V0AM    V AMARILLA                2,297           2,298         04         20                           L-17153
V0AM    V AMARILLA                2,113           2,114         04         20                           L-17154
V0AM    V AMARILLA                2,253           2,254         04         20                           L-17155
V0AM    V AMARILLA                2,153           2,154         04         20                           L-17156
V0AM    V AMARILLA                2,426           2,427         04         20                           L-17157
V0AM    V AMARILLA                2,336           2,337         04         20                           L-17158
V0AM    V AMARILLA                2,223           2,224         10         20                           L-17159
V0AM    V AMARILLA                2,445           2,446         17         20                           L-17160


------------------------------------------------------------------------------------------------------------------------
T.SUB-LOTES              TOT.PAQUETES =86      TOT.UNID. = 1720   T/P NETO (kg) = 199,927      T/P BRUTO (kg) = 200,013
------------------------------------------------------------------------------------------------------------------------
