
EMPRESA NACIONAL DE MINERIA (ENM) PRODUCTOR          PACKING LIST                             PAG.  :   1
NATIONAL MINING COMPANY                       CODIGO DE LOTE   : C-8318                      FECHA :20/03/2019
                                              -----------------------------
FLUJO        : 
DESCRIPCION  : CATODOS GRADO A
N° INSTR. DE EMBARQUE : 25152
CLIENTE      : ANTOFAGASTA EXPRESS
Lote Sipa    : 

----------------------------------------------------------------------------------------------------------------------------- 
MARCA       DESCRIPCION         PESO NETO      PESO BRUTO     GRUPO     UNIDADES       UBICACION         SERIE                
-----------------------------------------------------------------------------------------------------------------------------

01BL    FRANJA BLANCA             2,497           2,498         15         20                           C-8318 
01BL    FRANJA BLANCA             2,439           2,440         15         20                           C-8319 
01BL    FRANJA BLANCA             2,426           2,427         15         20                           C-8320 
01BL    FRANJA BLANCA             2,422           2,423         15         20                           C-8321 
01BL    FRANJA BLANCA             2,421           2,422         15         20                           C-8322 
01BL    FRANJA BLANCA             2,421           2,422         15         20                           C-8323 
01BL    FRANJA BLANCA             2,287           2,288         39         20                           C-8324 
01BL    FRANJA BLANCA             2,327           2,328         39         20                           C-8325 
01BL    FRANJA BLANCA             2,196           2,197         39         20                           C-8326 
01BL    FRANJA BLANCA             2,284           2,285         15         20                           C-8327 
01BL    FRANJA BLANCA             2,351           2,352         15         20                           C-8328 
01BL    FRANJA BLANCA             2,287           2,288         15         20                           C-8329 
01BL    FRANJA BLANCA             2,325           2,326         15         20                           C-8330 
01BL    FRANJA BLANCA             2,321           2,322         15         20                           C-8331 
01BL    FRANJA BLANCA             2,317           2,318         15         20                           C-8332 
01BL    FRANJA BLANCA             2,280           2,281         15         20                           C-8333 
01BL    FRANJA BLANCA             2,266           2,267         15         20                           C-8334 
01BL    FRANJA BLANCA             2,206           2,207         15         20                           C-8335 
01BL    FRANJA BLANCA             2,240           2,241         15         20                           C-8336 
01BL    FRANJA BLANCA             2,221           2,222         39         20                           C-8337 
01BL    FRANJA BLANCA             2,324           2,325         39         20                           C-8338 
01BL    FRANJA BLANCA             2,339           2,340         39         20                           C-8339 
01BL    FRANJA BLANCA             2,104           2,105         31         20                           C-8340 
01BL    FRANJA BLANCA             2,326           2,327         31         20                           C-8341 
01BL    FRANJA BLANCA             2,255           2,256         31         20                           C-8342 
01BL    FRANJA BLANCA             2,247           2,248         31         20                           C-8343 
01BL    FRANJA BLANCA             2,304           2,305         31         20                           C-8344 
01BL    FRANJA BLANCA             2,332           2,333         31         20                           C-8345 
01BL    FRANJA BLANCA             2,182           2,183         31         20                           C-8346 
01BL    FRANJA BLANCA             2,342           2,343         31         20                           C-8347 
01BL    FRANJA BLANCA             2,307           2,308         31         20                           C-8348 
01BL    FRANJA BLANCA             2,300           2,301         31         20                           C-8349 
01BL    FRANJA BLANCA             2,270           2,271         31         20                           C-8350 
01BL    FRANJA BLANCA             2,189           2,190         31         20                           C-8351 
01BL    FRANJA BLANCA             2,161           2,162         31         20                           C-8352 
01BL    FRANJA BLANCA             2,036           2,037         04         20                           C-8353 
01BL    FRANJA BLANCA             2,124           2,125         39         20                           C-8354 
01BL    FRANJA BLANCA             2,147           2,148         39         20                           C-8355 
01BL    FRANJA BLANCA             2,163           2,164         39         20                           C-8356 
01BL    FRANJA BLANCA             2,305           2,306         39         20                           C-8357 
01BL    FRANJA BLANCA             2,229           2,230         39         20                           C-8358 
01BL    FRANJA BLANCA             2,211           2,212         39         20                           C-8359 
01BL    FRANJA BLANCA             2,268           2,269         39         20                           C-8360 
01BL    FRANJA BLANCA             2,407           2,408         39         20                           C-8361 
01BL    FRANJA BLANCA             2,316           2,317         39         20                           C-8362 









EMPRESA NACIONAL DE MINERIA (ENM) PRODUCTOR          PACKING LIST                             PAG.  :   2
NATIONAL MINING COMPANY                       CODIGO DE LOTE   : C-8318                      FECHA :20/03/2019
                                              -----------------------------
FLUJO        : 
DESCRIPCION  : CATODOS GRADO A
N° INSTR. DE EMBARQUE : 25152
CLIENTE      : ANTOFAGASTA EXPRESS
Lote Sipa    : 

----------------------------------------------------------------------------------------------------------------------------- 
MARCA       DESCRIPCION         PESO NETO      PESO BRUTO     GRUPO     UNIDADES       UBICACION         SERIE                
-----------------------------------------------------------------------------------------------------------------------------

01BL    FRANJA BLANCA             2,200           2,201         39         20                           C-8363 
01BL    FRANJA BLANCA             2,328           2,329         39         20                           C-8364 
01BL    FRANJA BLANCA             2,368           2,369         39         20                           C-8365 
01BL    FRANJA BLANCA             2,314           2,315         39         20                           C-8366 
01BL    FRANJA BLANCA             2,335           2,336         39         20                           C-8367 
01BL    FRANJA BLANCA             2,194           2,195         39         20                           C-8368 
01BL    FRANJA BLANCA             2,362           2,363         39         20                           C-8369 
01BL    FRANJA BLANCA             2,091           2,092         39         20                           C-8370 
01BL    FRANJA BLANCA             2,160           2,161         39         20                           C-8371 
01BL    FRANJA BLANCA             2,152           2,153         39         20                           C-8372 
01BL    FRANJA BLANCA             2,123           2,124         39         20                           C-8373 
01BL    FRANJA BLANCA             2,151           2,152         39         20                           C-8374 
01BL    FRANJA BLANCA             2,178           2,179         39         20                           C-8375 
01BL    FRANJA BLANCA             2,234           2,235         39         20                           C-8376 
01BL    FRANJA BLANCA             2,339           2,340         39         20                           C-8377 
01BL    FRANJA BLANCA             2,205           2,206         39         20                           C-8378 
01BL    FRANJA BLANCA             2,192           2,193         39         20                           C-8379 
01BL    FRANJA BLANCA             2,093           2,094         39         20                           C-8380 
01BL    FRANJA BLANCA             2,215           2,216         39         20                           C-8381 
01BL    FRANJA BLANCA             2,151           2,152         39         20                           C-8382 
01BL    FRANJA BLANCA             2,128           2,129         39         20                           C-8383 
01BL    FRANJA BLANCA             2,260           2,261         39         20                           C-8384 
01BL    FRANJA BLANCA             2,129           2,130         39         20                           C-8385 
01BL    FRANJA BLANCA             2,202           2,203         39         20                           C-8386 
01BL    FRANJA BLANCA             2,117           2,118         39         20                           C-8387 
01BL    FRANJA BLANCA             2,343           2,344         39         20                           C-8388 
01BL    FRANJA BLANCA             2,244           2,245         39         20                           C-8389 
01BL    FRANJA BLANCA             2,213           2,214         39         20                           C-8390 
01BL    FRANJA BLANCA             2,175           2,176         39         20                           C-8391 
01BL    FRANJA BLANCA             2,330           2,331         39         20                           C-8392 
01BL    FRANJA BLANCA             2,302           2,303         39         20                           C-8393 
01BL    FRANJA BLANCA             2,318           2,319         39         20                           C-8394 
01BL    FRANJA BLANCA             2,340           2,341         39         20                           C-8395 
01BL    FRANJA BLANCA             2,307           2,308         39         20                           C-8396 
01BL    FRANJA BLANCA             2,358           2,359         18         20                           C-8397 
01BL    FRANJA BLANCA             2,433           2,434         18         20                           C-8398 
01BL    FRANJA BLANCA             2,298           2,299         07         20                           C-8399 
01BL    FRANJA BLANCA             2,324           2,325         07         20                           C-8400 
01BL    FRANJA BLANCA             2,229           2,230         07         20                           C-8401 
01BL    FRANJA BLANCA             2,338           2,339         07         20                           C-8402 
01BL    FRANJA BLANCA             2,228           2,229         07         20                           C-8403 
01BL    FRANJA BLANCA             2,332           2,333         07         20                           C-8404 
01BL    FRANJA BLANCA             2,309           2,310         07         20                           C-8405 
01BL    FRANJA BLANCA             2,397           2,398         18         20                           C-8406 
01BL    FRANJA BLANCA             2,306           2,307         18         20                           C-8407 









EMPRESA NACIONAL DE MINERIA (ENM) PRODUCTOR          PACKING LIST                             PAG.  :   3
NATIONAL MINING COMPANY                       CODIGO DE LOTE   : C-8318                      FECHA :20/03/2019
                                              -----------------------------
FLUJO        : 
DESCRIPCION  : CATODOS GRADO A
N° INSTR. DE EMBARQUE : 25152
CLIENTE      : ANTOFAGASTA EXPRESS
Lote Sipa    : 

----------------------------------------------------------------------------------------------------------------------------- 
MARCA       DESCRIPCION         PESO NETO      PESO BRUTO     GRUPO     UNIDADES       UBICACION         SERIE                
-----------------------------------------------------------------------------------------------------------------------------

01BL    FRANJA BLANCA             2,236           2,237         18         20                           C-8408 
01BL    FRANJA BLANCA             2,190           2,191         18         20                           C-8409 
01BL    FRANJA BLANCA             2,515           2,516         18         20                           C-8410 
01BL    FRANJA BLANCA             2,302           2,303         18         20                           C-8411 
01BL    FRANJA BLANCA             2,218           2,219         18         20                           C-8412 
01BL    FRANJA BLANCA             2,438           2,439         18         20                           C-8413 
01BL    FRANJA BLANCA             2,205           2,206         18         20                           C-8414 
01BL    FRANJA BLANCA             2,518           2,519         18         20                           C-8415 
01BL    FRANJA BLANCA             2,335           2,336         18         20                           C-8416 
01BL    FRANJA BLANCA             2,323           2,324         18         20                           C-8417 
01BL    FRANJA BLANCA             2,356           2,357         07         20                           C-8418 
01BL    FRANJA BLANCA             2,474           2,475         18         20                           C-8419 
01BL    FRANJA BLANCA             2,361           2,362         18         20                           C-8420 
01BL    FRANJA BLANCA             2,447           2,448         18         20                           C-8421 
01BL    FRANJA BLANCA             2,257           2,258         39         20                           C-8422 
01BL    FRANJA BLANCA             2,376           2,377         18         20                           C-8423 
01BL    FRANJA BLANCA             2,245           2,246         18         20                           C-8424 
01BL    FRANJA BLANCA             2,324           2,325         18         20                           C-8425 
01BL    FRANJA BLANCA             2,478           2,479         07         20                           C-8426 
01BL    FRANJA BLANCA             2,352           2,353         07         20                           C-8427 
01BL    FRANJA BLANCA             2,425           2,426         18         20                           C-8428 
01BL    FRANJA BLANCA             2,337           2,338         18         20                           C-8429 
01BL    FRANJA BLANCA             2,468           2,469         18         20                           C-8430 
01BL    FRANJA BLANCA             2,425           2,426         18         20                           C-8431 
01BL    FRANJA BLANCA             2,338           2,339         18         20                           C-8432 
01BL    FRANJA BLANCA             2,349           2,350         18         20                           C-8433 
01BL    FRANJA BLANCA             2,491           2,492         18         20                           C-8434 
01BL    FRANJA BLANCA             2,479           2,480         18         20                           C-8435 
01BL    FRANJA BLANCA             2,311           2,312         18         20                           C-8436 
01BL    FRANJA BLANCA             2,246           2,247         18         20                           C-8437 
01BL    FRANJA BLANCA             2,246           2,247         18         20                           C-8438 
01BL    FRANJA BLANCA             2,325           2,326         18         20                           C-8439 
01BL    FRANJA BLANCA             2,044           2,045         07         20                           C-8440 
01BL    FRANJA BLANCA             2,349           2,350         07         20                           C-8441 
01BL    FRANJA BLANCA             2,258           2,259         07         20                           C-8442 
01BL    FRANJA BLANCA             2,223           2,224         07         20                           C-8443 
01BL    FRANJA BLANCA             2,401           2,402         07         20                           C-8444 
01BL    FRANJA BLANCA             2,345           2,346         07         20                           C-8445 
01BL    FRANJA BLANCA             2,222           2,223         07         20                           C-8446 
01BL    FRANJA BLANCA             2,378           2,379         07         20                           C-8447 
01BL    FRANJA BLANCA             2,308           2,309         18         20                           C-8448 


------------------------------------------------------------------------------------------------------------------------
T.SUB-LOTES              TOT.PAQUETES =131      TOT.UNID. = 2620   T/P NETO (kg) = 299,985      T/P BRUTO (kg) = 300,116
------------------------------------------------------------------------------------------------------------------------
