
EMPRESA NACIONAL DE MINERIA (ENM) PRODUCTOR          PACKING LIST                             PAG.  :   1
NATIONAL MINING COMPANY                       CODIGO DE LOTE   : L-1660                      FECHA :14/11/2022
                                              -----------------------------
FLUJO        : 
DESCRIPCION  : CATODOS EW EL SALADO
N° INSTR. DE EMBARQUE : 930177
CLIENTE      : 
Lote Sipa    : 22110250

----------------------------------------------------------------------------------------------------------------------------- 
MARCA       DESCRIPCION         PESO NETO      PESO BRUTO     GRUPO     UNIDADES       UBICACION         SERIE                
-----------------------------------------------------------------------------------------------------------------------------

07NE    SIETE FRANJAS NEGRAS      1,971           1,972                    63                           L-1660 
07NE    SIETE FRANJAS NEGRAS      1,964           1,965                    61                           L-1661 
07NE    SIETE FRANJAS NEGRAS      2,046           2,047                    80                           L-1662 
07NE    SIETE FRANJAS NEGRAS      1,935           1,936                    62                           L-1663 
07NE    SIETE FRANJAS NEGRAS      1,957           1,958                    78                           L-1664 
07NE    SIETE FRANJAS NEGRAS      1,971           1,972                    78                           L-1665 
07NE    SIETE FRANJAS NEGRAS      2,030           2,031                    83                           L-1666 
07NE    SIETE FRANJAS NEGRAS      1,964           1,965                    64                           L-1667 
07NE    SIETE FRANJAS NEGRAS      1,939           1,940                    77                           L-1668 
07NE    SIETE FRANJAS NEGRAS      2,030           2,031                    64                           L-1669 
07NE    SIETE FRANJAS NEGRAS      1,965           1,966                    80                           L-1670 
07NE    SIETE FRANJAS NEGRAS      2,041           2,042                    80                           L-1671 
07NE    SIETE FRANJAS NEGRAS      1,934           1,935                    83                           L-1672 
07NE    SIETE FRANJAS NEGRAS      2,033           2,034                    70                           L-1673 


------------------------------------------------------------------------------------------------------------------------
T.SUB-LOTES              TOT.PAQUETES =14      TOT.UNID. = 1023   T/P NETO (kg) = 27,780      T/P BRUTO (kg) = 27,794
------------------------------------------------------------------------------------------------------------------------
