
EMPRESA NACIONAL DE MINERIA (ENM) PRODUCTOR          PACKING LIST                             PAG.  :   1
NATIONAL MINING COMPANY                       CODIGO DE LOTE   : D-2787                      FECHA :17/05/2022
                                              -----------------------------
FLUJO        : 
DESCRIPCION  : CATODOS EW CERRO NEGRO
N° INSTR. DE EMBARQUE : 27373
CLIENTE      : POLAR CHILE
Lote Sipa    : 22040195

----------------------------------------------------------------------------------------------------------------------------- 
MARCA       DESCRIPCION         PESO NETO      PESO BRUTO     GRUPO     UNIDADES       UBICACION         SERIE                
-----------------------------------------------------------------------------------------------------------------------------

01NE    FRANJA NEGRA              2,051           2,052                    28                           C-2803 
01NE    FRANJA NEGRA              2,000           2,001                    35                           C-2804 
01NE    FRANJA NEGRA              2,072           2,073                    36                           C-2805 
01NE    FRANJA NEGRA              2,009           2,010                    36                           C-2806 
01NE    FRANJA NEGRA              2,051           2,052                    34                           C-2807 
01NE    FRANJA NEGRA              1,969           1,970                    37                           C-2808 
01NE    FRANJA NEGRA              2,041           2,042                    32                           C-2809 
01NE    FRANJA NEGRA              2,031           2,032                    37                           C-2810 
01NE    FRANJA NEGRA              1,947           1,948                    37                           C-2811 
01NE    FRANJA NEGRA              2,038           2,039                    34                           C-2812 
01NE    FRANJA NEGRA              1,994           1,995                    39                           C-2813 
01NE    FRANJA NEGRA              2,007           2,008                    38                           C-2814 
01NE    FRANJA NEGRA              2,050           2,051                    51                           C-2815 
01NE    FRANJA NEGRA              2,035           2,036                    43                           C-2816 
01NE    FRANJA NEGRA              1,946           1,947                    37                           C-2817 
01NE    FRANJA NEGRA              2,030           2,031                    36                           C-2867 
01NE    FRANJA NEGRA              2,059           2,060                    33                           C-2868 
01NE    FRANJA NEGRA              2,003           2,004                    34                           C-2869 
01NE    FRANJA NEGRA              2,086           2,087                    35                           C-2870 
01NE    FRANJA NEGRA              1,971           1,972                    35                           C-2871 
01NE    FRANJA NEGRA              1,957           1,958                    35                           C-2872 
01NE    FRANJA NEGRA              2,058           2,059                    35                           C-2873 
01NE    FRANJA NEGRA              2,055           2,056                    34                           C-2874 
01NE    FRANJA NEGRA              2,017           2,018                    37                           C-2875 
01NE    FRANJA NEGRA              1,968           1,969                    33                           C-2876 
01NE    FRANJA NEGRA              2,009           2,010                    31                           C-2877 
01NE    FRANJA NEGRA              2,024           2,025                    33                           C-2878 
01NE    FRANJA NEGRA              2,032           2,033                    34                           C-2879 
01NE    FRANJA NEGRA              1,993           1,994                    35                           C-2880 
01NE    FRANJA NEGRA              2,001           2,002                    34                           C-2881 
01NE    FRANJA NEGRA              1,970           1,971                    28                           D-2787 
01NE    FRANJA NEGRA              2,091           2,092                    30                           D-2788 
01NE    FRANJA NEGRA              2,009           2,010                    28                           D-2789 
01NE    FRANJA NEGRA              2,016           2,017                    28                           D-2790 
01NE    FRANJA NEGRA              2,015           2,016                    26                           D-2791 
01NE    FRANJA NEGRA              1,993           1,994                    27                           D-2792 
01NE    FRANJA NEGRA              2,078           2,079                    29                           D-2793 
01NE    FRANJA NEGRA              1,997           1,998                    25                           D-2794 
01NE    FRANJA NEGRA              1,969           1,970                    36                           D-2795 
01NE    FRANJA NEGRA              2,006           2,007                    28                           D-2796 
01NE    FRANJA NEGRA              1,984           1,985                    25                           D-2797 
01NE    FRANJA NEGRA              2,013           2,014                    27                           D-2798 
01NE    FRANJA NEGRA              2,031           2,032                    39                           D-2799 
01NE    FRANJA NEGRA              2,050           2,051                    29                           D-2800 
01NE    FRANJA NEGRA              2,032           2,033                    28                           D-2801 









EMPRESA NACIONAL DE MINERIA (ENM) PRODUCTOR          PACKING LIST                             PAG.  :   2
NATIONAL MINING COMPANY                       CODIGO DE LOTE   : D-2787                      FECHA :17/05/2022
                                              -----------------------------
FLUJO        : 
DESCRIPCION  : CATODOS EW CERRO NEGRO
N° INSTR. DE EMBARQUE : 27373
CLIENTE      : POLAR CHILE
Lote Sipa    : 22040195

----------------------------------------------------------------------------------------------------------------------------- 
MARCA       DESCRIPCION         PESO NETO      PESO BRUTO     GRUPO     UNIDADES       UBICACION         SERIE                
-----------------------------------------------------------------------------------------------------------------------------

01NE    FRANJA NEGRA              2,053           2,054                    34                           D-2819 
01NE    FRANJA NEGRA              1,936           1,937                    33                           D-2820 
01NE    FRANJA NEGRA              2,001           2,002                    34                           D-2821 
01NE    FRANJA NEGRA              2,048           2,049                    34                           D-2822 
01NE    FRANJA NEGRA              1,994           1,995                    35                           D-2823 
01NE    FRANJA NEGRA              2,041           2,042                    33                           D-2824 
01NE    FRANJA NEGRA              2,034           2,035                    35                           D-2825 
01NE    FRANJA NEGRA              2,045           2,046                    35                           D-2826 
01NE    FRANJA NEGRA              2,103           2,104                    39                           D-2827 
01NE    FRANJA NEGRA              1,995           1,996                    35                           D-2828 
01NE    FRANJA NEGRA              2,003           2,004                    35                           D-2829 
01NE    FRANJA NEGRA              2,035           2,036                    36                           D-2830 
01NE    FRANJA NEGRA              1,956           1,957                    36                           D-2831 
01NE    FRANJA NEGRA              2,043           2,044                    35                           D-2832 
01NE    FRANJA NEGRA              2,036           2,037                    36                           D-2833 


------------------------------------------------------------------------------------------------------------------------
T.SUB-LOTES              TOT.PAQUETES =60      TOT.UNID. = 2026   T/P NETO (kg) = 121,081      T/P BRUTO (kg) = 121,141
------------------------------------------------------------------------------------------------------------------------
