
EMPRESA NACIONAL DE MINERIA (ENM) PRODUCTOR          PACKING LIST                             PAG.  :   1
NATIONAL MINING COMPANY                       CODIGO DE LOTE   : F-2336                      FECHA :18/08/2020
                                              -----------------------------
FLUJO        : 
DESCRIPCION  : CATODOS EW DELTA
N° INSTR. DE EMBARQUE : 26150
CLIENTE      : CAUQUENES
Lote Sipa    : 20060128

----------------------------------------------------------------------------------------------------------------------------- 
MARCA       DESCRIPCION         PESO NETO      PESO BRUTO     GRUPO     UNIDADES       UBICACION         SERIE                
-----------------------------------------------------------------------------------------------------------------------------

01BL    FRANJA BLANCA             2,013           2,014                    74                           F-2336 
01BL    FRANJA BLANCA             1,941           1,942                    75                           F-2337 
01BL    FRANJA BLANCA             1,991           1,992                    72                           F-2338 
01BL    FRANJA BLANCA             1,966           1,967                    80                           F-2339 
01BL    FRANJA BLANCA             1,976           1,977                    79                           F-2340 
01BL    FRANJA BLANCA             1,994           1,995                    76                           F-2341 
01BL    FRANJA BLANCA             1,985           1,986                    74                           F-2342 
01BL    FRANJA BLANCA             1,976           1,977                    86                           F-2343 
01BL    FRANJA BLANCA             2,013           2,014                    75                           F-2344 
01BL    FRANJA BLANCA             1,966           1,967                    75                           F-2345 
01BL    FRANJA BLANCA             1,980           1,981                    75                           F-2346 
01BL    FRANJA BLANCA             1,986           1,987                    75                           F-2347 
01BL    FRANJA BLANCA             2,008           2,009                    74                           F-2348 
01BL    FRANJA BLANCA             1,988           1,989                    82                           F-2349 
01BL    FRANJA BLANCA             2,005           2,006                    55                           F-2351 
01BL    FRANJA BLANCA             2,006           2,007                    60                           F-2352 
01BL    FRANJA BLANCA             2,017           2,018                    52                           F-2353 
01BL    FRANJA BLANCA             2,089           2,090                    60                           F-2354 
01BL    FRANJA BLANCA             1,998           1,999                    556                          F-2355 
01BL    FRANJA BLANCA             1,966           1,967                    58                           F-2356 
01BL    FRANJA BLANCA             1,973           1,974                    52                           F-2357 
01BL    FRANJA BLANCA             2,045           2,046                    60                           F-2358 
01BL    FRANJA BLANCA             1,996           1,997                    56                           F-2359 
01BL    FRANJA BLANCA             1,996           1,997                    56                           F-2360 
01BL    FRANJA BLANCA             2,028           2,029                    66                           F-2361 
01BL    FRANJA BLANCA             2,023           2,024                    58                           F-2362 
01BL    FRANJA BLANCA             2,003           2,004                    56                           F-2363 
01BL    FRANJA BLANCA             2,053           2,054                    56                           F-2364 
01BL    FRANJA BLANCA             2,099           2,100                    63                           G-2336 
01BL    FRANJA BLANCA             1,924           1,925                    58                           G-2337 
01BL    FRANJA BLANCA             2,023           2,024                    62                           G-2338 
01BL    FRANJA BLANCA             2,085           2,086                    61                           G-2339 
01BL    FRANJA BLANCA             2,078           2,079                    64                           G-2340 
01BL    FRANJA BLANCA             2,033           2,034                    63                           G-2341 
01BL    FRANJA BLANCA             2,092           2,093                    61                           G-2342 
01BL    FRANJA BLANCA             2,058           2,059                    64                           G-2343 
01BL    FRANJA BLANCA             2,035           2,036                    57                           G-2344 
01BL    FRANJA BLANCA             1,998           1,999                    59                           G-2345 
01BL    FRANJA BLANCA             1,979           1,980                    59                           G-2346 
01BL    FRANJA BLANCA             1,930           1,931                    54                           G-2347 
01BL    FRANJA BLANCA             2,093           2,094                    61                           G-2348 
01BL    FRANJA BLANCA             2,013           2,014                    59                           G-2349 


------------------------------------------------------------------------------------------------------------------------
T.SUB-LOTES              TOT.PAQUETES =42      TOT.UNID. = 3218   T/P NETO (kg) = 84,421      T/P BRUTO (kg) = 84,463
------------------------------------------------------------------------------------------------------------------------
