
EMPRESA NACIONAL DE MINERIA (ENM) PRODUCTOR          PACKING LIST                             PAG.  :   1
NATIONAL MINING COMPANY                       CODIGO DE LOTE   : I-4388                      FECHA :04/09/2019
                                              -----------------------------
FLUJO        : 
DESCRIPCION  : CATODOS GRADO A
N° INSTR. DE EMBARQUE : 25427
CLIENTE      : SINE MAERSK
Lote Sipa    : 

----------------------------------------------------------------------------------------------------------------------------- 
MARCA       DESCRIPCION         PESO NETO      PESO BRUTO     GRUPO     UNIDADES       UBICACION         SERIE                
-----------------------------------------------------------------------------------------------------------------------------

02AZ    DOS FRANJAS AZULES        2,267           2,268         27         20                           I-4388 
02AZ    DOS FRANJAS AZULES        2,182           2,183         27         20                           I-4389 
02AZ    DOS FRANJAS AZULES        2,063           2,064         27         20                           I-4390 
02AZ    DOS FRANJAS AZULES        2,197           2,198         27         20                           I-4391 
02AZ    DOS FRANJAS AZULES        1,997           1,998         27         20                           I-4392 
02AZ    DOS FRANJAS AZULES        2,140           2,141         27         20                           I-4393 
02AZ    DOS FRANJAS AZULES        2,043           2,044         27         20                           I-4394 
02AZ    DOS FRANJAS AZULES        2,236           2,237         11         20                           I-4395 
02AZ    DOS FRANJAS AZULES        2,026           2,027         11         20                           I-4396 
02AZ    DOS FRANJAS AZULES        1,985           1,986         11         20                           I-4397 
02AZ    DOS FRANJAS AZULES        1,913           1,914         27         20                           I-4398 
02AZ    DOS FRANJAS AZULES        2,199           2,200         27         20                           I-4399 
02AZ    DOS FRANJAS AZULES        2,062           2,063         27         20                           I-4400 
02AZ    DOS FRANJAS AZULES        2,032           2,033         27         20                           I-4401 
02AZ    DOS FRANJAS AZULES        2,210           2,211         27         20                           I-4402 
02AZ    DOS FRANJAS AZULES        1,994           1,995         27         20                           I-4403 
02AZ    DOS FRANJAS AZULES        2,284           2,285         27         20                           I-4404 
02AZ    DOS FRANJAS AZULES        2,338           2,339         27         20                           I-4405 
02AZ    DOS FRANJAS AZULES        2,069           2,070         27         20                           I-4406 
02AZ    DOS FRANJAS AZULES        2,232           2,233         27         20                           I-4407 
02AZ    DOS FRANJAS AZULES        2,181           2,182         27         20                           I-4408 
02AZ    DOS FRANJAS AZULES        2,276           2,277         27         20                           I-4409 
02AZ    DOS FRANJAS AZULES        2,098           2,099         27         20                           I-4410 
02AZ    DOS FRANJAS AZULES        2,176           2,177         24         20                           I-4411 
02AZ    DOS FRANJAS AZULES        2,239           2,240         24         20                           I-4412 
02AZ    DOS FRANJAS AZULES        2,335           2,336         24         20                           I-4413 
02AZ    DOS FRANJAS AZULES        2,244           2,245         24         20                           I-4414 
02AZ    DOS FRANJAS AZULES        2,275           2,276         24         20                           I-4415 
02AZ    DOS FRANJAS AZULES        2,278           2,279         24         20                           I-4416 
02AZ    DOS FRANJAS AZULES        2,205           2,206         24         20                           I-4417 
02AZ    DOS FRANJAS AZULES        2,292           2,293         24         20                           I-4418 
02AZ    DOS FRANJAS AZULES        2,212           2,213         11         20                           I-4419 
02AZ    DOS FRANJAS AZULES        2,181           2,182         11         20                           I-4420 
02AZ    DOS FRANJAS AZULES        2,121           2,122         24         20                           I-4421 
02AZ    DOS FRANJAS AZULES        2,219           2,220         27         20                           I-4422 
02AZ    DOS FRANJAS AZULES        2,054           2,055         11         20                           I-4423 
02AZ    DOS FRANJAS AZULES        2,359           2,360         27         20                           I-4424 
02AZ    DOS FRANJAS AZULES        2,302           2,303         27         20                           I-4425 
02AZ    DOS FRANJAS AZULES        2,475           2,476         27         20                           I-4426 
02AZ    DOS FRANJAS AZULES        2,411           2,412         27         20                           I-4427 
02AZ    DOS FRANJAS AZULES        2,365           2,366         11         20                           I-4428 
02AZ    DOS FRANJAS AZULES        2,375           2,376         11         20                           I-4429 
02AZ    DOS FRANJAS AZULES        2,312           2,313         11         20                           I-4430 
02AZ    DOS FRANJAS AZULES        2,410           2,411         11         20                           I-4431 
02AZ    DOS FRANJAS AZULES        2,353           2,354         11         20                           I-4432 









EMPRESA NACIONAL DE MINERIA (ENM) PRODUCTOR          PACKING LIST                             PAG.  :   2
NATIONAL MINING COMPANY                       CODIGO DE LOTE   : I-4388                      FECHA :04/09/2019
                                              -----------------------------
FLUJO        : 
DESCRIPCION  : CATODOS GRADO A
N° INSTR. DE EMBARQUE : 25427
CLIENTE      : SINE MAERSK
Lote Sipa    : 

----------------------------------------------------------------------------------------------------------------------------- 
MARCA       DESCRIPCION         PESO NETO      PESO BRUTO     GRUPO     UNIDADES       UBICACION         SERIE                
-----------------------------------------------------------------------------------------------------------------------------

02AZ    DOS FRANJAS AZULES        2,522           2,523         11         20                           I-4433 
02AZ    DOS FRANJAS AZULES        2,335           2,336         11         20                           I-4434 
02AZ    DOS FRANJAS AZULES        2,301           2,302         27         20                           I-4435 
02AZ    DOS FRANJAS AZULES        2,404           2,405         11         20                           I-4436 
02AZ    DOS FRANJAS AZULES        2,270           2,271         27         20                           I-4437 
02AZ    DOS FRANJAS AZULES        2,283           2,284         27         20                           I-4438 
02AZ    DOS FRANJAS AZULES        2,225           2,226         27         20                           I-4439 
02AZ    DOS FRANJAS AZULES        2,352           2,353         27         20                           I-4440 
02AZ    DOS FRANJAS AZULES        2,434           2,435         27         20                           I-4441 
02AZ    DOS FRANJAS AZULES        2,203           2,204         27         20                           I-4442 
02AZ    DOS FRANJAS AZULES        2,480           2,481         11         20                           I-4443 
02AZ    DOS FRANJAS AZULES        2,394           2,395         11         20                           I-4444 
02AZ    DOS FRANJAS AZULES        2,323           2,324         11         20                           I-4445 
02AZ    DOS FRANJAS AZULES        2,288           2,289         11         20                           I-4446 
02AZ    DOS FRANJAS AZULES        2,327           2,328         11         20                           I-4447 
02AZ    DOS FRANJAS AZULES        2,259           2,260         11         20                           I-4448 
02AZ    DOS FRANJAS AZULES        2,301           2,302         11         20                           I-4449 
02AZ    DOS FRANJAS AZULES        2,372           2,373         11         20                           I-4450 
02AZ    DOS FRANJAS AZULES        2,112           2,113         11         20                           I-4451 
02AZ    DOS FRANJAS AZULES        2,404           2,405         11         20                           I-4452 
02AZ    DOS FRANJAS AZULES        2,090           2,091         11         20                           I-4453 
02AZ    DOS FRANJAS AZULES        2,388           2,389         11         20                           I-4454 
02AZ    DOS FRANJAS AZULES        2,215           2,216         11         20                           I-4455 
02AZ    DOS FRANJAS AZULES        2,356           2,357         11         20                           I-4456 
02AZ    DOS FRANJAS AZULES        2,188           2,189         11         20                           I-4457 
02AZ    DOS FRANJAS AZULES        2,332           2,333         11         20                           I-4458 
02AZ    DOS FRANJAS AZULES        2,342           2,343         11         20                           I-4459 
02AZ    DOS FRANJAS AZULES        2,278           2,279         11         20                           I-4460 
02AZ    DOS FRANJAS AZULES        2,258           2,259         24         20                           I-4461 
02AZ    DOS FRANJAS AZULES        2,427           2,428         24         20                           I-4462 
02AZ    DOS FRANJAS AZULES        2,270           2,271         24         20                           I-4463 
02AZ    DOS FRANJAS AZULES        2,412           2,413         24         20                           I-4464 
02AZ    DOS FRANJAS AZULES        2,184           2,185         24         20                           I-4465 
02AZ    DOS FRANJAS AZULES        2,154           2,155         24         20                           I-4466 
02AZ    DOS FRANJAS AZULES        2,368           2,369         24         20                           I-4467 
02AZ    DOS FRANJAS AZULES        2,508           2,509         24         20                           I-4468 
02AZ    DOS FRANJAS AZULES        2,493           2,494         24         20                           I-4469 
02AZ    DOS FRANJAS AZULES        2,194           2,195         24         20                           I-4470 
02AZ    DOS FRANJAS AZULES        2,309           2,310         24         20                           I-4471 
02AZ    DOS FRANJAS AZULES        2,312           2,313         24         20                           I-4472 
02AZ    DOS FRANJAS AZULES        2,145           2,146         28         20                           I-4473 
02AZ    DOS FRANJAS AZULES        2,396           2,397         28         20                           I-4474 
02AZ    DOS FRANJAS AZULES        2,069           2,070         28         20                           I-4475 
02AZ    DOS FRANJAS AZULES        2,500           2,501         28         20                           I-4476 
02AZ    DOS FRANJAS AZULES        2,564           2,565         28         20                           I-4477 









EMPRESA NACIONAL DE MINERIA (ENM) PRODUCTOR          PACKING LIST                             PAG.  :   3
NATIONAL MINING COMPANY                       CODIGO DE LOTE   : I-4388                      FECHA :04/09/2019
                                              -----------------------------
FLUJO        : 
DESCRIPCION  : CATODOS GRADO A
N° INSTR. DE EMBARQUE : 25427
CLIENTE      : SINE MAERSK
Lote Sipa    : 

----------------------------------------------------------------------------------------------------------------------------- 
MARCA       DESCRIPCION         PESO NETO      PESO BRUTO     GRUPO     UNIDADES       UBICACION         SERIE                
-----------------------------------------------------------------------------------------------------------------------------

02AZ    DOS FRANJAS AZULES        2,189           2,190         28         20                           I-4478 
02AZ    DOS FRANJAS AZULES        2,331           2,332         28         20                           I-4479 
02AZ    DOS FRANJAS AZULES        2,244           2,245         28         20                           I-4480 
02AZ    DOS FRANJAS AZULES        1,917           1,918         49         20                           I-4481 
02AZ    DOS FRANJAS AZULES        2,462           2,463         28         20                           I-4482 
02AZ    DOS FRANJAS AZULES        1,900           1,901         49         20                           I-4483 
02AZ    DOS FRANJAS AZULES        2,582           2,583         28         20                           I-4484 
02AZ    DOS FRANJAS AZULES        2,018           2,019         49         20                           I-4485 
02AZ    DOS FRANJAS AZULES        1,921           1,922         49         20                           I-4486 
02AZ    DOS FRANJAS AZULES        2,137           2,138         49         20                           I-4487 
02AZ    DOS FRANJAS AZULES        2,219           2,220         28         20                           I-4488 
02AZ    DOS FRANJAS AZULES        2,221           2,222         28         20                           I-4489 
02AZ    DOS FRANJAS AZULES        2,113           2,114         28         20                           I-4490 
02AZ    DOS FRANJAS AZULES        2,134           2,135         28         20                           I-4491 
02AZ    DOS FRANJAS AZULES        2,590           2,591         28         20                           I-4492 
02AZ    DOS FRANJAS AZULES        2,114           2,115         49         20                           I-4493 
02AZ    DOS FRANJAS AZULES        2,039           2,040         49         20                           I-4494 
02AZ    DOS FRANJAS AZULES        2,542           2,543         28         20                           I-4495 
02AZ    DOS FRANJAS AZULES        2,605           2,606         28         20                           I-4496 
02AZ    DOS FRANJAS AZULES        2,071           2,072         28         20                           I-4497 
02AZ    DOS FRANJAS AZULES        2,571           2,572         28         20                           I-4498 
02AZ    DOS FRANJAS AZULES        2,573           2,574         28         20                           I-4499 
02AZ    DOS FRANJAS AZULES        2,567           2,568         28         20                           I-4500 
02AZ    DOS FRANJAS AZULES        2,180           2,181         28         20                           I-4501 
02AZ    DOS FRANJAS AZULES        2,108           2,109         49         20                           I-4502 
02AZ    DOS FRANJAS AZULES        2,159           2,160         49         20                           I-4503 
02AZ    DOS FRANJAS AZULES        2,186           2,187         49         20                           I-4504 
02AZ    DOS FRANJAS AZULES        2,257           2,258         28         20                           I-4505 
02AZ    DOS FRANJAS AZULES        2,063           2,064         49         20                           I-4506 
02AZ    DOS FRANJAS AZULES        1,978           1,979         49         20                           I-4507 
02AZ    DOS FRANJAS AZULES        2,167           2,168         49         20                           I-4508 
02AZ    DOS FRANJAS AZULES        2,249           2,250         28         20                           I-4509 
02AZ    DOS FRANJAS AZULES        2,197           2,198         28         20                           I-4510 
02AZ    DOS FRANJAS AZULES        2,163           2,164         28         20                           I-4511 
02AZ    DOS FRANJAS AZULES        2,225           2,226         28         20                           I-4512 
02AZ    DOS FRANJAS AZULES        2,255           2,256         28         20                           I-4513 
02AZ    DOS FRANJAS AZULES        2,172           2,173         28         20                           I-4514 
02AZ    DOS FRANJAS AZULES        2,226           2,227         28         20                           I-4515 
02AZ    DOS FRANJAS AZULES        2,210           2,211         28         20                           I-4516 
02AZ    DOS FRANJAS AZULES        2,500           2,501         28         20                           I-4517 
02AZ    DOS FRANJAS AZULES        2,328           2,329         28         20                           I-4518 
02AZ    DOS FRANJAS AZULES        2,491           2,492         28         20                           I-4519 
02AZ    DOS FRANJAS AZULES        2,227           2,228         28         20                           I-4520 


------------------------------------------------------------------------------------------------------------------------
T.SUB-LOTES              TOT.PAQUETES =133      TOT.UNID. = 2660   T/P NETO (kg) = 299,959      T/P BRUTO (kg) = 300,092
------------------------------------------------------------------------------------------------------------------------
