
EMPRESA NACIONAL DE MINERIA (ENM) PRODUCTOR          PACKING LIST                             PAG.  :   1
NATIONAL MINING COMPANY                       CODIGO DE LOTE   : B-9800                      FECHA :21/02/2023
                                              -----------------------------
FLUJO        : 
DESCRIPCION  : CATODOS GRADO A
N° INSTR. DE EMBARQUE : 27827
CLIENTE      : SAN ANTONIO EXPRESS
Lote Sipa    : 

----------------------------------------------------------------------------------------------------------------------------- 
MARCA       DESCRIPCION         PESO NETO      PESO BRUTO     GRUPO     UNIDADES       UBICACION         SERIE                
-----------------------------------------------------------------------------------------------------------------------------

02BL    DOS FRANJAS BLANCAS       2,427           2,428         29         20                           B-9800 
02BL    DOS FRANJAS BLANCAS       2,375           2,376         29         20                           B-9801 
02BL    DOS FRANJAS BLANCAS       2,403           2,404         29         20                           B-9802 
02BL    DOS FRANJAS BLANCAS       2,351           2,352         48         20                           B-9803 
02BL    DOS FRANJAS BLANCAS       2,411           2,412         48         20                           B-9804 
02BL    DOS FRANJAS BLANCAS       2,526           2,527         48         20                           B-9805 
02BL    DOS FRANJAS BLANCAS       2,497           2,498         48         20                           B-9806 
02BL    DOS FRANJAS BLANCAS       2,237           2,238         48         20                           B-9807 
02BL    DOS FRANJAS BLANCAS       2,375           2,376         48         20                           B-9808 
02BL    DOS FRANJAS BLANCAS       2,471           2,472         48         20                           B-9809 
02BL    DOS FRANJAS BLANCAS       2,484           2,485         48         20                           B-9810 
02BL    DOS FRANJAS BLANCAS       2,047           2,048         48         20                           B-9811 
02BL    DOS FRANJAS BLANCAS       2,447           2,448         48         20                           B-9812 
02BL    DOS FRANJAS BLANCAS       2,417           2,418         48         20                           B-9813 
02BL    DOS FRANJAS BLANCAS       2,229           2,230         48         20                           B-9814 
02BL    DOS FRANJAS BLANCAS       2,421           2,422         48         20                           B-9815 
02BL    DOS FRANJAS BLANCAS       2,481           2,482         48         20                           B-9816 
02BL    DOS FRANJAS BLANCAS       2,451           2,452         48         20                           B-9817 
02BL    DOS FRANJAS BLANCAS       2,293           2,294         48         20                           B-9818 
02BL    DOS FRANJAS BLANCAS       2,157           2,158         48         20                           B-9819 
02BL    DOS FRANJAS BLANCAS       2,457           2,458         48         20                           B-9820 
02BL    DOS FRANJAS BLANCAS       2,307           2,308         29         20                           B-9821 
02BL    DOS FRANJAS BLANCAS       2,071           2,072         48         20                           B-9822 
02BL    DOS FRANJAS BLANCAS       2,433           2,434         48         20                           B-9823 
02BL    DOS FRANJAS BLANCAS       2,480           2,481         48         20                           B-9824 
02BL    DOS FRANJAS BLANCAS       2,512           2,513         14         20                           B-9825 
02BL    DOS FRANJAS BLANCAS       2,359           2,360         14         20                           B-9826 
02BL    DOS FRANJAS BLANCAS       2,274           2,275         14         20                           B-9827 
02BL    DOS FRANJAS BLANCAS       2,504           2,505         48         20                           B-9828 
02BL    DOS FRANJAS BLANCAS       2,485           2,486         48         20                           B-9829 
02BL    DOS FRANJAS BLANCAS       2,363           2,364         48         20                           B-9830 
02BL    DOS FRANJAS BLANCAS       2,431           2,432         14         20                           B-9831 
02BL    DOS FRANJAS BLANCAS       2,495           2,496         14         20                           B-9832 
02BL    DOS FRANJAS BLANCAS       2,547           2,548         14         20                           B-9833 
02BL    DOS FRANJAS BLANCAS       2,459           2,460         48         20                           B-9834 
02BL    DOS FRANJAS BLANCAS       2,477           2,478         48         20                           B-9835 
02BL    DOS FRANJAS BLANCAS       2,497           2,498         14         20                           B-9836 
02BL    DOS FRANJAS BLANCAS       2,456           2,457         14         20                           B-9837 
02BL    DOS FRANJAS BLANCAS       2,316           2,317         14         20                           B-9838 
02BL    DOS FRANJAS BLANCAS       2,423           2,424         14         20                           B-9839 
02BL    DOS FRANJAS BLANCAS       2,515           2,516         14         20                           B-9840 
02BL    DOS FRANJAS BLANCAS       2,523           2,524         14         20                           B-9841 
02BL    DOS FRANJAS BLANCAS       2,464           2,465         14         20                           B-9842 
02BL    DOS FRANJAS BLANCAS       2,474           2,475         14         20                           B-9843 
02BL    DOS FRANJAS BLANCAS       2,473           2,474         14         20                           B-9844 









EMPRESA NACIONAL DE MINERIA (ENM) PRODUCTOR          PACKING LIST                             PAG.  :   2
NATIONAL MINING COMPANY                       CODIGO DE LOTE   : B-9800                      FECHA :21/02/2023
                                              -----------------------------
FLUJO        : 
DESCRIPCION  : CATODOS GRADO A
N° INSTR. DE EMBARQUE : 27827
CLIENTE      : SAN ANTONIO EXPRESS
Lote Sipa    : 

----------------------------------------------------------------------------------------------------------------------------- 
MARCA       DESCRIPCION         PESO NETO      PESO BRUTO     GRUPO     UNIDADES       UBICACION         SERIE                
-----------------------------------------------------------------------------------------------------------------------------

02BL    DOS FRANJAS BLANCAS       2,419           2,420         14         20                           B-9845 
02BL    DOS FRANJAS BLANCAS       2,453           2,454         14         20                           B-9846 
02BL    DOS FRANJAS BLANCAS       2,330           2,331         14         20                           B-9847 
02BL    DOS FRANJAS BLANCAS       2,346           2,347         14         20                           B-9848 
02BL    DOS FRANJAS BLANCAS       2,489           2,490         14         20                           B-9849 
02BL    DOS FRANJAS BLANCAS       2,319           2,320         14         20                           B-9850 
02BL    DOS FRANJAS BLANCAS       2,433           2,434         14         20                           B-9851 
02BL    DOS FRANJAS BLANCAS       2,371           2,372         14         20                           B-9852 
02BL    DOS FRANJAS BLANCAS       2,281           2,282         14         20                           B-9853 
02BL    DOS FRANJAS BLANCAS       2,447           2,448         14         20                           B-9854 
02BL    DOS FRANJAS BLANCAS       2,227           2,228         14         20                           B-9855 
02BL    DOS FRANJAS BLANCAS       2,451           2,452         48         20                           B-9856 
02BL    DOS FRANJAS BLANCAS       2,507           2,508         14         20                           B-9857 
02BL    DOS FRANJAS BLANCAS       2,506           2,507         48         20                           B-9858 
02BL    DOS FRANJAS BLANCAS       2,519           2,520         48         20                           B-9859 
02BL    DOS FRANJAS BLANCAS       2,223           2,224         14         20                           B-9860 
02BL    DOS FRANJAS BLANCAS       2,479           2,480         14         20                           B-9861 
02BL    DOS FRANJAS BLANCAS       2,079           2,080         14         20                           B-9862 
02BL    DOS FRANJAS BLANCAS       2,260           2,261         14         20                           B-9863 
02BL    DOS FRANJAS BLANCAS       2,503           2,504         48         20                           B-9864 
02BL    DOS FRANJAS BLANCAS       2,119           2,120         14         20                           B-9865 
02BL    DOS FRANJAS BLANCAS       2,401           2,402         14         20                           B-9866 
02BL    DOS FRANJAS BLANCAS       2,419           2,420         14         20                           B-9867 
02BL    DOS FRANJAS BLANCAS       2,189           2,190         14         20                           B-9868 
02BL    DOS FRANJAS BLANCAS       2,531           2,532         14         20                           B-9869 
02BL    DOS FRANJAS BLANCAS       2,243           2,244         14         20                           B-9870 
02BL    DOS FRANJAS BLANCAS       2,491           2,492         14         20                           B-9871 
02BL    DOS FRANJAS BLANCAS       2,353           2,354         14         20                           B-9872 
02BL    DOS FRANJAS BLANCAS       2,127           2,128         14         20                           B-9873 
02BL    DOS FRANJAS BLANCAS       2,257           2,258         14         20                           B-9874 
02BL    DOS FRANJAS BLANCAS       2,165           2,166         14         20                           B-9875 
02BL    DOS FRANJAS BLANCAS       2,311           2,312         14         20                           B-9876 
02BL    DOS FRANJAS BLANCAS       2,303           2,304         14         20                           B-9877 
02BL    DOS FRANJAS BLANCAS       2,040           2,041         14         20                           B-9878 
02BL    DOS FRANJAS BLANCAS       2,094           2,095         14         20                           B-9879 
02BL    DOS FRANJAS BLANCAS       2,507           2,508         14         20                           B-9880 
02BL    DOS FRANJAS BLANCAS       2,529           2,530         14         20                           B-9881 
02BL    DOS FRANJAS BLANCAS       2,097           2,098         14         20                           B-9882 
02BL    DOS FRANJAS BLANCAS       2,369           2,370         48         20                           B-9883 
02BL    DOS FRANJAS BLANCAS       2,383           2,384         48         20                           B-9884 
02BL    DOS FRANJAS BLANCAS       2,131           2,132         14         20                           B-9885 
02BL    DOS FRANJAS BLANCAS       2,275           2,276         14         20                           B-9886 
02BL    DOS FRANJAS BLANCAS       2,511           2,512         14         20                           B-9887 
02BL    DOS FRANJAS BLANCAS       2,373           2,374         14         20                           B-9888 
02BL    DOS FRANJAS BLANCAS       2,475           2,476         29         20                           B-9889 









EMPRESA NACIONAL DE MINERIA (ENM) PRODUCTOR          PACKING LIST                             PAG.  :   3
NATIONAL MINING COMPANY                       CODIGO DE LOTE   : B-9800                      FECHA :21/02/2023
                                              -----------------------------
FLUJO        : 
DESCRIPCION  : CATODOS GRADO A
N° INSTR. DE EMBARQUE : 27827
CLIENTE      : SAN ANTONIO EXPRESS
Lote Sipa    : 

----------------------------------------------------------------------------------------------------------------------------- 
MARCA       DESCRIPCION         PESO NETO      PESO BRUTO     GRUPO     UNIDADES       UBICACION         SERIE                
-----------------------------------------------------------------------------------------------------------------------------

02BL    DOS FRANJAS BLANCAS       2,195           2,196         29         20                           B-9890 
02BL    DOS FRANJAS BLANCAS       2,337           2,338         48         20                           B-9891 
02BL    DOS FRANJAS BLANCAS       2,317           2,318         48         20                           B-9892 
02BL    DOS FRANJAS BLANCAS       2,097           2,098         36         20                           B-9893 
02BL    DOS FRANJAS BLANCAS       2,001           2,002         14         20                           B-9894 
02BL    DOS FRANJAS BLANCAS       2,485           2,486         48         20                           B-9895 
02BL    DOS FRANJAS BLANCAS       2,223           2,224         48         20                           B-9896 
02BL    DOS FRANJAS BLANCAS       2,165           2,166         14         20                           B-9897 
02BL    DOS FRANJAS BLANCAS       2,421           2,422         14         20                           B-9898 
02BL    DOS FRANJAS BLANCAS       2,053           2,054         48         20                           B-9899 
02BL    DOS FRANJAS BLANCAS       2,119           2,120         48         20                           B-9900 
02BL    DOS FRANJAS BLANCAS       1,929           1,930         48         20                           B-9901 
02BL    DOS FRANJAS BLANCAS       2,449           2,450         48         20                           B-9902 
02BL    DOS FRANJAS BLANCAS       2,601           2,602         14         20                           B-9903 
02BL    DOS FRANJAS BLANCAS       2,575           2,576         14         20                           B-9904 
02BL    DOS FRANJAS BLANCAS       2,386           2,387         14         20                           B-9905 


------------------------------------------------------------------------------------------------------------------------
T.SUB-LOTES              TOT.PAQUETES =106      TOT.UNID. = 2120   T/P NETO (kg) = 249,983      T/P BRUTO (kg) = 250,089
------------------------------------------------------------------------------------------------------------------------
