
EMPRESA NACIONAL DE MINERIA (ENM) PRODUCTOR          PACKING LIST                             PAG.  :   1
NATIONAL MINING COMPANY                       CODIGO DE LOTE   : F-11035                      FECHA :25/06/2019
                                              -----------------------------
FLUJO        : 
DESCRIPCION  : CATODOS GRADO A
N° INSTR. DE EMBARQUE : 25330
CLIENTE      : SAN ANTONIO EXPRESS
Lote Sipa    : 

----------------------------------------------------------------------------------------------------------------------------- 
MARCA       DESCRIPCION         PESO NETO      PESO BRUTO     GRUPO     UNIDADES       UBICACION         SERIE                
-----------------------------------------------------------------------------------------------------------------------------

X0VE    EQUIS VERDE               2,373           2,374         34         20                           F-11035
X0VE    EQUIS VERDE               2,371           2,372         11         20                           F-11036
X0VE    EQUIS VERDE               2,371           2,372         11         20                           F-11037
X0VE    EQUIS VERDE               2,565           2,566         11         20                           F-11038
X0VE    EQUIS VERDE               2,501           2,502         11         20                           F-11039
X0VE    EQUIS VERDE               2,547           2,548         11         20                           F-11040
X0VE    EQUIS VERDE               2,508           2,509         11         20                           F-11041
X0VE    EQUIS VERDE               2,481           2,482         11         20                           F-11042
X0VE    EQUIS VERDE               2,485           2,486         11         20                           F-11043
X0VE    EQUIS VERDE               2,435           2,436         11         20                           F-11044
X0VE    EQUIS VERDE               2,401           2,402         34         20                           F-11045
X0VE    EQUIS VERDE               2,473           2,474         11         20                           F-11046
X0VE    EQUIS VERDE               2,468           2,469         11         20                           F-11047
X0VE    EQUIS VERDE               2,366           2,367         34         20                           F-11048
X0VE    EQUIS VERDE               2,478           2,479         11         20                           F-11049
X0VE    EQUIS VERDE               2,467           2,468         11         20                           F-11050
X0VE    EQUIS VERDE               2,405           2,406         11         20                           F-11051
X0VE    EQUIS VERDE               2,378           2,379         11         20                           F-11052
X0VE    EQUIS VERDE               2,570           2,571         34         20                           F-11053
X0VE    EQUIS VERDE               2,431           2,432         34         20                           F-11054
X0VE    EQUIS VERDE               2,489           2,490         11         20                           F-11055
X0VE    EQUIS VERDE               2,541           2,542         11         20                           F-11056
X0VE    EQUIS VERDE               2,534           2,535         11         20                           F-11057
X0VE    EQUIS VERDE               2,447           2,448         11         20                           F-11058
X0VE    EQUIS VERDE               2,463           2,464         34         20                           F-11059
X0VE    EQUIS VERDE               2,483           2,484         11         20                           F-11060
X0VE    EQUIS VERDE               2,483           2,484         11         20                           F-11061
X0VE    EQUIS VERDE               2,399           2,400         34         20                           F-11062
X0VE    EQUIS VERDE               2,508           2,509         34         20                           F-11063
X0VE    EQUIS VERDE               2,534           2,535         34         20                           F-11064
X0VE    EQUIS VERDE               2,454           2,455         11         20                           F-11065
X0VE    EQUIS VERDE               2,381           2,382         34         20                           F-11066
X0VE    EQUIS VERDE               2,334           2,335         34         20                           F-11067
X0VE    EQUIS VERDE               2,321           2,322         34         20                           F-11068
X0VE    EQUIS VERDE               2,299           2,300         34         20                           F-11069
X0VE    EQUIS VERDE               2,288           2,289         34         20                           F-11070
X0VE    EQUIS VERDE               2,316           2,317         34         20                           F-11071
X0VE    EQUIS VERDE               2,289           2,290         34         20                           F-11072
X0VE    EQUIS VERDE               2,295           2,296         34         20                           F-11073
X0VE    EQUIS VERDE               2,505           2,506         34         20                           F-11074
X0VE    EQUIS VERDE               2,445           2,446         14         20                           F-11075


------------------------------------------------------------------------------------------------------------------------
T.SUB-LOTES              TOT.PAQUETES =41      TOT.UNID. = 820   T/P NETO (kg) = 99,882      T/P BRUTO (kg) = 99,923
------------------------------------------------------------------------------------------------------------------------
