
EMPRESA NACIONAL DE MINERIA (ENM) PRODUCTOR          PACKING LIST                             PAG.  :   1
NATIONAL MINING COMPANY                       CODIGO DE LOTE   : E-1200                      FECHA :17/07/2018
                                              -----------------------------
FLUJO        : 
DESCRIPCION  : DESPUNTES DE GUILLOTINA
N° INSTR. DE EMBARQUE : 55979
CLIENTE      : 
Lote Sipa    : 18050615

----------------------------------------------------------------------------------------------------------------------------- 
MARCA       DESCRIPCION         PESO NETO      PESO BRUTO     GRUPO     UNIDADES       UBICACION         SERIE                
-----------------------------------------------------------------------------------------------------------------------------

06CE    SEIS FRANJAS CELESTES      445             446                      1                           E-1200 
06CE    SEIS FRANJAS CELESTES      473             474                      1                           E-1201 
06CE    SEIS FRANJAS CELESTES      384             385                      1                           E-1202 
06CE    SEIS FRANJAS CELESTES      270             271                      1                           E-1203 
06CE    SEIS FRANJAS CELESTES      449             450                      1                           E-1204 
06CE    SEIS FRANJAS CELESTES      306             307                      1                           E-1205 
06CE    SEIS FRANJAS CELESTES      302             303                      1                           E-1206 
06CE    SEIS FRANJAS CELESTES      361             362                      1                           E-1207 
06CE    SEIS FRANJAS CELESTES      334             335                      1                           E-1208 
06CE    SEIS FRANJAS CELESTES      454             455                      1                           E-1209 
06CE    SEIS FRANJAS CELESTES     1,281           1,282                     1                           E-1383 
06CE    SEIS FRANJAS CELESTES     1,010           1,011                     1                           E-1384 
06CE    SEIS FRANJAS CELESTES     1,103           1,104                     1                           E-1385 
06CE    SEIS FRANJAS CELESTES     1,269           1,270                     1                           E-1386 
06CE    SEIS FRANJAS CELESTES     1,229           1,230                     1                           E-1387 
06CE    SEIS FRANJAS CELESTES     1,146           1,147                     1                           E-1388 
06CE    SEIS FRANJAS CELESTES     1,289           1,290                     1                           E-1389 
06CE    SEIS FRANJAS CELESTES      341             342                      1                           F-1050 
06CE    SEIS FRANJAS CELESTES      318             319                      1                           F-1051 
06CE    SEIS FRANJAS CELESTES      311             312                      1                           F-1052 
06CE    SEIS FRANJAS CELESTES      476             477                      1                           F-1053 
06CE    SEIS FRANJAS CELESTES      368             369                      1                           F-1054 
06CE    SEIS FRANJAS CELESTES      304             305                      1                           F-1055 
06CE    SEIS FRANJAS CELESTES      441             442                      1                           F-1056 
06CE    SEIS FRANJAS CELESTES      354             355                      1                           F-1057 
06CE    SEIS FRANJAS CELESTES      411             412                      1                           F-1058 
06CE    SEIS FRANJAS CELESTES      308             309                      1                           F-1059 
06CE    SEIS FRANJAS CELESTES      303             304                      1                           F-1060 
06CE    SEIS FRANJAS CELESTES      463             464                      1                           F-1061 
06CE    SEIS FRANJAS CELESTES      364             365                      1                           F-1062 
06CE    SEIS FRANJAS CELESTES      356             357                      1                           F-1063 
06CE    SEIS FRANJAS CELESTES      440             441                      1                           F-1064 
06CE    SEIS FRANJAS CELESTES      369             370                      1                           F-1065 
06CE    SEIS FRANJAS CELESTES     1,139           1,140                     1                           F-1321 
06CE    SEIS FRANJAS CELESTES     1,118           1,119                     1                           F-1322 
06CE    SEIS FRANJAS CELESTES      956             957                      1                           F-1323 
06CE    SEIS FRANJAS CELESTES     1,067           1,068                     1                           F-1324 
06CE    SEIS FRANJAS CELESTES     1,193           1,194                     1                           F-1325 
06CE    SEIS FRANJAS CELESTES     1,288           1,289                     1                           F-1326 


------------------------------------------------------------------------------------------------------------------------
T.SUB-LOTES              TOT.PAQUETES =39      TOT.UNID. = 39   T/P NETO (kg) = 24,793      T/P BRUTO (kg) = 24,832
------------------------------------------------------------------------------------------------------------------------
