
EMPRESA NACIONAL DE MINERIA (ENM) PRODUCTOR          PACKING LIST                             PAG.  :   1
NATIONAL MINING COMPANY                       CODIGO DE LOTE   : C-2321                      FECHA :20/03/2023
                                              -----------------------------
FLUJO        : 
DESCRIPCION  : CATODOS EW DELTA
N° INSTR. DE EMBARQUE : 930707
CLIENTE      : 
Lote Sipa    : 23030067

----------------------------------------------------------------------------------------------------------------------------- 
MARCA       DESCRIPCION         PESO NETO      PESO BRUTO     GRUPO     UNIDADES       UBICACION         SERIE                
-----------------------------------------------------------------------------------------------------------------------------

01AM    FRANJA AMARILLA           1,985           1,986                    56                           C-2321 
01AM    FRANJA AMARILLA           1,989           1,990                    42                           C-2322 
01AM    FRANJA AMARILLA           1,995           1,996                    41                           C-2323 
01AM    FRANJA AMARILLA           1,997           1,998                    44                           C-2324 
01AM    FRANJA AMARILLA           2,008           2,009                    53                           C-2325 
01AM    FRANJA AMARILLA           2,023           2,024                    58                           C-2326 
01AM    FRANJA AMARILLA           2,005           2,006                    56                           C-2327 
01AM    FRANJA AMARILLA           2,005           2,006                    56                           C-2328 
01AM    FRANJA AMARILLA           1,972           1,973                    55                           C-2329 
01AM    FRANJA AMARILLA           1,977           1,978                    41                           C-2330 
01AM    FRANJA AMARILLA           2,013           2,014                    56                           C-2331 
01AM    FRANJA AMARILLA           1,996           1,997                    53                           C-2332 
01AM    FRANJA AMARILLA           2,000           2,001                    56                           C-2333 
01AM    FRANJA AMARILLA           1,997           1,998                    56                           C-2334 


------------------------------------------------------------------------------------------------------------------------
T.SUB-LOTES              TOT.PAQUETES =14      TOT.UNID. = 723   T/P NETO (kg) = 27,962      T/P BRUTO (kg) = 27,976
------------------------------------------------------------------------------------------------------------------------
