
EMPRESA NACIONAL DE MINERIA (ENM) PRODUCTOR          PACKING LIST                             PAG.  :   1
NATIONAL MINING COMPANY                       CODIGO DE LOTE   : A-2098                      FECHA :19/02/2019
                                              -----------------------------
FLUJO        : 
DESCRIPCION  : CATODOS EW TALTAL
N° INSTR. DE EMBARQUE : 25085
CLIENTE      : MAERSK SINGAPORE
Lote Sipa    : 19010948

----------------------------------------------------------------------------------------------------------------------------- 
MARCA       DESCRIPCION         PESO NETO      PESO BRUTO     GRUPO     UNIDADES       UBICACION         SERIE                
-----------------------------------------------------------------------------------------------------------------------------

01AM    FRANJA AMARILLA           2,043           2,044                    50                           A-2098 
01AM    FRANJA AMARILLA           2,034           2,035                    54                           A-2099 
01AM    FRANJA AMARILLA           2,055           2,056                    52                           A-2100 
01AM    FRANJA AMARILLA           2,059           2,060                    52                           A-2101 
01AM    FRANJA AMARILLA           2,014           2,015                    51                           A-2102 
01AM    FRANJA AMARILLA           2,016           2,017                    56                           A-2103 
01AM    FRANJA AMARILLA           2,016           2,017                    53                           A-2104 
01AM    FRANJA AMARILLA           2,029           2,030                    49                           A-2105 
01AM    FRANJA AMARILLA           2,056           2,057                    55                           A-2106 
01AM    FRANJA AMARILLA           2,020           2,021                    58                           A-2107 
01AM    FRANJA AMARILLA           2,032           2,033                    55                           A-2108 
01AM    FRANJA AMARILLA           2,022           2,023                    55                           A-2109 
01AM    FRANJA AMARILLA           2,046           2,047                    53                           A-2110 
01AM    FRANJA AMARILLA           2,019           2,020                    56                           A-2111 
01AM    FRANJA AMARILLA           2,045           2,046                    51                           A-2113 
01AM    FRANJA AMARILLA           2,043           2,044                    68                           A-2114 
01AM    FRANJA AMARILLA           2,033           2,034                    52                           A-2115 
01AM    FRANJA AMARILLA           2,030           2,031                    52                           A-2116 
01AM    FRANJA AMARILLA           2,062           2,063                    55                           A-2117 
01AM    FRANJA AMARILLA           2,028           2,029                    52                           A-2118 
01AM    FRANJA AMARILLA           2,018           2,019                    52                           A-2119 
01AM    FRANJA AMARILLA           2,025           2,026                    48                           A-2120 
01AM    FRANJA AMARILLA           2,029           2,030                    52                           A-2121 
01AM    FRANJA AMARILLA           2,032           2,033                    51                           A-2122 
01AM    FRANJA AMARILLA           2,034           2,035                    47                           A-2123 
01AM    FRANJA AMARILLA           2,038           2,039                    40                           A-2124 
01AM    FRANJA AMARILLA           2,044           2,045                    52                           A-2125 
01AM    FRANJA AMARILLA           2,039           2,040                    57                           A-2126 
01AM    FRANJA AMARILLA           2,046           2,047                    51                           A-2128 
01AM    FRANJA AMARILLA           2,031           2,032                    52                           A-2129 
01AM    FRANJA AMARILLA           2,032           2,033                    52                           A-2130 
01AM    FRANJA AMARILLA           2,040           2,041                    54                           A-2131 
01AM    FRANJA AMARILLA           2,023           2,024                    52                           A-2132 
01AM    FRANJA AMARILLA           2,027           2,028                    53                           A-2133 
01AM    FRANJA AMARILLA           2,035           2,036                    51                           A-2134 
01AM    FRANJA AMARILLA           2,049           2,050                    52                           A-2135 
01AM    FRANJA AMARILLA           2,044           2,045                    54                           A-2136 
01AM    FRANJA AMARILLA           2,034           2,035                    53                           A-2137 
01AM    FRANJA AMARILLA           2,036           2,037                    50                           A-2138 
01AM    FRANJA AMARILLA           2,035           2,036                    53                           A-2139 
01AM    FRANJA AMARILLA           2,056           2,057                    54                           A-2140 
01AM    FRANJA AMARILLA           2,032           2,033                    53                           A-2141 


------------------------------------------------------------------------------------------------------------------------
T.SUB-LOTES              TOT.PAQUETES =42      TOT.UNID. = 2212   T/P NETO (kg) = 85,481      T/P BRUTO (kg) = 85,523
------------------------------------------------------------------------------------------------------------------------
