
EMPRESA NACIONAL DE MINERIA (ENM) PRODUCTOR          PACKING LIST                             PAG.  :   1
NATIONAL MINING COMPANY                       CODIGO DE LOTE   : B-14125                      FECHA :15/03/2021
                                              -----------------------------
FLUJO        : 
DESCRIPCION  : CATODOS GRADO A
N° INSTR. DE EMBARQUE : 26578
CLIENTE      : CAUTIN
Lote Sipa    : 

----------------------------------------------------------------------------------------------------------------------------- 
MARCA       DESCRIPCION         PESO NETO      PESO BRUTO     GRUPO     UNIDADES       UBICACION         SERIE                
-----------------------------------------------------------------------------------------------------------------------------

02NE    DOS FRANJAS NEGRAS        2,178           2,179         41         20                           B-14125
02NE    DOS FRANJAS NEGRAS        2,249           2,250         21         20                           B-14126
02NE    DOS FRANJAS NEGRAS        2,189           2,190         21         20                           B-14127
02NE    DOS FRANJAS NEGRAS        2,473           2,474         41         20                           B-14128
02NE    DOS FRANJAS NEGRAS        2,524           2,525         41         20                           B-14129
02NE    DOS FRANJAS NEGRAS        2,508           2,509         41         20                           B-14130
02NE    DOS FRANJAS NEGRAS        2,258           2,259         21         20                           B-14131
02NE    DOS FRANJAS NEGRAS        2,454           2,455         41         20                           B-14132
02NE    DOS FRANJAS NEGRAS        2,506           2,507         41         20                           B-14133
02NE    DOS FRANJAS NEGRAS        2,391           2,392         21         20                           B-14134
02NE    DOS FRANJAS NEGRAS        2,472           2,473         41         20                           B-14135
02NE    DOS FRANJAS NEGRAS        2,446           2,447         28         20                           B-14136
02NE    DOS FRANJAS NEGRAS        2,121           2,122         41         20                           B-14137
02NE    DOS FRANJAS NEGRAS        2,403           2,404         28         20                           B-14138
02NE    DOS FRANJAS NEGRAS        2,502           2,503         41         20                           B-14139
02NE    DOS FRANJAS NEGRAS        2,178           2,179         21         20                           B-14140
02NE    DOS FRANJAS NEGRAS        2,358           2,359         21         20                           B-14141
02NE    DOS FRANJAS NEGRAS        2,084           2,085         49         20                           B-14142
02NE    DOS FRANJAS NEGRAS        2,025           2,026         21         20                           B-14143
02NE    DOS FRANJAS NEGRAS        2,438           2,439         28         20                           B-14144
02NE    DOS FRANJAS NEGRAS        2,445           2,446         21         20                           B-14145
02NE    DOS FRANJAS NEGRAS        2,264           2,265         21         20                           B-14146
02NE    DOS FRANJAS NEGRAS        2,452           2,453         21         20                           B-14147
02NE    DOS FRANJAS NEGRAS        2,262           2,263         41         20                           B-14148
02NE    DOS FRANJAS NEGRAS        2,516           2,517         41         20                           B-14149
02NE    DOS FRANJAS NEGRAS        2,391           2,392         41         20                           B-14150
02NE    DOS FRANJAS NEGRAS        2,101           2,102         21         20                           B-14151
02NE    DOS FRANJAS NEGRAS        2,362           2,363         21         20                           B-14152
02NE    DOS FRANJAS NEGRAS        2,536           2,537         41         20                           B-14153
02NE    DOS FRANJAS NEGRAS        2,283           2,284         21         20                           B-14154
02NE    DOS FRANJAS NEGRAS        2,175           2,176         41         20                           B-14155
02NE    DOS FRANJAS NEGRAS        2,358           2,359         21         20                           B-14156
02NE    DOS FRANJAS NEGRAS        2,440           2,441         28         20                           B-14157
02NE    DOS FRANJAS NEGRAS        2,318           2,319         21         20                           B-14158
02NE    DOS FRANJAS NEGRAS        2,506           2,507         41         20                           B-14159
02NE    DOS FRANJAS NEGRAS        2,017           2,018         49         20                           B-14160
02NE    DOS FRANJAS NEGRAS        2,195           2,196         21         20                           B-14161
02NE    DOS FRANJAS NEGRAS        2,525           2,526         41         20                           B-14162
02NE    DOS FRANJAS NEGRAS        2,409           2,410         41         20                           B-14163
02NE    DOS FRANJAS NEGRAS        2,308           2,309         28         20                           B-14164
02NE    DOS FRANJAS NEGRAS        2,294           2,295         41         20                           B-14165
02NE    DOS FRANJAS NEGRAS        2,264           2,265         28         20                           B-14166
02NE    DOS FRANJAS NEGRAS        2,013           2,014         41         20                           B-14167
02NE    DOS FRANJAS NEGRAS        1,989           1,990         41         20                           B-14168
02NE    DOS FRANJAS NEGRAS        2,087           2,088         21         20                           B-14169









EMPRESA NACIONAL DE MINERIA (ENM) PRODUCTOR          PACKING LIST                             PAG.  :   2
NATIONAL MINING COMPANY                       CODIGO DE LOTE   : B-14125                      FECHA :15/03/2021
                                              -----------------------------
FLUJO        : 
DESCRIPCION  : CATODOS GRADO A
N° INSTR. DE EMBARQUE : 26578
CLIENTE      : CAUTIN
Lote Sipa    : 

----------------------------------------------------------------------------------------------------------------------------- 
MARCA       DESCRIPCION         PESO NETO      PESO BRUTO     GRUPO     UNIDADES       UBICACION         SERIE                
-----------------------------------------------------------------------------------------------------------------------------

02NE    DOS FRANJAS NEGRAS        2,295           2,296         28         20                           B-14170
02NE    DOS FRANJAS NEGRAS        2,396           2,397         21         20                           B-14171
02NE    DOS FRANJAS NEGRAS        2,074           2,075         41         20                           B-14172
02NE    DOS FRANJAS NEGRAS        2,496           2,497         21         20                           B-14173
02NE    DOS FRANJAS NEGRAS        1,955           1,956         28         20                           B-14174
02NE    DOS FRANJAS NEGRAS        1,988           1,989         49         20                           B-14175
02NE    DOS FRANJAS NEGRAS        2,557           2,558         41         20                           B-14176
02NE    DOS FRANJAS NEGRAS        2,128           2,129         41         20                           B-14177
02NE    DOS FRANJAS NEGRAS        2,171           2,172         21         20                           B-14178
02NE    DOS FRANJAS NEGRAS        2,498           2,499         41         20                           B-14179
02NE    DOS FRANJAS NEGRAS        2,098           2,099         21         20                           B-14180
02NE    DOS FRANJAS NEGRAS        2,028           2,029         41         20                           B-14181
02NE    DOS FRANJAS NEGRAS        2,374           2,375         28         20                           B-14182
02NE    DOS FRANJAS NEGRAS        2,372           2,373         41         20                           B-14183
02NE    DOS FRANJAS NEGRAS        2,453           2,454         28         20                           B-14184
02NE    DOS FRANJAS NEGRAS        2,125           2,126         21         20                           B-14185
02NE    DOS FRANJAS NEGRAS        2,243           2,244         41         20                           B-14186
02NE    DOS FRANJAS NEGRAS        2,532           2,533         41         20                           B-14187
02NE    DOS FRANJAS NEGRAS        2,295           2,296         21         20                           B-14188
02NE    DOS FRANJAS NEGRAS        2,131           2,132         21         20                           B-14189
02NE    DOS FRANJAS NEGRAS        2,361           2,362         09         20                           B-14190
02NE    DOS FRANJAS NEGRAS        2,205           2,206         21         20                           B-14191
02NE    DOS FRANJAS NEGRAS        2,187           2,188         41         20                           B-14192
02NE    DOS FRANJAS NEGRAS        2,502           2,503         09         20                           B-14193
02NE    DOS FRANJAS NEGRAS        2,451           2,452         09         20                           B-14194
02NE    DOS FRANJAS NEGRAS        2,072           2,073         41         20                           B-14195
02NE    DOS FRANJAS NEGRAS        2,436           2,437         09         20                           B-14196
02NE    DOS FRANJAS NEGRAS        2,143           2,144         21         20                           B-14197
02NE    DOS FRANJAS NEGRAS        2,444           2,445         07         20                           B-14198
02NE    DOS FRANJAS NEGRAS        2,112           2,113         09         20                           B-14199
02NE    DOS FRANJAS NEGRAS        2,344           2,345         21         20                           B-14200
02NE    DOS FRANJAS NEGRAS        2,245           2,246         28         20                           B-14201
02NE    DOS FRANJAS NEGRAS        2,185           2,186         28         20                           B-14202
02NE    DOS FRANJAS NEGRAS        2,391           2,392         09         20                           B-14203
02NE    DOS FRANJAS NEGRAS        2,322           2,323         09         20                           B-14204
02NE    DOS FRANJAS NEGRAS        2,062           2,063         21         20                           B-14205
02NE    DOS FRANJAS NEGRAS        2,188           2,189         09         20                           B-14206
02NE    DOS FRANJAS NEGRAS        2,364           2,365         09         20                           B-14207
02NE    DOS FRANJAS NEGRAS        2,303           2,304         09         20                           B-14208
02NE    DOS FRANJAS NEGRAS        2,342           2,343         21         20                           B-14209
02NE    DOS FRANJAS NEGRAS        2,461           2,462         09         20                           B-14210
02NE    DOS FRANJAS NEGRAS        2,336           2,337         09         20                           B-14211


------------------------------------------------------------------------------------------------------------------------
T.SUB-LOTES              TOT.PAQUETES =87      TOT.UNID. = 1740   T/P NETO (kg) = 199,932      T/P BRUTO (kg) = 200,019
------------------------------------------------------------------------------------------------------------------------
