
EMPRESA NACIONAL DE MINERIA (ENM) PRODUCTOR          PACKING LIST                             PAG.  :   1
NATIONAL MINING COMPANY                       CODIGO DE LOTE   : C-16690                      FECHA :20/04/2022
                                              -----------------------------
FLUJO        : 
DESCRIPCION  : CATODOS GRADO A
N° INSTR. DE EMBARQUE : 27302
CLIENTE      : NAVIGARE COLLECTO
Lote Sipa    : 

----------------------------------------------------------------------------------------------------------------------------- 
MARCA       DESCRIPCION         PESO NETO      PESO BRUTO     GRUPO     UNIDADES       UBICACION         SERIE                
-----------------------------------------------------------------------------------------------------------------------------

01NA    FRANJA NARANJA            2,409           2,410         48         20                           C-16690
01NA    FRANJA NARANJA            2,431           2,432         48         20                           C-16691
01NA    FRANJA NARANJA            2,385           2,386         48         20                           C-16692
01NA    FRANJA NARANJA            2,467           2,468         48         20                           C-16693
01NA    FRANJA NARANJA            2,357           2,358         23         20                           C-16694
01NA    FRANJA NARANJA            2,405           2,406         48         20                           C-16695
01NA    FRANJA NARANJA            2,385           2,386         48         20                           C-16696
01NA    FRANJA NARANJA            2,343           2,344         48         20                           C-16697
01NA    FRANJA NARANJA            2,054           2,055         23         20                           C-16698
01NA    FRANJA NARANJA            2,411           2,412         48         20                           C-16699
01NA    FRANJA NARANJA            2,159           2,160         23         20                           C-16700
01NA    FRANJA NARANJA            2,089           2,090         30         20                           C-16701
01NA    FRANJA NARANJA            2,171           2,172         14         20                           C-16702
01NA    FRANJA NARANJA            2,288           2,289         30         20                           C-16703
01NA    FRANJA NARANJA            2,201           2,202         30         20                           C-16704
01NA    FRANJA NARANJA            2,283           2,284         30         20                           C-16705
01NA    FRANJA NARANJA            2,189           2,190         14         20                           C-16706
01NA    FRANJA NARANJA            2,401           2,402         48         20                           C-16707
01NA    FRANJA NARANJA            2,257           2,258         14         20                           C-16708
01NA    FRANJA NARANJA            2,125           2,126         30         20                           C-16709
01NA    FRANJA NARANJA            2,189           2,190         14         20                           C-16710
01NA    FRANJA NARANJA            2,529           2,530         14         20                           C-16711
01NA    FRANJA NARANJA            2,397           2,398         14         20                           C-16712
01NA    FRANJA NARANJA            2,409           2,410         48         20                           C-16713
01NA    FRANJA NARANJA            2,281           2,282         14         20                           C-16714
01NA    FRANJA NARANJA            2,237           2,238         30         20                           C-16715
01NA    FRANJA NARANJA            2,296           2,297         14         20                           C-16716
01NA    FRANJA NARANJA            2,345           2,346         14         20                           C-16717
01NA    FRANJA NARANJA            2,187           2,188         30         20                           C-16718
01NA    FRANJA NARANJA            2,321           2,322         14         20                           C-16719
01NA    FRANJA NARANJA            2,541           2,542         14         20                           C-16720
01NA    FRANJA NARANJA            2,345           2,346         14         20                           C-16721
01NA    FRANJA NARANJA            2,351           2,352         48         20                           C-16722
01NA    FRANJA NARANJA            2,501           2,502         14         20                           C-16723
01NA    FRANJA NARANJA            2,369           2,370         14         20                           C-16724
01NA    FRANJA NARANJA            2,215           2,216         30         20                           C-16725
01NA    FRANJA NARANJA            2,463           2,464         14         20                           C-16726
01NA    FRANJA NARANJA            2,346           2,347         14         20                           C-16727
01NA    FRANJA NARANJA            2,506           2,507         30         20                           C-16728
01NA    FRANJA NARANJA            2,287           2,288         48         20                           C-16729
01NA    FRANJA NARANJA            2,220           2,221         14         20                           C-16730
01NA    FRANJA NARANJA            2,327           2,328         14         20                           C-16731
01NA    FRANJA NARANJA            2,258           2,259         30         20                           C-16732
01NA    FRANJA NARANJA            2,499           2,500         14         20                           C-16733
01NA    FRANJA NARANJA            2,087           2,088         30         20                           C-16734









EMPRESA NACIONAL DE MINERIA (ENM) PRODUCTOR          PACKING LIST                             PAG.  :   2
NATIONAL MINING COMPANY                       CODIGO DE LOTE   : C-16690                      FECHA :20/04/2022
                                              -----------------------------
FLUJO        : 
DESCRIPCION  : CATODOS GRADO A
N° INSTR. DE EMBARQUE : 27302
CLIENTE      : NAVIGARE COLLECTO
Lote Sipa    : 

----------------------------------------------------------------------------------------------------------------------------- 
MARCA       DESCRIPCION         PESO NETO      PESO BRUTO     GRUPO     UNIDADES       UBICACION         SERIE                
-----------------------------------------------------------------------------------------------------------------------------

01NA    FRANJA NARANJA            2,147           2,148         30         20                           C-16735
01NA    FRANJA NARANJA            2,611           2,612         48         20                           C-16736
01NA    FRANJA NARANJA            2,380           2,381         48         20                           C-16737
01NA    FRANJA NARANJA            2,075           2,076         30         20                           C-16738
01NA    FRANJA NARANJA            2,263           2,264         30         20                           C-16739
01NA    FRANJA NARANJA            2,257           2,258         30         20                           C-16740
01NA    FRANJA NARANJA            2,131           2,132         14         20                           C-16741
01NA    FRANJA NARANJA            2,115           2,116         14         20                           C-16742
01NA    FRANJA NARANJA            2,499           2,500         14         20                           C-16743
01NA    FRANJA NARANJA            2,032           2,033         30         20                           C-16744
01NA    FRANJA NARANJA            1,989           1,990         30         20                           C-16745
01NA    FRANJA NARANJA            2,551           2,552         48         20                           C-16746
01NA    FRANJA NARANJA            2,187           2,188         14         20                           C-16747
01NA    FRANJA NARANJA            2,513           2,514         48         20                           C-16748
01NA    FRANJA NARANJA            2,342           2,343         11         20                           C-16749
01NA    FRANJA NARANJA            2,251           2,252         11         20                           C-16750
01NA    FRANJA NARANJA            2,455           2,456         11         20                           C-16751
01NA    FRANJA NARANJA            2,486           2,487         11         20                           C-16752
01NA    FRANJA NARANJA            2,513           2,514         11         20                           C-16753
01NA    FRANJA NARANJA            2,408           2,409         11         20                           C-16754
01NA    FRANJA NARANJA            2,255           2,256         11         20                           C-16755
01NA    FRANJA NARANJA            2,407           2,408         11         20                           C-16756
01NA    FRANJA NARANJA            2,447           2,448         11         20                           C-16757
01NA    FRANJA NARANJA            2,195           2,196         11         20                           C-16758
01NA    FRANJA NARANJA            2,035           2,036         30         20                           C-16759
01NA    FRANJA NARANJA            2,355           2,356         30         20                           C-16760
01NA    FRANJA NARANJA            2,341           2,342         48         20                           C-16761
01NA    FRANJA NARANJA            2,314           2,315         14         20                           C-16762
01NA    FRANJA NARANJA            2,314           2,315         11         20                           C-16763
01NA    FRANJA NARANJA            2,061           2,062         11         20                           C-16764
01NA    FRANJA NARANJA            2,281           2,282         11         20                           C-16765
01NA    FRANJA NARANJA            2,351           2,352         14         20                           C-16766
01NA    FRANJA NARANJA            2,453           2,454         14         20                           C-16767
01NA    FRANJA NARANJA            2,210           2,211         14         20                           C-16768
01NA    FRANJA NARANJA            2,243           2,244         11         20                           C-16769
01NA    FRANJA NARANJA            2,463           2,464         11         20                           C-16770
01NA    FRANJA NARANJA            2,319           2,320         11         20                           C-16771
01NA    FRANJA NARANJA            2,083           2,084         11         20                           C-16772
01NA    FRANJA NARANJA            2,106           2,107         11         20                           C-16773
01NA    FRANJA NARANJA            2,429           2,430         11         20                           C-16774
01NA    FRANJA NARANJA            2,001           2,002         30         20                           C-16775
01NA    FRANJA NARANJA            2,408           2,409         11         20                           C-16776
01NA    FRANJA NARANJA            2,442           2,443         11         20                           C-16777
01NA    FRANJA NARANJA            2,351           2,352         11         20                           C-16778
01NA    FRANJA NARANJA            2,438           2,439         11         20                           C-16779









EMPRESA NACIONAL DE MINERIA (ENM) PRODUCTOR          PACKING LIST                             PAG.  :   3
NATIONAL MINING COMPANY                       CODIGO DE LOTE   : C-16690                      FECHA :20/04/2022
                                              -----------------------------
FLUJO        : 
DESCRIPCION  : CATODOS GRADO A
N° INSTR. DE EMBARQUE : 27302
CLIENTE      : NAVIGARE COLLECTO
Lote Sipa    : 

----------------------------------------------------------------------------------------------------------------------------- 
MARCA       DESCRIPCION         PESO NETO      PESO BRUTO     GRUPO     UNIDADES       UBICACION         SERIE                
-----------------------------------------------------------------------------------------------------------------------------

01NA    FRANJA NARANJA            2,333           2,334         11         20                           C-16780
01NA    FRANJA NARANJA            2,263           2,264         14         20                           C-16781
01NA    FRANJA NARANJA            2,459           2,460         11         20                           C-16782
01NA    FRANJA NARANJA            2,423           2,424         48         20                           C-16783
01NA    FRANJA NARANJA            2,205           2,206         11         20                           C-16784
01NA    FRANJA NARANJA            2,423           2,424         11         20                           C-16785
01NA    FRANJA NARANJA            2,269           2,270         30         20                           C-16786
01NA    FRANJA NARANJA            2,377           2,378         11         20                           C-16787
01NA    FRANJA NARANJA            2,093           2,094         14         20                           C-16788
01NA    FRANJA NARANJA            2,417           2,418         11         20                           C-16789
01NA    FRANJA NARANJA            2,333           2,334         11         20                           C-16790
01NA    FRANJA NARANJA            2,353           2,354         11         20                           C-16791
01NA    FRANJA NARANJA            2,484           2,485         11         20                           C-16792
01NA    FRANJA NARANJA            2,239           2,240         14         20                           C-16793
01NA    FRANJA NARANJA            2,507           2,508         11         20                           C-16794
01NA    FRANJA NARANJA            2,301           2,302         11         20                           C-16795
01NA    FRANJA NARANJA            2,175           2,176         11         20                           C-16796
01NA    FRANJA NARANJA            2,347           2,348         11         20                           C-16797
01NA    FRANJA NARANJA            2,231           2,232         30         20                           C-16798
01NA    FRANJA NARANJA            2,140           2,141         14         20                           C-16799
01NA    FRANJA NARANJA            2,478           2,479         11         20                           C-16800
01NA    FRANJA NARANJA            2,551           2,552         48         20                           C-16801
01NA    FRANJA NARANJA            2,508           2,509         36         20                           C-16802
01NA    FRANJA NARANJA            2,471           2,472         11         20                           C-16803
01NA    FRANJA NARANJA            2,463           2,464         11         20                           C-16804
01NA    FRANJA NARANJA            2,480           2,481         11         20                           C-16805
01NA    FRANJA NARANJA            2,477           2,478         11         20                           C-16806
01NA    FRANJA NARANJA            2,446           2,447         11         20                           C-16807
01NA    FRANJA NARANJA            2,157           2,158         30         20                           C-16808
01NA    FRANJA NARANJA            2,085           2,086         30         20                           C-16809
01NA    FRANJA NARANJA            2,456           2,457         11         20                           C-16810
01NA    FRANJA NARANJA            2,103           2,104         11         20                           C-16811
01NA    FRANJA NARANJA            2,455           2,456         11         20                           C-16812
01NA    FRANJA NARANJA            2,295           2,296         11         20                           C-16813
01NA    FRANJA NARANJA            2,182           2,183         11         20                           C-16814
01NA    FRANJA NARANJA            2,421           2,422         11         20                           C-16815
01NA    FRANJA NARANJA            2,327           2,328         11         20                           C-16816
01NA    FRANJA NARANJA            1,973           1,974         11         20                           C-16817
01NA    FRANJA NARANJA            2,463           2,464         11         20                           C-16818
01NA    FRANJA NARANJA            2,350           2,351         11         20                           C-16819
01NA    FRANJA NARANJA            2,127           2,128         11         20                           C-16820
01NA    FRANJA NARANJA            2,215           2,216         11         20                           C-16821
01NA    FRANJA NARANJA            2,399           2,400         11         20                           C-16822
01NA    FRANJA NARANJA            2,449           2,450         11         20                           C-16823
01NA    FRANJA NARANJA            2,417           2,418         11         20                           C-16824









EMPRESA NACIONAL DE MINERIA (ENM) PRODUCTOR          PACKING LIST                             PAG.  :   4
NATIONAL MINING COMPANY                       CODIGO DE LOTE   : C-16690                      FECHA :20/04/2022
                                              -----------------------------
FLUJO        : 
DESCRIPCION  : CATODOS GRADO A
N° INSTR. DE EMBARQUE : 27302
CLIENTE      : NAVIGARE COLLECTO
Lote Sipa    : 

----------------------------------------------------------------------------------------------------------------------------- 
MARCA       DESCRIPCION         PESO NETO      PESO BRUTO     GRUPO     UNIDADES       UBICACION         SERIE                
-----------------------------------------------------------------------------------------------------------------------------

01NA    FRANJA NARANJA            2,555           2,556         11         20                           C-16825
01NA    FRANJA NARANJA            2,433           2,434         11         20                           C-16826
01NA    FRANJA NARANJA            2,202           2,203         11         20                           C-16827
01NA    FRANJA NARANJA            2,362           2,363         11         20                           C-16828
01NA    FRANJA NARANJA            2,371           2,372         11         20                           C-16829
01NA    FRANJA NARANJA            2,371           2,372         11         20                           C-16830
01NA    FRANJA NARANJA            2,413           2,414         11         20                           C-16831
01NA    FRANJA NARANJA            2,275           2,276         11         20                           C-16832
01NA    FRANJA NARANJA            2,191           2,192         11         20                           C-16833
01NA    FRANJA NARANJA            2,305           2,306         11         20                           C-16834
01NA    FRANJA NARANJA            2,251           2,252         11         20                           C-16835
01NA    FRANJA NARANJA            2,209           2,210         11         20                           C-16836
01NA    FRANJA NARANJA            2,309           2,310         11         20                           C-16837
01NA    FRANJA NARANJA            2,415           2,416         11         20                           C-16838
01NA    FRANJA NARANJA            2,428           2,429         11         20                           C-16839
01NA    FRANJA NARANJA            2,447           2,448         11         20                           C-16840
01NA    FRANJA NARANJA            2,019           2,020         11         20                           C-16841
01NA    FRANJA NARANJA            2,306           2,307         11         20                           C-16842
01NA    FRANJA NARANJA            2,264           2,265         11         20                           C-16843
01NA    FRANJA NARANJA            2,001           2,002         11         20                           C-16844
01NA    FRANJA NARANJA            2,330           2,331         11         20                           C-16845
01NA    FRANJA NARANJA            1,902           1,903         48         20                           C-16846
01NA    FRANJA NARANJA            2,396           2,397         48         20                           C-16847
01NA    FRANJA NARANJA            2,091           2,092         48         20                           C-16848
01NA    FRANJA NARANJA            2,375           2,376         48         20                           C-16849
01NA    FRANJA NARANJA            2,194           2,195         48         20                           C-16850
01NA    FRANJA NARANJA            2,483           2,484         48         20                           C-16851
01NA    FRANJA NARANJA            2,401           2,402         48         20                           C-16852
01NA    FRANJA NARANJA            2,131           2,132         48         20                           C-16853
01NA    FRANJA NARANJA            2,071           2,072         48         20                           C-16854
01NA    FRANJA NARANJA            2,437           2,438         23         20                           C-16855
01NA    FRANJA NARANJA            2,021           2,022         23         20                           C-16856
01NA    FRANJA NARANJA            2,335           2,336         30         20                           C-16857
01NA    FRANJA NARANJA            2,402           2,403         30         20                           C-16858
01NA    FRANJA NARANJA            2,227           2,228         11         20                           C-16859
01NA    FRANJA NARANJA            2,197           2,198         23         20                           C-16860
01NA    FRANJA NARANJA            2,359           2,360         12         20                           C-16861
01NA    FRANJA NARANJA            2,277           2,278         12         20                           C-16862
01NA    FRANJA NARANJA            2,436           2,437         12         20                           C-16863
01NA    FRANJA NARANJA            2,393           2,394         30         20                           C-16864
01NA    FRANJA NARANJA            2,483           2,484         12         20                           C-16865
01NA    FRANJA NARANJA            2,393           2,394         12         20                           C-16866
01NA    FRANJA NARANJA            2,377           2,378         40         20                           C-16867
01NA    FRANJA NARANJA            2,064           2,065         12         20                           C-16868
01NA    FRANJA NARANJA            2,215           2,216         23         20                           C-16869









EMPRESA NACIONAL DE MINERIA (ENM) PRODUCTOR          PACKING LIST                             PAG.  :   5
NATIONAL MINING COMPANY                       CODIGO DE LOTE   : C-16690                      FECHA :20/04/2022
                                              -----------------------------
FLUJO        : 
DESCRIPCION  : CATODOS GRADO A
N° INSTR. DE EMBARQUE : 27302
CLIENTE      : NAVIGARE COLLECTO
Lote Sipa    : 

----------------------------------------------------------------------------------------------------------------------------- 
MARCA       DESCRIPCION         PESO NETO      PESO BRUTO     GRUPO     UNIDADES       UBICACION         SERIE                
-----------------------------------------------------------------------------------------------------------------------------

01NA    FRANJA NARANJA            2,101           2,102         30         20                           C-16870
01NA    FRANJA NARANJA            2,228           2,229         37         20                           C-16871
01NA    FRANJA NARANJA            2,407           2,408         12         20                           C-16872
01NA    FRANJA NARANJA            2,061           2,062         30         20                           C-16873
01NA    FRANJA NARANJA            1,905           1,906         37         20                           C-16874
01NA    FRANJA NARANJA            2,466           2,467         36         20                           C-16875
01NA    FRANJA NARANJA            2,125           2,126         30         20                           C-16876
01NA    FRANJA NARANJA            2,132           2,133         36         20                           C-16877
01NA    FRANJA NARANJA            2,181           2,182         30         20                           C-16878
01NA    FRANJA NARANJA            2,037           2,038         36         20                           C-16879
01NA    FRANJA NARANJA            2,117           2,118         30         20                           C-16880
01NA    FRANJA NARANJA            2,143           2,144         30         20                           C-16881
01NA    FRANJA NARANJA            2,071           2,072         37         20                           C-16882
01NA    FRANJA NARANJA            2,269           2,270         30         20                           C-16883
01NA    FRANJA NARANJA            2,126           2,127         37         20                           C-16884
01NA    FRANJA NARANJA            2,335           2,336         30         20                           C-16885
01NA    FRANJA NARANJA            2,184           2,185         30         20                           C-16886
01NA    FRANJA NARANJA            2,067           2,068         36         20                           C-16887
01NA    FRANJA NARANJA            2,044           2,045         30         20                           C-16888
01NA    FRANJA NARANJA            2,449           2,450         36         20                           C-16889
01NA    FRANJA NARANJA            2,529           2,530         36         20                           C-16890
01NA    FRANJA NARANJA            2,399           2,400         36         20                           C-16891
01NA    FRANJA NARANJA            2,251           2,252         36         20                           C-16892
01NA    FRANJA NARANJA            2,027           2,028         30         20                           C-16893
01NA    FRANJA NARANJA            2,289           2,290         36         20                           C-16894
01NA    FRANJA NARANJA            2,165           2,166         37         20                           C-16895
01NA    FRANJA NARANJA            2,281           2,282         37         20                           C-16896
01NA    FRANJA NARANJA            2,231           2,232         37         20                           C-16897
01NA    FRANJA NARANJA            2,125           2,126         27         20                           C-16898
01NA    FRANJA NARANJA            2,243           2,244         27         20                           C-16899
01NA    FRANJA NARANJA            2,289           2,290         27         20                           C-16900
01NA    FRANJA NARANJA            2,247           2,248         27         20                           C-16901
01NA    FRANJA NARANJA            2,291           2,292         36         20                           C-16902
01NA    FRANJA NARANJA            2,110           2,111         27         20                           C-16903
01NA    FRANJA NARANJA            2,066           2,067         27         20                           C-16904
01NA    FRANJA NARANJA            2,215           2,216         27         20                           C-16905
01NA    FRANJA NARANJA            2,477           2,478         36         20                           C-16906
01NA    FRANJA NARANJA            2,195           2,196         27         20                           C-16907
01NA    FRANJA NARANJA            2,389           2,390         36         20                           C-16908
01NA    FRANJA NARANJA            2,157           2,158         27         20                           C-16909
01NA    FRANJA NARANJA            2,334           2,335         27         20                           C-16910
01NA    FRANJA NARANJA            2,116           2,117         27         20                           C-16911
01NA    FRANJA NARANJA            1,997           1,998         30         20                           C-16912
01NA    FRANJA NARANJA            2,238           2,239         36         20                           C-16913
01NA    FRANJA NARANJA            2,297           2,298         27         20                           C-16914









EMPRESA NACIONAL DE MINERIA (ENM) PRODUCTOR          PACKING LIST                             PAG.  :   6
NATIONAL MINING COMPANY                       CODIGO DE LOTE   : C-16690                      FECHA :20/04/2022
                                              -----------------------------
FLUJO        : 
DESCRIPCION  : CATODOS GRADO A
N° INSTR. DE EMBARQUE : 27302
CLIENTE      : NAVIGARE COLLECTO
Lote Sipa    : 

----------------------------------------------------------------------------------------------------------------------------- 
MARCA       DESCRIPCION         PESO NETO      PESO BRUTO     GRUPO     UNIDADES       UBICACION         SERIE                
-----------------------------------------------------------------------------------------------------------------------------

01NA    FRANJA NARANJA            2,323           2,324         36         20                           C-16915
01NA    FRANJA NARANJA            2,357           2,358         27         20                           C-16916
01NA    FRANJA NARANJA            2,206           2,207         27         20                           C-16917
01NA    FRANJA NARANJA            2,146           2,147         27         20                           C-16918
01NA    FRANJA NARANJA            2,211           2,212         27         20                           C-16919
01NA    FRANJA NARANJA            2,431           2,432         36         20                           C-16920
01NA    FRANJA NARANJA            2,147           2,148         27         20                           C-16921
01NA    FRANJA NARANJA            2,198           2,199         27         20                           C-16922
01NA    FRANJA NARANJA            2,183           2,184         27         20                           C-16923
01NA    FRANJA NARANJA            2,033           2,034         27         20                           C-16924
01NA    FRANJA NARANJA            2,341           2,342         27         20                           C-16925
01NA    FRANJA NARANJA            2,153           2,154         27         20                           C-16926
01NA    FRANJA NARANJA            2,205           2,206         36         20                           C-16927
01NA    FRANJA NARANJA            2,127           2,128         37         20                           C-16928
01NA    FRANJA NARANJA            2,299           2,300         37         20                           C-16929
01NA    FRANJA NARANJA            2,296           2,297         36         20                           C-16930
01NA    FRANJA NARANJA            2,092           2,093         27         20                           C-16931
01NA    FRANJA NARANJA            2,174           2,175         37         20                           C-16932
01NA    FRANJA NARANJA            1,953           1,954         30         20                           C-16933
01NA    FRANJA NARANJA            2,175           2,176         37         20                           C-16934
01NA    FRANJA NARANJA            2,187           2,188         37         20                           C-16935
01NA    FRANJA NARANJA            2,259           2,260         30         20                           C-16936
01NA    FRANJA NARANJA            2,425           2,426         36         20                           C-16937
01NA    FRANJA NARANJA            2,201           2,202         30         20                           C-16938
01NA    FRANJA NARANJA            2,463           2,464         36         20                           C-16939
01NA    FRANJA NARANJA            2,249           2,250         30         20                           C-16940
01NA    FRANJA NARANJA            2,239           2,240         36         20                           C-16941
01NA    FRANJA NARANJA            2,492           2,493         36         20                           C-16942
01NA    FRANJA NARANJA            2,363           2,364         36         20                           C-16943
01NA    FRANJA NARANJA            2,332           2,333         27         20                           C-16944
01NA    FRANJA NARANJA            2,015           2,016         37         20                           C-16945
01NA    FRANJA NARANJA            2,351           2,352         36         20                           C-16946
01NA    FRANJA NARANJA            2,009           2,010         37         20                           C-16947
01NA    FRANJA NARANJA            2,369           2,370         36         20                           C-16948
01NA    FRANJA NARANJA            2,468           2,469         36         20                           C-16949
01NA    FRANJA NARANJA            2,287           2,288         27         20                           C-16950
01NA    FRANJA NARANJA            2,184           2,185         27         20                           C-16951
01NA    FRANJA NARANJA            2,145           2,146         37         20                           C-16952
01NA    FRANJA NARANJA            2,367           2,368         36         20                           C-16953
01NA    FRANJA NARANJA            2,341           2,342         37         20                           C-16954
01NA    FRANJA NARANJA            2,145           2,146         36         20                           C-16955
01NA    FRANJA NARANJA            2,093           2,094         37         20                           C-16956
01NA    FRANJA NARANJA            2,281           2,282         37         20                           C-16957
01NA    FRANJA NARANJA            2,156           2,157         37         20                           C-16958
01NA    FRANJA NARANJA            2,133           2,134         36         20                           C-16959









EMPRESA NACIONAL DE MINERIA (ENM) PRODUCTOR          PACKING LIST                             PAG.  :   7
NATIONAL MINING COMPANY                       CODIGO DE LOTE   : C-16690                      FECHA :20/04/2022
                                              -----------------------------
FLUJO        : 
DESCRIPCION  : CATODOS GRADO A
N° INSTR. DE EMBARQUE : 27302
CLIENTE      : NAVIGARE COLLECTO
Lote Sipa    : 

----------------------------------------------------------------------------------------------------------------------------- 
MARCA       DESCRIPCION         PESO NETO      PESO BRUTO     GRUPO     UNIDADES       UBICACION         SERIE                
-----------------------------------------------------------------------------------------------------------------------------

01NA    FRANJA NARANJA            2,294           2,295         36         20                           C-16960
01NA    FRANJA NARANJA            2,166           2,167         36         20                           C-16961
01NA    FRANJA NARANJA            2,332           2,333         36         20                           C-16962
01NA    FRANJA NARANJA            2,281           2,282         36         20                           C-16963
01NA    FRANJA NARANJA            2,076           2,077         37         20                           C-16964
01NA    FRANJA NARANJA            2,045           2,046         36         20                           C-16965
01NA    FRANJA NARANJA            2,257           2,258         36         20                           C-16966
01NA    FRANJA NARANJA            2,493           2,494         35         20                           C-16967
01NA    FRANJA NARANJA            2,412           2,413         37         20                           C-16968
01NA    FRANJA NARANJA            2,495           2,496         37         20                           C-16969
01NA    FRANJA NARANJA            2,133           2,134         37         20                           C-16970
01NA    FRANJA NARANJA            2,322           2,323         37         20                           C-16971
01NA    FRANJA NARANJA            2,289           2,290         37         20                           C-16972
01NA    FRANJA NARANJA            2,287           2,288         27         20                           C-16973
01NA    FRANJA NARANJA            2,406           2,407         27         20                           C-16974
01NA    FRANJA NARANJA            2,317           2,318         27         20                           C-16975
01NA    FRANJA NARANJA            2,349           2,350         27         20                           C-16976
01NA    FRANJA NARANJA            2,213           2,214         27         20                           C-16977
01NA    FRANJA NARANJA            2,373           2,374         27         20                           C-16978
01NA    FRANJA NARANJA            2,397           2,398         27         20                           C-16979
01NA    FRANJA NARANJA            2,309           2,310         27         20                           C-16980
01NA    FRANJA NARANJA            2,515           2,516         27         20                           C-16981
01NA    FRANJA NARANJA            2,417           2,418         37         20                           C-16982
01NA    FRANJA NARANJA            1,952           1,953         27         20                           C-16983
01NA    FRANJA NARANJA            2,445           2,446         37         20                           C-16984
01NA    FRANJA NARANJA            2,115           2,116         37         20                           C-16985
01NA    FRANJA NARANJA            2,172           2,173         27         20                           C-16986
01NA    FRANJA NARANJA            2,075           2,076         27         20                           C-16987
01NA    FRANJA NARANJA            2,428           2,429         37         20                           C-16988
01NA    FRANJA NARANJA            2,276           2,277         27         20                           C-16989
01NA    FRANJA NARANJA            2,335           2,336         27         20                           C-16990
01NA    FRANJA NARANJA            2,336           2,337         37         20                           C-16991
01NA    FRANJA NARANJA            2,376           2,377         37         20                           C-16992
01NA    FRANJA NARANJA            2,404           2,405         37         20                           C-16993
01NA    FRANJA NARANJA            2,454           2,455         27         20                           C-16994
01NA    FRANJA NARANJA            2,275           2,276         27         20                           C-16995
01NA    FRANJA NARANJA            2,211           2,212         27         20                           C-16996
01NA    FRANJA NARANJA            2,389           2,390         27         20                           C-16997
01NA    FRANJA NARANJA            2,554           2,555         27         20                           C-16998
01NA    FRANJA NARANJA            2,462           2,463         27         20                           C-16999
01NA    FRANJA NARANJA            2,523           2,524         27         20                           C-17000
01NA    FRANJA NARANJA            2,283           2,284         37         20                           C-17001
01NA    FRANJA NARANJA            2,456           2,457         27         20                           C-17002
01NA    FRANJA NARANJA            2,469           2,470         27         20                           C-17003
01NA    FRANJA NARANJA            2,127           2,128         27         20                           C-17004









EMPRESA NACIONAL DE MINERIA (ENM) PRODUCTOR          PACKING LIST                             PAG.  :   8
NATIONAL MINING COMPANY                       CODIGO DE LOTE   : C-16690                      FECHA :20/04/2022
                                              -----------------------------
FLUJO        : 
DESCRIPCION  : CATODOS GRADO A
N° INSTR. DE EMBARQUE : 27302
CLIENTE      : NAVIGARE COLLECTO
Lote Sipa    : 

----------------------------------------------------------------------------------------------------------------------------- 
MARCA       DESCRIPCION         PESO NETO      PESO BRUTO     GRUPO     UNIDADES       UBICACION         SERIE                
-----------------------------------------------------------------------------------------------------------------------------

01NA    FRANJA NARANJA            2,525           2,526         37         20                           C-17005
01NA    FRANJA NARANJA            2,461           2,462         24         20                           C-17006
01NA    FRANJA NARANJA            2,129           2,130         24         20                           C-17007
01NA    FRANJA NARANJA            2,193           2,194         37         20                           C-17008
01NA    FRANJA NARANJA            2,174           2,175         37         20                           C-17009
01NA    FRANJA NARANJA            2,245           2,246         37         20                           C-17010
01NA    FRANJA NARANJA            2,471           2,472         37         20                           C-17011
01NA    FRANJA NARANJA            2,181           2,182         24         20                           C-17012
01NA    FRANJA NARANJA            2,411           2,412         27         20                           C-17013
01NA    FRANJA NARANJA            2,340           2,341         27         20                           C-17014
01NA    FRANJA NARANJA            2,328           2,329         27         20                           C-17015
01NA    FRANJA NARANJA            1,925           1,926         27         20                           C-17016
01NA    FRANJA NARANJA            2,386           2,387         27         20                           C-17017
01NA    FRANJA NARANJA            2,437           2,438         27         20                           C-17018
01NA    FRANJA NARANJA            2,481           2,482         37         20                           C-17019
01NA    FRANJA NARANJA            2,099           2,100         20         20                           C-17020
01NA    FRANJA NARANJA            2,341           2,342         37         20                           C-17021
01NA    FRANJA NARANJA            2,370           2,371         36         20                           C-17022
01NA    FRANJA NARANJA            2,497           2,498         36         20                           C-17023
01NA    FRANJA NARANJA            2,485           2,486         36         20                           C-17024
01NA    FRANJA NARANJA            2,365           2,366         27         20                           C-17025
01NA    FRANJA NARANJA            2,345           2,346         27         20                           C-17026
01NA    FRANJA NARANJA            2,314           2,315         27         20                           C-17027
01NA    FRANJA NARANJA            2,419           2,420         27         20                           C-17028
01NA    FRANJA NARANJA            2,449           2,450         27         20                           C-17029
01NA    FRANJA NARANJA            2,383           2,384         27         20                           C-17030
01NA    FRANJA NARANJA            2,366           2,367         27         20                           C-17031
01NA    FRANJA NARANJA            2,455           2,456         27         20                           C-17032
01NA    FRANJA NARANJA            2,319           2,320         27         20                           C-17033
01NA    FRANJA NARANJA            2,419           2,420         27         20                           C-17034
01NA    FRANJA NARANJA            2,247           2,248         27         20                           C-17035
01NA    FRANJA NARANJA            2,505           2,506         37         20                           C-17036
01NA    FRANJA NARANJA            2,049           2,050         37         20                           C-17037
01NA    FRANJA NARANJA            2,413           2,414         27         20                           C-17038
01NA    FRANJA NARANJA            2,503           2,504         27         20                           C-17039
01NA    FRANJA NARANJA            2,307           2,308         37         20                           C-17040
01NA    FRANJA NARANJA            2,349           2,350         37         20                           C-17041
01NA    FRANJA NARANJA            2,509           2,510         29         20                           C-17042
01NA    FRANJA NARANJA            2,214           2,215         29         20                           C-17043
01NA    FRANJA NARANJA            2,223           2,224         29         20                           C-17044
01NA    FRANJA NARANJA            2,023           2,024         29         20                           C-17045
01NA    FRANJA NARANJA            2,239           2,240         29         20                           C-17046
01NA    FRANJA NARANJA            2,253           2,254         29         20                           C-17047
01NA    FRANJA NARANJA            2,290           2,291         29         20                           C-17048
01NA    FRANJA NARANJA            2,455           2,456         29         20                           C-17049









EMPRESA NACIONAL DE MINERIA (ENM) PRODUCTOR          PACKING LIST                             PAG.  :   9
NATIONAL MINING COMPANY                       CODIGO DE LOTE   : C-16690                      FECHA :20/04/2022
                                              -----------------------------
FLUJO        : 
DESCRIPCION  : CATODOS GRADO A
N° INSTR. DE EMBARQUE : 27302
CLIENTE      : NAVIGARE COLLECTO
Lote Sipa    : 

----------------------------------------------------------------------------------------------------------------------------- 
MARCA       DESCRIPCION         PESO NETO      PESO BRUTO     GRUPO     UNIDADES       UBICACION         SERIE                
-----------------------------------------------------------------------------------------------------------------------------

01NA    FRANJA NARANJA            2,309           2,310         29         20                           C-17050
01NA    FRANJA NARANJA            2,331           2,332         29         20                           C-17051
01NA    FRANJA NARANJA            2,381           2,382         29         20                           C-17052
01NA    FRANJA NARANJA            2,333           2,334         29         20                           C-17053
01NA    FRANJA NARANJA            2,229           2,230         42         20                           C-17054
01NA    FRANJA NARANJA            2,381           2,382         03         20                           C-17055
01NA    FRANJA NARANJA            2,159           2,160         03         20                           C-17056
01NA    FRANJA NARANJA            2,483           2,484         03         20                           C-17057
01NA    FRANJA NARANJA            2,289           2,290         42         20                           C-17058
01NA    FRANJA NARANJA            2,319           2,320         42         20                           C-17059
01NA    FRANJA NARANJA            2,507           2,508         03         20                           C-17060
01NA    FRANJA NARANJA            2,183           2,184         03         20                           C-17061
01NA    FRANJA NARANJA            2,441           2,442         03         20                           C-17062
01NA    FRANJA NARANJA            1,993           1,994         03         20                           C-17063
01NA    FRANJA NARANJA            2,401           2,402         03         20                           C-17064
01NA    FRANJA NARANJA            2,322           2,323         42         20                           C-17065
01NA    FRANJA NARANJA            2,423           2,424         42         20                           C-17066
01NA    FRANJA NARANJA            2,417           2,418         29         20                           C-17067
01NA    FRANJA NARANJA            2,469           2,470         03         20                           C-17068
01NA    FRANJA NARANJA            2,218           2,219         03         20                           C-17069
01NA    FRANJA NARANJA            2,051           2,052         03         20                           C-17070
01NA    FRANJA NARANJA            2,444           2,445         03         20                           C-17071
01NA    FRANJA NARANJA            2,473           2,474         03         20                           C-17072
01NA    FRANJA NARANJA            2,303           2,304         24         20                           C-17073
01NA    FRANJA NARANJA            2,344           2,345         00         20                           C-17074
01NA    FRANJA NARANJA            2,121           2,122         03         20                           C-17075
01NA    FRANJA NARANJA            2,317           2,318         03         20                           C-17076
01NA    FRANJA NARANJA            2,161           2,162         24         20                           C-17077
01NA    FRANJA NARANJA            2,421           2,422         03         20                           C-17078
01NA    FRANJA NARANJA            2,381           2,382         42         20                           C-17079
01NA    FRANJA NARANJA            2,253           2,254         03         20                           C-17080
01NA    FRANJA NARANJA            2,238           2,239         03         20                           C-17081
01NA    FRANJA NARANJA            2,461           2,462         42         20                           C-17082
01NA    FRANJA NARANJA            2,387           2,388         42         20                           C-17083
01NA    FRANJA NARANJA            2,415           2,416         03         20                           C-17084
01NA    FRANJA NARANJA            2,423           2,424         03         20                           C-17085
01NA    FRANJA NARANJA            2,219           2,220         03         20                           C-17086
01NA    FRANJA NARANJA            2,437           2,438         24         20                           C-17087
01NA    FRANJA NARANJA            2,037           2,038         03         20                           C-17088
01NA    FRANJA NARANJA            2,241           2,242         03         20                           C-17089
01NA    FRANJA NARANJA            2,347           2,348         03         20                           C-17090
01NA    FRANJA NARANJA            2,417           2,418         03         20                           C-17091
01NA    FRANJA NARANJA            2,227           2,228         42         20                           C-17092
01NA    FRANJA NARANJA            2,132           2,133         42         20                           C-17093
01NA    FRANJA NARANJA            2,164           2,165         24         20                           C-17094









EMPRESA NACIONAL DE MINERIA (ENM) PRODUCTOR          PACKING LIST                             PAG.  :   10
NATIONAL MINING COMPANY                       CODIGO DE LOTE   : C-16690                      FECHA :20/04/2022
                                              -----------------------------
FLUJO        : 
DESCRIPCION  : CATODOS GRADO A
N° INSTR. DE EMBARQUE : 27302
CLIENTE      : NAVIGARE COLLECTO
Lote Sipa    : 

----------------------------------------------------------------------------------------------------------------------------- 
MARCA       DESCRIPCION         PESO NETO      PESO BRUTO     GRUPO     UNIDADES       UBICACION         SERIE                
-----------------------------------------------------------------------------------------------------------------------------

01NA    FRANJA NARANJA            2,427           2,428         42         20                           C-17095
01NA    FRANJA NARANJA            2,461           2,462         42         20                           C-17096
01NA    FRANJA NARANJA            2,259           2,260         03         20                           C-17097
01NA    FRANJA NARANJA            2,403           2,404         03         20                           C-17098
01NA    FRANJA NARANJA            2,393           2,394         42         20                           C-17099
01NA    FRANJA NARANJA            2,291           2,292         24         20                           C-17100
01NA    FRANJA NARANJA            2,492           2,493         03         20                           C-17101
01NA    FRANJA NARANJA            2,467           2,468         03         20                           C-17102
01NA    FRANJA NARANJA            2,202           2,203         42         20                           C-17103
01NA    FRANJA NARANJA            2,261           2,262         24         20                           C-17104
01NA    FRANJA NARANJA            1,932           1,933         24         20                           C-17105
01NA    FRANJA NARANJA            2,267           2,268         24         20                           C-17106
01NA    FRANJA NARANJA            2,251           2,252         03         20                           C-17107
01NA    FRANJA NARANJA            2,201           2,202         03         20                           C-17108
01NA    FRANJA NARANJA            2,095           2,096         03         20                           C-17109
01NA    FRANJA NARANJA            2,399           2,400         42         20                           C-17110
01NA    FRANJA NARANJA            2,105           2,106         42         20                           C-17111
01NA    FRANJA NARANJA            2,244           2,245         42         20                           C-17112
01NA    FRANJA NARANJA            2,269           2,270         24         20                           C-17113
01NA    FRANJA NARANJA            2,433           2,434         42         20                           C-17114
01NA    FRANJA NARANJA            2,389           2,390         03         20                           C-17115
01NA    FRANJA NARANJA            2,205           2,206         42         20                           C-17116
01NA    FRANJA NARANJA            2,276           2,277         42         20                           C-17117
01NA    FRANJA NARANJA            2,271           2,272         42         20                           C-17118
01NA    FRANJA NARANJA            2,219           2,220         42         20                           C-17119
01NA    FRANJA NARANJA            2,287           2,288         24         20                           C-17120
01NA    FRANJA NARANJA            2,279           2,280         24         20                           C-17121
01NA    FRANJA NARANJA            2,278           2,279         24         20                           C-17122
01NA    FRANJA NARANJA            2,235           2,236         03         20                           C-17123
01NA    FRANJA NARANJA            2,251           2,252         03         20                           C-17124
01NA    FRANJA NARANJA            2,161           2,162         03         20                           C-17125


------------------------------------------------------------------------------------------------------------------------
T.SUB-LOTES              TOT.PAQUETES =436      TOT.UNID. = 8720   T/P NETO (kg) = 999,962      T/P BRUTO (kg) = 1,000,398
------------------------------------------------------------------------------------------------------------------------
