
EMPRESA NACIONAL DE MINERIA (ENM) PRODUCTOR          PACKING LIST                             PAG.  :   1
NATIONAL MINING COMPANY                       CODIGO DE LOTE   : I-1769                      FECHA :26/09/2022
                                              -----------------------------
FLUJO        : 
DESCRIPCION  : CATODOS EW EL SALADO
N° INSTR. DE EMBARQUE : 929996
CLIENTE      : 
Lote Sipa    : 22090383

----------------------------------------------------------------------------------------------------------------------------- 
MARCA       DESCRIPCION         PESO NETO      PESO BRUTO     GRUPO     UNIDADES       UBICACION         SERIE                
-----------------------------------------------------------------------------------------------------------------------------

14BL    14 BLANCO                 1,999           2,000                    80                           I-1769 
14BL    14 BLANCO                 2,018           2,019                    80                           I-1770 
14BL    14 BLANCO                 1,953           1,954                    79                           I-1771 
14BL    14 BLANCO                 1,980           1,981                    75                           I-1772 
14BL    14 BLANCO                 2,030           2,031                    76                           I-1773 
14BL    14 BLANCO                 2,026           2,027                    80                           I-1774 
14BL    14 BLANCO                 1,964           1,965                    81                           I-1775 
14BL    14 BLANCO                 2,028           2,029                    69                           I-1776 
14BL    14 BLANCO                 1,952           1,953                    68                           I-1777 
14BL    14 BLANCO                 1,999           2,000                    66                           I-1778 
14BL    14 BLANCO                 1,990           1,991                    77                           I-1779 
14BL    14 BLANCO                 1,951           1,952                    78                           I-1780 
14BL    14 BLANCO                 1,948           1,949                    61                           I-1781 
14BL    14 BLANCO                 1,964           1,965                    82                           I-1782 


------------------------------------------------------------------------------------------------------------------------
T.SUB-LOTES              TOT.PAQUETES =14      TOT.UNID. = 1052   T/P NETO (kg) = 27,802      T/P BRUTO (kg) = 27,816
------------------------------------------------------------------------------------------------------------------------
