
EMPRESA NACIONAL DE MINERIA (ENM) PRODUCTOR          PACKING LIST                             PAG.  :   1
NATIONAL MINING COMPANY                       CODIGO DE LOTE   : C-14672                      FECHA :08/04/2019
                                              -----------------------------
FLUJO        : 
DESCRIPCION  : CATODOS GRADO A
N° INSTR. DE EMBARQUE : 25192
CLIENTE      : NORDIC BEIJING
Lote Sipa    : 19030523

----------------------------------------------------------------------------------------------------------------------------- 
MARCA       DESCRIPCION         PESO NETO      PESO BRUTO     GRUPO     UNIDADES       UBICACION         SERIE                
-----------------------------------------------------------------------------------------------------------------------------

V0CE    V CELESTE                 2,477           2,478         40         20                           C-14672
V0CE    V CELESTE                 2,486           2,487         09         20                           C-14673
V0CE    V CELESTE                 2,435           2,436         09         20                           C-14674
V0CE    V CELESTE                 2,478           2,479         21         20                           C-14675
V0CE    V CELESTE                 2,290           2,291         40         20                           C-14676
V0CE    V CELESTE                 2,501           2,502         40         20                           C-14677
V0CE    V CELESTE                 2,342           2,343         09         20                           C-14678
V0CE    V CELESTE                 2,528           2,529         21         20                           C-14679
V0CE    V CELESTE                 2,333           2,334         21         20                           C-14680
V0CE    V CELESTE                 2,344           2,345         40         20                           C-14681
V0CE    V CELESTE                 2,152           2,153         40         20                           C-14682
V0CE    V CELESTE                 2,375           2,376         09         20                           C-14683
V0CE    V CELESTE                 2,386           2,387         09         20                           C-14684
V0CE    V CELESTE                 2,527           2,528         21         20                           C-14685
V0CE    V CELESTE                 2,503           2,504         21         20                           C-14686
V0CE    V CELESTE                 2,340           2,341         09         20                           C-14687
V0CE    V CELESTE                 2,420           2,421         21         20                           C-14688
V0CE    V CELESTE                 2,368           2,369         09         20                           C-14689
V0CE    V CELESTE                 2,291           2,292         09         20                           C-14690
V0CE    V CELESTE                 2,196           2,197         09         20                           C-14691
V0CE    V CELESTE                 2,354           2,355         09         20                           C-14692
V0CE    V CELESTE                 2,488           2,489         09         20                           C-14693
V0CE    V CELESTE                 2,362           2,363         09         20                           C-14694
V0CE    V CELESTE                 2,316           2,317         09         20                           C-14695
V0CE    V CELESTE                 2,333           2,334         09         20                           C-14696
V0CE    V CELESTE                 2,365           2,366         09         20                           C-14697
V0CE    V CELESTE                 2,417           2,418         09         20                           C-14698
V0CE    V CELESTE                 2,305           2,306         09         20                           C-14699
V0CE    V CELESTE                 2,167           2,168         09         20                           C-14700
V0CE    V CELESTE                 2,180           2,181         09         20                           C-14701
V0CE    V CELESTE                 2,181           2,182         09         20                           C-14702
V0CE    V CELESTE                 2,305           2,306         40         20                           C-14703
V0CE    V CELESTE                 2,045           2,046         40         20                           C-14704
V0CE    V CELESTE                 2,374           2,375         40         20                           C-14705
V0CE    V CELESTE                 2,333           2,334         09         20                           C-14706
V0CE    V CELESTE                 2,197           2,198         09         20                           C-14707
V0CE    V CELESTE                 2,395           2,396         40         20                           C-14708
V0CE    V CELESTE                 2,247           2,248         40         20                           C-14709
V0CE    V CELESTE                 2,136           2,137         40         20                           C-14710
V0CE    V CELESTE                 2,444           2,445         40         20                           C-14711
V0CE    V CELESTE                 1,914           1,915         40         20                           C-14712
V0CE    V CELESTE                 2,473           2,474         09         20                           C-14713
V0CE    V CELESTE                 2,244           2,245         09         20                           C-14714
V0CE    V CELESTE                 2,099           2,100         40         20                           C-14715
V0CE    V CELESTE                 2,314           2,315         40         20                           C-14716









EMPRESA NACIONAL DE MINERIA (ENM) PRODUCTOR          PACKING LIST                             PAG.  :   2
NATIONAL MINING COMPANY                       CODIGO DE LOTE   : C-14672                      FECHA :08/04/2019
                                              -----------------------------
FLUJO        : 
DESCRIPCION  : CATODOS GRADO A
N° INSTR. DE EMBARQUE : 25192
CLIENTE      : NORDIC BEIJING
Lote Sipa    : 19030523

----------------------------------------------------------------------------------------------------------------------------- 
MARCA       DESCRIPCION         PESO NETO      PESO BRUTO     GRUPO     UNIDADES       UBICACION         SERIE                
-----------------------------------------------------------------------------------------------------------------------------

V0CE    V CELESTE                 2,371           2,372         40         20                           C-14717
V0CE    V CELESTE                 2,276           2,277         40         20                           C-14718
V0CE    V CELESTE                 2,414           2,415         40         20                           C-14719
V0CE    V CELESTE                 2,210           2,211         34         20                           C-14720
V0CE    V CELESTE                 2,425           2,426         34         20                           C-14721
V0CE    V CELESTE                 2,138           2,139         34         20                           C-14722
V0CE    V CELESTE                 2,189           2,190         34         20                           C-14723
V0CE    V CELESTE                 2,386           2,387         40         20                           C-14724
V0CE    V CELESTE                 2,212           2,213         34         20                           C-14725
V0CE    V CELESTE                 2,402           2,403         40         20                           C-14726
V0CE    V CELESTE                 2,391           2,392         40         20                           C-14727
V0CE    V CELESTE                 2,172           2,173         40         20                           C-14728
V0CE    V CELESTE                 2,304           2,305         40         20                           C-14729
V0CE    V CELESTE                 2,159           2,160         40         20                           C-14730
V0CE    V CELESTE                 2,015           2,016         09         20                           C-14731
V0CE    V CELESTE                 2,244           2,245         09         20                           C-14732
V0CE    V CELESTE                 2,356           2,357         09         20                           C-14733
V0CE    V CELESTE                 2,071           2,072         09         20                           C-14734
V0CE    V CELESTE                 2,256           2,257         34         20                           C-14735
V0CE    V CELESTE                 2,234           2,235         40         20                           C-14736


------------------------------------------------------------------------------------------------------------------------
T.SUB-LOTES              TOT.PAQUETES =65      TOT.UNID. = 1300   T/P NETO (kg) = 149,985      T/P BRUTO (kg) = 150,050
------------------------------------------------------------------------------------------------------------------------
