
EMPRESA NACIONAL DE MINERIA (ENM) PRODUCTOR          PACKING LIST                             PAG.  :   1
NATIONAL MINING COMPANY                       CODIGO DE LOTE   : I-13137                      FECHA :07/10/2020
                                              -----------------------------
FLUJO        : 
DESCRIPCION  : CATODOS GRADO A
N° INSTR. DE EMBARQUE : 26187
CLIENTE      : CITY OF ALEXANDRIA
Lote Sipa    : 20090308

----------------------------------------------------------------------------------------------------------------------------- 
MARCA       DESCRIPCION         PESO NETO      PESO BRUTO     GRUPO     UNIDADES       UBICACION         SERIE                
-----------------------------------------------------------------------------------------------------------------------------

V1AZ    V FRANJA AZUL             2,434           2,435         23         20                           I-13137
V1AZ    V FRANJA AZUL             2,466           2,467         23         20                           I-13138
V1AZ    V FRANJA AZUL             2,450           2,451         34         20                           I-13139
V1AZ    V FRANJA AZUL             2,182           2,183         34         20                           I-13140
V1AZ    V FRANJA AZUL             2,386           2,387         23         20                           I-13141
V1AZ    V FRANJA AZUL             2,337           2,338         23         20                           I-13142
V1AZ    V FRANJA AZUL             2,345           2,346         23         20                           I-13143
V1AZ    V FRANJA AZUL             2,212           2,213         14         20                           I-13144
V1AZ    V FRANJA AZUL             2,393           2,394         14         20                           I-13145
V1AZ    V FRANJA AZUL             2,337           2,338         14         20                           I-13146
V1AZ    V FRANJA AZUL             2,519           2,520         23         20                           I-13147
V1AZ    V FRANJA AZUL             2,281           2,282         23         20                           I-13148
V1AZ    V FRANJA AZUL             2,273           2,274         14         20                           I-13149
V1AZ    V FRANJA AZUL             2,496           2,497         23         20                           I-13150
V1AZ    V FRANJA AZUL             2,301           2,302         14         20                           I-13151
V1AZ    V FRANJA AZUL             2,523           2,524         14         20                           I-13152
V1AZ    V FRANJA AZUL             2,393           2,394         23         20                           I-13153
V1AZ    V FRANJA AZUL             2,435           2,436         23         20                           I-13154
V1AZ    V FRANJA AZUL             2,378           2,379         23         20                           I-13155
V1AZ    V FRANJA AZUL             2,435           2,436         23         20                           I-13156
V1AZ    V FRANJA AZUL             2,168           2,169         23         20                           I-13157
V1AZ    V FRANJA AZUL             2,379           2,380         23         20                           I-13158
V1AZ    V FRANJA AZUL             2,326           2,327         34         20                           I-13159
V1AZ    V FRANJA AZUL             2,376           2,377         34         20                           I-13160
V1AZ    V FRANJA AZUL             2,412           2,413         34         20                           I-13161
V1AZ    V FRANJA AZUL             2,450           2,451         34         20                           I-13162
V1AZ    V FRANJA AZUL             2,356           2,357         23         20                           I-13163
V1AZ    V FRANJA AZUL             2,346           2,347         23         20                           I-13164
V1AZ    V FRANJA AZUL             2,390           2,391         23         20                           I-13165
V1AZ    V FRANJA AZUL             2,384           2,385         34         20                           I-13166
V1AZ    V FRANJA AZUL             2,382           2,383         34         20                           I-13167
V1AZ    V FRANJA AZUL             2,463           2,464         23         20                           I-13168
V1AZ    V FRANJA AZUL             2,420           2,421         34         20                           I-13169
V1AZ    V FRANJA AZUL             2,423           2,424         23         20                           I-13170
V1AZ    V FRANJA AZUL             2,351           2,352         23         20                           I-13171
V1AZ    V FRANJA AZUL             2,340           2,341         23         20                           I-13172
V1AZ    V FRANJA AZUL             2,409           2,410         34         20                           I-13173
V1AZ    V FRANJA AZUL             2,255           2,256         34         20                           I-13174
V1AZ    V FRANJA AZUL             2,426           2,427         23         20                           I-13175
V1AZ    V FRANJA AZUL             2,322           2,323         23         20                           I-13176
V1AZ    V FRANJA AZUL             2,346           2,347         23         20                           I-13177
V1AZ    V FRANJA AZUL             2,432           2,433         34         20                           I-13178
V1AZ    V FRANJA AZUL             2,341           2,342         34         20                           I-13179
V1AZ    V FRANJA AZUL             2,333           2,334         34         20                           I-13180
V1AZ    V FRANJA AZUL             2,574           2,575         23         20                           I-13181









EMPRESA NACIONAL DE MINERIA (ENM) PRODUCTOR          PACKING LIST                             PAG.  :   2
NATIONAL MINING COMPANY                       CODIGO DE LOTE   : I-13137                      FECHA :07/10/2020
                                              -----------------------------
FLUJO        : 
DESCRIPCION  : CATODOS GRADO A
N° INSTR. DE EMBARQUE : 26187
CLIENTE      : CITY OF ALEXANDRIA
Lote Sipa    : 20090308

----------------------------------------------------------------------------------------------------------------------------- 
MARCA       DESCRIPCION         PESO NETO      PESO BRUTO     GRUPO     UNIDADES       UBICACION         SERIE                
-----------------------------------------------------------------------------------------------------------------------------

V1AZ    V FRANJA AZUL             2,460           2,461         34         20                           I-13182
V1AZ    V FRANJA AZUL             2,390           2,391         34         20                           I-13183
V1AZ    V FRANJA AZUL             2,202           2,203         34         20                           I-13184
V1AZ    V FRANJA AZUL             2,456           2,457         23         20                           I-13185
V1AZ    V FRANJA AZUL             2,339           2,340         34         20                           I-13186
V1AZ    V FRANJA AZUL             2,394           2,395         34         20                           I-13187
V1AZ    V FRANJA AZUL             2,264           2,265         14         20                           I-13188
V1AZ    V FRANJA AZUL             2,517           2,518         34         20                           I-13189
V1AZ    V FRANJA AZUL             2,359           2,360         23         20                           I-13190
V1AZ    V FRANJA AZUL             2,288           2,289         23         20                           I-13191
V1AZ    V FRANJA AZUL             2,329           2,330         14         20                           I-13192
V1AZ    V FRANJA AZUL             2,320           2,321         23         20                           I-13193
V1AZ    V FRANJA AZUL             2,051           2,052         34         20                           I-13194
V1AZ    V FRANJA AZUL             2,283           2,284         14         20                           I-13195
V1AZ    V FRANJA AZUL             2,313           2,314         34         20                           I-13196
V1AZ    V FRANJA AZUL             2,558           2,559         34         20                           I-13197
V1AZ    V FRANJA AZUL             2,328           2,329         14         20                           I-13198
V1AZ    V FRANJA AZUL             2,382           2,383         23         20                           I-13199
V1AZ    V FRANJA AZUL             2,361           2,362         23         20                           I-13200
V1AZ    V FRANJA AZUL             2,336           2,337         34         20                           I-13201
V1AZ    V FRANJA AZUL             2,342           2,343         23         20                           I-13202
V1AZ    V FRANJA AZUL             2,430           2,431         23         20                           I-13203
V1AZ    V FRANJA AZUL             2,291           2,292         23         20                           I-13204
V1AZ    V FRANJA AZUL             2,536           2,537         34         20                           I-13205
V1AZ    V FRANJA AZUL             2,202           2,203         34         20                           I-13206
V1AZ    V FRANJA AZUL             2,308           2,309         14         20                           I-13207
V1AZ    V FRANJA AZUL             2,329           2,330         14         20                           I-13208
V1AZ    V FRANJA AZUL             2,124           2,125         34         20                           I-13209
V1AZ    V FRANJA AZUL             2,444           2,445         23         20                           I-13210
V1AZ    V FRANJA AZUL             2,376           2,377         23         20                           I-13211
V1AZ    V FRANJA AZUL             2,343           2,344         23         20                           I-13212
V1AZ    V FRANJA AZUL             2,399           2,400         14         20                           I-13213
V1AZ    V FRANJA AZUL             2,327           2,328         34         20                           I-13214
V1AZ    V FRANJA AZUL             2,173           2,174         34         20                           I-13215
V1AZ    V FRANJA AZUL             2,421           2,422         23         20                           I-13216
V1AZ    V FRANJA AZUL             2,319           2,320         34         20                           I-13217
V1AZ    V FRANJA AZUL             2,318           2,319         34         20                           I-13218
V1AZ    V FRANJA AZUL             2,079           2,080         34         20                           I-13219
V1AZ    V FRANJA AZUL             2,277           2,278         14         20                           I-13220
V1AZ    V FRANJA AZUL             2,351           2,352         23         20                           I-13221
V1AZ    V FRANJA AZUL             2,228           2,229         34         20                           I-13222
V1AZ    V FRANJA AZUL             2,443           2,444         23         20                           I-13223
V1AZ    V FRANJA AZUL             2,227           2,228         23         20                           I-13224
V1AZ    V FRANJA AZUL             2,241           2,242         23         20                           I-13225
V1AZ    V FRANJA AZUL             2,164           2,165         23         20                           I-13226









EMPRESA NACIONAL DE MINERIA (ENM) PRODUCTOR          PACKING LIST                             PAG.  :   3
NATIONAL MINING COMPANY                       CODIGO DE LOTE   : I-13137                      FECHA :07/10/2020
                                              -----------------------------
FLUJO        : 
DESCRIPCION  : CATODOS GRADO A
N° INSTR. DE EMBARQUE : 26187
CLIENTE      : CITY OF ALEXANDRIA
Lote Sipa    : 20090308

----------------------------------------------------------------------------------------------------------------------------- 
MARCA       DESCRIPCION         PESO NETO      PESO BRUTO     GRUPO     UNIDADES       UBICACION         SERIE                
-----------------------------------------------------------------------------------------------------------------------------

V1AZ    V FRANJA AZUL             2,324           2,325         23         20                           I-13227
V1AZ    V FRANJA AZUL             2,006           2,007         34         20                           I-13228
V1AZ    V FRANJA AZUL             2,369           2,370         34         20                           I-13229
V1AZ    V FRANJA AZUL             2,265           2,266         23         20                           I-13230
V1AZ    V FRANJA AZUL             2,410           2,411         34         20                           I-13231
V1AZ    V FRANJA AZUL             2,276           2,277         23         20                           I-13232
V1AZ    V FRANJA AZUL             2,252           2,253         23         20                           I-13233
V1AZ    V FRANJA AZUL             2,362           2,363         34         20                           I-13234
V1AZ    V FRANJA AZUL             2,234           2,235         34         20                           I-13235
V1AZ    V FRANJA AZUL             2,256           2,257         34         20                           I-13236
V1AZ    V FRANJA AZUL             2,290           2,291         34         20                           I-13237
V1AZ    V FRANJA AZUL             2,518           2,519         34         20                           I-13238
V1AZ    V FRANJA AZUL             2,434           2,435         23         20                           I-13239
V1AZ    V FRANJA AZUL             2,320           2,321         34         20                           I-13240
V1AZ    V FRANJA AZUL             2,353           2,354         23         20                           I-13241
V1AZ    V FRANJA AZUL             2,229           2,230         23         20                           I-13242
V1AZ    V FRANJA AZUL             2,454           2,455         34         20                           I-13243
V1AZ    V FRANJA AZUL             2,406           2,407         34         20                           I-13244
V1AZ    V FRANJA AZUL             2,190           2,191         34         20                           I-13245
V1AZ    V FRANJA AZUL             2,379           2,380         23         20                           I-13246
V1AZ    V FRANJA AZUL             2,439           2,440         23         20                           I-13247
V1AZ    V FRANJA AZUL             2,327           2,328         23         20                           I-13248
V1AZ    V FRANJA AZUL             2,164           2,165         23         20                           I-13249
V1AZ    V FRANJA AZUL             2,463           2,464         23         20                           I-13250
V1AZ    V FRANJA AZUL             2,256           2,257         34         20                           I-13251
V1AZ    V FRANJA AZUL             2,476           2,477         23         20                           I-13252
V1AZ    V FRANJA AZUL             2,278           2,279         34         20                           I-13253
V1AZ    V FRANJA AZUL             2,285           2,286         23         20                           I-13254
V1AZ    V FRANJA AZUL             2,292           2,293         34         20                           I-13255
V1AZ    V FRANJA AZUL             2,355           2,356         34         20                           I-13256
V1AZ    V FRANJA AZUL             2,276           2,277         34         20                           I-13257
V1AZ    V FRANJA AZUL             2,226           2,227         34         20                           I-13258
V1AZ    V FRANJA AZUL             2,218           2,219         34         20                           I-13259
V1AZ    V FRANJA AZUL             2,344           2,345         34         20                           I-13260
V1AZ    V FRANJA AZUL             2,351           2,352         34         20                           I-13261
V1AZ    V FRANJA AZUL             2,534           2,535         34         20                           I-13262
V1AZ    V FRANJA AZUL             2,485           2,486         34         20                           I-13263
V1AZ    V FRANJA AZUL             2,263           2,264         41         20                           I-13264


------------------------------------------------------------------------------------------------------------------------
T.SUB-LOTES              TOT.PAQUETES =128      TOT.UNID. = 2560   T/P NETO (kg) = 299,961      T/P BRUTO (kg) = 300,089
------------------------------------------------------------------------------------------------------------------------
