
EMPRESA NACIONAL DE MINERIA (ENM) PRODUCTOR          PACKING LIST                             PAG.  :   1
NATIONAL MINING COMPANY                       CODIGO DE LOTE   : M-10830                      FECHA :26/12/2018
                                              -----------------------------
FLUJO        : 
DESCRIPCION  : CATODOS GRADO A
N° INSTR. DE EMBARQUE : 24975
CLIENTE      : NORDIC HONG KONG
Lote Sipa    : 

----------------------------------------------------------------------------------------------------------------------------- 
MARCA       DESCRIPCION         PESO NETO      PESO BRUTO     GRUPO     UNIDADES       UBICACION         SERIE                
-----------------------------------------------------------------------------------------------------------------------------

X0BL    EQUIS BLANCA              2,238           2,239         23         20                           M-10830
X0BL    EQUIS BLANCA              2,236           2,237         23         20                           M-10831
X0BL    EQUIS BLANCA              2,160           2,161         23         20                           M-10832
X0BL    EQUIS BLANCA              2,177           2,178         32         20                           M-10833
X0BL    EQUIS BLANCA              2,309           2,310         32         20                           M-10834
X0BL    EQUIS BLANCA              2,228           2,229         32         20                           M-10835
X0BL    EQUIS BLANCA              2,272           2,273         23         20                           M-10836
X0BL    EQUIS BLANCA              2,340           2,341         23         20                           M-10837
X0BL    EQUIS BLANCA              2,222           2,223         23         20                           M-10838
X0BL    EQUIS BLANCA              2,220           2,221         32         20                           M-10839
X0BL    EQUIS BLANCA              2,185           2,186         23         20                           M-10840
X0BL    EQUIS BLANCA              2,221           2,222         23         20                           M-10841
X0BL    EQUIS BLANCA              2,163           2,164         23         20                           M-10842
X0BL    EQUIS BLANCA              2,206           2,207         32         20                           M-10843
X0BL    EQUIS BLANCA              2,296           2,297         23         20                           M-10844
X0BL    EQUIS BLANCA              2,237           2,238         23         20                           M-10845
X0BL    EQUIS BLANCA              2,241           2,242         23         20                           M-10846
X0BL    EQUIS BLANCA              2,100           2,101         32         20                           M-10847
X0BL    EQUIS BLANCA              2,285           2,286         32         20                           M-10848
X0BL    EQUIS BLANCA              2,285           2,286         23         20                           M-10849
X0BL    EQUIS BLANCA              2,118           2,119         23         20                           M-10850
X0BL    EQUIS BLANCA              2,161           2,162         32         20                           M-10851
X0BL    EQUIS BLANCA              2,216           2,217         32         20                           M-10852
X0BL    EQUIS BLANCA              2,149           2,150         35         20                           M-10853
X0BL    EQUIS BLANCA              2,022           2,023         35         20                           M-10854
X0BL    EQUIS BLANCA              1,908           1,909         35         20                           M-10855
X0BL    EQUIS BLANCA              1,996           1,997         35         20                           M-10856
X0BL    EQUIS BLANCA              2,192           2,193         35         20                           M-10857
X0BL    EQUIS BLANCA              2,038           2,039         35         20                           M-10858
X0BL    EQUIS BLANCA              1,988           1,989         35         20                           M-10859
X0BL    EQUIS BLANCA              2,018           2,019         35         20                           M-10860
X0BL    EQUIS BLANCA              2,054           2,055         35         20                           M-10861
X0BL    EQUIS BLANCA              2,026           2,027         35         20                           M-10862
X0BL    EQUIS BLANCA              2,182           2,183         35         20                           M-10863
X0BL    EQUIS BLANCA              1,987           1,988         35         20                           M-10864
X0BL    EQUIS BLANCA              2,105           2,106         35         20                           M-10865
X0BL    EQUIS BLANCA              1,990           1,991         35         20                           M-10866
X0BL    EQUIS BLANCA              1,900           1,901         35         20                           M-10867
X0BL    EQUIS BLANCA              1,916           1,917         35         20                           M-10868
X0BL    EQUIS BLANCA              1,991           1,992         35         20                           M-10869
X0BL    EQUIS BLANCA              1,925           1,926         35         20                           M-10870
X0BL    EQUIS BLANCA              2,024           2,025         35         20                           M-10871
X0BL    EQUIS BLANCA              1,926           1,927         35         20                           M-10872
X0BL    EQUIS BLANCA              2,169           2,170         35         20                           M-10873
X0BL    EQUIS BLANCA              1,997           1,998         35         20                           M-10874









EMPRESA NACIONAL DE MINERIA (ENM) PRODUCTOR          PACKING LIST                             PAG.  :   2
NATIONAL MINING COMPANY                       CODIGO DE LOTE   : M-10830                      FECHA :26/12/2018
                                              -----------------------------
FLUJO        : 
DESCRIPCION  : CATODOS GRADO A
N° INSTR. DE EMBARQUE : 24975
CLIENTE      : NORDIC HONG KONG
Lote Sipa    : 

----------------------------------------------------------------------------------------------------------------------------- 
MARCA       DESCRIPCION         PESO NETO      PESO BRUTO     GRUPO     UNIDADES       UBICACION         SERIE                
-----------------------------------------------------------------------------------------------------------------------------

X0BL    EQUIS BLANCA              1,976           1,977         35         20                           M-10875
X0BL    EQUIS BLANCA              2,070           2,071         35         20                           M-10876
X0BL    EQUIS BLANCA              1,922           1,923         35         20                           M-10877
X0BL    EQUIS BLANCA              2,051           2,052         35         20                           M-10878
X0BL    EQUIS BLANCA              2,032           2,033         35         20                           M-10879
X0BL    EQUIS BLANCA              2,261           2,262         25         20                           M-10880
X0BL    EQUIS BLANCA              2,202           2,203         25         20                           M-10881
X0BL    EQUIS BLANCA              1,918           1,919         14         20                           M-10882
X0BL    EQUIS BLANCA              2,131           2,132         25         20                           M-10883
X0BL    EQUIS BLANCA              2,210           2,211         25         20                           M-10884
X0BL    EQUIS BLANCA              2,156           2,157         25         20                           M-10885
X0BL    EQUIS BLANCA              2,112           2,113         25         20                           M-10886
X0BL    EQUIS BLANCA              2,258           2,259         25         20                           M-10887
X0BL    EQUIS BLANCA              2,004           2,005         25         20                           M-10888


------------------------------------------------------------------------------------------------------------------------
T.SUB-LOTES              TOT.PAQUETES =59      TOT.UNID. = 1180   T/P NETO (kg) = 124,922      T/P BRUTO (kg) = 124,981
------------------------------------------------------------------------------------------------------------------------
