
EMPRESA NACIONAL DE MINERIA (ENM) PRODUCTOR          PACKING LIST                             PAG.  :   1
NATIONAL MINING COMPANY                       CODIGO DE LOTE   : I-13268                      FECHA :07/10/2020
                                              -----------------------------
FLUJO        : 
DESCRIPCION  : CATODOS GRADO A
N° INSTR. DE EMBARQUE : 26189
CLIENTE      : CITY OF ALEXANDRIA
Lote Sipa    : 20090308

----------------------------------------------------------------------------------------------------------------------------- 
MARCA       DESCRIPCION         PESO NETO      PESO BRUTO     GRUPO     UNIDADES       UBICACION         SERIE                
-----------------------------------------------------------------------------------------------------------------------------

X1NA    EQUIS FRANJA NARANJA      2,179           2,180         23         20                           I-13268
X1NA    EQUIS FRANJA NARANJA      2,197           2,198         23         20                           I-13269
X1NA    EQUIS FRANJA NARANJA      2,126           2,127         34         20                           I-13270
X1NA    EQUIS FRANJA NARANJA      2,199           2,200         34         20                           I-13271
X1NA    EQUIS FRANJA NARANJA      1,986           1,987         34         20                           I-13272
X1NA    EQUIS FRANJA NARANJA      2,272           2,273         23         20                           I-13273
X1NA    EQUIS FRANJA NARANJA      2,288           2,289         34         20                           I-13274
X1NA    EQUIS FRANJA NARANJA      2,361           2,362         34         20                           I-13275
X1NA    EQUIS FRANJA NARANJA      2,407           2,408         34         20                           I-13276
X1NA    EQUIS FRANJA NARANJA      2,161           2,162         34         20                           I-13277
X1NA    EQUIS FRANJA NARANJA      2,276           2,277         34         20                           I-13278
X1NA    EQUIS FRANJA NARANJA      2,245           2,246         34         20                           I-13279
X1NA    EQUIS FRANJA NARANJA      2,381           2,382         34         20                           I-13280
X1NA    EQUIS FRANJA NARANJA      2,153           2,154         34         20                           I-13281
X1NA    EQUIS FRANJA NARANJA      2,411           2,412         34         20                           I-13282
X1NA    EQUIS FRANJA NARANJA      1,955           1,956         34         20                           I-13283
X1NA    EQUIS FRANJA NARANJA      2,471           2,472         34         20                           I-13284
X1NA    EQUIS FRANJA NARANJA      2,427           2,428         34         20                           I-13285
X1NA    EQUIS FRANJA NARANJA      2,390           2,391         34         20                           I-13286
X1NA    EQUIS FRANJA NARANJA      2,440           2,441         34         20                           I-13287
X1NA    EQUIS FRANJA NARANJA      2,496           2,497         34         20                           I-13288
X1NA    EQUIS FRANJA NARANJA      2,433           2,434         34         20                           I-13289
X1NA    EQUIS FRANJA NARANJA      2,534           2,535         30         20                           I-13290
X1NA    EQUIS FRANJA NARANJA      2,557           2,558         30         20                           I-13291
X1NA    EQUIS FRANJA NARANJA      2,636           2,637         30         20                           I-13292
X1NA    EQUIS FRANJA NARANJA      2,476           2,477         30         20                           I-13293
X1NA    EQUIS FRANJA NARANJA      2,408           2,409         41         20                           I-13294
X1NA    EQUIS FRANJA NARANJA      2,495           2,496         41         20                           I-13295
X1NA    EQUIS FRANJA NARANJA      2,324           2,325         41         20                           I-13296
X1NA    EQUIS FRANJA NARANJA      2,520           2,521         41         20                           I-13297
X1NA    EQUIS FRANJA NARANJA      2,516           2,517         41         20                           I-13298
X1NA    EQUIS FRANJA NARANJA      2,448           2,449         41         20                           I-13299
X1NA    EQUIS FRANJA NARANJA      2,512           2,513         41         20                           I-13300
X1NA    EQUIS FRANJA NARANJA      2,466           2,467         41         20                           I-13301
X1NA    EQUIS FRANJA NARANJA      2,577           2,578         30         20                           I-13302
X1NA    EQUIS FRANJA NARANJA      2,408           2,409         41         20                           I-13303
X1NA    EQUIS FRANJA NARANJA      2,421           2,422         41         20                           I-13304
X1NA    EQUIS FRANJA NARANJA      2,485           2,486         41         20                           I-13305
X1NA    EQUIS FRANJA NARANJA      2,393           2,394         41         20                           I-13306
X1NA    EQUIS FRANJA NARANJA      2,493           2,494         30         20                           I-13307
X1NA    EQUIS FRANJA NARANJA      2,471           2,472         41         20                           I-13308
X1NA    EQUIS FRANJA NARANJA      2,384           2,385         41         20                           I-13309
X1NA    EQUIS FRANJA NARANJA      2,481           2,482         41         20                           I-13310
X1NA    EQUIS FRANJA NARANJA      2,495           2,496         30         20                           I-13311
X1NA    EQUIS FRANJA NARANJA      2,499           2,500         30         20                           I-13312









EMPRESA NACIONAL DE MINERIA (ENM) PRODUCTOR          PACKING LIST                             PAG.  :   2
NATIONAL MINING COMPANY                       CODIGO DE LOTE   : I-13268                      FECHA :07/10/2020
                                              -----------------------------
FLUJO        : 
DESCRIPCION  : CATODOS GRADO A
N° INSTR. DE EMBARQUE : 26189
CLIENTE      : CITY OF ALEXANDRIA
Lote Sipa    : 20090308

----------------------------------------------------------------------------------------------------------------------------- 
MARCA       DESCRIPCION         PESO NETO      PESO BRUTO     GRUPO     UNIDADES       UBICACION         SERIE                
-----------------------------------------------------------------------------------------------------------------------------

X1NA    EQUIS FRANJA NARANJA      2,341           2,342         30         20                           I-13313
X1NA    EQUIS FRANJA NARANJA      2,449           2,450         30         20                           I-13314
X1NA    EQUIS FRANJA NARANJA      2,447           2,448         30         20                           I-13315
X1NA    EQUIS FRANJA NARANJA      2,354           2,355         30         20                           I-13316
X1NA    EQUIS FRANJA NARANJA      2,275           2,276         30         20                           I-13317
X1NA    EQUIS FRANJA NARANJA      2,411           2,412         30         20                           I-13318
X1NA    EQUIS FRANJA NARANJA      2,628           2,629         30         20                           I-13319
X1NA    EQUIS FRANJA NARANJA      2,401           2,402         24         20                           I-13320
X1NA    EQUIS FRANJA NARANJA      2,259           2,260         24         20                           I-13321
X1NA    EQUIS FRANJA NARANJA      2,435           2,436         41         20                           I-13322
X1NA    EQUIS FRANJA NARANJA      2,520           2,521         41         20                           I-13323
X1NA    EQUIS FRANJA NARANJA      2,329           2,330         41         20                           I-13324
X1NA    EQUIS FRANJA NARANJA      2,296           2,297         41         20                           I-13325
X1NA    EQUIS FRANJA NARANJA      2,219           2,220         41         20                           I-13326
X1NA    EQUIS FRANJA NARANJA      2,264           2,265         41         20                           I-13327
X1NA    EQUIS FRANJA NARANJA      2,339           2,340         30         20                           I-13328
X1NA    EQUIS FRANJA NARANJA      2,417           2,418         03         20                           I-13329
X1NA    EQUIS FRANJA NARANJA      2,339           2,340         44         20                           I-13330


------------------------------------------------------------------------------------------------------------------------
T.SUB-LOTES              TOT.PAQUETES =63      TOT.UNID. = 1260   T/P NETO (kg) = 149,976      T/P BRUTO (kg) = 150,039
------------------------------------------------------------------------------------------------------------------------
