
EMPRESA NACIONAL DE MINERIA (ENM) PRODUCTOR          PACKING LIST                             PAG.  :   1
NATIONAL MINING COMPANY                       CODIGO DE LOTE   : M-1662                      FECHA :19/12/2022
                                              -----------------------------
FLUJO        : 
DESCRIPCION  : CATODOS EW EL SALADO
N° INSTR. DE EMBARQUE : 930308
CLIENTE      : 
Lote Sipa    : 22120328

----------------------------------------------------------------------------------------------------------------------------- 
MARCA       DESCRIPCION         PESO NETO      PESO BRUTO     GRUPO     UNIDADES       UBICACION         SERIE                
-----------------------------------------------------------------------------------------------------------------------------

07CE    7 FRANJAS CELESTES        2,030           2,031                    72                           M-1662 
07CE    7 FRANJAS CELESTES        2,042           2,043                    82                           M-1663 
07CE    7 FRANJAS CELESTES        2,027           2,028                    75                           M-1664 
07CE    7 FRANJAS CELESTES        2,044           2,045                    80                           M-1665 
07CE    7 FRANJAS CELESTES        1,940           1,941                    60                           M-1666 
07CE    7 FRANJAS CELESTES        2,027           2,028                    71                           M-1667 
07CE    7 FRANJAS CELESTES        2,037           2,038                    75                           M-1668 
07CE    7 FRANJAS CELESTES        1,954           1,955                    63                           M-1669 
07CE    7 FRANJAS CELESTES        2,002           2,003                    77                           M-1670 
07CE    7 FRANJAS CELESTES        1,969           1,970                    66                           M-1671 
07CE    7 FRANJAS CELESTES        2,058           2,059                    80                           M-1672 
07CE    7 FRANJAS CELESTES        2,012           2,013                    78                           M-1673 
07CE    7 FRANJAS CELESTES        1,994           1,995                    72                           M-1674 
07CE    7 FRANJAS CELESTES        2,025           2,026                    74                           M-1675 


------------------------------------------------------------------------------------------------------------------------
T.SUB-LOTES              TOT.PAQUETES =14      TOT.UNID. = 1025   T/P NETO (kg) = 28,161      T/P BRUTO (kg) = 28,175
------------------------------------------------------------------------------------------------------------------------
