
EMPRESA NACIONAL DE MINERIA (ENM) PRODUCTOR          PACKING LIST                             PAG.  :   1
NATIONAL MINING COMPANY                       CODIGO DE LOTE   : J-1778                      FECHA :24/10/2022
                                              -----------------------------
FLUJO        : 
DESCRIPCION  : CATODOS EW EL SALADO
N° INSTR. DE EMBARQUE : 930085
CLIENTE      : 
Lote Sipa    : 22100336

----------------------------------------------------------------------------------------------------------------------------- 
MARCA       DESCRIPCION         PESO NETO      PESO BRUTO     GRUPO     UNIDADES       UBICACION         SERIE                
-----------------------------------------------------------------------------------------------------------------------------

15AZ    QUINCE FRANJAS AZULES     2,008           2,009                    60                           J-1778 
15AZ    QUINCE FRANJAS AZULES     1,995           1,996                    82                           J-1779 
15AZ    QUINCE FRANJAS AZULES     2,018           2,019                    74                           J-1780 
15AZ    QUINCE FRANJAS AZULES     1,979           1,980                    55                           J-1781 
15AZ    QUINCE FRANJAS AZULES     2,026           2,027                    55                           J-1782 
15AZ    QUINCE FRANJAS AZULES     2,025           2,026                    62                           J-1783 
15AZ    QUINCE FRANJAS AZULES     1,979           1,980                    81                           J-1784 
15AZ    QUINCE FRANJAS AZULES     2,029           2,030                    110                          J-1785 
15AZ    QUINCE FRANJAS AZULES     2,004           2,005                    132                          J-1786 
15AZ    QUINCE FRANJAS AZULES     1,964           1,965                    68                           J-1787 
15AZ    QUINCE FRANJAS AZULES     1,934           1,935                    62                           J-1788 
15AZ    QUINCE FRANJAS AZULES     2,032           2,033                    80                           J-1789 
15AZ    QUINCE FRANJAS AZULES     1,980           1,981                    79                           J-1790 
15AZ    QUINCE FRANJAS AZULES     2,041           2,042                    70                           J-1791 


------------------------------------------------------------------------------------------------------------------------
T.SUB-LOTES              TOT.PAQUETES =14      TOT.UNID. = 1070   T/P NETO (kg) = 28,014      T/P BRUTO (kg) = 28,028
------------------------------------------------------------------------------------------------------------------------
