
EMPRESA NACIONAL DE MINERIA (ENM) PRODUCTOR          PACKING LIST                             PAG.  :   1
NATIONAL MINING COMPANY                       CODIGO DE LOTE   : I-3298                      FECHA :20/09/2022
                                              -----------------------------
FLUJO        : 
DESCRIPCION  : CATODOS EW MATTA
N° INSTR. DE EMBARQUE : 929981
CLIENTE      : 
Lote Sipa    : 22090318

----------------------------------------------------------------------------------------------------------------------------- 
MARCA       DESCRIPCION         PESO NETO      PESO BRUTO     GRUPO     UNIDADES       UBICACION         SERIE                
-----------------------------------------------------------------------------------------------------------------------------

06VE    SEIS VERDE                2,051           2,052                    51                           I-3298 
06VE    SEIS VERDE                2,029           2,030                    57                           I-3299 
06VE    SEIS VERDE                2,023           2,024                    50                           I-3300 
06VE    SEIS VERDE                2,022           2,023                    50                           I-3301 
06VE    SEIS VERDE                2,045           2,046                    52                           I-3302 
06VE    SEIS VERDE                2,044           2,045                    50                           I-3303 
06VE    SEIS VERDE                2,028           2,029                    52                           I-3304 
06VE    SEIS VERDE                2,018           2,019                    47                           I-3305 
06VE    SEIS VERDE                2,032           2,033                    48                           I-3306 
06VE    SEIS VERDE                2,040           2,041                    54                           I-3307 
06VE    SEIS VERDE                2,056           2,057                    53                           I-3308 
06VE    SEIS VERDE                2,059           2,060                    53                           I-3309 
06VE    SEIS VERDE                2,027           2,028                    47                           I-3310 
06VE    SEIS VERDE                2,021           2,022                    47                           I-3311 


------------------------------------------------------------------------------------------------------------------------
T.SUB-LOTES              TOT.PAQUETES =14      TOT.UNID. = 711   T/P NETO (kg) = 28,495      T/P BRUTO (kg) = 28,509
------------------------------------------------------------------------------------------------------------------------
