
EMPRESA NACIONAL DE MINERIA (ENM) PRODUCTOR          PACKING LIST                             PAG.  :   1
NATIONAL MINING COMPANY                       CODIGO DE LOTE   : G-7812                      FECHA :23/07/2020
                                              -----------------------------
FLUJO        : 
DESCRIPCION  : CATODOS GRADO A
N° INSTR. DE EMBARQUE : 26056
CLIENTE      : SOFIE MAERSK
Lote Sipa    : 

----------------------------------------------------------------------------------------------------------------------------- 
MARCA       DESCRIPCION         PESO NETO      PESO BRUTO     GRUPO     UNIDADES       UBICACION         SERIE                
-----------------------------------------------------------------------------------------------------------------------------

02NA    DOS FRANJAS NARANJAS      2,440           2,441         42         20                           G-7812 
02NA    DOS FRANJAS NARANJAS      2,422           2,423         42         20                           G-7813 
02NA    DOS FRANJAS NARANJAS      2,412           2,413         42         20                           G-7814 
02NA    DOS FRANJAS NARANJAS      2,277           2,278         42         20                           G-7815 
02NA    DOS FRANJAS NARANJAS      2,356           2,357         42         20                           G-7816 
02NA    DOS FRANJAS NARANJAS      2,370           2,371         10         20                           G-7817 
02NA    DOS FRANJAS NARANJAS      2,404           2,405         32         20                           G-7818 
02NA    DOS FRANJAS NARANJAS      2,461           2,462         32         20                           G-7819 
02NA    DOS FRANJAS NARANJAS      2,456           2,457         32         20                           G-7820 
02NA    DOS FRANJAS NARANJAS      2,366           2,367         32         20                           G-7821 
02NA    DOS FRANJAS NARANJAS      2,222           2,223         10         20                           G-7822 
02NA    DOS FRANJAS NARANJAS      2,429           2,430         10         20                           G-7823 
02NA    DOS FRANJAS NARANJAS      2,389           2,390         42         20                           G-7824 
02NA    DOS FRANJAS NARANJAS      2,308           2,309         10         20                           G-7825 
02NA    DOS FRANJAS NARANJAS      2,415           2,416         10         20                           G-7826 
02NA    DOS FRANJAS NARANJAS      2,118           2,119         10         20                           G-7827 
02NA    DOS FRANJAS NARANJAS      2,380           2,381         42         20                           G-7828 
02NA    DOS FRANJAS NARANJAS      2,399           2,400         42         20                           G-7829 
02NA    DOS FRANJAS NARANJAS      2,417           2,418         42         20                           G-7830 
02NA    DOS FRANJAS NARANJAS      2,421           2,422         42         20                           G-7831 
02NA    DOS FRANJAS NARANJAS      2,481           2,482         42         20                           G-7832 
02NA    DOS FRANJAS NARANJAS      2,536           2,537         42         20                           G-7833 
02NA    DOS FRANJAS NARANJAS      2,339           2,340         42         20                           G-7834 
02NA    DOS FRANJAS NARANJAS      2,350           2,351         42         20                           G-7835 
02NA    DOS FRANJAS NARANJAS      2,394           2,395         42         20                           G-7836 
02NA    DOS FRANJAS NARANJAS      2,453           2,454         42         20                           G-7837 
02NA    DOS FRANJAS NARANJAS      2,358           2,359         42         20                           G-7838 
02NA    DOS FRANJAS NARANJAS      2,452           2,453         42         20                           G-7839 
02NA    DOS FRANJAS NARANJAS      2,547           2,548         42         20                           G-7840 
02NA    DOS FRANJAS NARANJAS      2,307           2,308         32         20                           G-7841 
02NA    DOS FRANJAS NARANJAS      2,333           2,334         32         20                           G-7842 
02NA    DOS FRANJAS NARANJAS      2,351           2,352         32         20                           G-7843 
02NA    DOS FRANJAS NARANJAS      2,358           2,359         32         20                           G-7844 
02NA    DOS FRANJAS NARANJAS      2,357           2,358         10         20                           G-7845 
02NA    DOS FRANJAS NARANJAS      2,315           2,316         42         20                           G-7846 
02NA    DOS FRANJAS NARANJAS      2,386           2,387         42         20                           G-7847 
02NA    DOS FRANJAS NARANJAS      2,414           2,415         42         20                           G-7848 
02NA    DOS FRANJAS NARANJAS      2,366           2,367         42         20                           G-7849 
02NA    DOS FRANJAS NARANJAS      2,300           2,301         42         20                           G-7850 
02NA    DOS FRANJAS NARANJAS      2,063           2,064         42         20                           G-7851 
02NA    DOS FRANJAS NARANJAS      2,121           2,122         10         20                           G-7852 
02NA    DOS FRANJAS NARANJAS      2,439           2,440         42         20                           G-7853 
02NA    DOS FRANJAS NARANJAS      2,138           2,139         42         20                           G-7854 
02NA    DOS FRANJAS NARANJAS      2,256           2,257         42         20                           G-7855 
02NA    DOS FRANJAS NARANJAS      2,349           2,350         42         20                           G-7856 









EMPRESA NACIONAL DE MINERIA (ENM) PRODUCTOR          PACKING LIST                             PAG.  :   2
NATIONAL MINING COMPANY                       CODIGO DE LOTE   : G-7812                      FECHA :23/07/2020
                                              -----------------------------
FLUJO        : 
DESCRIPCION  : CATODOS GRADO A
N° INSTR. DE EMBARQUE : 26056
CLIENTE      : SOFIE MAERSK
Lote Sipa    : 

----------------------------------------------------------------------------------------------------------------------------- 
MARCA       DESCRIPCION         PESO NETO      PESO BRUTO     GRUPO     UNIDADES       UBICACION         SERIE                
-----------------------------------------------------------------------------------------------------------------------------

02NA    DOS FRANJAS NARANJAS      2,370           2,371         10         20                           G-7857 
02NA    DOS FRANJAS NARANJAS      2,276           2,277         42         20                           G-7858 
02NA    DOS FRANJAS NARANJAS      2,425           2,426         42         20                           G-7859 
02NA    DOS FRANJAS NARANJAS      2,478           2,479         42         20                           G-7860 
02NA    DOS FRANJAS NARANJAS      2,291           2,292         42         20                           G-7861 
02NA    DOS FRANJAS NARANJAS      2,448           2,449         42         20                           G-7862 
02NA    DOS FRANJAS NARANJAS      2,063           2,064         42         20                           G-7863 
02NA    DOS FRANJAS NARANJAS      2,292           2,293         32         20                           G-7864 
02NA    DOS FRANJAS NARANJAS      2,057           2,058         32         20                           G-7865 
02NA    DOS FRANJAS NARANJAS      2,434           2,435         32         20                           G-7866 
02NA    DOS FRANJAS NARANJAS      2,370           2,371         32         20                           G-7867 
02NA    DOS FRANJAS NARANJAS      2,372           2,373         42         20                           G-7868 
02NA    DOS FRANJAS NARANJAS      2,257           2,258         32         20                           G-7869 
02NA    DOS FRANJAS NARANJAS      2,336           2,337         32         20                           G-7870 
02NA    DOS FRANJAS NARANJAS      2,198           2,199         32         20                           G-7871 
02NA    DOS FRANJAS NARANJAS      2,390           2,391         32         20                           G-7872 
02NA    DOS FRANJAS NARANJAS      2,275           2,276         32         20                           G-7873 
02NA    DOS FRANJAS NARANJAS      2,074           2,075         37         20                           G-7874 
02NA    DOS FRANJAS NARANJAS      2,297           2,298         37         20                           G-7875 
02NA    DOS FRANJAS NARANJAS      2,380           2,381         37         20                           G-7876 
02NA    DOS FRANJAS NARANJAS      2,395           2,396         37         20                           G-7877 
02NA    DOS FRANJAS NARANJAS      2,386           2,387         32         20                           G-7878 
02NA    DOS FRANJAS NARANJAS      2,257           2,258         37         20                           G-7879 
02NA    DOS FRANJAS NARANJAS      2,402           2,403         37         20                           G-7880 
02NA    DOS FRANJAS NARANJAS      2,359           2,360         37         20                           G-7881 
02NA    DOS FRANJAS NARANJAS      2,500           2,501         32         20                           G-7882 
02NA    DOS FRANJAS NARANJAS      2,323           2,324         32         20                           G-7883 
02NA    DOS FRANJAS NARANJAS      2,359           2,360         32         20                           G-7884 
02NA    DOS FRANJAS NARANJAS      2,423           2,424         37         20                           G-7885 
02NA    DOS FRANJAS NARANJAS      2,470           2,471         32         20                           G-7886 
02NA    DOS FRANJAS NARANJAS      2,504           2,505         32         20                           G-7887 
02NA    DOS FRANJAS NARANJAS      2,376           2,377         42         20                           G-7888 
02NA    DOS FRANJAS NARANJAS      2,451           2,452         42         20                           G-7889 
02NA    DOS FRANJAS NARANJAS      2,434           2,435         37         20                           G-7890 
02NA    DOS FRANJAS NARANJAS      2,202           2,203         37         20                           G-7891 
02NA    DOS FRANJAS NARANJAS      2,322           2,323         37         20                           G-7892 
02NA    DOS FRANJAS NARANJAS      2,450           2,451         37         20                           G-7893 
02NA    DOS FRANJAS NARANJAS      2,442           2,443         37         20                           G-7894 
02NA    DOS FRANJAS NARANJAS      2,162           2,163         37         20                           G-7895 
02NA    DOS FRANJAS NARANJAS      2,441           2,442         32         20                           G-7896 


------------------------------------------------------------------------------------------------------------------------
T.SUB-LOTES              TOT.PAQUETES =85      TOT.UNID. = 1700   T/P NETO (kg) = 199,966      T/P BRUTO (kg) = 200,051
------------------------------------------------------------------------------------------------------------------------
