
EMPRESA NACIONAL DE MINERIA (ENM) PRODUCTOR          PACKING LIST                             PAG.  :   1
NATIONAL MINING COMPANY                       CODIGO DE LOTE   : J-4773                      FECHA :06/10/2023
                                              -----------------------------
FLUJO        : 
DESCRIPCION  : CATODOS GRADO A
N° INSTR. DE EMBARQUE : 28130
CLIENTE      : ANTOFAGASTA EXPRESS
Lote Sipa    : 

----------------------------------------------------------------------------------------------------------------------------- 
MARCA       DESCRIPCION         PESO NETO      PESO BRUTO     GRUPO     UNIDADES       UBICACION         SERIE                
-----------------------------------------------------------------------------------------------------------------------------

V0CE    V CELESTE                 2,237           2,238         20         20                           J-4773 
V0CE    V CELESTE                 2,237           2,238         20         20                           J-4774 
V0CE    V CELESTE                 2,261           2,262         20         20                           J-4775 
V0CE    V CELESTE                 2,250           2,251         20         20                           J-4776 
V0CE    V CELESTE                 2,175           2,176         20         20                           J-4777 
V0CE    V CELESTE                 2,146           2,147         20         20                           J-4778 
V0CE    V CELESTE                 2,372           2,373         20         20                           J-4779 
V0CE    V CELESTE                 2,194           2,195         20         20                           J-4780 
V0CE    V CELESTE                 2,388           2,389         20         20                           J-4781 
V0CE    V CELESTE                 2,173           2,174         20         20                           J-4782 
V0CE    V CELESTE                 2,199           2,200         20         20                           J-4783 
V0CE    V CELESTE                 2,291           2,292         45         20                           J-4784 
V0CE    V CELESTE                 2,350           2,351         20         20                           J-4785 
V0CE    V CELESTE                 2,278           2,279         45         20                           J-4786 
V0CE    V CELESTE                 2,213           2,214         20         20                           J-4787 
V0CE    V CELESTE                 2,319           2,320         45         20                           J-4788 
V0CE    V CELESTE                 2,185           2,186         20         20                           J-4789 
V0CE    V CELESTE                 2,212           2,213         45         20                           J-4790 
V0CE    V CELESTE                 2,259           2,260         20         20                           J-4791 
V0CE    V CELESTE                 2,330           2,331         20         20                           J-4792 
V0CE    V CELESTE                 2,308           2,309         21         20                           J-4793 
V0CE    V CELESTE                 2,255           2,256         21         20                           J-4794 
V0CE    V CELESTE                 2,221           2,222         45         20                           J-4795 
V0CE    V CELESTE                 2,375           2,376         21         20                           J-4796 
V0CE    V CELESTE                 2,307           2,308         45         20                           J-4797 
V0CE    V CELESTE                 2,369           2,370         21         20                           J-4798 
V0CE    V CELESTE                 2,402           2,403         45         20                           J-4799 
V0CE    V CELESTE                 2,356           2,357         45         20                           J-4800 
V0CE    V CELESTE                 2,379           2,380         45         20                           J-4801 
V0CE    V CELESTE                 2,313           2,314         45         20                           J-4802 
V0CE    V CELESTE                 2,281           2,282         45         20                           J-4803 
V0CE    V CELESTE                 2,379           2,380         45         20                           J-4804 
V0CE    V CELESTE                 2,256           2,257         45         20                           J-4805 
V0CE    V CELESTE                 2,249           2,250         45         20                           J-4806 
V0CE    V CELESTE                 2,293           2,294         45         20                           J-4807 
V0CE    V CELESTE                 2,121           2,122         45         20                           J-4808 
V0CE    V CELESTE                 2,359           2,360         45         20                           J-4809 
V0CE    V CELESTE                 2,198           2,199         45         20                           J-4810 
V0CE    V CELESTE                 2,258           2,259         45         20                           J-4811 
V0CE    V CELESTE                 2,288           2,289         45         20                           J-4812 
V0CE    V CELESTE                 2,251           2,252         45         20                           J-4813 
V0CE    V CELESTE                 2,219           2,220         45         20                           J-4814 
V0CE    V CELESTE                 2,253           2,254         45         20                           J-4815 
V0CE    V CELESTE                 2,130           2,131         45         20                           J-4816 


------------------------------------------------------------------------------------------------------------------------
T.SUB-LOTES              TOT.PAQUETES =44      TOT.UNID. = 880   T/P NETO (kg) = 99,889      T/P BRUTO (kg) = 99,933
------------------------------------------------------------------------------------------------------------------------
