
EMPRESA NACIONAL DE MINERIA (ENM) PRODUCTOR          PACKING LIST                             PAG.  :   1
NATIONAL MINING COMPANY                       CODIGO DE LOTE   : J-1635                      FECHA :14/11/2018
                                              -----------------------------
FLUJO        : 
DESCRIPCION  : CATODOS EW EL SALADO
N° INSTR. DE EMBARQUE : 24881
CLIENTE      : CCNI ARAUCO                             
Lote Sipa    : 18100277

----------------------------------------------------------------------------------------------------------------------------- 
MARCA       DESCRIPCION         PESO NETO      PESO BRUTO     GRUPO     UNIDADES       UBICACION         SERIE                
-----------------------------------------------------------------------------------------------------------------------------

01RJ    FRANJA ROJA               2,048           2,049                    95                           J-1635 
01RJ    FRANJA ROJA               2,038           2,039                    128                          J-1636 
01RJ    FRANJA ROJA               1,970           1,971                    95                           J-1637 
01RJ    FRANJA ROJA               2,011           2,012                    81                           J-1638 
01RJ    FRANJA ROJA               1,971           1,972                    80                           J-1639 
01RJ    FRANJA ROJA               2,020           2,021                    94                           J-1640 
01RJ    FRANJA ROJA               1,994           1,995                    80                           J-1641 
01RJ    FRANJA ROJA               1,996           1,997                    111                          J-1642 
01RJ    FRANJA ROJA               1,965           1,966                    84                           J-1643 
01RJ    FRANJA ROJA               2,031           2,032                    72                           J-1644 
01RJ    FRANJA ROJA               2,051           2,052                    85                           J-1645 
01RJ    FRANJA ROJA               1,965           1,966                    76                           J-1646 
01RJ    FRANJA ROJA               2,013           2,014                    80                           J-1647 
01RJ    FRANJA ROJA               1,993           1,994                    100                          J-1648 
01RJ    FRANJA ROJA               2,014           2,015                    113                          J-1650 
01RJ    FRANJA ROJA               2,002           2,003                    91                           J-1651 
01RJ    FRANJA ROJA               2,030           2,031                    81                           J-1652 
01RJ    FRANJA ROJA               2,050           2,051                    113                          J-1653 
01RJ    FRANJA ROJA               2,059           2,060                    95                           J-1654 
01RJ    FRANJA ROJA               1,995           1,996                    106                          J-1655 
01RJ    FRANJA ROJA               1,965           1,966                    82                           J-1656 
01RJ    FRANJA ROJA               2,008           2,009                    113                          J-1657 
01RJ    FRANJA ROJA               2,018           2,019                    90                           J-1658 
01RJ    FRANJA ROJA               1,995           1,996                    85                           J-1659 
01RJ    FRANJA ROJA               2,021           2,022                    86                           J-1660 
01RJ    FRANJA ROJA               1,967           1,968                    84                           J-1661 
01RJ    FRANJA ROJA               1,979           1,980                    88                           J-1662 
01RJ    FRANJA ROJA               1,961           1,962                    80                           J-1663 
01RJ    FRANJA ROJA               2,057           2,058                    90                           J-1665 
01RJ    FRANJA ROJA               2,039           2,040                    129                          J-1666 
01RJ    FRANJA ROJA               1,995           1,996                    88                           J-1667 
01RJ    FRANJA ROJA               2,041           2,042                    93                           J-1668 
01RJ    FRANJA ROJA               2,012           2,013                    90                           J-1669 
01RJ    FRANJA ROJA               2,035           2,036                    102                          J-1670 
01RJ    FRANJA ROJA               2,021           2,022                    114                          J-1671 
01RJ    FRANJA ROJA               1,964           1,965                    96                           J-1672 
01RJ    FRANJA ROJA               2,046           2,047                    112                          J-1673 
01RJ    FRANJA ROJA               2,043           2,044                    83                           J-1674 
01RJ    FRANJA ROJA               2,052           2,053                    127                          J-1675 
01RJ    FRANJA ROJA               2,038           2,039                    102                          J-1676 
01RJ    FRANJA ROJA               2,026           2,027                    83                           J-1677 
01RJ    FRANJA ROJA               2,005           2,006                    128                          J-1678 


------------------------------------------------------------------------------------------------------------------------
T.SUB-LOTES              TOT.PAQUETES =42      TOT.UNID. = 4005   T/P NETO (kg) = 84,504      T/P BRUTO (kg) = 84,546
------------------------------------------------------------------------------------------------------------------------
