
EMPRESA NACIONAL DE MINERIA (ENM) PRODUCTOR          PACKING LIST                             PAG.  :   1
NATIONAL MINING COMPANY                       CODIGO DE LOTE   : H-6627                      FECHA :16/08/2019
                                              -----------------------------
FLUJO        : 
DESCRIPCION  : CATODOS GRADO A
N° INSTR. DE EMBARQUE : 25432
CLIENTE      : RIO BARROW
Lote Sipa    : 

----------------------------------------------------------------------------------------------------------------------------- 
MARCA       DESCRIPCION         PESO NETO      PESO BRUTO     GRUPO     UNIDADES       UBICACION         SERIE                
-----------------------------------------------------------------------------------------------------------------------------

01NA    FRANJA NARANJA            2,226           2,227         14         20                           H-6627 
01NA    FRANJA NARANJA            1,988           1,989         14         20                           H-6628 
01NA    FRANJA NARANJA            2,120           2,121         14         20                           H-6629 
01NA    FRANJA NARANJA            2,487           2,488         14         20                           H-6630 
01NA    FRANJA NARANJA            2,400           2,401         23         20                           H-6631 
01NA    FRANJA NARANJA            2,451           2,452         23         20                           H-6632 
01NA    FRANJA NARANJA            2,302           2,303         23         20                           H-6633 
01NA    FRANJA NARANJA            2,353           2,354         23         20                           H-6634 
01NA    FRANJA NARANJA            2,567           2,568         23         20                           H-6635 
01NA    FRANJA NARANJA            2,373           2,374         42         20                           H-6636 
01NA    FRANJA NARANJA            2,418           2,419         42         20                           H-6637 
01NA    FRANJA NARANJA            2,338           2,339         14         20                           H-6638 
01NA    FRANJA NARANJA            2,518           2,519         42         20                           H-6639 
01NA    FRANJA NARANJA            2,344           2,345         42         20                           H-6640 
01NA    FRANJA NARANJA            2,521           2,522         42         20                           H-6641 
01NA    FRANJA NARANJA            2,226           2,227         42         20                           H-6642 
01NA    FRANJA NARANJA            2,231           2,232         42         20                           H-6643 
01NA    FRANJA NARANJA            2,424           2,425         32         20                           H-6644 
01NA    FRANJA NARANJA            2,214           2,215         14         20                           H-6645 
01NA    FRANJA NARANJA            2,299           2,300         42         20                           H-6646 
01NA    FRANJA NARANJA            2,316           2,317         42         20                           H-6647 
01NA    FRANJA NARANJA            2,418           2,419         14         20                           H-6648 
01NA    FRANJA NARANJA            2,160           2,161         42         20                           H-6649 
01NA    FRANJA NARANJA            2,606           2,607         42         20                           H-6650 
01NA    FRANJA NARANJA            2,423           2,424         14         20                           H-6651 
01NA    FRANJA NARANJA            2,292           2,293         32         20                           H-6652 
01NA    FRANJA NARANJA            2,380           2,381         32         20                           H-6653 
01NA    FRANJA NARANJA            2,493           2,494         32         20                           H-6654 
01NA    FRANJA NARANJA            2,485           2,486         42         20                           H-6655 
01NA    FRANJA NARANJA            2,443           2,444         42         20                           H-6656 
01NA    FRANJA NARANJA            2,290           2,291         42         20                           H-6657 
01NA    FRANJA NARANJA            2,294           2,295         42         20                           H-6658 
01NA    FRANJA NARANJA            2,232           2,233         42         20                           H-6659 
01NA    FRANJA NARANJA            2,404           2,405         14         20                           H-6660 
01NA    FRANJA NARANJA            2,411           2,412         14         20                           H-6661 
01NA    FRANJA NARANJA            2,275           2,276         14         20                           H-6662 
01NA    FRANJA NARANJA            2,359           2,360         14         20                           H-6663 
01NA    FRANJA NARANJA            2,389           2,390         42         20                           H-6664 
01NA    FRANJA NARANJA            2,097           2,098         14         20                           H-6665 
01NA    FRANJA NARANJA            2,291           2,292         14         20                           H-6666 
01NA    FRANJA NARANJA            2,293           2,294         42         20                           H-6667 
01NA    FRANJA NARANJA            2,215           2,216         42         20                           H-6668 
01NA    FRANJA NARANJA            2,373           2,374         23         20                           H-6669 
01NA    FRANJA NARANJA            2,157           2,158         14         20                           H-6670 
01NA    FRANJA NARANJA            2,427           2,428         14         20                           H-6671 









EMPRESA NACIONAL DE MINERIA (ENM) PRODUCTOR          PACKING LIST                             PAG.  :   2
NATIONAL MINING COMPANY                       CODIGO DE LOTE   : H-6627                      FECHA :16/08/2019
                                              -----------------------------
FLUJO        : 
DESCRIPCION  : CATODOS GRADO A
N° INSTR. DE EMBARQUE : 25432
CLIENTE      : RIO BARROW
Lote Sipa    : 

----------------------------------------------------------------------------------------------------------------------------- 
MARCA       DESCRIPCION         PESO NETO      PESO BRUTO     GRUPO     UNIDADES       UBICACION         SERIE                
-----------------------------------------------------------------------------------------------------------------------------

01NA    FRANJA NARANJA            2,356           2,357         14         20                           H-6672 
01NA    FRANJA NARANJA            2,299           2,300         42         20                           H-6673 
01NA    FRANJA NARANJA            2,405           2,406         42         20                           H-6674 
01NA    FRANJA NARANJA            2,123           2,124         42         20                           H-6675 
01NA    FRANJA NARANJA            2,447           2,448         42         20                           H-6676 
01NA    FRANJA NARANJA            2,239           2,240         42         20                           H-6677 
01NA    FRANJA NARANJA            2,368           2,369         14         20                           H-6678 
01NA    FRANJA NARANJA            2,240           2,241         42         20                           H-6679 
01NA    FRANJA NARANJA            2,367           2,368         42         20                           H-6680 
01NA    FRANJA NARANJA            2,278           2,279         42         20                           H-6681 
01NA    FRANJA NARANJA            2,346           2,347         14         20                           H-6682 
01NA    FRANJA NARANJA            2,133           2,134         42         20                           H-6683 
01NA    FRANJA NARANJA            2,312           2,313         42         20                           H-6684 
01NA    FRANJA NARANJA            1,915           1,916         32         20                           H-6685 
01NA    FRANJA NARANJA            2,124           2,125         42         20                           H-6686 
01NA    FRANJA NARANJA            2,301           2,302         14         20                           H-6687 
01NA    FRANJA NARANJA            2,159           2,160         32         20                           H-6688 
01NA    FRANJA NARANJA            2,324           2,325         23         20                           H-6689 
01NA    FRANJA NARANJA            2,369           2,370         23         20                           H-6690 
01NA    FRANJA NARANJA            2,243           2,244         14         20                           H-6691 
01NA    FRANJA NARANJA            2,148           2,149         14         20                           H-6692 
01NA    FRANJA NARANJA            2,223           2,224         14         20                           H-6693 
01NA    FRANJA NARANJA            2,432           2,433         23         20                           H-6694 
01NA    FRANJA NARANJA            2,416           2,417         23         20                           H-6695 
01NA    FRANJA NARANJA            2,369           2,370         23         20                           H-6696 
01NA    FRANJA NARANJA            2,311           2,312         14         20                           H-6697 
01NA    FRANJA NARANJA            2,336           2,337         23         20                           H-6698 
01NA    FRANJA NARANJA            2,429           2,430         23         20                           H-6699 
01NA    FRANJA NARANJA            2,304           2,305         23         20                           H-6700 
01NA    FRANJA NARANJA            1,946           1,947         14         20                           H-6701 
01NA    FRANJA NARANJA            2,348           2,349         23         20                           H-6702 
01NA    FRANJA NARANJA            2,292           2,293         23         20                           H-6703 
01NA    FRANJA NARANJA            2,251           2,252         23         20                           H-6704 
01NA    FRANJA NARANJA            2,493           2,494         23         20                           H-6705 
01NA    FRANJA NARANJA            2,463           2,464         23         20                           H-6706 
01NA    FRANJA NARANJA            2,277           2,278         23         20                           H-6707 
01NA    FRANJA NARANJA            2,045           2,046         23         20                           H-6708 
01NA    FRANJA NARANJA            2,223           2,224         14         20                           H-6709 
01NA    FRANJA NARANJA            2,228           2,229         23         20                           H-6710 
01NA    FRANJA NARANJA            2,441           2,442         23         20                           H-6711 
01NA    FRANJA NARANJA            2,235           2,236         23         20                           H-6712 
01NA    FRANJA NARANJA            2,519           2,520         23         20                           H-6713 
01NA    FRANJA NARANJA            2,186           2,187         23         20                           H-6714 
01NA    FRANJA NARANJA            2,348           2,349         23         20                           H-6715 
01NA    FRANJA NARANJA            2,324           2,325         23         20                           H-6716 









EMPRESA NACIONAL DE MINERIA (ENM) PRODUCTOR          PACKING LIST                             PAG.  :   3
NATIONAL MINING COMPANY                       CODIGO DE LOTE   : H-6627                      FECHA :16/08/2019
                                              -----------------------------
FLUJO        : 
DESCRIPCION  : CATODOS GRADO A
N° INSTR. DE EMBARQUE : 25432
CLIENTE      : RIO BARROW
Lote Sipa    : 

----------------------------------------------------------------------------------------------------------------------------- 
MARCA       DESCRIPCION         PESO NETO      PESO BRUTO     GRUPO     UNIDADES       UBICACION         SERIE                
-----------------------------------------------------------------------------------------------------------------------------

01NA    FRANJA NARANJA            2,411           2,412         23         20                           H-6717 
01NA    FRANJA NARANJA            2,436           2,437         23         20                           H-6718 
01NA    FRANJA NARANJA            2,498           2,499         23         20                           H-6719 
01NA    FRANJA NARANJA            2,452           2,453         23         20                           H-6720 
01NA    FRANJA NARANJA            2,454           2,455         23         20                           H-6721 
01NA    FRANJA NARANJA            2,229           2,230         14         20                           H-6722 
01NA    FRANJA NARANJA            2,102           2,103         14         20                           H-6723 
01NA    FRANJA NARANJA            2,309           2,310         23         20                           H-6724 
01NA    FRANJA NARANJA            2,298           2,299         23         20                           H-6725 
01NA    FRANJA NARANJA            2,268           2,269         23         20                           H-6726 
01NA    FRANJA NARANJA            2,287           2,288         23         20                           H-6727 
01NA    FRANJA NARANJA            2,157           2,158         23         20                           H-6728 
01NA    FRANJA NARANJA            2,340           2,341         23         20                           H-6729 
01NA    FRANJA NARANJA            2,238           2,239         23         20                           H-6730 
01NA    FRANJA NARANJA            2,341           2,342         23         20                           H-6731 
01NA    FRANJA NARANJA            2,290           2,291         23         20                           H-6732 
01NA    FRANJA NARANJA            2,287           2,288         23         20                           H-6733 
01NA    FRANJA NARANJA            2,323           2,324         23         20                           H-6734 


------------------------------------------------------------------------------------------------------------------------
T.SUB-LOTES              TOT.PAQUETES =108      TOT.UNID. = 2160   T/P NETO (kg) = 249,978      T/P BRUTO (kg) = 250,086
------------------------------------------------------------------------------------------------------------------------
