
EMPRESA NACIONAL DE MINERIA (ENM) PRODUCTOR          PACKING LIST                             PAG.  :   1
NATIONAL MINING COMPANY                       CODIGO DE LOTE   : E-2381                      FECHA :15/05/2023
                                              -----------------------------
FLUJO        : 
DESCRIPCION  : CATODOS EW DELTA
N° INSTR. DE EMBARQUE : 930936
CLIENTE      : 
Lote Sipa    : 23050313

----------------------------------------------------------------------------------------------------------------------------- 
MARCA       DESCRIPCION         PESO NETO      PESO BRUTO     GRUPO     UNIDADES       UBICACION         SERIE                
-----------------------------------------------------------------------------------------------------------------------------

05RJ    CINCO FRANJAS ROJAS       2,001           2,002                    57                           E-2381 
05RJ    CINCO FRANJAS ROJAS       2,005           2,006                    53                           E-2382 
05RJ    CINCO FRANJAS ROJAS       2,003           2,004                    49                           E-2383 
05RJ    CINCO FRANJAS ROJAS       2,009           2,010                    57                           E-2384 
05RJ    CINCO FRANJAS ROJAS       2,005           2,006                    53                           E-2385 
05RJ    CINCO FRANJAS ROJAS       2,013           2,014                    49                           E-2386 
05RJ    CINCO FRANJAS ROJAS       1,999           2,000                    50                           E-2387 
05RJ    CINCO FRANJAS ROJAS       1,992           1,993                    49                           E-2388 
05RJ    CINCO FRANJAS ROJAS       2,009           2,010                    53                           E-2389 
05RJ    CINCO FRANJAS ROJAS       1,997           1,998                    53                           E-2390 
05RJ    CINCO FRANJAS ROJAS       2,012           2,013                    52                           E-2391 
05RJ    CINCO FRANJAS ROJAS       1,998           1,999                    57                           E-2392 
05RJ    CINCO FRANJAS ROJAS       1,996           1,997                    53                           E-2393 
05RJ    CINCO FRANJAS ROJAS       2,000           2,001                    50                           E-2394 


------------------------------------------------------------------------------------------------------------------------
T.SUB-LOTES              TOT.PAQUETES =14      TOT.UNID. = 735   T/P NETO (kg) = 28,039      T/P BRUTO (kg) = 28,053
------------------------------------------------------------------------------------------------------------------------
