
EMPRESA NACIONAL DE MINERIA (ENM) PRODUCTOR          PACKING LIST                             PAG.  :   1
NATIONAL MINING COMPANY                       CODIGO DE LOTE   : E-2351                      FECHA :01/06/2022
                                              -----------------------------
FLUJO        : 
DESCRIPCION  : CATODOS EW DELTA
N° INSTR. DE EMBARQUE : 929507
CLIENTE      : 
Lote Sipa    : 22050533

----------------------------------------------------------------------------------------------------------------------------- 
MARCA       DESCRIPCION         PESO NETO      PESO BRUTO     GRUPO     UNIDADES       UBICACION         SERIE                
-----------------------------------------------------------------------------------------------------------------------------

03RJ    TRES FRANJAS ROJAS        2,000           2,001                    43                           E-2351 
03RJ    TRES FRANJAS ROJAS        1,994           1,995                    43                           E-2352 
03RJ    TRES FRANJAS ROJAS        2,003           2,004                    46                           E-2353 
03RJ    TRES FRANJAS ROJAS        1,982           1,983                    44                           E-2354 
03RJ    TRES FRANJAS ROJAS        2,017           2,018                    42                           E-2355 
03RJ    TRES FRANJAS ROJAS        1,999           2,000                    44                           E-2356 
03RJ    TRES FRANJAS ROJAS        2,005           2,006                    43                           E-2357 
03RJ    TRES FRANJAS ROJAS        1,994           1,995                    46                           E-2358 
03RJ    TRES FRANJAS ROJAS        2,011           2,012                    45                           E-2359 
03RJ    TRES FRANJAS ROJAS        1,990           1,991                    46                           E-2360 
03RJ    TRES FRANJAS ROJAS        2,031           2,032                    46                           E-2361 
03RJ    TRES FRANJAS ROJAS        1,993           1,994                    45                           E-2362 
03RJ    TRES FRANJAS ROJAS        1,998           1,999                    45                           E-2363 
03RJ    TRES FRANJAS ROJAS        1,985           1,986                    45                           E-2364 


------------------------------------------------------------------------------------------------------------------------
T.SUB-LOTES              TOT.PAQUETES =14      TOT.UNID. = 623   T/P NETO (kg) = 28,002      T/P BRUTO (kg) = 28,016
------------------------------------------------------------------------------------------------------------------------
