
EMPRESA NACIONAL DE MINERIA (ENM) PRODUCTOR          PACKING LIST                             PAG.  :   1
NATIONAL MINING COMPANY                       CODIGO DE LOTE   : D-1659                      FECHA :21/05/2021
                                              -----------------------------
FLUJO        : 
DESCRIPCION  : CATODOS EW EL SALADO
N° INSTR. DE EMBARQUE : 26687
CLIENTE      : CAUTIN
Lote Sipa    : 21040280

----------------------------------------------------------------------------------------------------------------------------- 
MARCA       DESCRIPCION         PESO NETO      PESO BRUTO     GRUPO     UNIDADES       UBICACION         SERIE                
-----------------------------------------------------------------------------------------------------------------------------

01RJ    FRANJA ROJA               1,981           1,982                    84                           D-1659 
01RJ    FRANJA ROJA               2,021           2,022                    82                           D-1660 
01RJ    FRANJA ROJA               1,949           1,950                    78                           D-1661 
01RJ    FRANJA ROJA               2,028           2,029                    88                           D-1662 
01RJ    FRANJA ROJA               2,037           2,038                    80                           D-1663 
01RJ    FRANJA ROJA               1,969           1,970                    87                           D-1664 
01RJ    FRANJA ROJA               1,955           1,956                    79                           D-1665 
01RJ    FRANJA ROJA               2,027           2,028                    86                           D-1666 
01RJ    FRANJA ROJA               1,941           1,942                    88                           D-1667 
01RJ    FRANJA ROJA               2,006           2,007                    81                           D-1668 
01RJ    FRANJA ROJA               1,984           1,985                    80                           D-1669 
01RJ    FRANJA ROJA               1,993           1,994                    80                           D-1670 
01RJ    FRANJA ROJA               2,070           2,071                    81                           D-1671 
01RJ    FRANJA ROJA               2,053           2,054                    81                           D-1672 
01RJ    FRANJA ROJA               2,016           2,017                    81                           D-1704 
01RJ    FRANJA ROJA               2,013           2,014                    78                           D-1705 
01RJ    FRANJA ROJA               2,009           2,010                    80                           D-1706 
01RJ    FRANJA ROJA               1,964           1,965                    85                           D-1707 
01RJ    FRANJA ROJA               1,959           1,960                    74                           D-1708 
01RJ    FRANJA ROJA               2,059           2,060                    76                           D-1709 
01RJ    FRANJA ROJA               2,025           2,026                    81                           D-1710 
01RJ    FRANJA ROJA               2,027           2,028                    95                           D-1711 
01RJ    FRANJA ROJA               1,976           1,977                    80                           D-1712 
01RJ    FRANJA ROJA               1,965           1,966                    78                           D-1713 
01RJ    FRANJA ROJA               2,409           2,410                    76                           D-1714 
01RJ    FRANJA ROJA               1,982           1,983                    77                           D-1715 
01RJ    FRANJA ROJA               2,053           2,054                    77                           D-1716 
01RJ    FRANJA ROJA               1,995           1,996                    90                           D-1717 
01RJ    FRANJA ROJA               2,156           2,157                    82                           D-1719 
01RJ    FRANJA ROJA               2,028           2,029                    78                           D-1720 
01RJ    FRANJA ROJA               2,026           2,027                    91                           D-1721 
01RJ    FRANJA ROJA               2,119           2,120                    79                           D-1722 
01RJ    FRANJA ROJA               1,996           1,997                    87                           D-1723 
01RJ    FRANJA ROJA               1,937           1,938                    87                           D-1724 
01RJ    FRANJA ROJA               2,011           2,012                    86                           D-1725 
01RJ    FRANJA ROJA               1,998           1,999                    81                           D-1726 
01RJ    FRANJA ROJA               1,959           1,960                    79                           D-1727 
01RJ    FRANJA ROJA               2,011           2,012                    80                           D-1728 
01RJ    FRANJA ROJA               1,966           1,967                    89                           D-1729 
01RJ    FRANJA ROJA               1,954           1,955                    82                           D-1730 
01RJ    FRANJA ROJA               1,958           1,959                    77                           D-1731 
01RJ    FRANJA ROJA               1,971           1,972                    62                           D-1732 
01RJ    FRANJA ROJA               2,021           2,022                    70                           D-1734 
01RJ    FRANJA ROJA               1,952           1,953                    90                           D-1735 
01RJ    FRANJA ROJA               2,012           2,013                    79                           D-1736 









EMPRESA NACIONAL DE MINERIA (ENM) PRODUCTOR          PACKING LIST                             PAG.  :   2
NATIONAL MINING COMPANY                       CODIGO DE LOTE   : D-1659                      FECHA :21/05/2021
                                              -----------------------------
FLUJO        : 
DESCRIPCION  : CATODOS EW EL SALADO
N° INSTR. DE EMBARQUE : 26687
CLIENTE      : CAUTIN
Lote Sipa    : 21040280

----------------------------------------------------------------------------------------------------------------------------- 
MARCA       DESCRIPCION         PESO NETO      PESO BRUTO     GRUPO     UNIDADES       UBICACION         SERIE                
-----------------------------------------------------------------------------------------------------------------------------

01RJ    FRANJA ROJA               2,021           2,022                    83                           D-1737 
01RJ    FRANJA ROJA               1,962           1,963                    87                           D-1738 
01RJ    FRANJA ROJA               2,029           2,030                    84                           D-1739 
01RJ    FRANJA ROJA               2,038           2,039                    73                           D-1740 
01RJ    FRANJA ROJA               2,051           2,052                    88                           D-1741 
01RJ    FRANJA ROJA               2,035           2,036                    75                           D-1742 
01RJ    FRANJA ROJA               1,946           1,947                    82                           D-1743 
01RJ    FRANJA ROJA               2,031           2,032                    82                           D-1744 
01RJ    FRANJA ROJA               1,970           1,971                    89                           D-1745 
01RJ    FRANJA ROJA               2,030           2,031                    83                           D-1746 
01RJ    FRANJA ROJA               2,017           2,018                    87                           D-1747 
01RJ    FRANJA ROJA               1,983           1,984                    92                           D-1749 
01RJ    FRANJA ROJA               1,926           1,927                    77                           D-1750 
01RJ    FRANJA ROJA               2,025           2,026                    88                           D-1751 
01RJ    FRANJA ROJA               1,984           1,985                    73                           D-1752 
01RJ    FRANJA ROJA               2,011           2,012                    74                           D-1753 
01RJ    FRANJA ROJA               1,976           1,977                    78                           D-1754 
01RJ    FRANJA ROJA               2,025           2,026                    79                           D-1755 
01RJ    FRANJA ROJA               2,020           2,021                    80                           D-1756 
01RJ    FRANJA ROJA               2,027           2,028                    80                           D-1757 
01RJ    FRANJA ROJA               2,007           2,008                    87                           D-1758 
01RJ    FRANJA ROJA               2,036           2,037                    80                           D-1759 
01RJ    FRANJA ROJA               1,962           1,963                    78                           D-1760 
01RJ    FRANJA ROJA               2,025           2,026                    76                           D-1761 
01RJ    FRANJA ROJA               1,962           1,963                    82                           D-1762 
01RJ    FRANJA ROJA               1,938           1,939                    108                          D-1825 
01RJ    FRANJA ROJA               1,955           1,956                    103                          D-1826 
01RJ    FRANJA ROJA               2,038           2,039                    106                          D-1827 
01RJ    FRANJA ROJA               2,028           2,029                    70                           D-1828 
01RJ    FRANJA ROJA               1,991           1,992                    79                           D-1829 
01RJ    FRANJA ROJA               2,033           2,034                    113                          D-1830 
01RJ    FRANJA ROJA               2,024           2,025                    80                           D-1831 
01RJ    FRANJA ROJA               1,982           1,983                    72                           D-1832 
01RJ    FRANJA ROJA               1,953           1,954                    97                           D-1833 
01RJ    FRANJA ROJA               1,960           1,961                    99                           D-1834 
01RJ    FRANJA ROJA               1,999           2,000                    73                           D-1835 
01RJ    FRANJA ROJA               2,003           2,004                    70                           D-1836 
01RJ    FRANJA ROJA               1,950           1,951                    72                           D-1837 
01RJ    FRANJA ROJA               2,023           2,024                    74                           D-1838 
01RJ    FRANJA ROJA               1,947           1,948                    87                           D-1840 
01RJ    FRANJA ROJA               2,042           2,043                    82                           D-1841 
01RJ    FRANJA ROJA               2,184           2,185                    84                           D-1842 
01RJ    FRANJA ROJA               1,970           1,971                    90                           D-1843 
01RJ    FRANJA ROJA               2,049           2,050                    75                           D-1844 
01RJ    FRANJA ROJA               2,087           2,088                    78                           D-1845 









EMPRESA NACIONAL DE MINERIA (ENM) PRODUCTOR          PACKING LIST                             PAG.  :   3
NATIONAL MINING COMPANY                       CODIGO DE LOTE   : D-1659                      FECHA :21/05/2021
                                              -----------------------------
FLUJO        : 
DESCRIPCION  : CATODOS EW EL SALADO
N° INSTR. DE EMBARQUE : 26687
CLIENTE      : CAUTIN
Lote Sipa    : 21040280

----------------------------------------------------------------------------------------------------------------------------- 
MARCA       DESCRIPCION         PESO NETO      PESO BRUTO     GRUPO     UNIDADES       UBICACION         SERIE                
-----------------------------------------------------------------------------------------------------------------------------

01RJ    FRANJA ROJA               2,022           2,023                    74                           D-1846 
01RJ    FRANJA ROJA               1,967           1,968                    71                           D-1847 
01RJ    FRANJA ROJA               2,044           2,045                    71                           D-1848 
01RJ    FRANJA ROJA               2,031           2,032                    72                           D-1849 
01RJ    FRANJA ROJA               1,998           1,999                    84                           D-1850 
01RJ    FRANJA ROJA               1,926           1,927                    76                           D-1851 
01RJ    FRANJA ROJA               1,963           1,964                    87                           D-1852 
01RJ    FRANJA ROJA               2,328           2,329                    83                           D-1853 


------------------------------------------------------------------------------------------------------------------------
T.SUB-LOTES              TOT.PAQUETES =98      TOT.UNID. = 8029   T/P NETO (kg) = 197,075      T/P BRUTO (kg) = 197,173
------------------------------------------------------------------------------------------------------------------------
