
EMPRESA NACIONAL DE MINERIA (ENM) PRODUCTOR          PACKING LIST                             PAG.  :   1
NATIONAL MINING COMPANY                       CODIGO DE LOTE   : M-13770                      FECHA :06/01/2022
                                              -----------------------------
FLUJO        : 
DESCRIPCION  : CATODOS GRADO A
N° INSTR. DE EMBARQUE : 27047
CLIENTE      : NORTHERN PRIORITY
Lote Sipa    : 

----------------------------------------------------------------------------------------------------------------------------- 
MARCA       DESCRIPCION         PESO NETO      PESO BRUTO     GRUPO     UNIDADES       UBICACION         SERIE                
-----------------------------------------------------------------------------------------------------------------------------

V1VE    V FRANJA VERDE            2,637           2,638         43         20                           M-13770
V1VE    V FRANJA VERDE            2,489           2,490         43         20                           M-13771
V1VE    V FRANJA VERDE            2,353           2,354         32         20                           M-13772
V1VE    V FRANJA VERDE            2,389           2,390         22         20                           M-13773
V1VE    V FRANJA VERDE            2,455           2,456         22         20                           M-13774
V1VE    V FRANJA VERDE            2,543           2,544         36         20                           M-13775
V1VE    V FRANJA VERDE            2,287           2,288         43         20                           M-13776
V1VE    V FRANJA VERDE            2,255           2,256         43         20                           M-13777
V1VE    V FRANJA VERDE            2,396           2,397         43         20                           M-13778
V1VE    V FRANJA VERDE            2,051           2,052         43         20                           M-13779
V1VE    V FRANJA VERDE            2,284           2,285         43         20                           M-13780
V1VE    V FRANJA VERDE            2,230           2,231         43         20                           M-13781
V1VE    V FRANJA VERDE            2,525           2,526         43         20                           M-13782
V1VE    V FRANJA VERDE            2,300           2,301         43         20                           M-13783
V1VE    V FRANJA VERDE            2,195           2,196         32         20                           M-13784
V1VE    V FRANJA VERDE            2,099           2,100         43         20                           M-13785
V1VE    V FRANJA VERDE            2,161           2,162         22         20                           M-13786
V1VE    V FRANJA VERDE            2,275           2,276         43         20                           M-13787
V1VE    V FRANJA VERDE            2,039           2,040         43         20                           M-13788
V1VE    V FRANJA VERDE            2,435           2,436         36         20                           M-13789
V1VE    V FRANJA VERDE            2,315           2,316         43         20                           M-13790
V1VE    V FRANJA VERDE            2,555           2,556         43         20                           M-13791
V1VE    V FRANJA VERDE            2,533           2,534         43         20                           M-13792
V1VE    V FRANJA VERDE            2,291           2,292         43         20                           M-13793
V1VE    V FRANJA VERDE            2,572           2,573         43         20                           M-13794
V1VE    V FRANJA VERDE            2,296           2,297         43         20                           M-13795
V1VE    V FRANJA VERDE            2,518           2,519         43         20                           M-13796
V1VE    V FRANJA VERDE            2,119           2,120         43         20                           M-13797
V1VE    V FRANJA VERDE            2,037           2,038         43         20                           M-13798
V1VE    V FRANJA VERDE            2,081           2,082         43         20                           M-13799
V1VE    V FRANJA VERDE            2,267           2,268         43         20                           M-13800
V1VE    V FRANJA VERDE            2,369           2,370         43         20                           M-13801
V1VE    V FRANJA VERDE            2,401           2,402         36         20                           M-13802
V1VE    V FRANJA VERDE            2,477           2,478         43         20                           M-13803
V1VE    V FRANJA VERDE            2,367           2,368         32         20                           M-13804
V1VE    V FRANJA VERDE            2,260           2,261         22         20                           M-13805
V1VE    V FRANJA VERDE            2,317           2,318         36         20                           M-13806
V1VE    V FRANJA VERDE            2,224           2,225         36         20                           M-13807
V1VE    V FRANJA VERDE            2,300           2,301         32         20                           M-13808
V1VE    V FRANJA VERDE            2,173           2,174         43         20                           M-13809
V1VE    V FRANJA VERDE            2,301           2,302         43         20                           M-13810
V1VE    V FRANJA VERDE            2,314           2,315         43         20                           M-13811
V1VE    V FRANJA VERDE            2,448           2,449         32         20                           M-13812


------------------------------------------------------------------------------------------------------------------------
T.SUB-LOTES              TOT.PAQUETES =43      TOT.UNID. = 860   T/P NETO (kg) = 99,933      T/P BRUTO (kg) = 99,976
------------------------------------------------------------------------------------------------------------------------
