
EMPRESA NACIONAL DE MINERIA (ENM) PRODUCTOR          PACKING LIST                             PAG.  :   1
NATIONAL MINING COMPANY                       CODIGO DE LOTE   : E-1601                      FECHA :15/05/2023
                                              -----------------------------
FLUJO        : 
DESCRIPCION  : CATODOS EW EL SALADO
N° INSTR. DE EMBARQUE : 930942
CLIENTE      : 
Lote Sipa    : 23050339

----------------------------------------------------------------------------------------------------------------------------- 
MARCA       DESCRIPCION         PESO NETO      PESO BRUTO     GRUPO     UNIDADES       UBICACION         SERIE                
-----------------------------------------------------------------------------------------------------------------------------

03VE    TRES FRANJAS VERDES       2,031           2,032                    58                           E-1601 
03VE    TRES FRANJAS VERDES       1,987           1,988                    80                           E-1602 
03VE    TRES FRANJAS VERDES       2,015           2,016                    80                           E-1603 
03VE    TRES FRANJAS VERDES       1,923           1,924                    63                           E-1604 
03VE    TRES FRANJAS VERDES       1,942           1,943                    71                           E-1605 
03VE    TRES FRANJAS VERDES       1,947           1,948                    73                           E-1606 
03VE    TRES FRANJAS VERDES       2,028           2,029                    60                           E-1607 
03VE    TRES FRANJAS VERDES       1,971           1,972                    64                           E-1608 
03VE    TRES FRANJAS VERDES       2,051           2,052                    62                           E-1609 
03VE    TRES FRANJAS VERDES       1,948           1,949                    57                           E-1610 
03VE    TRES FRANJAS VERDES       1,985           1,986                    67                           E-1611 
03VE    TRES FRANJAS VERDES       1,882           1,883                    64                           E-1612 
03VE    TRES FRANJAS VERDES       1,956           1,957                    77                           E-1613 
03VE    TRES FRANJAS VERDES       1,931           1,932                    68                           E-1614 


------------------------------------------------------------------------------------------------------------------------
T.SUB-LOTES              TOT.PAQUETES =14      TOT.UNID. = 944   T/P NETO (kg) = 27,597      T/P BRUTO (kg) = 27,611
------------------------------------------------------------------------------------------------------------------------
