
EMPRESA NACIONAL DE MINERIA (ENM) PRODUCTOR          PACKING LIST                             PAG.  :   1
NATIONAL MINING COMPANY                       CODIGO DE LOTE   : I-1754                      FECHA :10/11/2022
                                              -----------------------------
FLUJO        : 
DESCRIPCION  : CATODOS EW EL SALADO
N° INSTR. DE EMBARQUE : 27679
CLIENTE      : MEGALOPOLIS
Lote Sipa    : 22090383

----------------------------------------------------------------------------------------------------------------------------- 
MARCA       DESCRIPCION         PESO NETO      PESO BRUTO     GRUPO     UNIDADES       UBICACION         SERIE                
-----------------------------------------------------------------------------------------------------------------------------

01RJ    FRANJA ROJA               1,941           1,942                    78                           I-1754 
01RJ    FRANJA ROJA               1,977           1,978                    77                           I-1755 
01RJ    FRANJA ROJA               1,984           1,985                    81                           I-1756 
01RJ    FRANJA ROJA               2,026           2,027                    91                           I-1757 
01RJ    FRANJA ROJA               1,951           1,952                    58                           I-1758 
01RJ    FRANJA ROJA               1,980           1,981                    74                           I-1759 
01RJ    FRANJA ROJA               1,926           1,927                    75                           I-1760 
01RJ    FRANJA ROJA               2,034           2,035                    92                           I-1761 
01RJ    FRANJA ROJA               1,945           1,946                    66                           I-1762 
01RJ    FRANJA ROJA               1,943           1,944                    80                           I-1763 
01RJ    FRANJA ROJA               1,915           1,916                    65                           I-1764 
01RJ    FRANJA ROJA               1,939           1,940                    52                           I-1765 
01RJ    FRANJA ROJA               1,923           1,924                    60                           I-1766 
01RJ    FRANJA ROJA               2,006           2,007                    101                          I-1767 
01RJ    FRANJA ROJA               1,999           2,000                    80                           I-1769 
01RJ    FRANJA ROJA               2,018           2,019                    80                           I-1770 
01RJ    FRANJA ROJA               1,953           1,954                    79                           I-1771 
01RJ    FRANJA ROJA               1,980           1,981                    75                           I-1772 
01RJ    FRANJA ROJA               2,030           2,031                    76                           I-1773 
01RJ    FRANJA ROJA               2,026           2,027                    80                           I-1774 
01RJ    FRANJA ROJA               1,964           1,965                    81                           I-1775 
01RJ    FRANJA ROJA               2,028           2,029                    69                           I-1776 
01RJ    FRANJA ROJA               1,952           1,953                    68                           I-1777 
01RJ    FRANJA ROJA               1,999           2,000                    66                           I-1778 
01RJ    FRANJA ROJA               1,990           1,991                    77                           I-1779 
01RJ    FRANJA ROJA               1,951           1,952                    78                           I-1780 
01RJ    FRANJA ROJA               1,948           1,949                    61                           I-1781 
01RJ    FRANJA ROJA               1,964           1,965                    82                           I-1782 
01RJ    FRANJA ROJA               1,985           1,986                    76                           I-1847 
01RJ    FRANJA ROJA               1,986           1,987                    74                           I-1848 
01RJ    FRANJA ROJA               2,022           2,023                    74                           I-1849 
01RJ    FRANJA ROJA               2,029           2,030                    76                           I-1850 
01RJ    FRANJA ROJA               2,013           2,014                    74                           I-1851 
01RJ    FRANJA ROJA               1,995           1,996                    73                           I-1852 
01RJ    FRANJA ROJA               2,030           2,031                    54                           I-1853 
01RJ    FRANJA ROJA               2,029           2,030                    74                           I-1854 
01RJ    FRANJA ROJA               1,970           1,971                    57                           I-1855 
01RJ    FRANJA ROJA               1,967           1,968                    55                           I-1856 
01RJ    FRANJA ROJA               2,061           2,062                    75                           I-1857 
01RJ    FRANJA ROJA               1,962           1,963                    70                           I-1858 
01RJ    FRANJA ROJA               1,998           1,999                    72                           I-1859 
01RJ    FRANJA ROJA               1,997           1,998                    73                           I-1860 
01RJ    FRANJA ROJA               2,015           2,016                    86                           J-1676 
01RJ    FRANJA ROJA               1,932           1,933                    78                           J-1677 
01RJ    FRANJA ROJA               2,000           2,001                    89                           J-1678 









EMPRESA NACIONAL DE MINERIA (ENM) PRODUCTOR          PACKING LIST                             PAG.  :   2
NATIONAL MINING COMPANY                       CODIGO DE LOTE   : I-1754                      FECHA :10/11/2022
                                              -----------------------------
FLUJO        : 
DESCRIPCION  : CATODOS EW EL SALADO
N° INSTR. DE EMBARQUE : 27679
CLIENTE      : MEGALOPOLIS
Lote Sipa    : 22090383

----------------------------------------------------------------------------------------------------------------------------- 
MARCA       DESCRIPCION         PESO NETO      PESO BRUTO     GRUPO     UNIDADES       UBICACION         SERIE                
-----------------------------------------------------------------------------------------------------------------------------

01RJ    FRANJA ROJA               2,013           2,014                    84                           J-1679 
01RJ    FRANJA ROJA               1,929           1,930                    68                           J-1680 
01RJ    FRANJA ROJA               1,944           1,945                    75                           J-1681 
01RJ    FRANJA ROJA               1,975           1,976                    70                           J-1682 
01RJ    FRANJA ROJA               2,032           2,033                    81                           J-1683 
01RJ    FRANJA ROJA               1,925           1,926                    69                           J-1684 
01RJ    FRANJA ROJA               2,021           2,022                    70                           J-1685 
01RJ    FRANJA ROJA               1,956           1,957                    80                           J-1686 
01RJ    FRANJA ROJA               2,017           2,018                    74                           J-1687 
01RJ    FRANJA ROJA               2,015           2,016                    86                           J-1688 
01RJ    FRANJA ROJA               1,974           1,975                    85                           J-1689 
01RJ    FRANJA ROJA               2,008           2,009                    115                          J-1691 
01RJ    FRANJA ROJA               1,988           1,989                    86                           J-1692 
01RJ    FRANJA ROJA               2,016           2,017                    68                           J-1693 
01RJ    FRANJA ROJA               1,954           1,955                    81                           J-1694 
01RJ    FRANJA ROJA               1,975           1,976                    87                           J-1695 
01RJ    FRANJA ROJA               1,926           1,927                    82                           J-1696 
01RJ    FRANJA ROJA               2,013           2,014                    96                           J-1697 
01RJ    FRANJA ROJA               1,941           1,942                    68                           J-1698 
01RJ    FRANJA ROJA               2,015           2,016                    72                           J-1699 
01RJ    FRANJA ROJA               2,001           2,002                    114                          J-1700 
01RJ    FRANJA ROJA               2,024           2,025                    91                           J-1701 
01RJ    FRANJA ROJA               1,984           1,985                    84                           J-1702 
01RJ    FRANJA ROJA               2,009           2,010                    88                           J-1703 
01RJ    FRANJA ROJA               1,959           1,960                    73                           J-1704 
01RJ    FRANJA ROJA               1,975           1,976                    67                           J-1706 
01RJ    FRANJA ROJA               2,032           2,033                    80                           J-1707 
01RJ    FRANJA ROJA               1,989           1,990                    68                           J-1708 
01RJ    FRANJA ROJA               1,988           1,989                    75                           J-1709 
01RJ    FRANJA ROJA               1,926           1,927                    66                           J-1710 
01RJ    FRANJA ROJA               1,942           1,943                    82                           J-1711 
01RJ    FRANJA ROJA               1,949           1,950                    79                           J-1712 
01RJ    FRANJA ROJA               1,963           1,964                    84                           J-1713 
01RJ    FRANJA ROJA               1,988           1,989                    82                           J-1714 
01RJ    FRANJA ROJA               2,007           2,008                    88                           J-1715 
01RJ    FRANJA ROJA               2,014           2,015                    92                           J-1716 
01RJ    FRANJA ROJA               1,974           1,975                    64                           J-1717 
01RJ    FRANJA ROJA               1,959           1,960                    80                           J-1718 
01RJ    FRANJA ROJA               1,966           1,967                    80                           J-1720 
01RJ    FRANJA ROJA               1,950           1,951                    60                           J-1721 
01RJ    FRANJA ROJA               1,947           1,948                    96                           J-1722 
01RJ    FRANJA ROJA               1,964           1,965                    65                           J-1723 
01RJ    FRANJA ROJA               2,030           2,031                    94                           J-1724 
01RJ    FRANJA ROJA               1,958           1,959                    63                           J-1725 
01RJ    FRANJA ROJA               2,026           2,027                    80                           J-1726 









EMPRESA NACIONAL DE MINERIA (ENM) PRODUCTOR          PACKING LIST                             PAG.  :   3
NATIONAL MINING COMPANY                       CODIGO DE LOTE   : I-1754                      FECHA :10/11/2022
                                              -----------------------------
FLUJO        : 
DESCRIPCION  : CATODOS EW EL SALADO
N° INSTR. DE EMBARQUE : 27679
CLIENTE      : MEGALOPOLIS
Lote Sipa    : 22090383

----------------------------------------------------------------------------------------------------------------------------- 
MARCA       DESCRIPCION         PESO NETO      PESO BRUTO     GRUPO     UNIDADES       UBICACION         SERIE                
-----------------------------------------------------------------------------------------------------------------------------

01RJ    FRANJA ROJA               2,018           2,019                    72                           J-1727 
01RJ    FRANJA ROJA               2,003           2,004                    72                           J-1728 
01RJ    FRANJA ROJA               1,977           1,978                    78                           J-1729 
01RJ    FRANJA ROJA               2,002           2,003                    68                           J-1730 
01RJ    FRANJA ROJA               2,021           2,022                    67                           J-1731 
01RJ    FRANJA ROJA               2,032           2,033                    80                           J-1732 
01RJ    FRANJA ROJA               1,940           1,941                    62                           J-1733 
01RJ    FRANJA ROJA               1,977           1,978                    73                           J-1735 
01RJ    FRANJA ROJA               2,007           2,008                    78                           J-1736 
01RJ    FRANJA ROJA               2,025           2,026                    130                          J-1737 
01RJ    FRANJA ROJA               1,929           1,930                    62                           J-1738 
01RJ    FRANJA ROJA               1,964           1,965                    64                           J-1739 
01RJ    FRANJA ROJA               2,021           2,022                    75                           J-1740 
01RJ    FRANJA ROJA               1,974           1,975                    66                           J-1741 
01RJ    FRANJA ROJA               1,932           1,933                    70                           J-1742 
01RJ    FRANJA ROJA               1,921           1,922                    70                           J-1743 
01RJ    FRANJA ROJA               1,944           1,945                    76                           J-1744 
01RJ    FRANJA ROJA               2,020           2,021                    78                           J-1745 
01RJ    FRANJA ROJA               1,927           1,928                    74                           J-1746 
01RJ    FRANJA ROJA               1,989           1,990                    73                           J-1747 
01RJ    FRANJA ROJA               1,942           1,943                    67                           J-1748 
01RJ    FRANJA ROJA               2,017           2,018                    78                           J-1750 
01RJ    FRANJA ROJA               1,961           1,962                    65                           J-1751 
01RJ    FRANJA ROJA               1,944           1,945                    65                           J-1752 
01RJ    FRANJA ROJA               1,944           1,945                    69                           J-1753 
01RJ    FRANJA ROJA               1,923           1,924                    70                           J-1754 
01RJ    FRANJA ROJA               1,937           1,938                    72                           J-1755 
01RJ    FRANJA ROJA               1,953           1,954                    68                           J-1756 
01RJ    FRANJA ROJA               1,992           1,993                    128                          J-1757 
01RJ    FRANJA ROJA               1,987           1,988                    74                           J-1758 
01RJ    FRANJA ROJA               1,971           1,972                    77                           J-1759 
01RJ    FRANJA ROJA               2,011           2,012                    78                           J-1760 
01RJ    FRANJA ROJA               1,993           1,994                    80                           J-1761 
01RJ    FRANJA ROJA               2,013           2,014                    79                           J-1762 
01RJ    FRANJA ROJA               2,013           2,014                    60                           J-1793 
01RJ    FRANJA ROJA               2,018           2,019                    50                           J-1794 
01RJ    FRANJA ROJA               2,000           2,001                    55                           J-1795 
01RJ    FRANJA ROJA               2,007           2,008                    50                           J-1796 
01RJ    FRANJA ROJA               1,959           1,960                    62                           J-1797 
01RJ    FRANJA ROJA               1,957           1,958                    66                           J-1798 
01RJ    FRANJA ROJA               2,035           2,036                    67                           J-1799 
01RJ    FRANJA ROJA               1,962           1,963                    56                           J-1800 
01RJ    FRANJA ROJA               2,032           2,033                    54                           J-1801 
01RJ    FRANJA ROJA               1,966           1,967                    52                           J-1802 
01RJ    FRANJA ROJA               2,009           2,010                    53                           J-1803 









EMPRESA NACIONAL DE MINERIA (ENM) PRODUCTOR          PACKING LIST                             PAG.  :   4
NATIONAL MINING COMPANY                       CODIGO DE LOTE   : I-1754                      FECHA :10/11/2022
                                              -----------------------------
FLUJO        : 
DESCRIPCION  : CATODOS EW EL SALADO
N° INSTR. DE EMBARQUE : 27679
CLIENTE      : MEGALOPOLIS
Lote Sipa    : 22090383

----------------------------------------------------------------------------------------------------------------------------- 
MARCA       DESCRIPCION         PESO NETO      PESO BRUTO     GRUPO     UNIDADES       UBICACION         SERIE                
-----------------------------------------------------------------------------------------------------------------------------

01RJ    FRANJA ROJA               1,993           1,994                    56                           J-1804 
01RJ    FRANJA ROJA               1,982           1,983                    50                           J-1805 
01RJ    FRANJA ROJA               2,021           2,022                    41                           J-1806 
01RJ    FRANJA ROJA               1,934           1,935                    40                           J-1808 
01RJ    FRANJA ROJA               1,985           1,986                    51                           J-1809 
01RJ    FRANJA ROJA               1,945           1,946                    87                           J-1810 
01RJ    FRANJA ROJA               1,999           2,000                    58                           J-1811 
01RJ    FRANJA ROJA               1,984           1,985                    62                           J-1812 
01RJ    FRANJA ROJA               2,000           2,001                    50                           J-1813 
01RJ    FRANJA ROJA               1,919           1,920                    54                           J-1814 
01RJ    FRANJA ROJA               1,957           1,958                    58                           J-1815 
01RJ    FRANJA ROJA               1,943           1,944                    56                           J-1816 
01RJ    FRANJA ROJA               1,999           2,000                    55                           J-1817 
01RJ    FRANJA ROJA               1,991           1,992                    57                           J-1818 
01RJ    FRANJA ROJA               1,950           1,951                    58                           J-1819 
01RJ    FRANJA ROJA               1,941           1,942                    54                           J-1820 
01RJ    FRANJA ROJA               1,987           1,988                    57                           J-1821 
01RJ    FRANJA ROJA               1,966           1,967                    60                           J-1855 
01RJ    FRANJA ROJA               2,002           2,003                    44                           J-1856 
01RJ    FRANJA ROJA               2,009           2,010                    55                           J-1857 
01RJ    FRANJA ROJA               1,930           1,931                    70                           J-1858 
01RJ    FRANJA ROJA               1,991           1,992                    65                           J-1859 
01RJ    FRANJA ROJA               1,955           1,956                    79                           J-1860 
01RJ    FRANJA ROJA               2,004           2,005                    58                           J-1861 
01RJ    FRANJA ROJA               2,012           2,013                    80                           J-1862 
01RJ    FRANJA ROJA               1,988           1,989                    60                           J-1863 
01RJ    FRANJA ROJA               2,018           2,019                    89                           J-1864 
01RJ    FRANJA ROJA               1,964           1,965                    86                           J-1865 
01RJ    FRANJA ROJA               1,956           1,957                    84                           J-1866 
01RJ    FRANJA ROJA               1,944           1,945                    89                           J-1867 
01RJ    FRANJA ROJA               2,034           2,035                    65                           J-1868 
01RJ    FRANJA ROJA               2,088           2,089                    79                           J-1870 
01RJ    FRANJA ROJA               1,998           1,999                    48                           J-1871 
01RJ    FRANJA ROJA               2,004           2,005                    50                           J-1872 
01RJ    FRANJA ROJA               1,959           1,960                    56                           J-1873 
01RJ    FRANJA ROJA               1,936           1,937                    79                           J-1874 
01RJ    FRANJA ROJA               2,015           2,016                    62                           J-1875 
01RJ    FRANJA ROJA               1,940           1,941                    77                           J-1876 
01RJ    FRANJA ROJA               2,017           2,018                    56                           J-1877 
01RJ    FRANJA ROJA               2,065           2,066                    78                           J-1878 
01RJ    FRANJA ROJA               1,965           1,966                    56                           J-1879 
01RJ    FRANJA ROJA               1,966           1,967                    77                           J-1880 
01RJ    FRANJA ROJA               1,972           1,973                    88                           J-1881 
01RJ    FRANJA ROJA               2,012           2,013                    75                           J-1882 
01RJ    FRANJA ROJA               1,992           1,993                    54                           J-1883 









EMPRESA NACIONAL DE MINERIA (ENM) PRODUCTOR          PACKING LIST                             PAG.  :   5
NATIONAL MINING COMPANY                       CODIGO DE LOTE   : I-1754                      FECHA :10/11/2022
                                              -----------------------------
FLUJO        : 
DESCRIPCION  : CATODOS EW EL SALADO
N° INSTR. DE EMBARQUE : 27679
CLIENTE      : MEGALOPOLIS
Lote Sipa    : 22090383

----------------------------------------------------------------------------------------------------------------------------- 
MARCA       DESCRIPCION         PESO NETO      PESO BRUTO     GRUPO     UNIDADES       UBICACION         SERIE                
-----------------------------------------------------------------------------------------------------------------------------

01RJ    FRANJA ROJA               2,026           2,027                    68                           J-1885 
01RJ    FRANJA ROJA               1,957           1,958                    78                           J-1886 
01RJ    FRANJA ROJA               1,999           2,000                    82                           J-1887 
01RJ    FRANJA ROJA               1,985           1,986                    55                           J-1888 
01RJ    FRANJA ROJA               2,043           2,044                    65                           J-1889 
01RJ    FRANJA ROJA               2,030           2,031                    60                           J-1890 
01RJ    FRANJA ROJA               2,003           2,004                    58                           J-1891 
01RJ    FRANJA ROJA               1,932           1,933                    84                           J-1892 
01RJ    FRANJA ROJA               2,012           2,013                    60                           J-1893 
01RJ    FRANJA ROJA               2,051           2,052                    56                           J-1894 
01RJ    FRANJA ROJA               1,977           1,978                    45                           J-1895 
01RJ    FRANJA ROJA               1,949           1,950                    51                           J-1896 
01RJ    FRANJA ROJA               1,988           1,989                    49                           J-1897 
01RJ    FRANJA ROJA               2,018           2,019                    65                           J-1898 
01RJ    FRANJA ROJA               2,019           2,020                    64                           J-1915 
01RJ    FRANJA ROJA               2,029           2,030                    62                           J-1916 
01RJ    FRANJA ROJA               2,020           2,021                    64                           J-1917 
01RJ    FRANJA ROJA               2,032           2,033                    81                           J-1918 
01RJ    FRANJA ROJA               1,936           1,937                    80                           J-1919 
01RJ    FRANJA ROJA               2,006           2,007                    76                           J-1920 
01RJ    FRANJA ROJA               2,029           2,030                    70                           J-1921 
01RJ    FRANJA ROJA               1,955           1,956                    70                           J-1922 
01RJ    FRANJA ROJA               2,023           2,024                    86                           J-1923 
01RJ    FRANJA ROJA               1,999           2,000                    80                           J-1924 
01RJ    FRANJA ROJA               1,965           1,966                    81                           J-1925 
01RJ    FRANJA ROJA               2,063           2,064                    55                           J-1926 
01RJ    FRANJA ROJA               1,948           1,949                    86                           J-1927 


------------------------------------------------------------------------------------------------------------------------
T.SUB-LOTES              TOT.PAQUETES =207      TOT.UNID. = 14801   T/P NETO (kg) = 410,839      T/P BRUTO (kg) = 411,046
------------------------------------------------------------------------------------------------------------------------
