
EMPRESA NACIONAL DE MINERIA (ENM) PRODUCTOR          PACKING LIST                             PAG.  :   1
NATIONAL MINING COMPANY                       CODIGO DE LOTE   : D-3293                      FECHA :20/04/2023
                                              -----------------------------
FLUJO        : 
DESCRIPCION  : CATODOS EW MATTA
N° INSTR. DE EMBARQUE : 930814
CLIENTE      : 
Lote Sipa    : 23040355

----------------------------------------------------------------------------------------------------------------------------- 
MARCA       DESCRIPCION         PESO NETO      PESO BRUTO     GRUPO     UNIDADES       UBICACION         SERIE                
-----------------------------------------------------------------------------------------------------------------------------

06RJ    6 FRANJAS ROJAS           2,045           2,046                    45                           D-3293 
06RJ    6 FRANJAS ROJAS           2,039           2,040                    43                           D-3294 
06RJ    6 FRANJAS ROJAS           2,001           2,002                    53                           D-3295 
06RJ    6 FRANJAS ROJAS           2,030           2,031                    48                           D-3296 
06RJ    6 FRANJAS ROJAS           2,032           2,033                    53                           D-3297 
06RJ    6 FRANJAS ROJAS           2,012           2,013                    48                           D-3298 
06RJ    6 FRANJAS ROJAS           2,043           2,044                    41                           D-3299 
06RJ    6 FRANJAS ROJAS           2,023           2,024                    47                           D-3300 
06RJ    6 FRANJAS ROJAS           2,021           2,022                    49                           D-3301 
06RJ    6 FRANJAS ROJAS           2,005           2,006                    53                           D-3302 
06RJ    6 FRANJAS ROJAS           2,017           2,018                    52                           D-3303 
06RJ    6 FRANJAS ROJAS           1,996           1,997                    50                           D-3304 
06RJ    6 FRANJAS ROJAS           2,035           2,036                    49                           D-3305 
06RJ    6 FRANJAS ROJAS           2,037           2,038                    57                           D-3306 


------------------------------------------------------------------------------------------------------------------------
T.SUB-LOTES              TOT.PAQUETES =14      TOT.UNID. = 688   T/P NETO (kg) = 28,336      T/P BRUTO (kg) = 28,350
------------------------------------------------------------------------------------------------------------------------
