
EMPRESA NACIONAL DE MINERIA (ENM) PRODUCTOR          PACKING LIST                             PAG.  :   1
NATIONAL MINING COMPANY                       CODIGO DE LOTE   : I-2289                      FECHA :31/10/2023
                                              -----------------------------
FLUJO        : 
DESCRIPCION  : CATODOS EW TALTAL
N° INSTR. DE EMBARQUE : 28165
CLIENTE      : SAN ANTONIO EXPRESS
Lote Sipa    : 23090469

----------------------------------------------------------------------------------------------------------------------------- 
MARCA       DESCRIPCION         PESO NETO      PESO BRUTO     GRUPO     UNIDADES       UBICACION         SERIE                
-----------------------------------------------------------------------------------------------------------------------------

01AM    FRANJA AMARILLA           2,003           2,004                    64                           I-2289 
01AM    FRANJA AMARILLA           2,012           2,013                    70                           I-2290 
01AM    FRANJA AMARILLA           1,995           1,996                    68                           I-2291 
01AM    FRANJA AMARILLA           1,975           1,976                    66                           I-2292 
01AM    FRANJA AMARILLA           2,003           2,004                    71                           I-2293 
01AM    FRANJA AMARILLA           2,040           2,041                    74                           I-2294 
01AM    FRANJA AMARILLA           1,986           1,987                    68                           I-2295 
01AM    FRANJA AMARILLA           1,968           1,969                    66                           I-2296 
01AM    FRANJA AMARILLA           1,960           1,961                    66                           I-2297 
01AM    FRANJA AMARILLA           1,962           1,963                    71                           I-2298 
01AM    FRANJA AMARILLA           1,992           1,993                    68                           I-2299 
01AM    FRANJA AMARILLA           2,014           2,015                    66                           I-2300 
01AM    FRANJA AMARILLA           2,008           2,009                    66                           I-2301 
01AM    FRANJA AMARILLA           2,013           2,014                    64                           I-2302 
01AM    FRANJA AMARILLA           2,031           2,032                    66                           I-2304 
01AM    FRANJA AMARILLA           1,995           1,996                    66                           I-2305 
01AM    FRANJA AMARILLA           1,992           1,993                    66                           I-2306 
01AM    FRANJA AMARILLA           2,027           2,028                    78                           I-2307 
01AM    FRANJA AMARILLA           1,949           1,950                    71                           I-2308 
01AM    FRANJA AMARILLA           1,950           1,951                    66                           I-2309 
01AM    FRANJA AMARILLA           1,977           1,978                    66                           I-2310 
01AM    FRANJA AMARILLA           1,989           1,990                    64                           I-2311 
01AM    FRANJA AMARILLA           1,968           1,969                    71                           I-2312 
01AM    FRANJA AMARILLA           1,975           1,976                    66                           I-2313 
01AM    FRANJA AMARILLA           2,030           2,031                    76                           I-2314 
01AM    FRANJA AMARILLA           1,983           1,984                    66                           I-2315 
01AM    FRANJA AMARILLA           1,987           1,988                    70                           I-2316 
01AM    FRANJA AMARILLA           2,002           2,003                    68                           I-2317 
01AM    FRANJA AMARILLA           2,020           2,021                    63                           I-2430 
01AM    FRANJA AMARILLA           2,001           2,002                    71                           I-2431 
01AM    FRANJA AMARILLA           2,037           2,038                    64                           I-2432 
01AM    FRANJA AMARILLA           2,029           2,030                    70                           I-2433 
01AM    FRANJA AMARILLA           1,950           1,951                    66                           I-2434 
01AM    FRANJA AMARILLA           2,031           2,032                    64                           I-2435 
01AM    FRANJA AMARILLA           2,026           2,027                    75                           I-2436 
01AM    FRANJA AMARILLA           2,049           2,050                    65                           I-2437 
01AM    FRANJA AMARILLA           2,009           2,010                    62                           I-2438 
01AM    FRANJA AMARILLA           1,948           1,949                    66                           I-2439 
01AM    FRANJA AMARILLA           1,949           1,950                    66                           I-2440 
01AM    FRANJA AMARILLA           1,946           1,947                    66                           I-2441 
01AM    FRANJA AMARILLA           1,946           1,947                    66                           I-2442 
01AM    FRANJA AMARILLA           1,951           1,952                    66                           I-2443 


------------------------------------------------------------------------------------------------------------------------
T.SUB-LOTES              TOT.PAQUETES =42      TOT.UNID. = 2838   T/P NETO (kg) = 83,678      T/P BRUTO (kg) = 83,720
------------------------------------------------------------------------------------------------------------------------
