
EMPRESA NACIONAL DE MINERIA (ENM) PRODUCTOR          PACKING LIST                             PAG.  :   1
NATIONAL MINING COMPANY                       CODIGO DE LOTE   : H-3341                      FECHA :03/09/2021
                                              -----------------------------
FLUJO        : 
DESCRIPCION  : CATODOS EW MATTA
N° INSTR. DE EMBARQUE : 26722
CLIENTE      : SERVICARGO INTERNACIONAL S.A.
Lote Sipa    : 21080407

----------------------------------------------------------------------------------------------------------------------------- 
MARCA       DESCRIPCION         PESO NETO      PESO BRUTO     GRUPO     UNIDADES       UBICACION         SERIE                
-----------------------------------------------------------------------------------------------------------------------------

01CE    FRANJA CELESTE            2,020           2,021                    71                           H-3341 
01CE    FRANJA CELESTE            2,033           2,034                    79                           H-3342 
01CE    FRANJA CELESTE            2,009           2,010                    75                           H-3343 
01CE    FRANJA CELESTE            2,003           2,004                    71                           H-3344 
01CE    FRANJA CELESTE            2,024           2,025                    74                           H-3345 
01CE    FRANJA CELESTE            2,021           2,022                    74                           H-3346 
01CE    FRANJA CELESTE            2,021           2,022                    79                           H-3347 
01CE    FRANJA CELESTE            2,020           2,021                    74                           H-3348 
01CE    FRANJA CELESTE            2,016           2,017                    74                           H-3349 
01CE    FRANJA CELESTE            2,009           2,010                    73                           H-3350 
01CE    FRANJA CELESTE            2,015           2,016                    75                           H-3351 
01CE    FRANJA CELESTE            2,022           2,023                    75                           H-3352 
01CE    FRANJA CELESTE            2,007           2,008                    73                           H-3353 
01CE    FRANJA CELESTE            2,026           2,027                    73                           H-3355 
01CE    FRANJA CELESTE            2,011           2,012                    72                           H-3356 
01CE    FRANJA CELESTE            2,012           2,013                    72                           H-3357 
01CE    FRANJA CELESTE            2,011           2,012                    70                           H-3358 
01CE    FRANJA CELESTE            2,012           2,013                    73                           H-3359 
01CE    FRANJA CELESTE            2,025           2,026                    71                           H-3360 
01CE    FRANJA CELESTE            2,027           2,028                    72                           H-3361 
01CE    FRANJA CELESTE            2,033           2,034                    78                           H-3362 
01CE    FRANJA CELESTE            2,011           2,012                    72                           H-3363 
01CE    FRANJA CELESTE            2,024           2,025                    76                           H-3364 
01CE    FRANJA CELESTE            2,002           2,003                    72                           H-3365 
01CE    FRANJA CELESTE            2,034           2,035                    76                           H-3366 
01CE    FRANJA CELESTE            2,007           2,008                    71                           H-3367 


------------------------------------------------------------------------------------------------------------------------
T.SUB-LOTES              TOT.PAQUETES =26      TOT.UNID. = 1915   T/P NETO (kg) = 52,455      T/P BRUTO (kg) = 52,481
------------------------------------------------------------------------------------------------------------------------
