
EMPRESA NACIONAL DE MINERIA (ENM) PRODUCTOR          PACKING LIST                             PAG.  :   1
NATIONAL MINING COMPANY                       CODIGO DE LOTE   : M-16090                      FECHA :10/01/2020
                                              -----------------------------
FLUJO        : 
DESCRIPCION  : CATODOS GRADO A
N° INSTR. DE EMBARQUE : 25725
CLIENTE      : NORDIC BEIJING
Lote Sipa    : 19120700

----------------------------------------------------------------------------------------------------------------------------- 
MARCA       DESCRIPCION         PESO NETO      PESO BRUTO     GRUPO     UNIDADES       UBICACION         SERIE                
-----------------------------------------------------------------------------------------------------------------------------

X0VE    EQUIS VERDE               2,305           2,306         06         20                           M-16090
X0VE    EQUIS VERDE               1,963           1,964         34         20                           M-16091
X0VE    EQUIS VERDE               2,110           2,111         34         20                           M-16092
X0VE    EQUIS VERDE               2,051           2,052         34         20                           M-16093
X0VE    EQUIS VERDE               1,966           1,967         34         20                           M-16094
X0VE    EQUIS VERDE               2,018           2,019         34         20                           M-16095
X0VE    EQUIS VERDE               2,090           2,091         34         20                           M-16096
X0VE    EQUIS VERDE               2,168           2,169         34         20                           M-16097
X0VE    EQUIS VERDE               2,347           2,348         34         20                           M-16098
X0VE    EQUIS VERDE               2,232           2,233         06         20                           M-16099
X0VE    EQUIS VERDE               2,102           2,103         34         20                           M-16100
X0VE    EQUIS VERDE               2,238           2,239         34         20                           M-16101
X0VE    EQUIS VERDE               2,146           2,147         22         20                           M-16102
X0VE    EQUIS VERDE               2,111           2,112         06         20                           M-16103
X0VE    EQUIS VERDE               2,134           2,135         06         20                           M-16104
X0VE    EQUIS VERDE               2,235           2,236         06         20                           M-16105
X0VE    EQUIS VERDE               2,055           2,056         06         20                           M-16106
X0VE    EQUIS VERDE               2,318           2,319         34         20                           M-16107
X0VE    EQUIS VERDE               2,298           2,299         34         20                           M-16108
X0VE    EQUIS VERDE               2,181           2,182         06         20                           M-16109
X0VE    EQUIS VERDE               2,156           2,157         06         20                           M-16110
X0VE    EQUIS VERDE               2,253           2,254         34         20                           M-16111
X0VE    EQUIS VERDE               2,029           2,030         06         20                           M-16112
X0VE    EQUIS VERDE               2,298           2,299         34         20                           M-16113
X0VE    EQUIS VERDE               2,227           2,228         06         20                           M-16114
X0VE    EQUIS VERDE               2,346           2,347         34         20                           M-16115
X0VE    EQUIS VERDE               2,209           2,210         06         20                           M-16116
X0VE    EQUIS VERDE               2,126           2,127         06         20                           M-16117
X0VE    EQUIS VERDE               1,998           1,999         34         20                           M-16118
X0VE    EQUIS VERDE               2,094           2,095         34         20                           M-16119
X0VE    EQUIS VERDE               2,161           2,162         06         20                           M-16120
X0VE    EQUIS VERDE               1,991           1,992         34         20                           M-16121
X0VE    EQUIS VERDE               1,998           1,999         34         20                           M-16122
X0VE    EQUIS VERDE               2,013           2,014         34         20                           M-16123
X0VE    EQUIS VERDE               1,974           1,975         34         20                           M-16124


------------------------------------------------------------------------------------------------------------------------
T.SUB-LOTES              TOT.PAQUETES =35      TOT.UNID. = 700   T/P NETO (kg) = 74,941      T/P BRUTO (kg) = 74,976
------------------------------------------------------------------------------------------------------------------------
