
EMPRESA NACIONAL DE MINERIA (ENM) PRODUCTOR          PACKING LIST                             PAG.  :   1
NATIONAL MINING COMPANY                       CODIGO DE LOTE   : J-5038                      FECHA :08/10/2019
                                              -----------------------------
FLUJO        : 
DESCRIPCION  : CATODOS GRADO A
N° INSTR. DE EMBARQUE : 25552
CLIENTE      : WIDE ALPHA
Lote Sipa    : 19100144

----------------------------------------------------------------------------------------------------------------------------- 
MARCA       DESCRIPCION         PESO NETO      PESO BRUTO     GRUPO     UNIDADES       UBICACION         SERIE                
-----------------------------------------------------------------------------------------------------------------------------

01NE    FRANJA NEGRA              2,125           2,126         23         20                           J-5038 
01NE    FRANJA NEGRA              2,257           2,258         23         20                           J-5039 
01NE    FRANJA NEGRA              2,242           2,243         23         20                           J-5040 
01NE    FRANJA NEGRA              2,126           2,127         30         20                           J-5041 
01NE    FRANJA NEGRA              2,322           2,323         30         20                           J-5042 
01NE    FRANJA NEGRA              2,163           2,164         30         20                           J-5043 
01NE    FRANJA NEGRA              2,130           2,131         30         20                           J-5044 
01NE    FRANJA NEGRA              2,133           2,134         30         20                           J-5045 
01NE    FRANJA NEGRA              2,172           2,173         30         20                           J-5046 
01NE    FRANJA NEGRA              2,308           2,309         30         20                           J-5047 
01NE    FRANJA NEGRA              2,110           2,111         30         20                           J-5048 
01NE    FRANJA NEGRA              2,376           2,377         30         20                           J-5049 
01NE    FRANJA NEGRA              2,295           2,296         30         20                           J-5050 
01NE    FRANJA NEGRA              2,278           2,279         30         20                           J-5051 
01NE    FRANJA NEGRA              2,042           2,043         30         20                           J-5052 
01NE    FRANJA NEGRA              2,114           2,115         30         20                           J-5053 
01NE    FRANJA NEGRA              2,157           2,158         30         20                           J-5054 
01NE    FRANJA NEGRA              2,137           2,138         30         20                           J-5055 
01NE    FRANJA NEGRA              2,337           2,338         30         20                           J-5056 
01NE    FRANJA NEGRA              2,309           2,310         30         20                           J-5057 
01NE    FRANJA NEGRA              2,252           2,253         30         20                           J-5058 
01NE    FRANJA NEGRA              2,462           2,463         11         20                           J-5059 
01NE    FRANJA NEGRA              2,393           2,394         11         20                           J-5060 
01NE    FRANJA NEGRA              2,278           2,279         11         20                           J-5061 
01NE    FRANJA NEGRA              2,435           2,436         11         20                           J-5062 
01NE    FRANJA NEGRA              2,417           2,418         11         20                           J-5063 
01NE    FRANJA NEGRA              2,198           2,199         44         20                           J-5064 
01NE    FRANJA NEGRA              2,334           2,335         11         20                           J-5065 
01NE    FRANJA NEGRA              2,158           2,159         44         20                           J-5066 
01NE    FRANJA NEGRA              2,202           2,203         44         20                           J-5067 
01NE    FRANJA NEGRA              2,392           2,393         44         20                           J-5068 
01NE    FRANJA NEGRA              2,155           2,156         44         20                           J-5069 
01NE    FRANJA NEGRA              2,329           2,330         44         20                           J-5070 
01NE    FRANJA NEGRA              2,115           2,116         44         20                           J-5071 
01NE    FRANJA NEGRA              2,249           2,250         44         20                           J-5072 
01NE    FRANJA NEGRA              2,326           2,327         44         20                           J-5073 
01NE    FRANJA NEGRA              2,380           2,381         44         20                           J-5074 
01NE    FRANJA NEGRA              2,196           2,197         11         20                           J-5075 
01NE    FRANJA NEGRA              2,376           2,377         35         20                           J-5076 
01NE    FRANJA NEGRA              2,177           2,178         11         20                           J-5077 
01NE    FRANJA NEGRA              2,356           2,357         11         20                           J-5078 
01NE    FRANJA NEGRA              2,112           2,113         11         20                           J-5079 
01NE    FRANJA NEGRA              1,983           1,984         11         20                           J-5080 
01NE    FRANJA NEGRA              2,411           2,412         44         20                           J-5081 
01NE    FRANJA NEGRA              2,092           2,093         11         20                           J-5082 









EMPRESA NACIONAL DE MINERIA (ENM) PRODUCTOR          PACKING LIST                             PAG.  :   2
NATIONAL MINING COMPANY                       CODIGO DE LOTE   : J-5038                      FECHA :08/10/2019
                                              -----------------------------
FLUJO        : 
DESCRIPCION  : CATODOS GRADO A
N° INSTR. DE EMBARQUE : 25552
CLIENTE      : WIDE ALPHA
Lote Sipa    : 19100144

----------------------------------------------------------------------------------------------------------------------------- 
MARCA       DESCRIPCION         PESO NETO      PESO BRUTO     GRUPO     UNIDADES       UBICACION         SERIE                
-----------------------------------------------------------------------------------------------------------------------------

01NE    FRANJA NEGRA              2,360           2,361         11         20                           J-5083 
01NE    FRANJA NEGRA              2,321           2,322         11         20                           J-5084 
01NE    FRANJA NEGRA              2,227           2,228         11         20                           J-5085 
01NE    FRANJA NEGRA              2,291           2,292         11         20                           J-5086 
01NE    FRANJA NEGRA              2,184           2,185         11         20                           J-5087 
01NE    FRANJA NEGRA              2,235           2,236         11         20                           J-5088 
01NE    FRANJA NEGRA              2,263           2,264         11         20                           J-5089 
01NE    FRANJA NEGRA              2,286           2,287         11         20                           J-5090 
01NE    FRANJA NEGRA              2,323           2,324         11         20                           J-5091 
01NE    FRANJA NEGRA              2,187           2,188         11         20                           J-5092 
01NE    FRANJA NEGRA              2,277           2,278         11         20                           J-5093 
01NE    FRANJA NEGRA              1,995           1,996         44         20                           J-5094 
01NE    FRANJA NEGRA              2,311           2,312         11         20                           J-5095 
01NE    FRANJA NEGRA              2,279           2,280         11         20                           J-5096 
01NE    FRANJA NEGRA              2,255           2,256         11         20                           J-5097 
01NE    FRANJA NEGRA              2,302           2,303         11         20                           J-5098 
01NE    FRANJA NEGRA              2,341           2,342         11         20                           J-5099 
01NE    FRANJA NEGRA              2,195           2,196         11         20                           J-5100 
01NE    FRANJA NEGRA              2,141           2,142         44         20                           J-5101 
01NE    FRANJA NEGRA              2,271           2,272         11         20                           J-5102 
01NE    FRANJA NEGRA              2,287           2,288         11         20                           J-5103 
01NE    FRANJA NEGRA              2,345           2,346         44         20                           J-5104 
01NE    FRANJA NEGRA              2,190           2,191         44         20                           J-5105 
01NE    FRANJA NEGRA              2,194           2,195         44         20                           J-5106 
01NE    FRANJA NEGRA              2,252           2,253         44         20                           J-5107 
01NE    FRANJA NEGRA              2,373           2,374         44         20                           J-5108 
01NE    FRANJA NEGRA              2,293           2,294         44         20                           J-5109 
01NE    FRANJA NEGRA              2,136           2,137         44         20                           J-5110 
01NE    FRANJA NEGRA              2,368           2,369         11         20                           J-5111 
01NE    FRANJA NEGRA              2,336           2,337         11         20                           J-5112 
01NE    FRANJA NEGRA              2,159           2,160         11         20                           J-5113 
01NE    FRANJA NEGRA              2,389           2,390         11         20                           J-5114 
01NE    FRANJA NEGRA              2,286           2,287         11         20                           J-5115 
01NE    FRANJA NEGRA              2,092           2,093         11         20                           J-5116 
01NE    FRANJA NEGRA              2,353           2,354         44         20                           J-5117 
01NE    FRANJA NEGRA              2,476           2,477         44         20                           J-5118 
01NE    FRANJA NEGRA              2,386           2,387         11         20                           J-5119 
01NE    FRANJA NEGRA              2,319           2,320         44         20                           J-5120 
01NE    FRANJA NEGRA              2,356           2,357         11         20                           J-5121 
01NE    FRANJA NEGRA              2,251           2,252         11         20                           J-5122 
01NE    FRANJA NEGRA              2,214           2,215         11         20                           J-5123 
01NE    FRANJA NEGRA              2,233           2,234         11         20                           J-5124 
01NE    FRANJA NEGRA              2,203           2,204         44         20                           J-5125 
01NE    FRANJA NEGRA              2,318           2,319         11         20                           J-5126 
01NE    FRANJA NEGRA              2,131           2,132         11         20                           J-5127 









EMPRESA NACIONAL DE MINERIA (ENM) PRODUCTOR          PACKING LIST                             PAG.  :   3
NATIONAL MINING COMPANY                       CODIGO DE LOTE   : J-5038                      FECHA :08/10/2019
                                              -----------------------------
FLUJO        : 
DESCRIPCION  : CATODOS GRADO A
N° INSTR. DE EMBARQUE : 25552
CLIENTE      : WIDE ALPHA
Lote Sipa    : 19100144

----------------------------------------------------------------------------------------------------------------------------- 
MARCA       DESCRIPCION         PESO NETO      PESO BRUTO     GRUPO     UNIDADES       UBICACION         SERIE                
-----------------------------------------------------------------------------------------------------------------------------

01NE    FRANJA NEGRA              2,365           2,366         44         20                           J-5128 
01NE    FRANJA NEGRA              2,235           2,236         44         20                           J-5129 
01NE    FRANJA NEGRA              2,388           2,389         44         20                           J-5130 
01NE    FRANJA NEGRA              2,249           2,250         44         20                           J-5131 
01NE    FRANJA NEGRA              2,395           2,396         11         20                           J-5132 
01NE    FRANJA NEGRA              2,331           2,332         11         20                           J-5133 
01NE    FRANJA NEGRA              2,376           2,377         44         20                           J-5134 
01NE    FRANJA NEGRA              2,379           2,380         11         20                           J-5135 
01NE    FRANJA NEGRA              2,334           2,335         11         20                           J-5136 
01NE    FRANJA NEGRA              2,353           2,354         03         20                           J-5137 
01NE    FRANJA NEGRA              2,351           2,352         03         20                           J-5138 
01NE    FRANJA NEGRA              2,379           2,380         11         20                           J-5139 
01NE    FRANJA NEGRA              2,377           2,378         03         20                           J-5140 
01NE    FRANJA NEGRA              2,271           2,272         11         20                           J-5141 
01NE    FRANJA NEGRA              2,378           2,379         03         20                           J-5142 
01NE    FRANJA NEGRA              2,412           2,413         03         20                           J-5143 
01NE    FRANJA NEGRA              2,024           2,025         03         20                           J-5144 
01NE    FRANJA NEGRA              2,437           2,438         44         20                           J-5145 
01NE    FRANJA NEGRA              2,263           2,264         11         20                           J-5146 
01NE    FRANJA NEGRA              2,096           2,097         11         20                           J-5147 
01NE    FRANJA NEGRA              2,198           2,199         11         20                           J-5148 
01NE    FRANJA NEGRA              2,186           2,187         11         20                           J-5149 
01NE    FRANJA NEGRA              2,208           2,209         11         20                           J-5150 
01NE    FRANJA NEGRA              2,162           2,163         11         20                           J-5151 
01NE    FRANJA NEGRA              2,365           2,366         11         20                           J-5152 
01NE    FRANJA NEGRA              2,455           2,456         11         20                           J-5153 
01NE    FRANJA NEGRA              2,335           2,336         44         20                           J-5154 
01NE    FRANJA NEGRA              2,258           2,259         03         20                           J-5155 
01NE    FRANJA NEGRA              2,304           2,305         14         20                           J-5156 
01NE    FRANJA NEGRA              2,044           2,045         14         20                           J-5157 
01NE    FRANJA NEGRA              2,124           2,125         11         20                           J-5158 
01NE    FRANJA NEGRA              2,427           2,428         11         20                           J-5159 
01NE    FRANJA NEGRA              2,086           2,087         44         20                           J-5160 
01NE    FRANJA NEGRA              2,427           2,428         44         20                           J-5161 
01NE    FRANJA NEGRA              2,368           2,369         44         20                           J-5162 
01NE    FRANJA NEGRA              2,236           2,237         44         20                           J-5163 
01NE    FRANJA NEGRA              2,410           2,411         44         20                           J-5164 
01NE    FRANJA NEGRA              2,315           2,316         44         20                           J-5165 
01NE    FRANJA NEGRA              2,402           2,403         44         20                           J-5166 
01NE    FRANJA NEGRA              2,401           2,402         44         20                           J-5167 
01NE    FRANJA NEGRA              2,433           2,434         11         20                           J-5168 
01NE    FRANJA NEGRA              2,407           2,408         11         20                           J-5169 


------------------------------------------------------------------------------------------------------------------------
T.SUB-LOTES              TOT.PAQUETES =132      TOT.UNID. = 2640   T/P NETO (kg) = 299,839      T/P BRUTO (kg) = 299,971
------------------------------------------------------------------------------------------------------------------------
