
EMPRESA NACIONAL DE MINERIA (ENM) PRODUCTOR          PACKING LIST                             PAG.  :   1
NATIONAL MINING COMPANY                       CODIGO DE LOTE   : D-1571                      FECHA :03/04/2023
                                              -----------------------------
FLUJO        : 
DESCRIPCION  : CATODOS EW EL SALADO
N° INSTR. DE EMBARQUE : 930761
CLIENTE      : 
Lote Sipa    : 23040060

----------------------------------------------------------------------------------------------------------------------------- 
MARCA       DESCRIPCION         PESO NETO      PESO BRUTO     GRUPO     UNIDADES       UBICACION         SERIE                
-----------------------------------------------------------------------------------------------------------------------------

01CE    FRANJA CELESTE            2,020           2,021                    53                           D-1571 
01CE    FRANJA CELESTE            1,987           1,988                    73                           D-1572 
01CE    FRANJA CELESTE            1,949           1,950                    78                           D-1573 
01CE    FRANJA CELESTE            2,030           2,031                    75                           D-1574 
01CE    FRANJA CELESTE            1,945           1,946                    72                           D-1575 
01CE    FRANJA CELESTE            1,933           1,934                    70                           D-1576 
01CE    FRANJA CELESTE            1,934           1,935                    70                           D-1577 
01CE    FRANJA CELESTE            2,007           2,008                    76                           D-1578 
01CE    FRANJA CELESTE            1,978           1,979                    50                           D-1579 
01CE    FRANJA CELESTE            1,945           1,946                    72                           D-1580 
01CE    FRANJA CELESTE            2,045           2,046                    80                           D-1581 
01CE    FRANJA CELESTE            1,994           1,995                    73                           D-1582 
01CE    FRANJA CELESTE            2,011           2,012                    75                           D-1583 
01CE    FRANJA CELESTE            2,019           2,020                    83                           D-1584 


------------------------------------------------------------------------------------------------------------------------
T.SUB-LOTES              TOT.PAQUETES =14      TOT.UNID. = 1000   T/P NETO (kg) = 27,797      T/P BRUTO (kg) = 27,811
------------------------------------------------------------------------------------------------------------------------
