
EMPRESA NACIONAL DE MINERIA (ENM) PRODUCTOR          PACKING LIST                             PAG.  :   1
NATIONAL MINING COMPANY                       CODIGO DE LOTE   : B-4995                      FECHA :21/02/2019
                                              -----------------------------
FLUJO        : 
DESCRIPCION  : CATODOS GRADO A
N° INSTR. DE EMBARQUE : 25098
CLIENTE      : NORDIC HONG KONG
Lote Sipa    : 19020092

----------------------------------------------------------------------------------------------------------------------------- 
MARCA       DESCRIPCION         PESO NETO      PESO BRUTO     GRUPO     UNIDADES       UBICACION         SERIE                
-----------------------------------------------------------------------------------------------------------------------------

V0AZ    V AZUL                    2,546           2,547         30         20                           B-4995 
V0AZ    V AZUL                    2,417           2,418         30         20                           B-4996 
V0AZ    V AZUL                    2,463           2,464         30         20                           B-4997 
V0AZ    V AZUL                    2,257           2,258         24         20                           B-4998 
V0AZ    V AZUL                    2,420           2,421         30         20                           B-4999 
V0AZ    V AZUL                    2,190           2,191         24         20                           B-5000 
V0AZ    V AZUL                    2,385           2,386         30         20                           B-5001 
V0AZ    V AZUL                    2,175           2,176         24         20                           B-5002 
V0AZ    V AZUL                    2,344           2,345         30         20                           B-5003 
V0AZ    V AZUL                    2,160           2,161         24         20                           B-5004 
V0AZ    V AZUL                    2,355           2,356         24         20                           B-5005 
V0AZ    V AZUL                    2,112           2,113         24         20                           B-5006 
V0AZ    V AZUL                    2,323           2,324         30         20                           B-5007 
V0AZ    V AZUL                    2,273           2,274         24         20                           B-5008 
V0AZ    V AZUL                    2,479           2,480         42         20                           B-5009 
V0AZ    V AZUL                    2,358           2,359         42         20                           B-5010 
V0AZ    V AZUL                    2,485           2,486         42         20                           B-5011 
V0AZ    V AZUL                    2,435           2,436         42         20                           B-5012 
V0AZ    V AZUL                    2,417           2,418         42         20                           B-5013 
V0AZ    V AZUL                    2,463           2,464         42         20                           B-5014 
V0AZ    V AZUL                    2,341           2,342         42         20                           B-5015 
V0AZ    V AZUL                    2,227           2,228         42         20                           B-5016 
V0AZ    V AZUL                    2,430           2,431         42         20                           B-5017 
V0AZ    V AZUL                    2,454           2,455         42         20                           B-5018 
V0AZ    V AZUL                    2,089           2,090         42         20                           B-5019 
V0AZ    V AZUL                    2,349           2,350         41         20                           B-5020 
V0AZ    V AZUL                    2,389           2,390         41         20                           B-5021 
V0AZ    V AZUL                    2,238           2,239         41         20                           B-5022 
V0AZ    V AZUL                    2,161           2,162         41         20                           B-5023 
V0AZ    V AZUL                    2,443           2,444         41         20                           B-5024 
V0AZ    V AZUL                    2,267           2,268         41         20                           B-5025 
V0AZ    V AZUL                    2,209           2,210         41         20                           B-5026 
V0AZ    V AZUL                    2,177           2,178         41         20                           B-5027 
V0AZ    V AZUL                    2,235           2,236         41         20                           B-5028 
V0AZ    V AZUL                    2,208           2,209         41         20                           B-5029 
V0AZ    V AZUL                    2,466           2,467         41         20                           B-5030 
V0AZ    V AZUL                    2,484           2,485         41         20                           B-5031 
V0AZ    V AZUL                    2,312           2,313         14         20                           B-5032 
V0AZ    V AZUL                    2,245           2,246         14         20                           B-5033 
V0AZ    V AZUL                    2,244           2,245         14         20                           B-5034 
V0AZ    V AZUL                    2,355           2,356         14         20                           B-5035 
V0AZ    V AZUL                    2,213           2,214         14         20                           B-5036 
V0AZ    V AZUL                    2,327           2,328         41         20                           B-5037 


------------------------------------------------------------------------------------------------------------------------
T.SUB-LOTES              TOT.PAQUETES =43      TOT.UNID. = 860   T/P NETO (kg) = 99,920      T/P BRUTO (kg) = 99,963
------------------------------------------------------------------------------------------------------------------------
