
EMPRESA NACIONAL DE MINERIA (ENM) PRODUCTOR          PACKING LIST                             PAG.  :   1
NATIONAL MINING COMPANY                       CODIGO DE LOTE   : C-1571                      FECHA :06/03/2023
                                              -----------------------------
FLUJO        : 
DESCRIPCION  : CATODOS EW EL SALADO
N° INSTR. DE EMBARQUE : 930641
CLIENTE      : 
Lote Sipa    : 23030073

----------------------------------------------------------------------------------------------------------------------------- 
MARCA       DESCRIPCION         PESO NETO      PESO BRUTO     GRUPO     UNIDADES       UBICACION         SERIE                
-----------------------------------------------------------------------------------------------------------------------------

01NE    FRANJA NEGRA              2,007           2,008                    75                           C-1571 
01NE    FRANJA NEGRA              2,013           2,014                    70                           C-1572 
01NE    FRANJA NEGRA              1,999           2,000                    72                           C-1573 
01NE    FRANJA NEGRA              2,026           2,027                    73                           C-1574 
01NE    FRANJA NEGRA              2,002           2,003                    69                           C-1575 
01NE    FRANJA NEGRA              1,985           1,986                    80                           C-1576 
01NE    FRANJA NEGRA              2,037           2,038                    85                           C-1577 
01NE    FRANJA NEGRA              2,037           2,038                    85                           C-1578 
01NE    FRANJA NEGRA              2,048           2,049                    83                           C-1579 
01NE    FRANJA NEGRA              2,023           2,024                    70                           C-1580 
01NE    FRANJA NEGRA              1,951           1,952                    64                           C-1581 
01NE    FRANJA NEGRA              2,043           2,044                    85                           C-1582 
01NE    FRANJA NEGRA              2,024           2,025                    72                           C-1583 
01NE    FRANJA NEGRA              2,000           2,001                    80                           C-1584 


------------------------------------------------------------------------------------------------------------------------
T.SUB-LOTES              TOT.PAQUETES =14      TOT.UNID. = 1063   T/P NETO (kg) = 28,195      T/P BRUTO (kg) = 28,209
------------------------------------------------------------------------------------------------------------------------
