
EMPRESA NACIONAL DE MINERIA (ENM) PRODUCTOR          PACKING LIST                             PAG.  :   1
NATIONAL MINING COMPANY                       CODIGO DE LOTE   : J-3221                      FECHA :15/12/2020
                                              -----------------------------
FLUJO        : 
DESCRIPCION  : CATODOS EW MATTA
N° INSTR. DE EMBARQUE : 26369
CLIENTE      : AOTEA MAERSK
Lote Sipa    : 20100066

----------------------------------------------------------------------------------------------------------------------------- 
MARCA       DESCRIPCION         PESO NETO      PESO BRUTO     GRUPO     UNIDADES       UBICACION         SERIE                
-----------------------------------------------------------------------------------------------------------------------------

01CE    FRANJA CELESTE            2,016           2,017                    79                           J-3221 
01CE    FRANJA CELESTE            2,007           2,008                    80                           J-3222 
01CE    FRANJA CELESTE            2,023           2,024                    84                           J-3223 
01CE    FRANJA CELESTE            2,025           2,026                    84                           J-3224 
01CE    FRANJA CELESTE            2,028           2,029                    80                           J-3225 
01CE    FRANJA CELESTE            2,005           2,006                    81                           J-3226 
01CE    FRANJA CELESTE            2,019           2,020                    84                           J-3227 
01CE    FRANJA CELESTE            2,020           2,021                    84                           J-3228 
01CE    FRANJA CELESTE            2,022           2,023                    78                           J-3229 
01CE    FRANJA CELESTE            2,003           2,004                    84                           J-3230 
01CE    FRANJA CELESTE            2,018           2,019                    87                           J-3231 
01CE    FRANJA CELESTE            2,018           2,019                    79                           J-3232 
01CE    FRANJA CELESTE            2,019           2,020                    78                           J-3233 
01CE    FRANJA CELESTE            2,013           2,014                    78                           J-3234 
01CE    FRANJA CELESTE            2,020           2,021                    75                           J-3296 
01CE    FRANJA CELESTE            2,022           2,023                    82                           J-3297 
01CE    FRANJA CELESTE            2,013           2,014                    72                           J-3298 
01CE    FRANJA CELESTE            2,017           2,018                    77                           J-3299 
01CE    FRANJA CELESTE            2,016           2,017                    76                           J-3300 
01CE    FRANJA CELESTE            2,015           2,016                    76                           J-3301 
01CE    FRANJA CELESTE            1,999           2,000                    82                           J-3302 
01CE    FRANJA CELESTE            2,012           2,013                    79                           J-3303 
01CE    FRANJA CELESTE            2,030           2,031                    87                           J-3304 
01CE    FRANJA CELESTE            2,022           2,023                    76                           J-3305 
01CE    FRANJA CELESTE            2,024           2,025                    76                           J-3306 
01CE    FRANJA CELESTE            1,997           1,998                    77                           J-3307 
01CE    FRANJA CELESTE            2,001           2,002                    75                           J-3308 
01CE    FRANJA CELESTE            2,009           2,010                    80                           J-3309 
01CE    FRANJA CELESTE            2,030           2,031                    74                           J-3340 
01CE    FRANJA CELESTE            2,018           2,019                    77                           J-3341 
01CE    FRANJA CELESTE            2,019           2,020                    75                           J-3342 
01CE    FRANJA CELESTE            2,009           2,010                    75                           J-3343 
01CE    FRANJA CELESTE            2,021           2,022                    81                           J-3344 
01CE    FRANJA CELESTE            2,016           2,017                    75                           J-3345 
01CE    FRANJA CELESTE            2,007           2,008                    81                           J-3346 
01CE    FRANJA CELESTE            2,038           2,039                    79                           J-3347 
01CE    FRANJA CELESTE            2,005           2,006                    78                           J-3348 
01CE    FRANJA CELESTE            2,021           2,022                    72                           J-3349 
01CE    FRANJA CELESTE            2,032           2,033                    77                           J-3350 
01CE    FRANJA CELESTE            2,008           2,009                    80                           J-3351 
01CE    FRANJA CELESTE            2,011           2,012                    78                           J-3352 
01CE    FRANJA CELESTE            2,004           2,005                    76                           J-3353 
01CE    FRANJA CELESTE            2,019           2,020                    72                           J-3369 
01CE    FRANJA CELESTE            2,006           2,007                    71                           J-3370 
01CE    FRANJA CELESTE            2,016           2,017                    65                           J-3371 









EMPRESA NACIONAL DE MINERIA (ENM) PRODUCTOR          PACKING LIST                             PAG.  :   2
NATIONAL MINING COMPANY                       CODIGO DE LOTE   : J-3221                      FECHA :15/12/2020
                                              -----------------------------
FLUJO        : 
DESCRIPCION  : CATODOS EW MATTA
N° INSTR. DE EMBARQUE : 26369
CLIENTE      : AOTEA MAERSK
Lote Sipa    : 20100066

----------------------------------------------------------------------------------------------------------------------------- 
MARCA       DESCRIPCION         PESO NETO      PESO BRUTO     GRUPO     UNIDADES       UBICACION         SERIE                
-----------------------------------------------------------------------------------------------------------------------------

01CE    FRANJA CELESTE            2,013           2,014                    68                           J-3372 
01CE    FRANJA CELESTE            2,020           2,021                    71                           J-3373 
01CE    FRANJA CELESTE            2,014           2,015                    64                           J-3374 
01CE    FRANJA CELESTE            2,027           2,028                    59                           J-3375 
01CE    FRANJA CELESTE            2,016           2,017                    60                           J-3376 
01CE    FRANJA CELESTE            2,014           2,015                    66                           J-3377 
01CE    FRANJA CELESTE            2,024           2,025                    66                           J-3378 
01CE    FRANJA CELESTE            2,013           2,014                    81                           J-3379 
01CE    FRANJA CELESTE            2,001           2,002                    59                           J-3380 
01CE    FRANJA CELESTE            2,004           2,005                    77                           J-3381 
01CE    FRANJA CELESTE            2,023           2,024                    73                           J-3382 


------------------------------------------------------------------------------------------------------------------------
T.SUB-LOTES              TOT.PAQUETES =56      TOT.UNID. = 4260   T/P NETO (kg) = 112,882      T/P BRUTO (kg) = 112,938
------------------------------------------------------------------------------------------------------------------------
