
EMPRESA NACIONAL DE MINERIA (ENM) PRODUCTOR          PACKING LIST                             PAG.  :   1
NATIONAL MINING COMPANY                       CODIGO DE LOTE   : J-8018                      FECHA :26/10/2020
                                              -----------------------------
FLUJO        : 
DESCRIPCION  : CATODOS GRADO A
N° INSTR. DE EMBARQUE : 26264
CLIENTE      : COYHAIQUE
Lote Sipa    : 20100288

----------------------------------------------------------------------------------------------------------------------------- 
MARCA       DESCRIPCION         PESO NETO      PESO BRUTO     GRUPO     UNIDADES       UBICACION         SERIE                
-----------------------------------------------------------------------------------------------------------------------------

01AM    FRANJA AMARILLA           2,291           2,292         31         20                           J-8018 
01AM    FRANJA AMARILLA           2,386           2,387         31         20                           J-8019 
01AM    FRANJA AMARILLA           2,548           2,549         31         20                           J-8020 
01AM    FRANJA AMARILLA           2,514           2,515         19         20                           J-8021 
01AM    FRANJA AMARILLA           2,492           2,493         38         20                           J-8022 
01AM    FRANJA AMARILLA           2,218           2,219         38         20                           J-8023 
01AM    FRANJA AMARILLA           2,370           2,371         38         20                           J-8024 
01AM    FRANJA AMARILLA           2,419           2,420         42         20                           J-8025 
01AM    FRANJA AMARILLA           2,543           2,544         31         20                           J-8026 
01AM    FRANJA AMARILLA           2,269           2,270         46         20                           J-8027 
01AM    FRANJA AMARILLA           2,348           2,349         46         20                           J-8028 
01AM    FRANJA AMARILLA           2,421           2,422         31         20                           J-8029 
01AM    FRANJA AMARILLA           2,353           2,354         31         20                           J-8030 
01AM    FRANJA AMARILLA           2,504           2,505         31         20                           J-8031 
01AM    FRANJA AMARILLA           2,574           2,575         31         20                           J-8032 
01AM    FRANJA AMARILLA           2,247           2,248         38         20                           J-8033 
01AM    FRANJA AMARILLA           2,522           2,523         13         20                           J-8034 
01AM    FRANJA AMARILLA           2,638           2,639         31         20                           J-8035 
01AM    FRANJA AMARILLA           2,459           2,460         31         20                           J-8036 
01AM    FRANJA AMARILLA           2,398           2,399         13         20                           J-8037 
01AM    FRANJA AMARILLA           2,365           2,366         42         20                           J-8038 
01AM    FRANJA AMARILLA           2,419           2,420         42         20                           J-8039 
01AM    FRANJA AMARILLA           2,374           2,375         46         20                           J-8040 
01AM    FRANJA AMARILLA           2,452           2,453         13         20                           J-8041 
01AM    FRANJA AMARILLA           2,543           2,544         46         20                           J-8042 
01AM    FRANJA AMARILLA           2,317           2,318         46         20                           J-8043 
01AM    FRANJA AMARILLA           2,421           2,422         38         20                           J-8044 
01AM    FRANJA AMARILLA           2,461           2,462         46         20                           J-8045 
01AM    FRANJA AMARILLA           2,434           2,435         46         20                           J-8046 
01AM    FRANJA AMARILLA           2,508           2,509         46         20                           J-8047 
01AM    FRANJA AMARILLA           2,395           2,396         46         20                           J-8048 
01AM    FRANJA AMARILLA           2,375           2,376         46         20                           J-8049 
01AM    FRANJA AMARILLA           2,439           2,440         46         20                           J-8050 
01AM    FRANJA AMARILLA           2,550           2,551         46         20                           J-8051 
01AM    FRANJA AMARILLA           2,443           2,444         46         20                           J-8052 
01AM    FRANJA AMARILLA           2,480           2,481         46         20                           J-8053 
01AM    FRANJA AMARILLA           2,534           2,535         46         20                           J-8054 
01AM    FRANJA AMARILLA           2,377           2,378         19         20                           J-8055 
01AM    FRANJA AMARILLA           2,478           2,479         19         20                           J-8056 
01AM    FRANJA AMARILLA           2,413           2,414         46         20                           J-8057 
01AM    FRANJA AMARILLA           2,411           2,412         38         20                           J-8058 
01AM    FRANJA AMARILLA           2,498           2,499         46         20                           J-8059 
01AM    FRANJA AMARILLA           2,413           2,414         46         20                           J-8060 
01AM    FRANJA AMARILLA           2,435           2,436         46         20                           J-8061 
01AM    FRANJA AMARILLA           2,478           2,479         46         20                           J-8062 









EMPRESA NACIONAL DE MINERIA (ENM) PRODUCTOR          PACKING LIST                             PAG.  :   2
NATIONAL MINING COMPANY                       CODIGO DE LOTE   : J-8018                      FECHA :26/10/2020
                                              -----------------------------
FLUJO        : 
DESCRIPCION  : CATODOS GRADO A
N° INSTR. DE EMBARQUE : 26264
CLIENTE      : COYHAIQUE
Lote Sipa    : 20100288

----------------------------------------------------------------------------------------------------------------------------- 
MARCA       DESCRIPCION         PESO NETO      PESO BRUTO     GRUPO     UNIDADES       UBICACION         SERIE                
-----------------------------------------------------------------------------------------------------------------------------

01AM    FRANJA AMARILLA           2,401           2,402         13         20                           J-8063 
01AM    FRANJA AMARILLA           2,374           2,375         38         20                           J-8064 
01AM    FRANJA AMARILLA           2,429           2,430         38         20                           J-8065 
01AM    FRANJA AMARILLA           2,433           2,434         46         20                           J-8066 
01AM    FRANJA AMARILLA           2,541           2,542         46         20                           J-8067 
01AM    FRANJA AMARILLA           2,437           2,438         46         20                           J-8068 
01AM    FRANJA AMARILLA           2,343           2,344         46         20                           J-8069 
01AM    FRANJA AMARILLA           2,478           2,479         44         20                           J-8070 
01AM    FRANJA AMARILLA           2,405           2,406         46         20                           J-8071 
01AM    FRANJA AMARILLA           2,437           2,438         46         20                           J-8072 
01AM    FRANJA AMARILLA           2,493           2,494         46         20                           J-8073 
01AM    FRANJA AMARILLA           2,409           2,410         46         20                           J-8074 
01AM    FRANJA AMARILLA           2,307           2,308         46         20                           J-8075 
01AM    FRANJA AMARILLA           2,448           2,449         38         20                           J-8076 
01AM    FRANJA AMARILLA           2,367           2,368         46         20                           J-8077 
01AM    FRANJA AMARILLA           2,262           2,263         46         20                           J-8078 
01AM    FRANJA AMARILLA           2,425           2,426         46         20                           J-8079 
01AM    FRANJA AMARILLA           2,412           2,413         07         20                           J-8080 
01AM    FRANJA AMARILLA           2,405           2,406         46         20                           J-8081 
01AM    FRANJA AMARILLA           2,366           2,367         13         20                           J-8082 
01AM    FRANJA AMARILLA           2,427           2,428         38         20                           J-8083 
01AM    FRANJA AMARILLA           2,428           2,429         46         20                           J-8084 
01AM    FRANJA AMARILLA           2,382           2,383         19         20                           J-8085 
01AM    FRANJA AMARILLA           2,443           2,444         46         20                           J-8086 
01AM    FRANJA AMARILLA           2,277           2,278         46         20                           J-8087 
01AM    FRANJA AMARILLA           2,305           2,306         19         20                           J-8088 
01AM    FRANJA AMARILLA           2,330           2,331         46         20                           J-8089 
01AM    FRANJA AMARILLA           2,399           2,400         46         20                           J-8090 
01AM    FRANJA AMARILLA           2,432           2,433         46         20                           J-8091 
01AM    FRANJA AMARILLA           2,352           2,353         07         20                           J-8092 
01AM    FRANJA AMARILLA           2,445           2,446         07         20                           J-8093 
01AM    FRANJA AMARILLA           2,304           2,305         19         20                           J-8094 
01AM    FRANJA AMARILLA           2,527           2,528         46         20                           J-8095 
01AM    FRANJA AMARILLA           2,384           2,385         46         20                           J-8096 
01AM    FRANJA AMARILLA           2,248           2,249         07         20                           J-8097 
01AM    FRANJA AMARILLA           2,417           2,418         19         20                           J-8098 
01AM    FRANJA AMARILLA           2,558           2,559         19         20                           J-8099 
01AM    FRANJA AMARILLA           2,372           2,373         07         20                           J-8100 
01AM    FRANJA AMARILLA           2,577           2,578         46         20                           J-8101 
01AM    FRANJA AMARILLA           2,506           2,507         31         20                           J-8102 
01AM    FRANJA AMARILLA           2,456           2,457         31         20                           J-8103 
01AM    FRANJA AMARILLA           2,474           2,475         38         20                           J-8104 
01AM    FRANJA AMARILLA           2,428           2,429         38         20                           J-8105 
01AM    FRANJA AMARILLA           2,506           2,507         38         20                           J-8106 
01AM    FRANJA AMARILLA           2,490           2,491         38         20                           J-8107 









EMPRESA NACIONAL DE MINERIA (ENM) PRODUCTOR          PACKING LIST                             PAG.  :   3
NATIONAL MINING COMPANY                       CODIGO DE LOTE   : J-8018                      FECHA :26/10/2020
                                              -----------------------------
FLUJO        : 
DESCRIPCION  : CATODOS GRADO A
N° INSTR. DE EMBARQUE : 26264
CLIENTE      : COYHAIQUE
Lote Sipa    : 20100288

----------------------------------------------------------------------------------------------------------------------------- 
MARCA       DESCRIPCION         PESO NETO      PESO BRUTO     GRUPO     UNIDADES       UBICACION         SERIE                
-----------------------------------------------------------------------------------------------------------------------------

01AM    FRANJA AMARILLA           2,523           2,524         38         20                           J-8108 
01AM    FRANJA AMARILLA           2,467           2,468         46         20                           J-8109 
01AM    FRANJA AMARILLA           2,474           2,475         19         20                           J-8110 
01AM    FRANJA AMARILLA           2,565           2,566         31         20                           J-8111 
01AM    FRANJA AMARILLA           2,429           2,430         46         20                           J-8112 
01AM    FRANJA AMARILLA           2,420           2,421         19         20                           J-8113 
01AM    FRANJA AMARILLA           2,289           2,290         38         20                           J-8114 
01AM    FRANJA AMARILLA           2,529           2,530         31         20                           J-8115 
01AM    FRANJA AMARILLA           2,387           2,388         31         20                           J-8116 
01AM    FRANJA AMARILLA           2,532           2,533         31         20                           J-8117 
01AM    FRANJA AMARILLA           2,428           2,429         31         20                           J-8118 
01AM    FRANJA AMARILLA           2,343           2,344         07         20                           J-8119 
01AM    FRANJA AMARILLA           2,493           2,494         07         20                           J-8120 
01AM    FRANJA AMARILLA           2,492           2,493         07         20                           J-8121 
01AM    FRANJA AMARILLA           2,413           2,414         07         20                           J-8122 
01AM    FRANJA AMARILLA           2,516           2,517         31         20                           J-8123 
01AM    FRANJA AMARILLA           2,563           2,564         46         20                           J-8124 
01AM    FRANJA AMARILLA           2,265           2,266         46         20                           J-8125 
01AM    FRANJA AMARILLA           2,324           2,325         46         20                           J-8126 
01AM    FRANJA AMARILLA           2,261           2,262         38         20                           J-8127 
01AM    FRANJA AMARILLA           2,331           2,332         38         20                           J-8128 
01AM    FRANJA AMARILLA           2,434           2,435         38         20                           J-8129 
01AM    FRANJA AMARILLA           2,471           2,472         19         20                           J-8130 
01AM    FRANJA AMARILLA           2,332           2,333         07         20                           J-8131 
01AM    FRANJA AMARILLA           2,455           2,456         31         20                           J-8132 
01AM    FRANJA AMARILLA           2,261           2,262         31         20                           J-8133 
01AM    FRANJA AMARILLA           2,372           2,373         31         20                           J-8134 
01AM    FRANJA AMARILLA           2,332           2,333         07         20                           J-8135 
01AM    FRANJA AMARILLA           2,086           2,087         19         20                           J-8136 
01AM    FRANJA AMARILLA           2,302           2,303         07         20                           J-8137 
01AM    FRANJA AMARILLA           2,343           2,344         07         20                           J-8138 
01AM    FRANJA AMARILLA           2,472           2,473         07         20                           J-8139 
01AM    FRANJA AMARILLA           2,363           2,364         07         20                           J-8140 
01AM    FRANJA AMARILLA           2,460           2,461         07         20                           J-8141 


------------------------------------------------------------------------------------------------------------------------
T.SUB-LOTES              TOT.PAQUETES =124      TOT.UNID. = 2480   T/P NETO (kg) = 299,893      T/P BRUTO (kg) = 300,017
------------------------------------------------------------------------------------------------------------------------
