
EMPRESA NACIONAL DE MINERIA (ENM) PRODUCTOR          PACKING LIST                             PAG.  :   1
NATIONAL MINING COMPANY                       CODIGO DE LOTE   : L-14633                      FECHA :06/12/2019
                                              -----------------------------
FLUJO        : 
DESCRIPCION  : CATODOS GRADO A
N° INSTR. DE EMBARQUE : 25632
CLIENTE      : RIO BARROW
Lote Sipa    : 19110692

----------------------------------------------------------------------------------------------------------------------------- 
MARCA       DESCRIPCION         PESO NETO      PESO BRUTO     GRUPO     UNIDADES       UBICACION         SERIE                
-----------------------------------------------------------------------------------------------------------------------------

02NE    DOS FRANJAS NEGRAS        2,207           2,208         38         20                           L-14633
02NE    DOS FRANJAS NEGRAS        2,277           2,278         38         20                           L-14634
02NE    DOS FRANJAS NEGRAS        2,179           2,180         38         20                           L-14635
02NE    DOS FRANJAS NEGRAS        2,255           2,256         38         20                           L-14636
02NE    DOS FRANJAS NEGRAS        2,401           2,402         38         20                           L-14637
02NE    DOS FRANJAS NEGRAS        2,431           2,432         07         20                           L-14638
02NE    DOS FRANJAS NEGRAS        2,353           2,354         38         20                           L-14639
02NE    DOS FRANJAS NEGRAS        2,326           2,327         07         20                           L-14640
02NE    DOS FRANJAS NEGRAS        2,349           2,350         07         20                           L-14641
02NE    DOS FRANJAS NEGRAS        2,220           2,221         38         20                           L-14642
02NE    DOS FRANJAS NEGRAS        1,980           1,981         46         20                           L-14643
02NE    DOS FRANJAS NEGRAS        2,456           2,457         07         20                           L-14644
02NE    DOS FRANJAS NEGRAS        2,094           2,095         38         20                           L-14645
02NE    DOS FRANJAS NEGRAS        1,955           1,956         38         20                           L-14646
02NE    DOS FRANJAS NEGRAS        2,380           2,381         07         20                           L-14647
02NE    DOS FRANJAS NEGRAS        2,060           2,061         38         20                           L-14648
02NE    DOS FRANJAS NEGRAS        1,948           1,949         38         20                           L-14649
02NE    DOS FRANJAS NEGRAS        2,166           2,167         38         20                           L-14650
02NE    DOS FRANJAS NEGRAS        2,115           2,116         46         20                           L-14651
02NE    DOS FRANJAS NEGRAS        2,256           2,257         38         20                           L-14652
02NE    DOS FRANJAS NEGRAS        2,187           2,188         38         20                           L-14653
02NE    DOS FRANJAS NEGRAS        2,193           2,194         38         20                           L-14654
02NE    DOS FRANJAS NEGRAS        2,093           2,094         38         20                           L-14655
02NE    DOS FRANJAS NEGRAS        2,033           2,034         46         20                           L-14656
02NE    DOS FRANJAS NEGRAS        2,212           2,213         46         20                           L-14657
02NE    DOS FRANJAS NEGRAS        2,084           2,085         38         20                           L-14658
02NE    DOS FRANJAS NEGRAS        2,141           2,142         38         20                           L-14659
02NE    DOS FRANJAS NEGRAS        2,126           2,127         38         20                           L-14660
02NE    DOS FRANJAS NEGRAS        2,300           2,301         46         20                           L-14661
02NE    DOS FRANJAS NEGRAS        2,184           2,185         38         20                           L-14662
02NE    DOS FRANJAS NEGRAS        2,299           2,300         46         20                           L-14663
02NE    DOS FRANJAS NEGRAS        2,109           2,110         46         20                           L-14664
02NE    DOS FRANJAS NEGRAS        2,307           2,308         28         20                           L-14665
02NE    DOS FRANJAS NEGRAS        2,059           2,060         38         20                           L-14666
02NE    DOS FRANJAS NEGRAS        2,108           2,109         38         20                           L-14667
02NE    DOS FRANJAS NEGRAS        2,219           2,220         38         20                           L-14668
02NE    DOS FRANJAS NEGRAS        2,366           2,367         45         20                           L-14669
02NE    DOS FRANJAS NEGRAS        2,415           2,416         45         20                           L-14670
02NE    DOS FRANJAS NEGRAS        2,244           2,245         45         20                           L-14671
02NE    DOS FRANJAS NEGRAS        2,187           2,188         45         20                           L-14672
02NE    DOS FRANJAS NEGRAS        2,338           2,339         45         20                           L-14673
02NE    DOS FRANJAS NEGRAS        2,195           2,196         45         20                           L-14674
02NE    DOS FRANJAS NEGRAS        2,052           2,053         45         20                           L-14675
02NE    DOS FRANJAS NEGRAS        2,486           2,487         45         20                           L-14676
02NE    DOS FRANJAS NEGRAS        2,229           2,230         45         20                           L-14677









EMPRESA NACIONAL DE MINERIA (ENM) PRODUCTOR          PACKING LIST                             PAG.  :   2
NATIONAL MINING COMPANY                       CODIGO DE LOTE   : L-14633                      FECHA :06/12/2019
                                              -----------------------------
FLUJO        : 
DESCRIPCION  : CATODOS GRADO A
N° INSTR. DE EMBARQUE : 25632
CLIENTE      : RIO BARROW
Lote Sipa    : 19110692

----------------------------------------------------------------------------------------------------------------------------- 
MARCA       DESCRIPCION         PESO NETO      PESO BRUTO     GRUPO     UNIDADES       UBICACION         SERIE                
-----------------------------------------------------------------------------------------------------------------------------

02NE    DOS FRANJAS NEGRAS        2,184           2,185         45         20                           L-14678
02NE    DOS FRANJAS NEGRAS        2,266           2,267         45         20                           L-14679
02NE    DOS FRANJAS NEGRAS        2,460           2,461         45         20                           L-14680
02NE    DOS FRANJAS NEGRAS        2,184           2,185         45         20                           L-14681
02NE    DOS FRANJAS NEGRAS        2,131           2,132         45         20                           L-14682
02NE    DOS FRANJAS NEGRAS        2,138           2,139         45         20                           L-14683
02NE    DOS FRANJAS NEGRAS        2,234           2,235         45         20                           L-14684
02NE    DOS FRANJAS NEGRAS        2,355           2,356         45         20                           L-14685
02NE    DOS FRANJAS NEGRAS        2,284           2,285         45         20                           L-14686
02NE    DOS FRANJAS NEGRAS        2,325           2,326         45         20                           L-14687
02NE    DOS FRANJAS NEGRAS        2,375           2,376         45         20                           L-14688
02NE    DOS FRANJAS NEGRAS        2,485           2,486         45         20                           L-14689
02NE    DOS FRANJAS NEGRAS        2,437           2,438         45         20                           L-14690
02NE    DOS FRANJAS NEGRAS        2,309           2,310         45         20                           L-14691
02NE    DOS FRANJAS NEGRAS        2,400           2,401         25         20                           L-14692
02NE    DOS FRANJAS NEGRAS        2,176           2,177         45         20                           L-14693
02NE    DOS FRANJAS NEGRAS        2,086           2,087         45         20                           L-14694
02NE    DOS FRANJAS NEGRAS        2,131           2,132         45         20                           L-14695
02NE    DOS FRANJAS NEGRAS        2,261           2,262         45         20                           L-14696
02NE    DOS FRANJAS NEGRAS        2,434           2,435         45         20                           L-14697
02NE    DOS FRANJAS NEGRAS        2,315           2,316         45         20                           L-14698
02NE    DOS FRANJAS NEGRAS        2,086           2,087         45         20                           L-14699
02NE    DOS FRANJAS NEGRAS        2,223           2,224         45         20                           L-14700
02NE    DOS FRANJAS NEGRAS        2,201           2,202         45         20                           L-14701
02NE    DOS FRANJAS NEGRAS        2,202           2,203         45         20                           L-14702
02NE    DOS FRANJAS NEGRAS        2,472           2,473         04         20                           L-14703
02NE    DOS FRANJAS NEGRAS        2,116           2,117         45         20                           L-14704
02NE    DOS FRANJAS NEGRAS        2,342           2,343         04         20                           L-14705
02NE    DOS FRANJAS NEGRAS        2,181           2,182         45         20                           L-14706
02NE    DOS FRANJAS NEGRAS        2,188           2,189         45         20                           L-14707
02NE    DOS FRANJAS NEGRAS        2,361           2,362         04         20                           L-14708
02NE    DOS FRANJAS NEGRAS        2,337           2,338         04         20                           L-14709
02NE    DOS FRANJAS NEGRAS        2,294           2,295         45         20                           L-14710
02NE    DOS FRANJAS NEGRAS        2,393           2,394         45         20                           L-14711
02NE    DOS FRANJAS NEGRAS        2,336           2,337         45         20                           L-14712
02NE    DOS FRANJAS NEGRAS        2,310           2,311         45         20                           L-14713
02NE    DOS FRANJAS NEGRAS        2,213           2,214         45         20                           L-14714
02NE    DOS FRANJAS NEGRAS        2,360           2,361         45         20                           L-14715
02NE    DOS FRANJAS NEGRAS        2,180           2,181         45         20                           L-14716
02NE    DOS FRANJAS NEGRAS        2,248           2,249         45         20                           L-14717
02NE    DOS FRANJAS NEGRAS        2,449           2,450         04         20                           L-14718
02NE    DOS FRANJAS NEGRAS        2,255           2,256         45         20                           L-14719
02NE    DOS FRANJAS NEGRAS        2,390           2,391         45         20                           L-14720
02NE    DOS FRANJAS NEGRAS        2,233           2,234         45         20                           L-14721


------------------------------------------------------------------------------------------------------------------------
T.SUB-LOTES              TOT.PAQUETES =89      TOT.UNID. = 1780   T/P NETO (kg) = 199,914      T/P BRUTO (kg) = 200,003
------------------------------------------------------------------------------------------------------------------------
