
EMPRESA NACIONAL DE MINERIA (ENM) PRODUCTOR          PACKING LIST                             PAG.  :   1
NATIONAL MINING COMPANY                       CODIGO DE LOTE   : H-2260                      FECHA :25/08/2023
                                              -----------------------------
FLUJO        : 
DESCRIPCION  : CATODOS EW TALTAL
N° INSTR. DE EMBARQUE : 931355
CLIENTE      : 
Lote Sipa    : 23080397

----------------------------------------------------------------------------------------------------------------------------- 
MARCA       DESCRIPCION         PESO NETO      PESO BRUTO     GRUPO     UNIDADES       UBICACION         SERIE                
-----------------------------------------------------------------------------------------------------------------------------

12AZ    DOCE FRANJAS AZULES       2,019           2,020                    59                           H-2260 
12AZ    DOCE FRANJAS AZULES       2,017           2,018                    59                           H-2261 
12AZ    DOCE FRANJAS AZULES       2,005           2,006                    60                           H-2262 
12AZ    DOCE FRANJAS AZULES       2,005           2,006                    54                           H-2263 
12AZ    DOCE FRANJAS AZULES       2,023           2,024                    56                           H-2264 
12AZ    DOCE FRANJAS AZULES       2,024           2,025                    54                           H-2265 
12AZ    DOCE FRANJAS AZULES       2,002           2,003                    53                           H-2266 
12AZ    DOCE FRANJAS AZULES       2,021           2,022                    54                           H-2267 
12AZ    DOCE FRANJAS AZULES       2,019           2,020                    54                           H-2268 
12AZ    DOCE FRANJAS AZULES       2,008           2,009                    58                           H-2269 
12AZ    DOCE FRANJAS AZULES       2,020           2,021                    55                           H-2270 
12AZ    DOCE FRANJAS AZULES       2,026           2,027                    57                           H-2271 
12AZ    DOCE FRANJAS AZULES       2,001           2,002                    55                           H-2272 
12AZ    DOCE FRANJAS AZULES       2,028           2,029                    56                           H-2273 


------------------------------------------------------------------------------------------------------------------------
T.SUB-LOTES              TOT.PAQUETES =14      TOT.UNID. = 784   T/P NETO (kg) = 28,218      T/P BRUTO (kg) = 28,232
------------------------------------------------------------------------------------------------------------------------
