
EMPRESA NACIONAL DE MINERIA (ENM) PRODUCTOR          PACKING LIST                             PAG.  :   1
NATIONAL MINING COMPANY                       CODIGO DE LOTE   : E-1660                      FECHA :23/05/2023
                                              -----------------------------
FLUJO        : 
DESCRIPCION  : CATODOS EW EL SALADO
N° INSTR. DE EMBARQUE : 930967
CLIENTE      : 
Lote Sipa    : 23050464

----------------------------------------------------------------------------------------------------------------------------- 
MARCA       DESCRIPCION         PESO NETO      PESO BRUTO     GRUPO     UNIDADES       UBICACION         SERIE                
-----------------------------------------------------------------------------------------------------------------------------

07VE    SIETE VERDE               1,953           1,954                    90                           E-1660 
07VE    SIETE VERDE               2,028           2,029                    70                           E-1661 
07VE    SIETE VERDE               2,019           2,020                    79                           E-1662 
07VE    SIETE VERDE               2,008           2,009                    96                           E-1663 
07VE    SIETE VERDE               2,033           2,034                    62                           E-1664 
07VE    SIETE VERDE               2,013           2,014                    67                           E-1665 
07VE    SIETE VERDE               1,969           1,970                    60                           E-1666 
07VE    SIETE VERDE               2,004           2,005                    75                           E-1667 
07VE    SIETE VERDE               1,997           1,998                    98                           E-1668 
07VE    SIETE VERDE               1,997           1,998                    89                           E-1669 
07VE    SIETE VERDE               2,023           2,024                    76                           E-1670 
07VE    SIETE VERDE               2,022           2,023                    68                           E-1671 
07VE    SIETE VERDE               1,896           1,897                    69                           E-1672 
07VE    SIETE VERDE               2,001           2,002                    83                           E-1673 


------------------------------------------------------------------------------------------------------------------------
T.SUB-LOTES              TOT.PAQUETES =14      TOT.UNID. = 1082   T/P NETO (kg) = 27,963      T/P BRUTO (kg) = 27,977
------------------------------------------------------------------------------------------------------------------------
