
EMPRESA NACIONAL DE MINERIA (ENM) PRODUCTOR          PACKING LIST                             PAG.  :   1
NATIONAL MINING COMPANY                       CODIGO DE LOTE   : J-11402                      FECHA :19/10/2018
                                              -----------------------------
FLUJO        : 
DESCRIPCION  : CATODOS GRADO A
N° INSTR. DE EMBARQUE : 24826
CLIENTE      : NORDIC STRALSUND
Lote Sipa    : 18100435

----------------------------------------------------------------------------------------------------------------------------- 
MARCA       DESCRIPCION         PESO NETO      PESO BRUTO     GRUPO     UNIDADES       UBICACION         SERIE                
-----------------------------------------------------------------------------------------------------------------------------

X1BL    EQUIS FRANJA BLANCA       2,459           2,460         12         20                           J-11402
X1BL    EQUIS FRANJA BLANCA       2,442           2,443         12         20                           J-11403
X1BL    EQUIS FRANJA BLANCA       2,485           2,486         12         20                           J-11404
X1BL    EQUIS FRANJA BLANCA       2,413           2,414         12         20                           J-11405
X1BL    EQUIS FRANJA BLANCA       2,478           2,479         47         20                           J-11406
X1BL    EQUIS FRANJA BLANCA       2,506           2,507         47         20                           J-11407
X1BL    EQUIS FRANJA BLANCA       2,520           2,521         47         20                           J-11408
X1BL    EQUIS FRANJA BLANCA       2,435           2,436         47         20                           J-11409
X1BL    EQUIS FRANJA BLANCA       2,473           2,474         12         20                           J-11410
X1BL    EQUIS FRANJA BLANCA       2,479           2,480         47         20                           J-11411
X1BL    EQUIS FRANJA BLANCA       2,473           2,474         47         20                           J-11412
X1BL    EQUIS FRANJA BLANCA       2,504           2,505         47         20                           J-11413
X1BL    EQUIS FRANJA BLANCA       2,545           2,546         12         20                           J-11414
X1BL    EQUIS FRANJA BLANCA       2,435           2,436         46         20                           J-11415
X1BL    EQUIS FRANJA BLANCA       2,421           2,422         46         20                           J-11416
X1BL    EQUIS FRANJA BLANCA       2,461           2,462         46         20                           J-11417
X1BL    EQUIS FRANJA BLANCA       2,513           2,514         46         20                           J-11418
X1BL    EQUIS FRANJA BLANCA       2,510           2,511         46         20                           J-11419
X1BL    EQUIS FRANJA BLANCA       2,539           2,540         46         20                           J-11420
X1BL    EQUIS FRANJA BLANCA       2,493           2,494         46         20                           J-11421


------------------------------------------------------------------------------------------------------------------------
T.SUB-LOTES              TOT.PAQUETES =20      TOT.UNID. = 400   T/P NETO (kg) = 49,584      T/P BRUTO (kg) = 49,604
------------------------------------------------------------------------------------------------------------------------
