
EMPRESA NACIONAL DE MINERIA (ENM) PRODUCTOR          PACKING LIST                             PAG.  :   1
NATIONAL MINING COMPANY                       CODIGO DE LOTE   : D-2336                      FECHA :22/05/2023
                                              -----------------------------
FLUJO        : 
DESCRIPCION  : CATODOS EW DELTA
N° INSTR. DE EMBARQUE : 27923
CLIENTE      : MAERSK EVERGLADE
Lote Sipa    : 23030251

----------------------------------------------------------------------------------------------------------------------------- 
MARCA       DESCRIPCION         PESO NETO      PESO BRUTO     GRUPO     UNIDADES       UBICACION         SERIE                
-----------------------------------------------------------------------------------------------------------------------------

01BL    FRANJA BLANCA             2,015           2,016                    53                           C-2336 
01BL    FRANJA BLANCA             1,976           1,977                    58                           C-2337 
01BL    FRANJA BLANCA             2,007           2,008                    59                           C-2338 
01BL    FRANJA BLANCA             2,013           2,014                    61                           C-2339 
01BL    FRANJA BLANCA             2,011           2,012                    58                           C-2340 
01BL    FRANJA BLANCA             2,005           2,006                    56                           C-2341 
01BL    FRANJA BLANCA             2,003           2,004                    60                           C-2342 
01BL    FRANJA BLANCA             2,009           2,010                    52                           C-2343 
01BL    FRANJA BLANCA             2,011           2,012                    55                           C-2344 
01BL    FRANJA BLANCA             1,989           1,990                    53                           C-2345 
01BL    FRANJA BLANCA             2,005           2,006                    58                           C-2346 
01BL    FRANJA BLANCA             2,011           2,012                    51                           C-2347 
01BL    FRANJA BLANCA             2,020           2,021                    49                           C-2379 
01BL    FRANJA BLANCA             1,997           1,998                    50                           C-2380 
01BL    FRANJA BLANCA             2,014           2,015                    55                           C-2381 
01BL    FRANJA BLANCA             2,021           2,022                    54                           C-2382 
01BL    FRANJA BLANCA             2,005           2,006                    51                           C-2383 
01BL    FRANJA BLANCA             1,968           1,969                    43                           C-2384 
01BL    FRANJA BLANCA             1,999           2,000                    64                           C-2385 
01BL    FRANJA BLANCA             1,975           1,976                    54                           C-2386 
01BL    FRANJA BLANCA             2,017           2,018                    46                           C-2387 
01BL    FRANJA BLANCA             1,997           1,998                    41                           C-2388 
01BL    FRANJA BLANCA             1,986           1,987                    48                           C-2389 
01BL    FRANJA BLANCA             2,018           2,019                    46                           C-2390 
01BL    FRANJA BLANCA             1,998           1,999                    56                           C-2391 
01BL    FRANJA BLANCA             2,010           2,011                    48                           C-2392 
01BL    FRANJA BLANCA             2,002           2,003                    49                           D-2336 
01BL    FRANJA BLANCA             2,025           2,026                    52                           D-2337 
01BL    FRANJA BLANCA             1,983           1,984                    57                           D-2338 
01BL    FRANJA BLANCA             2,007           2,008                    56                           D-2339 
01BL    FRANJA BLANCA             2,008           2,009                    58                           D-2340 
01BL    FRANJA BLANCA             1,985           1,986                    60                           D-2341 
01BL    FRANJA BLANCA             2,013           2,014                    50                           D-2342 
01BL    FRANJA BLANCA             2,005           2,006                    57                           D-2343 
01BL    FRANJA BLANCA             2,033           2,034                    49                           D-2344 
01BL    FRANJA BLANCA             2,019           2,020                    59                           D-2345 
01BL    FRANJA BLANCA             2,025           2,026                    53                           D-2346 
01BL    FRANJA BLANCA             2,010           2,011                    57                           D-2347 
01BL    FRANJA BLANCA             2,003           2,004                    56                           D-2348 
01BL    FRANJA BLANCA             1,995           1,996                    53                           D-2349 


------------------------------------------------------------------------------------------------------------------------
T.SUB-LOTES              TOT.PAQUETES =40      TOT.UNID. = 2145   T/P NETO (kg) = 80,193      T/P BRUTO (kg) = 80,233
------------------------------------------------------------------------------------------------------------------------
