
EMPRESA NACIONAL DE MINERIA (ENM) PRODUCTOR          PACKING LIST                             PAG.  :   1
NATIONAL MINING COMPANY                       CODIGO DE LOTE   : C-2336                      FECHA :07/03/2022
                                              -----------------------------
FLUJO        : 
DESCRIPCION  : CATODOS EW DELTA
N° INSTR. DE EMBARQUE : 929155
CLIENTE      : 
Lote Sipa    : 22020470

----------------------------------------------------------------------------------------------------------------------------- 
MARCA       DESCRIPCION         PESO NETO      PESO BRUTO     GRUPO     UNIDADES       UBICACION         SERIE                
-----------------------------------------------------------------------------------------------------------------------------

05VE    CINCO FRANJAS VERDES      1,930           1,931                    43                           C-2336 
05VE    CINCO FRANJAS VERDES      1,933           1,934                    61                           C-2337 
05VE    CINCO FRANJAS VERDES      1,980           1,981                    60                           C-2338 
05VE    CINCO FRANJAS VERDES      1,948           1,949                    42                           C-2339 
05VE    CINCO FRANJAS VERDES      1,957           1,958                    42                           C-2340 
05VE    CINCO FRANJAS VERDES      1,927           1,928                    59                           C-2341 
05VE    CINCO FRANJAS VERDES      1,933           1,934                    42                           C-2342 
05VE    CINCO FRANJAS VERDES      1,928           1,929                    57                           C-2343 
05VE    CINCO FRANJAS VERDES      1,945           1,946                    55                           C-2344 
05VE    CINCO FRANJAS VERDES      1,938           1,939                    57                           C-2345 
05VE    CINCO FRANJAS VERDES      1,922           1,923                    60                           C-2346 
05VE    CINCO FRANJAS VERDES      1,944           1,945                    43                           C-2347 
05VE    CINCO FRANJAS VERDES      1,913           1,914                    43                           C-2348 
05VE    CINCO FRANJAS VERDES      1,938           1,939                    44                           C-2349 


------------------------------------------------------------------------------------------------------------------------
T.SUB-LOTES              TOT.PAQUETES =14      TOT.UNID. = 708   T/P NETO (kg) = 27,136      T/P BRUTO (kg) = 27,150
------------------------------------------------------------------------------------------------------------------------
