
EMPRESA NACIONAL DE MINERIA (ENM) PRODUCTOR          PACKING LIST                             PAG.  :   1
NATIONAL MINING COMPANY                       CODIGO DE LOTE   : D-3266                      FECHA :26/06/2019
                                              -----------------------------
FLUJO        : 
DESCRIPCION  : CATODOS EW MATTA
N° INSTR. DE EMBARQUE : 25299
CLIENTE      : LAURA MAERSK
Lote Sipa    : 19040286

----------------------------------------------------------------------------------------------------------------------------- 
MARCA       DESCRIPCION         PESO NETO      PESO BRUTO     GRUPO     UNIDADES       UBICACION         SERIE                
-----------------------------------------------------------------------------------------------------------------------------

01CE    FRANJA CELESTE            2,022           2,023                    68                           D-3266 
01CE    FRANJA CELESTE            2,013           2,014                    64                           D-3267 
01CE    FRANJA CELESTE            2,013           2,014                    65                           D-3268 
01CE    FRANJA CELESTE            2,032           2,033                    65                           D-3269 
01CE    FRANJA CELESTE            2,014           2,015                    67                           D-3270 
01CE    FRANJA CELESTE            2,028           2,029                    65                           D-3271 
01CE    FRANJA CELESTE            2,018           2,019                    69                           D-3272 
01CE    FRANJA CELESTE            2,019           2,020                    62                           D-3273 
01CE    FRANJA CELESTE            2,010           2,011                    69                           D-3274 
01CE    FRANJA CELESTE            2,035           2,036                    52                           D-3275 
01CE    FRANJA CELESTE            2,015           2,016                    69                           D-3276 
01CE    FRANJA CELESTE            2,004           2,005                    73                           D-3277 
01CE    FRANJA CELESTE            2,014           2,015                    69                           D-3278 
01CE    FRANJA CELESTE            2,016           2,017                    62                           D-3279 
01CE    FRANJA CELESTE            2,024           2,025                    60                           D-3356 
01CE    FRANJA CELESTE            2,029           2,030                    56                           D-3357 
01CE    FRANJA CELESTE            2,033           2,034                    56                           D-3358 
01CE    FRANJA CELESTE            2,019           2,020                    57                           D-3359 
01CE    FRANJA CELESTE            2,036           2,037                    57                           D-3360 
01CE    FRANJA CELESTE            2,022           2,023                    61                           D-3361 
01CE    FRANJA CELESTE            2,046           2,047                    58                           D-3362 
01CE    FRANJA CELESTE            2,026           2,027                    58                           D-3363 
01CE    FRANJA CELESTE            2,027           2,028                    58                           D-3364 
01CE    FRANJA CELESTE            2,047           2,048                    58                           D-3365 
01CE    FRANJA CELESTE            2,015           2,016                    55                           D-3366 
01CE    FRANJA CELESTE            2,032           2,033                    57                           D-3367 
01CE    FRANJA CELESTE            2,029           2,030                    58                           D-3368 
01CE    FRANJA CELESTE            2,038           2,039                    57                           D-3369 
01CE    FRANJA CELESTE            2,014           2,015                    63                           E-30236
01CE    FRANJA CELESTE            2,008           2,009                    63                           E-30237
01CE    FRANJA CELESTE            2,013           2,014                    57                           E-30238
01CE    FRANJA CELESTE            2,008           2,009                    57                           E-30239
01CE    FRANJA CELESTE            2,005           2,006                    59                           E-30240
01CE    FRANJA CELESTE            2,016           2,017                    57                           E-30241
01CE    FRANJA CELESTE            2,035           2,036                    61                           E-30242
01CE    FRANJA CELESTE            2,022           2,023                    64                           E-30243
01CE    FRANJA CELESTE            2,014           2,015                    53                           E-30244
01CE    FRANJA CELESTE            2,016           2,017                    63                           E-30245
01CE    FRANJA CELESTE            2,023           2,024                    57                           E-30246
01CE    FRANJA CELESTE            2,024           2,025                    58                           E-30247
01CE    FRANJA CELESTE            2,014           2,015                    58                           E-30248
01CE    FRANJA CELESTE            2,014           2,015                    57                           E-30249
01CE    FRANJA CELESTE            2,024           2,025                    57                           E-30251
01CE    FRANJA CELESTE            2,029           2,030                    41                           E-30252
01CE    FRANJA CELESTE            1,961           1,962                    58                           E-30253









EMPRESA NACIONAL DE MINERIA (ENM) PRODUCTOR          PACKING LIST                             PAG.  :   2
NATIONAL MINING COMPANY                       CODIGO DE LOTE   : D-3266                      FECHA :26/06/2019
                                              -----------------------------
FLUJO        : 
DESCRIPCION  : CATODOS EW MATTA
N° INSTR. DE EMBARQUE : 25299
CLIENTE      : LAURA MAERSK
Lote Sipa    : 19040286

----------------------------------------------------------------------------------------------------------------------------- 
MARCA       DESCRIPCION         PESO NETO      PESO BRUTO     GRUPO     UNIDADES       UBICACION         SERIE                
-----------------------------------------------------------------------------------------------------------------------------

01CE    FRANJA CELESTE            2,035           2,036                    42                           E-30254
01CE    FRANJA CELESTE            2,022           2,023                    57                           E-30255
01CE    FRANJA CELESTE            2,028           2,029                    55                           E-30256
01CE    FRANJA CELESTE            2,021           2,022                    55                           E-30257
01CE    FRANJA CELESTE            2,013           2,014                    45                           E-30258
01CE    FRANJA CELESTE            2,020           2,021                    56                           E-30259
01CE    FRANJA CELESTE            2,007           2,008                    56                           E-30260
01CE    FRANJA CELESTE            2,040           2,041                    43                           E-30261
01CE    FRANJA CELESTE            2,023           2,024                    57                           E-30262
01CE    FRANJA CELESTE            2,001           2,002                    49                           E-30263
01CE    FRANJA CELESTE            2,013           2,014                    56                           E-30264
01CE    FRANJA CELESTE            2,003           2,004                    62                           E-30280
01CE    FRANJA CELESTE            2,030           2,031                    61                           E-30281
01CE    FRANJA CELESTE            2,004           2,005                    62                           E-30282
01CE    FRANJA CELESTE            2,029           2,030                    62                           E-30283
01CE    FRANJA CELESTE            2,027           2,028                    62                           E-30284
01CE    FRANJA CELESTE            2,034           2,035                    60                           E-30285
01CE    FRANJA CELESTE            2,030           2,031                    61                           E-30286
01CE    FRANJA CELESTE            2,012           2,013                    59                           E-30287
01CE    FRANJA CELESTE            2,004           2,005                    60                           E-30288
01CE    FRANJA CELESTE            2,028           2,029                    60                           E-30289
01CE    FRANJA CELESTE            2,025           2,026                    61                           E-30290
01CE    FRANJA CELESTE            2,021           2,022                    62                           E-30291
01CE    FRANJA CELESTE            2,027           2,028                    61                           E-30292
01CE    FRANJA CELESTE            2,003           2,004                    60                           E-30293
01CE    FRANJA CELESTE            2,032           2,033                    55                           E-30330
01CE    FRANJA CELESTE            2,005           2,006                    67                           E-30331
01CE    FRANJA CELESTE            2,015           2,016                    66                           E-30332
01CE    FRANJA CELESTE            2,024           2,025                    55                           E-30333
01CE    FRANJA CELESTE            2,018           2,019                    60                           E-30334
01CE    FRANJA CELESTE            2,032           2,033                    68                           E-30335
01CE    FRANJA CELESTE            2,015           2,016                    58                           E-30336
01CE    FRANJA CELESTE            2,026           2,027                    69                           E-30337
01CE    FRANJA CELESTE            2,016           2,017                    62                           E-30338
01CE    FRANJA CELESTE            2,014           2,015                    68                           E-30339
01CE    FRANJA CELESTE            2,007           2,008                    69                           E-30340
01CE    FRANJA CELESTE            2,023           2,024                    67                           E-30341
01CE    FRANJA CELESTE            2,019           2,020                    62                           E-30342
01CE    FRANJA CELESTE            2,031           2,032                    69                           E-30343


------------------------------------------------------------------------------------------------------------------------
T.SUB-LOTES              TOT.PAQUETES =84      TOT.UNID. = 5027   T/P NETO (kg) = 169,693      T/P BRUTO (kg) = 169,777
------------------------------------------------------------------------------------------------------------------------
