
EMPRESA NACIONAL DE MINERIA (ENM) PRODUCTOR          PACKING LIST                             PAG.  :   1
NATIONAL MINING COMPANY                       CODIGO DE LOTE   : I-9072                      FECHA :23/09/2019
                                              -----------------------------
FLUJO        : 
DESCRIPCION  : CATODOS GRADO A
N° INSTR. DE EMBARQUE : 25486
CLIENTE      : LEDA MAERSK
Lote Sipa    : 

----------------------------------------------------------------------------------------------------------------------------- 
MARCA       DESCRIPCION         PESO NETO      PESO BRUTO     GRUPO     UNIDADES       UBICACION         SERIE                
-----------------------------------------------------------------------------------------------------------------------------

V0AM    V AMARILLA                2,061           2,062         47         20                           I-9072 
V0AM    V AMARILLA                2,025           2,026         47         20                           I-9073 
V0AM    V AMARILLA                2,221           2,222         47         20                           I-9074 
V0AM    V AMARILLA                2,219           2,220         47         20                           I-9075 
V0AM    V AMARILLA                2,260           2,261         47         20                           I-9076 
V0AM    V AMARILLA                2,217           2,218         40         20                           I-9077 
V0AM    V AMARILLA                2,020           2,021         40         20                           I-9078 
V0AM    V AMARILLA                2,141           2,142         40         20                           I-9079 
V0AM    V AMARILLA                2,102           2,103         40         20                           I-9080 
V0AM    V AMARILLA                2,223           2,224         40         20                           I-9081 
V0AM    V AMARILLA                2,221           2,222         40         20                           I-9082 
V0AM    V AMARILLA                2,156           2,157         40         20                           I-9083 
V0AM    V AMARILLA                1,915           1,916         40         20                           I-9084 
V0AM    V AMARILLA                2,219           2,220         40         20                           I-9085 
V0AM    V AMARILLA                2,164           2,165         40         20                           I-9086 
V0AM    V AMARILLA                2,259           2,260         40         20                           I-9087 
V0AM    V AMARILLA                2,220           2,221         35         20                           I-9088 
V0AM    V AMARILLA                2,255           2,256         40         20                           I-9089 
V0AM    V AMARILLA                2,085           2,086         40         20                           I-9090 
V0AM    V AMARILLA                2,291           2,292         40         20                           I-9091 
V0AM    V AMARILLA                2,194           2,195         40         20                           I-9092 
V0AM    V AMARILLA                2,193           2,194         47         20                           I-9093 
V0AM    V AMARILLA                1,965           1,966         47         20                           I-9094 
V0AM    V AMARILLA                2,299           2,300         47         20                           I-9095 
V0AM    V AMARILLA                2,044           2,045         40         20                           I-9096 
V0AM    V AMARILLA                2,234           2,235         40         20                           I-9097 
V0AM    V AMARILLA                2,103           2,104         40         20                           I-9098 
V0AM    V AMARILLA                2,279           2,280         47         20                           I-9099 
V0AM    V AMARILLA                2,008           2,009         47         20                           I-9100 
V0AM    V AMARILLA                1,955           1,956         40         20                           I-9101 
V0AM    V AMARILLA                2,348           2,349         47         20                           I-9102 
V0AM    V AMARILLA                2,165           2,166         47         20                           I-9103 
V0AM    V AMARILLA                2,232           2,233         47         20                           I-9104 
V0AM    V AMARILLA                2,155           2,156         47         20                           I-9105 
V0AM    V AMARILLA                2,063           2,064         47         20                           I-9106 
V0AM    V AMARILLA                2,085           2,086         40         20                           I-9107 
V0AM    V AMARILLA                1,919           1,920         40         20                           I-9108 
V0AM    V AMARILLA                2,233           2,234         40         20                           I-9109 
V0AM    V AMARILLA                2,129           2,130         40         20                           I-9110 
V0AM    V AMARILLA                2,221           2,222         40         20                           I-9111 
V0AM    V AMARILLA                2,277           2,278         40         20                           I-9112 
V0AM    V AMARILLA                1,967           1,968         40         20                           I-9113 
V0AM    V AMARILLA                2,281           2,282         40         20                           I-9114 
V0AM    V AMARILLA                1,973           1,974         40         20                           I-9115 
V0AM    V AMARILLA                1,924           1,925         40         20                           I-9116 









EMPRESA NACIONAL DE MINERIA (ENM) PRODUCTOR          PACKING LIST                             PAG.  :   2
NATIONAL MINING COMPANY                       CODIGO DE LOTE   : I-9072                      FECHA :23/09/2019
                                              -----------------------------
FLUJO        : 
DESCRIPCION  : CATODOS GRADO A
N° INSTR. DE EMBARQUE : 25486
CLIENTE      : LEDA MAERSK
Lote Sipa    : 

----------------------------------------------------------------------------------------------------------------------------- 
MARCA       DESCRIPCION         PESO NETO      PESO BRUTO     GRUPO     UNIDADES       UBICACION         SERIE                
-----------------------------------------------------------------------------------------------------------------------------

V0AM    V AMARILLA                2,172           2,173         40         20                           I-9117 
V0AM    V AMARILLA                2,374           2,375         40         20                           I-9118 
V0AM    V AMARILLA                2,025           2,026         40         20                           I-9119 
V0AM    V AMARILLA                2,276           2,277         40         20                           I-9120 
V0AM    V AMARILLA                2,105           2,106         40         20                           I-9121 
V0AM    V AMARILLA                2,039           2,040         40         20                           I-9122 
V0AM    V AMARILLA                2,172           2,173         40         20                           I-9123 
V0AM    V AMARILLA                2,221           2,222         40         20                           I-9124 
V0AM    V AMARILLA                1,912           1,913         40         20                           I-9125 
V0AM    V AMARILLA                2,127           2,128         40         20                           I-9126 
V0AM    V AMARILLA                1,975           1,976         40         20                           I-9127 
V0AM    V AMARILLA                2,175           2,176         40         20                           I-9128 
V0AM    V AMARILLA                2,235           2,236         40         20                           I-9129 
V0AM    V AMARILLA                2,246           2,247         40         20                           I-9130 
V0AM    V AMARILLA                2,052           2,053         40         20                           I-9131 
V0AM    V AMARILLA                2,092           2,093         40         20                           I-9132 
V0AM    V AMARILLA                2,208           2,209         40         20                           I-9133 
V0AM    V AMARILLA                2,299           2,300         40         20                           I-9134 
V0AM    V AMARILLA                2,207           2,208         40         20                           I-9135 
V0AM    V AMARILLA                2,221           2,222         40         20                           I-9136 
V0AM    V AMARILLA                2,032           2,033         35         20                           I-9137 
V0AM    V AMARILLA                2,123           2,124         40         20                           I-9138 
V0AM    V AMARILLA                2,103           2,104         40         20                           I-9139 
V0AM    V AMARILLA                2,204           2,205         40         20                           I-9140 
V0AM    V AMARILLA                2,298           2,299         40         20                           I-9141 
V0AM    V AMARILLA                2,294           2,295         40         20                           I-9142 
V0AM    V AMARILLA                2,007           2,008         40         20                           I-9143 
V0AM    V AMARILLA                2,113           2,114         40         20                           I-9144 
V0AM    V AMARILLA                2,065           2,066         40         20                           I-9145 
V0AM    V AMARILLA                2,144           2,145         40         20                           I-9146 
V0AM    V AMARILLA                2,159           2,160         40         20                           I-9147 
V0AM    V AMARILLA                1,942           1,943         40         20                           I-9148 
V0AM    V AMARILLA                2,165           2,166         40         20                           I-9149 
V0AM    V AMARILLA                2,181           2,182         40         20                           I-9150 
V0AM    V AMARILLA                1,975           1,976         40         20                           I-9151 
V0AM    V AMARILLA                2,380           2,381         40         20                           I-9152 
V0AM    V AMARILLA                2,228           2,229         40         20                           I-9153 
V0AM    V AMARILLA                2,255           2,256         40         20                           I-9154 
V0AM    V AMARILLA                2,216           2,217         40         20                           I-9155 
V0AM    V AMARILLA                2,163           2,164         40         20                           I-9156 
V0AM    V AMARILLA                2,270           2,271         40         20                           I-9157 
V0AM    V AMARILLA                2,087           2,088         40         20                           I-9158 
V0AM    V AMARILLA                2,131           2,132         40         20                           I-9159 
V0AM    V AMARILLA                2,270           2,271         40         20                           I-9160 
V0AM    V AMARILLA                1,992           1,993         40         20                           I-9161 









EMPRESA NACIONAL DE MINERIA (ENM) PRODUCTOR          PACKING LIST                             PAG.  :   3
NATIONAL MINING COMPANY                       CODIGO DE LOTE   : I-9072                      FECHA :23/09/2019
                                              -----------------------------
FLUJO        : 
DESCRIPCION  : CATODOS GRADO A
N° INSTR. DE EMBARQUE : 25486
CLIENTE      : LEDA MAERSK
Lote Sipa    : 

----------------------------------------------------------------------------------------------------------------------------- 
MARCA       DESCRIPCION         PESO NETO      PESO BRUTO     GRUPO     UNIDADES       UBICACION         SERIE                
-----------------------------------------------------------------------------------------------------------------------------

V0AM    V AMARILLA                2,063           2,064         40         20                           I-9162 
V0AM    V AMARILLA                2,315           2,316         40         20                           I-9163 
V0AM    V AMARILLA                1,911           1,912         47         20                           I-9164 
V0AM    V AMARILLA                2,344           2,345         47         20                           I-9165 
V0AM    V AMARILLA                2,136           2,137         47         20                           I-9166 
V0AM    V AMARILLA                2,300           2,301         40         20                           I-9167 
V0AM    V AMARILLA                2,056           2,057         40         20                           I-9168 
V0AM    V AMARILLA                2,332           2,333         40         20                           I-9169 
V0AM    V AMARILLA                2,031           2,032         47         20                           I-9170 
V0AM    V AMARILLA                2,282           2,283         47         20                           I-9171 
V0AM    V AMARILLA                2,223           2,224         47         20                           I-9172 
V0AM    V AMARILLA                2,213           2,214         47         20                           I-9173 
V0AM    V AMARILLA                2,165           2,166         47         20                           I-9174 
V0AM    V AMARILLA                2,027           2,028         47         20                           I-9175 
V0AM    V AMARILLA                2,124           2,125         47         20                           I-9176 
V0AM    V AMARILLA                2,225           2,226         47         20                           I-9177 
V0AM    V AMARILLA                2,291           2,292         47         20                           I-9178 
V0AM    V AMARILLA                2,308           2,309         47         20                           I-9179 
V0AM    V AMARILLA                2,168           2,169         47         20                           I-9180 
V0AM    V AMARILLA                2,298           2,299         47         20                           I-9181 
V0AM    V AMARILLA                2,188           2,189         47         20                           I-9182 
V0AM    V AMARILLA                2,301           2,302         47         20                           I-9183 
V0AM    V AMARILLA                2,226           2,227         47         20                           I-9184 
V0AM    V AMARILLA                2,247           2,248         47         20                           I-9185 
V0AM    V AMARILLA                2,261           2,262         47         20                           I-9186 
V0AM    V AMARILLA                2,005           2,006         47         20                           I-9187 
V0AM    V AMARILLA                2,089           2,090         47         20                           I-9188 
V0AM    V AMARILLA                2,146           2,147         47         20                           I-9189 
V0AM    V AMARILLA                2,078           2,079         47         20                           I-9190 
V0AM    V AMARILLA                2,115           2,116         47         20                           I-9191 
V0AM    V AMARILLA                2,081           2,082         47         20                           I-9192 
V0AM    V AMARILLA                2,088           2,089         47         20                           I-9193 
V0AM    V AMARILLA                2,063           2,064         47         20                           I-9194 
V0AM    V AMARILLA                2,076           2,077         47         20                           I-9195 
V0AM    V AMARILLA                2,050           2,051         47         20                           I-9196 
V0AM    V AMARILLA                2,101           2,102         47         20                           I-9197 
V0AM    V AMARILLA                2,135           2,136         47         20                           I-9198 
V0AM    V AMARILLA                2,250           2,251         47         20                           I-9199 
V0AM    V AMARILLA                2,046           2,047         47         20                           I-9200 
V0AM    V AMARILLA                2,197           2,198         47         20                           I-9201 
V0AM    V AMARILLA                2,186           2,187         47         20                           I-9202 
V0AM    V AMARILLA                2,111           2,112         47         20                           I-9203 
V0AM    V AMARILLA                2,106           2,107         47         20                           I-9204 
V0AM    V AMARILLA                2,227           2,228         47         20                           I-9205 
V0AM    V AMARILLA                1,909           1,910         47         20                           I-9206 









EMPRESA NACIONAL DE MINERIA (ENM) PRODUCTOR          PACKING LIST                             PAG.  :   4
NATIONAL MINING COMPANY                       CODIGO DE LOTE   : I-9072                      FECHA :23/09/2019
                                              -----------------------------
FLUJO        : 
DESCRIPCION  : CATODOS GRADO A
N° INSTR. DE EMBARQUE : 25486
CLIENTE      : LEDA MAERSK
Lote Sipa    : 

----------------------------------------------------------------------------------------------------------------------------- 
MARCA       DESCRIPCION         PESO NETO      PESO BRUTO     GRUPO     UNIDADES       UBICACION         SERIE                
-----------------------------------------------------------------------------------------------------------------------------

V0AM    V AMARILLA                2,174           2,175         18         20                           I-9207 
V0AM    V AMARILLA                2,281           2,282         18         20                           I-9208 
V0AM    V AMARILLA                2,241           2,242         18         20                           I-9209 
V0AM    V AMARILLA                2,298           2,299         18         20                           I-9210 


------------------------------------------------------------------------------------------------------------------------
T.SUB-LOTES              TOT.PAQUETES =139      TOT.UNID. = 2780   T/P NETO (kg) = 299,538      T/P BRUTO (kg) = 299,677
------------------------------------------------------------------------------------------------------------------------
