
EMPRESA NACIONAL DE MINERIA (ENM) PRODUCTOR          PACKING LIST                             PAG.  :   1
NATIONAL MINING COMPANY                       CODIGO DE LOTE   : A-2269                      FECHA :29/04/2021
                                              -----------------------------
FLUJO        : 
DESCRIPCION  : CATODOS EW TALTAL
N° INSTR. DE EMBARQUE : 26619
CLIENTE      : CAROLINE MAERSK
Lote Sipa    : 21010533

----------------------------------------------------------------------------------------------------------------------------- 
MARCA       DESCRIPCION         PESO NETO      PESO BRUTO     GRUPO     UNIDADES       UBICACION         SERIE                
-----------------------------------------------------------------------------------------------------------------------------

01AM    FRANJA AMARILLA           2,010           2,011                    60                           A-2269 
01AM    FRANJA AMARILLA           2,009           2,010                    52                           A-2270 
01AM    FRANJA AMARILLA           2,001           2,002                    52                           A-2271 
01AM    FRANJA AMARILLA           2,003           2,004                    64                           A-2272 
01AM    FRANJA AMARILLA           2,010           2,011                    54                           A-2273 
01AM    FRANJA AMARILLA           2,001           2,002                    45                           A-2274 
01AM    FRANJA AMARILLA           2,010           2,011                    57                           A-2275 
01AM    FRANJA AMARILLA           2,010           2,011                    57                           A-2276 
01AM    FRANJA AMARILLA           2,023           2,024                    61                           A-2277 
01AM    FRANJA AMARILLA           2,012           2,013                    54                           A-2278 
01AM    FRANJA AMARILLA           2,011           2,012                    60                           A-2279 
01AM    FRANJA AMARILLA           1,999           2,000                    55                           A-2280 
01AM    FRANJA AMARILLA           1,979           1,980                    60                           A-2281 
01AM    FRANJA AMARILLA           1,716           1,717                    68                           A-2282 
01AM    FRANJA AMARILLA           1,997           1,998                    47                           C-2125 
01AM    FRANJA AMARILLA           2,010           2,011                    60                           C-2126 
01AM    FRANJA AMARILLA           2,013           2,014                    67                           C-2127 
01AM    FRANJA AMARILLA           1,704           1,705                    54                           C-2128 
01AM    FRANJA AMARILLA           2,005           2,006                    58                           C-2129 
01AM    FRANJA AMARILLA           2,012           2,013                    68                           C-2130 
01AM    FRANJA AMARILLA           1,941           1,942                    59                           C-2131 
01AM    FRANJA AMARILLA           2,012           2,013                    64                           C-2132 
01AM    FRANJA AMARILLA           1,931           1,932                    53                           C-2133 
01AM    FRANJA AMARILLA           2,011           2,012                    54                           C-2134 
01AM    FRANJA AMARILLA           2,077           2,078                    60                           C-2135 
01AM    FRANJA AMARILLA           2,023           2,024                    57                           C-2136 
01AM    FRANJA AMARILLA           2,026           2,027                    56                           C-2137 
01AM    FRANJA AMARILLA           2,004           2,005                    57                           C-2138 


------------------------------------------------------------------------------------------------------------------------
T.SUB-LOTES              TOT.PAQUETES =28      TOT.UNID. = 1613   T/P NETO (kg) = 55,560      T/P BRUTO (kg) = 55,588
------------------------------------------------------------------------------------------------------------------------
