
EMPRESA NACIONAL DE MINERIA (ENM) PRODUCTOR          PACKING LIST                             PAG.  :   1
NATIONAL MINING COMPANY                       CODIGO DE LOTE   : E-24042                      FECHA :23/05/2022
                                              -----------------------------
FLUJO        : 
DESCRIPCION  : RESTOS ANODOS TTE A EMBARQUE
N° INSTR. DE EMBARQUE : 62906
CLIENTE      : CODELCO
Lote Sipa    : 

----------------------------------------------------------------------------------------------------------------------------- 
MARCA       DESCRIPCION         PESO NETO      PESO BRUTO     GRUPO     UNIDADES       UBICACION         SERIE                
-----------------------------------------------------------------------------------------------------------------------------

01BL    FRANJA BLANCA             1,343           1,344         1B         30                           E-24042
01BL    FRANJA BLANCA             1,456           1,457         1B         30                           E-24043
01BL    FRANJA BLANCA             1,440           1,441         1B         30                           E-24044
01BL    FRANJA BLANCA             1,392           1,393         1B         30                           E-24045
01BL    FRANJA BLANCA             1,445           1,446         1B         30                           E-24046
01BL    FRANJA BLANCA             1,917           1,918         1B         30                           E-24047
01BL    FRANJA BLANCA             1,572           1,573         1B         30                           E-24048
01BL    FRANJA BLANCA             1,532           1,533         1B         30                           E-24049
01BL    FRANJA BLANCA             1,634           1,635         1B         30                           E-24050
01BL    FRANJA BLANCA             1,820           1,821         1B         30                           E-24051
01BL    FRANJA BLANCA             1,480           1,481         1B         30                           E-24052
01BL    FRANJA BLANCA             1,704           1,705         1B         30                           E-24053
01BL    FRANJA BLANCA             1,585           1,586         1B         30                           E-24054
01BL    FRANJA BLANCA             1,388           1,389         1B         30                           E-24055
01BL    FRANJA BLANCA             1,585           1,586         1B         30                           E-24056
01BL    FRANJA BLANCA             1,488           1,489         1B         30                           E-24057
01BL    FRANJA BLANCA             1,547           1,548         1B         30                           E-24058
01BL    FRANJA BLANCA             1,464           1,465         1B         30                           E-24059
01BL    FRANJA BLANCA             1,496           1,497         1B         30                           E-24060
01BL    FRANJA BLANCA             1,508           1,509         1B         30                           E-24061
01BL    FRANJA BLANCA             1,763           1,764         1B         30                           E-24062
01BL    FRANJA BLANCA             1,667           1,668         1B         30                           E-24063
01BL    FRANJA BLANCA             1,838           1,839         1B         30                           E-24064
01BL    FRANJA BLANCA             1,383           1,384         1B         30                           E-24065
01BL    FRANJA BLANCA             1,494           1,495         1B         30                           E-24066
01BL    FRANJA BLANCA             1,852           1,853         1B         30                           E-24067
01BL    FRANJA BLANCA             1,665           1,666         1B         30                           E-24068
01BL    FRANJA BLANCA             1,543           1,544         1B         30                           E-24069
01BL    FRANJA BLANCA             1,468           1,469         1B         30                           E-24070
01BL    FRANJA BLANCA             1,548           1,549         1B         30                           E-24071
01BL    FRANJA BLANCA             1,608           1,609         1B         30                           E-24072
01BL    FRANJA BLANCA             1,568           1,569         1B         30                           E-24073
01BL    FRANJA BLANCA             1,521           1,522         1B         30                           E-24074
01BL    FRANJA BLANCA             1,413           1,414         1B         30                           E-24075
01BL    FRANJA BLANCA             1,703           1,704         1B         30                           E-24076
01BL    FRANJA BLANCA             1,744           1,745         1B         30                           E-24077
01BL    FRANJA BLANCA             1,775           1,776         1B         30                           E-24078
01BL    FRANJA BLANCA             1,620           1,621         1B         30                           E-24079
01BL    FRANJA BLANCA             1,531           1,532         1B         30                           E-24080
01BL    FRANJA BLANCA             1,730           1,731         1B         30                           E-24081
01BL    FRANJA BLANCA             1,483           1,484         1B         30                           E-24082
01BL    FRANJA BLANCA             1,651           1,652         1B         30                           E-24083
01BL    FRANJA BLANCA             1,462           1,463         1B         30                           E-24084
01BL    FRANJA BLANCA             1,950           1,951         1B         30                           E-24085
01BL    FRANJA BLANCA             1,654           1,655         1B         30                           E-24086









EMPRESA NACIONAL DE MINERIA (ENM) PRODUCTOR          PACKING LIST                             PAG.  :   2
NATIONAL MINING COMPANY                       CODIGO DE LOTE   : E-24042                      FECHA :23/05/2022
                                              -----------------------------
FLUJO        : 
DESCRIPCION  : RESTOS ANODOS TTE A EMBARQUE
N° INSTR. DE EMBARQUE : 62906
CLIENTE      : CODELCO
Lote Sipa    : 

----------------------------------------------------------------------------------------------------------------------------- 
MARCA       DESCRIPCION         PESO NETO      PESO BRUTO     GRUPO     UNIDADES       UBICACION         SERIE                
-----------------------------------------------------------------------------------------------------------------------------

01BL    FRANJA BLANCA             1,734           1,735         1B         30                           E-24087
01BL    FRANJA BLANCA             1,653           1,654         1B         30                           E-24088
01BL    FRANJA BLANCA             1,758           1,759         1B         30                           E-24089
01BL    FRANJA BLANCA             1,514           1,515         1B         30                           E-24090
01BL    FRANJA BLANCA             1,583           1,584         1B         30                           E-24091
01BL    FRANJA BLANCA             1,473           1,474         1B         30                           E-24092
01BL    FRANJA BLANCA             1,510           1,511         1B         30                           E-24093
01BL    FRANJA BLANCA             1,334           1,335         1B         30                           E-24094
01BL    FRANJA BLANCA             2,255           2,256         1B         30                           E-24095
01BL    FRANJA BLANCA             1,655           1,656         1B         30                           E-24096
01BL    FRANJA BLANCA             1,543           1,544         1B         30                           E-24097
01BL    FRANJA BLANCA             1,608           1,609         1B         30                           E-24098
01BL    FRANJA BLANCA             1,717           1,718         1B         30                           E-24099
01BL    FRANJA BLANCA             1,601           1,602         1B         30                           E-24100
01BL    FRANJA BLANCA             1,596           1,597         1B         30                           E-24101
01BL    FRANJA BLANCA             1,468           1,469         1B         30                           E-24102
01BL    FRANJA BLANCA             1,480           1,481         1B         30                           E-24103
01BL    FRANJA BLANCA             1,705           1,706         1B         30                           E-24104
01BL    FRANJA BLANCA             1,742           1,743         1B         30                           E-24105


------------------------------------------------------------------------------------------------------------------------
T.SUB-LOTES              TOT.PAQUETES =64      TOT.UNID. = 1920   T/P NETO (kg) = 102,359      T/P BRUTO (kg) = 102,423
------------------------------------------------------------------------------------------------------------------------
