
EMPRESA NACIONAL DE MINERIA (ENM) PRODUCTOR          PACKING LIST                             PAG.  :   1
NATIONAL MINING COMPANY                       CODIGO DE LOTE   : E-1659                      FECHA :16/05/2022
                                              -----------------------------
FLUJO        : 
DESCRIPCION  : CATODOS EW EL SALADO
N° INSTR. DE EMBARQUE : 929449
CLIENTE      : 
Lote Sipa    : 22050297

----------------------------------------------------------------------------------------------------------------------------- 
MARCA       DESCRIPCION         PESO NETO      PESO BRUTO     GRUPO     UNIDADES       UBICACION         SERIE                
-----------------------------------------------------------------------------------------------------------------------------

07VE    SIETE VERDE               1,979           1,980                    76                           E-1659 
07VE    SIETE VERDE               2,017           2,018                    81                           E-1660 
07VE    SIETE VERDE               2,042           2,043                    86                           E-1661 
07VE    SIETE VERDE               1,958           1,959                    67                           E-1662 
07VE    SIETE VERDE               2,034           2,035                    116                          E-1663 
07VE    SIETE VERDE               2,044           2,045                    78                           E-1664 
07VE    SIETE VERDE               2,020           2,021                    76                           E-1665 
07VE    SIETE VERDE               1,966           1,967                    79                           E-1666 
07VE    SIETE VERDE               2,027           2,028                    78                           E-1667 
07VE    SIETE VERDE               1,988           1,989                    62                           E-1668 
07VE    SIETE VERDE               2,031           2,032                    83                           E-1669 
07VE    SIETE VERDE               1,967           1,968                    101                          E-1670 
07VE    SIETE VERDE               1,997           1,998                    70                           E-1671 


------------------------------------------------------------------------------------------------------------------------
T.SUB-LOTES              TOT.PAQUETES =13      TOT.UNID. = 1053   T/P NETO (kg) = 26,070      T/P BRUTO (kg) = 26,083
------------------------------------------------------------------------------------------------------------------------
