
EMPRESA NACIONAL DE MINERIA (ENM) PRODUCTOR          PACKING LIST                             PAG.  :   1
NATIONAL MINING COMPANY                       CODIGO DE LOTE   : D-3310                      FECHA :26/04/2022
                                              -----------------------------
FLUJO        : 
DESCRIPCION  : CATODOS EW MATTA
N° INSTR. DE EMBARQUE : 929359
CLIENTE      : 
Lote Sipa    : 22040459

----------------------------------------------------------------------------------------------------------------------------- 
MARCA       DESCRIPCION         PESO NETO      PESO BRUTO     GRUPO     UNIDADES       UBICACION         SERIE                
-----------------------------------------------------------------------------------------------------------------------------

06RJ    6 FRANJAS ROJAS           2,040           2,041                    68                           D-3310 
06RJ    6 FRANJAS ROJAS           2,036           2,037                    51                           D-3311 
06RJ    6 FRANJAS ROJAS           2,025           2,026                    53                           D-3312 
06RJ    6 FRANJAS ROJAS           2,040           2,041                    54                           D-3313 
06RJ    6 FRANJAS ROJAS           2,026           2,027                    62                           D-3314 
06RJ    6 FRANJAS ROJAS           2,039           2,040                    60                           D-3315 
06RJ    6 FRANJAS ROJAS           2,019           2,020                    56                           D-3316 
06RJ    6 FRANJAS ROJAS           2,018           2,019                    59                           D-3317 
06RJ    6 FRANJAS ROJAS           2,010           2,011                    54                           D-3318 
06RJ    6 FRANJAS ROJAS           2,017           2,018                    59                           D-3319 
06RJ    6 FRANJAS ROJAS           2,053           2,054                    58                           D-3320 
06RJ    6 FRANJAS ROJAS           2,014           2,015                    60                           D-3321 
06RJ    6 FRANJAS ROJAS           2,004           2,005                    57                           D-3322 
06RJ    6 FRANJAS ROJAS           2,040           2,041                    59                           D-3323 


------------------------------------------------------------------------------------------------------------------------
T.SUB-LOTES              TOT.PAQUETES =14      TOT.UNID. = 810   T/P NETO (kg) = 28,381      T/P BRUTO (kg) = 28,395
------------------------------------------------------------------------------------------------------------------------
