
EMPRESA NACIONAL DE MINERIA (ENM) PRODUCTOR          PACKING LIST                             PAG.  :   1
NATIONAL MINING COMPANY                       CODIGO DE LOTE   : F-17105                      FECHA :13/07/2018
                                              -----------------------------
FLUJO        : 
DESCRIPCION  : CATODOS GRADO A
N° INSTR. DE EMBARQUE : 24613
CLIENTE      : NORDIC HONG KONG
Lote Sipa    : 18060571

----------------------------------------------------------------------------------------------------------------------------- 
MARCA       DESCRIPCION         PESO NETO      PESO BRUTO     GRUPO     UNIDADES       UBICACION         SERIE                
-----------------------------------------------------------------------------------------------------------------------------

V0AZ    V AZUL                    2,124           2,125         25         20                           F-17105
V0AZ    V AZUL                    2,219           2,220         12         20                           F-17106
V0AZ    V AZUL                    2,515           2,516         12         20                           F-17107
V0AZ    V AZUL                    2,518           2,519         12         20                           F-17108
V0AZ    V AZUL                    2,474           2,475         12         20                           F-17109
V0AZ    V AZUL                    2,466           2,467         25         20                           F-17110
V0AZ    V AZUL                    2,503           2,504         12         20                           F-17111
V0AZ    V AZUL                    2,246           2,247         12         20                           F-17112
V0AZ    V AZUL                    2,276           2,277         12         20                           F-17113
V0AZ    V AZUL                    2,561           2,562         12         20                           F-17114
V0AZ    V AZUL                    2,459           2,460         12         20                           F-17115
V0AZ    V AZUL                    2,097           2,098         12         20                           F-17116
V0AZ    V AZUL                    2,426           2,427         25         20                           F-17117
V0AZ    V AZUL                    2,436           2,437         33         20                           F-17118
V0AZ    V AZUL                    2,350           2,351         25         20                           F-17119
V0AZ    V AZUL                    2,448           2,449         12         20                           F-17120
V0AZ    V AZUL                    2,541           2,542         33         20                           F-17121
V0AZ    V AZUL                    2,373           2,374         25         20                           F-17122
V0AZ    V AZUL                    2,483           2,484         12         20                           F-17123
V0AZ    V AZUL                    2,446           2,447         33         20                           F-17124
V0AZ    V AZUL                    2,468           2,469         12         20                           F-17125
V0AZ    V AZUL                    2,377           2,378         12         20                           F-17126
V0AZ    V AZUL                    2,426           2,427         33         20                           F-17127
V0AZ    V AZUL                    2,405           2,406         12         20                           F-17128
V0AZ    V AZUL                    2,524           2,525         12         20                           F-17129
V0AZ    V AZUL                    2,129           2,130         12         20                           F-17130
V0AZ    V AZUL                    2,546           2,547         12         20                           F-17131
V0AZ    V AZUL                    2,398           2,399         33         20                           F-17132
V0AZ    V AZUL                    2,332           2,333         25         20                           F-17133
V0AZ    V AZUL                    2,516           2,517         12         20                           F-17134
V0AZ    V AZUL                    2,327           2,328         12         20                           F-17135
V0AZ    V AZUL                    2,366           2,367         33         20                           F-17136
V0AZ    V AZUL                    2,411           2,412         12         20                           F-17137
V0AZ    V AZUL                    2,264           2,265         12         20                           F-17138
V0AZ    V AZUL                    2,338           2,339         33         20                           F-17139
V0AZ    V AZUL                    2,435           2,436         25         20                           F-17140
V0AZ    V AZUL                    2,163           2,164         12         20                           F-17141
V0AZ    V AZUL                    2,456           2,457         12         20                           F-17142
V0AZ    V AZUL                    2,312           2,313         25         20                           F-17143
V0AZ    V AZUL                    2,164           2,165         12         20                           F-17144
V0AZ    V AZUL                    2,239           2,240         25         20                           F-17145
V0AZ    V AZUL                    2,253           2,254         25         20                           F-17146
V0AZ    V AZUL                    2,483           2,484         33         20                           F-17147
V0AZ    V AZUL                    2,242           2,243         12         20                           F-17148
V0AZ    V AZUL                    2,228           2,229         33         20                           F-17149









EMPRESA NACIONAL DE MINERIA (ENM) PRODUCTOR          PACKING LIST                             PAG.  :   2
NATIONAL MINING COMPANY                       CODIGO DE LOTE   : F-17105                      FECHA :13/07/2018
                                              -----------------------------
FLUJO        : 
DESCRIPCION  : CATODOS GRADO A
N° INSTR. DE EMBARQUE : 24613
CLIENTE      : NORDIC HONG KONG
Lote Sipa    : 18060571

----------------------------------------------------------------------------------------------------------------------------- 
MARCA       DESCRIPCION         PESO NETO      PESO BRUTO     GRUPO     UNIDADES       UBICACION         SERIE                
-----------------------------------------------------------------------------------------------------------------------------

V0AZ    V AZUL                    2,159           2,160         12         20                           F-17150
V0AZ    V AZUL                    2,307           2,308         25         20                           F-17151
V0AZ    V AZUL                    2,487           2,488         33         20                           F-17152
V0AZ    V AZUL                    2,095           2,096         12         20                           F-17153
V0AZ    V AZUL                    2,425           2,426         12         20                           F-17154
V0AZ    V AZUL                    2,346           2,347         12         20                           F-17155
V0AZ    V AZUL                    2,412           2,413         12         20                           F-17156
V0AZ    V AZUL                    2,426           2,427         12         20                           F-17157
V0AZ    V AZUL                    2,500           2,501         12         20                           F-17158
V0AZ    V AZUL                    2,459           2,460         12         20                           F-17159
V0AZ    V AZUL                    2,455           2,456         12         20                           F-17160
V0AZ    V AZUL                    2,470           2,471         12         20                           F-17161
V0AZ    V AZUL                    2,545           2,546         12         20                           F-17162
V0AZ    V AZUL                    2,494           2,495         12         20                           F-17163
V0AZ    V AZUL                    2,381           2,382         33         20                           F-17164
V0AZ    V AZUL                    2,460           2,461         12         20                           F-17165
V0AZ    V AZUL                    2,395           2,396         33         20                           F-17166
V0AZ    V AZUL                    2,405           2,406         33         20                           F-17167


------------------------------------------------------------------------------------------------------------------------
T.SUB-LOTES              TOT.PAQUETES =63      TOT.UNID. = 1260   T/P NETO (kg) = 149,984      T/P BRUTO (kg) = 150,047
------------------------------------------------------------------------------------------------------------------------
