
EMPRESA NACIONAL DE MINERIA (ENM) PRODUCTOR          PACKING LIST                             PAG.  :   1
NATIONAL MINING COMPANY                       CODIGO DE LOTE   : C-1709                      FECHA :12/04/2021
                                              -----------------------------
FLUJO        : 
DESCRIPCION  : CATODOS EW EL SALADO
N° INSTR. DE EMBARQUE : 26661
CLIENTE      : CAUQUENES
Lote Sipa    : 21030388

----------------------------------------------------------------------------------------------------------------------------- 
MARCA       DESCRIPCION         PESO NETO      PESO BRUTO     GRUPO     UNIDADES       UBICACION         SERIE                
-----------------------------------------------------------------------------------------------------------------------------

01RJ    FRANJA ROJA               1,879           1,880                    89                           C-1709 
01RJ    FRANJA ROJA               1,988           1,989                    80                           C-1710 
01RJ    FRANJA ROJA               1,951           1,952                    92                           C-1711 
01RJ    FRANJA ROJA               1,991           1,992                    82                           C-1712 
01RJ    FRANJA ROJA               2,008           2,009                    90                           C-1713 
01RJ    FRANJA ROJA               1,983           1,984                    80                           C-1714 
01RJ    FRANJA ROJA               2,043           2,044                    82                           C-1715 
01RJ    FRANJA ROJA               1,967           1,968                    76                           C-1716 
01RJ    FRANJA ROJA               1,997           1,998                    80                           C-1717 
01RJ    FRANJA ROJA               1,949           1,950                    78                           C-1718 
01RJ    FRANJA ROJA               1,977           1,978                    79                           C-1719 
01RJ    FRANJA ROJA               2,030           2,031                    78                           C-1720 
01RJ    FRANJA ROJA               1,952           1,953                    74                           C-1721 
01RJ    FRANJA ROJA               2,040           2,041                    89                           C-1722 
01RJ    FRANJA ROJA               1,976           1,977                    80                           C-1741 
01RJ    FRANJA ROJA               2,039           2,040                    72                           C-1742 
01RJ    FRANJA ROJA               2,050           2,051                    74                           C-1743 
01RJ    FRANJA ROJA               1,981           1,982                    72                           C-1744 
01RJ    FRANJA ROJA               1,966           1,967                    80                           C-1745 
01RJ    FRANJA ROJA               2,035           2,036                    84                           C-1746 
01RJ    FRANJA ROJA               1,970           1,971                    76                           C-1747 
01RJ    FRANJA ROJA               2,005           2,006                    90                           C-1748 
01RJ    FRANJA ROJA               2,015           2,016                    83                           C-1749 
01RJ    FRANJA ROJA               2,020           2,021                    79                           C-1750 
01RJ    FRANJA ROJA               2,004           2,005                    86                           C-1751 
01RJ    FRANJA ROJA               1,971           1,972                    75                           C-1752 
01RJ    FRANJA ROJA               2,016           2,017                    83                           C-1753 
01RJ    FRANJA ROJA               1,989           1,990                    82                           C-1754 
01RJ    FRANJA ROJA               1,969           1,970                    89                           C-1801 
01RJ    FRANJA ROJA               2,036           2,037                    82                           C-1802 
01RJ    FRANJA ROJA               1,958           1,959                    72                           C-1803 
01RJ    FRANJA ROJA               2,013           2,014                    74                           C-1804 
01RJ    FRANJA ROJA               2,002           2,003                    85                           C-1805 
01RJ    FRANJA ROJA               2,031           2,032                    76                           C-1806 
01RJ    FRANJA ROJA               2,017           2,018                    80                           C-1807 
01RJ    FRANJA ROJA               2,035           2,036                    76                           C-1808 
01RJ    FRANJA ROJA               2,009           2,010                    76                           C-1809 
01RJ    FRANJA ROJA               1,992           1,993                    92                           C-1810 
01RJ    FRANJA ROJA               2,032           2,033                    80                           C-1811 
01RJ    FRANJA ROJA               2,013           2,014                    75                           C-1812 
01RJ    FRANJA ROJA               1,978           1,979                    95                           C-1813 
01RJ    FRANJA ROJA               2,001           2,002                    74                           C-1814 
01RJ    FRANJA ROJA               2,017           2,018                    78                           C-1816 
01RJ    FRANJA ROJA               2,037           2,038                    74                           C-1817 
01RJ    FRANJA ROJA               2,037           2,038                    78                           C-1818 









EMPRESA NACIONAL DE MINERIA (ENM) PRODUCTOR          PACKING LIST                             PAG.  :   2
NATIONAL MINING COMPANY                       CODIGO DE LOTE   : C-1709                      FECHA :12/04/2021
                                              -----------------------------
FLUJO        : 
DESCRIPCION  : CATODOS EW EL SALADO
N° INSTR. DE EMBARQUE : 26661
CLIENTE      : CAUQUENES
Lote Sipa    : 21030388

----------------------------------------------------------------------------------------------------------------------------- 
MARCA       DESCRIPCION         PESO NETO      PESO BRUTO     GRUPO     UNIDADES       UBICACION         SERIE                
-----------------------------------------------------------------------------------------------------------------------------

01RJ    FRANJA ROJA               2,029           2,030                    73                           C-1819 
01RJ    FRANJA ROJA               2,027           2,028                    80                           C-1820 
01RJ    FRANJA ROJA               1,955           1,956                    84                           C-1821 
01RJ    FRANJA ROJA               1,990           1,991                    77                           C-1822 
01RJ    FRANJA ROJA               1,942           1,943                    80                           C-1823 
01RJ    FRANJA ROJA               2,028           2,029                    84                           C-1824 
01RJ    FRANJA ROJA               1,967           1,968                    81                           C-1825 
01RJ    FRANJA ROJA               1,960           1,961                    80                           C-1826 
01RJ    FRANJA ROJA               1,987           1,988                    89                           C-1827 
01RJ    FRANJA ROJA               1,981           1,982                    90                           C-1828 
01RJ    FRANJA ROJA               1,954           1,955                    77                           C-1829 
01RJ    FRANJA ROJA               1,947           1,948                    84                           C-1831 
01RJ    FRANJA ROJA               2,042           2,043                    72                           C-1832 
01RJ    FRANJA ROJA               1,986           1,987                    72                           C-1833 
01RJ    FRANJA ROJA               1,956           1,957                    78                           C-1834 
01RJ    FRANJA ROJA               1,988           1,989                    80                           C-1835 
01RJ    FRANJA ROJA               1,994           1,995                    78                           C-1836 
01RJ    FRANJA ROJA               1,966           1,967                    85                           C-1837 
01RJ    FRANJA ROJA               1,959           1,960                    80                           C-1838 
01RJ    FRANJA ROJA               1,951           1,952                    86                           C-1839 
01RJ    FRANJA ROJA               2,027           2,028                    70                           C-1840 
01RJ    FRANJA ROJA               2,037           2,038                    80                           C-1841 
01RJ    FRANJA ROJA               1,932           1,933                    90                           C-1842 
01RJ    FRANJA ROJA               1,947           1,948                    82                           C-1843 
01RJ    FRANJA ROJA               2,032           2,033                    85                           C-1844 
01RJ    FRANJA ROJA               2,044           2,045                    80                           C-1847 
01RJ    FRANJA ROJA               1,991           1,992                    82                           C-1848 
01RJ    FRANJA ROJA               2,050           2,051                    80                           C-1849 
01RJ    FRANJA ROJA               1,958           1,959                    79                           C-1850 
01RJ    FRANJA ROJA               1,937           1,938                    80                           C-1851 
01RJ    FRANJA ROJA               2,029           2,030                    74                           C-1852 
01RJ    FRANJA ROJA               1,989           1,990                    77                           C-1853 
01RJ    FRANJA ROJA               2,015           2,016                    85                           C-1854 
01RJ    FRANJA ROJA               2,047           2,048                    76                           C-1855 
01RJ    FRANJA ROJA               1,950           1,951                    73                           C-1856 
01RJ    FRANJA ROJA               2,046           2,047                    80                           C-1857 
01RJ    FRANJA ROJA               1,962           1,963                    72                           C-1858 
01RJ    FRANJA ROJA               1,950           1,951                    70                           C-1859 
01RJ    FRANJA ROJA               2,017           2,018                    76                           C-1860 
01RJ    FRANJA ROJA               1,960           1,961                    88                           C-1862 
01RJ    FRANJA ROJA               1,935           1,936                    80                           C-1863 
01RJ    FRANJA ROJA               2,014           2,015                    89                           C-1864 
01RJ    FRANJA ROJA               1,970           1,971                    74                           C-1865 
01RJ    FRANJA ROJA               1,951           1,952                    79                           C-1866 
01RJ    FRANJA ROJA               2,014           2,015                    90                           C-1867 









EMPRESA NACIONAL DE MINERIA (ENM) PRODUCTOR          PACKING LIST                             PAG.  :   3
NATIONAL MINING COMPANY                       CODIGO DE LOTE   : C-1709                      FECHA :12/04/2021
                                              -----------------------------
FLUJO        : 
DESCRIPCION  : CATODOS EW EL SALADO
N° INSTR. DE EMBARQUE : 26661
CLIENTE      : CAUQUENES
Lote Sipa    : 21030388

----------------------------------------------------------------------------------------------------------------------------- 
MARCA       DESCRIPCION         PESO NETO      PESO BRUTO     GRUPO     UNIDADES       UBICACION         SERIE                
-----------------------------------------------------------------------------------------------------------------------------

01RJ    FRANJA ROJA               2,022           2,023                    80                           C-1868 
01RJ    FRANJA ROJA               2,020           2,021                    80                           C-1869 
01RJ    FRANJA ROJA               1,953           1,954                    83                           C-1870 
01RJ    FRANJA ROJA               1,985           1,986                    81                           C-1871 
01RJ    FRANJA ROJA               2,015           2,016                    82                           C-1872 
01RJ    FRANJA ROJA               2,013           2,014                    80                           C-1873 
01RJ    FRANJA ROJA               1,950           1,951                    80                           C-1874 
01RJ    FRANJA ROJA               1,973           1,974                    82                           C-1875 


------------------------------------------------------------------------------------------------------------------------
T.SUB-LOTES              TOT.PAQUETES =98      TOT.UNID. = 7870   T/P NETO (kg) = 195,313      T/P BRUTO (kg) = 195,411
------------------------------------------------------------------------------------------------------------------------
