
EMPRESA NACIONAL DE MINERIA (ENM) PRODUCTOR          PACKING LIST                             PAG.  :   1
NATIONAL MINING COMPANY                       CODIGO DE LOTE   : D-10804                      FECHA :20/04/2022
                                              -----------------------------
FLUJO        : 
DESCRIPCION  : CATODOS GRADO A
N° INSTR. DE EMBARQUE : 27295
CLIENTE      : GSL ELEFTHERIA
Lote Sipa    : 22040333

----------------------------------------------------------------------------------------------------------------------------- 
MARCA       DESCRIPCION         PESO NETO      PESO BRUTO     GRUPO     UNIDADES       UBICACION         SERIE                
-----------------------------------------------------------------------------------------------------------------------------

V1NE    V FRANJA NEGRA            2,264           2,265         09         20                           D-10804
V1NE    V FRANJA NEGRA            2,244           2,245         09         20                           D-10805
V1NE    V FRANJA NEGRA            2,323           2,324         42         20                           D-10806
V1NE    V FRANJA NEGRA            2,266           2,267         09         20                           D-10807
V1NE    V FRANJA NEGRA            2,242           2,243         09         20                           D-10808
V1NE    V FRANJA NEGRA            2,293           2,294         09         20                           D-10809
V1NE    V FRANJA NEGRA            2,209           2,210         34         20                           D-10810
V1NE    V FRANJA NEGRA            2,423           2,424         09         20                           D-10811
V1NE    V FRANJA NEGRA            2,296           2,297         09         20                           D-10812
V1NE    V FRANJA NEGRA            2,443           2,444         09         20                           D-10813
V1NE    V FRANJA NEGRA            2,409           2,410         09         20                           D-10814
V1NE    V FRANJA NEGRA            2,393           2,394         09         20                           D-10815
V1NE    V FRANJA NEGRA            2,423           2,424         42         20                           D-10816
V1NE    V FRANJA NEGRA            2,357           2,358         42         20                           D-10817
V1NE    V FRANJA NEGRA            2,335           2,336         09         20                           D-10818
V1NE    V FRANJA NEGRA            2,428           2,429         09         20                           D-10819
V1NE    V FRANJA NEGRA            2,403           2,404         09         20                           D-10820
V1NE    V FRANJA NEGRA            2,429           2,430         09         20                           D-10821
V1NE    V FRANJA NEGRA            2,435           2,436         42         20                           D-10822
V1NE    V FRANJA NEGRA            2,341           2,342         42         20                           D-10823
V1NE    V FRANJA NEGRA            2,084           2,085         42         20                           D-10824
V1NE    V FRANJA NEGRA            2,382           2,383         42         20                           D-10825
V1NE    V FRANJA NEGRA            2,333           2,334         42         20                           D-10826
V1NE    V FRANJA NEGRA            2,449           2,450         09         20                           D-10827
V1NE    V FRANJA NEGRA            2,396           2,397         09         20                           D-10828
V1NE    V FRANJA NEGRA            2,404           2,405         42         20                           D-10829
V1NE    V FRANJA NEGRA            2,393           2,394         42         20                           D-10830
V1NE    V FRANJA NEGRA            2,293           2,294         42         20                           D-10831
V1NE    V FRANJA NEGRA            2,359           2,360         42         20                           D-10832
V1NE    V FRANJA NEGRA            2,355           2,356         42         20                           D-10833
V1NE    V FRANJA NEGRA            2,317           2,318         42         20                           D-10834
V1NE    V FRANJA NEGRA            2,332           2,333         42         20                           D-10835
V1NE    V FRANJA NEGRA            2,313           2,314         09         20                           D-10836
V1NE    V FRANJA NEGRA            2,219           2,220         09         20                           D-10837
V1NE    V FRANJA NEGRA            2,459           2,460         24         20                           D-10838
V1NE    V FRANJA NEGRA            2,365           2,366         24         20                           D-10839
V1NE    V FRANJA NEGRA            2,227           2,228         24         20                           D-10840
V1NE    V FRANJA NEGRA            2,137           2,138         24         20                           D-10841
V1NE    V FRANJA NEGRA            2,195           2,196         09         20                           D-10842
V1NE    V FRANJA NEGRA            2,241           2,242         24         20                           D-10843
V1NE    V FRANJA NEGRA            2,295           2,296         42         20                           D-10844
V1NE    V FRANJA NEGRA            2,141           2,142         09         20                           D-10845
V1NE    V FRANJA NEGRA            2,293           2,294         24         20                           D-10846


------------------------------------------------------------------------------------------------------------------------
T.SUB-LOTES              TOT.PAQUETES =43      TOT.UNID. = 860   T/P NETO (kg) = 99,938      T/P BRUTO (kg) = 99,981
------------------------------------------------------------------------------------------------------------------------
