
EMPRESA NACIONAL DE MINERIA (ENM) PRODUCTOR          PACKING LIST                             PAG.  :   1
NATIONAL MINING COMPANY                       CODIGO DE LOTE   : J-10852                      FECHA :04/11/2019
                                              -----------------------------
FLUJO        : 
DESCRIPCION  : CATODOS GRADO A
N° INSTR. DE EMBARQUE : 25565
CLIENTE      : CITY OF ALEXANDRIA
Lote Sipa    : 

----------------------------------------------------------------------------------------------------------------------------- 
MARCA       DESCRIPCION         PESO NETO      PESO BRUTO     GRUPO     UNIDADES       UBICACION         SERIE                
-----------------------------------------------------------------------------------------------------------------------------

X0NA    EQUIS NARANJA             2,570           2,571         05         20                           J-10852
X0NA    EQUIS NARANJA             2,418           2,419         05         20                           J-10853
X0NA    EQUIS NARANJA             2,409           2,410         05         20                           J-10854
X0NA    EQUIS NARANJA             2,279           2,280         05         20                           J-10855
X0NA    EQUIS NARANJA             2,319           2,320         05         20                           J-10856
X0NA    EQUIS NARANJA             2,386           2,387         05         20                           J-10857
X0NA    EQUIS NARANJA             2,349           2,350         05         20                           J-10858
X0NA    EQUIS NARANJA             2,434           2,435         05         20                           J-10859
X0NA    EQUIS NARANJA             2,346           2,347         05         20                           J-10860
X0NA    EQUIS NARANJA             2,214           2,215         05         20                           J-10861
X0NA    EQUIS NARANJA             2,340           2,341         05         20                           J-10862
X0NA    EQUIS NARANJA             2,302           2,303         43         20                           J-10863
X0NA    EQUIS NARANJA             2,366           2,367         43         20                           J-10864
X0NA    EQUIS NARANJA             2,282           2,283         43         20                           J-10865
X0NA    EQUIS NARANJA             2,463           2,464         05         20                           J-10866
X0NA    EQUIS NARANJA             2,246           2,247         26         20                           J-10867
X0NA    EQUIS NARANJA             2,302           2,303         43         20                           J-10868
X0NA    EQUIS NARANJA             2,309           2,310         05         20                           J-10869
X0NA    EQUIS NARANJA             2,211           2,212         43         20                           J-10870
X0NA    EQUIS NARANJA             2,414           2,415         05         20                           J-10871
X0NA    EQUIS NARANJA             2,386           2,387         05         20                           J-10872
X0NA    EQUIS NARANJA             2,374           2,375         05         20                           J-10873
X0NA    EQUIS NARANJA             2,271           2,272         05         20                           J-10874
X0NA    EQUIS NARANJA             2,440           2,441         05         20                           J-10875
X0NA    EQUIS NARANJA             2,307           2,308         05         20                           J-10876
X0NA    EQUIS NARANJA             2,278           2,279         43         20                           J-10877
X0NA    EQUIS NARANJA             2,390           2,391         43         20                           J-10878
X0NA    EQUIS NARANJA             2,259           2,260         05         20                           J-10879
X0NA    EQUIS NARANJA             2,386           2,387         05         20                           J-10880
X0NA    EQUIS NARANJA             2,165           2,166         43         20                           J-10881
X0NA    EQUIS NARANJA             2,217           2,218         43         20                           J-10882
X0NA    EQUIS NARANJA             2,294           2,295         05         20                           J-10883
X0NA    EQUIS NARANJA             2,332           2,333         05         20                           J-10884
X0NA    EQUIS NARANJA             2,420           2,421         05         20                           J-10885
X0NA    EQUIS NARANJA             2,328           2,329         05         20                           J-10886
X0NA    EQUIS NARANJA             2,404           2,405         26         20                           J-10887
X0NA    EQUIS NARANJA             2,185           2,186         05         20                           J-10888
X0NA    EQUIS NARANJA             2,339           2,340         05         20                           J-10889
X0NA    EQUIS NARANJA             2,391           2,392         26         20                           J-10890
X0NA    EQUIS NARANJA             2,454           2,455         26         20                           J-10891
X0NA    EQUIS NARANJA             2,255           2,256         39         20                           J-10892
X0NA    EQUIS NARANJA             2,358           2,359         05         20                           J-10893
X0NA    EQUIS NARANJA             2,364           2,365         39         20                           J-10894
X0NA    EQUIS NARANJA             2,217           2,218         26         20                           J-10895
X0NA    EQUIS NARANJA             2,295           2,296         39         20                           J-10896









EMPRESA NACIONAL DE MINERIA (ENM) PRODUCTOR          PACKING LIST                             PAG.  :   2
NATIONAL MINING COMPANY                       CODIGO DE LOTE   : J-10852                      FECHA :04/11/2019
                                              -----------------------------
FLUJO        : 
DESCRIPCION  : CATODOS GRADO A
N° INSTR. DE EMBARQUE : 25565
CLIENTE      : CITY OF ALEXANDRIA
Lote Sipa    : 

----------------------------------------------------------------------------------------------------------------------------- 
MARCA       DESCRIPCION         PESO NETO      PESO BRUTO     GRUPO     UNIDADES       UBICACION         SERIE                
-----------------------------------------------------------------------------------------------------------------------------

X0NA    EQUIS NARANJA             2,151           2,152         26         20                           J-10897
X0NA    EQUIS NARANJA             2,453           2,454         39         20                           J-10898
X0NA    EQUIS NARANJA             2,445           2,446         39         20                           J-10899
X0NA    EQUIS NARANJA             2,116           2,117         39         20                           J-10900
X0NA    EQUIS NARANJA             2,040           2,041         39         20                           J-10901
X0NA    EQUIS NARANJA             2,345           2,346         39         20                           J-10902
X0NA    EQUIS NARANJA             2,075           2,076         39         20                           J-10903
X0NA    EQUIS NARANJA             2,386           2,387         05         20                           J-10904
X0NA    EQUIS NARANJA             2,281           2,282         05         20                           J-10905
X0NA    EQUIS NARANJA             2,332           2,333         39         20                           J-10906
X0NA    EQUIS NARANJA             2,355           2,356         26         20                           J-10907
X0NA    EQUIS NARANJA             2,340           2,341         20         20                           J-10908
X0NA    EQUIS NARANJA             2,347           2,348         20         20                           J-10909
X0NA    EQUIS NARANJA             2,332           2,333         20         20                           J-10910
X0NA    EQUIS NARANJA             2,323           2,324         20         20                           J-10911
X0NA    EQUIS NARANJA             2,318           2,319         20         20                           J-10912
X0NA    EQUIS NARANJA             2,341           2,342         20         20                           J-10913
X0NA    EQUIS NARANJA             2,419           2,420         20         20                           J-10914
X0NA    EQUIS NARANJA             2,369           2,370         14         20                           J-10915
X0NA    EQUIS NARANJA             2,363           2,364         20         20                           J-10916
X0NA    EQUIS NARANJA             2,225           2,226         20         20                           J-10917
X0NA    EQUIS NARANJA             2,319           2,320         20         20                           J-10918
X0NA    EQUIS NARANJA             2,376           2,377         20         20                           J-10919
X0NA    EQUIS NARANJA             2,404           2,405         20         20                           J-10920
X0NA    EQUIS NARANJA             2,430           2,431         20         20                           J-10921
X0NA    EQUIS NARANJA             2,409           2,410         20         20                           J-10922
X0NA    EQUIS NARANJA             2,444           2,445         20         20                           J-10923
X0NA    EQUIS NARANJA             2,447           2,448         20         20                           J-10924
X0NA    EQUIS NARANJA             2,375           2,376         20         20                           J-10925
X0NA    EQUIS NARANJA             2,257           2,258         20         20                           J-10926
X0NA    EQUIS NARANJA             2,343           2,344         20         20                           J-10927
X0NA    EQUIS NARANJA             2,411           2,412         20         20                           J-10928
X0NA    EQUIS NARANJA             2,410           2,411         20         20                           J-10929
X0NA    EQUIS NARANJA             2,424           2,425         20         20                           J-10930
X0NA    EQUIS NARANJA             2,406           2,407         20         20                           J-10931
X0NA    EQUIS NARANJA             2,152           2,153         20         20                           J-10932
X0NA    EQUIS NARANJA             2,177           2,178         20         20                           J-10933
X0NA    EQUIS NARANJA             2,111           2,112         20         20                           J-10934
X0NA    EQUIS NARANJA             2,147           2,148         05         20                           J-10935
X0NA    EQUIS NARANJA             2,262           2,263         20         20                           J-10936
X0NA    EQUIS NARANJA             2,223           2,224         20         20                           J-10937


------------------------------------------------------------------------------------------------------------------------
T.SUB-LOTES              TOT.PAQUETES =86      TOT.UNID. = 1720   T/P NETO (kg) = 199,951      T/P BRUTO (kg) = 200,037
------------------------------------------------------------------------------------------------------------------------
