
EMPRESA NACIONAL DE MINERIA (ENM) PRODUCTOR          PACKING LIST                             PAG.  :   1
NATIONAL MINING COMPANY                       CODIGO DE LOTE   : G-11750                      FECHA :20/07/2018
                                              -----------------------------
FLUJO        : 
DESCRIPCION  : CATODOS GRADO A
N° INSTR. DE EMBARQUE : 56048
CLIENTE      : 
Lote Sipa    : 

----------------------------------------------------------------------------------------------------------------------------- 
MARCA       DESCRIPCION         PESO NETO      PESO BRUTO     GRUPO     UNIDADES       UBICACION         SERIE                
-----------------------------------------------------------------------------------------------------------------------------

V0AZ    V AZUL                    2,301           2,302         42         20                           G-11750
V0AZ    V AZUL                    2,226           2,227         42         20                           G-11751
V0AZ    V AZUL                    2,331           2,332         42         20                           G-11752
V0AZ    V AZUL                    2,021           2,022         42         20                           G-11753
V0AZ    V AZUL                    2,141           2,142         32         20                           G-11754
V0AZ    V AZUL                    2,270           2,271         42         20                           G-11755
V0AZ    V AZUL                    2,303           2,304         42         20                           G-11756
V0AZ    V AZUL                    2,263           2,264         32         20                           G-11757
V0AZ    V AZUL                    2,399           2,400         42         20                           G-11758
V0AZ    V AZUL                    2,437           2,438         23         20                           G-11759
V0AZ    V AZUL                    2,449           2,450         06         20                           G-11760
V0AZ    V AZUL                    2,336           2,337         42         20                           G-11761
V0AZ    V AZUL                    2,195           2,196         42         20                           G-11762
V0AZ    V AZUL                    2,175           2,176         42         20                           G-11763
V0AZ    V AZUL                    2,433           2,434         42         20                           G-11764
V0AZ    V AZUL                    2,431           2,432         06         20                           G-11765
V0AZ    V AZUL                    2,420           2,421         42         20                           G-11766
V0AZ    V AZUL                    2,331           2,332         23         20                           G-11767
V0AZ    V AZUL                    2,494           2,495         42         20                           G-11768
V0AZ    V AZUL                    2,413           2,414         06         20                           G-11769
V0AZ    V AZUL                    2,411           2,412         06         20                           G-11770
V0AZ    V AZUL                    2,416           2,417         42         20                           G-11771
V0AZ    V AZUL                    2,391           2,392         42         20                           G-11772
V0AZ    V AZUL                    2,392           2,393         06         20                           G-11773
V0AZ    V AZUL                    2,352           2,353         42         20                           G-11774
V0AZ    V AZUL                    2,128           2,129         42         20                           G-11775
V0AZ    V AZUL                    2,421           2,422         06         20                           G-11776
V0AZ    V AZUL                    2,375           2,376         42         20                           G-11777
V0AZ    V AZUL                    2,285           2,286         42         20                           G-11778
V0AZ    V AZUL                    2,454           2,455         42         20                           G-11779
V0AZ    V AZUL                    2,121           2,122         42         20                           G-11780
V0AZ    V AZUL                    2,265           2,266         23         20                           G-11781
V0AZ    V AZUL                    2,163           2,164         23         20                           G-11782
V0AZ    V AZUL                    2,177           2,178         23         20                           G-11783
V0AZ    V AZUL                    2,454           2,455         23         20                           G-11784
V0AZ    V AZUL                    2,297           2,298         23         20                           G-11785
V0AZ    V AZUL                    2,312           2,313         23         20                           G-11786
V0AZ    V AZUL                    2,342           2,343         06         20                           G-11787
V0AZ    V AZUL                    2,376           2,377         06         20                           G-11788
V0AZ    V AZUL                    2,349           2,350         23         20                           G-11789
V0AZ    V AZUL                    2,439           2,440         23         20                           G-11790
V0AZ    V AZUL                    2,375           2,376         23         20                           G-11791
V0AZ    V AZUL                    2,282           2,283         06         20                           G-11792


------------------------------------------------------------------------------------------------------------------------
T.SUB-LOTES              TOT.PAQUETES =43      TOT.UNID. = 860   T/P NETO (kg) = 99,946      T/P BRUTO (kg) = 99,989
------------------------------------------------------------------------------------------------------------------------
