
EMPRESA NACIONAL DE MINERIA (ENM) PRODUCTOR          PACKING LIST                             PAG.  :   1
NATIONAL MINING COMPANY                       CODIGO DE LOTE   : E-6090                      FECHA :18/05/2020
                                              -----------------------------
FLUJO        : 
DESCRIPCION  : CATODOS GRADO A
N° INSTR. DE EMBARQUE : 25992
CLIENTE      : GSL NINGBO
Lote Sipa    : 

----------------------------------------------------------------------------------------------------------------------------- 
MARCA       DESCRIPCION         PESO NETO      PESO BRUTO     GRUPO     UNIDADES       UBICACION         SERIE                
-----------------------------------------------------------------------------------------------------------------------------

01NA    FRANJA NARANJA            2,516           2,517         29         20                           E-6090 
01NA    FRANJA NARANJA            2,458           2,459         06         20                           E-6091 
01NA    FRANJA NARANJA            2,403           2,404         06         20                           E-6092 
01NA    FRANJA NARANJA            2,419           2,420         16         20                           E-6093 
01NA    FRANJA NARANJA            2,395           2,396         16         20                           E-6094 
01NA    FRANJA NARANJA            2,303           2,304         16         20                           E-6095 
01NA    FRANJA NARANJA            2,406           2,407         06         20                           E-6096 
01NA    FRANJA NARANJA            2,399           2,400         06         20                           E-6097 
01NA    FRANJA NARANJA            2,287           2,288         06         20                           E-6098 
01NA    FRANJA NARANJA            2,437           2,438         06         20                           E-6099 
01NA    FRANJA NARANJA            2,383           2,384         06         20                           E-6100 
01NA    FRANJA NARANJA            2,381           2,382         06         20                           E-6101 
01NA    FRANJA NARANJA            2,355           2,356         16         20                           E-6102 
01NA    FRANJA NARANJA            2,315           2,316         06         20                           E-6103 
01NA    FRANJA NARANJA            2,397           2,398         06         20                           E-6104 
01NA    FRANJA NARANJA            2,373           2,374         06         20                           E-6105 
01NA    FRANJA NARANJA            2,504           2,505         06         20                           E-6106 
01NA    FRANJA NARANJA            2,440           2,441         06         20                           E-6107 
01NA    FRANJA NARANJA            2,371           2,372         06         20                           E-6108 
01NA    FRANJA NARANJA            2,377           2,378         16         20                           E-6109 
01NA    FRANJA NARANJA            2,544           2,545         29         20                           E-6110 
01NA    FRANJA NARANJA            2,369           2,370         16         20                           E-6111 
01NA    FRANJA NARANJA            2,498           2,499         06         20                           E-6112 
01NA    FRANJA NARANJA            2,303           2,304         06         20                           E-6113 
01NA    FRANJA NARANJA            2,479           2,480         14         20                           E-6114 
01NA    FRANJA NARANJA            2,475           2,476         06         20                           E-6115 
01NA    FRANJA NARANJA            2,505           2,506         29         20                           E-6116 
01NA    FRANJA NARANJA            2,418           2,419         29         20                           E-6117 
01NA    FRANJA NARANJA            2,434           2,435         29         20                           E-6118 
01NA    FRANJA NARANJA            2,495           2,496         16         20                           E-6119 
01NA    FRANJA NARANJA            2,366           2,367         16         20                           E-6120 
01NA    FRANJA NARANJA            2,410           2,411         16         20                           E-6121 
01NA    FRANJA NARANJA            2,177           2,178         36         20                           E-6122 
01NA    FRANJA NARANJA            2,418           2,419         16         20                           E-6123 
01NA    FRANJA NARANJA            2,370           2,371         36         20                           E-6124 
01NA    FRANJA NARANJA            2,468           2,469         36         20                           E-6125 
01NA    FRANJA NARANJA            2,260           2,261         36         20                           E-6126 
01NA    FRANJA NARANJA            2,280           2,281         36         20                           E-6127 
01NA    FRANJA NARANJA            2,406           2,407         16         20                           E-6128 
01NA    FRANJA NARANJA            2,297           2,298         36         20                           E-6129 
01NA    FRANJA NARANJA            2,238           2,239         36         20                           E-6130 
01NA    FRANJA NARANJA            2,375           2,376         29         20                           E-6131 
01NA    FRANJA NARANJA            2,196           2,197         36         20                           E-6132 
01NA    FRANJA NARANJA            2,214           2,215         36         20                           E-6133 
01NA    FRANJA NARANJA            2,349           2,350         06         20                           E-6134 









EMPRESA NACIONAL DE MINERIA (ENM) PRODUCTOR          PACKING LIST                             PAG.  :   2
NATIONAL MINING COMPANY                       CODIGO DE LOTE   : E-6090                      FECHA :18/05/2020
                                              -----------------------------
FLUJO        : 
DESCRIPCION  : CATODOS GRADO A
N° INSTR. DE EMBARQUE : 25992
CLIENTE      : GSL NINGBO
Lote Sipa    : 

----------------------------------------------------------------------------------------------------------------------------- 
MARCA       DESCRIPCION         PESO NETO      PESO BRUTO     GRUPO     UNIDADES       UBICACION         SERIE                
-----------------------------------------------------------------------------------------------------------------------------

01NA    FRANJA NARANJA            2,292           2,293         36         20                           E-6135 
01NA    FRANJA NARANJA            2,409           2,410         06         20                           E-6136 
01NA    FRANJA NARANJA            2,362           2,363         06         20                           E-6137 
01NA    FRANJA NARANJA            2,504           2,505         16         20                           E-6138 
01NA    FRANJA NARANJA            2,346           2,347         36         20                           E-6139 
01NA    FRANJA NARANJA            2,414           2,415         16         20                           E-6140 
01NA    FRANJA NARANJA            2,473           2,474         29         20                           E-6141 
01NA    FRANJA NARANJA            2,215           2,216         29         20                           E-6142 
01NA    FRANJA NARANJA            2,459           2,460         16         20                           E-6143 
01NA    FRANJA NARANJA            2,043           2,044         36         20                           E-6144 
01NA    FRANJA NARANJA            2,478           2,479         16         20                           E-6145 
01NA    FRANJA NARANJA            2,212           2,213         16         20                           E-6146 
01NA    FRANJA NARANJA            2,508           2,509         16         20                           E-6147 
01NA    FRANJA NARANJA            2,052           2,053         29         20                           E-6148 
01NA    FRANJA NARANJA            2,417           2,418         29         20                           E-6149 
01NA    FRANJA NARANJA            2,420           2,421         16         20                           E-6150 
01NA    FRANJA NARANJA            2,080           2,081         36         20                           E-6151 
01NA    FRANJA NARANJA            2,243           2,244         29         20                           E-6152 
01NA    FRANJA NARANJA            2,371           2,372         36         20                           E-6153 
01NA    FRANJA NARANJA            2,184           2,185         36         20                           E-6154 
01NA    FRANJA NARANJA            2,514           2,515         36         20                           E-6155 
01NA    FRANJA NARANJA            2,466           2,467         29         20                           E-6156 
01NA    FRANJA NARANJA            2,501           2,502         16         20                           E-6157 
01NA    FRANJA NARANJA            2,438           2,439         16         20                           E-6158 
01NA    FRANJA NARANJA            2,195           2,196         36         20                           E-6159 
01NA    FRANJA NARANJA            2,224           2,225         36         20                           E-6160 
01NA    FRANJA NARANJA            2,243           2,244         16         20                           E-6161 
01NA    FRANJA NARANJA            2,236           2,237         16         20                           E-6162 
01NA    FRANJA NARANJA            2,453           2,454         16         20                           E-6163 
01NA    FRANJA NARANJA            2,346           2,347         06         20                           E-6164 
01NA    FRANJA NARANJA            2,408           2,409         16         20                           E-6165 
01NA    FRANJA NARANJA            2,454           2,455         16         20                           E-6166 
01NA    FRANJA NARANJA            2,124           2,125         36         20                           E-6167 
01NA    FRANJA NARANJA            2,400           2,401         06         20                           E-6168 
01NA    FRANJA NARANJA            2,331           2,332         36         20                           E-6169 
01NA    FRANJA NARANJA            2,241           2,242         36         20                           E-6170 
01NA    FRANJA NARANJA            2,371           2,372         16         20                           E-6171 
01NA    FRANJA NARANJA            2,387           2,388         16         20                           E-6172 
01NA    FRANJA NARANJA            2,492           2,493         29         20                           E-6173 
01NA    FRANJA NARANJA            2,291           2,292         29         20                           E-6174 
01NA    FRANJA NARANJA            2,336           2,337         06         20                           E-6175 
01NA    FRANJA NARANJA            2,168           2,169         36         20                           E-6176 
01NA    FRANJA NARANJA            2,466           2,467         36         20                           E-6177 
01NA    FRANJA NARANJA            2,373           2,374         36         20                           E-6178 
01NA    FRANJA NARANJA            2,463           2,464         16         20                           E-6179 









EMPRESA NACIONAL DE MINERIA (ENM) PRODUCTOR          PACKING LIST                             PAG.  :   3
NATIONAL MINING COMPANY                       CODIGO DE LOTE   : E-6090                      FECHA :18/05/2020
                                              -----------------------------
FLUJO        : 
DESCRIPCION  : CATODOS GRADO A
N° INSTR. DE EMBARQUE : 25992
CLIENTE      : GSL NINGBO
Lote Sipa    : 

----------------------------------------------------------------------------------------------------------------------------- 
MARCA       DESCRIPCION         PESO NETO      PESO BRUTO     GRUPO     UNIDADES       UBICACION         SERIE                
-----------------------------------------------------------------------------------------------------------------------------

01NA    FRANJA NARANJA            2,248           2,249         16         20                           E-6180 
01NA    FRANJA NARANJA            2,505           2,506         16         20                           E-6181 
01NA    FRANJA NARANJA            2,046           2,047         36         20                           E-6182 
01NA    FRANJA NARANJA            2,040           2,041         36         20                           E-6183 
01NA    FRANJA NARANJA            2,101           2,102         36         20                           E-6184 
01NA    FRANJA NARANJA            2,106           2,107         36         20                           E-6185 
01NA    FRANJA NARANJA            2,440           2,441         16         20                           E-6186 
01NA    FRANJA NARANJA            2,196           2,197         36         20                           E-6187 
01NA    FRANJA NARANJA            2,240           2,241         36         20                           E-6188 
01NA    FRANJA NARANJA            2,498           2,499         36         20                           E-6189 
01NA    FRANJA NARANJA            2,207           2,208         36         20                           E-6190 
01NA    FRANJA NARANJA            2,404           2,405         16         20                           E-6191 
01NA    FRANJA NARANJA            2,129           2,130         36         20                           E-6192 
01NA    FRANJA NARANJA            2,375           2,376         36         20                           E-6193 
01NA    FRANJA NARANJA            2,284           2,285         36         20                           E-6194 
01NA    FRANJA NARANJA            2,434           2,435         29         20                           E-6195 
01NA    FRANJA NARANJA            2,552           2,553         29         20                           E-6196 
01NA    FRANJA NARANJA            2,302           2,303         29         20                           E-6197 
01NA    FRANJA NARANJA            2,477           2,478         29         20                           E-6198 
01NA    FRANJA NARANJA            2,312           2,313         36         20                           E-6199 
01NA    FRANJA NARANJA            2,305           2,306         29         20                           E-6200 
01NA    FRANJA NARANJA            2,417           2,418         29         20                           E-6201 
01NA    FRANJA NARANJA            1,983           1,984         36         20                           E-6202 
01NA    FRANJA NARANJA            2,581           2,582         29         20                           E-6203 
01NA    FRANJA NARANJA            2,311           2,312         29         20                           E-6204 
01NA    FRANJA NARANJA            2,379           2,380         16         20                           E-6205 
01NA    FRANJA NARANJA            2,475           2,476         16         20                           E-6206 
01NA    FRANJA NARANJA            2,365           2,366         16         20                           E-6207 
01NA    FRANJA NARANJA            2,569           2,570         29         20                           E-6208 
01NA    FRANJA NARANJA            2,587           2,588         29         20                           E-6209 
01NA    FRANJA NARANJA            2,503           2,504         16         20                           E-6210 
01NA    FRANJA NARANJA            2,500           2,501         16         20                           E-6211 
01NA    FRANJA NARANJA            2,481           2,482         16         20                           E-6212 
01NA    FRANJA NARANJA            2,504           2,505         16         20                           E-6213 
01NA    FRANJA NARANJA            2,475           2,476         36         20                           E-6214 
01NA    FRANJA NARANJA            2,553           2,554         29         20                           E-6215 
01NA    FRANJA NARANJA            2,409           2,410         29         20                           E-6216 


------------------------------------------------------------------------------------------------------------------------
T.SUB-LOTES              TOT.PAQUETES =127      TOT.UNID. = 2540   T/P NETO (kg) = 299,959      T/P BRUTO (kg) = 300,086
------------------------------------------------------------------------------------------------------------------------
