
EMPRESA NACIONAL DE MINERIA (ENM) PRODUCTOR          PACKING LIST                             PAG.  :   1
NATIONAL MINING COMPANY                       CODIGO DE LOTE   : B-2932                      FECHA :17/04/2019
                                              -----------------------------
FLUJO        : 
DESCRIPCION  : CATODOS EW CERRO NEGRO
N° INSTR. DE EMBARQUE : 25187
CLIENTE      : GUAYAQUIL EXPRESS
Lote Sipa    : 19020554

----------------------------------------------------------------------------------------------------------------------------- 
MARCA       DESCRIPCION         PESO NETO      PESO BRUTO     GRUPO     UNIDADES       UBICACION         SERIE                
-----------------------------------------------------------------------------------------------------------------------------

01NE    FRANJA NEGRA              1,988           1,989                    34                           B-2932 
01NE    FRANJA NEGRA              1,978           1,979                    32                           B-2933 
01NE    FRANJA NEGRA              2,023           2,024                    33                           B-2934 
01NE    FRANJA NEGRA              1,968           1,969                    31                           B-2935 
01NE    FRANJA NEGRA              2,048           2,049                    32                           B-2936 
01NE    FRANJA NEGRA              1,970           1,971                    31                           B-2937 
01NE    FRANJA NEGRA              2,018           2,019                    32                           B-2938 
01NE    FRANJA NEGRA              2,074           2,075                    34                           B-2939 
01NE    FRANJA NEGRA              2,055           2,056                    33                           B-2940 
01NE    FRANJA NEGRA              1,978           1,979                    33                           B-2941 
01NE    FRANJA NEGRA              1,975           1,976                    32                           B-2942 
01NE    FRANJA NEGRA              1,951           1,952                    31                           B-2943 
01NE    FRANJA NEGRA              1,970           1,971                    32                           B-2944 
01NE    FRANJA NEGRA              2,022           2,023                    32                           B-2945 
01NE    FRANJA NEGRA              2,058           2,059                    33                           B-2946 
01NE    FRANJA NEGRA              2,024           2,025                    32                           C-2771 
01NE    FRANJA NEGRA              1,966           1,967                    31                           C-2772 
01NE    FRANJA NEGRA              1,973           1,974                    34                           C-2773 
01NE    FRANJA NEGRA              1,977           1,978                    36                           C-2774 
01NE    FRANJA NEGRA              2,042           2,043                    36                           C-2775 
01NE    FRANJA NEGRA              1,987           1,988                    35                           C-2776 
01NE    FRANJA NEGRA              2,079           2,080                    34                           C-2777 
01NE    FRANJA NEGRA              1,980           1,981                    31                           C-2778 
01NE    FRANJA NEGRA              2,067           2,068                    35                           C-2779 
01NE    FRANJA NEGRA              2,018           2,019                    34                           C-2780 
01NE    FRANJA NEGRA              1,982           1,983                    34                           C-2781 
01NE    FRANJA NEGRA              2,007           2,008                    32                           C-2782 
01NE    FRANJA NEGRA              1,971           1,972                    32                           C-2783 
01NE    FRANJA NEGRA              1,949           1,950                    30                           C-2784 
01NE    FRANJA NEGRA              2,055           2,056                    32                           C-2785 
01NE    FRANJA NEGRA              2,014           2,015                    33                           C-2835 
01NE    FRANJA NEGRA              1,992           1,993                    31                           C-2836 
01NE    FRANJA NEGRA              1,986           1,987                    32                           C-2837 
01NE    FRANJA NEGRA              1,992           1,993                    32                           C-2838 
01NE    FRANJA NEGRA              2,010           2,011                    32                           C-2839 
01NE    FRANJA NEGRA              2,007           2,008                    38                           C-2840 
01NE    FRANJA NEGRA              1,963           1,964                    34                           C-2841 
01NE    FRANJA NEGRA              1,986           1,987                    41                           C-2842 
01NE    FRANJA NEGRA              1,979           1,980                    33                           C-2843 
01NE    FRANJA NEGRA              2,017           2,018                    33                           C-2844 
01NE    FRANJA NEGRA              2,025           2,026                    34                           C-2845 
01NE    FRANJA NEGRA              2,001           2,002                    33                           C-2846 
01NE    FRANJA NEGRA              2,035           2,036                    34                           C-2847 
01NE    FRANJA NEGRA              2,033           2,034                    34                           C-2848 
01NE    FRANJA NEGRA              2,021           2,022                    34                           C-2849 









EMPRESA NACIONAL DE MINERIA (ENM) PRODUCTOR          PACKING LIST                             PAG.  :   2
NATIONAL MINING COMPANY                       CODIGO DE LOTE   : B-2932                      FECHA :17/04/2019
                                              -----------------------------
FLUJO        : 
DESCRIPCION  : CATODOS EW CERRO NEGRO
N° INSTR. DE EMBARQUE : 25187
CLIENTE      : GUAYAQUIL EXPRESS
Lote Sipa    : 19020554

----------------------------------------------------------------------------------------------------------------------------- 
MARCA       DESCRIPCION         PESO NETO      PESO BRUTO     GRUPO     UNIDADES       UBICACION         SERIE                
-----------------------------------------------------------------------------------------------------------------------------

01NE    FRANJA NEGRA              2,020           2,021                    33                           C-2852 
01NE    FRANJA NEGRA              2,015           2,016                    32                           C-2853 
01NE    FRANJA NEGRA              1,993           1,994                    33                           C-2854 
01NE    FRANJA NEGRA              2,030           2,031                    33                           C-2855 
01NE    FRANJA NEGRA              1,985           1,986                    32                           C-2856 
01NE    FRANJA NEGRA              2,035           2,036                    34                           C-2857 
01NE    FRANJA NEGRA              2,034           2,035                    34                           C-2858 
01NE    FRANJA NEGRA              1,993           1,994                    34                           C-2859 
01NE    FRANJA NEGRA              1,996           1,997                    35                           C-2860 
01NE    FRANJA NEGRA              2,025           2,026                    34                           C-2861 
01NE    FRANJA NEGRA              2,098           2,099                    34                           C-2862 
01NE    FRANJA NEGRA              1,992           1,993                    32                           C-2863 
01NE    FRANJA NEGRA              2,020           2,021                    32                           C-2864 
01NE    FRANJA NEGRA              2,040           2,041                    33                           C-2865 
01NE    FRANJA NEGRA              1,978           1,979                    31                           C-2866 
01NE    FRANJA NEGRA              2,009           2,010                    34                           C-2870 
01NE    FRANJA NEGRA              2,006           2,007                    33                           C-2871 
01NE    FRANJA NEGRA              1,963           1,964                    33                           C-2872 
01NE    FRANJA NEGRA              1,999           2,000                    34                           C-2873 
01NE    FRANJA NEGRA              1,992           1,993                    37                           C-2874 
01NE    FRANJA NEGRA              1,987           1,988                    33                           C-2875 
01NE    FRANJA NEGRA              1,991           1,992                    33                           C-2876 
01NE    FRANJA NEGRA              2,038           2,039                    35                           C-2877 
01NE    FRANJA NEGRA              2,021           2,022                    37                           C-2878 
01NE    FRANJA NEGRA              2,017           2,018                    34                           C-2879 
01NE    FRANJA NEGRA              2,041           2,042                    32                           C-2880 
01NE    FRANJA NEGRA              1,993           1,994                    33                           C-2881 
01NE    FRANJA NEGRA              1,981           1,982                    31                           C-2882 
01NE    FRANJA NEGRA              2,013           2,014                    34                           C-2883 
01NE    FRANJA NEGRA              1,963           1,964                    32                           C-2884 
01NE    FRANJA NEGRA              2,022           2,023                    33                           C-2886 
01NE    FRANJA NEGRA              1,998           1,999                    34                           C-2887 
01NE    FRANJA NEGRA              1,981           1,982                    33                           C-2888 
01NE    FRANJA NEGRA              1,976           1,977                    31                           C-2889 
01NE    FRANJA NEGRA              1,939           1,940                    36                           C-2890 
01NE    FRANJA NEGRA              2,052           2,053                    34                           C-2891 
01NE    FRANJA NEGRA              2,059           2,060                    35                           C-2892 
01NE    FRANJA NEGRA              2,059           2,060                    33                           C-2893 
01NE    FRANJA NEGRA              1,957           1,958                    30                           C-2894 
01NE    FRANJA NEGRA              2,029           2,030                    35                           C-2895 
01NE    FRANJA NEGRA              2,011           2,012                    33                           C-2896 
01NE    FRANJA NEGRA              2,055           2,056                    33                           C-2897 
01NE    FRANJA NEGRA              2,018           2,019                    34                           C-2898 
01NE    FRANJA NEGRA              2,057           2,058                    30                           C-2899 
01NE    FRANJA NEGRA              2,018           2,019                    32                           C-2900 


------------------------------------------------------------------------------------------------------------------------
T.SUB-LOTES              TOT.PAQUETES =90      TOT.UNID. = 2988   T/P NETO (kg) = 180,713      T/P BRUTO (kg) = 180,803
------------------------------------------------------------------------------------------------------------------------
