
EMPRESA NACIONAL DE MINERIA (ENM) PRODUCTOR          PACKING LIST                             PAG.  :   1
NATIONAL MINING COMPANY                       CODIGO DE LOTE   : I-16420                      FECHA :02/10/2018
                                              -----------------------------
FLUJO        : 
DESCRIPCION  : CATODOS GRADO A
N° INSTR. DE EMBARQUE : 24808
CLIENTE      : MAERSK ARAS
Lote Sipa    : 18090745

----------------------------------------------------------------------------------------------------------------------------- 
MARCA       DESCRIPCION         PESO NETO      PESO BRUTO     GRUPO     UNIDADES       UBICACION         SERIE                
-----------------------------------------------------------------------------------------------------------------------------

01AZ    FRANJA AZUL               2,362           2,363         11         20                           I-16420
01AZ    FRANJA AZUL               2,336           2,337         11         20                           I-16421
01AZ    FRANJA AZUL               2,303           2,304         23         20                           I-16422
01AZ    FRANJA AZUL               2,274           2,275         23         20                           I-16423
01AZ    FRANJA AZUL               2,168           2,169         23         20                           I-16424
01AZ    FRANJA AZUL               2,305           2,306         23         20                           I-16425
01AZ    FRANJA AZUL               2,362           2,363         32         20                           I-16426
01AZ    FRANJA AZUL               2,297           2,298         11         20                           I-16427
01AZ    FRANJA AZUL               2,313           2,314         11         20                           I-16428
01AZ    FRANJA AZUL               2,554           2,555         11         20                           I-16429
01AZ    FRANJA AZUL               2,504           2,505         42         20                           I-16430
01AZ    FRANJA AZUL               2,549           2,550         11         20                           I-16431
01AZ    FRANJA AZUL               2,524           2,525         11         20                           I-16432
01AZ    FRANJA AZUL               2,334           2,335         23         20                           I-16433
01AZ    FRANJA AZUL               2,396           2,397         11         20                           I-16434
01AZ    FRANJA AZUL               2,445           2,446         23         20                           I-16435
01AZ    FRANJA AZUL               2,263           2,264         23         20                           I-16436
01AZ    FRANJA AZUL               2,515           2,516         23         20                           I-16437
01AZ    FRANJA AZUL               2,505           2,506         23         20                           I-16438
01AZ    FRANJA AZUL               2,422           2,423         42         20                           I-16439
01AZ    FRANJA AZUL               2,386           2,387         42         20                           I-16440
01AZ    FRANJA AZUL               2,368           2,369         42         20                           I-16441
01AZ    FRANJA AZUL               2,444           2,445         42         20                           I-16442
01AZ    FRANJA AZUL               2,335           2,336         42         20                           I-16443
01AZ    FRANJA AZUL               2,179           2,180         42         20                           I-16444
01AZ    FRANJA AZUL               2,463           2,464         42         20                           I-16445
01AZ    FRANJA AZUL               2,484           2,485         42         20                           I-16446
01AZ    FRANJA AZUL               2,439           2,440         42         20                           I-16447
01AZ    FRANJA AZUL               2,451           2,452         42         20                           I-16448
01AZ    FRANJA AZUL               2,614           2,615         42         20                           I-16449
01AZ    FRANJA AZUL               2,066           2,067         42         20                           I-16450
01AZ    FRANJA AZUL               2,441           2,442         42         20                           I-16451
01AZ    FRANJA AZUL               2,183           2,184         23         20                           I-16452
01AZ    FRANJA AZUL               2,542           2,543         11         20                           I-16453
01AZ    FRANJA AZUL               2,271           2,272         23         20                           I-16454
01AZ    FRANJA AZUL               2,525           2,526         23         20                           I-16455
01AZ    FRANJA AZUL               2,506           2,507         11         20                           I-16456
01AZ    FRANJA AZUL               2,494           2,495         42         20                           I-16457
01AZ    FRANJA AZUL               2,479           2,480         42         20                           I-16458
01AZ    FRANJA AZUL               2,534           2,535         42         20                           I-16459
01AZ    FRANJA AZUL               2,528           2,529         42         20                           I-16460
01AZ    FRANJA AZUL               2,488           2,489         42         20                           I-16461
01AZ    FRANJA AZUL               2,516           2,517         11         20                           I-16462
01AZ    FRANJA AZUL               2,519           2,520         42         20                           I-16463
01AZ    FRANJA AZUL               2,479           2,480         23         20                           I-16464









EMPRESA NACIONAL DE MINERIA (ENM) PRODUCTOR          PACKING LIST                             PAG.  :   2
NATIONAL MINING COMPANY                       CODIGO DE LOTE   : I-16420                      FECHA :02/10/2018
                                              -----------------------------
FLUJO        : 
DESCRIPCION  : CATODOS GRADO A
N° INSTR. DE EMBARQUE : 24808
CLIENTE      : MAERSK ARAS
Lote Sipa    : 18090745

----------------------------------------------------------------------------------------------------------------------------- 
MARCA       DESCRIPCION         PESO NETO      PESO BRUTO     GRUPO     UNIDADES       UBICACION         SERIE                
-----------------------------------------------------------------------------------------------------------------------------

01AZ    FRANJA AZUL               2,531           2,532         11         20                           I-16465
01AZ    FRANJA AZUL               2,475           2,476         11         20                           I-16466
01AZ    FRANJA AZUL               2,511           2,512         42         20                           I-16467
01AZ    FRANJA AZUL               2,552           2,553         42         20                           I-16468
01AZ    FRANJA AZUL               2,507           2,508         11         20                           I-16469
01AZ    FRANJA AZUL               2,579           2,580         11         20                           I-16470
01AZ    FRANJA AZUL               2,497           2,498         11         20                           I-16471
01AZ    FRANJA AZUL               2,584           2,585         11         20                           I-16472
01AZ    FRANJA AZUL               2,574           2,575         23         20                           I-16473
01AZ    FRANJA AZUL               2,571           2,572         11         20                           I-16474
01AZ    FRANJA AZUL               2,528           2,529         11         20                           I-16475
01AZ    FRANJA AZUL               2,563           2,564         11         20                           I-16476
01AZ    FRANJA AZUL               2,551           2,552         11         20                           I-16477
01AZ    FRANJA AZUL               2,575           2,576         23         20                           I-16478
01AZ    FRANJA AZUL               2,408           2,409         23         20                           I-16479
01AZ    FRANJA AZUL               2,506           2,507         42         20                           I-16480
01AZ    FRANJA AZUL               2,514           2,515         23         20                           I-16481
01AZ    FRANJA AZUL               2,421           2,422         23         20                           I-16482
01AZ    FRANJA AZUL               2,541           2,542         23         20                           I-16483
01AZ    FRANJA AZUL               2,587           2,588         11         20                           I-16484
01AZ    FRANJA AZUL               2,447           2,448         42         20                           I-16485
01AZ    FRANJA AZUL               2,541           2,542         42         20                           I-16486
01AZ    FRANJA AZUL               2,464           2,465         42         20                           I-16487
01AZ    FRANJA AZUL               2,414           2,415         42         20                           I-16488
01AZ    FRANJA AZUL               2,503           2,504         23         20                           I-16489
01AZ    FRANJA AZUL               2,517           2,518         11         20                           I-16490
01AZ    FRANJA AZUL               2,468           2,469         11         20                           I-16491
01AZ    FRANJA AZUL               2,476           2,477         11         20                           I-16492
01AZ    FRANJA AZUL               2,361           2,362         42         20                           I-16493
01AZ    FRANJA AZUL               2,496           2,497         42         20                           I-16494
01AZ    FRANJA AZUL               2,425           2,426         42         20                           I-16495
01AZ    FRANJA AZUL               2,406           2,407         42         20                           I-16496
01AZ    FRANJA AZUL               2,520           2,521         23         20                           I-16497
01AZ    FRANJA AZUL               2,222           2,223         32         20                           I-16498
01AZ    FRANJA AZUL               2,421           2,422         32         20                           I-16499
01AZ    FRANJA AZUL               2,312           2,313         32         20                           I-16500
01AZ    FRANJA AZUL               2,235           2,236         32         20                           I-16501
01AZ    FRANJA AZUL               2,381           2,382         32         20                           I-16502
01AZ    FRANJA AZUL               2,427           2,428         32         20                           I-16503
01AZ    FRANJA AZUL               2,329           2,330         32         20                           I-16504
01AZ    FRANJA AZUL               2,272           2,273         32         20                           I-16505
01AZ    FRANJA AZUL               2,451           2,452         32         20                           I-16506
01AZ    FRANJA AZUL               2,438           2,439         32         20                           I-16507
01AZ    FRANJA AZUL               2,449           2,450         32         20                           I-16508
01AZ    FRANJA AZUL               2,546           2,547         11         20                           I-16509









EMPRESA NACIONAL DE MINERIA (ENM) PRODUCTOR          PACKING LIST                             PAG.  :   3
NATIONAL MINING COMPANY                       CODIGO DE LOTE   : I-16420                      FECHA :02/10/2018
                                              -----------------------------
FLUJO        : 
DESCRIPCION  : CATODOS GRADO A
N° INSTR. DE EMBARQUE : 24808
CLIENTE      : MAERSK ARAS
Lote Sipa    : 18090745

----------------------------------------------------------------------------------------------------------------------------- 
MARCA       DESCRIPCION         PESO NETO      PESO BRUTO     GRUPO     UNIDADES       UBICACION         SERIE                
-----------------------------------------------------------------------------------------------------------------------------

01AZ    FRANJA AZUL               2,370           2,371         32         20                           I-16510
01AZ    FRANJA AZUL               2,419           2,420         32         20                           I-16511
01AZ    FRANJA AZUL               2,446           2,447         42         20                           I-16512
01AZ    FRANJA AZUL               2,369           2,370         32         20                           I-16513
01AZ    FRANJA AZUL               2,419           2,420         11         20                           I-16514
01AZ    FRANJA AZUL               2,385           2,386         42         20                           I-16515
01AZ    FRANJA AZUL               2,316           2,317         32         20                           I-16516
01AZ    FRANJA AZUL               2,287           2,288         32         20                           I-16517
01AZ    FRANJA AZUL               2,377           2,378         32         20                           I-16518
01AZ    FRANJA AZUL               2,504           2,505         42         20                           I-16519
01AZ    FRANJA AZUL               2,473           2,474         42         20                           I-16520
01AZ    FRANJA AZUL               2,453           2,454         42         20                           I-16521
01AZ    FRANJA AZUL               2,492           2,493         42         20                           I-16522
01AZ    FRANJA AZUL               2,351           2,352         42         20                           I-16523
01AZ    FRANJA AZUL               2,172           2,173         32         20                           I-16524
01AZ    FRANJA AZUL               2,319           2,320         32         20                           I-16525
01AZ    FRANJA AZUL               2,465           2,466         42         20                           I-16526
01AZ    FRANJA AZUL               2,407           2,408         42         20                           I-16527
01AZ    FRANJA AZUL               2,444           2,445         42         20                           I-16528
01AZ    FRANJA AZUL               2,446           2,447         42         20                           I-16529
01AZ    FRANJA AZUL               2,463           2,464         42         20                           I-16530
01AZ    FRANJA AZUL               2,469           2,470         42         20                           I-16531
01AZ    FRANJA AZUL               2,508           2,509         42         20                           I-16532
01AZ    FRANJA AZUL               2,502           2,503         42         20                           I-16533
01AZ    FRANJA AZUL               2,464           2,465         42         20                           I-16534
01AZ    FRANJA AZUL               2,499           2,500         42         20                           I-16535
01AZ    FRANJA AZUL               2,485           2,486         42         20                           I-16536
01AZ    FRANJA AZUL               2,461           2,462         42         20                           I-16537
01AZ    FRANJA AZUL               2,442           2,443         42         20                           I-16538
01AZ    FRANJA AZUL               2,436           2,437         42         20                           I-16539
01AZ    FRANJA AZUL               2,465           2,466         42         20                           I-16540
01AZ    FRANJA AZUL               2,475           2,476         42         20                           I-16541
01AZ    FRANJA AZUL               2,466           2,467         42         20                           I-16542


------------------------------------------------------------------------------------------------------------------------
T.SUB-LOTES              TOT.PAQUETES =123      TOT.UNID. = 2460   T/P NETO (kg) = 299,610      T/P BRUTO (kg) = 299,733
------------------------------------------------------------------------------------------------------------------------
