
EMPRESA NACIONAL DE MINERIA (ENM) PRODUCTOR          PACKING LIST                             PAG.  :   1
NATIONAL MINING COMPANY                       CODIGO DE LOTE   : H-1713                      FECHA :01/10/2021
                                              -----------------------------
FLUJO        : 
DESCRIPCION  : CATODOS EW EL SALADO
N° INSTR. DE EMBARQUE : 26906
CLIENTE      : MAERSK SHAMS
Lote Sipa    : 21080346

----------------------------------------------------------------------------------------------------------------------------- 
MARCA       DESCRIPCION         PESO NETO      PESO BRUTO     GRUPO     UNIDADES       UBICACION         SERIE                
-----------------------------------------------------------------------------------------------------------------------------

01RJ    FRANJA ROJA               2,039           2,040                    65                           H-1684 
01RJ    FRANJA ROJA               2,048           2,049                    75                           H-1685 
01RJ    FRANJA ROJA               2,003           2,004                    65                           H-1686 
01RJ    FRANJA ROJA               2,025           2,026                    65                           H-1687 
01RJ    FRANJA ROJA               2,031           2,032                    73                           H-1688 
01RJ    FRANJA ROJA               2,018           2,019                    65                           H-1689 
01RJ    FRANJA ROJA               1,963           1,964                    63                           H-1690 
01RJ    FRANJA ROJA               1,969           1,970                    71                           H-1691 
01RJ    FRANJA ROJA               1,952           1,953                    72                           H-1692 
01RJ    FRANJA ROJA               1,962           1,963                    64                           H-1693 
01RJ    FRANJA ROJA               1,987           1,988                    86                           H-1694 
01RJ    FRANJA ROJA               1,971           1,972                    63                           H-1695 
01RJ    FRANJA ROJA               1,949           1,950                    64                           H-1696 
01RJ    FRANJA ROJA               1,989           1,990                    61                           H-1697 
01RJ    FRANJA ROJA               1,972           1,973                    60                           H-1713 
01RJ    FRANJA ROJA               2,013           2,014                    90                           H-1714 
01RJ    FRANJA ROJA               2,024           2,025                    65                           H-1715 
01RJ    FRANJA ROJA               2,001           2,002                    92                           H-1716 
01RJ    FRANJA ROJA               2,042           2,043                    67                           H-1717 
01RJ    FRANJA ROJA               1,968           1,969                    75                           H-1718 
01RJ    FRANJA ROJA               1,991           1,992                    78                           H-1719 
01RJ    FRANJA ROJA               1,966           1,967                    76                           H-1720 
01RJ    FRANJA ROJA               1,960           1,961                    81                           H-1721 
01RJ    FRANJA ROJA               2,001           2,002                    78                           H-1722 
01RJ    FRANJA ROJA               2,002           2,003                    79                           H-1723 
01RJ    FRANJA ROJA               2,038           2,039                    80                           H-1724 
01RJ    FRANJA ROJA               2,018           2,019                    73                           H-1725 
01RJ    FRANJA ROJA               2,010           2,011                    68                           H-1727 
01RJ    FRANJA ROJA               1,987           1,988                    79                           H-1728 
01RJ    FRANJA ROJA               2,060           2,061                    85                           H-1729 
01RJ    FRANJA ROJA               1,955           1,956                    78                           H-1730 
01RJ    FRANJA ROJA               2,010           2,011                    78                           H-1731 
01RJ    FRANJA ROJA               1,962           1,963                    60                           H-1732 
01RJ    FRANJA ROJA               2,043           2,044                    77                           H-1733 
01RJ    FRANJA ROJA               2,063           2,064                    80                           H-1734 
01RJ    FRANJA ROJA               2,050           2,051                    70                           H-1735 
01RJ    FRANJA ROJA               1,994           1,995                    68                           H-1736 
01RJ    FRANJA ROJA               1,982           1,983                    70                           H-1737 
01RJ    FRANJA ROJA               1,961           1,962                    60                           H-1738 
01RJ    FRANJA ROJA               2,051           2,052                    74                           H-1739 
01RJ    FRANJA ROJA               2,049           2,050                    70                           H-1740 
01RJ    FRANJA ROJA               2,046           2,047                    75                           H-1759 
01RJ    FRANJA ROJA               2,040           2,041                    80                           H-1760 
01RJ    FRANJA ROJA               2,042           2,043                    77                           H-1761 
01RJ    FRANJA ROJA               2,047           2,048                    77                           H-1762 









EMPRESA NACIONAL DE MINERIA (ENM) PRODUCTOR          PACKING LIST                             PAG.  :   2
NATIONAL MINING COMPANY                       CODIGO DE LOTE   : H-1713                      FECHA :01/10/2021
                                              -----------------------------
FLUJO        : 
DESCRIPCION  : CATODOS EW EL SALADO
N° INSTR. DE EMBARQUE : 26906
CLIENTE      : MAERSK SHAMS
Lote Sipa    : 21080346

----------------------------------------------------------------------------------------------------------------------------- 
MARCA       DESCRIPCION         PESO NETO      PESO BRUTO     GRUPO     UNIDADES       UBICACION         SERIE                
-----------------------------------------------------------------------------------------------------------------------------

01RJ    FRANJA ROJA               2,046           2,047                    69                           H-1763 
01RJ    FRANJA ROJA               2,016           2,017                    61                           H-1764 
01RJ    FRANJA ROJA               2,000           2,001                    71                           H-1765 
01RJ    FRANJA ROJA               2,037           2,038                    64                           H-1766 
01RJ    FRANJA ROJA               2,026           2,027                    75                           H-1767 
01RJ    FRANJA ROJA               1,951           1,952                    67                           H-1768 
01RJ    FRANJA ROJA               2,041           2,042                    78                           H-1769 
01RJ    FRANJA ROJA               2,021           2,022                    77                           H-1770 
01RJ    FRANJA ROJA               2,029           2,030                    75                           H-1771 
01RJ    FRANJA ROJA               2,050           2,051                    75                           H-1772 
01RJ    FRANJA ROJA               2,032           2,033                    69                           H-1774 
01RJ    FRANJA ROJA               2,055           2,056                    75                           H-1775 
01RJ    FRANJA ROJA               2,051           2,052                    77                           H-1776 
01RJ    FRANJA ROJA               2,007           2,008                    80                           H-1777 
01RJ    FRANJA ROJA               2,037           2,038                    85                           H-1778 
01RJ    FRANJA ROJA               2,038           2,039                    75                           H-1779 
01RJ    FRANJA ROJA               2,049           2,050                    85                           H-1780 
01RJ    FRANJA ROJA               2,056           2,057                    77                           H-1781 
01RJ    FRANJA ROJA               1,959           1,960                    68                           H-1782 
01RJ    FRANJA ROJA               1,977           1,978                    68                           H-1783 
01RJ    FRANJA ROJA               1,973           1,974                    68                           H-1784 
01RJ    FRANJA ROJA               2,030           2,031                    60                           H-1785 
01RJ    FRANJA ROJA               2,049           2,050                    83                           H-1786 
01RJ    FRANJA ROJA               2,051           2,052                    80                           H-1787 
01RJ    FRANJA ROJA               1,988           1,989                    62                           H-1789 
01RJ    FRANJA ROJA               2,050           2,051                    76                           H-1790 
01RJ    FRANJA ROJA               2,066           2,067                    74                           H-1791 
01RJ    FRANJA ROJA               2,045           2,046                    63                           H-1792 
01RJ    FRANJA ROJA               2,035           2,036                    78                           H-1793 
01RJ    FRANJA ROJA               2,065           2,066                    83                           H-1794 
01RJ    FRANJA ROJA               2,041           2,042                    75                           H-1795 
01RJ    FRANJA ROJA               2,055           2,056                    81                           H-1796 
01RJ    FRANJA ROJA               1,985           1,986                    78                           H-1797 
01RJ    FRANJA ROJA               2,017           2,018                    90                           H-1798 
01RJ    FRANJA ROJA               1,988           1,989                    86                           H-1799 
01RJ    FRANJA ROJA               2,048           2,049                    77                           H-1800 
01RJ    FRANJA ROJA               2,029           2,030                    86                           H-1801 
01RJ    FRANJA ROJA               2,056           2,057                    78                           H-1802 
01RJ    FRANJA ROJA               2,051           2,052                    97                           H-1804 
01RJ    FRANJA ROJA               1,985           1,986                    84                           H-1805 
01RJ    FRANJA ROJA               1,996           1,997                    90                           H-1806 
01RJ    FRANJA ROJA               2,053           2,054                    86                           H-1807 
01RJ    FRANJA ROJA               2,047           2,048                    88                           H-1808 
01RJ    FRANJA ROJA               2,025           2,026                    91                           H-1809 
01RJ    FRANJA ROJA               1,978           1,979                    82                           H-1810 









EMPRESA NACIONAL DE MINERIA (ENM) PRODUCTOR          PACKING LIST                             PAG.  :   3
NATIONAL MINING COMPANY                       CODIGO DE LOTE   : H-1713                      FECHA :01/10/2021
                                              -----------------------------
FLUJO        : 
DESCRIPCION  : CATODOS EW EL SALADO
N° INSTR. DE EMBARQUE : 26906
CLIENTE      : MAERSK SHAMS
Lote Sipa    : 21080346

----------------------------------------------------------------------------------------------------------------------------- 
MARCA       DESCRIPCION         PESO NETO      PESO BRUTO     GRUPO     UNIDADES       UBICACION         SERIE                
-----------------------------------------------------------------------------------------------------------------------------

01RJ    FRANJA ROJA               2,046           2,047                    77                           H-1811 
01RJ    FRANJA ROJA               2,018           2,019                    88                           H-1812 
01RJ    FRANJA ROJA               2,060           2,061                    86                           H-1813 
01RJ    FRANJA ROJA               1,991           1,992                    85                           H-1814 
01RJ    FRANJA ROJA               2,051           2,052                    71                           H-1815 
01RJ    FRANJA ROJA               2,028           2,029                    73                           H-1816 
01RJ    FRANJA ROJA               1,978           1,979                    65                           H-1817 
01RJ    FRANJA ROJA               2,055           2,056                    75                           H-1849 
01RJ    FRANJA ROJA               2,032           2,033                    74                           H-1850 
01RJ    FRANJA ROJA               2,031           2,032                    75                           H-1851 
01RJ    FRANJA ROJA               2,041           2,042                    75                           H-1852 
01RJ    FRANJA ROJA               2,024           2,025                    73                           H-1853 
01RJ    FRANJA ROJA               1,953           1,954                    81                           H-1854 
01RJ    FRANJA ROJA               1,975           1,976                    75                           H-1855 
01RJ    FRANJA ROJA               2,011           2,012                    79                           H-1856 
01RJ    FRANJA ROJA               2,016           2,017                    80                           H-1857 
01RJ    FRANJA ROJA               2,034           2,035                    77                           H-1858 
01RJ    FRANJA ROJA               1,983           1,984                    76                           H-1859 
01RJ    FRANJA ROJA               2,050           2,051                    82                           H-1860 
01RJ    FRANJA ROJA               2,051           2,052                    80                           H-1861 
01RJ    FRANJA ROJA               2,007           2,008                    68                           H-1863 
01RJ    FRANJA ROJA               1,989           1,990                    73                           H-1864 
01RJ    FRANJA ROJA               1,971           1,972                    68                           H-1865 
01RJ    FRANJA ROJA               2,045           2,046                    69                           H-1866 
01RJ    FRANJA ROJA               1,964           1,965                    72                           H-1867 
01RJ    FRANJA ROJA               1,970           1,971                    65                           H-1868 
01RJ    FRANJA ROJA               2,054           2,055                    75                           H-1869 
01RJ    FRANJA ROJA               2,019           2,020                    73                           H-1870 
01RJ    FRANJA ROJA               1,964           1,965                    73                           H-1871 
01RJ    FRANJA ROJA               2,055           2,056                    73                           H-1872 
01RJ    FRANJA ROJA               2,015           2,016                    71                           H-1873 
01RJ    FRANJA ROJA               2,026           2,027                    55                           H-1874 
01RJ    FRANJA ROJA               2,023           2,024                    80                           H-1875 
01RJ    FRANJA ROJA               1,990           1,991                    68                           H-1876 


------------------------------------------------------------------------------------------------------------------------
T.SUB-LOTES              TOT.PAQUETES =124      TOT.UNID. = 9269   T/P NETO (kg) = 249,958      T/P BRUTO (kg) = 250,082
------------------------------------------------------------------------------------------------------------------------
