
EMPRESA NACIONAL DE MINERIA (ENM) PRODUCTOR          PACKING LIST                             PAG.  :   1
NATIONAL MINING COMPANY                       CODIGO DE LOTE   : C-4283                      FECHA :17/03/2022
                                              -----------------------------
FLUJO        : 
DESCRIPCION  : CATODOS GRADO A
N° INSTR. DE EMBARQUE : 27270
CLIENTE      : CISNES
Lote Sipa    : 22020470

----------------------------------------------------------------------------------------------------------------------------- 
MARCA       DESCRIPCION         PESO NETO      PESO BRUTO     GRUPO     UNIDADES       UBICACION         SERIE                
-----------------------------------------------------------------------------------------------------------------------------

01VE    FRANJA VERDE              2,215           2,216         26         20                           C-4283 
01VE    FRANJA VERDE              2,392           2,393         46         20                           C-4284 
01VE    FRANJA VERDE              2,374           2,375         04         20                           C-4285 
01VE    FRANJA VERDE              1,913           1,914         04         20                           C-4286 
01VE    FRANJA VERDE              2,523           2,524         04         20                           C-4287 
01VE    FRANJA VERDE              2,530           2,531         46         20                           C-4288 
01VE    FRANJA VERDE              2,355           2,356         46         20                           C-4289 
01VE    FRANJA VERDE              2,528           2,529         46         20                           C-4290 
01VE    FRANJA VERDE              2,274           2,275         46         20                           C-4291 
01VE    FRANJA VERDE              2,382           2,383         46         20                           C-4292 
01VE    FRANJA VERDE              2,398           2,399         46         20                           C-4293 
01VE    FRANJA VERDE              2,271           2,272         46         20                           C-4294 
01VE    FRANJA VERDE              2,422           2,423         46         20                           C-4295 
01VE    FRANJA VERDE              2,240           2,241         46         20                           C-4296 
01VE    FRANJA VERDE              2,498           2,499         46         20                           C-4297 
01VE    FRANJA VERDE              2,434           2,435         46         20                           C-4298 
01VE    FRANJA VERDE              2,423           2,424         46         20                           C-4299 
01VE    FRANJA VERDE              2,397           2,398         46         20                           C-4300 
01VE    FRANJA VERDE              2,343           2,344         46         20                           C-4301 
01VE    FRANJA VERDE              2,478           2,479         46         20                           C-4302 
01VE    FRANJA VERDE              2,320           2,321         46         20                           C-4303 
01VE    FRANJA VERDE              2,438           2,439         46         20                           C-4304 
01VE    FRANJA VERDE              2,402           2,403         46         20                           C-4305 
01VE    FRANJA VERDE              2,348           2,349         46         20                           C-4306 
01VE    FRANJA VERDE              2,252           2,253         46         20                           C-4307 
01VE    FRANJA VERDE              2,354           2,355         46         20                           C-4308 
01VE    FRANJA VERDE              2,028           2,029         46         20                           C-4309 
01VE    FRANJA VERDE              2,360           2,361         46         20                           C-4310 
01VE    FRANJA VERDE              2,217           2,218         46         20                           C-4311 
01VE    FRANJA VERDE              2,490           2,491         46         20                           C-4312 
01VE    FRANJA VERDE              2,457           2,458         46         20                           C-4313 
01VE    FRANJA VERDE              2,339           2,340         46         20                           C-4314 
01VE    FRANJA VERDE              2,423           2,424         46         20                           C-4315 
01VE    FRANJA VERDE              2,413           2,414         46         20                           C-4316 
01VE    FRANJA VERDE              2,369           2,370         46         20                           C-4317 
01VE    FRANJA VERDE              2,309           2,310         46         20                           C-4318 
01VE    FRANJA VERDE              2,385           2,386         46         20                           C-4319 
01VE    FRANJA VERDE              2,115           2,116         46         20                           C-4320 
01VE    FRANJA VERDE              2,314           2,315         46         20                           C-4321 
01VE    FRANJA VERDE              2,326           2,327         46         20                           C-4322 
01VE    FRANJA VERDE              2,405           2,406         46         20                           C-4323 
01VE    FRANJA VERDE              2,173           2,174         46         20                           C-4324 
01VE    FRANJA VERDE              2,283           2,284         46         20                           C-4325 
01VE    FRANJA VERDE              2,399           2,400         46         20                           C-4326 
01VE    FRANJA VERDE              2,134           2,135         46         20                           C-4327 









EMPRESA NACIONAL DE MINERIA (ENM) PRODUCTOR          PACKING LIST                             PAG.  :   2
NATIONAL MINING COMPANY                       CODIGO DE LOTE   : C-4283                      FECHA :17/03/2022
                                              -----------------------------
FLUJO        : 
DESCRIPCION  : CATODOS GRADO A
N° INSTR. DE EMBARQUE : 27270
CLIENTE      : CISNES
Lote Sipa    : 22020470

----------------------------------------------------------------------------------------------------------------------------- 
MARCA       DESCRIPCION         PESO NETO      PESO BRUTO     GRUPO     UNIDADES       UBICACION         SERIE                
-----------------------------------------------------------------------------------------------------------------------------

01VE    FRANJA VERDE              2,172           2,173         46         20                           C-4328 
01VE    FRANJA VERDE              2,265           2,266         46         20                           C-4329 
01VE    FRANJA VERDE              2,404           2,405         46         20                           C-4330 
01VE    FRANJA VERDE              2,263           2,264         46         20                           C-4331 
01VE    FRANJA VERDE              2,115           2,116         46         20                           C-4332 
01VE    FRANJA VERDE              2,256           2,257         46         20                           C-4333 
01VE    FRANJA VERDE              2,305           2,306         46         20                           C-4334 
01VE    FRANJA VERDE              2,133           2,134         46         20                           C-4335 
01VE    FRANJA VERDE              2,243           2,244         46         20                           C-4336 
01VE    FRANJA VERDE              2,306           2,307         46         20                           C-4337 
01VE    FRANJA VERDE              2,266           2,267         46         20                           C-4338 
01VE    FRANJA VERDE              2,384           2,385         46         20                           C-4339 
01VE    FRANJA VERDE              2,031           2,032         46         20                           C-4340 
01VE    FRANJA VERDE              2,219           2,220         46         20                           C-4341 
01VE    FRANJA VERDE              2,038           2,039         46         20                           C-4342 
01VE    FRANJA VERDE              2,294           2,295         46         20                           C-4343 
01VE    FRANJA VERDE              1,929           1,930         46         20                           C-4344 
01VE    FRANJA VERDE              2,264           2,265         46         20                           C-4345 
01VE    FRANJA VERDE              2,406           2,407         46         20                           C-4346 
01VE    FRANJA VERDE              2,311           2,312         46         20                           C-4347 
01VE    FRANJA VERDE              2,327           2,328         46         20                           C-4348 
01VE    FRANJA VERDE              2,184           2,185         46         20                           C-4349 
01VE    FRANJA VERDE              2,119           2,120         46         20                           C-4350 
01VE    FRANJA VERDE              2,311           2,312         46         20                           C-4351 
01VE    FRANJA VERDE              2,091           2,092         46         20                           C-4352 
01VE    FRANJA VERDE              2,168           2,169         46         20                           C-4353 
01VE    FRANJA VERDE              2,224           2,225         46         20                           C-4354 
01VE    FRANJA VERDE              2,465           2,466         04         20                           C-4355 
01VE    FRANJA VERDE              2,155           2,156         04         20                           C-4356 
01VE    FRANJA VERDE              2,197           2,198         04         20                           C-4357 
01VE    FRANJA VERDE              2,431           2,432         04         20                           C-4358 
01VE    FRANJA VERDE              2,501           2,502         04         20                           C-4359 
01VE    FRANJA VERDE              2,263           2,264         04         20                           C-4360 
01VE    FRANJA VERDE              2,107           2,108         04         20                           C-4361 
01VE    FRANJA VERDE              2,314           2,315         04         20                           C-4362 
01VE    FRANJA VERDE              2,450           2,451         04         20                           C-4363 
01VE    FRANJA VERDE              2,428           2,429         04         20                           C-4364 
01VE    FRANJA VERDE              2,364           2,365         04         20                           C-4365 
01VE    FRANJA VERDE              1,936           1,937         04         20                           C-4366 
01VE    FRANJA VERDE              2,168           2,169         04         20                           C-4367 
01VE    FRANJA VERDE              2,183           2,184         04         20                           C-4368 
01VE    FRANJA VERDE              2,511           2,512         04         20                           C-4369 
01VE    FRANJA VERDE              2,331           2,332         04         20                           C-4370 
01VE    FRANJA VERDE              2,104           2,105         04         20                           C-4371 
01VE    FRANJA VERDE              2,277           2,278         04         20                           C-4372 









EMPRESA NACIONAL DE MINERIA (ENM) PRODUCTOR          PACKING LIST                             PAG.  :   3
NATIONAL MINING COMPANY                       CODIGO DE LOTE   : C-4283                      FECHA :17/03/2022
                                              -----------------------------
FLUJO        : 
DESCRIPCION  : CATODOS GRADO A
N° INSTR. DE EMBARQUE : 27270
CLIENTE      : CISNES
Lote Sipa    : 22020470

----------------------------------------------------------------------------------------------------------------------------- 
MARCA       DESCRIPCION         PESO NETO      PESO BRUTO     GRUPO     UNIDADES       UBICACION         SERIE                
-----------------------------------------------------------------------------------------------------------------------------

01VE    FRANJA VERDE              2,433           2,434         20         20                           C-4373 
01VE    FRANJA VERDE              2,447           2,448         20         20                           C-4374 
01VE    FRANJA VERDE              2,319           2,320         20         20                           C-4375 
01VE    FRANJA VERDE              2,471           2,472         20         20                           C-4376 
01VE    FRANJA VERDE              2,431           2,432         38         20                           C-4377 
01VE    FRANJA VERDE              2,337           2,338         38         20                           C-4378 
01VE    FRANJA VERDE              2,229           2,230         38         20                           C-4379 
01VE    FRANJA VERDE              2,389           2,390         38         20                           C-4380 
01VE    FRANJA VERDE              2,327           2,328         38         20                           C-4381 
01VE    FRANJA VERDE              2,494           2,495         38         20                           C-4382 
01VE    FRANJA VERDE              1,991           1,992         20         20                           C-4383 
01VE    FRANJA VERDE              2,387           2,388         20         20                           C-4384 
01VE    FRANJA VERDE              2,463           2,464         20         20                           C-4385 
01VE    FRANJA VERDE              2,434           2,435         20         20                           C-4386 
01VE    FRANJA VERDE              2,089           2,090         20         20                           C-4387 
01VE    FRANJA VERDE              2,385           2,386         04         20                           C-4388 
01VE    FRANJA VERDE              2,279           2,280         04         20                           C-4389 
01VE    FRANJA VERDE              2,379           2,380         04         20                           C-4390 
01VE    FRANJA VERDE              2,313           2,314         04         20                           C-4391 
01VE    FRANJA VERDE              2,297           2,298         04         20                           C-4392 
01VE    FRANJA VERDE              2,449           2,450         15         20                           C-4393 
01VE    FRANJA VERDE              2,359           2,360         15         20                           C-4394 
01VE    FRANJA VERDE              2,349           2,350         15         20                           C-4395 
01VE    FRANJA VERDE              2,331           2,332         15         20                           C-4396 
01VE    FRANJA VERDE              2,541           2,542         15         20                           C-4397 
01VE    FRANJA VERDE              2,231           2,232         38         20                           C-4398 
01VE    FRANJA VERDE              2,183           2,184         46         20                           C-4399 
01VE    FRANJA VERDE              2,322           2,323         20         20                           C-4400 
01VE    FRANJA VERDE              2,328           2,329         20         20                           C-4401 
01VE    FRANJA VERDE              2,251           2,252         20         20                           C-4402 
01VE    FRANJA VERDE              2,289           2,290         15         20                           C-4403 
01VE    FRANJA VERDE              2,501           2,502         15         20                           C-4404 
01VE    FRANJA VERDE              2,411           2,412         15         20                           C-4405 
01VE    FRANJA VERDE              2,242           2,243         04         20                           C-4406 
01VE    FRANJA VERDE              2,435           2,436         04         20                           C-4407 
01VE    FRANJA VERDE              1,987           1,988         04         20                           C-4408 
01VE    FRANJA VERDE              2,417           2,418         04         20                           C-4409 
01VE    FRANJA VERDE              2,293           2,294         38         20                           C-4410 
01VE    FRANJA VERDE              2,397           2,398         38         20                           C-4411 
01VE    FRANJA VERDE              2,230           2,231         20         20                           C-4412 
01VE    FRANJA VERDE              2,353           2,354         20         20                           C-4413 
01VE    FRANJA VERDE              2,281           2,282         20         20                           C-4414 
01VE    FRANJA VERDE              2,285           2,286         20         20                           C-4415 
01VE    FRANJA VERDE              2,243           2,244         20         20                           C-4416 
01VE    FRANJA VERDE              2,439           2,440         15         20                           C-4417 









EMPRESA NACIONAL DE MINERIA (ENM) PRODUCTOR          PACKING LIST                             PAG.  :   4
NATIONAL MINING COMPANY                       CODIGO DE LOTE   : C-4283                      FECHA :17/03/2022
                                              -----------------------------
FLUJO        : 
DESCRIPCION  : CATODOS GRADO A
N° INSTR. DE EMBARQUE : 27270
CLIENTE      : CISNES
Lote Sipa    : 22020470

----------------------------------------------------------------------------------------------------------------------------- 
MARCA       DESCRIPCION         PESO NETO      PESO BRUTO     GRUPO     UNIDADES       UBICACION         SERIE                
-----------------------------------------------------------------------------------------------------------------------------

01VE    FRANJA VERDE              2,426           2,427         15         20                           C-4418 
01VE    FRANJA VERDE              2,374           2,375         15         20                           C-4419 
01VE    FRANJA VERDE              2,365           2,366         15         20                           C-4420 


------------------------------------------------------------------------------------------------------------------------
T.SUB-LOTES              TOT.PAQUETES =138      TOT.UNID. = 2760   T/P NETO (kg) = 318,862      T/P BRUTO (kg) = 319,000
------------------------------------------------------------------------------------------------------------------------
