
EMPRESA NACIONAL DE MINERIA (ENM) PRODUCTOR          PACKING LIST                             PAG.  :   1
NATIONAL MINING COMPANY                       CODIGO DE LOTE   : B-2126                      FECHA :06/02/2023
                                              -----------------------------
FLUJO        : 
DESCRIPCION  : CATODOS EW TALTAL
N° INSTR. DE EMBARQUE : 930505
CLIENTE      : 
Lote Sipa    : 23020224

----------------------------------------------------------------------------------------------------------------------------- 
MARCA       DESCRIPCION         PESO NETO      PESO BRUTO     GRUPO     UNIDADES       UBICACION         SERIE                
-----------------------------------------------------------------------------------------------------------------------------

08CE    8 FRANJAS CELESTES        1,986           1,987                    72                           B-2126 
08CE    8 FRANJAS CELESTES        1,995           1,996                    63                           B-2127 
08CE    8 FRANJAS CELESTES        2,028           2,029                    72                           B-2128 
08CE    8 FRANJAS CELESTES        2,005           2,006                    71                           B-2129 
08CE    8 FRANJAS CELESTES        2,015           2,016                    76                           B-2130 
08CE    8 FRANJAS CELESTES        2,007           2,008                    62                           B-2131 
08CE    8 FRANJAS CELESTES        2,016           2,017                    62                           B-2132 
08CE    8 FRANJAS CELESTES        1,966           1,967                    62                           B-2133 
08CE    8 FRANJAS CELESTES        1,995           1,996                    62                           B-2134 
08CE    8 FRANJAS CELESTES        1,962           1,963                    61                           B-2135 
08CE    8 FRANJAS CELESTES        2,003           2,004                    62                           B-2136 
08CE    8 FRANJAS CELESTES        1,994           1,995                    62                           B-2137 
08CE    8 FRANJAS CELESTES        1,967           1,968                    62                           B-2138 
08CE    8 FRANJAS CELESTES        2,021           2,022                    66                           B-2139 


------------------------------------------------------------------------------------------------------------------------
T.SUB-LOTES              TOT.PAQUETES =14      TOT.UNID. = 915   T/P NETO (kg) = 27,960      T/P BRUTO (kg) = 27,974
------------------------------------------------------------------------------------------------------------------------
