
EMPRESA NACIONAL DE MINERIA (ENM) PRODUCTOR          PACKING LIST                             PAG.  :   1
NATIONAL MINING COMPANY                       CODIGO DE LOTE   : B-12118                      FECHA :03/03/2020
                                              -----------------------------
FLUJO        : 
DESCRIPCION  : CATODOS GRADO A
N° INSTR. DE EMBARQUE : 25765
CLIENTE      : E.R. BERLIN
Lote Sipa    : 20020396

----------------------------------------------------------------------------------------------------------------------------- 
MARCA       DESCRIPCION         PESO NETO      PESO BRUTO     GRUPO     UNIDADES       UBICACION         SERIE                
-----------------------------------------------------------------------------------------------------------------------------

V0AZ    V AZUL                    2,159           2,160         28         20                           B-12118
V0AZ    V AZUL                    2,189           2,190         28         20                           B-12119
V0AZ    V AZUL                    2,232           2,233         28         20                           B-12120
V0AZ    V AZUL                    2,284           2,285         28         20                           B-12121
V0AZ    V AZUL                    2,208           2,209         47         20                           B-12122
V0AZ    V AZUL                    2,104           2,105         47         20                           B-12123
V0AZ    V AZUL                    2,328           2,329         47         20                           B-12124
V0AZ    V AZUL                    2,335           2,336         28         20                           B-12125
V0AZ    V AZUL                    2,314           2,315         28         20                           B-12126
V0AZ    V AZUL                    2,262           2,263         28         20                           B-12127
V0AZ    V AZUL                    2,218           2,219         28         20                           B-12128
V0AZ    V AZUL                    2,292           2,293         28         20                           B-12129
V0AZ    V AZUL                    2,338           2,339         28         20                           B-12130
V0AZ    V AZUL                    2,178           2,179         47         20                           B-12131
V0AZ    V AZUL                    2,206           2,207         47         20                           B-12132
V0AZ    V AZUL                    2,298           2,299         47         20                           B-12133
V0AZ    V AZUL                    2,461           2,462         28         20                           B-12134
V0AZ    V AZUL                    2,389           2,390         28         20                           B-12135
V0AZ    V AZUL                    2,340           2,341         28         20                           B-12136
V0AZ    V AZUL                    2,417           2,418         28         20                           B-12137
V0AZ    V AZUL                    2,390           2,391         28         20                           B-12138
V0AZ    V AZUL                    2,481           2,482         28         20                           B-12139
V0AZ    V AZUL                    2,382           2,383         28         20                           B-12140
V0AZ    V AZUL                    2,248           2,249         28         20                           B-12141
V0AZ    V AZUL                    2,405           2,406         12         20                           B-12142
V0AZ    V AZUL                    2,422           2,423         21         20                           B-12143
V0AZ    V AZUL                    2,312           2,313         28         20                           B-12144
V0AZ    V AZUL                    2,417           2,418         28         20                           B-12145
V0AZ    V AZUL                    2,146           2,147         28         20                           B-12146
V0AZ    V AZUL                    2,444           2,445         21         20                           B-12147
V0AZ    V AZUL                    2,333           2,334         28         20                           B-12148
V0AZ    V AZUL                    2,160           2,161         28         20                           B-12149
V0AZ    V AZUL                    2,412           2,413         47         20                           B-12150
V0AZ    V AZUL                    2,124           2,125         28         20                           B-12151
V0AZ    V AZUL                    2,376           2,377         21         20                           B-12152
V0AZ    V AZUL                    2,384           2,385         28         20                           B-12153
V0AZ    V AZUL                    2,358           2,359         47         20                           B-12154
V0AZ    V AZUL                    2,286           2,287         28         20                           B-12155
V0AZ    V AZUL                    2,469           2,470         28         20                           B-12156
V0AZ    V AZUL                    2,420           2,421         47         20                           B-12157
V0AZ    V AZUL                    2,413           2,414         47         20                           B-12158
V0AZ    V AZUL                    2,438           2,439         47         20                           B-12159
V0AZ    V AZUL                    2,475           2,476         47         20                           B-12160


------------------------------------------------------------------------------------------------------------------------
T.SUB-LOTES              TOT.PAQUETES =43      TOT.UNID. = 860   T/P NETO (kg) = 99,847      T/P BRUTO (kg) = 99,890
------------------------------------------------------------------------------------------------------------------------
