
EMPRESA NACIONAL DE MINERIA (ENM) PRODUCTOR          PACKING LIST                             PAG.  :   1
NATIONAL MINING COMPANY                       CODIGO DE LOTE   : D-7500                      FECHA :12/04/2018
                                              -----------------------------
FLUJO        : 
DESCRIPCION  : CATODOS GRADO A
N° INSTR. DE EMBARQUE : 24488
CLIENTE      : SANTA ROSA
Lote Sipa    : 

----------------------------------------------------------------------------------------------------------------------------- 
MARCA       DESCRIPCION         PESO NETO      PESO BRUTO     GRUPO     UNIDADES       UBICACION         SERIE                
-----------------------------------------------------------------------------------------------------------------------------

V0BL    V BLANCA                  2,437           2,438         04         20                           D-7500 
V0BL    V BLANCA                  2,411           2,412         04         20                           D-7501 
V0BL    V BLANCA                  2,486           2,487         12         20                           D-7502 
V0BL    V BLANCA                  2,342           2,343         12         20                           D-7503 
V0BL    V BLANCA                  2,368           2,369         04         20                           D-7504 
V0BL    V BLANCA                  2,370           2,371         04         20                           D-7505 
V0BL    V BLANCA                  2,392           2,393         12         20                           D-7506 
V0BL    V BLANCA                  2,500           2,501         12         20                           D-7507 
V0BL    V BLANCA                  1,964           1,965         04         20                           D-7508 
V0BL    V BLANCA                  2,079           2,080         04         20                           D-7509 
V0BL    V BLANCA                  2,288           2,289         04         20                           D-7510 
V0BL    V BLANCA                  2,364           2,365         04         20                           D-7511 
V0BL    V BLANCA                  2,278           2,279         04         20                           D-7512 
V0BL    V BLANCA                  2,161           2,162         12         20                           D-7513 
V0BL    V BLANCA                  2,354           2,355         12         20                           D-7514 
V0BL    V BLANCA                  2,354           2,355         12         20                           D-7515 
V0BL    V BLANCA                  2,249           2,250         12         20                           D-7516 
V0BL    V BLANCA                  2,399           2,400         25         20                           D-7517 
V0BL    V BLANCA                  2,323           2,324         04         20                           D-7518 
V0BL    V BLANCA                  2,227           2,228         12         20                           D-7519 
V0BL    V BLANCA                  2,281           2,282         12         20                           D-7520 
V0BL    V BLANCA                  2,462           2,463         25         20                           D-7521 
V0BL    V BLANCA                  2,384           2,385         04         20                           D-7522 
V0BL    V BLANCA                  2,185           2,186         12         20                           D-7523 
V0BL    V BLANCA                  2,294           2,295         12         20                           D-7524 
V0BL    V BLANCA                  2,405           2,406         25         20                           D-7525 
V0BL    V BLANCA                  2,385           2,386         04         20                           D-7526 
V0BL    V BLANCA                  2,394           2,395         04         20                           D-7527 
V0BL    V BLANCA                  2,497           2,498         04         20                           D-7528 
V0BL    V BLANCA                  2,456           2,457         04         20                           D-7529 
V0BL    V BLANCA                  2,291           2,292         04         20                           D-7530 
V0BL    V BLANCA                  2,210           2,211         04         20                           D-7531 
V0BL    V BLANCA                  2,357           2,358         04         20                           D-7532 
V0BL    V BLANCA                  2,359           2,360         12         20                           D-7533 
V0BL    V BLANCA                  2,437           2,438         12         20                           D-7534 
V0BL    V BLANCA                  2,351           2,352         12         20                           D-7535 
V0BL    V BLANCA                  2,358           2,359         25         20                           D-7536 
V0BL    V BLANCA                  2,354           2,355         12         20                           D-7537 
V0BL    V BLANCA                  2,426           2,427         04         20                           D-7538 
V0BL    V BLANCA                  2,428           2,429         12         20                           D-7539 
V0BL    V BLANCA                  2,379           2,380         12         20                           D-7540 
V0BL    V BLANCA                  2,230           2,231         12         20                           D-7541 
V0BL    V BLANCA                  2,318           2,319         46         20                           D-7542 
V0BL    V BLANCA                  2,282           2,283         25         20                           D-7543 
V0BL    V BLANCA                  2,395           2,396         12         20                           D-7544 









EMPRESA NACIONAL DE MINERIA (ENM) PRODUCTOR          PACKING LIST                             PAG.  :   2
NATIONAL MINING COMPANY                       CODIGO DE LOTE   : D-7500                      FECHA :12/04/2018
                                              -----------------------------
FLUJO        : 
DESCRIPCION  : CATODOS GRADO A
N° INSTR. DE EMBARQUE : 24488
CLIENTE      : SANTA ROSA
Lote Sipa    : 

----------------------------------------------------------------------------------------------------------------------------- 
MARCA       DESCRIPCION         PESO NETO      PESO BRUTO     GRUPO     UNIDADES       UBICACION         SERIE                
-----------------------------------------------------------------------------------------------------------------------------

V0BL    V BLANCA                  2,490           2,491         12         20                           D-7545 
V0BL    V BLANCA                  2,462           2,463         46         20                           D-7546 
V0BL    V BLANCA                  2,202           2,203         12         20                           D-7547 
V0BL    V BLANCA                  2,393           2,394         12         20                           D-7548 
V0BL    V BLANCA                  2,464           2,465         12         20                           D-7549 
V0BL    V BLANCA                  2,235           2,236         12         20                           D-7550 
V0BL    V BLANCA                  2,373           2,374         12         20                           D-7551 
V0BL    V BLANCA                  2,290           2,291         04         20                           D-7552 
V0BL    V BLANCA                  2,384           2,385         04         20                           D-7553 
V0BL    V BLANCA                  2,439           2,440         04         20                           D-7554 
V0BL    V BLANCA                  2,439           2,440         04         20                           D-7555 
V0BL    V BLANCA                  2,442           2,443         46         20                           D-7556 
V0BL    V BLANCA                  2,408           2,409         46         20                           D-7557 
V0BL    V BLANCA                  2,373           2,374         46         20                           D-7558 
V0BL    V BLANCA                  2,357           2,358         46         20                           D-7559 
V0BL    V BLANCA                  2,467           2,468         12         20                           D-7560 
V0BL    V BLANCA                  2,299           2,300         04         20                           D-7561 
V0BL    V BLANCA                  2,493           2,494         46         20                           D-7562 
V0BL    V BLANCA                  2,350           2,351         46         20                           D-7563 
V0BL    V BLANCA                  2,440           2,441         46         20                           D-7564 
V0BL    V BLANCA                  2,480           2,481         46         20                           D-7565 
V0BL    V BLANCA                  2,364           2,365         46         20                           D-7566 
V0BL    V BLANCA                  2,270           2,271         12         20                           D-7567 
V0BL    V BLANCA                  2,385           2,386         04         20                           D-7568 
V0BL    V BLANCA                  2,157           2,158         04         20                           D-7569 
V0BL    V BLANCA                  2,463           2,464         46         20                           D-7570 
V0BL    V BLANCA                  2,135           2,136         46         20                           D-7571 
V0BL    V BLANCA                  2,432           2,433         46         20                           D-7572 
V0BL    V BLANCA                  2,258           2,259         12         20                           D-7573 
V0BL    V BLANCA                  2,318           2,319         12         20                           D-7574 
V0BL    V BLANCA                  2,479           2,480         12         20                           D-7575 
V0BL    V BLANCA                  2,167           2,168         04         20                           D-7576 
V0BL    V BLANCA                  2,493           2,494         46         20                           D-7577 
V0BL    V BLANCA                  2,211           2,212         46         20                           D-7578 
V0BL    V BLANCA                  2,450           2,451         46         20                           D-7579 
V0BL    V BLANCA                  2,105           2,106         46         20                           D-7580 
V0BL    V BLANCA                  2,438           2,439         46         20                           D-7581 
V0BL    V BLANCA                  2,394           2,395         46         20                           D-7582 
V0BL    V BLANCA                  2,450           2,451         46         20                           D-7583 
V0BL    V BLANCA                  2,464           2,465         46         20                           D-7584 


------------------------------------------------------------------------------------------------------------------------
T.SUB-LOTES              TOT.PAQUETES =85      TOT.UNID. = 1700   T/P NETO (kg) = 199,977      T/P BRUTO (kg) = 200,062
------------------------------------------------------------------------------------------------------------------------
