
EMPRESA NACIONAL DE MINERIA (ENM) PRODUCTOR          PACKING LIST                             PAG.  :   1
NATIONAL MINING COMPANY                       CODIGO DE LOTE   : E-14618                      FECHA :12/06/2019
                                              -----------------------------
FLUJO        : 
DESCRIPCION  : CATODOS GRADO A
N° INSTR. DE EMBARQUE : 25328
CLIENTE      : RIO BARROW
Lote Sipa    : 19050640

----------------------------------------------------------------------------------------------------------------------------- 
MARCA       DESCRIPCION         PESO NETO      PESO BRUTO     GRUPO     UNIDADES       UBICACION         SERIE                
-----------------------------------------------------------------------------------------------------------------------------

X1NE    EQUIS FRANJA NEGRA        2,488           2,489         24         20                           E-14618
X1NE    EQUIS FRANJA NEGRA        2,333           2,334         21         20                           E-14619
X1NE    EQUIS FRANJA NEGRA        2,441           2,442         35         20                           E-14620
X1NE    EQUIS FRANJA NEGRA        2,371           2,372         35         20                           E-14621
X1NE    EQUIS FRANJA NEGRA        2,358           2,359         35         20                           E-14622
X1NE    EQUIS FRANJA NEGRA        2,238           2,239         35         20                           E-14623
X1NE    EQUIS FRANJA NEGRA        2,360           2,361         35         20                           E-14624
X1NE    EQUIS FRANJA NEGRA        2,321           2,322         35         20                           E-14625
X1NE    EQUIS FRANJA NEGRA        2,353           2,354         35         20                           E-14626
X1NE    EQUIS FRANJA NEGRA        2,513           2,514         35         20                           E-14627
X1NE    EQUIS FRANJA NEGRA        2,377           2,378         35         20                           E-14628
X1NE    EQUIS FRANJA NEGRA        2,502           2,503         35         20                           E-14629
X1NE    EQUIS FRANJA NEGRA        2,500           2,501         35         20                           E-14630
X1NE    EQUIS FRANJA NEGRA        2,381           2,382         35         20                           E-14631
X1NE    EQUIS FRANJA NEGRA        2,393           2,394         30         20                           E-14632
X1NE    EQUIS FRANJA NEGRA        2,345           2,346         21         20                           E-14633
X1NE    EQUIS FRANJA NEGRA        2,529           2,530         24         20                           E-14634
X1NE    EQUIS FRANJA NEGRA        2,308           2,309         35         20                           E-14635
X1NE    EQUIS FRANJA NEGRA        2,171           2,172         11         20                           E-14636
X1NE    EQUIS FRANJA NEGRA        2,446           2,447         34         20                           E-14637
X1NE    EQUIS FRANJA NEGRA        2,301           2,302         35         20                           E-14638
X1NE    EQUIS FRANJA NEGRA        2,281           2,282         35         20                           E-14639
X1NE    EQUIS FRANJA NEGRA        2,369           2,370         35         20                           E-14640
X1NE    EQUIS FRANJA NEGRA        2,341           2,342         21         20                           E-14641
X1NE    EQUIS FRANJA NEGRA        2,489           2,490         35         20                           E-14642
X1NE    EQUIS FRANJA NEGRA        2,273           2,274         35         20                           E-14643
X1NE    EQUIS FRANJA NEGRA        2,211           2,212         11         20                           E-14644
X1NE    EQUIS FRANJA NEGRA        2,357           2,358         35         20                           E-14645
X1NE    EQUIS FRANJA NEGRA        2,373           2,374         35         20                           E-14646
X1NE    EQUIS FRANJA NEGRA        2,313           2,314         11         20                           E-14647
X1NE    EQUIS FRANJA NEGRA        2,431           2,432         35         20                           E-14648
X1NE    EQUIS FRANJA NEGRA        2,287           2,288         35         20                           E-14649
X1NE    EQUIS FRANJA NEGRA        2,440           2,441         35         20                           E-14650
X1NE    EQUIS FRANJA NEGRA        2,292           2,293         35         20                           E-14651
X1NE    EQUIS FRANJA NEGRA        2,259           2,260         35         20                           E-14652
X1NE    EQUIS FRANJA NEGRA        2,337           2,338         11         20                           E-14653
X1NE    EQUIS FRANJA NEGRA        2,439           2,440         35         20                           E-14654
X1NE    EQUIS FRANJA NEGRA        2,419           2,420         35         20                           E-14655
X1NE    EQUIS FRANJA NEGRA        2,261           2,262         11         20                           E-14656
X1NE    EQUIS FRANJA NEGRA        2,216           2,217         35         20                           E-14657
X1NE    EQUIS FRANJA NEGRA        2,382           2,383         35         20                           E-14658
X1NE    EQUIS FRANJA NEGRA        2,388           2,389         35         20                           E-14659
X1NE    EQUIS FRANJA NEGRA        2,251           2,252         35         20                           E-14660
X1NE    EQUIS FRANJA NEGRA        2,121           2,122         35         20                           E-14661
X1NE    EQUIS FRANJA NEGRA        2,271           2,272         35         20                           E-14662









EMPRESA NACIONAL DE MINERIA (ENM) PRODUCTOR          PACKING LIST                             PAG.  :   2
NATIONAL MINING COMPANY                       CODIGO DE LOTE   : E-14618                      FECHA :12/06/2019
                                              -----------------------------
FLUJO        : 
DESCRIPCION  : CATODOS GRADO A
N° INSTR. DE EMBARQUE : 25328
CLIENTE      : RIO BARROW
Lote Sipa    : 19050640

----------------------------------------------------------------------------------------------------------------------------- 
MARCA       DESCRIPCION         PESO NETO      PESO BRUTO     GRUPO     UNIDADES       UBICACION         SERIE                
-----------------------------------------------------------------------------------------------------------------------------

X1NE    EQUIS FRANJA NEGRA        2,310           2,311         35         20                           E-14663
X1NE    EQUIS FRANJA NEGRA        2,254           2,255         35         20                           E-14664
X1NE    EQUIS FRANJA NEGRA        2,204           2,205         35         20                           E-14665
X1NE    EQUIS FRANJA NEGRA        2,341           2,342         35         20                           E-14666
X1NE    EQUIS FRANJA NEGRA        2,346           2,347         35         20                           E-14667
X1NE    EQUIS FRANJA NEGRA        2,399           2,400         44         20                           E-14668
X1NE    EQUIS FRANJA NEGRA        2,281           2,282         44         20                           E-14669
X1NE    EQUIS FRANJA NEGRA        2,394           2,395         44         20                           E-14670
X1NE    EQUIS FRANJA NEGRA        2,363           2,364         44         20                           E-14671
X1NE    EQUIS FRANJA NEGRA        2,262           2,263         44         20                           E-14672
X1NE    EQUIS FRANJA NEGRA        2,280           2,281         44         20                           E-14673
X1NE    EQUIS FRANJA NEGRA        2,330           2,331         44         20                           E-14674
X1NE    EQUIS FRANJA NEGRA        2,060           2,061         44         20                           E-14675
X1NE    EQUIS FRANJA NEGRA        2,347           2,348         44         20                           E-14676
X1NE    EQUIS FRANJA NEGRA        2,297           2,298         44         20                           E-14677
X1NE    EQUIS FRANJA NEGRA        2,290           2,291         44         20                           E-14678
X1NE    EQUIS FRANJA NEGRA        2,356           2,357         44         20                           E-14679
X1NE    EQUIS FRANJA NEGRA        2,582           2,583         35         20                           E-14680
X1NE    EQUIS FRANJA NEGRA        2,440           2,441         35         20                           E-14681


------------------------------------------------------------------------------------------------------------------------
T.SUB-LOTES              TOT.PAQUETES =64      TOT.UNID. = 1280   T/P NETO (kg) = 149,966      T/P BRUTO (kg) = 150,030
------------------------------------------------------------------------------------------------------------------------
