
EMPRESA NACIONAL DE MINERIA (ENM) PRODUCTOR          PACKING LIST                             PAG.  :   1
NATIONAL MINING COMPANY                       CODIGO DE LOTE   : I-7635                      FECHA :12/09/2022
                                              -----------------------------
FLUJO        : 
DESCRIPCION  : CATODOS GRADO A
N° INSTR. DE EMBARQUE : 27574
CLIENTE      : GSL ELEFTHERIA
Lote Sipa    : 

----------------------------------------------------------------------------------------------------------------------------- 
MARCA       DESCRIPCION         PESO NETO      PESO BRUTO     GRUPO     UNIDADES       UBICACION         SERIE                
-----------------------------------------------------------------------------------------------------------------------------

01NA    FRANJA NARANJA            2,563           2,564         37         20                           I-7635 
01NA    FRANJA NARANJA            2,489           2,490         37         20                           I-7636 
01NA    FRANJA NARANJA            2,577           2,578         37         20                           I-7637 
01NA    FRANJA NARANJA            2,590           2,591         37         20                           I-7638 
01NA    FRANJA NARANJA            2,503           2,504         37         20                           I-7639 
01NA    FRANJA NARANJA            2,493           2,494         37         20                           I-7640 
01NA    FRANJA NARANJA            2,493           2,494         22         20                           I-7641 
01NA    FRANJA NARANJA            2,474           2,475         22         20                           I-7642 
01NA    FRANJA NARANJA            2,481           2,482         37         20                           I-7643 
01NA    FRANJA NARANJA            2,493           2,494         42         20                           I-7644 
01NA    FRANJA NARANJA            2,559           2,560         37         20                           I-7645 
01NA    FRANJA NARANJA            2,521           2,522         37         20                           I-7646 
01NA    FRANJA NARANJA            2,456           2,457         42         20                           I-7647 
01NA    FRANJA NARANJA            2,435           2,436         42         20                           I-7648 
01NA    FRANJA NARANJA            2,521           2,522         37         20                           I-7649 
01NA    FRANJA NARANJA            2,455           2,456         37         20                           I-7650 
01NA    FRANJA NARANJA            2,567           2,568         37         20                           I-7651 
01NA    FRANJA NARANJA            2,551           2,552         37         20                           I-7652 
01NA    FRANJA NARANJA            2,457           2,458         37         20                           I-7653 
01NA    FRANJA NARANJA            2,607           2,608         37         20                           I-7654 
01NA    FRANJA NARANJA            2,314           2,315         37         20                           I-7655 
01NA    FRANJA NARANJA            2,565           2,566         37         20                           I-7656 
01NA    FRANJA NARANJA            2,355           2,356         42         20                           I-7657 
01NA    FRANJA NARANJA            2,591           2,592         42         20                           I-7658 
01NA    FRANJA NARANJA            2,347           2,348         37         20                           I-7659 
01NA    FRANJA NARANJA            2,561           2,562         37         20                           I-7660 
01NA    FRANJA NARANJA            2,251           2,252         37         20                           I-7661 
01NA    FRANJA NARANJA            2,438           2,439         37         20                           I-7662 
01NA    FRANJA NARANJA            2,555           2,556         12         20                           I-7663 
01NA    FRANJA NARANJA            2,499           2,500         42         20                           I-7664 
01NA    FRANJA NARANJA            2,495           2,496         42         20                           I-7665 
01NA    FRANJA NARANJA            2,401           2,402         37         20                           I-7666 
01NA    FRANJA NARANJA            2,554           2,555         42         20                           I-7667 
01NA    FRANJA NARANJA            2,597           2,598         42         20                           I-7668 
01NA    FRANJA NARANJA            2,413           2,414         37         20                           I-7669 
01NA    FRANJA NARANJA            2,499           2,500         37         20                           I-7670 
01NA    FRANJA NARANJA            2,503           2,504         42         20                           I-7671 
01NA    FRANJA NARANJA            2,475           2,476         37         20                           I-7672 
01NA    FRANJA NARANJA            2,496           2,497         12         20                           I-7673 
01NA    FRANJA NARANJA            2,515           2,516         37         20                           I-7674 
01NA    FRANJA NARANJA            2,431           2,432         37         20                           I-7675 
01NA    FRANJA NARANJA            2,315           2,316         37         20                           I-7676 
01NA    FRANJA NARANJA            2,509           2,510         12         20                           I-7677 
01NA    FRANJA NARANJA            2,465           2,466         12         20                           I-7678 
01NA    FRANJA NARANJA            2,467           2,468         42         20                           I-7679 









EMPRESA NACIONAL DE MINERIA (ENM) PRODUCTOR          PACKING LIST                             PAG.  :   2
NATIONAL MINING COMPANY                       CODIGO DE LOTE   : I-7635                      FECHA :12/09/2022
                                              -----------------------------
FLUJO        : 
DESCRIPCION  : CATODOS GRADO A
N° INSTR. DE EMBARQUE : 27574
CLIENTE      : GSL ELEFTHERIA
Lote Sipa    : 

----------------------------------------------------------------------------------------------------------------------------- 
MARCA       DESCRIPCION         PESO NETO      PESO BRUTO     GRUPO     UNIDADES       UBICACION         SERIE                
-----------------------------------------------------------------------------------------------------------------------------

01NA    FRANJA NARANJA            2,225           2,226         37         20                           I-7680 
01NA    FRANJA NARANJA            2,509           2,510         42         20                           I-7681 
01NA    FRANJA NARANJA            2,570           2,571         37         20                           I-7682 
01NA    FRANJA NARANJA            2,384           2,385         37         20                           I-7683 
01NA    FRANJA NARANJA            2,530           2,531         37         20                           I-7684 
01NA    FRANJA NARANJA            2,556           2,557         37         20                           I-7685 
01NA    FRANJA NARANJA            2,486           2,487         42         20                           I-7686 
01NA    FRANJA NARANJA            2,411           2,412         11         20                           I-7687 
01NA    FRANJA NARANJA            2,611           2,612         12         20                           I-7688 
01NA    FRANJA NARANJA            2,461           2,462         11         20                           I-7689 
01NA    FRANJA NARANJA            2,547           2,548         11         20                           I-7690 
01NA    FRANJA NARANJA            2,497           2,498         11         20                           I-7691 
01NA    FRANJA NARANJA            2,589           2,590         32         20                           I-7692 
01NA    FRANJA NARANJA            2,447           2,448         11         20                           I-7693 
01NA    FRANJA NARANJA            2,409           2,410         11         20                           I-7694 
01NA    FRANJA NARANJA            2,571           2,572         11         20                           I-7695 
01NA    FRANJA NARANJA            2,623           2,624         37         20                           I-7696 
01NA    FRANJA NARANJA            2,495           2,496         11         20                           I-7697 
01NA    FRANJA NARANJA            2,571           2,572         11         20                           I-7698 
01NA    FRANJA NARANJA            2,422           2,423         11         20                           I-7699 
01NA    FRANJA NARANJA            2,372           2,373         11         20                           I-7700 
01NA    FRANJA NARANJA            2,327           2,328         11         20                           I-7701 
01NA    FRANJA NARANJA            2,425           2,426         11         20                           I-7702 
01NA    FRANJA NARANJA            2,614           2,615         11         20                           I-7703 
01NA    FRANJA NARANJA            2,417           2,418         11         20                           I-7704 
01NA    FRANJA NARANJA            2,567           2,568         37         20                           I-7705 
01NA    FRANJA NARANJA            2,395           2,396         11         20                           I-7706 
01NA    FRANJA NARANJA            2,570           2,571         37         20                           I-7707 
01NA    FRANJA NARANJA            2,351           2,352         11         20                           I-7708 
01NA    FRANJA NARANJA            2,627           2,628         37         20                           I-7709 
01NA    FRANJA NARANJA            2,431           2,432         37         20                           I-7710 
01NA    FRANJA NARANJA            2,373           2,374         11         20                           I-7711 
01NA    FRANJA NARANJA            2,598           2,599         37         20                           I-7712 
01NA    FRANJA NARANJA            2,191           2,192         42         20                           I-7713 
01NA    FRANJA NARANJA            2,359           2,360         11         20                           I-7714 
01NA    FRANJA NARANJA            2,587           2,588         37         20                           I-7715 
01NA    FRANJA NARANJA            2,455           2,456         11         20                           I-7716 
01NA    FRANJA NARANJA            2,295           2,296         11         20                           I-7717 
01NA    FRANJA NARANJA            2,488           2,489         37         20                           I-7718 
01NA    FRANJA NARANJA            2,454           2,455         11         20                           I-7719 
01NA    FRANJA NARANJA            2,211           2,212         11         20                           I-7720 
01NA    FRANJA NARANJA            2,505           2,506         11         20                           I-7721 
01NA    FRANJA NARANJA            2,467           2,468         11         20                           I-7722 
01NA    FRANJA NARANJA            2,561           2,562         11         20                           I-7723 
01NA    FRANJA NARANJA            2,451           2,452         11         20                           I-7724 









EMPRESA NACIONAL DE MINERIA (ENM) PRODUCTOR          PACKING LIST                             PAG.  :   3
NATIONAL MINING COMPANY                       CODIGO DE LOTE   : I-7635                      FECHA :12/09/2022
                                              -----------------------------
FLUJO        : 
DESCRIPCION  : CATODOS GRADO A
N° INSTR. DE EMBARQUE : 27574
CLIENTE      : GSL ELEFTHERIA
Lote Sipa    : 

----------------------------------------------------------------------------------------------------------------------------- 
MARCA       DESCRIPCION         PESO NETO      PESO BRUTO     GRUPO     UNIDADES       UBICACION         SERIE                
-----------------------------------------------------------------------------------------------------------------------------

01NA    FRANJA NARANJA            2,281           2,282         11         20                           I-7725 
01NA    FRANJA NARANJA            2,354           2,355         11         20                           I-7726 
01NA    FRANJA NARANJA            2,487           2,488         11         20                           I-7727 
01NA    FRANJA NARANJA            2,543           2,544         37         20                           I-7728 
01NA    FRANJA NARANJA            2,433           2,434         11         20                           I-7729 
01NA    FRANJA NARANJA            2,551           2,552         12         20                           I-7730 
01NA    FRANJA NARANJA            2,427           2,428         11         20                           I-7731 
01NA    FRANJA NARANJA            2,367           2,368         11         20                           I-7732 
01NA    FRANJA NARANJA            2,475           2,476         11         20                           I-7733 
01NA    FRANJA NARANJA            2,185           2,186         11         20                           I-7734 
01NA    FRANJA NARANJA            2,467           2,468         11         20                           I-7735 
01NA    FRANJA NARANJA            2,179           2,180         11         20                           I-7736 
01NA    FRANJA NARANJA            2,263           2,264         42         20                           I-7737 
01NA    FRANJA NARANJA            2,219           2,220         11         20                           I-7738 
01NA    FRANJA NARANJA            2,089           2,090         11         20                           I-7739 
01NA    FRANJA NARANJA            2,435           2,436         11         20                           I-7740 
01NA    FRANJA NARANJA            2,077           2,078         11         20                           I-7741 
01NA    FRANJA NARANJA            2,391           2,392         11         20                           I-7742 
01NA    FRANJA NARANJA            2,243           2,244         11         20                           I-7743 
01NA    FRANJA NARANJA            2,393           2,394         11         20                           I-7744 
01NA    FRANJA NARANJA            2,427           2,428         11         20                           I-7745 
01NA    FRANJA NARANJA            2,503           2,504         37         20                           I-7746 
01NA    FRANJA NARANJA            2,553           2,554         37         20                           I-7747 
01NA    FRANJA NARANJA            2,559           2,560         37         20                           I-7748 
01NA    FRANJA NARANJA            2,649           2,650         37         20                           I-7749 
01NA    FRANJA NARANJA            2,501           2,502         42         20                           I-7750 
01NA    FRANJA NARANJA            2,517           2,518         42         20                           I-7751 
01NA    FRANJA NARANJA            2,513           2,514         04         20                           I-7752 
01NA    FRANJA NARANJA            2,577           2,578         42         20                           I-7753 
01NA    FRANJA NARANJA            2,557           2,558         03         20                           I-7754 
01NA    FRANJA NARANJA            2,507           2,508         03         20                           I-7755 
01NA    FRANJA NARANJA            2,347           2,348         42         20                           I-7756 


------------------------------------------------------------------------------------------------------------------------
T.SUB-LOTES              TOT.PAQUETES =122      TOT.UNID. = 2440   T/P NETO (kg) = 299,970      T/P BRUTO (kg) = 300,092
------------------------------------------------------------------------------------------------------------------------
