
EMPRESA NACIONAL DE MINERIA (ENM) PRODUCTOR          PACKING LIST                             PAG.  :   1
NATIONAL MINING COMPANY                       CODIGO DE LOTE   : F-11180                      FECHA :28/06/2022
                                              -----------------------------
FLUJO        : 
DESCRIPCION  : CATODOS GRADO A
N° INSTR. DE EMBARQUE : 27400
CLIENTE      : MARIANETTA
Lote Sipa    : 

----------------------------------------------------------------------------------------------------------------------------- 
MARCA       DESCRIPCION         PESO NETO      PESO BRUTO     GRUPO     UNIDADES       UBICACION         SERIE                
-----------------------------------------------------------------------------------------------------------------------------

02BL    DOS FRANJAS BLANCAS       2,097           2,098         39         20                           F-11180
02BL    DOS FRANJAS BLANCAS       2,209           2,210         39         20                           F-11181
02BL    DOS FRANJAS BLANCAS       2,297           2,298         22         20                           F-11182
02BL    DOS FRANJAS BLANCAS       2,335           2,336         22         20                           F-11183
02BL    DOS FRANJAS BLANCAS       2,306           2,307         22         20                           F-11184
02BL    DOS FRANJAS BLANCAS       2,332           2,333         22         20                           F-11185
02BL    DOS FRANJAS BLANCAS       2,299           2,300         22         20                           F-11186
02BL    DOS FRANJAS BLANCAS       2,339           2,340         22         20                           F-11187
02BL    DOS FRANJAS BLANCAS       2,354           2,355         22         20                           F-11188
02BL    DOS FRANJAS BLANCAS       2,197           2,198         22         20                           F-11189
02BL    DOS FRANJAS BLANCAS       2,265           2,266         22         20                           F-11190
02BL    DOS FRANJAS BLANCAS       2,123           2,124         22         20                           F-11191
02BL    DOS FRANJAS BLANCAS       1,945           1,946         39         20                           F-11192
02BL    DOS FRANJAS BLANCAS       2,267           2,268         39         20                           F-11193
02BL    DOS FRANJAS BLANCAS       2,188           2,189         39         20                           F-11194
02BL    DOS FRANJAS BLANCAS       2,132           2,133         39         20                           F-11195
02BL    DOS FRANJAS BLANCAS       2,253           2,254         22         20                           F-11196
02BL    DOS FRANJAS BLANCAS       1,923           1,924         39         20                           F-11197
02BL    DOS FRANJAS BLANCAS       2,295           2,296         22         20                           F-11198
02BL    DOS FRANJAS BLANCAS       2,116           2,117         39         20                           F-11199
02BL    DOS FRANJAS BLANCAS       2,257           2,258         22         20                           F-11200
02BL    DOS FRANJAS BLANCAS       2,335           2,336         22         20                           F-11201
02BL    DOS FRANJAS BLANCAS       2,541           2,542         10         20                           F-11202
02BL    DOS FRANJAS BLANCAS       2,181           2,182         39         20                           F-11203
02BL    DOS FRANJAS BLANCAS       2,372           2,373         39         20                           F-11204
02BL    DOS FRANJAS BLANCAS       2,443           2,444         10         20                           F-11205
02BL    DOS FRANJAS BLANCAS       2,171           2,172         39         20                           F-11206
02BL    DOS FRANJAS BLANCAS       2,073           2,074         39         20                           F-11207
02BL    DOS FRANJAS BLANCAS       2,433           2,434         10         20                           F-11208
02BL    DOS FRANJAS BLANCAS       2,207           2,208         10         20                           F-11209
02BL    DOS FRANJAS BLANCAS       2,491           2,492         32         20                           F-11210
02BL    DOS FRANJAS BLANCAS       2,105           2,106         39         20                           F-11211
02BL    DOS FRANJAS BLANCAS       2,248           2,249         39         20                           F-11212
02BL    DOS FRANJAS BLANCAS       2,453           2,454         10         20                           F-11213
02BL    DOS FRANJAS BLANCAS       2,507           2,508         32         20                           F-11214
02BL    DOS FRANJAS BLANCAS       2,167           2,168         32         20                           F-11215
02BL    DOS FRANJAS BLANCAS       2,321           2,322         39         20                           F-11216
02BL    DOS FRANJAS BLANCAS       2,357           2,358         10         20                           F-11217
02BL    DOS FRANJAS BLANCAS       2,365           2,366         32         20                           F-11218
02BL    DOS FRANJAS BLANCAS       2,175           2,176         39         20                           F-11219
02BL    DOS FRANJAS BLANCAS       2,193           2,194         39         20                           F-11220
02BL    DOS FRANJAS BLANCAS       2,399           2,400         32         20                           F-11221
02BL    DOS FRANJAS BLANCAS       2,183           2,184         39         20                           F-11222
02BL    DOS FRANJAS BLANCAS       2,468           2,469         10         20                           F-11223
02BL    DOS FRANJAS BLANCAS       2,341           2,342         10         20                           F-11224









EMPRESA NACIONAL DE MINERIA (ENM) PRODUCTOR          PACKING LIST                             PAG.  :   2
NATIONAL MINING COMPANY                       CODIGO DE LOTE   : F-11180                      FECHA :28/06/2022
                                              -----------------------------
FLUJO        : 
DESCRIPCION  : CATODOS GRADO A
N° INSTR. DE EMBARQUE : 27400
CLIENTE      : MARIANETTA
Lote Sipa    : 

----------------------------------------------------------------------------------------------------------------------------- 
MARCA       DESCRIPCION         PESO NETO      PESO BRUTO     GRUPO     UNIDADES       UBICACION         SERIE                
-----------------------------------------------------------------------------------------------------------------------------

02BL    DOS FRANJAS BLANCAS       2,453           2,454         10         20                           F-11225
02BL    DOS FRANJAS BLANCAS       2,047           2,048         39         20                           F-11226
02BL    DOS FRANJAS BLANCAS       2,283           2,284         39         20                           F-11227
02BL    DOS FRANJAS BLANCAS       2,311           2,312         39         20                           F-11228
02BL    DOS FRANJAS BLANCAS       2,549           2,550         10         20                           F-11229
02BL    DOS FRANJAS BLANCAS       2,193           2,194         22         20                           F-11230
02BL    DOS FRANJAS BLANCAS       2,247           2,248         22         20                           F-11231
02BL    DOS FRANJAS BLANCAS       2,501           2,502         22         20                           F-11232
02BL    DOS FRANJAS BLANCAS       2,029           2,030         39         20                           F-11233
02BL    DOS FRANJAS BLANCAS       2,272           2,273         22         20                           F-11234
02BL    DOS FRANJAS BLANCAS       2,253           2,254         22         20                           F-11235
02BL    DOS FRANJAS BLANCAS       2,446           2,447         32         20                           F-11236
02BL    DOS FRANJAS BLANCAS       2,063           2,064         39         20                           F-11237
02BL    DOS FRANJAS BLANCAS       2,195           2,196         39         20                           F-11238
02BL    DOS FRANJAS BLANCAS       2,497           2,498         32         20                           F-11239
02BL    DOS FRANJAS BLANCAS       1,986           1,987         39         20                           F-11240
02BL    DOS FRANJAS BLANCAS       2,495           2,496         39         20                           F-11241
02BL    DOS FRANJAS BLANCAS       2,200           2,201         39         20                           F-11242
02BL    DOS FRANJAS BLANCAS       2,615           2,616         10         20                           F-11243
02BL    DOS FRANJAS BLANCAS       2,267           2,268         32         20                           F-11244
02BL    DOS FRANJAS BLANCAS       2,451           2,452         10         20                           F-11245
02BL    DOS FRANJAS BLANCAS       2,536           2,537         32         20                           F-11246
02BL    DOS FRANJAS BLANCAS       2,199           2,200         32         20                           F-11247
02BL    DOS FRANJAS BLANCAS       2,147           2,148         22         20                           F-11248
02BL    DOS FRANJAS BLANCAS       2,589           2,590         10         20                           F-11249
02BL    DOS FRANJAS BLANCAS       2,281           2,282         39         20                           F-11250
02BL    DOS FRANJAS BLANCAS       2,603           2,604         10         20                           F-11251
02BL    DOS FRANJAS BLANCAS       2,205           2,206         39         20                           F-11252
02BL    DOS FRANJAS BLANCAS       2,205           2,206         32         20                           F-11253
02BL    DOS FRANJAS BLANCAS       2,510           2,511         10         20                           F-11254
02BL    DOS FRANJAS BLANCAS       2,555           2,556         10         20                           F-11255
02BL    DOS FRANJAS BLANCAS       2,291           2,292         22         20                           F-11256
02BL    DOS FRANJAS BLANCAS       2,289           2,290         22         20                           F-11257
02BL    DOS FRANJAS BLANCAS       2,377           2,378         22         20                           F-11258
02BL    DOS FRANJAS BLANCAS       2,062           2,063         22         20                           F-11259
02BL    DOS FRANJAS BLANCAS       2,226           2,227         39         20                           F-11260
02BL    DOS FRANJAS BLANCAS       2,297           2,298         39         20                           F-11261
02BL    DOS FRANJAS BLANCAS       2,514           2,515         22         20                           F-11262
02BL    DOS FRANJAS BLANCAS       2,492           2,493         32         20                           F-11263
02BL    DOS FRANJAS BLANCAS       2,513           2,514         22         20                           F-11264
02BL    DOS FRANJAS BLANCAS       2,416           2,417         22         20                           F-11265
02BL    DOS FRANJAS BLANCAS       2,114           2,115         39         20                           F-11266


------------------------------------------------------------------------------------------------------------------------
T.SUB-LOTES              TOT.PAQUETES =87      TOT.UNID. = 1740   T/P NETO (kg) = 199,832      T/P BRUTO (kg) = 199,919
------------------------------------------------------------------------------------------------------------------------
