
EMPRESA NACIONAL DE MINERIA (ENM) PRODUCTOR          PACKING LIST                             PAG.  :   1
NATIONAL MINING COMPANY                       CODIGO DE LOTE   : J-16321                      FECHA :12/11/2020
                                              -----------------------------
FLUJO        : 
DESCRIPCION  : CATODOS GRADO A
N° INSTR. DE EMBARQUE : 26311
CLIENTE      : MARIANETTA
Lote Sipa    : 

----------------------------------------------------------------------------------------------------------------------------- 
MARCA       DESCRIPCION         PESO NETO      PESO BRUTO     GRUPO     UNIDADES       UBICACION         SERIE                
-----------------------------------------------------------------------------------------------------------------------------

02AM    DOS FRANJAS AMARILLAS     2,151           2,152         39         20                           J-16321
02AM    DOS FRANJAS AMARILLAS     2,236           2,237         39         20                           J-16322
02AM    DOS FRANJAS AMARILLAS     2,401           2,402         39         20                           J-16323
02AM    DOS FRANJAS AMARILLAS     2,405           2,406         39         20                           J-16324
02AM    DOS FRANJAS AMARILLAS     2,409           2,410         43         20                           J-16325
02AM    DOS FRANJAS AMARILLAS     2,365           2,366         20         20                           J-16326
02AM    DOS FRANJAS AMARILLAS     2,370           2,371         26         20                           J-16327
02AM    DOS FRANJAS AMARILLAS     2,394           2,395         43         20                           J-16328
02AM    DOS FRANJAS AMARILLAS     2,337           2,338         43         20                           J-16329
02AM    DOS FRANJAS AMARILLAS     2,149           2,150         39         20                           J-16330
02AM    DOS FRANJAS AMARILLAS     2,216           2,217         39         20                           J-16331
02AM    DOS FRANJAS AMARILLAS     2,295           2,296         20         20                           J-16332
02AM    DOS FRANJAS AMARILLAS     2,371           2,372         20         20                           J-16333
02AM    DOS FRANJAS AMARILLAS     2,297           2,298         39         20                           J-16334
02AM    DOS FRANJAS AMARILLAS     2,346           2,347         39         20                           J-16335
02AM    DOS FRANJAS AMARILLAS     2,508           2,509         26         20                           J-16336
02AM    DOS FRANJAS AMARILLAS     2,282           2,283         39         20                           J-16337
02AM    DOS FRANJAS AMARILLAS     2,342           2,343         20         20                           J-16338
02AM    DOS FRANJAS AMARILLAS     2,434           2,435         20         20                           J-16339
02AM    DOS FRANJAS AMARILLAS     2,507           2,508         26         20                           J-16340
02AM    DOS FRANJAS AMARILLAS     2,402           2,403         26         20                           J-16341
02AM    DOS FRANJAS AMARILLAS     2,280           2,281         26         20                           J-16342
02AM    DOS FRANJAS AMARILLAS     2,315           2,316         39         20                           J-16343
02AM    DOS FRANJAS AMARILLAS     2,472           2,473         43         20                           J-16344
02AM    DOS FRANJAS AMARILLAS     2,459           2,460         43         20                           J-16345
02AM    DOS FRANJAS AMARILLAS     2,349           2,350         39         20                           J-16346
02AM    DOS FRANJAS AMARILLAS     2,260           2,261         39         20                           J-16347
02AM    DOS FRANJAS AMARILLAS     2,485           2,486         20         20                           J-16348
02AM    DOS FRANJAS AMARILLAS     2,354           2,355         26         20                           J-16349
02AM    DOS FRANJAS AMARILLAS     2,456           2,457         26         20                           J-16350
02AM    DOS FRANJAS AMARILLAS     2,442           2,443         26         20                           J-16351
02AM    DOS FRANJAS AMARILLAS     2,466           2,467         20         20                           J-16352
02AM    DOS FRANJAS AMARILLAS     2,260           2,261         39         20                           J-16353
02AM    DOS FRANJAS AMARILLAS     2,414           2,415         39         20                           J-16354
02AM    DOS FRANJAS AMARILLAS     2,318           2,319         39         20                           J-16355
02AM    DOS FRANJAS AMARILLAS     2,411           2,412         20         20                           J-16356
02AM    DOS FRANJAS AMARILLAS     2,416           2,417         43         20                           J-16357
02AM    DOS FRANJAS AMARILLAS     2,468           2,469         43         20                           J-16358
02AM    DOS FRANJAS AMARILLAS     2,510           2,511         26         20                           J-16359
02AM    DOS FRANJAS AMARILLAS     2,340           2,341         39         20                           J-16360
02AM    DOS FRANJAS AMARILLAS     2,340           2,341         39         20                           J-16361
02AM    DOS FRANJAS AMARILLAS     2,392           2,393         39         20                           J-16362
02AM    DOS FRANJAS AMARILLAS     2,541           2,542         26         20                           J-16363
02AM    DOS FRANJAS AMARILLAS     2,491           2,492         20         20                           J-16364
02AM    DOS FRANJAS AMARILLAS     2,276           2,277         39         20                           J-16365









EMPRESA NACIONAL DE MINERIA (ENM) PRODUCTOR          PACKING LIST                             PAG.  :   2
NATIONAL MINING COMPANY                       CODIGO DE LOTE   : J-16321                      FECHA :12/11/2020
                                              -----------------------------
FLUJO        : 
DESCRIPCION  : CATODOS GRADO A
N° INSTR. DE EMBARQUE : 26311
CLIENTE      : MARIANETTA
Lote Sipa    : 

----------------------------------------------------------------------------------------------------------------------------- 
MARCA       DESCRIPCION         PESO NETO      PESO BRUTO     GRUPO     UNIDADES       UBICACION         SERIE                
-----------------------------------------------------------------------------------------------------------------------------

02AM    DOS FRANJAS AMARILLAS     2,351           2,352         39         20                           J-16366
02AM    DOS FRANJAS AMARILLAS     2,308           2,309         39         20                           J-16367
02AM    DOS FRANJAS AMARILLAS     2,480           2,481         39         20                           J-16368
02AM    DOS FRANJAS AMARILLAS     2,292           2,293         39         20                           J-16369
02AM    DOS FRANJAS AMARILLAS     2,490           2,491         39         20                           J-16370
02AM    DOS FRANJAS AMARILLAS     2,327           2,328         20         20                           J-16371
02AM    DOS FRANJAS AMARILLAS     2,393           2,394         43         20                           J-16372
02AM    DOS FRANJAS AMARILLAS     2,330           2,331         43         20                           J-16373
02AM    DOS FRANJAS AMARILLAS     2,360           2,361         43         20                           J-16374
02AM    DOS FRANJAS AMARILLAS     2,344           2,345         43         20                           J-16375
02AM    DOS FRANJAS AMARILLAS     2,380           2,381         39         20                           J-16376
02AM    DOS FRANJAS AMARILLAS     2,233           2,234         15         20                           J-16377
02AM    DOS FRANJAS AMARILLAS     2,330           2,331         15         20                           J-16378
02AM    DOS FRANJAS AMARILLAS     2,369           2,370         43         20                           J-16379
02AM    DOS FRANJAS AMARILLAS     2,185           2,186         39         20                           J-16380
02AM    DOS FRANJAS AMARILLAS     2,479           2,480         43         20                           J-16381
02AM    DOS FRANJAS AMARILLAS     2,371           2,372         20         20                           J-16382
02AM    DOS FRANJAS AMARILLAS     2,387           2,388         20         20                           J-16383
02AM    DOS FRANJAS AMARILLAS     2,434           2,435         20         20                           J-16384
02AM    DOS FRANJAS AMARILLAS     2,273           2,274         39         20                           J-16385
02AM    DOS FRANJAS AMARILLAS     2,427           2,428         43         20                           J-16386
02AM    DOS FRANJAS AMARILLAS     2,384           2,385         20         20                           J-16387
02AM    DOS FRANJAS AMARILLAS     2,293           2,294         20         20                           J-16388
02AM    DOS FRANJAS AMARILLAS     2,264           2,265         39         20                           J-16389
02AM    DOS FRANJAS AMARILLAS     2,442           2,443         20         20                           J-16390
02AM    DOS FRANJAS AMARILLAS     2,391           2,392         20         20                           J-16391
02AM    DOS FRANJAS AMARILLAS     2,156           2,157         39         20                           J-16392
02AM    DOS FRANJAS AMARILLAS     2,468           2,469         15         20                           J-16393
02AM    DOS FRANJAS AMARILLAS     2,185           2,186         39         20                           J-16394
02AM    DOS FRANJAS AMARILLAS     2,483           2,484         39         20                           J-16395
02AM    DOS FRANJAS AMARILLAS     2,142           2,143         15         20                           J-16396
02AM    DOS FRANJAS AMARILLAS     2,248           2,249         39         20                           J-16397
02AM    DOS FRANJAS AMARILLAS     2,204           2,205         20         20                           J-16398
02AM    DOS FRANJAS AMARILLAS     2,250           2,251         20         20                           J-16399
02AM    DOS FRANJAS AMARILLAS     2,274           2,275         20         20                           J-16400
02AM    DOS FRANJAS AMARILLAS     1,981           1,982         43         20                           J-16401
02AM    DOS FRANJAS AMARILLAS     2,306           2,307         43         20                           J-16402
02AM    DOS FRANJAS AMARILLAS     2,279           2,280         20         20                           J-16403
02AM    DOS FRANJAS AMARILLAS     2,514           2,515         43         20                           J-16404
02AM    DOS FRANJAS AMARILLAS     2,426           2,427         39         20                           J-16405


------------------------------------------------------------------------------------------------------------------------
T.SUB-LOTES              TOT.PAQUETES =85      TOT.UNID. = 1700   T/P NETO (kg) = 199,965      T/P BRUTO (kg) = 200,050
------------------------------------------------------------------------------------------------------------------------
