
EMPRESA NACIONAL DE MINERIA (ENM) PRODUCTOR          PACKING LIST                             PAG.  :   1
NATIONAL MINING COMPANY                       CODIGO DE LOTE   : F-9956                      FECHA :01/07/2020
                                              -----------------------------
FLUJO        : 
DESCRIPCION  : CATODOS GRADO A
N° INSTR. DE EMBARQUE : 26022
CLIENTE      : CORNELIUS MAERSK
Lote Sipa    : 20060308

----------------------------------------------------------------------------------------------------------------------------- 
MARCA       DESCRIPCION         PESO NETO      PESO BRUTO     GRUPO     UNIDADES       UBICACION         SERIE                
-----------------------------------------------------------------------------------------------------------------------------

02CE    DOS FRANJAS CELESTES      2,462           2,463         48         20                           F-9956 
02CE    DOS FRANJAS CELESTES      2,476           2,477         48         20                           F-9957 
02CE    DOS FRANJAS CELESTES      2,299           2,300         10         20                           F-9958 
02CE    DOS FRANJAS CELESTES      2,465           2,466         10         20                           F-9959 
02CE    DOS FRANJAS CELESTES      2,471           2,472         48         20                           F-9960 
02CE    DOS FRANJAS CELESTES      2,427           2,428         48         20                           F-9961 
02CE    DOS FRANJAS CELESTES      2,428           2,429         48         20                           F-9962 
02CE    DOS FRANJAS CELESTES      2,428           2,429         10         20                           F-9963 
02CE    DOS FRANJAS CELESTES      2,349           2,350         06         20                           F-9964 
02CE    DOS FRANJAS CELESTES      2,543           2,544         48         20                           F-9965 
02CE    DOS FRANJAS CELESTES      2,254           2,255         48         20                           F-9966 
02CE    DOS FRANJAS CELESTES      2,480           2,481         48         20                           F-9967 
02CE    DOS FRANJAS CELESTES      2,369           2,370         10         20                           F-9968 
02CE    DOS FRANJAS CELESTES      2,425           2,426         06         20                           F-9969 
02CE    DOS FRANJAS CELESTES      2,484           2,485         06         20                           F-9970 
02CE    DOS FRANJAS CELESTES      2,367           2,368         06         20                           F-9971 
02CE    DOS FRANJAS CELESTES      2,360           2,361         48         20                           F-9972 
02CE    DOS FRANJAS CELESTES      2,143           2,144         06         20                           F-9973 
02CE    DOS FRANJAS CELESTES      2,324           2,325         48         20                           F-9974 
02CE    DOS FRANJAS CELESTES      2,413           2,414         06         20                           F-9975 
02CE    DOS FRANJAS CELESTES      2,356           2,357         06         20                           F-9976 
02CE    DOS FRANJAS CELESTES      2,146           2,147         06         20                           F-9977 
02CE    DOS FRANJAS CELESTES      2,243           2,244         48         20                           F-9978 
02CE    DOS FRANJAS CELESTES      2,358           2,359         10         20                           F-9979 
02CE    DOS FRANJAS CELESTES      2,056           2,057         16         20                           F-9980 
02CE    DOS FRANJAS CELESTES      2,340           2,341         16         20                           F-9981 
02CE    DOS FRANJAS CELESTES      2,188           2,189         36         20                           F-9982 
02CE    DOS FRANJAS CELESTES      2,305           2,306         48         20                           F-9983 
02CE    DOS FRANJAS CELESTES      2,393           2,394         48         20                           F-9984 
02CE    DOS FRANJAS CELESTES      2,321           2,322         48         20                           F-9985 
02CE    DOS FRANJAS CELESTES      2,163           2,164         36         20                           F-9986 
02CE    DOS FRANJAS CELESTES      2,436           2,437         48         20                           F-9987 
02CE    DOS FRANJAS CELESTES      2,353           2,354         48         20                           F-9988 
02CE    DOS FRANJAS CELESTES      2,450           2,451         36         20                           F-9989 
02CE    DOS FRANJAS CELESTES      2,331           2,332         48         20                           F-9990 
02CE    DOS FRANJAS CELESTES      2,312           2,313         48         20                           F-9991 
02CE    DOS FRANJAS CELESTES      2,279           2,280         48         20                           F-9992 
02CE    DOS FRANJAS CELESTES      2,477           2,478         16         20                           F-9993 
02CE    DOS FRANJAS CELESTES      2,399           2,400         16         20                           F-9994 
02CE    DOS FRANJAS CELESTES      2,307           2,308         16         20                           F-9995 
02CE    DOS FRANJAS CELESTES      2,353           2,354         48         20                           F-9996 
02CE    DOS FRANJAS CELESTES      2,262           2,263         48         20                           F-9997 
02CE    DOS FRANJAS CELESTES      2,399           2,400         48         20                           F-9998 
02CE    DOS FRANJAS CELESTES      2,326           2,327         48         20                           F-9999 
02CE    DOS FRANJAS CELESTES      2,428           2,429         48         20                           F-10000









EMPRESA NACIONAL DE MINERIA (ENM) PRODUCTOR          PACKING LIST                             PAG.  :   2
NATIONAL MINING COMPANY                       CODIGO DE LOTE   : F-9956                      FECHA :01/07/2020
                                              -----------------------------
FLUJO        : 
DESCRIPCION  : CATODOS GRADO A
N° INSTR. DE EMBARQUE : 26022
CLIENTE      : CORNELIUS MAERSK
Lote Sipa    : 20060308

----------------------------------------------------------------------------------------------------------------------------- 
MARCA       DESCRIPCION         PESO NETO      PESO BRUTO     GRUPO     UNIDADES       UBICACION         SERIE                
-----------------------------------------------------------------------------------------------------------------------------

02CE    DOS FRANJAS CELESTES      2,472           2,473         16         20                           F-10001
02CE    DOS FRANJAS CELESTES      2,363           2,364         16         20                           F-10002
02CE    DOS FRANJAS CELESTES      2,384           2,385         16         20                           F-10003
02CE    DOS FRANJAS CELESTES      2,407           2,408         16         20                           F-10004
02CE    DOS FRANJAS CELESTES      2,144           2,145         48         20                           F-10005
02CE    DOS FRANJAS CELESTES      2,403           2,404         16         20                           F-10006
02CE    DOS FRANJAS CELESTES      2,481           2,482         16         20                           F-10007
02CE    DOS FRANJAS CELESTES      2,527           2,528         48         20                           F-10008
02CE    DOS FRANJAS CELESTES      2,475           2,476         48         20                           F-10009
02CE    DOS FRANJAS CELESTES      2,354           2,355         16         20                           F-10010
02CE    DOS FRANJAS CELESTES      2,437           2,438         16         20                           F-10011
02CE    DOS FRANJAS CELESTES      2,464           2,465         16         20                           F-10012
02CE    DOS FRANJAS CELESTES      2,435           2,436         16         20                           F-10013
02CE    DOS FRANJAS CELESTES      2,386           2,387         16         20                           F-10014
02CE    DOS FRANJAS CELESTES      2,476           2,477         16         20                           F-10015
02CE    DOS FRANJAS CELESTES      2,428           2,429         48         20                           F-10016
02CE    DOS FRANJAS CELESTES      2,412           2,413         48         20                           F-10017
02CE    DOS FRANJAS CELESTES      2,464           2,465         16         20                           F-10018
02CE    DOS FRANJAS CELESTES      2,433           2,434         16         20                           F-10019
02CE    DOS FRANJAS CELESTES      2,437           2,438         16         20                           F-10020
02CE    DOS FRANJAS CELESTES      2,447           2,448         16         20                           F-10021
02CE    DOS FRANJAS CELESTES      2,443           2,444         48         20                           F-10022
02CE    DOS FRANJAS CELESTES      2,440           2,441         48         20                           F-10023
02CE    DOS FRANJAS CELESTES      2,447           2,448         16         20                           F-10024
02CE    DOS FRANJAS CELESTES      2,466           2,467         36         20                           F-10025
02CE    DOS FRANJAS CELESTES      2,470           2,471         48         20                           F-10026
02CE    DOS FRANJAS CELESTES      2,519           2,520         48         20                           F-10027
02CE    DOS FRANJAS CELESTES      2,367           2,368         48         20                           F-10028
02CE    DOS FRANJAS CELESTES      2,397           2,398         48         20                           F-10029
02CE    DOS FRANJAS CELESTES      2,481           2,482         48         20                           F-10030
02CE    DOS FRANJAS CELESTES      2,462           2,463         48         20                           F-10031
02CE    DOS FRANJAS CELESTES      2,543           2,544         36         20                           F-10032
02CE    DOS FRANJAS CELESTES      2,454           2,455         48         20                           F-10033
02CE    DOS FRANJAS CELESTES      2,497           2,498         48         20                           F-10034
02CE    DOS FRANJAS CELESTES      2,508           2,509         49         20                           F-10035
02CE    DOS FRANJAS CELESTES      2,548           2,549         48         20                           F-10036
02CE    DOS FRANJAS CELESTES      2,045           2,046         06         20                           F-10037
02CE    DOS FRANJAS CELESTES      2,025           2,026         06         20                           F-10038
02CE    DOS FRANJAS CELESTES      2,059           2,060         06         20                           F-10039


------------------------------------------------------------------------------------------------------------------------
T.SUB-LOTES              TOT.PAQUETES =84      TOT.UNID. = 1680   T/P NETO (kg) = 199,948      T/P BRUTO (kg) = 200,032
------------------------------------------------------------------------------------------------------------------------
