
EMPRESA NACIONAL DE MINERIA (ENM) PRODUCTOR          PACKING LIST                             PAG.  :   1
NATIONAL MINING COMPANY                       CODIGO DE LOTE   : G-5055                      FECHA :08/07/2019
                                              -----------------------------
FLUJO        : 
DESCRIPCION  : CATODOS GRADO A
N° INSTR. DE EMBARQUE : 25391
CLIENTE      : DALI
Lote Sipa    : 19070094

----------------------------------------------------------------------------------------------------------------------------- 
MARCA       DESCRIPCION         PESO NETO      PESO BRUTO     GRUPO     UNIDADES       UBICACION         SERIE                
-----------------------------------------------------------------------------------------------------------------------------

01AM    FRANJA AMARILLA           2,534           2,535         23         20                           G-5055 
01AM    FRANJA AMARILLA           2,490           2,491         23         20                           G-5056 
01AM    FRANJA AMARILLA           2,532           2,533         23         20                           G-5057 
01AM    FRANJA AMARILLA           2,557           2,558         05         20                           G-5058 
01AM    FRANJA AMARILLA           2,448           2,449         23         20                           G-5059 
01AM    FRANJA AMARILLA           2,454           2,455         23         20                           G-5060 
01AM    FRANJA AMARILLA           2,442           2,443         05         20                           G-5061 
01AM    FRANJA AMARILLA           2,536           2,537         23         20                           G-5062 
01AM    FRANJA AMARILLA           2,506           2,507         05         20                           G-5063 
01AM    FRANJA AMARILLA           2,489           2,490         05         20                           G-5064 
01AM    FRANJA AMARILLA           2,343           2,344         05         20                           G-5065 
01AM    FRANJA AMARILLA           2,428           2,429         05         20                           G-5066 
01AM    FRANJA AMARILLA           2,458           2,459         05         20                           G-5067 
01AM    FRANJA AMARILLA           2,477           2,478         05         20                           G-5068 
01AM    FRANJA AMARILLA           2,412           2,413         23         20                           G-5069 
01AM    FRANJA AMARILLA           2,485           2,486         23         20                           G-5070 
01AM    FRANJA AMARILLA           2,462           2,463         23         20                           G-5071 
01AM    FRANJA AMARILLA           2,306           2,307         05         20                           G-5072 
01AM    FRANJA AMARILLA           2,386           2,387         05         20                           G-5073 
01AM    FRANJA AMARILLA           2,509           2,510         05         20                           G-5074 
01AM    FRANJA AMARILLA           2,469           2,470         23         20                           G-5075 
01AM    FRANJA AMARILLA           2,500           2,501         05         20                           G-5076 
01AM    FRANJA AMARILLA           2,577           2,578         05         20                           G-5077 
01AM    FRANJA AMARILLA           2,487           2,488         23         20                           G-5078 
01AM    FRANJA AMARILLA           2,467           2,468         23         20                           G-5079 
01AM    FRANJA AMARILLA           2,459           2,460         05         20                           G-5080 
01AM    FRANJA AMARILLA           2,451           2,452         05         20                           G-5081 
01AM    FRANJA AMARILLA           2,521           2,522         23         20                           G-5082 
01AM    FRANJA AMARILLA           2,525           2,526         23         20                           G-5083 
01AM    FRANJA AMARILLA           2,350           2,351         23         20                           G-5084 
01AM    FRANJA AMARILLA           2,489           2,490         23         20                           G-5085 
01AM    FRANJA AMARILLA           2,448           2,449         05         20                           G-5086 
01AM    FRANJA AMARILLA           2,509           2,510         23         20                           G-5087 
01AM    FRANJA AMARILLA           2,541           2,542         23         20                           G-5088 
01AM    FRANJA AMARILLA           2,484           2,485         23         20                           G-5089 
01AM    FRANJA AMARILLA           2,577           2,578         23         20                           G-5090 
01AM    FRANJA AMARILLA           2,445           2,446         32         20                           G-5091 
01AM    FRANJA AMARILLA           2,433           2,434         05         20                           G-5092 
01AM    FRANJA AMARILLA           2,364           2,365         23         20                           G-5093 
01AM    FRANJA AMARILLA           2,513           2,514         23         20                           G-5094 
01AM    FRANJA AMARILLA           2,429           2,430         05         20                           G-5095 
01AM    FRANJA AMARILLA           2,312           2,313         23         20                           G-5096 
01AM    FRANJA AMARILLA           2,476           2,477         23         20                           G-5097 
01AM    FRANJA AMARILLA           2,388           2,389         05         20                           G-5098 
01AM    FRANJA AMARILLA           2,464           2,465         05         20                           G-5099 









EMPRESA NACIONAL DE MINERIA (ENM) PRODUCTOR          PACKING LIST                             PAG.  :   2
NATIONAL MINING COMPANY                       CODIGO DE LOTE   : G-5055                      FECHA :08/07/2019
                                              -----------------------------
FLUJO        : 
DESCRIPCION  : CATODOS GRADO A
N° INSTR. DE EMBARQUE : 25391
CLIENTE      : DALI
Lote Sipa    : 19070094

----------------------------------------------------------------------------------------------------------------------------- 
MARCA       DESCRIPCION         PESO NETO      PESO BRUTO     GRUPO     UNIDADES       UBICACION         SERIE                
-----------------------------------------------------------------------------------------------------------------------------

01AM    FRANJA AMARILLA           2,341           2,342         23         20                           G-5100 
01AM    FRANJA AMARILLA           2,489           2,490         05         20                           G-5101 
01AM    FRANJA AMARILLA           2,464           2,465         05         20                           G-5102 
01AM    FRANJA AMARILLA           2,524           2,525         05         20                           G-5103 
01AM    FRANJA AMARILLA           2,448           2,449         05         20                           G-5104 
01AM    FRANJA AMARILLA           2,466           2,467         05         20                           G-5105 
01AM    FRANJA AMARILLA           2,362           2,363         05         20                           G-5106 
01AM    FRANJA AMARILLA           2,389           2,390         05         20                           G-5107 
01AM    FRANJA AMARILLA           2,441           2,442         05         20                           G-5108 
01AM    FRANJA AMARILLA           2,397           2,398         05         20                           G-5109 
01AM    FRANJA AMARILLA           2,545           2,546         05         20                           G-5110 
01AM    FRANJA AMARILLA           2,378           2,379         05         20                           G-5111 
01AM    FRANJA AMARILLA           2,473           2,474         05         20                           G-5112 
01AM    FRANJA AMARILLA           2,524           2,525         05         20                           G-5113 
01AM    FRANJA AMARILLA           2,249           2,250         32         20                           G-5114 
01AM    FRANJA AMARILLA           2,432           2,433         05         20                           G-5115 
01AM    FRANJA AMARILLA           2,257           2,258         26         20                           G-5116 
01AM    FRANJA AMARILLA           2,279           2,280         05         20                           G-5117 
01AM    FRANJA AMARILLA           2,116           2,117         23         20                           G-5118 
01AM    FRANJA AMARILLA           2,211           2,212         32         20                           G-5119 
01AM    FRANJA AMARILLA           2,246           2,247         32         20                           G-5120 
01AM    FRANJA AMARILLA           2,295           2,296         32         20                           G-5121 
01AM    FRANJA AMARILLA           2,308           2,309         32         20                           G-5122 
01AM    FRANJA AMARILLA           2,127           2,128         32         20                           G-5123 
01AM    FRANJA AMARILLA           2,282           2,283         32         20                           G-5124 
01AM    FRANJA AMARILLA           2,369           2,370         05         20                           G-5125 
01AM    FRANJA AMARILLA           2,245           2,246         32         20                           G-5126 
01AM    FRANJA AMARILLA           2,146           2,147         32         20                           G-5127 
01AM    FRANJA AMARILLA           2,406           2,407         26         20                           G-5128 
01AM    FRANJA AMARILLA           2,453           2,454         05         20                           G-5129 
01AM    FRANJA AMARILLA           2,354           2,355         05         20                           G-5130 
01AM    FRANJA AMARILLA           2,474           2,475         05         20                           G-5131 
01AM    FRANJA AMARILLA           2,465           2,466         05         20                           G-5132 
01AM    FRANJA AMARILLA           2,447           2,448         05         20                           G-5133 
01AM    FRANJA AMARILLA           2,507           2,508         05         20                           G-5134 
01AM    FRANJA AMARILLA           2,379           2,380         05         20                           G-5135 
01AM    FRANJA AMARILLA           2,492           2,493         05         20                           G-5136 
01AM    FRANJA AMARILLA           2,524           2,525         05         20                           G-5137 
01AM    FRANJA AMARILLA           2,489           2,490         05         20                           G-5138 
01AM    FRANJA AMARILLA           2,532           2,533         23         20                           G-5139 
01AM    FRANJA AMARILLA           2,387           2,388         23         20                           G-5140 
01AM    FRANJA AMARILLA           2,506           2,507         32         20                           G-5141 
01AM    FRANJA AMARILLA           2,336           2,337         05         20                           G-5142 
01AM    FRANJA AMARILLA           2,337           2,338         05         20                           G-5143 
01AM    FRANJA AMARILLA           2,497           2,498         05         20                           G-5144 









EMPRESA NACIONAL DE MINERIA (ENM) PRODUCTOR          PACKING LIST                             PAG.  :   3
NATIONAL MINING COMPANY                       CODIGO DE LOTE   : G-5055                      FECHA :08/07/2019
                                              -----------------------------
FLUJO        : 
DESCRIPCION  : CATODOS GRADO A
N° INSTR. DE EMBARQUE : 25391
CLIENTE      : DALI
Lote Sipa    : 19070094

----------------------------------------------------------------------------------------------------------------------------- 
MARCA       DESCRIPCION         PESO NETO      PESO BRUTO     GRUPO     UNIDADES       UBICACION         SERIE                
-----------------------------------------------------------------------------------------------------------------------------

01AM    FRANJA AMARILLA           2,542           2,543         04         20                           G-5145 
01AM    FRANJA AMARILLA           2,475           2,476         23         20                           G-5146 
01AM    FRANJA AMARILLA           2,317           2,318         23         20                           G-5147 
01AM    FRANJA AMARILLA           2,359           2,360         04         20                           G-5148 
01AM    FRANJA AMARILLA           2,495           2,496         23         20                           G-5149 
01AM    FRANJA AMARILLA           2,396           2,397         23         20                           G-5150 
01AM    FRANJA AMARILLA           2,517           2,518         04         20                           G-5151 
01AM    FRANJA AMARILLA           2,395           2,396         23         20                           G-5152 
01AM    FRANJA AMARILLA           2,423           2,424         23         20                           G-5153 
01AM    FRANJA AMARILLA           2,488           2,489         23         20                           G-5154 
01AM    FRANJA AMARILLA           2,528           2,529         23         20                           G-5155 
01AM    FRANJA AMARILLA           2,390           2,391         23         20                           G-5156 
01AM    FRANJA AMARILLA           2,446           2,447         23         20                           G-5157 
01AM    FRANJA AMARILLA           2,417           2,418         23         20                           G-5158 
01AM    FRANJA AMARILLA           2,476           2,477         23         20                           G-5159 
01AM    FRANJA AMARILLA           2,344           2,345         23         20                           G-5160 
01AM    FRANJA AMARILLA           2,430           2,431         23         20                           G-5161 
01AM    FRANJA AMARILLA           2,403           2,404         23         20                           G-5162 
01AM    FRANJA AMARILLA           2,524           2,525         23         20                           G-5163 
01AM    FRANJA AMARILLA           2,425           2,426         23         20                           G-5164 
01AM    FRANJA AMARILLA           2,338           2,339         23         20                           G-5165 
01AM    FRANJA AMARILLA           2,469           2,470         23         20                           G-5166 
01AM    FRANJA AMARILLA           2,265           2,266         23         20                           G-5167 
01AM    FRANJA AMARILLA           2,368           2,369         23         20                           G-5168 
01AM    FRANJA AMARILLA           2,391           2,392         23         20                           G-5169 
01AM    FRANJA AMARILLA           2,381           2,382         23         20                           G-5170 
01AM    FRANJA AMARILLA           2,358           2,359         23         20                           G-5171 
01AM    FRANJA AMARILLA           2,300           2,301         04         20                           G-5172 
01AM    FRANJA AMARILLA           2,351           2,352         32         20                           G-5173 
01AM    FRANJA AMARILLA           2,224           2,225         32         20                           G-5174 
01AM    FRANJA AMARILLA           2,203           2,204         32         20                           G-5175 
01AM    FRANJA AMARILLA           2,261           2,262         32         20                           G-5176 
01AM    FRANJA AMARILLA           2,501           2,502         32         20                           G-5177 
01AM    FRANJA AMARILLA           2,375           2,376         32         20                           G-5178 


------------------------------------------------------------------------------------------------------------------------
T.SUB-LOTES              TOT.PAQUETES =124      TOT.UNID. = 2480   T/P NETO (kg) = 299,895      T/P BRUTO (kg) = 300,019
------------------------------------------------------------------------------------------------------------------------
