
EMPRESA NACIONAL DE MINERIA (ENM) PRODUCTOR          PACKING LIST                             PAG.  :   1
NATIONAL MINING COMPANY                       CODIGO DE LOTE   : E-16264                      FECHA :29/06/2018
                                              -----------------------------
FLUJO        : 
DESCRIPCION  : CATODOS GRADO A
N° INSTR. DE EMBARQUE : 24590
CLIENTE      : SAN VICENTE EXPRESS
Lote Sipa    : 

----------------------------------------------------------------------------------------------------------------------------- 
MARCA       DESCRIPCION         PESO NETO      PESO BRUTO     GRUPO     UNIDADES       UBICACION         SERIE                
-----------------------------------------------------------------------------------------------------------------------------

X1BL    EQUIS FRANJA BLANCA       2,504           2,505         33         20                           E-16264
X1BL    EQUIS FRANJA BLANCA       2,469           2,470         33         20                           E-16265
X1BL    EQUIS FRANJA BLANCA       2,445           2,446         33         20                           E-16266
X1BL    EQUIS FRANJA BLANCA       2,448           2,449         33         20                           E-16267
X1BL    EQUIS FRANJA BLANCA       2,506           2,507         33         20                           E-16268
X1BL    EQUIS FRANJA BLANCA       2,454           2,455         33         20                           E-16269
X1BL    EQUIS FRANJA BLANCA       2,463           2,464         33         20                           E-16270
X1BL    EQUIS FRANJA BLANCA       2,469           2,470         33         20                           E-16271
X1BL    EQUIS FRANJA BLANCA       2,462           2,463         33         20                           E-16272
X1BL    EQUIS FRANJA BLANCA       2,476           2,477         33         20                           E-16273
X1BL    EQUIS FRANJA BLANCA       2,500           2,501         33         20                           E-16274
X1BL    EQUIS FRANJA BLANCA       2,473           2,474         33         20                           E-16275
X1BL    EQUIS FRANJA BLANCA       2,503           2,504         33         20                           E-16276
X1BL    EQUIS FRANJA BLANCA       2,475           2,476         33         20                           E-16277
X1BL    EQUIS FRANJA BLANCA       2,486           2,487         33         20                           E-16278
X1BL    EQUIS FRANJA BLANCA       2,510           2,511         18         20                           E-16279
X1BL    EQUIS FRANJA BLANCA       2,151           2,152         18         20                           E-16280
X1BL    EQUIS FRANJA BLANCA       2,155           2,156         18         20                           E-16281
X1BL    EQUIS FRANJA BLANCA       2,382           2,383         18         20                           E-16282
X1BL    EQUIS FRANJA BLANCA       2,229           2,230         18         20                           E-16283
X1BL    EQUIS FRANJA BLANCA       2,392           2,393         18         20                           E-16284
X1BL    EQUIS FRANJA BLANCA       2,206           2,207         18         20                           E-16285
X1BL    EQUIS FRANJA BLANCA       2,217           2,218         18         20                           E-16286
X1BL    EQUIS FRANJA BLANCA       2,204           2,205         18         20                           E-16287
X1BL    EQUIS FRANJA BLANCA       2,082           2,083         18         20                           E-16288
X1BL    EQUIS FRANJA BLANCA       2,337           2,338         18         20                           E-16289
X1BL    EQUIS FRANJA BLANCA       2,339           2,340         18         20                           E-16290
X1BL    EQUIS FRANJA BLANCA       2,124           2,125         18         20                           E-16291
X1BL    EQUIS FRANJA BLANCA       2,185           2,186         18         20                           E-16292
X1BL    EQUIS FRANJA BLANCA       2,233           2,234         18         20                           E-16293
X1BL    EQUIS FRANJA BLANCA       2,259           2,260         18         20                           E-16294
X1BL    EQUIS FRANJA BLANCA       2,222           2,223         18         20                           E-16295
X1BL    EQUIS FRANJA BLANCA       2,383           2,384         18         20                           E-16296
X1BL    EQUIS FRANJA BLANCA       2,192           2,193         18         20                           E-16297
X1BL    EQUIS FRANJA BLANCA       2,392           2,393         18         20                           E-16298
X1BL    EQUIS FRANJA BLANCA       2,210           2,211         18         20                           E-16299
X1BL    EQUIS FRANJA BLANCA       2,232           2,233         18         20                           E-16300
X1BL    EQUIS FRANJA BLANCA       2,212           2,213         18         20                           E-16301
X1BL    EQUIS FRANJA BLANCA       2,268           2,269         18         20                           E-16302
X1BL    EQUIS FRANJA BLANCA       2,102           2,103         18         20                           E-16303
X1BL    EQUIS FRANJA BLANCA       2,277           2,278         18         20                           E-16304
X1BL    EQUIS FRANJA BLANCA       2,153           2,154         18         20                           E-16305
X1BL    EQUIS FRANJA BLANCA       2,168           2,169         18         20                           E-16306
X1BL    EQUIS FRANJA BLANCA       2,538           2,539         39         20                           F-6085 
X1BL    EQUIS FRANJA BLANCA       2,403           2,404         39         20                           F-6086 









EMPRESA NACIONAL DE MINERIA (ENM) PRODUCTOR          PACKING LIST                             PAG.  :   2
NATIONAL MINING COMPANY                       CODIGO DE LOTE   : E-16264                      FECHA :29/06/2018
                                              -----------------------------
FLUJO        : 
DESCRIPCION  : CATODOS GRADO A
N° INSTR. DE EMBARQUE : 24590
CLIENTE      : SAN VICENTE EXPRESS
Lote Sipa    : 

----------------------------------------------------------------------------------------------------------------------------- 
MARCA       DESCRIPCION         PESO NETO      PESO BRUTO     GRUPO     UNIDADES       UBICACION         SERIE                
-----------------------------------------------------------------------------------------------------------------------------

X1BL    EQUIS FRANJA BLANCA       2,461           2,462         39         20                           F-6087 
X1BL    EQUIS FRANJA BLANCA       2,394           2,395         45         20                           F-6088 
X1BL    EQUIS FRANJA BLANCA       2,518           2,519         45         20                           F-6089 
X1BL    EQUIS FRANJA BLANCA       2,501           2,502         39         20                           F-6090 
X1BL    EQUIS FRANJA BLANCA       2,507           2,508         39         20                           F-6091 
X1BL    EQUIS FRANJA BLANCA       2,527           2,528         39         20                           F-6092 
X1BL    EQUIS FRANJA BLANCA       2,500           2,501         39         20                           F-6093 
X1BL    EQUIS FRANJA BLANCA       2,502           2,503         45         20                           F-6094 
X1BL    EQUIS FRANJA BLANCA       2,514           2,515         39         20                           F-6095 
X1BL    EQUIS FRANJA BLANCA       2,503           2,504         39         20                           F-6096 
X1BL    EQUIS FRANJA BLANCA       2,489           2,490         39         20                           F-6097 
X1BL    EQUIS FRANJA BLANCA       2,492           2,493         45         20                           F-6098 
X1BL    EQUIS FRANJA BLANCA       2,503           2,504         39         20                           F-6099 
X1BL    EQUIS FRANJA BLANCA       2,561           2,562         45         20                           F-6100 
X1BL    EQUIS FRANJA BLANCA       2,491           2,492         39         20                           F-6101 
X1BL    EQUIS FRANJA BLANCA       2,466           2,467         45         20                           F-6102 
X1BL    EQUIS FRANJA BLANCA       2,517           2,518         39         20                           F-6103 
X1BL    EQUIS FRANJA BLANCA       2,568           2,569         39         20                           F-6104 


------------------------------------------------------------------------------------------------------------------------
T.SUB-LOTES              TOT.PAQUETES =63      TOT.UNID. = 1260   T/P NETO (kg) = 149,904      T/P BRUTO (kg) = 149,967
------------------------------------------------------------------------------------------------------------------------
