
EMPRESA NACIONAL DE MINERIA (ENM) PRODUCTOR          PACKING LIST                             PAG.  :   1
NATIONAL MINING COMPANY                       CODIGO DE LOTE   : D-2124                      FECHA :29/04/2022
                                              -----------------------------
FLUJO        : 
DESCRIPCION  : CATODOS EW TALTAL
N° INSTR. DE EMBARQUE : 929381
CLIENTE      : 
Lote Sipa    : 22040520

----------------------------------------------------------------------------------------------------------------------------- 
MARCA       DESCRIPCION         PESO NETO      PESO BRUTO     GRUPO     UNIDADES       UBICACION         SERIE                
-----------------------------------------------------------------------------------------------------------------------------

08AM    OCHO FRANJAS AMARILLA     2,009           2,010                    35                           D-2124 
08AM    OCHO FRANJAS AMARILLA     1,998           1,999                    71                           D-2125 
08AM    OCHO FRANJAS AMARILLA     2,021           2,022                    84                           D-2126 
08AM    OCHO FRANJAS AMARILLA     1,996           1,997                    68                           D-2127 
08AM    OCHO FRANJAS AMARILLA     2,027           2,028                    65                           D-2128 
08AM    OCHO FRANJAS AMARILLA     2,023           2,024                    69                           D-2129 
08AM    OCHO FRANJAS AMARILLA     2,037           2,038                    64                           D-2130 
08AM    OCHO FRANJAS AMARILLA     1,998           1,999                    75                           D-2131 
08AM    OCHO FRANJAS AMARILLA     2,004           2,005                    67                           D-2132 
08AM    OCHO FRANJAS AMARILLA     2,010           2,011                    64                           D-2133 
08AM    OCHO FRANJAS AMARILLA     2,026           2,027                    70                           D-2134 
08AM    OCHO FRANJAS AMARILLA     2,007           2,008                    60                           D-2135 
08AM    OCHO FRANJAS AMARILLA     2,010           2,011                    75                           D-2136 
08AM    OCHO FRANJAS AMARILLA     2,028           2,029                    64                           D-2137 


------------------------------------------------------------------------------------------------------------------------
T.SUB-LOTES              TOT.PAQUETES =14      TOT.UNID. = 931   T/P NETO (kg) = 28,194      T/P BRUTO (kg) = 28,208
------------------------------------------------------------------------------------------------------------------------
