
EMPRESA NACIONAL DE MINERIA (ENM) PRODUCTOR          PACKING LIST                             PAG.  :   1
NATIONAL MINING COMPANY                       CODIGO DE LOTE   : D-135                      FECHA :15/04/2019
                                              -----------------------------
FLUJO        : 
DESCRIPCION  : CATODOS STD 1 ER
N° INSTR. DE EMBARQUE : 57517
CLIENTE      : 
Lote Sipa    : 

----------------------------------------------------------------------------------------------------------------------------- 
MARCA       DESCRIPCION         PESO NETO      PESO BRUTO     GRUPO     UNIDADES       UBICACION         SERIE                
-----------------------------------------------------------------------------------------------------------------------------

X0VE    EQUIS VERDE               2,160           2,161         86         20                            D-135 
X0VE    EQUIS VERDE               2,508           2,509         86         20                            D-136 
X0VE    EQUIS VERDE               2,519           2,520         86         20                            D-137 
X0VE    EQUIS VERDE               2,558           2,559         86         20                            D-138 
X0VE    EQUIS VERDE               2,421           2,422         86         20                            D-139 
X0VE    EQUIS VERDE               2,430           2,431         86         20                            D-140 
X0VE    EQUIS VERDE               2,504           2,505         86         20                            D-141 
X0VE    EQUIS VERDE               2,448           2,449         86         20                            D-142 
X0VE    EQUIS VERDE               2,455           2,456         86         20                            D-143 
X0VE    EQUIS VERDE               2,452           2,453         86         20                            D-144 
X0VE    EQUIS VERDE               2,615           2,616         86         20                            D-145 
X0VE    EQUIS VERDE               2,314           2,315         86         20                            D-146 
X0VE    EQUIS VERDE               2,519           2,520         86         20                            D-147 
X0VE    EQUIS VERDE               2,553           2,554         86         20                            D-148 
X0VE    EQUIS VERDE               2,470           2,471         86         20                            D-149 
X0VE    EQUIS VERDE               2,506           2,507         86         20                            D-150 
X0VE    EQUIS VERDE               2,468           2,469         86         20                            D-151 
X0VE    EQUIS VERDE               2,475           2,476         86         20                            D-152 
X0VE    EQUIS VERDE               2,561           2,562         86         20                            D-153 
X0VE    EQUIS VERDE               2,347           2,348         86         20                            D-154 
X0VE    EQUIS VERDE               2,609           2,610         86         20                            D-155 
X0VE    EQUIS VERDE               2,484           2,485         86         20                            D-156 
X0VE    EQUIS VERDE               2,560           2,561         86         20                            D-157 
X0VE    EQUIS VERDE               2,534           2,535         86         20                            D-158 
X0VE    EQUIS VERDE               2,352           2,353         86         20                            D-159 
X0VE    EQUIS VERDE               2,283           2,284         87         20                            D-160 
X0VE    EQUIS VERDE               2,374           2,375         87         20                            D-161 
X0VE    EQUIS VERDE               2,385           2,386         87         20                            D-162 
X0VE    EQUIS VERDE               2,589           2,590         87         20                            D-163 
X0VE    EQUIS VERDE               2,428           2,429         87         20                            D-164 
X0VE    EQUIS VERDE               2,474           2,475         87         20                            D-165 
X0VE    EQUIS VERDE               2,506           2,507         87         20                            D-166 
X0VE    EQUIS VERDE               2,486           2,487         87         20                            D-167 
X0VE    EQUIS VERDE               2,487           2,488         87         20                            D-168 
X0VE    EQUIS VERDE               2,515           2,516         87         20                            D-169 
X0VE    EQUIS VERDE               2,397           2,398         87         20                            D-170 
X0VE    EQUIS VERDE               2,198           2,199         87         20                            D-171 
X0VE    EQUIS VERDE               2,355           2,356         87         20                            D-172 
X0VE    EQUIS VERDE               2,090           2,091         87         20                            D-173 
X0VE    EQUIS VERDE               2,407           2,408         87         20                            D-174 
X0VE    EQUIS VERDE               2,424           2,425         87         20                            D-175 
X0VE    EQUIS VERDE               2,502           2,503         87         20                            D-176 
X0VE    EQUIS VERDE               2,561           2,562         87         20                            D-177 
X0VE    EQUIS VERDE               2,424           2,425         87         20                            D-178 
X0VE    EQUIS VERDE               2,358           2,359         87         20                            D-179 


------------------------------------------------------------------------------------------------------------------------
T.SUB-LOTES              TOT.PAQUETES =45      TOT.UNID. = 900   T/P NETO (kg) = 110,065      T/P BRUTO (kg) = 110,110
------------------------------------------------------------------------------------------------------------------------
