
EMPRESA NACIONAL DE MINERIA (ENM) PRODUCTOR          PACKING LIST                             PAG.  :   1
NATIONAL MINING COMPANY                       CODIGO DE LOTE   : H-2065                      FECHA :21/08/2023
                                              -----------------------------
FLUJO        : 
DESCRIPCION  : CATODOS EW TALTAL
N° INSTR. DE EMBARQUE : 931311
CLIENTE      : 
Lote Sipa    : 23080259

----------------------------------------------------------------------------------------------------------------------------- 
MARCA       DESCRIPCION         PESO NETO      PESO BRUTO     GRUPO     UNIDADES       UBICACION         SERIE                
-----------------------------------------------------------------------------------------------------------------------------

04AZ    CUATRO FRANJAS AZULES     1,980           1,981                    49                           H-2065 
04AZ    CUATRO FRANJAS AZULES     1,994           1,995                    72                           H-2066 
04AZ    CUATRO FRANJAS AZULES     2,019           2,020                    60                           H-2067 
04AZ    CUATRO FRANJAS AZULES     1,985           1,986                    49                           H-2068 
04AZ    CUATRO FRANJAS AZULES     2,033           2,034                    52                           H-2069 
04AZ    CUATRO FRANJAS AZULES     2,048           2,049                    60                           H-2070 
04AZ    CUATRO FRANJAS AZULES     2,040           2,041                    60                           H-2071 
04AZ    CUATRO FRANJAS AZULES     1,967           1,968                    49                           H-2072 
04AZ    CUATRO FRANJAS AZULES     1,981           1,982                    49                           H-2073 
04AZ    CUATRO FRANJAS AZULES     2,024           2,025                    59                           H-2074 
04AZ    CUATRO FRANJAS AZULES     2,042           2,043                    53                           H-2075 
04AZ    CUATRO FRANJAS AZULES     2,031           2,032                    54                           H-2076 
04AZ    CUATRO FRANJAS AZULES     2,021           2,022                    50                           H-2077 
04AZ    CUATRO FRANJAS AZULES     1,962           1,963                    49                           H-2078 


------------------------------------------------------------------------------------------------------------------------
T.SUB-LOTES              TOT.PAQUETES =14      TOT.UNID. = 765   T/P NETO (kg) = 28,127      T/P BRUTO (kg) = 28,141
------------------------------------------------------------------------------------------------------------------------
