
EMPRESA NACIONAL DE MINERIA (ENM) PRODUCTOR          PACKING LIST                             PAG.  :   1
NATIONAL MINING COMPANY                       CODIGO DE LOTE   : M-2303                      FECHA :12/12/2022
                                              -----------------------------
FLUJO        : 
DESCRIPCION  : CATODOS EW TALTAL
N° INSTR. DE EMBARQUE : 930277
CLIENTE      : 
Lote Sipa    : 22120289

----------------------------------------------------------------------------------------------------------------------------- 
MARCA       DESCRIPCION         PESO NETO      PESO BRUTO     GRUPO     UNIDADES       UBICACION         SERIE                
-----------------------------------------------------------------------------------------------------------------------------

15AM    15 AMARILLO               2,001           2,002                    77                           M-2303 
15AM    15 AMARILLO               2,024           2,025                    70                           M-2304 
15AM    15 AMARILLO               2,031           2,032                    68                           M-2305 
15AM    15 AMARILLO               2,012           2,013                    62                           M-2306 
15AM    15 AMARILLO               2,021           2,022                    68                           M-2307 
15AM    15 AMARILLO               2,024           2,025                    69                           M-2308 
15AM    15 AMARILLO               2,025           2,026                    66                           M-2309 
15AM    15 AMARILLO               2,015           2,016                    70                           M-2310 
15AM    15 AMARILLO               2,012           2,013                    72                           M-2311 
15AM    15 AMARILLO               2,031           2,032                    71                           M-2312 
15AM    15 AMARILLO               2,008           2,009                    65                           M-2313 
15AM    15 AMARILLO               2,010           2,011                    66                           M-2314 
15AM    15 AMARILLO               2,022           2,023                    66                           M-2315 


------------------------------------------------------------------------------------------------------------------------
T.SUB-LOTES              TOT.PAQUETES =13      TOT.UNID. = 890   T/P NETO (kg) = 26,236      T/P BRUTO (kg) = 26,249
------------------------------------------------------------------------------------------------------------------------
