
EMPRESA NACIONAL DE MINERIA (ENM) PRODUCTOR          PACKING LIST                             PAG.  :   1
NATIONAL MINING COMPANY                       CODIGO DE LOTE   : I-2261                      FECHA :20/09/2022
                                              -----------------------------
FLUJO        : 
DESCRIPCION  : CATODOS EW TALTAL
N° INSTR. DE EMBARQUE : 929977
CLIENTE      : 
Lote Sipa    : 22090320

----------------------------------------------------------------------------------------------------------------------------- 
MARCA       DESCRIPCION         PESO NETO      PESO BRUTO     GRUPO     UNIDADES       UBICACION         SERIE                
-----------------------------------------------------------------------------------------------------------------------------

15NE    15 FRANJAS NEGRAS         2,007           2,008                    77                           I-2261 
15NE    15 FRANJAS NEGRAS         1,952           1,953                    68                           I-2262 
15NE    15 FRANJAS NEGRAS         1,971           1,972                    79                           I-2263 
15NE    15 FRANJAS NEGRAS         2,033           2,034                    74                           I-2264 
15NE    15 FRANJAS NEGRAS         1,978           1,979                    80                           I-2265 
15NE    15 FRANJAS NEGRAS         2,038           2,039                    98                           I-2266 
15NE    15 FRANJAS NEGRAS         1,996           1,997                    72                           I-2267 
15NE    15 FRANJAS NEGRAS         1,986           1,987                    90                           I-2268 
15NE    15 FRANJAS NEGRAS         2,017           2,018                    97                           I-2269 
15NE    15 FRANJAS NEGRAS         2,025           2,026                    72                           I-2270 
15NE    15 FRANJAS NEGRAS         2,014           2,015                    97                           I-2271 
15NE    15 FRANJAS NEGRAS         2,015           2,016                    96                           I-2272 
15NE    15 FRANJAS NEGRAS         2,021           2,022                    98                           I-2273 
15NE    15 FRANJAS NEGRAS         2,043           2,044                    72                           I-2274 


------------------------------------------------------------------------------------------------------------------------
T.SUB-LOTES              TOT.PAQUETES =14      TOT.UNID. = 1170   T/P NETO (kg) = 28,096      T/P BRUTO (kg) = 28,110
------------------------------------------------------------------------------------------------------------------------
