
EMPRESA NACIONAL DE MINERIA (ENM) PRODUCTOR          PACKING LIST                             PAG.  :   1
NATIONAL MINING COMPANY                       CODIGO DE LOTE   : J-2771                      FECHA :10/10/2023
                                              -----------------------------
FLUJO        : 
DESCRIPCION  : CATODOS EW CERRO NEGRO
N° INSTR. DE EMBARQUE : 931532
CLIENTE      : 
Lote Sipa    : 23100177

----------------------------------------------------------------------------------------------------------------------------- 
MARCA       DESCRIPCION         PESO NETO      PESO BRUTO     GRUPO     UNIDADES       UBICACION         SERIE                
-----------------------------------------------------------------------------------------------------------------------------

01BL    FRANJA BLANCA             2,087           2,088                    26                           J-2771 
01BL    FRANJA BLANCA             1,971           1,972                    32                           J-2772 
01BL    FRANJA BLANCA             2,053           2,054                    31                           J-2773 
01BL    FRANJA BLANCA             2,052           2,053                    32                           J-2774 
01BL    FRANJA BLANCA             2,016           2,017                    39                           J-2775 
01BL    FRANJA BLANCA             2,000           2,001                    33                           J-2776 
01BL    FRANJA BLANCA             1,990           1,991                    26                           J-2777 
01BL    FRANJA BLANCA             2,025           2,026                    31                           J-2778 
01BL    FRANJA BLANCA             2,050           2,051                    33                           J-2779 
01BL    FRANJA BLANCA             1,986           1,987                    31                           J-2780 
01BL    FRANJA BLANCA             2,010           2,011                    28                           J-2781 
01BL    FRANJA BLANCA             2,023           2,024                    26                           J-2782 
01BL    FRANJA BLANCA             2,033           2,034                    35                           J-2783 
01BL    FRANJA BLANCA             1,995           1,996                    36                           J-2784 
01BL    FRANJA BLANCA             2,020           2,021                    29                           J-2785 


------------------------------------------------------------------------------------------------------------------------
T.SUB-LOTES              TOT.PAQUETES =15      TOT.UNID. = 468   T/P NETO (kg) = 30,311      T/P BRUTO (kg) = 30,326
------------------------------------------------------------------------------------------------------------------------
