
EMPRESA NACIONAL DE MINERIA (ENM) PRODUCTOR          PACKING LIST                             PAG.  :   1
NATIONAL MINING COMPANY                       CODIGO DE LOTE   : J-15785                      FECHA :04/11/2019
                                              -----------------------------
FLUJO        : 
DESCRIPCION  : CATODOS GRADO A
N° INSTR. DE EMBARQUE : 25594
CLIENTE      : E.R. BERLIN
Lote Sipa    : 19101002

----------------------------------------------------------------------------------------------------------------------------- 
MARCA       DESCRIPCION         PESO NETO      PESO BRUTO     GRUPO     UNIDADES       UBICACION         SERIE                
-----------------------------------------------------------------------------------------------------------------------------

02NE    DOS FRANJAS NEGRAS        2,403           2,404         35         20                           J-15785
02NE    DOS FRANJAS NEGRAS        2,607           2,608         35         20                           J-15786
02NE    DOS FRANJAS NEGRAS        2,616           2,617         35         20                           J-15787
02NE    DOS FRANJAS NEGRAS        2,595           2,596         35         20                           J-15788
02NE    DOS FRANJAS NEGRAS        2,434           2,435         35         20                           J-15789
02NE    DOS FRANJAS NEGRAS        2,410           2,411         35         20                           J-15790
02NE    DOS FRANJAS NEGRAS        2,137           2,138         35         20                           J-15791
02NE    DOS FRANJAS NEGRAS        1,989           1,990         35         20                           J-15792
02NE    DOS FRANJAS NEGRAS        2,055           2,056         35         20                           J-15793
02NE    DOS FRANJAS NEGRAS        2,156           2,157         35         20                           J-15794
02NE    DOS FRANJAS NEGRAS        2,252           2,253         35         20                           J-15795
02NE    DOS FRANJAS NEGRAS        2,094           2,095         35         20                           J-15796
02NE    DOS FRANJAS NEGRAS        2,276           2,277         35         20                           J-15797
02NE    DOS FRANJAS NEGRAS        2,044           2,045         35         20                           J-15798
02NE    DOS FRANJAS NEGRAS        2,352           2,353         35         20                           J-15799
02NE    DOS FRANJAS NEGRAS        1,951           1,952         35         20                           J-15800
02NE    DOS FRANJAS NEGRAS        2,559           2,560         35         20                           J-15801
02NE    DOS FRANJAS NEGRAS        2,431           2,432         35         20                           J-15802
02NE    DOS FRANJAS NEGRAS        2,537           2,538         35         20                           J-15803
02NE    DOS FRANJAS NEGRAS        2,423           2,424         35         20                           J-15804
02NE    DOS FRANJAS NEGRAS        2,268           2,269         35         20                           J-15805
02NE    DOS FRANJAS NEGRAS        2,162           2,163         35         20                           J-15806
02NE    DOS FRANJAS NEGRAS        2,391           2,392         35         20                           J-15807
02NE    DOS FRANJAS NEGRAS        2,430           2,431         35         20                           J-15808
02NE    DOS FRANJAS NEGRAS        2,044           2,045         35         20                           J-15809
02NE    DOS FRANJAS NEGRAS        2,405           2,406         35         20                           J-15810
02NE    DOS FRANJAS NEGRAS        2,407           2,408         35         20                           J-15811
02NE    DOS FRANJAS NEGRAS        2,613           2,614         35         20                           J-15812
02NE    DOS FRANJAS NEGRAS        2,566           2,567         35         20                           J-15813
02NE    DOS FRANJAS NEGRAS        2,083           2,084         35         20                           J-15814
02NE    DOS FRANJAS NEGRAS        2,591           2,592         35         20                           J-15815
02NE    DOS FRANJAS NEGRAS        2,241           2,242         35         20                           J-15816
02NE    DOS FRANJAS NEGRAS        2,494           2,495         35         20                           J-15817
02NE    DOS FRANJAS NEGRAS        2,593           2,594         35         20                           J-15818
02NE    DOS FRANJAS NEGRAS        2,210           2,211         35         20                           J-15819
02NE    DOS FRANJAS NEGRAS        2,535           2,536         35         20                           J-15820
02NE    DOS FRANJAS NEGRAS        2,586           2,587         35         20                           J-15821
02NE    DOS FRANJAS NEGRAS        2,578           2,579         35         20                           J-15822
02NE    DOS FRANJAS NEGRAS        2,623           2,624         24         20                           J-15823
02NE    DOS FRANJAS NEGRAS        2,416           2,417         24         20                           J-15824
02NE    DOS FRANJAS NEGRAS        2,270           2,271         24         20                           J-15825
02NE    DOS FRANJAS NEGRAS        2,397           2,398         24         20                           J-15826
02NE    DOS FRANJAS NEGRAS        2,562           2,563         24         20                           J-15827
02NE    DOS FRANJAS NEGRAS        2,546           2,547         24         20                           J-15828
02NE    DOS FRANJAS NEGRAS        2,418           2,419         24         20                           J-15829









EMPRESA NACIONAL DE MINERIA (ENM) PRODUCTOR          PACKING LIST                             PAG.  :   2
NATIONAL MINING COMPANY                       CODIGO DE LOTE   : J-15785                      FECHA :04/11/2019
                                              -----------------------------
FLUJO        : 
DESCRIPCION  : CATODOS GRADO A
N° INSTR. DE EMBARQUE : 25594
CLIENTE      : E.R. BERLIN
Lote Sipa    : 19101002

----------------------------------------------------------------------------------------------------------------------------- 
MARCA       DESCRIPCION         PESO NETO      PESO BRUTO     GRUPO     UNIDADES       UBICACION         SERIE                
-----------------------------------------------------------------------------------------------------------------------------

02NE    DOS FRANJAS NEGRAS        2,347           2,348         35         20                           J-15830
02NE    DOS FRANJAS NEGRAS        2,535           2,536         35         20                           J-15831
02NE    DOS FRANJAS NEGRAS        2,074           2,075         35         20                           J-15832
02NE    DOS FRANJAS NEGRAS        2,533           2,534         35         20                           J-15833
02NE    DOS FRANJAS NEGRAS        2,620           2,621         35         20                           J-15834
02NE    DOS FRANJAS NEGRAS        2,558           2,559         24         20                           J-15835
02NE    DOS FRANJAS NEGRAS        2,235           2,236         24         20                           J-15836
02NE    DOS FRANJAS NEGRAS        2,516           2,517         24         20                           J-15837
02NE    DOS FRANJAS NEGRAS        2,568           2,569         44         20                           J-15838
02NE    DOS FRANJAS NEGRAS        2,557           2,558         44         20                           J-15839
02NE    DOS FRANJAS NEGRAS        2,044           2,045         35         20                           J-15840
02NE    DOS FRANJAS NEGRAS        2,445           2,446         35         20                           J-15841
02NE    DOS FRANJAS NEGRAS        2,519           2,520         35         20                           J-15842
02NE    DOS FRANJAS NEGRAS        2,439           2,440         35         20                           J-15843
02NE    DOS FRANJAS NEGRAS        2,433           2,434         35         20                           J-15844
02NE    DOS FRANJAS NEGRAS        2,575           2,576         24         20                           J-15845
02NE    DOS FRANJAS NEGRAS        2,467           2,468         24         20                           J-15846
02NE    DOS FRANJAS NEGRAS        2,245           2,246         35         20                           J-15847
02NE    DOS FRANJAS NEGRAS        2,217           2,218         24         20                           J-15848
02NE    DOS FRANJAS NEGRAS        2,440           2,441         24         20                           J-15849
02NE    DOS FRANJAS NEGRAS        2,343           2,344         24         20                           J-15850
02NE    DOS FRANJAS NEGRAS        2,392           2,393         24         20                           J-15851
02NE    DOS FRANJAS NEGRAS        2,426           2,427         24         20                           J-15852
02NE    DOS FRANJAS NEGRAS        2,447           2,448         24         20                           J-15853
02NE    DOS FRANJAS NEGRAS        2,064           2,065         35         20                           J-15854
02NE    DOS FRANJAS NEGRAS        2,351           2,352         35         20                           J-15855
02NE    DOS FRANJAS NEGRAS        2,359           2,360         35         20                           J-15856
02NE    DOS FRANJAS NEGRAS        2,354           2,355         24         20                           J-15857
02NE    DOS FRANJAS NEGRAS        2,345           2,346         24         20                           J-15858
02NE    DOS FRANJAS NEGRAS        2,225           2,226         35         20                           J-15859
02NE    DOS FRANJAS NEGRAS        2,360           2,361         35         20                           J-15860
02NE    DOS FRANJAS NEGRAS        2,476           2,477         44         20                           J-15861
02NE    DOS FRANJAS NEGRAS        2,293           2,294         44         20                           J-15862
02NE    DOS FRANJAS NEGRAS        2,327           2,328         44         20                           J-15863
02NE    DOS FRANJAS NEGRAS        2,416           2,417         44         20                           J-15864
02NE    DOS FRANJAS NEGRAS        2,314           2,315         44         20                           J-15865
02NE    DOS FRANJAS NEGRAS        2,556           2,557         44         20                           J-15866
02NE    DOS FRANJAS NEGRAS        2,494           2,495         44         20                           J-15867
02NE    DOS FRANJAS NEGRAS        2,321           2,322         24         20                           J-15868


------------------------------------------------------------------------------------------------------------------------
T.SUB-LOTES              TOT.PAQUETES =84      TOT.UNID. = 1680   T/P NETO (kg) = 199,980      T/P BRUTO (kg) = 200,064
------------------------------------------------------------------------------------------------------------------------
