
EMPRESA NACIONAL DE MINERIA (ENM) PRODUCTOR          PACKING LIST                             PAG.  :   1
NATIONAL MINING COMPANY                       CODIGO DE LOTE   : G-3235                      FECHA :31/08/2023
                                              -----------------------------
FLUJO        : 
DESCRIPCION  : CATODOS EW MATTA
N° INSTR. DE EMBARQUE : 28072
CLIENTE      : MAERSK EVERGLADE
Lote Sipa    : 23070184

----------------------------------------------------------------------------------------------------------------------------- 
MARCA       DESCRIPCION         PESO NETO      PESO BRUTO     GRUPO     UNIDADES       UBICACION         SERIE                
-----------------------------------------------------------------------------------------------------------------------------

02CE    DOS FRANJAS CELESTES      2,029           2,030                    45                           G-3235 
02CE    DOS FRANJAS CELESTES      2,005           2,006                    49                           G-3236 
02CE    DOS FRANJAS CELESTES      2,016           2,017                    45                           G-3237 
02CE    DOS FRANJAS CELESTES      2,015           2,016                    42                           G-3238 
02CE    DOS FRANJAS CELESTES      1,996           1,997                    44                           G-3239 
02CE    DOS FRANJAS CELESTES      2,014           2,015                    45                           G-3240 
02CE    DOS FRANJAS CELESTES      2,007           2,008                    45                           G-3241 
02CE    DOS FRANJAS CELESTES      2,006           2,007                    44                           G-3242 
02CE    DOS FRANJAS CELESTES      2,021           2,022                    44                           G-3243 
02CE    DOS FRANJAS CELESTES      2,011           2,012                    40                           G-3244 
02CE    DOS FRANJAS CELESTES      2,035           2,036                    52                           G-3245 
02CE    DOS FRANJAS CELESTES      2,008           2,009                    54                           G-3246 
02CE    DOS FRANJAS CELESTES      2,014           2,015                    52                           G-3247 
02CE    DOS FRANJAS CELESTES      2,035           2,036                    51                           G-3248 
02CE    DOS FRANJAS CELESTES      2,028           2,029                    45                           G-3280 
02CE    DOS FRANJAS CELESTES      2,029           2,030                    56                           G-3281 
02CE    DOS FRANJAS CELESTES      1,982           1,983                    44                           G-3282 
02CE    DOS FRANJAS CELESTES      2,015           2,016                    38                           G-3283 
02CE    DOS FRANJAS CELESTES      1,995           1,996                    54                           G-3284 
02CE    DOS FRANJAS CELESTES      2,009           2,010                    55                           G-3285 
02CE    DOS FRANJAS CELESTES      2,031           2,032                    58                           G-3286 
02CE    DOS FRANJAS CELESTES      2,023           2,024                    48                           G-3287 
02CE    DOS FRANJAS CELESTES      2,015           2,016                    66                           G-3288 
02CE    DOS FRANJAS CELESTES      2,023           2,024                    48                           G-3289 
02CE    DOS FRANJAS CELESTES      2,024           2,025                    46                           G-3290 
02CE    DOS FRANJAS CELESTES      1,977           1,978                    40                           G-3291 
02CE    DOS FRANJAS CELESTES      2,015           2,016                    54                           G-3292 
02CE    DOS FRANJAS CELESTES      2,004           2,005                    54                           G-3293 
02CE    DOS FRANJAS CELESTES      2,001           2,002                    46                           G-3326 
02CE    DOS FRANJAS CELESTES      1,999           2,000                    58                           G-3327 
02CE    DOS FRANJAS CELESTES      2,031           2,032                    53                           G-3328 
02CE    DOS FRANJAS CELESTES      2,024           2,025                    53                           G-3329 
02CE    DOS FRANJAS CELESTES      1,999           2,000                    42                           G-3330 
02CE    DOS FRANJAS CELESTES      2,005           2,006                    47                           G-3331 
02CE    DOS FRANJAS CELESTES      2,028           2,029                    42                           G-3332 
02CE    DOS FRANJAS CELESTES      2,042           2,043                    54                           G-3333 
02CE    DOS FRANJAS CELESTES      2,017           2,018                    57                           G-3334 
02CE    DOS FRANJAS CELESTES      2,000           2,001                    53                           G-3335 
02CE    DOS FRANJAS CELESTES      2,046           2,047                    57                           G-3336 
02CE    DOS FRANJAS CELESTES      2,034           2,035                    57                           G-3337 
02CE    DOS FRANJAS CELESTES      1,987           1,988                    54                           G-3338 
02CE    DOS FRANJAS CELESTES      1,992           1,993                    44                           G-3339 
02CE    DOS FRANJAS CELESTES      2,004           2,005                    43                           G-3369 
02CE    DOS FRANJAS CELESTES      2,058           2,059                    42                           G-3370 
02CE    DOS FRANJAS CELESTES      2,021           2,022                    43                           G-3371 









EMPRESA NACIONAL DE MINERIA (ENM) PRODUCTOR          PACKING LIST                             PAG.  :   2
NATIONAL MINING COMPANY                       CODIGO DE LOTE   : G-3235                      FECHA :31/08/2023
                                              -----------------------------
FLUJO        : 
DESCRIPCION  : CATODOS EW MATTA
N° INSTR. DE EMBARQUE : 28072
CLIENTE      : MAERSK EVERGLADE
Lote Sipa    : 23070184

----------------------------------------------------------------------------------------------------------------------------- 
MARCA       DESCRIPCION         PESO NETO      PESO BRUTO     GRUPO     UNIDADES       UBICACION         SERIE                
-----------------------------------------------------------------------------------------------------------------------------

02CE    DOS FRANJAS CELESTES      2,051           2,052                    39                           G-3372 
02CE    DOS FRANJAS CELESTES      2,033           2,034                    47                           G-3373 
02CE    DOS FRANJAS CELESTES      2,002           2,003                    47                           G-3374 
02CE    DOS FRANJAS CELESTES      2,024           2,025                    54                           G-3375 
02CE    DOS FRANJAS CELESTES      2,010           2,011                    50                           G-3376 
02CE    DOS FRANJAS CELESTES      2,032           2,033                    48                           G-3377 
02CE    DOS FRANJAS CELESTES      2,014           2,015                    44                           G-3378 
02CE    DOS FRANJAS CELESTES      1,976           1,977                    54                           G-3379 
02CE    DOS FRANJAS CELESTES      2,036           2,037                    49                           G-3380 
02CE    DOS FRANJAS CELESTES      2,007           2,008                    55                           G-3381 
02CE    DOS FRANJAS CELESTES      2,052           2,053                    44                           G-3382 
02CE    DOS FRANJAS CELESTES      2,013           2,014                    54                           G-3399 
02CE    DOS FRANJAS CELESTES      2,028           2,029                    55                           G-3400 
02CE    DOS FRANJAS CELESTES      1,986           1,987                    46                           G-3401 
02CE    DOS FRANJAS CELESTES      2,001           2,002                    61                           G-3402 
02CE    DOS FRANJAS CELESTES      2,026           2,027                    61                           G-3403 
02CE    DOS FRANJAS CELESTES      2,019           2,020                    58                           G-3404 
02CE    DOS FRANJAS CELESTES      2,026           2,027                    52                           G-3405 
02CE    DOS FRANJAS CELESTES      2,011           2,012                    52                           G-3406 
02CE    DOS FRANJAS CELESTES      2,016           2,017                    56                           G-3407 
02CE    DOS FRANJAS CELESTES      2,011           2,012                    56                           G-3408 
02CE    DOS FRANJAS CELESTES      2,008           2,009                    43                           G-3409 
02CE    DOS FRANJAS CELESTES      2,044           2,045                    44                           G-3410 
02CE    DOS FRANJAS CELESTES      2,024           2,025                    50                           G-3411 
02CE    DOS FRANJAS CELESTES      2,037           2,038                    59                           G-3412 
02CE    DOS FRANJAS CELESTES      2,041           2,042                    50                           G-3414 
02CE    DOS FRANJAS CELESTES      2,012           2,013                    46                           G-3415 
02CE    DOS FRANJAS CELESTES      2,009           2,010                    48                           G-3416 
02CE    DOS FRANJAS CELESTES      2,050           2,051                    47                           G-3417 
02CE    DOS FRANJAS CELESTES      2,050           2,051                    52                           G-3418 
02CE    DOS FRANJAS CELESTES      1,996           1,997                    58                           G-3419 
02CE    DOS FRANJAS CELESTES      2,035           2,036                    45                           G-3420 
02CE    DOS FRANJAS CELESTES      2,017           2,018                    46                           G-3421 
02CE    DOS FRANJAS CELESTES      2,037           2,038                    46                           G-3422 
02CE    DOS FRANJAS CELESTES      1,992           1,993                    56                           G-3423 
02CE    DOS FRANJAS CELESTES      2,042           2,043                    41                           G-3424 
02CE    DOS FRANJAS CELESTES      2,038           2,039                    47                           G-3425 
02CE    DOS FRANJAS CELESTES      2,031           2,032                    46                           G-3426 
02CE    DOS FRANJAS CELESTES      2,027           2,028                    53                           G-3427 
02CE    DOS FRANJAS CELESTES      1,978           1,979                    49                           G-3429 
02CE    DOS FRANJAS CELESTES      2,003           2,004                    49                           G-3430 
02CE    DOS FRANJAS CELESTES      2,000           2,001                    52                           G-3431 
02CE    DOS FRANJAS CELESTES      2,020           2,021                    55                           G-3432 
02CE    DOS FRANJAS CELESTES      2,050           2,051                    48                           G-3433 
02CE    DOS FRANJAS CELESTES      2,029           2,030                    48                           G-3434 









EMPRESA NACIONAL DE MINERIA (ENM) PRODUCTOR          PACKING LIST                             PAG.  :   3
NATIONAL MINING COMPANY                       CODIGO DE LOTE   : G-3235                      FECHA :31/08/2023
                                              -----------------------------
FLUJO        : 
DESCRIPCION  : CATODOS EW MATTA
N° INSTR. DE EMBARQUE : 28072
CLIENTE      : MAERSK EVERGLADE
Lote Sipa    : 23070184

----------------------------------------------------------------------------------------------------------------------------- 
MARCA       DESCRIPCION         PESO NETO      PESO BRUTO     GRUPO     UNIDADES       UBICACION         SERIE                
-----------------------------------------------------------------------------------------------------------------------------

02CE    DOS FRANJAS CELESTES      2,066           2,067                    53                           G-3435 
02CE    DOS FRANJAS CELESTES      2,036           2,037                    55                           G-3436 
02CE    DOS FRANJAS CELESTES      2,023           2,024                    61                           G-3437 
02CE    DOS FRANJAS CELESTES      1,997           1,998                    64                           G-3438 
02CE    DOS FRANJAS CELESTES      2,029           2,030                    64                           G-3439 
02CE    DOS FRANJAS CELESTES      2,022           2,023                    61                           G-3440 
02CE    DOS FRANJAS CELESTES      2,021           2,022                    50                           G-3441 
02CE    DOS FRANJAS CELESTES      2,044           2,045                    42                           G-3442 
02CE    DOS FRANJAS CELESTES      2,003           2,004                    62                           G-3444 
02CE    DOS FRANJAS CELESTES      2,022           2,023                    60                           G-3445 
02CE    DOS FRANJAS CELESTES      2,013           2,014                    64                           G-3446 
02CE    DOS FRANJAS CELESTES      1,990           1,991                    61                           G-3447 
02CE    DOS FRANJAS CELESTES      2,002           2,003                    61                           G-3448 
02CE    DOS FRANJAS CELESTES      2,031           2,032                    59                           G-3449 
02CE    DOS FRANJAS CELESTES      2,012           2,013                    49                           G-3450 
02CE    DOS FRANJAS CELESTES      2,036           2,037                    61                           G-3451 
02CE    DOS FRANJAS CELESTES      2,018           2,019                    50                           G-3452 
02CE    DOS FRANJAS CELESTES      2,002           2,003                    62                           G-3453 
02CE    DOS FRANJAS CELESTES      2,005           2,006                    51                           G-3454 
02CE    DOS FRANJAS CELESTES      2,010           2,011                    50                           G-3455 
02CE    DOS FRANJAS CELESTES      2,013           2,014                    61                           G-3456 
02CE    DOS FRANJAS CELESTES      2,014           2,015                    59                           G-3457 


------------------------------------------------------------------------------------------------------------------------
T.SUB-LOTES              TOT.PAQUETES =112      TOT.UNID. = 5723   T/P NETO (kg) = 226,023      T/P BRUTO (kg) = 226,135
------------------------------------------------------------------------------------------------------------------------
