
EMPRESA NACIONAL DE MINERIA (ENM) PRODUCTOR          PACKING LIST                             PAG.  :   1
NATIONAL MINING COMPANY                       CODIGO DE LOTE   : F-2883                      FECHA :27/06/2023
                                              -----------------------------
FLUJO        : 
DESCRIPCION  : CATODOS EW CERRO NEGRO
N° INSTR. DE EMBARQUE : 931108
CLIENTE      : 
Lote Sipa    : 23060394

----------------------------------------------------------------------------------------------------------------------------- 
MARCA       DESCRIPCION         PESO NETO      PESO BRUTO     GRUPO     UNIDADES       UBICACION         SERIE                
-----------------------------------------------------------------------------------------------------------------------------

08VE    OCHO FRANJAS VERDE        1,997           1,998                    42                           F-2883 
08VE    OCHO FRANJAS VERDE        2,055           2,056                    40                           F-2884 
08VE    OCHO FRANJAS VERDE        2,009           2,010                    39                           F-2885 
08VE    OCHO FRANJAS VERDE        2,101           2,102                    45                           F-2886 
08VE    OCHO FRANJAS VERDE        2,053           2,054                    43                           F-2887 
08VE    OCHO FRANJAS VERDE        1,987           1,988                    40                           F-2888 
08VE    OCHO FRANJAS VERDE        2,042           2,043                    41                           F-2889 
08VE    OCHO FRANJAS VERDE        2,044           2,045                    35                           F-2890 
08VE    OCHO FRANJAS VERDE        1,982           1,983                    41                           F-2891 
08VE    OCHO FRANJAS VERDE        2,112           2,113                    36                           F-2892 
08VE    OCHO FRANJAS VERDE        1,979           1,980                    35                           F-2893 
08VE    OCHO FRANJAS VERDE        1,972           1,973                    37                           F-2894 
08VE    OCHO FRANJAS VERDE        2,082           2,083                    41                           F-2895 
08VE    OCHO FRANJAS VERDE        2,237           2,238                    41                           F-2896 
08VE    OCHO FRANJAS VERDE        1,977           1,978                    35                           F-2897 


------------------------------------------------------------------------------------------------------------------------
T.SUB-LOTES              TOT.PAQUETES =15      TOT.UNID. = 591   T/P NETO (kg) = 30,629      T/P BRUTO (kg) = 30,644
------------------------------------------------------------------------------------------------------------------------
