
EMPRESA NACIONAL DE MINERIA (ENM) PRODUCTOR          PACKING LIST                             PAG.  :   1
NATIONAL MINING COMPANY                       CODIGO DE LOTE   : D-3235                      FECHA :03/04/2023
                                              -----------------------------
FLUJO        : 
DESCRIPCION  : CATODOS EW MATTA
N° INSTR. DE EMBARQUE : 930758
CLIENTE      : 
Lote Sipa    : 23040058

----------------------------------------------------------------------------------------------------------------------------- 
MARCA       DESCRIPCION         PESO NETO      PESO BRUTO     GRUPO     UNIDADES       UBICACION         SERIE                
-----------------------------------------------------------------------------------------------------------------------------

02RJ    DOS FRANJAS ROJAS         2,068           2,069                    52                           D-3235 
02RJ    DOS FRANJAS ROJAS         2,024           2,025                    53                           D-3236 
02RJ    DOS FRANJAS ROJAS         2,023           2,024                    50                           D-3237 
02RJ    DOS FRANJAS ROJAS         2,041           2,042                    38                           D-3238 
02RJ    DOS FRANJAS ROJAS         2,024           2,025                    43                           D-3239 
02RJ    DOS FRANJAS ROJAS         2,022           2,023                    50                           D-3240 
02RJ    DOS FRANJAS ROJAS         2,028           2,029                    53                           D-3241 
02RJ    DOS FRANJAS ROJAS         2,008           2,009                    39                           D-3242 
02RJ    DOS FRANJAS ROJAS         2,017           2,018                    50                           D-3243 
02RJ    DOS FRANJAS ROJAS         2,022           2,023                    38                           D-3244 
02RJ    DOS FRANJAS ROJAS         2,035           2,036                    38                           D-3245 
02RJ    DOS FRANJAS ROJAS         2,040           2,041                    53                           D-3246 
02RJ    DOS FRANJAS ROJAS         2,030           2,031                    51                           D-3247 
02RJ    DOS FRANJAS ROJAS         2,038           2,039                    47                           D-3248 


------------------------------------------------------------------------------------------------------------------------
T.SUB-LOTES              TOT.PAQUETES =14      TOT.UNID. = 655   T/P NETO (kg) = 28,420      T/P BRUTO (kg) = 28,434
------------------------------------------------------------------------------------------------------------------------
