
EMPRESA NACIONAL DE MINERIA (ENM) PRODUCTOR          PACKING LIST                             PAG.  :   1
NATIONAL MINING COMPANY                       CODIGO DE LOTE   : H-1777                      FECHA :25/08/2022
                                              -----------------------------
FLUJO        : 
DESCRIPCION  : CATODOS EW EL SALADO
N° INSTR. DE EMBARQUE : 929869
CLIENTE      : 
Lote Sipa    : 22080440

----------------------------------------------------------------------------------------------------------------------------- 
MARCA       DESCRIPCION         PESO NETO      PESO BRUTO     GRUPO     UNIDADES       UBICACION         SERIE                
-----------------------------------------------------------------------------------------------------------------------------

15RJ    15  ROJO                  1,976           1,977                    79                           H-1777 
15RJ    15  ROJO                  2,039           2,040                    78                           H-1778 
15RJ    15  ROJO                  2,039           2,040                    78                           H-1779 
15RJ    15  ROJO                  2,009           2,010                    86                           H-1780 
15RJ    15  ROJO                  2,027           2,028                    68                           H-1781 
15RJ    15  ROJO                  2,017           2,018                    78                           H-1782 
15RJ    15  ROJO                  1,996           1,997                    61                           H-1783 
15RJ    15  ROJO                  1,962           1,963                    56                           H-1784 
15RJ    15  ROJO                  1,983           1,984                    56                           H-1785 
15RJ    15  ROJO                  2,010           2,011                    57                           H-1786 
15RJ    15  ROJO                  2,015           2,016                    57                           H-1787 
15RJ    15  ROJO                  1,991           1,992                    44                           H-1788 
15RJ    15  ROJO                  2,061           2,062                    50                           H-1789 
15RJ    15  ROJO                  1,935           1,936                    46                           H-1790 


------------------------------------------------------------------------------------------------------------------------
T.SUB-LOTES              TOT.PAQUETES =14      TOT.UNID. = 894   T/P NETO (kg) = 28,060      T/P BRUTO (kg) = 28,074
------------------------------------------------------------------------------------------------------------------------
