
EMPRESA NACIONAL DE MINERIA (ENM) PRODUCTOR          PACKING LIST                             PAG.  :   1
NATIONAL MINING COMPANY                       CODIGO DE LOTE   : L-5876                      FECHA :08/11/2019
                                              -----------------------------
FLUJO        : 
DESCRIPCION  : CATODOS GRADO A
N° INSTR. DE EMBARQUE : 25612
CLIENTE      : NORDIC BEIJING
Lote Sipa    : 

----------------------------------------------------------------------------------------------------------------------------- 
MARCA       DESCRIPCION         PESO NETO      PESO BRUTO     GRUPO     UNIDADES       UBICACION         SERIE                
-----------------------------------------------------------------------------------------------------------------------------

X0CE    EQUIS CELESTE             2,259           2,260         32         20                           L-5876 
X0CE    EQUIS CELESTE             2,225           2,226         06         20                           L-5877 
X0CE    EQUIS CELESTE             2,266           2,267         32         20                           L-5878 
X0CE    EQUIS CELESTE             2,202           2,203         32         20                           L-5879 
X0CE    EQUIS CELESTE             2,364           2,365         06         20                           L-5880 
X0CE    EQUIS CELESTE             2,225           2,226         06         20                           L-5881 
X0CE    EQUIS CELESTE             2,139           2,140         32         20                           L-5882 
X0CE    EQUIS CELESTE             2,183           2,184         06         20                           L-5883 
X0CE    EQUIS CELESTE             2,236           2,237         06         20                           L-5884 
X0CE    EQUIS CELESTE             1,966           1,967         06         20                           L-5885 
X0CE    EQUIS CELESTE             2,055           2,056         06         20                           L-5886 
X0CE    EQUIS CELESTE             2,171           2,172         32         20                           L-5887 
X0CE    EQUIS CELESTE             2,211           2,212         32         20                           L-5888 
X0CE    EQUIS CELESTE             2,332           2,333         06         20                           L-5889 
X0CE    EQUIS CELESTE             1,974           1,975         06         20                           L-5890 
X0CE    EQUIS CELESTE             2,081           2,082         06         20                           L-5891 
X0CE    EQUIS CELESTE             2,139           2,140         32         20                           L-5892 
X0CE    EQUIS CELESTE             2,119           2,120         32         20                           L-5893 
X0CE    EQUIS CELESTE             2,149           2,150         32         20                           L-5894 
X0CE    EQUIS CELESTE             2,240           2,241         06         20                           L-5895 
X0CE    EQUIS CELESTE             2,273           2,274         32         20                           L-5896 
X0CE    EQUIS CELESTE             2,371           2,372         06         20                           L-5897 
X0CE    EQUIS CELESTE             2,227           2,228         32         20                           L-5898 
X0CE    EQUIS CELESTE             2,123           2,124         06         20                           L-5899 
X0CE    EQUIS CELESTE             2,269           2,270         06         20                           L-5900 
X0CE    EQUIS CELESTE             2,157           2,158         06         20                           L-5901 
X0CE    EQUIS CELESTE             2,241           2,242         32         20                           L-5902 
X0CE    EQUIS CELESTE             2,332           2,333         06         20                           L-5903 
X0CE    EQUIS CELESTE             2,289           2,290         32         20                           L-5904 
X0CE    EQUIS CELESTE             2,426           2,427         06         20                           L-5905 
X0CE    EQUIS CELESTE             2,290           2,291         32         20                           L-5906 
X0CE    EQUIS CELESTE             2,365           2,366         06         20                           L-5907 
X0CE    EQUIS CELESTE             2,271           2,272         32         20                           L-5908 
X0CE    EQUIS CELESTE             2,287           2,288         37         20                           L-5909 
X0CE    EQUIS CELESTE             2,339           2,340         06         20                           L-5910 
X0CE    EQUIS CELESTE             2,182           2,183         06         20                           L-5911 
X0CE    EQUIS CELESTE             2,050           2,051         32         20                           L-5912 
X0CE    EQUIS CELESTE             2,163           2,164         37         20                           L-5913 
X0CE    EQUIS CELESTE             2,293           2,294         37         20                           L-5914 
X0CE    EQUIS CELESTE             2,128           2,129         32         20                           L-5915 
X0CE    EQUIS CELESTE             2,257           2,258         32         20                           L-5916 
X0CE    EQUIS CELESTE             2,327           2,328         32         20                           L-5917 
X0CE    EQUIS CELESTE             2,189           2,190         32         20                           L-5918 
X0CE    EQUIS CELESTE             2,359           2,360         37         20                           L-5919 
X0CE    EQUIS CELESTE             2,203           2,204         37         20                           L-5920 


------------------------------------------------------------------------------------------------------------------------
T.SUB-LOTES              TOT.PAQUETES =45      TOT.UNID. = 900   T/P NETO (kg) = 99,947      T/P BRUTO (kg) = 99,992
------------------------------------------------------------------------------------------------------------------------
