
EMPRESA NACIONAL DE MINERIA (ENM) PRODUCTOR          PACKING LIST                             PAG.  :   1
NATIONAL MINING COMPANY                       CODIGO DE LOTE   : I-15063                      FECHA :14/10/2020
                                              -----------------------------
FLUJO        : 
DESCRIPCION  : CATODOS GRADO A
N° INSTR. DE EMBARQUE : 26269
CLIENTE      : JOGELA
Lote Sipa    : 20090540

----------------------------------------------------------------------------------------------------------------------------- 
MARCA       DESCRIPCION         PESO NETO      PESO BRUTO     GRUPO     UNIDADES       UBICACION         SERIE                
-----------------------------------------------------------------------------------------------------------------------------

V0AM    V AMARILLA                2,351           2,352         17         20                           I-15063
V0AM    V AMARILLA                2,080           2,081         17         20                           I-15064
V0AM    V AMARILLA                2,383           2,384         17         20                           I-15065
V0AM    V AMARILLA                2,346           2,347         17         20                           I-15066
V0AM    V AMARILLA                2,337           2,338         17         20                           I-15067
V0AM    V AMARILLA                2,408           2,409         17         20                           I-15068
V0AM    V AMARILLA                2,366           2,367         12         20                           I-15069
V0AM    V AMARILLA                2,350           2,351         12         20                           I-15070
V0AM    V AMARILLA                2,446           2,447         17         20                           I-15071
V0AM    V AMARILLA                2,303           2,304         12         20                           I-15072
V0AM    V AMARILLA                2,499           2,500         12         20                           I-15073
V0AM    V AMARILLA                2,535           2,536         17         20                           I-15074
V0AM    V AMARILLA                2,518           2,519         17         20                           I-15075
V0AM    V AMARILLA                2,392           2,393         17         20                           I-15076
V0AM    V AMARILLA                2,266           2,267         12         20                           I-15077
V0AM    V AMARILLA                2,436           2,437         12         20                           I-15078
V0AM    V AMARILLA                2,494           2,495         17         20                           I-15079
V0AM    V AMARILLA                2,249           2,250         17         20                           I-15080
V0AM    V AMARILLA                2,486           2,487         17         20                           I-15081
V0AM    V AMARILLA                2,488           2,489         17         20                           I-15082
V0AM    V AMARILLA                2,508           2,509         17         20                           I-15083
V0AM    V AMARILLA                2,367           2,368         12         20                           I-15084
V0AM    V AMARILLA                2,471           2,472         17         20                           I-15085
V0AM    V AMARILLA                2,484           2,485         17         20                           I-15086
V0AM    V AMARILLA                2,488           2,489         17         20                           I-15087
V0AM    V AMARILLA                2,237           2,238         17         20                           I-15088
V0AM    V AMARILLA                2,556           2,557         17         20                           I-15089
V0AM    V AMARILLA                2,267           2,268         17         20                           I-15090
V0AM    V AMARILLA                2,457           2,458         17         20                           I-15091
V0AM    V AMARILLA                2,269           2,270         12         20                           I-15092
V0AM    V AMARILLA                2,510           2,511         17         20                           I-15093
V0AM    V AMARILLA                2,148           2,149         12         20                           I-15094
V0AM    V AMARILLA                2,538           2,539         17         20                           I-15095
V0AM    V AMARILLA                2,325           2,326         12         20                           I-15096
V0AM    V AMARILLA                2,346           2,347         12         20                           I-15097
V0AM    V AMARILLA                2,297           2,298         12         20                           I-15098
V0AM    V AMARILLA                2,024           2,025         17         20                           I-15099
V0AM    V AMARILLA                2,484           2,485         17         20                           I-15100
V0AM    V AMARILLA                2,530           2,531         17         20                           I-15101
V0AM    V AMARILLA                2,484           2,485         17         20                           I-15102
V0AM    V AMARILLA                2,252           2,253         17         20                           I-15103
V0AM    V AMARILLA                2,520           2,521         17         20                           I-15104
V0AM    V AMARILLA                2,297           2,298         12         20                           I-15105
V0AM    V AMARILLA                2,224           2,225         12         20                           I-15106
V0AM    V AMARILLA                2,316           2,317         12         20                           I-15107









EMPRESA NACIONAL DE MINERIA (ENM) PRODUCTOR          PACKING LIST                             PAG.  :   2
NATIONAL MINING COMPANY                       CODIGO DE LOTE   : I-15063                      FECHA :14/10/2020
                                              -----------------------------
FLUJO        : 
DESCRIPCION  : CATODOS GRADO A
N° INSTR. DE EMBARQUE : 26269
CLIENTE      : JOGELA
Lote Sipa    : 20090540

----------------------------------------------------------------------------------------------------------------------------- 
MARCA       DESCRIPCION         PESO NETO      PESO BRUTO     GRUPO     UNIDADES       UBICACION         SERIE                
-----------------------------------------------------------------------------------------------------------------------------

V0AM    V AMARILLA                2,047           2,048         17         20                           I-15108
V0AM    V AMARILLA                2,257           2,258         12         20                           I-15109
V0AM    V AMARILLA                2,558           2,559         17         20                           I-15110
V0AM    V AMARILLA                2,247           2,248         17         20                           I-15111
V0AM    V AMARILLA                2,457           2,458         12         20                           I-15112
V0AM    V AMARILLA                2,242           2,243         17         20                           I-15113
V0AM    V AMARILLA                2,470           2,471         17         20                           I-15114
V0AM    V AMARILLA                2,092           2,093         17         20                           I-15115
V0AM    V AMARILLA                2,282           2,283         12         20                           I-15116
V0AM    V AMARILLA                2,291           2,292         12         20                           I-15117
V0AM    V AMARILLA                2,243           2,244         17         20                           I-15118
V0AM    V AMARILLA                2,385           2,386         04         20                           I-15119
V0AM    V AMARILLA                2,277           2,278         17         20                           I-15120
V0AM    V AMARILLA                2,458           2,459         17         20                           I-15121
V0AM    V AMARILLA                2,367           2,368         17         20                           I-15122
V0AM    V AMARILLA                2,423           2,424         36         20                           I-15123
V0AM    V AMARILLA                2,389           2,390         36         20                           I-15124
V0AM    V AMARILLA                2,253           2,254         36         20                           I-15125
V0AM    V AMARILLA                2,197           2,198         36         20                           I-15126
V0AM    V AMARILLA                2,229           2,230         36         20                           I-15127
V0AM    V AMARILLA                2,517           2,518         05         20                           I-15128
V0AM    V AMARILLA                2,330           2,331         43         20                           I-15129
V0AM    V AMARILLA                2,489           2,490         05         20                           I-15130
V0AM    V AMARILLA                2,362           2,363         43         20                           I-15131
V0AM    V AMARILLA                2,458           2,459         43         20                           I-15132
V0AM    V AMARILLA                2,514           2,515         05         20                           I-15133
V0AM    V AMARILLA                2,533           2,534         05         20                           I-15134
V0AM    V AMARILLA                2,461           2,462         43         20                           I-15135
V0AM    V AMARILLA                2,499           2,500         43         20                           I-15136
V0AM    V AMARILLA                2,528           2,529         05         20                           I-15137
V0AM    V AMARILLA                2,268           2,269         43         20                           I-15138
V0AM    V AMARILLA                2,527           2,528         43         20                           I-15139
V0AM    V AMARILLA                2,312           2,313         43         20                           I-15140
V0AM    V AMARILLA                2,521           2,522         43         20                           I-15141
V0AM    V AMARILLA                2,497           2,498         15         20                           I-15142
V0AM    V AMARILLA                2,467           2,468         05         20                           I-15143
V0AM    V AMARILLA                2,429           2,430         05         20                           I-15144
V0AM    V AMARILLA                2,474           2,475         15         20                           I-15145
V0AM    V AMARILLA                2,505           2,506         05         20                           I-15146


------------------------------------------------------------------------------------------------------------------------
T.SUB-LOTES              TOT.PAQUETES =84      TOT.UNID. = 1680   T/P NETO (kg) = 199,987      T/P BRUTO (kg) = 200,071
------------------------------------------------------------------------------------------------------------------------
