
EMPRESA NACIONAL DE MINERIA (ENM) PRODUCTOR          PACKING LIST                             PAG.  :   1
NATIONAL MINING COMPANY                       CODIGO DE LOTE   : L-9255                      FECHA :21/11/2018
                                              -----------------------------
FLUJO        : 
DESCRIPCION  : CATODOS GRADO A
N° INSTR. DE EMBARQUE : 24887
CLIENTE      : NORDIC MACAU
Lote Sipa    : 18110321

----------------------------------------------------------------------------------------------------------------------------- 
MARCA       DESCRIPCION         PESO NETO      PESO BRUTO     GRUPO     UNIDADES       UBICACION         SERIE                
-----------------------------------------------------------------------------------------------------------------------------

V0CE    V CELESTE                 2,288           2,289         22         20                           L-9255 
V0CE    V CELESTE                 2,284           2,285         26         20                           L-9256 
V0CE    V CELESTE                 2,594           2,595         16         20                           L-9257 
V0CE    V CELESTE                 2,259           2,260         16         20                           L-9258 
V0CE    V CELESTE                 2,285           2,286         22         20                           L-9259 
V0CE    V CELESTE                 2,485           2,486         22         20                           L-9260 
V0CE    V CELESTE                 2,597           2,598         22         20                           L-9261 
V0CE    V CELESTE                 2,354           2,355         26         20                           L-9262 
V0CE    V CELESTE                 2,307           2,308         26         20                           L-9263 
V0CE    V CELESTE                 2,588           2,589         26         20                           L-9264 
V0CE    V CELESTE                 2,493           2,494         26         20                           L-9265 
V0CE    V CELESTE                 2,576           2,577         22         20                           L-9266 
V0CE    V CELESTE                 2,307           2,308         22         20                           L-9267 
V0CE    V CELESTE                 2,356           2,357         22         20                           L-9268 
V0CE    V CELESTE                 2,406           2,407         22         20                           L-9269 
V0CE    V CELESTE                 2,460           2,461         48         20                           L-9270 
V0CE    V CELESTE                 2,607           2,608         16         20                           L-9271 
V0CE    V CELESTE                 2,385           2,386         22         20                           L-9272 
V0CE    V CELESTE                 2,366           2,367         26         20                           L-9273 
V0CE    V CELESTE                 2,614           2,615         16         20                           L-9274 
V0CE    V CELESTE                 2,413           2,414         26         20                           L-9275 
V0CE    V CELESTE                 2,305           2,306         26         20                           L-9276 
V0CE    V CELESTE                 2,622           2,623         16         20                           L-9277 
V0CE    V CELESTE                 2,282           2,283         26         20                           L-9278 
V0CE    V CELESTE                 2,593           2,594         16         20                           L-9279 
V0CE    V CELESTE                 1,998           1,999         26         20                           L-9280 
V0CE    V CELESTE                 2,428           2,429         16         20                           L-9281 
V0CE    V CELESTE                 2,629           2,630         16         20                           L-9282 
V0CE    V CELESTE                 2,291           2,292         16         20                           L-9283 
V0CE    V CELESTE                 2,629           2,630         16         20                           L-9284 
V0CE    V CELESTE                 2,418           2,419         26         20                           L-9285 
V0CE    V CELESTE                 2,610           2,611         26         20                           L-9286 
V0CE    V CELESTE                 2,484           2,485         14         20                           L-9287 
V0CE    V CELESTE                 2,545           2,546         14         20                           L-9288 
V0CE    V CELESTE                 2,532           2,533         14         20                           L-9289 
V0CE    V CELESTE                 2,653           2,654         14         20                           L-9290 
V0CE    V CELESTE                 2,430           2,431         22         20                           L-9291 
V0CE    V CELESTE                 2,407           2,408         22         20                           L-9292 
V0CE    V CELESTE                 2,344           2,345         26         20                           L-9293 
V0CE    V CELESTE                 2,188           2,189         26         20                           L-9294 
V0CE    V CELESTE                 2,513           2,514         26         20                           L-9295 


------------------------------------------------------------------------------------------------------------------------
T.SUB-LOTES              TOT.PAQUETES =41      TOT.UNID. = 820   T/P NETO (kg) = 99,925      T/P BRUTO (kg) = 99,966
------------------------------------------------------------------------------------------------------------------------
