
EMPRESA NACIONAL DE MINERIA (ENM) PRODUCTOR          PACKING LIST                             PAG.  :   1
NATIONAL MINING COMPANY                       CODIGO DE LOTE   : J-6877                      FECHA :17/10/2019
                                              -----------------------------
FLUJO        : 
DESCRIPCION  : CATODOS GRADO A
N° INSTR. DE EMBARQUE : 25561
CLIENTE      : SAN ANTONIO EXPRESS
Lote Sipa    : 

----------------------------------------------------------------------------------------------------------------------------- 
MARCA       DESCRIPCION         PESO NETO      PESO BRUTO     GRUPO     UNIDADES       UBICACION         SERIE                
-----------------------------------------------------------------------------------------------------------------------------

01NA    FRANJA NARANJA            2,188           2,189         12         20                           J-6877 
01NA    FRANJA NARANJA            2,166           2,167         12         20                           J-6878 
01NA    FRANJA NARANJA            2,179           2,180         12         20                           J-6879 
01NA    FRANJA NARANJA            2,164           2,165         04         20                           J-6880 
01NA    FRANJA NARANJA            2,212           2,213         04         20                           J-6881 
01NA    FRANJA NARANJA            2,027           2,028         04         20                           J-6882 
01NA    FRANJA NARANJA            2,002           2,003         25         20                           J-6883 
01NA    FRANJA NARANJA            2,208           2,209         04         20                           J-6884 
01NA    FRANJA NARANJA            2,068           2,069         04         20                           J-6885 
01NA    FRANJA NARANJA            2,132           2,133         04         20                           J-6886 
01NA    FRANJA NARANJA            2,105           2,106         04         20                           J-6887 
01NA    FRANJA NARANJA            2,173           2,174         04         20                           J-6888 
01NA    FRANJA NARANJA            2,251           2,252         04         20                           J-6889 
01NA    FRANJA NARANJA            2,067           2,068         25         20                           J-6890 
01NA    FRANJA NARANJA            1,997           1,998         25         20                           J-6891 
01NA    FRANJA NARANJA            2,265           2,266         04         20                           J-6892 
01NA    FRANJA NARANJA            2,168           2,169         25         20                           J-6893 
01NA    FRANJA NARANJA            2,229           2,230         47         20                           J-6894 
01NA    FRANJA NARANJA            2,091           2,092         25         20                           J-6895 
01NA    FRANJA NARANJA            2,266           2,267         25         20                           J-6896 
01NA    FRANJA NARANJA            2,022           2,023         25         20                           J-6897 
01NA    FRANJA NARANJA            2,232           2,233         25         20                           J-6898 
01NA    FRANJA NARANJA            2,281           2,282         25         20                           J-6899 
01NA    FRANJA NARANJA            2,229           2,230         04         20                           J-6900 
01NA    FRANJA NARANJA            2,173           2,174         25         20                           J-6901 
01NA    FRANJA NARANJA            2,075           2,076         25         20                           J-6902 
01NA    FRANJA NARANJA            2,097           2,098         25         20                           J-6903 
01NA    FRANJA NARANJA            2,302           2,303         04         20                           J-6904 
01NA    FRANJA NARANJA            2,143           2,144         25         20                           J-6905 
01NA    FRANJA NARANJA            2,247           2,248         04         20                           J-6906 
01NA    FRANJA NARANJA            2,312           2,313         25         20                           J-6907 
01NA    FRANJA NARANJA            2,208           2,209         04         20                           J-6908 
01NA    FRANJA NARANJA            2,220           2,221         04         20                           J-6909 
01NA    FRANJA NARANJA            2,075           2,076         25         20                           J-6910 
01NA    FRANJA NARANJA            2,151           2,152         25         20                           J-6911 
01NA    FRANJA NARANJA            2,286           2,287         04         20                           J-6912 
01NA    FRANJA NARANJA            2,236           2,237         04         20                           J-6913 
01NA    FRANJA NARANJA            2,204           2,205         47         20                           J-6914 
01NA    FRANJA NARANJA            2,163           2,164         47         20                           J-6915 
01NA    FRANJA NARANJA            2,139           2,140         25         20                           J-6916 
01NA    FRANJA NARANJA            2,288           2,289         25         20                           J-6917 
01NA    FRANJA NARANJA            2,273           2,274         43         20                           J-6918 
01NA    FRANJA NARANJA            2,276           2,277         43         20                           J-6919 
01NA    FRANJA NARANJA            2,205           2,206         25         20                           J-6920 
01NA    FRANJA NARANJA            2,302           2,303         25         20                           J-6921 









EMPRESA NACIONAL DE MINERIA (ENM) PRODUCTOR          PACKING LIST                             PAG.  :   2
NATIONAL MINING COMPANY                       CODIGO DE LOTE   : J-6877                      FECHA :17/10/2019
                                              -----------------------------
FLUJO        : 
DESCRIPCION  : CATODOS GRADO A
N° INSTR. DE EMBARQUE : 25561
CLIENTE      : SAN ANTONIO EXPRESS
Lote Sipa    : 

----------------------------------------------------------------------------------------------------------------------------- 
MARCA       DESCRIPCION         PESO NETO      PESO BRUTO     GRUPO     UNIDADES       UBICACION         SERIE                
-----------------------------------------------------------------------------------------------------------------------------

01NA    FRANJA NARANJA            2,239           2,240         25         20                           J-6922 
01NA    FRANJA NARANJA            2,190           2,191         25         20                           J-6923 
01NA    FRANJA NARANJA            2,118           2,119         25         20                           J-6924 
01NA    FRANJA NARANJA            2,280           2,281         25         20                           J-6925 
01NA    FRANJA NARANJA            2,293           2,294         04         20                           J-6926 
01NA    FRANJA NARANJA            2,194           2,195         04         20                           J-6927 
01NA    FRANJA NARANJA            2,243           2,244         25         20                           J-6928 
01NA    FRANJA NARANJA            2,184           2,185         25         20                           J-6929 
01NA    FRANJA NARANJA            2,165           2,166         25         20                           J-6930 
01NA    FRANJA NARANJA            2,041           2,042         25         20                           J-6931 
01NA    FRANJA NARANJA            2,123           2,124         25         20                           J-6932 
01NA    FRANJA NARANJA            2,249           2,250         25         20                           J-6933 
01NA    FRANJA NARANJA            2,102           2,103         25         20                           J-6934 
01NA    FRANJA NARANJA            2,168           2,169         25         20                           J-6935 
01NA    FRANJA NARANJA            1,954           1,955         25         20                           J-6936 
01NA    FRANJA NARANJA            2,294           2,295         15         20                           J-6937 
01NA    FRANJA NARANJA            2,188           2,189         15         20                           J-6938 
01NA    FRANJA NARANJA            2,152           2,153         25         20                           J-6939 
01NA    FRANJA NARANJA            2,248           2,249         15         20                           J-6940 
01NA    FRANJA NARANJA            2,226           2,227         15         20                           J-6941 
01NA    FRANJA NARANJA            2,249           2,250         15         20                           J-6942 
01NA    FRANJA NARANJA            2,112           2,113         15         20                           J-6943 
01NA    FRANJA NARANJA            2,250           2,251         43         20                           J-6944 
01NA    FRANJA NARANJA            2,246           2,247         43         20                           J-6945 
01NA    FRANJA NARANJA            2,188           2,189         43         20                           J-6946 
01NA    FRANJA NARANJA            2,163           2,164         43         20                           J-6947 
01NA    FRANJA NARANJA            2,018           2,019         43         20                           J-6948 
01NA    FRANJA NARANJA            2,292           2,293         25         20                           J-6949 
01NA    FRANJA NARANJA            2,278           2,279         25         20                           J-6950 
01NA    FRANJA NARANJA            2,231           2,232         25         20                           J-6951 
01NA    FRANJA NARANJA            2,303           2,304         25         20                           J-6952 
01NA    FRANJA NARANJA            2,220           2,221         25         20                           J-6953 
01NA    FRANJA NARANJA            2,286           2,287         41         20                           J-6954 
01NA    FRANJA NARANJA            2,291           2,292         25         20                           J-6955 
01NA    FRANJA NARANJA            2,332           2,333         25         20                           J-6956 
01NA    FRANJA NARANJA            2,265           2,266         25         20                           J-6957 
01NA    FRANJA NARANJA            2,210           2,211         41         20                           J-6958 
01NA    FRANJA NARANJA            2,343           2,344         41         20                           J-6959 
01NA    FRANJA NARANJA            2,288           2,289         41         20                           J-6960 
01NA    FRANJA NARANJA            2,282           2,283         41         20                           J-6961 
01NA    FRANJA NARANJA            2,258           2,259         41         20                           J-6962 
01NA    FRANJA NARANJA            2,041           2,042         25         20                           J-6963 
01NA    FRANJA NARANJA            1,918           1,919         15         20                           J-6964 
01NA    FRANJA NARANJA            2,222           2,223         15         20                           J-6965 
01NA    FRANJA NARANJA            2,245           2,246         41         20                           J-6966 









EMPRESA NACIONAL DE MINERIA (ENM) PRODUCTOR          PACKING LIST                             PAG.  :   3
NATIONAL MINING COMPANY                       CODIGO DE LOTE   : J-6877                      FECHA :17/10/2019
                                              -----------------------------
FLUJO        : 
DESCRIPCION  : CATODOS GRADO A
N° INSTR. DE EMBARQUE : 25561
CLIENTE      : SAN ANTONIO EXPRESS
Lote Sipa    : 

----------------------------------------------------------------------------------------------------------------------------- 
MARCA       DESCRIPCION         PESO NETO      PESO BRUTO     GRUPO     UNIDADES       UBICACION         SERIE                
-----------------------------------------------------------------------------------------------------------------------------

01NA    FRANJA NARANJA            1,995           1,996         45         20                           J-6967 
01NA    FRANJA NARANJA            2,253           2,254         11         20                           J-6968 
01NA    FRANJA NARANJA            1,948           1,949         25         20                           J-6969 
01NA    FRANJA NARANJA            2,275           2,276         12         20                           J-6970 
01NA    FRANJA NARANJA            2,245           2,246         41         20                           J-6971 
01NA    FRANJA NARANJA            2,207           2,208         41         20                           J-6972 
01NA    FRANJA NARANJA            2,216           2,217         25         20                           J-6973 
01NA    FRANJA NARANJA            2,268           2,269         25         20                           J-6974 
01NA    FRANJA NARANJA            2,206           2,207         25         20                           J-6975 
01NA    FRANJA NARANJA            2,247           2,248         25         20                           J-6976 
01NA    FRANJA NARANJA            1,916           1,917         25         20                           J-6977 
01NA    FRANJA NARANJA            2,220           2,221         25         20                           J-6978 
01NA    FRANJA NARANJA            2,244           2,245         25         20                           J-6979 
01NA    FRANJA NARANJA            1,978           1,979         17         20                           J-6980 
01NA    FRANJA NARANJA            1,935           1,936         04         20                           J-6981 
01NA    FRANJA NARANJA            1,913           1,914         12         20                           J-6982 
01NA    FRANJA NARANJA            1,925           1,926         12         20                           J-6983 
01NA    FRANJA NARANJA            2,222           2,223         25         20                           J-6984 
01NA    FRANJA NARANJA            1,976           1,977         17         20                           J-6985 
01NA    FRANJA NARANJA            2,305           2,306         25         20                           J-6986 
01NA    FRANJA NARANJA            1,942           1,943         17         20                           J-6987 
01NA    FRANJA NARANJA            2,264           2,265         25         20                           J-6988 
01NA    FRANJA NARANJA            2,211           2,212         25         20                           J-6989 
01NA    FRANJA NARANJA            2,195           2,196         25         20                           J-6990 
01NA    FRANJA NARANJA            2,003           2,004         46         20                           J-6991 
01NA    FRANJA NARANJA            2,238           2,239         25         20                           J-6992 
01NA    FRANJA NARANJA            2,252           2,253         17         20                           J-6993 
01NA    FRANJA NARANJA            1,920           1,921         17         20                           J-6994 
01NA    FRANJA NARANJA            2,246           2,247         17         20                           J-6995 
01NA    FRANJA NARANJA            1,958           1,959         17         20                           J-6996 
01NA    FRANJA NARANJA            2,038           2,039         17         20                           J-6997 
01NA    FRANJA NARANJA            1,915           1,916         17         20                           J-6998 
01NA    FRANJA NARANJA            2,272           2,273         26         20                           J-6999 
01NA    FRANJA NARANJA            2,232           2,233         26         20                           J-7000 
01NA    FRANJA NARANJA            1,966           1,967         17         20                           J-7001 
01NA    FRANJA NARANJA            1,968           1,969         17         20                           J-7002 
01NA    FRANJA NARANJA            2,207           2,208         26         20                           J-7003 
01NA    FRANJA NARANJA            2,193           2,194         26         20                           J-7004 
01NA    FRANJA NARANJA            2,016           2,017         17         20                           J-7005 
01NA    FRANJA NARANJA            2,069           2,070         17         20                           J-7006 
01NA    FRANJA NARANJA            2,106           2,107         26         20                           J-7007 
01NA    FRANJA NARANJA            2,290           2,291         26         20                           J-7008 
01NA    FRANJA NARANJA            2,076           2,077         39         20                           J-7009 
01NA    FRANJA NARANJA            2,115           2,116         39         20                           J-7010 
01NA    FRANJA NARANJA            2,038           2,039         39         20                           J-7011 









EMPRESA NACIONAL DE MINERIA (ENM) PRODUCTOR          PACKING LIST                             PAG.  :   4
NATIONAL MINING COMPANY                       CODIGO DE LOTE   : J-6877                      FECHA :17/10/2019
                                              -----------------------------
FLUJO        : 
DESCRIPCION  : CATODOS GRADO A
N° INSTR. DE EMBARQUE : 25561
CLIENTE      : SAN ANTONIO EXPRESS
Lote Sipa    : 

----------------------------------------------------------------------------------------------------------------------------- 
MARCA       DESCRIPCION         PESO NETO      PESO BRUTO     GRUPO     UNIDADES       UBICACION         SERIE                
-----------------------------------------------------------------------------------------------------------------------------

01NA    FRANJA NARANJA            2,103           2,104         39         20                           J-7012 
01NA    FRANJA NARANJA            2,041           2,042         39         20                           J-7013 
01NA    FRANJA NARANJA            2,121           2,122         39         20                           J-7014 
01NA    FRANJA NARANJA            2,066           2,067         39         20                           J-7015 
01NA    FRANJA NARANJA            1,992           1,993         39         20                           J-7016 
01NA    FRANJA NARANJA            2,037           2,038         39         20                           J-7017 
01NA    FRANJA NARANJA            1,961           1,962         39         20                           J-7018 
01NA    FRANJA NARANJA            2,117           2,118         39         20                           J-7019 
01NA    FRANJA NARANJA            2,045           2,046         39         20                           J-7020 
01NA    FRANJA NARANJA            2,101           2,102         39         20                           J-7021 
01NA    FRANJA NARANJA            2,095           2,096         39         20                           J-7022 
01NA    FRANJA NARANJA            2,002           2,003         39         20                           J-7023 
01NA    FRANJA NARANJA            2,051           2,052         39         20                           J-7024 
01NA    FRANJA NARANJA            2,175           2,176         39         20                           J-7025 
01NA    FRANJA NARANJA            2,105           2,106         39         20                           J-7026 
01NA    FRANJA NARANJA            2,161           2,162         39         20                           J-7027 
01NA    FRANJA NARANJA            2,222           2,223         39         20                           J-7028 
01NA    FRANJA NARANJA            2,159           2,160         39         20                           J-7029 
01NA    FRANJA NARANJA            2,132           2,133         39         20                           J-7030 
01NA    FRANJA NARANJA            2,003           2,004         39         20                           J-7031 
01NA    FRANJA NARANJA            2,006           2,007         39         20                           J-7032 
01NA    FRANJA NARANJA            2,186           2,187         39         20                           J-7033 
01NA    FRANJA NARANJA            1,908           1,909         39         20                           J-7034 
01NA    FRANJA NARANJA            2,324           2,325         39         20                           J-7035 
01NA    FRANJA NARANJA            2,392           2,393         39         20                           J-7036 
01NA    FRANJA NARANJA            2,285           2,286         43         20                           J-7037 
01NA    FRANJA NARANJA            2,286           2,287         15         20                           J-7038 


------------------------------------------------------------------------------------------------------------------------
T.SUB-LOTES              TOT.PAQUETES =162      TOT.UNID. = 3240   T/P NETO (kg) = 349,579      T/P BRUTO (kg) = 349,741
------------------------------------------------------------------------------------------------------------------------
