
EMPRESA NACIONAL DE MINERIA (ENM) PRODUCTOR          PACKING LIST                             PAG.  :   1
NATIONAL MINING COMPANY                       CODIGO DE LOTE   : G-9510                      FECHA :31/07/2020
                                              -----------------------------
FLUJO        : 
DESCRIPCION  : CATODOS GRADO A
N° INSTR. DE EMBARQUE : 26055
CLIENTE      : SIDNEY TRADER
Lote Sipa    : 20070248

----------------------------------------------------------------------------------------------------------------------------- 
MARCA       DESCRIPCION         PESO NETO      PESO BRUTO     GRUPO     UNIDADES       UBICACION         SERIE                
-----------------------------------------------------------------------------------------------------------------------------

01RJ    FRANJA ROJA               2,444           2,445         31         20                           G-9510 
01RJ    FRANJA ROJA               2,435           2,436         31         20                           G-9511 
01RJ    FRANJA ROJA               2,394           2,395         31         20                           G-9512 
01RJ    FRANJA ROJA               2,393           2,394         31         20                           G-9513 
01RJ    FRANJA ROJA               2,519           2,520         31         20                           G-9514 
01RJ    FRANJA ROJA               2,451           2,452         31         20                           G-9515 
01RJ    FRANJA ROJA               2,418           2,419         31         20                           G-9516 
01RJ    FRANJA ROJA               2,351           2,352         07         20                           G-9517 
01RJ    FRANJA ROJA               2,440           2,441         07         20                           G-9518 
01RJ    FRANJA ROJA               2,485           2,486         07         20                           G-9519 
01RJ    FRANJA ROJA               2,084           2,085         07         20                           G-9520 
01RJ    FRANJA ROJA               2,386           2,387         07         20                           G-9521 
01RJ    FRANJA ROJA               2,452           2,453         07         20                           G-9522 
01RJ    FRANJA ROJA               2,033           2,034         46         20                           G-9523 
01RJ    FRANJA ROJA               2,010           2,011         46         20                           G-9524 
01RJ    FRANJA ROJA               2,422           2,423         31         20                           G-9525 
01RJ    FRANJA ROJA               2,496           2,497         07         20                           G-9526 
01RJ    FRANJA ROJA               2,449           2,450         31         20                           G-9527 
01RJ    FRANJA ROJA               2,520           2,521         31         20                           G-9528 
01RJ    FRANJA ROJA               2,086           2,087         31         20                           G-9529 
01RJ    FRANJA ROJA               2,451           2,452         07         20                           G-9530 
01RJ    FRANJA ROJA               2,412           2,413         31         20                           G-9531 
01RJ    FRANJA ROJA               2,479           2,480         31         20                           G-9532 
01RJ    FRANJA ROJA               2,432           2,433         31         20                           G-9533 
01RJ    FRANJA ROJA               2,551           2,552         31         20                           G-9534 
01RJ    FRANJA ROJA               2,563           2,564         31         20                           G-9535 
01RJ    FRANJA ROJA               2,330           2,331         07         20                           G-9536 
01RJ    FRANJA ROJA               2,521           2,522         07         20                           G-9537 
01RJ    FRANJA ROJA               2,483           2,484         31         20                           G-9538 
01RJ    FRANJA ROJA               2,512           2,513         31         20                           G-9539 
01RJ    FRANJA ROJA               2,434           2,435         31         20                           G-9540 
01RJ    FRANJA ROJA               2,496           2,497         07         20                           G-9541 
01RJ    FRANJA ROJA               2,364           2,365         19         20                           G-9542 
01RJ    FRANJA ROJA               2,179           2,180         28         20                           G-9543 
01RJ    FRANJA ROJA               2,483           2,484         28         20                           G-9544 
01RJ    FRANJA ROJA               2,526           2,527         19         20                           G-9545 
01RJ    FRANJA ROJA               2,478           2,479         19         20                           G-9546 
01RJ    FRANJA ROJA               2,058           2,059         19         20                           G-9547 
01RJ    FRANJA ROJA               2,493           2,494         19         20                           G-9548 
01RJ    FRANJA ROJA               2,495           2,496         19         20                           G-9549 
01RJ    FRANJA ROJA               2,088           2,089         38         20                           G-9550 
01RJ    FRANJA ROJA               2,461           2,462         19         20                           G-9551 
01RJ    FRANJA ROJA               2,499           2,500         19         20                           G-9552 
01RJ    FRANJA ROJA               2,451           2,452         31         20                           G-9553 
01RJ    FRANJA ROJA               2,431           2,432         31         20                           G-9554 









EMPRESA NACIONAL DE MINERIA (ENM) PRODUCTOR          PACKING LIST                             PAG.  :   2
NATIONAL MINING COMPANY                       CODIGO DE LOTE   : G-9510                      FECHA :31/07/2020
                                              -----------------------------
FLUJO        : 
DESCRIPCION  : CATODOS GRADO A
N° INSTR. DE EMBARQUE : 26055
CLIENTE      : SIDNEY TRADER
Lote Sipa    : 20070248

----------------------------------------------------------------------------------------------------------------------------- 
MARCA       DESCRIPCION         PESO NETO      PESO BRUTO     GRUPO     UNIDADES       UBICACION         SERIE                
-----------------------------------------------------------------------------------------------------------------------------

01RJ    FRANJA ROJA               2,124           2,125         38         20                           G-9555 
01RJ    FRANJA ROJA               2,503           2,504         31         20                           G-9556 
01RJ    FRANJA ROJA               2,534           2,535         31         20                           G-9557 
01RJ    FRANJA ROJA               2,409           2,410         19         20                           G-9558 
01RJ    FRANJA ROJA               2,081           2,082         38         20                           G-9559 
01RJ    FRANJA ROJA               2,439           2,440         19         20                           G-9560 
01RJ    FRANJA ROJA               2,296           2,297         19         20                           G-9561 
01RJ    FRANJA ROJA               2,286           2,287         31         20                           G-9562 
01RJ    FRANJA ROJA               2,197           2,198         31         20                           G-9563 
01RJ    FRANJA ROJA               2,212           2,213         31         20                           G-9564 
01RJ    FRANJA ROJA               2,371           2,372         31         20                           G-9565 
01RJ    FRANJA ROJA               2,333           2,334         31         20                           G-9566 
01RJ    FRANJA ROJA               2,205           2,206         07         20                           G-9567 
01RJ    FRANJA ROJA               2,048           2,049         07         20                           G-9568 
01RJ    FRANJA ROJA               2,417           2,418         19         20                           G-9569 
01RJ    FRANJA ROJA               2,407           2,408         19         20                           G-9570 
01RJ    FRANJA ROJA               2,472           2,473         19         20                           G-9571 
01RJ    FRANJA ROJA               2,444           2,445         19         20                           G-9572 
01RJ    FRANJA ROJA               2,550           2,551         46         20                           G-9573 
01RJ    FRANJA ROJA               2,466           2,467         46         20                           G-9574 
01RJ    FRANJA ROJA               2,486           2,487         31         20                           G-9575 
01RJ    FRANJA ROJA               2,176           2,177         38         20                           G-9576 
01RJ    FRANJA ROJA               2,467           2,468         46         20                           G-9577 
01RJ    FRANJA ROJA               2,331           2,332         07         20                           G-9578 
01RJ    FRANJA ROJA               2,564           2,565         31         20                           G-9579 
01RJ    FRANJA ROJA               2,249           2,250         38         20                           G-9580 
01RJ    FRANJA ROJA               2,200           2,201         38         20                           G-9581 
01RJ    FRANJA ROJA               2,207           2,208         38         20                           G-9582 
01RJ    FRANJA ROJA               2,237           2,238         38         20                           G-9583 
01RJ    FRANJA ROJA               2,415           2,416         38         20                           G-9584 
01RJ    FRANJA ROJA               2,431           2,432         38         20                           G-9585 
01RJ    FRANJA ROJA               2,463           2,464         07         20                           G-9586 
01RJ    FRANJA ROJA               2,489           2,490         31         20                           G-9587 
01RJ    FRANJA ROJA               2,462           2,463         07         20                           G-9588 
01RJ    FRANJA ROJA               2,186           2,187         31         20                           G-9589 
01RJ    FRANJA ROJA               2,118           2,119         38         20                           G-9590 
01RJ    FRANJA ROJA               2,346           2,347         19         20                           G-9591 
01RJ    FRANJA ROJA               2,439           2,440         07         20                           G-9592 
01RJ    FRANJA ROJA               2,088           2,089         31         20                           G-9593 
01RJ    FRANJA ROJA               2,321           2,322         28         20                           G-9594 
01RJ    FRANJA ROJA               2,469           2,470         19         20                           G-9595 
01RJ    FRANJA ROJA               2,410           2,411         31         20                           G-9596 
01RJ    FRANJA ROJA               2,445           2,446         31         20                           G-9597 
01RJ    FRANJA ROJA               2,457           2,458         07         20                           G-9598 
01RJ    FRANJA ROJA               2,152           2,153         07         20                           G-9599 









EMPRESA NACIONAL DE MINERIA (ENM) PRODUCTOR          PACKING LIST                             PAG.  :   3
NATIONAL MINING COMPANY                       CODIGO DE LOTE   : G-9510                      FECHA :31/07/2020
                                              -----------------------------
FLUJO        : 
DESCRIPCION  : CATODOS GRADO A
N° INSTR. DE EMBARQUE : 26055
CLIENTE      : SIDNEY TRADER
Lote Sipa    : 20070248

----------------------------------------------------------------------------------------------------------------------------- 
MARCA       DESCRIPCION         PESO NETO      PESO BRUTO     GRUPO     UNIDADES       UBICACION         SERIE                
-----------------------------------------------------------------------------------------------------------------------------

01RJ    FRANJA ROJA               2,145           2,146         07         20                           G-9600 
01RJ    FRANJA ROJA               2,230           2,231         46         20                           G-9601 
01RJ    FRANJA ROJA               2,363           2,364         38         20                           G-9602 
01RJ    FRANJA ROJA               2,425           2,426         38         20                           G-9603 
01RJ    FRANJA ROJA               2,084           2,085         13         20                           G-9604 
01RJ    FRANJA ROJA               2,368           2,369         13         20                           G-9605 
01RJ    FRANJA ROJA               2,431           2,432         07         20                           G-9606 
01RJ    FRANJA ROJA               2,319           2,320         13         20                           G-9607 
01RJ    FRANJA ROJA               1,973           1,974         13         20                           G-9608 
01RJ    FRANJA ROJA               2,311           2,312         13         20                           G-9609 
01RJ    FRANJA ROJA               2,439           2,440         19         20                           G-9610 
01RJ    FRANJA ROJA               2,435           2,436         38         20                           G-9611 
01RJ    FRANJA ROJA               2,101           2,102         31         20                           G-9612 
01RJ    FRANJA ROJA               2,210           2,211         31         20                           G-9613 
01RJ    FRANJA ROJA               2,134           2,135         31         20                           G-9614 
01RJ    FRANJA ROJA               2,353           2,354         07         20                           G-9615 
01RJ    FRANJA ROJA               2,459           2,460         31         20                           G-9616 
01RJ    FRANJA ROJA               2,412           2,413         31         20                           G-9617 
01RJ    FRANJA ROJA               2,160           2,161         31         20                           G-9618 
01RJ    FRANJA ROJA               2,563           2,564         13         20                           G-9619 
01RJ    FRANJA ROJA               2,535           2,536         13         20                           G-9620 
01RJ    FRANJA ROJA               2,560           2,561         13         20                           G-9621 
01RJ    FRANJA ROJA               2,536           2,537         31         20                           G-9622 
01RJ    FRANJA ROJA               2,544           2,545         38         20                           G-9623 
01RJ    FRANJA ROJA               2,464           2,465         31         20                           G-9624 
01RJ    FRANJA ROJA               2,431           2,432         19         20                           G-9625 
01RJ    FRANJA ROJA               2,424           2,425         31         20                           G-9626 
01RJ    FRANJA ROJA               2,242           2,243         31         20                           G-9627 
01RJ    FRANJA ROJA               2,253           2,254         07         20                           G-9628 
01RJ    FRANJA ROJA               2,286           2,287         07         20                           G-9629 
01RJ    FRANJA ROJA               2,330           2,331         07         20                           G-9630 
01RJ    FRANJA ROJA               2,052           2,053         07         20                           G-9631 
01RJ    FRANJA ROJA               2,397           2,398         07         20                           G-9632 
01RJ    FRANJA ROJA               2,408           2,409         19         20                           G-9633 
01RJ    FRANJA ROJA               2,437           2,438         19         20                           G-9634 
01RJ    FRANJA ROJA               2,409           2,410         07         20                           G-9635 
01RJ    FRANJA ROJA               2,351           2,352         19         20                           G-9636 


------------------------------------------------------------------------------------------------------------------------
T.SUB-LOTES              TOT.PAQUETES =127      TOT.UNID. = 2540   T/P NETO (kg) = 299,914      T/P BRUTO (kg) = 300,041
------------------------------------------------------------------------------------------------------------------------
