
EMPRESA NACIONAL DE MINERIA (ENM) PRODUCTOR          PACKING LIST                             PAG.  :   1
NATIONAL MINING COMPANY                       CODIGO DE LOTE   : M-8996                      FECHA :26/12/2019
                                              -----------------------------
FLUJO        : 
DESCRIPCION  : CATODOS GRADO A
N° INSTR. DE EMBARQUE : 25681
CLIENTE      : CITY OF ALEXANDRIA
Lote Sipa    : 

----------------------------------------------------------------------------------------------------------------------------- 
MARCA       DESCRIPCION         PESO NETO      PESO BRUTO     GRUPO     UNIDADES       UBICACION         SERIE                
-----------------------------------------------------------------------------------------------------------------------------

01NA    FRANJA NARANJA            2,284           2,285         45         20                           M-8996 
01NA    FRANJA NARANJA            2,438           2,439         29         20                           M-8997 
01NA    FRANJA NARANJA            2,317           2,318         29         20                           M-8998 
01NA    FRANJA NARANJA            2,318           2,319         29         20                           M-8999 
01NA    FRANJA NARANJA            2,351           2,352         29         20                           M-9000 
01NA    FRANJA NARANJA            2,244           2,245         45         20                           M-9001 
01NA    FRANJA NARANJA            2,131           2,132         29         20                           M-9002 
01NA    FRANJA NARANJA            2,277           2,278         45         20                           M-9003 
01NA    FRANJA NARANJA            2,305           2,306         45         20                           M-9004 
01NA    FRANJA NARANJA            2,287           2,288         45         20                           M-9005 
01NA    FRANJA NARANJA            2,198           2,199         45         20                           M-9006 
01NA    FRANJA NARANJA            2,231           2,232         45         20                           M-9007 
01NA    FRANJA NARANJA            2,278           2,279         45         20                           M-9008 
01NA    FRANJA NARANJA            2,361           2,362         45         20                           M-9009 
01NA    FRANJA NARANJA            2,209           2,210         45         20                           M-9010 
01NA    FRANJA NARANJA            2,319           2,320         45         20                           M-9011 
01NA    FRANJA NARANJA            2,297           2,298         45         20                           M-9012 
01NA    FRANJA NARANJA            2,195           2,196         45         20                           M-9013 
01NA    FRANJA NARANJA            2,008           2,009         10         20                           M-9014 
01NA    FRANJA NARANJA            2,163           2,164         10         20                           M-9015 
01NA    FRANJA NARANJA            2,088           2,089         10         20                           M-9016 
01NA    FRANJA NARANJA            2,245           2,246         10         20                           M-9017 
01NA    FRANJA NARANJA            1,995           1,996         42         20                           M-9018 
01NA    FRANJA NARANJA            2,194           2,195         42         20                           M-9019 
01NA    FRANJA NARANJA            2,198           2,199         42         20                           M-9020 
01NA    FRANJA NARANJA            2,056           2,057         42         20                           M-9021 
01NA    FRANJA NARANJA            2,238           2,239         42         20                           M-9022 
01NA    FRANJA NARANJA            2,089           2,090         42         20                           M-9023 
01NA    FRANJA NARANJA            2,188           2,189         42         20                           M-9024 
01NA    FRANJA NARANJA            2,108           2,109         42         20                           M-9025 
01NA    FRANJA NARANJA            2,503           2,504         42         20                           M-9026 
01NA    FRANJA NARANJA            2,383           2,384         42         20                           M-9027 
01NA    FRANJA NARANJA            2,346           2,347         42         20                           M-9028 
01NA    FRANJA NARANJA            2,026           2,027         42         20                           M-9029 
01NA    FRANJA NARANJA            2,278           2,279         42         20                           M-9030 
01NA    FRANJA NARANJA            2,038           2,039         42         20                           M-9031 
01NA    FRANJA NARANJA            2,237           2,238         42         20                           M-9032 
01NA    FRANJA NARANJA            2,106           2,107         42         20                           M-9033 
01NA    FRANJA NARANJA            2,261           2,262         42         20                           M-9034 
01NA    FRANJA NARANJA            2,255           2,256         42         20                           M-9035 
01NA    FRANJA NARANJA            2,293           2,294         42         20                           M-9036 
01NA    FRANJA NARANJA            2,177           2,178         42         20                           M-9037 
01NA    FRANJA NARANJA            2,206           2,207         42         20                           M-9038 
01NA    FRANJA NARANJA            2,197           2,198         42         20                           M-9039 
01NA    FRANJA NARANJA            2,143           2,144         42         20                           M-9040 









EMPRESA NACIONAL DE MINERIA (ENM) PRODUCTOR          PACKING LIST                             PAG.  :   2
NATIONAL MINING COMPANY                       CODIGO DE LOTE   : M-8996                      FECHA :26/12/2019
                                              -----------------------------
FLUJO        : 
DESCRIPCION  : CATODOS GRADO A
N° INSTR. DE EMBARQUE : 25681
CLIENTE      : CITY OF ALEXANDRIA
Lote Sipa    : 

----------------------------------------------------------------------------------------------------------------------------- 
MARCA       DESCRIPCION         PESO NETO      PESO BRUTO     GRUPO     UNIDADES       UBICACION         SERIE                
-----------------------------------------------------------------------------------------------------------------------------

01NA    FRANJA NARANJA            2,229           2,230         42         20                           M-9041 
01NA    FRANJA NARANJA            2,201           2,202         42         20                           M-9042 
01NA    FRANJA NARANJA            2,226           2,227         42         20                           M-9043 
01NA    FRANJA NARANJA            2,113           2,114         10         20                           M-9044 
01NA    FRANJA NARANJA            2,138           2,139         42         20                           M-9045 
01NA    FRANJA NARANJA            2,230           2,231         10         20                           M-9046 
01NA    FRANJA NARANJA            2,169           2,170         13         20                           M-9047 
01NA    FRANJA NARANJA            2,066           2,067         10         20                           M-9048 
01NA    FRANJA NARANJA            2,017           2,018         13         20                           M-9049 
01NA    FRANJA NARANJA            2,169           2,170         13         20                           M-9050 
01NA    FRANJA NARANJA            2,163           2,164         13         20                           M-9051 
01NA    FRANJA NARANJA            2,147           2,148         13         20                           M-9052 
01NA    FRANJA NARANJA            2,377           2,378         13         20                           M-9053 
01NA    FRANJA NARANJA            2,315           2,316         42         20                           M-9054 
01NA    FRANJA NARANJA            2,196           2,197         42         20                           M-9055 
01NA    FRANJA NARANJA            2,326           2,327         13         20                           M-9056 
01NA    FRANJA NARANJA            2,159           2,160         13         20                           M-9057 
01NA    FRANJA NARANJA            2,217           2,218         42         20                           M-9058 
01NA    FRANJA NARANJA            2,036           2,037         13         20                           M-9059 
01NA    FRANJA NARANJA            2,300           2,301         42         20                           M-9060 
01NA    FRANJA NARANJA            2,248           2,249         42         20                           M-9061 
01NA    FRANJA NARANJA            2,277           2,278         42         20                           M-9062 
01NA    FRANJA NARANJA            2,342           2,343         42         20                           M-9063 
01NA    FRANJA NARANJA            2,387           2,388         42         20                           M-9064 
01NA    FRANJA NARANJA            2,334           2,335         13         20                           M-9065 
01NA    FRANJA NARANJA            2,368           2,369         13         20                           M-9066 
01NA    FRANJA NARANJA            2,191           2,192         13         20                           M-9067 
01NA    FRANJA NARANJA            2,246           2,247         13         20                           M-9068 
01NA    FRANJA NARANJA            2,301           2,302         13         20                           M-9069 
01NA    FRANJA NARANJA            2,236           2,237         13         20                           M-9070 
01NA    FRANJA NARANJA            2,279           2,280         13         20                           M-9071 
01NA    FRANJA NARANJA            2,319           2,320         42         20                           M-9072 
01NA    FRANJA NARANJA            2,204           2,205         13         20                           M-9073 
01NA    FRANJA NARANJA            2,245           2,246         42         20                           M-9074 
01NA    FRANJA NARANJA            2,196           2,197         13         20                           M-9075 
01NA    FRANJA NARANJA            2,249           2,250         13         20                           M-9076 
01NA    FRANJA NARANJA            2,261           2,262         13         20                           M-9077 
01NA    FRANJA NARANJA            2,308           2,309         13         20                           M-9078 
01NA    FRANJA NARANJA            2,384           2,385         42         20                           M-9079 
01NA    FRANJA NARANJA            2,348           2,349         42         20                           M-9080 
01NA    FRANJA NARANJA            2,374           2,375         13         20                           M-9081 
01NA    FRANJA NARANJA            2,336           2,337         42         20                           M-9082 
01NA    FRANJA NARANJA            2,190           2,191         13         20                           M-9083 
01NA    FRANJA NARANJA            2,276           2,277         13         20                           M-9084 
01NA    FRANJA NARANJA            2,077           2,078         13         20                           M-9085 









EMPRESA NACIONAL DE MINERIA (ENM) PRODUCTOR          PACKING LIST                             PAG.  :   3
NATIONAL MINING COMPANY                       CODIGO DE LOTE   : M-8996                      FECHA :26/12/2019
                                              -----------------------------
FLUJO        : 
DESCRIPCION  : CATODOS GRADO A
N° INSTR. DE EMBARQUE : 25681
CLIENTE      : CITY OF ALEXANDRIA
Lote Sipa    : 

----------------------------------------------------------------------------------------------------------------------------- 
MARCA       DESCRIPCION         PESO NETO      PESO BRUTO     GRUPO     UNIDADES       UBICACION         SERIE                
-----------------------------------------------------------------------------------------------------------------------------

01NA    FRANJA NARANJA            2,373           2,374         42         20                           M-9086 
01NA    FRANJA NARANJA            2,220           2,221         13         20                           M-9087 
01NA    FRANJA NARANJA            2,360           2,361         42         20                           M-9088 
01NA    FRANJA NARANJA            2,234           2,235         13         20                           M-9089 
01NA    FRANJA NARANJA            2,245           2,246         13         20                           M-9090 
01NA    FRANJA NARANJA            2,327           2,328         42         20                           M-9091 
01NA    FRANJA NARANJA            2,255           2,256         42         20                           M-9092 
01NA    FRANJA NARANJA            2,409           2,410         42         20                           M-9093 
01NA    FRANJA NARANJA            2,173           2,174         42         20                           M-9094 
01NA    FRANJA NARANJA            2,069           2,070         10         20                           M-9095 
01NA    FRANJA NARANJA            2,255           2,256         10         20                           M-9096 
01NA    FRANJA NARANJA            2,143           2,144         10         20                           M-9097 
01NA    FRANJA NARANJA            2,203           2,204         10         20                           M-9098 
01NA    FRANJA NARANJA            2,032           2,033         10         20                           M-9099 
01NA    FRANJA NARANJA            2,021           2,022         10         20                           M-9100 
01NA    FRANJA NARANJA            2,178           2,179         10         20                           M-9101 
01NA    FRANJA NARANJA            2,178           2,179         10         20                           M-9102 
01NA    FRANJA NARANJA            2,123           2,124         10         20                           M-9103 
01NA    FRANJA NARANJA            2,282           2,283         10         20                           M-9104 
01NA    FRANJA NARANJA            2,172           2,173         22         20                           M-9105 
01NA    FRANJA NARANJA            2,266           2,267         22         20                           M-9106 
01NA    FRANJA NARANJA            1,959           1,960         10         20                           M-9107 
01NA    FRANJA NARANJA            2,321           2,322         22         20                           M-9108 
01NA    FRANJA NARANJA            2,218           2,219         22         20                           M-9109 
01NA    FRANJA NARANJA            2,211           2,212         22         20                           M-9110 
01NA    FRANJA NARANJA            2,190           2,191         22         20                           M-9111 
01NA    FRANJA NARANJA            2,192           2,193         10         20                           M-9112 
01NA    FRANJA NARANJA            2,194           2,195         10         20                           M-9113 
01NA    FRANJA NARANJA            2,171           2,172         22         20                           M-9114 
01NA    FRANJA NARANJA            2,235           2,236         22         20                           M-9115 
01NA    FRANJA NARANJA            2,150           2,151         10         20                           M-9116 
01NA    FRANJA NARANJA            2,230           2,231         10         20                           M-9117 
01NA    FRANJA NARANJA            2,100           2,101         10         20                           M-9118 
01NA    FRANJA NARANJA            2,186           2,187         10         20                           M-9119 
01NA    FRANJA NARANJA            2,071           2,072         10         20                           M-9120 
01NA    FRANJA NARANJA            2,114           2,115         10         20                           M-9121 
01NA    FRANJA NARANJA            2,279           2,280         10         20                           M-9122 
01NA    FRANJA NARANJA            2,107           2,108         40         20                           M-9123 
01NA    FRANJA NARANJA            1,998           1,999         40         20                           M-9124 
01NA    FRANJA NARANJA            2,194           2,195         40         20                           M-9125 
01NA    FRANJA NARANJA            2,196           2,197         22         20                           M-9126 
01NA    FRANJA NARANJA            2,309           2,310         40         20                           M-9127 
01NA    FRANJA NARANJA            2,248           2,249         10         20                           M-9128 
01NA    FRANJA NARANJA            2,314           2,315         22         20                           M-9129 
01NA    FRANJA NARANJA            2,435           2,436         37         20                           M-9130 


------------------------------------------------------------------------------------------------------------------------
T.SUB-LOTES              TOT.PAQUETES =135      TOT.UNID. = 2700   T/P NETO (kg) = 299,969      T/P BRUTO (kg) = 300,104
------------------------------------------------------------------------------------------------------------------------
