
EMPRESA NACIONAL DE MINERIA (ENM) PRODUCTOR          PACKING LIST                             PAG.  :   1
NATIONAL MINING COMPANY                       CODIGO DE LOTE   : D-11300                      FECHA :02/05/2019
                                              -----------------------------
FLUJO        : 
DESCRIPCION  : CATODOS GRADO A
N° INSTR. DE EMBARQUE : 25252
CLIENTE      : SAN ANTONIO EXPRESS
Lote Sipa    : 

----------------------------------------------------------------------------------------------------------------------------- 
MARCA       DESCRIPCION         PESO NETO      PESO BRUTO     GRUPO     UNIDADES       UBICACION         SERIE                
-----------------------------------------------------------------------------------------------------------------------------

X1VE    EQUIS FRANJA VERDE        2,356           2,357         29         20                           D-11300
X1VE    EQUIS FRANJA VERDE        2,321           2,322         29         20                           D-11301
X1VE    EQUIS FRANJA VERDE        2,437           2,438         29         20                           D-11302
X1VE    EQUIS FRANJA VERDE        2,407           2,408         29         20                           D-11303
X1VE    EQUIS FRANJA VERDE        2,432           2,433         29         20                           D-11304
X1VE    EQUIS FRANJA VERDE        2,352           2,353         29         20                           D-11305
X1VE    EQUIS FRANJA VERDE        2,340           2,341         29         20                           D-11306
X1VE    EQUIS FRANJA VERDE        2,317           2,318         29         20                           D-11307
X1VE    EQUIS FRANJA VERDE        2,359           2,360         29         20                           D-11308
X1VE    EQUIS FRANJA VERDE        2,360           2,361         29         20                           D-11309
X1VE    EQUIS FRANJA VERDE        2,389           2,390         29         20                           D-11310
X1VE    EQUIS FRANJA VERDE        2,335           2,336         37         20                           D-11311
X1VE    EQUIS FRANJA VERDE        2,333           2,334         37         20                           D-11312
X1VE    EQUIS FRANJA VERDE        2,376           2,377         37         20                           D-11313
X1VE    EQUIS FRANJA VERDE        2,458           2,459         37         20                           D-11314
X1VE    EQUIS FRANJA VERDE        2,449           2,450         37         20                           D-11315
X1VE    EQUIS FRANJA VERDE        2,385           2,386         37         20                           D-11316
X1VE    EQUIS FRANJA VERDE        2,333           2,334         37         20                           D-11317
X1VE    EQUIS FRANJA VERDE        2,317           2,318         37         20                           D-11318
X1VE    EQUIS FRANJA VERDE        2,392           2,393         37         20                           D-11319
X1VE    EQUIS FRANJA VERDE        2,467           2,468         37         20                           D-11320


------------------------------------------------------------------------------------------------------------------------
T.SUB-LOTES              TOT.PAQUETES =21      TOT.UNID. = 420   T/P NETO (kg) = 49,915      T/P BRUTO (kg) = 49,936
------------------------------------------------------------------------------------------------------------------------
