
EMPRESA NACIONAL DE MINERIA (ENM) PRODUCTOR          PACKING LIST                             PAG.  :   1
NATIONAL MINING COMPANY                       CODIGO DE LOTE   : G-9640                      FECHA :25/07/2019
                                              -----------------------------
FLUJO        : 
DESCRIPCION  : CATODOS GRADO A
N° INSTR. DE EMBARQUE : 25378
CLIENTE      : SAFMARINE MAKUTU
Lote Sipa    : 

----------------------------------------------------------------------------------------------------------------------------- 
MARCA       DESCRIPCION         PESO NETO      PESO BRUTO     GRUPO     UNIDADES       UBICACION         SERIE                
-----------------------------------------------------------------------------------------------------------------------------

02RJ    DOS FRANJAS ROJAS         2,455           2,456         28         20                           G-9640 
02RJ    DOS FRANJAS ROJAS         2,509           2,510         28         20                           G-9641 
02RJ    DOS FRANJAS ROJAS         2,422           2,423         28         20                           G-9642 
02RJ    DOS FRANJAS ROJAS         2,455           2,456         09         20                           G-9643 
02RJ    DOS FRANJAS ROJAS         2,243           2,244         27         20                           G-9644 
02RJ    DOS FRANJAS ROJAS         2,442           2,443         28         20                           G-9645 
02RJ    DOS FRANJAS ROJAS         2,370           2,371         09         20                           G-9646 
02RJ    DOS FRANJAS ROJAS         2,549           2,550         24         20                           G-9647 
02RJ    DOS FRANJAS ROJAS         2,373           2,374         28         20                           G-9648 
02RJ    DOS FRANJAS ROJAS         2,468           2,469         24         20                           G-9649 
02RJ    DOS FRANJAS ROJAS         2,552           2,553         28         20                           G-9650 
02RJ    DOS FRANJAS ROJAS         2,527           2,528         28         20                           G-9651 
02RJ    DOS FRANJAS ROJAS         2,401           2,402         28         20                           G-9652 
02RJ    DOS FRANJAS ROJAS         2,475           2,476         09         20                           G-9653 
02RJ    DOS FRANJAS ROJAS         2,431           2,432         28         20                           G-9654 
02RJ    DOS FRANJAS ROJAS         2,533           2,534         28         20                           G-9655 
02RJ    DOS FRANJAS ROJAS         2,567           2,568         28         20                           G-9656 
02RJ    DOS FRANJAS ROJAS         2,509           2,510         28         20                           G-9657 
02RJ    DOS FRANJAS ROJAS         2,622           2,623         24         20                           G-9658 
02RJ    DOS FRANJAS ROJAS         2,434           2,435         28         20                           G-9659 
02RJ    DOS FRANJAS ROJAS         2,458           2,459         28         20                           G-9660 
02RJ    DOS FRANJAS ROJAS         2,336           2,337         09         20                           G-9661 
02RJ    DOS FRANJAS ROJAS         2,557           2,558         28         20                           G-9662 
02RJ    DOS FRANJAS ROJAS         2,516           2,517         28         20                           G-9663 
02RJ    DOS FRANJAS ROJAS         2,503           2,504         28         20                           G-9664 
02RJ    DOS FRANJAS ROJAS         2,251           2,252         28         20                           G-9665 
02RJ    DOS FRANJAS ROJAS         2,478           2,479         24         20                           G-9666 
02RJ    DOS FRANJAS ROJAS         2,371           2,372         24         20                           G-9667 
02RJ    DOS FRANJAS ROJAS         2,453           2,454         28         20                           G-9668 
02RJ    DOS FRANJAS ROJAS         2,401           2,402         28         20                           G-9669 
02RJ    DOS FRANJAS ROJAS         2,375           2,376         28         20                           G-9670 
02RJ    DOS FRANJAS ROJAS         2,545           2,546         24         20                           G-9671 
02RJ    DOS FRANJAS ROJAS         2,446           2,447         28         20                           G-9672 
02RJ    DOS FRANJAS ROJAS         2,402           2,403         28         20                           G-9673 
02RJ    DOS FRANJAS ROJAS         2,438           2,439         28         20                           G-9674 
02RJ    DOS FRANJAS ROJAS         2,428           2,429         09         20                           G-9675 
02RJ    DOS FRANJAS ROJAS         2,524           2,525         24         20                           G-9676 
02RJ    DOS FRANJAS ROJAS         2,554           2,555         28         20                           G-9677 
02RJ    DOS FRANJAS ROJAS         2,550           2,551         28         20                           G-9678 
02RJ    DOS FRANJAS ROJAS         2,399           2,400         09         20                           G-9679 
02RJ    DOS FRANJAS ROJAS         2,476           2,477         28         20                           G-9680 
02RJ    DOS FRANJAS ROJAS         2,508           2,509         24         20                           G-9681 
02RJ    DOS FRANJAS ROJAS         2,256           2,257         09         20                           G-9682 
02RJ    DOS FRANJAS ROJAS         2,532           2,533         28         20                           G-9683 
02RJ    DOS FRANJAS ROJAS         2,296           2,297         09         20                           G-9684 









EMPRESA NACIONAL DE MINERIA (ENM) PRODUCTOR          PACKING LIST                             PAG.  :   2
NATIONAL MINING COMPANY                       CODIGO DE LOTE   : G-9640                      FECHA :25/07/2019
                                              -----------------------------
FLUJO        : 
DESCRIPCION  : CATODOS GRADO A
N° INSTR. DE EMBARQUE : 25378
CLIENTE      : SAFMARINE MAKUTU
Lote Sipa    : 

----------------------------------------------------------------------------------------------------------------------------- 
MARCA       DESCRIPCION         PESO NETO      PESO BRUTO     GRUPO     UNIDADES       UBICACION         SERIE                
-----------------------------------------------------------------------------------------------------------------------------

02RJ    DOS FRANJAS ROJAS         2,468           2,469         28         20                           G-9685 
02RJ    DOS FRANJAS ROJAS         2,496           2,497         24         20                           G-9686 
02RJ    DOS FRANJAS ROJAS         2,448           2,449         28         20                           G-9687 
02RJ    DOS FRANJAS ROJAS         2,387           2,388         24         20                           G-9688 
02RJ    DOS FRANJAS ROJAS         2,282           2,283         24         20                           G-9689 
02RJ    DOS FRANJAS ROJAS         2,415           2,416         28         20                           G-9690 
02RJ    DOS FRANJAS ROJAS         2,492           2,493         28         20                           G-9691 
02RJ    DOS FRANJAS ROJAS         2,552           2,553         24         20                           G-9692 
02RJ    DOS FRANJAS ROJAS         2,543           2,544         24         20                           G-9693 
02RJ    DOS FRANJAS ROJAS         2,472           2,473         24         20                           G-9694 
02RJ    DOS FRANJAS ROJAS         2,363           2,364         09         20                           G-9695 
02RJ    DOS FRANJAS ROJAS         2,459           2,460         09         20                           G-9696 
02RJ    DOS FRANJAS ROJAS         2,422           2,423         09         20                           G-9697 
02RJ    DOS FRANJAS ROJAS         2,289           2,290         09         20                           G-9698 
02RJ    DOS FRANJAS ROJAS         2,474           2,475         09         20                           G-9699 
02RJ    DOS FRANJAS ROJAS         2,510           2,511         09         20                           G-9700 
02RJ    DOS FRANJAS ROJAS         2,373           2,374         24         20                           G-9701 
02RJ    DOS FRANJAS ROJAS         2,417           2,418         24         20                           G-9702 
02RJ    DOS FRANJAS ROJAS         2,287           2,288         24         20                           G-9703 
02RJ    DOS FRANJAS ROJAS         2,366           2,367         24         20                           G-9704 
02RJ    DOS FRANJAS ROJAS         2,492           2,493         24         20                           G-9705 
02RJ    DOS FRANJAS ROJAS         2,548           2,549         09         20                           G-9706 
02RJ    DOS FRANJAS ROJAS         2,390           2,391         09         20                           G-9707 
02RJ    DOS FRANJAS ROJAS         2,487           2,488         09         20                           G-9708 
02RJ    DOS FRANJAS ROJAS         2,620           2,621         24         20                           G-9709 
02RJ    DOS FRANJAS ROJAS         2,496           2,497         24         20                           G-9710 
02RJ    DOS FRANJAS ROJAS         2,388           2,389         09         20                           G-9711 
02RJ    DOS FRANJAS ROJAS         2,501           2,502         24         20                           G-9712 
02RJ    DOS FRANJAS ROJAS         2,395           2,396         09         20                           G-9713 
02RJ    DOS FRANJAS ROJAS         2,520           2,521         09         20                           G-9714 
02RJ    DOS FRANJAS ROJAS         2,274           2,275         09         20                           G-9715 
02RJ    DOS FRANJAS ROJAS         2,328           2,329         09         20                           G-9716 
02RJ    DOS FRANJAS ROJAS         2,338           2,339         09         20                           G-9717 
02RJ    DOS FRANJAS ROJAS         2,220           2,221         09         20                           G-9718 
02RJ    DOS FRANJAS ROJAS         2,368           2,369         09         20                           G-9719 
02RJ    DOS FRANJAS ROJAS         2,427           2,428         09         20                           G-9720 
02RJ    DOS FRANJAS ROJAS         2,297           2,298         09         20                           G-9721 


------------------------------------------------------------------------------------------------------------------------
T.SUB-LOTES              TOT.PAQUETES =82      TOT.UNID. = 1640   T/P NETO (kg) = 199,994      T/P BRUTO (kg) = 200,076
------------------------------------------------------------------------------------------------------------------------
