
EMPRESA NACIONAL DE MINERIA (ENM) PRODUCTOR          PACKING LIST                             PAG.  :   1
NATIONAL MINING COMPANY                       CODIGO DE LOTE   : I-3251                      FECHA :12/09/2023
                                              -----------------------------
FLUJO        : 
DESCRIPCION  : CATODOS EW MATTA
N° INSTR. DE EMBARQUE : 931430
CLIENTE      : 
Lote Sipa    : 23090269

----------------------------------------------------------------------------------------------------------------------------- 
MARCA       DESCRIPCION         PESO NETO      PESO BRUTO     GRUPO     UNIDADES       UBICACION         SERIE                
-----------------------------------------------------------------------------------------------------------------------------

03VE    TRES FRANJAS VERDES       2,028           2,029                    61                           I-3251 
03VE    TRES FRANJAS VERDES       2,021           2,022                    60                           I-3252 
03VE    TRES FRANJAS VERDES       2,050           2,051                    61                           I-3253 
03VE    TRES FRANJAS VERDES       2,027           2,028                    66                           I-3254 
03VE    TRES FRANJAS VERDES       2,018           2,019                    55                           I-3255 
03VE    TRES FRANJAS VERDES       2,043           2,044                    55                           I-3256 
03VE    TRES FRANJAS VERDES       2,038           2,039                    59                           I-3257 
03VE    TRES FRANJAS VERDES       2,003           2,004                    55                           I-3258 
03VE    TRES FRANJAS VERDES       2,053           2,054                    56                           I-3259 
03VE    TRES FRANJAS VERDES       2,036           2,037                    59                           I-3260 
03VE    TRES FRANJAS VERDES       2,034           2,035                    60                           I-3261 
03VE    TRES FRANJAS VERDES       2,030           2,031                    56                           I-3262 
03VE    TRES FRANJAS VERDES       2,024           2,025                    59                           I-3263 


------------------------------------------------------------------------------------------------------------------------
T.SUB-LOTES              TOT.PAQUETES =13      TOT.UNID. = 762   T/P NETO (kg) = 26,405      T/P BRUTO (kg) = 26,418
------------------------------------------------------------------------------------------------------------------------
