
EMPRESA NACIONAL DE MINERIA (ENM) PRODUCTOR          PACKING LIST                             PAG.  :   1
NATIONAL MINING COMPANY                       CODIGO DE LOTE   : F-2852                      FECHA :16/08/2019
                                              -----------------------------
FLUJO        : 
DESCRIPCION  : CATODOS EW CERRO NEGRO
N° INSTR. DE EMBARQUE : 25407
CLIENTE      : LARS MAERSK
Lote Sipa    : 19060338

----------------------------------------------------------------------------------------------------------------------------- 
MARCA       DESCRIPCION         PESO NETO      PESO BRUTO     GRUPO     UNIDADES       UBICACION         SERIE                
-----------------------------------------------------------------------------------------------------------------------------

02NE    DOS FRANJAS NEGRAS        2,014           2,015                    37                           F-2852 
02NE    DOS FRANJAS NEGRAS        2,056           2,057                    37                           F-2853 
02NE    DOS FRANJAS NEGRAS        2,018           2,019                    38                           F-2854 
02NE    DOS FRANJAS NEGRAS        2,009           2,010                    36                           F-2855 
02NE    DOS FRANJAS NEGRAS        1,994           1,995                    38                           F-2856 
02NE    DOS FRANJAS NEGRAS        2,043           2,044                    40                           F-2857 
02NE    DOS FRANJAS NEGRAS        1,986           1,987                    38                           F-2858 
02NE    DOS FRANJAS NEGRAS        1,978           1,979                    36                           F-2859 
02NE    DOS FRANJAS NEGRAS        2,011           2,012                    36                           F-2860 
02NE    DOS FRANJAS NEGRAS        2,051           2,052                    37                           F-2861 
02NE    DOS FRANJAS NEGRAS        1,971           1,972                    35                           F-2862 
02NE    DOS FRANJAS NEGRAS        1,978           1,979                    35                           F-2863 
02NE    DOS FRANJAS NEGRAS        2,016           2,017                    36                           F-2864 
02NE    DOS FRANJAS NEGRAS        1,977           1,978                    34                           F-2865 
02NE    DOS FRANJAS NEGRAS        2,000           2,001                    35                           F-2866 
02NE    DOS FRANJAS NEGRAS        1,958           1,959                    29                           F-2900 
02NE    DOS FRANJAS NEGRAS        1,874           1,875                    30                           F-2901 
02NE    DOS FRANJAS NEGRAS        2,005           2,006                    29                           F-2902 
02NE    DOS FRANJAS NEGRAS        2,054           2,055                    30                           F-2903 
02NE    DOS FRANJAS NEGRAS        1,988           1,989                    30                           F-2904 
02NE    DOS FRANJAS NEGRAS        2,012           2,013                    29                           F-2905 
02NE    DOS FRANJAS NEGRAS        1,983           1,984                    31                           F-2906 
02NE    DOS FRANJAS NEGRAS        2,047           2,048                    30                           F-2907 
02NE    DOS FRANJAS NEGRAS        2,075           2,076                    30                           F-2908 
02NE    DOS FRANJAS NEGRAS        1,977           1,978                    30                           F-2909 
02NE    DOS FRANJAS NEGRAS        2,031           2,032                    30                           F-2910 
02NE    DOS FRANJAS NEGRAS        2,038           2,039                    30                           F-2911 
02NE    DOS FRANJAS NEGRAS        1,959           1,960                    29                           F-2912 
02NE    DOS FRANJAS NEGRAS        1,951           1,952                    30                           F-2913 
02NE    DOS FRANJAS NEGRAS        2,051           2,052                    28                           F-2914 


------------------------------------------------------------------------------------------------------------------------
T.SUB-LOTES              TOT.PAQUETES =30      TOT.UNID. = 993   T/P NETO (kg) = 60,105      T/P BRUTO (kg) = 60,135
------------------------------------------------------------------------------------------------------------------------
