
EMPRESA NACIONAL DE MINERIA (ENM) PRODUCTOR          PACKING LIST                             PAG.  :   1
NATIONAL MINING COMPANY                       CODIGO DE LOTE   : A-2771                      FECHA :03/03/2020
                                              -----------------------------
FLUJO        : 
DESCRIPCION  : CATODOS EW CERRO NEGRO
N° INSTR. DE EMBARQUE : 25790
CLIENTE      : E.R. BERLIN
Lote Sipa    : 20010480

----------------------------------------------------------------------------------------------------------------------------- 
MARCA       DESCRIPCION         PESO NETO      PESO BRUTO     GRUPO     UNIDADES       UBICACION         SERIE                
-----------------------------------------------------------------------------------------------------------------------------

02NE    DOS FRANJAS NEGRAS        2,038           2,039                    38                           A-2771 
02NE    DOS FRANJAS NEGRAS        2,032           2,033                    36                           A-2772 
02NE    DOS FRANJAS NEGRAS        2,058           2,059                    37                           A-2773 
02NE    DOS FRANJAS NEGRAS        2,005           2,006                    36                           A-2774 
02NE    DOS FRANJAS NEGRAS        2,019           2,020                    36                           A-2775 
02NE    DOS FRANJAS NEGRAS        2,017           2,018                    37                           A-2776 
02NE    DOS FRANJAS NEGRAS        2,007           2,008                    38                           A-2777 
02NE    DOS FRANJAS NEGRAS        1,986           1,987                    37                           A-2778 
02NE    DOS FRANJAS NEGRAS        2,037           2,038                    39                           A-2779 
02NE    DOS FRANJAS NEGRAS        2,031           2,032                    37                           A-2780 
02NE    DOS FRANJAS NEGRAS        1,907           1,908                    35                           A-2781 
02NE    DOS FRANJAS NEGRAS        1,990           1,991                    36                           A-2782 
02NE    DOS FRANJAS NEGRAS        2,055           2,056                    39                           A-2783 
02NE    DOS FRANJAS NEGRAS        2,014           2,015                    37                           A-2784 
02NE    DOS FRANJAS NEGRAS        2,030           2,031                    38                           A-2785 
02NE    DOS FRANJAS NEGRAS        2,006           2,007                    40                           A-2915 
02NE    DOS FRANJAS NEGRAS        2,017           2,018                    38                           A-2916 
02NE    DOS FRANJAS NEGRAS        2,053           2,054                    37                           A-2917 
02NE    DOS FRANJAS NEGRAS        2,035           2,036                    38                           A-2918 
02NE    DOS FRANJAS NEGRAS        1,982           1,983                    40                           A-2919 
02NE    DOS FRANJAS NEGRAS        1,999           2,000                    39                           A-2920 
02NE    DOS FRANJAS NEGRAS        2,064           2,065                    40                           A-2921 
02NE    DOS FRANJAS NEGRAS        1,975           1,976                    37                           A-2922 
02NE    DOS FRANJAS NEGRAS        2,002           2,003                    39                           A-2923 
02NE    DOS FRANJAS NEGRAS        2,022           2,023                    37                           A-2924 
02NE    DOS FRANJAS NEGRAS        2,019           2,020                    41                           A-2925 
02NE    DOS FRANJAS NEGRAS        2,020           2,021                    37                           A-2926 
02NE    DOS FRANJAS NEGRAS        2,004           2,005                    38                           A-2927 
02NE    DOS FRANJAS NEGRAS        2,039           2,040                    38                           A-2928 
02NE    DOS FRANJAS NEGRAS        1,976           1,977                    35                           A-2929 


------------------------------------------------------------------------------------------------------------------------
T.SUB-LOTES              TOT.PAQUETES =30      TOT.UNID. = 1130   T/P NETO (kg) = 60,439      T/P BRUTO (kg) = 60,469
------------------------------------------------------------------------------------------------------------------------
