
EMPRESA NACIONAL DE MINERIA (ENM) PRODUCTOR          PACKING LIST                             PAG.  :   1
NATIONAL MINING COMPANY                       CODIGO DE LOTE   : C-2381                      FECHA :15/03/2022
                                              -----------------------------
FLUJO        : 
DESCRIPCION  : CATODOS EW DELTA
N° INSTR. DE EMBARQUE : 929200
CLIENTE      : 
Lote Sipa    : 22030276

----------------------------------------------------------------------------------------------------------------------------- 
MARCA       DESCRIPCION         PESO NETO      PESO BRUTO     GRUPO     UNIDADES       UBICACION         SERIE                
-----------------------------------------------------------------------------------------------------------------------------

02AM    DOS FRANJAS AMARILLAS     1,993           1,994                    59                           C-2381 
02AM    DOS FRANJAS AMARILLAS     2,013           2,014                    64                           C-2382 
02AM    DOS FRANJAS AMARILLAS     1,994           1,995                    58                           C-2383 
02AM    DOS FRANJAS AMARILLAS     1,996           1,997                    62                           C-2384 
02AM    DOS FRANJAS AMARILLAS     2,015           2,016                    60                           C-2385 
02AM    DOS FRANJAS AMARILLAS     2,003           2,004                    57                           C-2386 
02AM    DOS FRANJAS AMARILLAS     2,005           2,006                    59                           C-2387 
02AM    DOS FRANJAS AMARILLAS     2,023           2,024                    65                           C-2388 
02AM    DOS FRANJAS AMARILLAS     1,997           1,998                    63                           C-2389 
02AM    DOS FRANJAS AMARILLAS     2,013           2,014                    62                           C-2390 
02AM    DOS FRANJAS AMARILLAS     1,996           1,997                    61                           C-2391 
02AM    DOS FRANJAS AMARILLAS     2,012           2,013                    57                           C-2392 
02AM    DOS FRANJAS AMARILLAS     1,998           1,999                    63                           C-2393 
02AM    DOS FRANJAS AMARILLAS     1,994           1,995                    61                           C-2394 


------------------------------------------------------------------------------------------------------------------------
T.SUB-LOTES              TOT.PAQUETES =14      TOT.UNID. = 851   T/P NETO (kg) = 28,052      T/P BRUTO (kg) = 28,066
------------------------------------------------------------------------------------------------------------------------
