
EMPRESA NACIONAL DE MINERIA (ENM) PRODUCTOR          PACKING LIST                             PAG.  :   1
NATIONAL MINING COMPANY                       CODIGO DE LOTE   : A-6576                      FECHA :03/02/2020
                                              -----------------------------
FLUJO        : 
DESCRIPCION  : CATODOS GRADO A
N° INSTR. DE EMBARQUE : 25734
CLIENTE      : SKAGEN MAERSK
Lote Sipa    : 

----------------------------------------------------------------------------------------------------------------------------- 
MARCA       DESCRIPCION         PESO NETO      PESO BRUTO     GRUPO     UNIDADES       UBICACION         SERIE                
-----------------------------------------------------------------------------------------------------------------------------

02CE    DOS FRANJAS CELESTES      2,002           2,003         48         20                           A-6576 
02CE    DOS FRANJAS CELESTES      2,024           2,025         29         20                           A-6577 
02CE    DOS FRANJAS CELESTES      2,180           2,181         29         20                           A-6578 
02CE    DOS FRANJAS CELESTES      2,301           2,302         29         20                           A-6579 
02CE    DOS FRANJAS CELESTES      2,210           2,211         29         20                           A-6580 
02CE    DOS FRANJAS CELESTES      2,133           2,134         29         20                           A-6581 
02CE    DOS FRANJAS CELESTES      2,341           2,342         29         20                           A-6582 
02CE    DOS FRANJAS CELESTES      2,230           2,231         48         20                           A-6583 
02CE    DOS FRANJAS CELESTES      2,354           2,355         29         20                           A-6584 
02CE    DOS FRANJAS CELESTES      2,097           2,098         18         20                           A-6585 
02CE    DOS FRANJAS CELESTES      2,057           2,058         18         20                           A-6586 
02CE    DOS FRANJAS CELESTES      2,240           2,241         29         20                           A-6587 
02CE    DOS FRANJAS CELESTES      2,235           2,236         29         20                           A-6588 
02CE    DOS FRANJAS CELESTES      2,230           2,231         29         20                           A-6589 
02CE    DOS FRANJAS CELESTES      2,194           2,195         29         20                           A-6590 
02CE    DOS FRANJAS CELESTES      2,131           2,132         29         20                           A-6591 
02CE    DOS FRANJAS CELESTES      2,153           2,154         29         20                           A-6592 
02CE    DOS FRANJAS CELESTES      2,137           2,138         29         20                           A-6593 
02CE    DOS FRANJAS CELESTES      2,240           2,241         29         20                           A-6594 
02CE    DOS FRANJAS CELESTES      2,204           2,205         29         20                           A-6595 
02CE    DOS FRANJAS CELESTES      2,105           2,106         29         20                           A-6596 
02CE    DOS FRANJAS CELESTES      2,355           2,356         29         20                           A-6597 
02CE    DOS FRANJAS CELESTES      2,299           2,300         48         20                           A-6598 
02CE    DOS FRANJAS CELESTES      2,172           2,173         29         20                           A-6599 
02CE    DOS FRANJAS CELESTES      1,990           1,991         29         20                           A-6600 
02CE    DOS FRANJAS CELESTES      2,168           2,169         18         20                           A-6601 
02CE    DOS FRANJAS CELESTES      2,248           2,249         18         20                           A-6602 
02CE    DOS FRANJAS CELESTES      2,092           2,093         18         20                           A-6603 
02CE    DOS FRANJAS CELESTES      2,107           2,108         29         20                           A-6604 
02CE    DOS FRANJAS CELESTES      2,203           2,204         29         20                           A-6605 
02CE    DOS FRANJAS CELESTES      2,272           2,273         29         20                           A-6606 
02CE    DOS FRANJAS CELESTES      2,038           2,039         18         20                           A-6607 
02CE    DOS FRANJAS CELESTES      2,122           2,123         18         20                           A-6608 
02CE    DOS FRANJAS CELESTES      1,979           1,980         29         20                           A-6609 
02CE    DOS FRANJAS CELESTES      2,093           2,094         18         20                           A-6610 
02CE    DOS FRANJAS CELESTES      2,297           2,298         29         20                           A-6611 
02CE    DOS FRANJAS CELESTES      2,112           2,113         29         20                           A-6612 
02CE    DOS FRANJAS CELESTES      2,146           2,147         29         20                           A-6613 
02CE    DOS FRANJAS CELESTES      2,277           2,278         29         20                           A-6614 
02CE    DOS FRANJAS CELESTES      2,002           2,003         18         20                           A-6615 
02CE    DOS FRANJAS CELESTES      2,193           2,194         18         20                           A-6616 
02CE    DOS FRANJAS CELESTES      2,264           2,265         29         20                           A-6617 
02CE    DOS FRANJAS CELESTES      2,122           2,123         18         20                           A-6618 
02CE    DOS FRANJAS CELESTES      2,048           2,049         18         20                           A-6619 
02CE    DOS FRANJAS CELESTES      2,008           2,009         18         20                           A-6620 









EMPRESA NACIONAL DE MINERIA (ENM) PRODUCTOR          PACKING LIST                             PAG.  :   2
NATIONAL MINING COMPANY                       CODIGO DE LOTE   : A-6576                      FECHA :03/02/2020
                                              -----------------------------
FLUJO        : 
DESCRIPCION  : CATODOS GRADO A
N° INSTR. DE EMBARQUE : 25734
CLIENTE      : SKAGEN MAERSK
Lote Sipa    : 

----------------------------------------------------------------------------------------------------------------------------- 
MARCA       DESCRIPCION         PESO NETO      PESO BRUTO     GRUPO     UNIDADES       UBICACION         SERIE                
-----------------------------------------------------------------------------------------------------------------------------

02CE    DOS FRANJAS CELESTES      2,013           2,014         18         20                           A-6621 
02CE    DOS FRANJAS CELESTES      2,038           2,039         26         20                           A-6622 
02CE    DOS FRANJAS CELESTES      2,299           2,300         26         20                           A-6623 
02CE    DOS FRANJAS CELESTES      2,057           2,058         18         20                           A-6624 
02CE    DOS FRANJAS CELESTES      2,264           2,265         29         20                           A-6625 
02CE    DOS FRANJAS CELESTES      2,134           2,135         29         20                           A-6626 
02CE    DOS FRANJAS CELESTES      1,915           1,916         29         20                           A-6627 
02CE    DOS FRANJAS CELESTES      2,294           2,295         26         20                           A-6628 
02CE    DOS FRANJAS CELESTES      2,252           2,253         26         20                           A-6629 
02CE    DOS FRANJAS CELESTES      1,904           1,905         26         20                           A-6630 
02CE    DOS FRANJAS CELESTES      2,003           2,004         18         20                           A-6631 
02CE    DOS FRANJAS CELESTES      2,124           2,125         26         20                           A-6632 
02CE    DOS FRANJAS CELESTES      2,162           2,163         29         20                           A-6633 
02CE    DOS FRANJAS CELESTES      2,073           2,074         29         20                           A-6634 
02CE    DOS FRANJAS CELESTES      2,178           2,179         26         20                           A-6635 
02CE    DOS FRANJAS CELESTES      2,134           2,135         26         20                           A-6636 
02CE    DOS FRANJAS CELESTES      1,938           1,939         26         20                           A-6637 
02CE    DOS FRANJAS CELESTES      2,286           2,287         26         20                           A-6638 
02CE    DOS FRANJAS CELESTES      2,336           2,337         29         20                           A-6639 
02CE    DOS FRANJAS CELESTES      2,355           2,356         29         20                           A-6640 
02CE    DOS FRANJAS CELESTES      2,258           2,259         26         20                           A-6641 
02CE    DOS FRANJAS CELESTES      2,296           2,297         18         20                           A-6642 
02CE    DOS FRANJAS CELESTES      2,318           2,319         26         20                           A-6643 
02CE    DOS FRANJAS CELESTES      2,408           2,409         18         20                           A-6644 
02CE    DOS FRANJAS CELESTES      2,218           2,219         18         20                           A-6645 
02CE    DOS FRANJAS CELESTES      2,256           2,257         29         20                           A-6646 
02CE    DOS FRANJAS CELESTES      2,425           2,426         26         20                           A-6647 
02CE    DOS FRANJAS CELESTES      1,921           1,922         26         20                           A-6648 
02CE    DOS FRANJAS CELESTES      2,073           2,074         26         20                           A-6649 
02CE    DOS FRANJAS CELESTES      2,158           2,159         26         20                           A-6650 
02CE    DOS FRANJAS CELESTES      2,083           2,084         26         20                           A-6651 
02CE    DOS FRANJAS CELESTES      2,101           2,102         26         20                           A-6652 
02CE    DOS FRANJAS CELESTES      2,241           2,242         26         20                           A-6653 
02CE    DOS FRANJAS CELESTES      2,070           2,071         29         20                           A-6654 
02CE    DOS FRANJAS CELESTES      2,137           2,138         42         20                           A-6655 
02CE    DOS FRANJAS CELESTES      2,113           2,114         42         20                           A-6656 
02CE    DOS FRANJAS CELESTES      2,158           2,159         42         20                           A-6657 
02CE    DOS FRANJAS CELESTES      2,199           2,200         42         20                           A-6658 
02CE    DOS FRANJAS CELESTES      2,174           2,175         42         20                           A-6659 
02CE    DOS FRANJAS CELESTES      2,344           2,345         42         20                           A-6660 
02CE    DOS FRANJAS CELESTES      2,019           2,020         42         20                           A-6661 
02CE    DOS FRANJAS CELESTES      2,340           2,341         42         20                           A-6662 
02CE    DOS FRANJAS CELESTES      2,256           2,257         42         20                           A-6663 
02CE    DOS FRANJAS CELESTES      2,185           2,186         42         20                           A-6664 
02CE    DOS FRANJAS CELESTES      2,479           2,480         42         20                           A-6665 









EMPRESA NACIONAL DE MINERIA (ENM) PRODUCTOR          PACKING LIST                             PAG.  :   3
NATIONAL MINING COMPANY                       CODIGO DE LOTE   : A-6576                      FECHA :03/02/2020
                                              -----------------------------
FLUJO        : 
DESCRIPCION  : CATODOS GRADO A
N° INSTR. DE EMBARQUE : 25734
CLIENTE      : SKAGEN MAERSK
Lote Sipa    : 

----------------------------------------------------------------------------------------------------------------------------- 
MARCA       DESCRIPCION         PESO NETO      PESO BRUTO     GRUPO     UNIDADES       UBICACION         SERIE                
-----------------------------------------------------------------------------------------------------------------------------

02CE    DOS FRANJAS CELESTES      2,339           2,340         42         20                           A-6666 
02CE    DOS FRANJAS CELESTES      2,147           2,148         42         20                           A-6667 


------------------------------------------------------------------------------------------------------------------------
T.SUB-LOTES              TOT.PAQUETES =92      TOT.UNID. = 1840   T/P NETO (kg) = 199,880      T/P BRUTO (kg) = 199,972
------------------------------------------------------------------------------------------------------------------------
