
EMPRESA NACIONAL DE MINERIA (ENM) PRODUCTOR          PACKING LIST                             PAG.  :   1
NATIONAL MINING COMPANY                       CODIGO DE LOTE   : A-24200                      FECHA :15/02/2018
                                              -----------------------------
FLUJO        : 
DESCRIPCION  : RESTOS ANODOS TTE A EMBARQUE
N° INSTR. DE EMBARQUE : 55139
CLIENTE      : 
Lote Sipa    : 18010100

----------------------------------------------------------------------------------------------------------------------------- 
MARCA       DESCRIPCION         PESO NETO      PESO BRUTO     GRUPO     UNIDADES       UBICACION         SERIE                
-----------------------------------------------------------------------------------------------------------------------------

01CE    FRANJA CELESTE            1,502           1,503         1C         30                           A-24200
01CE    FRANJA CELESTE            1,328           1,329         1C         30                           A-24201
01CE    FRANJA CELESTE            1,384           1,385         1C         30                           A-24202
01CE    FRANJA CELESTE            1,166           1,167         1C         30                           A-24203
01CE    FRANJA CELESTE            1,258           1,259         1C         30                           A-24204
01CE    FRANJA CELESTE            1,538           1,539         1C         30                           A-24205
01CE    FRANJA CELESTE            1,554           1,555         1C         30                           A-24206
01CE    FRANJA CELESTE            1,358           1,359         1C         30                           A-24207
01CE    FRANJA CELESTE            1,746           1,747         1C         30                           A-24208
01CE    FRANJA CELESTE            1,699           1,700         1C         30                           A-24209
01CE    FRANJA CELESTE            1,453           1,454         1C         30                           A-24210
01CE    FRANJA CELESTE            1,411           1,412         1C         30                           A-24211
01CE    FRANJA CELESTE            1,507           1,508         1C         30                           A-24212
01CE    FRANJA CELESTE            1,624           1,625         1C         30                           A-24213
01CE    FRANJA CELESTE            1,373           1,374         1C         30                           A-24214
01CE    FRANJA CELESTE            1,440           1,441         1C         30                           A-24215
01CE    FRANJA CELESTE            1,539           1,540         1C         30                           A-24216
01CE    FRANJA CELESTE            1,449           1,450         1C         30                           A-24217
01CE    FRANJA CELESTE            1,373           1,374         1C         30                           A-24218
01CE    FRANJA CELESTE            1,496           1,497         1C         30                           A-24219
01CE    FRANJA CELESTE            1,380           1,381         1C         30                           A-24220
01CE    FRANJA CELESTE            1,573           1,574         1C         30                           A-24221
01CE    FRANJA CELESTE            1,626           1,627         1C         30                           A-24222
01CE    FRANJA CELESTE            1,518           1,519         1C         30                           A-24223
01CE    FRANJA CELESTE            1,432           1,433         1C         30                           A-24224
01CE    FRANJA CELESTE            1,328           1,329         1C         30                           A-24225
01CE    FRANJA CELESTE            1,792           1,793         1C         30                           A-24226
01CE    FRANJA CELESTE            1,366           1,367         1C         30                           A-24227
01CE    FRANJA CELESTE            1,515           1,516         1C         30                           A-24228
01CE    FRANJA CELESTE            1,616           1,617         1C         30                           A-24229
01CE    FRANJA CELESTE            1,524           1,525         1C         30                           A-24230
01CE    FRANJA CELESTE            1,318           1,319         1C         30                           A-24231
01CE    FRANJA CELESTE            1,349           1,350         1C         30                           A-24232
01CE    FRANJA CELESTE            1,384           1,385         1C         30                           A-24233
01CE    FRANJA CELESTE            1,331           1,332         1C         30                           A-24234
01CE    FRANJA CELESTE            1,425           1,426         1C         30                           A-24235
01CE    FRANJA CELESTE            1,356           1,357         1C         30                           A-24236
01CE    FRANJA CELESTE            1,369           1,370         1C         30                           A-24237
01CE    FRANJA CELESTE            1,371           1,372         1C         30                           A-24238
01CE    FRANJA CELESTE            1,547           1,548         1C         30                           A-24239
01CE    FRANJA CELESTE            1,639           1,640         1C         30                           A-24240
01CE    FRANJA CELESTE            1,645           1,646         1C         30                           A-24241
01CE    FRANJA CELESTE            1,548           1,549         1C         30                           A-24242
01CE    FRANJA CELESTE            1,741           1,742         1C         30                           A-24243
01CE    FRANJA CELESTE            1,458           1,459         1C         30                           A-24244









EMPRESA NACIONAL DE MINERIA (ENM) PRODUCTOR          PACKING LIST                             PAG.  :   2
NATIONAL MINING COMPANY                       CODIGO DE LOTE   : A-24200                      FECHA :15/02/2018
                                              -----------------------------
FLUJO        : 
DESCRIPCION  : RESTOS ANODOS TTE A EMBARQUE
N° INSTR. DE EMBARQUE : 55139
CLIENTE      : 
Lote Sipa    : 18010100

----------------------------------------------------------------------------------------------------------------------------- 
MARCA       DESCRIPCION         PESO NETO      PESO BRUTO     GRUPO     UNIDADES       UBICACION         SERIE                
-----------------------------------------------------------------------------------------------------------------------------

01CE    FRANJA CELESTE            1,343           1,344         1C         30                           A-24245
01CE    FRANJA CELESTE            1,481           1,482         1C         30                           A-24246
01CE    FRANJA CELESTE            1,540           1,541         1C         30                           A-24247
01CE    FRANJA CELESTE            1,492           1,493         1C         30                           A-24248
01CE    FRANJA CELESTE            1,259           1,260         1C         30                           A-24249
01CE    FRANJA CELESTE            1,353           1,354         1C         30                           A-24250
01CE    FRANJA CELESTE            1,553           1,554         1C         30                           A-24251
01CE    FRANJA CELESTE            1,475           1,476         1C         30                           A-24252
01CE    FRANJA CELESTE            1,743           1,744         1C         30                           A-24253
01CE    FRANJA CELESTE            1,393           1,394         1C         30                           A-24254
01CE    FRANJA CELESTE            1,678           1,679         1C         30                           A-24255
01CE    FRANJA CELESTE            1,344           1,345         1C         30                           A-24256
01CE    FRANJA CELESTE            1,493           1,494         1C         30                           A-24257
01CE    FRANJA CELESTE            1,431           1,432         1C         30                           A-24258
01CE    FRANJA CELESTE            1,446           1,447         1C         30                           A-24259
01CE    FRANJA CELESTE            1,120           1,121         1C         30                           A-24260
01CE    FRANJA CELESTE            1,360           1,361         1C         30                           A-24261
01CE    FRANJA CELESTE            1,662           1,663         1C         30                           A-24262
01CE    FRANJA CELESTE            1,323           1,324         1C         30                           A-24263
01CE    FRANJA CELESTE            1,459           1,460         1C         30                           A-24264
01CE    FRANJA CELESTE            1,240           1,241         1C         30                           A-24265
01CE    FRANJA CELESTE            1,361           1,362         1C         30                           A-24266
01CE    FRANJA CELESTE            1,715           1,716         1C         30                           A-24267
01CE    FRANJA CELESTE            1,328           1,329         1C         30                           A-24268
01CE    FRANJA CELESTE            1,319           1,320         1C         30                           A-24269
01CE    FRANJA CELESTE            1,494           1,495         1C         30                           A-24270
01CE    FRANJA CELESTE            1,628           1,629         1C         30                           A-24271
01CE    FRANJA CELESTE            1,392           1,393         1C         30                           A-24272
01CE    FRANJA CELESTE            1,332           1,333         1C         30                           A-24273
01CE    FRANJA CELESTE            1,429           1,430         1C         30                           A-24274
01CE    FRANJA CELESTE            1,622           1,623         1C         30                           A-24275
01CE    FRANJA CELESTE            1,326           1,327         1C         30                           A-24276
01CE    FRANJA CELESTE            1,359           1,360         1C         30                           A-24277
01CE    FRANJA CELESTE            1,475           1,476         1C         30                           A-24278
01CE    FRANJA CELESTE            1,318           1,319         1C         30                           A-24279
01CE    FRANJA CELESTE            1,403           1,404         1C         30                           A-24280
01CE    FRANJA CELESTE            1,437           1,438         1C         30                           A-24281
01CE    FRANJA CELESTE            1,171           1,172         1C         30                           A-24282
01CE    FRANJA CELESTE            1,191           1,192         1C         30                           A-24283
01CE    FRANJA CELESTE            1,114           1,115         1C         30                           A-24284
01CE    FRANJA CELESTE            1,324           1,325         1C         30                           A-24285
01CE    FRANJA CELESTE            1,424           1,425         1C         30                           A-24286
01CE    FRANJA CELESTE            1,376           1,377         1C         30                           A-24287
01CE    FRANJA CELESTE            1,381           1,382         1C         30                           A-24288
01CE    FRANJA CELESTE            1,425           1,426         1C         30                           A-24289









EMPRESA NACIONAL DE MINERIA (ENM) PRODUCTOR          PACKING LIST                             PAG.  :   3
NATIONAL MINING COMPANY                       CODIGO DE LOTE   : A-24200                      FECHA :15/02/2018
                                              -----------------------------
FLUJO        : 
DESCRIPCION  : RESTOS ANODOS TTE A EMBARQUE
N° INSTR. DE EMBARQUE : 55139
CLIENTE      : 
Lote Sipa    : 18010100

----------------------------------------------------------------------------------------------------------------------------- 
MARCA       DESCRIPCION         PESO NETO      PESO BRUTO     GRUPO     UNIDADES       UBICACION         SERIE                
-----------------------------------------------------------------------------------------------------------------------------

01CE    FRANJA CELESTE            1,426           1,427         1C         30                           A-24290
01CE    FRANJA CELESTE            1,436           1,437         1C         30                           A-24291
01CE    FRANJA CELESTE            1,449           1,450         1C         30                           A-24292
01CE    FRANJA CELESTE            1,384           1,385         1C         30                           A-24293
01CE    FRANJA CELESTE            1,516           1,517         1C         30                           A-24294
01CE    FRANJA CELESTE            1,497           1,498         1C         30                           A-24295
01CE    FRANJA CELESTE            1,478           1,479         1C         30                           A-24296
01CE    FRANJA CELESTE            1,561           1,562         1C         30                           A-24297
01CE    FRANJA CELESTE            1,335           1,336         1C         30                           A-24298
01CE    FRANJA CELESTE            1,512           1,513         1C         30                           A-24299
01CE    FRANJA CELESTE            1,334           1,335         1C         30                           A-24300
01CE    FRANJA CELESTE            1,198           1,199         1C         30                           A-24301
01CE    FRANJA CELESTE            1,511           1,512         1C         30                           A-24302
01CE    FRANJA CELESTE            1,564           1,565         1C         30                           A-24303
01CE    FRANJA CELESTE            1,427           1,428         1C         30                           A-24304
01CE    FRANJA CELESTE            1,616           1,617         1C         30                           A-24305
01CE    FRANJA CELESTE            1,542           1,543         1C         30                           A-24306
01CE    FRANJA CELESTE            1,529           1,530         1C         30                           A-24307
01CE    FRANJA CELESTE            1,199           1,200         1C         30                           A-24308
01CE    FRANJA CELESTE            1,275           1,276         1C         30                           A-24309
01CE    FRANJA CELESTE            1,437           1,438         1C         30                           A-24310
01CE    FRANJA CELESTE            1,245           1,246         1C         30                           A-24311
01CE    FRANJA CELESTE            1,620           1,621         1C         30                           A-24312
01CE    FRANJA CELESTE            1,323           1,324         1C         30                           A-24313
01CE    FRANJA CELESTE            1,322           1,323         1C         30                           A-24314
01CE    FRANJA CELESTE            1,268           1,269         1C         30                           A-24315
01CE    FRANJA CELESTE            1,295           1,296         1C         30                           A-24316
01CE    FRANJA CELESTE            1,493           1,494         1C         30                           A-24317
01CE    FRANJA CELESTE            1,671           1,672         1C         30                           A-24318
01CE    FRANJA CELESTE            1,252           1,253         1C         30                           A-24319
01CE    FRANJA CELESTE            1,508           1,509         1C         30                           A-24320
01CE    FRANJA CELESTE            1,382           1,383         1C         30                           A-24321
01CE    FRANJA CELESTE            1,276           1,277         1C         30                           A-24322
01CE    FRANJA CELESTE            1,542           1,543         1C         30                           A-24323
01CE    FRANJA CELESTE            1,561           1,562         1C         30                           A-24324
01CE    FRANJA CELESTE            1,459           1,460         1C         30                           A-24325
01CE    FRANJA CELESTE            1,772           1,773         1C         30                           A-24326
01CE    FRANJA CELESTE            1,367           1,368         1C         30                           A-24327
01CE    FRANJA CELESTE            1,230           1,231         1C         30                           A-24328
01CE    FRANJA CELESTE            1,459           1,460         1C         30                           A-24329
01CE    FRANJA CELESTE            1,328           1,329         1C         30                           A-24330
01CE    FRANJA CELESTE            1,417           1,418         1C         30                           A-24331
01CE    FRANJA CELESTE            1,458           1,459         1C         30                           A-24332
01CE    FRANJA CELESTE            1,570           1,571         1C         30                           A-24333
01CE    FRANJA CELESTE            1,604           1,605         1C         30                           A-24334









EMPRESA NACIONAL DE MINERIA (ENM) PRODUCTOR          PACKING LIST                             PAG.  :   4
NATIONAL MINING COMPANY                       CODIGO DE LOTE   : A-24200                      FECHA :15/02/2018
                                              -----------------------------
FLUJO        : 
DESCRIPCION  : RESTOS ANODOS TTE A EMBARQUE
N° INSTR. DE EMBARQUE : 55139
CLIENTE      : 
Lote Sipa    : 18010100

----------------------------------------------------------------------------------------------------------------------------- 
MARCA       DESCRIPCION         PESO NETO      PESO BRUTO     GRUPO     UNIDADES       UBICACION         SERIE                
-----------------------------------------------------------------------------------------------------------------------------

01CE    FRANJA CELESTE            1,413           1,414         1C         30                           A-24335
01CE    FRANJA CELESTE            1,473           1,474         1C         30                           A-24336
01CE    FRANJA CELESTE            1,558           1,559         1C         30                           A-24337
01CE    FRANJA CELESTE            1,483           1,484         1C         30                           A-24338
01CE    FRANJA CELESTE            1,638           1,639         1C         30                           A-24339
01CE    FRANJA CELESTE            1,466           1,467         1C         30                           A-24340
01CE    FRANJA CELESTE            1,494           1,495         1C         30                           A-24341
01CE    FRANJA CELESTE            1,341           1,342         1C         30                           A-24342
01CE    FRANJA CELESTE            1,149           1,150         1C         30                           A-24343
01CE    FRANJA CELESTE            1,336           1,337         1C         30                           A-24344
01CE    FRANJA CELESTE            1,428           1,429         1C         30                           A-24345
01CE    FRANJA CELESTE            1,307           1,308         1C         30                           A-24346
01CE    FRANJA CELESTE            1,488           1,489         1C         30                           A-24347
01CE    FRANJA CELESTE            1,421           1,422         1C         30                           A-24348
01CE    FRANJA CELESTE            1,495           1,496         1C         30                           A-24349
01CE    FRANJA CELESTE            1,225           1,226         1C         30                           A-24350
01CE    FRANJA CELESTE            1,359           1,360         1C         30                           A-24351
01CE    FRANJA CELESTE            1,420           1,421         1C         30                           A-24352
01CE    FRANJA CELESTE            1,230           1,231         1C         30                           A-24353
01CE    FRANJA CELESTE            1,261           1,262         1C         30                           A-24354
01CE    FRANJA CELESTE            1,371           1,372         1C         30                           A-24355
01CE    FRANJA CELESTE            1,397           1,398         1C         30                           A-24356
01CE    FRANJA CELESTE            1,258           1,259         1C         30                           A-24357
01CE    FRANJA CELESTE            1,322           1,323         1C         30                           A-24358
01CE    FRANJA CELESTE            1,540           1,541         1C         30                           A-24359
01CE    FRANJA CELESTE            1,554           1,555         1C         30                           A-24360
01CE    FRANJA CELESTE            1,431           1,432         1C         30                           A-24361
01CE    FRANJA CELESTE            1,377           1,378         1C         30                           A-24362
01CE    FRANJA CELESTE            1,315           1,316         1C         30                           A-24363
01CE    FRANJA CELESTE            1,522           1,523         1C         30                           A-24364
01CE    FRANJA CELESTE            1,401           1,402         1C         30                           A-24365
01CE    FRANJA CELESTE            1,383           1,384         1C         30                           A-24366
01CE    FRANJA CELESTE            1,698           1,699         1C         30                           A-24367
01CE    FRANJA CELESTE            1,545           1,546         1C         30                           A-24368
01CE    FRANJA CELESTE            1,967           1,968         1C         30                           A-24369
01CE    FRANJA CELESTE            1,409           1,410         1C         30                           A-24370
01CE    FRANJA CELESTE            1,890           1,891         1C         30                           A-24371
01CE    FRANJA CELESTE            1,606           1,607         1C         30                           A-24372


------------------------------------------------------------------------------------------------------------------------
T.SUB-LOTES              TOT.PAQUETES =173      TOT.UNID. = 5190   T/P NETO (kg) = 249,500      T/P BRUTO (kg) = 249,673
------------------------------------------------------------------------------------------------------------------------
