
EMPRESA NACIONAL DE MINERIA (ENM) PRODUCTOR          PACKING LIST                             PAG.  :   1
NATIONAL MINING COMPANY                       CODIGO DE LOTE   : L-2771                      FECHA :24/12/2019
                                              -----------------------------
FLUJO        : 
DESCRIPCION  : CATODOS EW CERRO NEGRO
N° INSTR. DE EMBARQUE : 25687
CLIENTE      : MAERSK VIRGINIA
Lote Sipa    : 19100144

----------------------------------------------------------------------------------------------------------------------------- 
MARCA       DESCRIPCION         PESO NETO      PESO BRUTO     GRUPO     UNIDADES       UBICACION         SERIE                
-----------------------------------------------------------------------------------------------------------------------------

02NE    DOS FRANJAS NEGRAS        1,946           1,947                    31                           J-2787 
02NE    DOS FRANJAS NEGRAS        1,986           1,987                    31                           J-2788 
02NE    DOS FRANJAS NEGRAS        2,020           2,021                    31                           J-2789 
02NE    DOS FRANJAS NEGRAS        1,950           1,951                    30                           J-2790 
02NE    DOS FRANJAS NEGRAS        1,973           1,974                    31                           J-2791 
02NE    DOS FRANJAS NEGRAS        2,040           2,041                    33                           J-2792 
02NE    DOS FRANJAS NEGRAS        2,028           2,029                    31                           J-2793 
02NE    DOS FRANJAS NEGRAS        2,002           2,003                    30                           J-2794 
02NE    DOS FRANJAS NEGRAS        2,067           2,068                    33                           J-2795 
02NE    DOS FRANJAS NEGRAS        1,998           1,999                    30                           J-2796 
02NE    DOS FRANJAS NEGRAS        1,996           1,997                    30                           J-2797 
02NE    DOS FRANJAS NEGRAS        1,975           1,976                    30                           J-2798 
02NE    DOS FRANJAS NEGRAS        2,072           2,073                    36                           J-2799 
02NE    DOS FRANJAS NEGRAS        1,975           1,976                    32                           J-2800 
02NE    DOS FRANJAS NEGRAS        2,044           2,045                    31                           J-2801 
02NE    DOS FRANJAS NEGRAS        2,044           2,045                    28                           L-2771 
02NE    DOS FRANJAS NEGRAS        1,979           1,980                    28                           L-2772 
02NE    DOS FRANJAS NEGRAS        1,969           1,970                    30                           L-2773 
02NE    DOS FRANJAS NEGRAS        2,035           2,036                    28                           L-2774 
02NE    DOS FRANJAS NEGRAS        2,035           2,036                    28                           L-2775 
02NE    DOS FRANJAS NEGRAS        1,992           1,993                    29                           L-2776 
02NE    DOS FRANJAS NEGRAS        2,000           2,001                    31                           L-2777 
02NE    DOS FRANJAS NEGRAS        1,985           1,986                    31                           L-2778 
02NE    DOS FRANJAS NEGRAS        2,041           2,042                    31                           L-2779 
02NE    DOS FRANJAS NEGRAS        1,998           1,999                    28                           L-2780 
02NE    DOS FRANJAS NEGRAS        1,907           1,908                    27                           L-2781 
02NE    DOS FRANJAS NEGRAS        1,989           1,990                    28                           L-2782 
02NE    DOS FRANJAS NEGRAS        2,038           2,039                    34                           L-2783 
02NE    DOS FRANJAS NEGRAS        2,037           2,038                    28                           L-2784 
02NE    DOS FRANJAS NEGRAS        1,968           1,969                    27                           L-2785 


------------------------------------------------------------------------------------------------------------------------
T.SUB-LOTES              TOT.PAQUETES =30      TOT.UNID. = 906   T/P NETO (kg) = 60,089      T/P BRUTO (kg) = 60,119
------------------------------------------------------------------------------------------------------------------------
