
EMPRESA NACIONAL DE MINERIA (ENM) PRODUCTOR          PACKING LIST                             PAG.  :   1
NATIONAL MINING COMPANY                       CODIGO DE LOTE   : M-16130                      FECHA :10/01/2020
                                              -----------------------------
FLUJO        : 
DESCRIPCION  : CATODOS GRADO A
N° INSTR. DE EMBARQUE : 25697
CLIENTE      : NORDIC BEIJING
Lote Sipa    : 19120700

----------------------------------------------------------------------------------------------------------------------------- 
MARCA       DESCRIPCION         PESO NETO      PESO BRUTO     GRUPO     UNIDADES       UBICACION         SERIE                
-----------------------------------------------------------------------------------------------------------------------------

X0NE    EQUIS NEGRA               2,170           2,171         06         20                           M-16130
X0NE    EQUIS NEGRA               2,212           2,213         06         20                           M-16131
X0NE    EQUIS NEGRA               2,213           2,214         34         20                           M-16132
X0NE    EQUIS NEGRA               2,172           2,173         34         20                           M-16133
X0NE    EQUIS NEGRA               2,135           2,136         34         20                           M-16134
X0NE    EQUIS NEGRA               2,067           2,068         06         20                           M-16135
X0NE    EQUIS NEGRA               2,005           2,006         34         20                           M-16136
X0NE    EQUIS NEGRA               2,170           2,171         34         20                           M-16137
X0NE    EQUIS NEGRA               2,166           2,167         34         20                           M-16138
X0NE    EQUIS NEGRA               2,191           2,192         22         20                           M-16139
X0NE    EQUIS NEGRA               2,278           2,279         22         20                           M-16140
X0NE    EQUIS NEGRA               2,022           2,023         22         20                           M-16141
X0NE    EQUIS NEGRA               2,277           2,278         23         20                           M-16142
X0NE    EQUIS NEGRA               1,998           1,999         23         20                           M-16143
X0NE    EQUIS NEGRA               2,263           2,264         23         20                           M-16144
X0NE    EQUIS NEGRA               2,063           2,064         34         20                           M-16145
X0NE    EQUIS NEGRA               2,047           2,048         34         20                           M-16146
X0NE    EQUIS NEGRA               2,090           2,091         34         20                           M-16147
X0NE    EQUIS NEGRA               2,290           2,291         34         20                           M-16148
X0NE    EQUIS NEGRA               2,293           2,294         23         20                           M-16149
X0NE    EQUIS NEGRA               2,108           2,109         23         20                           M-16150
X0NE    EQUIS NEGRA               2,199           2,200         34         20                           M-16151
X0NE    EQUIS NEGRA               2,164           2,165         23         20                           M-16152
X0NE    EQUIS NEGRA               2,091           2,092         23         20                           M-16153
X0NE    EQUIS NEGRA               2,022           2,023         34         20                           M-16154
X0NE    EQUIS NEGRA               2,206           2,207         06         20                           M-16155
X0NE    EQUIS NEGRA               2,247           2,248         23         20                           M-16156
X0NE    EQUIS NEGRA               1,912           1,913         23         20                           M-16157
X0NE    EQUIS NEGRA               2,241           2,242         23         20                           M-16158
X0NE    EQUIS NEGRA               2,254           2,255         23         20                           M-16159
X0NE    EQUIS NEGRA               1,980           1,981         23         20                           M-16160
X0NE    EQUIS NEGRA               1,933           1,934         23         20                           M-16161
X0NE    EQUIS NEGRA               2,072           2,073         06         20                           M-16162
X0NE    EQUIS NEGRA               1,978           1,979         23         20                           M-16163
X0NE    EQUIS NEGRA               2,238           2,239         23         20                           M-16164
X0NE    EQUIS NEGRA               2,358           2,359         06         20                           M-16165
X0NE    EQUIS NEGRA               2,152           2,153         23         20                           M-16166
X0NE    EQUIS NEGRA               2,278           2,279         06         20                           M-16167
X0NE    EQUIS NEGRA               2,270           2,271         06         20                           M-16168
X0NE    EQUIS NEGRA               2,115           2,116         06         20                           M-16169
X0NE    EQUIS NEGRA               2,049           2,050         06         20                           M-16170
X0NE    EQUIS NEGRA               2,472           2,473         06         20                           M-16171
X0NE    EQUIS NEGRA               2,418           2,419         06         20                           M-16172
X0NE    EQUIS NEGRA               2,255           2,256         06         20                           M-16173
X0NE    EQUIS NEGRA               2,445           2,446         06         20                           M-16174









EMPRESA NACIONAL DE MINERIA (ENM) PRODUCTOR          PACKING LIST                             PAG.  :   2
NATIONAL MINING COMPANY                       CODIGO DE LOTE   : M-16130                      FECHA :10/01/2020
                                              -----------------------------
FLUJO        : 
DESCRIPCION  : CATODOS GRADO A
N° INSTR. DE EMBARQUE : 25697
CLIENTE      : NORDIC BEIJING
Lote Sipa    : 19120700

----------------------------------------------------------------------------------------------------------------------------- 
MARCA       DESCRIPCION         PESO NETO      PESO BRUTO     GRUPO     UNIDADES       UBICACION         SERIE                
-----------------------------------------------------------------------------------------------------------------------------

X0NE    EQUIS NEGRA               2,250           2,251         06         20                           M-16175
X0NE    EQUIS NEGRA               2,386           2,387         06         20                           M-16176
X0NE    EQUIS NEGRA               2,218           2,219         06         20                           M-16177
X0NE    EQUIS NEGRA               2,236           2,237         06         20                           M-16178
X0NE    EQUIS NEGRA               2,358           2,359         06         20                           M-16179
X0NE    EQUIS NEGRA               2,416           2,417         48         20                           M-16180
X0NE    EQUIS NEGRA               2,296           2,297         06         20                           M-16181
X0NE    EQUIS NEGRA               2,389           2,390         06         20                           M-16182
X0NE    EQUIS NEGRA               2,399           2,400         06         20                           M-16183
X0NE    EQUIS NEGRA               2,144           2,145         06         20                           M-16184
X0NE    EQUIS NEGRA               2,213           2,214         48         20                           M-16185
X0NE    EQUIS NEGRA               2,448           2,449         06         20                           M-16186
X0NE    EQUIS NEGRA               2,305           2,306         48         20                           M-16187
X0NE    EQUIS NEGRA               2,208           2,209         23         20                           M-16188
X0NE    EQUIS NEGRA               2,366           2,367         06         20                           M-16189
X0NE    EQUIS NEGRA               2,326           2,327         06         20                           M-16190
X0NE    EQUIS NEGRA               2,215           2,216         06         20                           M-16191
X0NE    EQUIS NEGRA               2,109           2,110         06         20                           M-16192
X0NE    EQUIS NEGRA               2,258           2,259         23         20                           M-16193
X0NE    EQUIS NEGRA               2,389           2,390         48         20                           M-16194
X0NE    EQUIS NEGRA               2,429           2,430         06         20                           M-16195
X0NE    EQUIS NEGRA               2,449           2,450         06         20                           M-16196
X0NE    EQUIS NEGRA               2,044           2,045         06         20                           M-16197
X0NE    EQUIS NEGRA               2,219           2,220         23         20                           M-16198
X0NE    EQUIS NEGRA               2,483           2,484         06         20                           M-16199
X0NE    EQUIS NEGRA               2,235           2,236         23         20                           M-16200
X0NE    EQUIS NEGRA               2,024           2,025         06         20                           M-16201
X0NE    EQUIS NEGRA               2,548           2,549         06         20                           M-16202
X0NE    EQUIS NEGRA               2,136           2,137         23         20                           M-16203
X0NE    EQUIS NEGRA               2,434           2,435         48         20                           M-16204
X0NE    EQUIS NEGRA               2,104           2,105         23         20                           M-16205
X0NE    EQUIS NEGRA               2,068           2,069         06         20                           M-16206
X0NE    EQUIS NEGRA               2,462           2,463         48         20                           M-16207
X0NE    EQUIS NEGRA               1,978           1,979         06         20                           M-16208
X0NE    EQUIS NEGRA               2,353           2,354         48         20                           M-16209
X0NE    EQUIS NEGRA               2,430           2,431         06         20                           M-16210
X0NE    EQUIS NEGRA               1,960           1,961         48         20                           M-16211
X0NE    EQUIS NEGRA               2,540           2,541         48         20                           M-16212
X0NE    EQUIS NEGRA               2,519           2,520         48         20                           M-16213
X0NE    EQUIS NEGRA               1,917           1,918         23         20                           M-16214
X0NE    EQUIS NEGRA               2,235           2,236         23         20                           M-16215
X0NE    EQUIS NEGRA               2,091           2,092         23         20                           M-16216
X0NE    EQUIS NEGRA               2,246           2,247         48         20                           M-16217
X0NE    EQUIS NEGRA               2,234           2,235         48         20                           M-16218
X0NE    EQUIS NEGRA               2,278           2,279         48         20                           M-16219


------------------------------------------------------------------------------------------------------------------------
T.SUB-LOTES              TOT.PAQUETES =90      TOT.UNID. = 1800   T/P NETO (kg) = 199,924      T/P BRUTO (kg) = 200,014
------------------------------------------------------------------------------------------------------------------------
