
EMPRESA NACIONAL DE MINERIA (ENM) PRODUCTOR          PACKING LIST                             PAG.  :   1
NATIONAL MINING COMPANY                       CODIGO DE LOTE   : F-2867                      FECHA :27/06/2023
                                              -----------------------------
FLUJO        : 
DESCRIPCION  : CATODOS EW CERRO NEGRO
N° INSTR. DE EMBARQUE : 931092
CLIENTE      : 
Lote Sipa    : 23060359

----------------------------------------------------------------------------------------------------------------------------- 
MARCA       DESCRIPCION         PESO NETO      PESO BRUTO     GRUPO     UNIDADES       UBICACION         SERIE                
-----------------------------------------------------------------------------------------------------------------------------

07VE    SIETE VERDE               1,980           1,981                    36                           F-2867 
07VE    SIETE VERDE               2,043           2,044                    38                           F-2868 
07VE    SIETE VERDE               2,045           2,046                    37                           F-2869 
07VE    SIETE VERDE               2,007           2,008                    37                           F-2870 
07VE    SIETE VERDE               2,042           2,043                    36                           F-2871 
07VE    SIETE VERDE               2,008           2,009                    37                           F-2872 
07VE    SIETE VERDE               1,992           1,993                    37                           F-2873 
07VE    SIETE VERDE               2,029           2,030                    38                           F-2874 
07VE    SIETE VERDE               2,065           2,066                    39                           F-2875 
07VE    SIETE VERDE               1,962           1,963                    38                           F-2876 
07VE    SIETE VERDE               2,069           2,070                    39                           F-2877 
07VE    SIETE VERDE               2,018           2,019                    36                           F-2878 
07VE    SIETE VERDE               2,010           2,011                    39                           F-2879 
07VE    SIETE VERDE               1,997           1,998                    37                           F-2880 
07VE    SIETE VERDE               1,990           1,991                    35                           F-2881 


------------------------------------------------------------------------------------------------------------------------
T.SUB-LOTES              TOT.PAQUETES =15      TOT.UNID. = 559   T/P NETO (kg) = 30,257      T/P BRUTO (kg) = 30,272
------------------------------------------------------------------------------------------------------------------------
