
EMPRESA NACIONAL DE MINERIA (ENM) PRODUCTOR          PACKING LIST                             PAG.  :   1
NATIONAL MINING COMPANY                       CODIGO DE LOTE   : C-14832                      FECHA :28/03/2018
                                              -----------------------------
FLUJO        : 
DESCRIPCION  : CATODOS GRADO A
N° INSTR. DE EMBARQUE : 24445
CLIENTE      : SANTA RITA
Lote Sipa    : 18030667

----------------------------------------------------------------------------------------------------------------------------- 
MARCA       DESCRIPCION         PESO NETO      PESO BRUTO     GRUPO     UNIDADES       UBICACION         SERIE                
-----------------------------------------------------------------------------------------------------------------------------

01BL    FRANJA BLANCA             2,304           2,305         11         20                           C-14832
01BL    FRANJA BLANCA             2,325           2,326         11         20                           C-14833
01BL    FRANJA BLANCA             2,409           2,410         11         20                           C-14834
01BL    FRANJA BLANCA             2,237           2,238         11         20                           C-14835
01BL    FRANJA BLANCA             2,287           2,288         11         20                           C-14836
01BL    FRANJA BLANCA             2,308           2,309         11         20                           C-14837
01BL    FRANJA BLANCA             2,252           2,253         11         20                           C-14838
01BL    FRANJA BLANCA             2,281           2,282         40         20                           C-14839
01BL    FRANJA BLANCA             2,389           2,390         40         20                           C-14840
01BL    FRANJA BLANCA             2,286           2,287         40         20                           C-14841
01BL    FRANJA BLANCA             2,252           2,253         40         20                           C-14842
01BL    FRANJA BLANCA             2,198           2,199         40         20                           C-14843
01BL    FRANJA BLANCA             2,368           2,369         40         20                           C-14844
01BL    FRANJA BLANCA             2,167           2,168         40         20                           C-14845
01BL    FRANJA BLANCA             2,344           2,345         40         20                           C-14846
01BL    FRANJA BLANCA             2,379           2,380         40         20                           C-14847
01BL    FRANJA BLANCA             2,257           2,258         40         20                           C-14848
01BL    FRANJA BLANCA             2,341           2,342         40         20                           C-14849
01BL    FRANJA BLANCA             2,233           2,234         40         20                           C-14850
01BL    FRANJA BLANCA             2,229           2,230         40         20                           C-14851
01BL    FRANJA BLANCA             2,230           2,231         40         20                           C-14852
01BL    FRANJA BLANCA             2,356           2,357         40         20                           C-14853
01BL    FRANJA BLANCA             2,335           2,336         40         20                           C-14854
01BL    FRANJA BLANCA             2,198           2,199         40         20                           C-14855
01BL    FRANJA BLANCA             2,215           2,216         40         20                           C-14856
01BL    FRANJA BLANCA             2,396           2,397         40         20                           C-14857
01BL    FRANJA BLANCA             2,338           2,339         40         20                           C-14858
01BL    FRANJA BLANCA             2,401           2,402         46         20                           C-14859
01BL    FRANJA BLANCA             2,267           2,268         46         20                           C-14860
01BL    FRANJA BLANCA             2,291           2,292         46         20                           C-14861
01BL    FRANJA BLANCA             2,263           2,264         46         20                           C-14862
01BL    FRANJA BLANCA             2,344           2,345         46         20                           C-14863
01BL    FRANJA BLANCA             2,117           2,118         46         20                           C-14864
01BL    FRANJA BLANCA             2,286           2,287         46         20                           C-14865
01BL    FRANJA BLANCA             2,306           2,307         26         20                           C-14866
01BL    FRANJA BLANCA             2,064           2,065         26         20                           C-14867
01BL    FRANJA BLANCA             1,917           1,918         26         20                           C-14868
01BL    FRANJA BLANCA             2,022           2,023         26         20                           C-14869
01BL    FRANJA BLANCA             2,328           2,329         36         20                           C-14870
01BL    FRANJA BLANCA             2,099           2,100         36         20                           C-14871
01BL    FRANJA BLANCA             1,948           1,949         36         20                           C-14872
01BL    FRANJA BLANCA             1,926           1,927         36         20                           C-14873
01BL    FRANJA BLANCA             2,254           2,255         36         20                           C-14874
01BL    FRANJA BLANCA             2,007           2,008         36         20                           C-14875
01BL    FRANJA BLANCA             2,301           2,302         26         20                           C-14876









EMPRESA NACIONAL DE MINERIA (ENM) PRODUCTOR          PACKING LIST                             PAG.  :   2
NATIONAL MINING COMPANY                       CODIGO DE LOTE   : C-14832                      FECHA :28/03/2018
                                              -----------------------------
FLUJO        : 
DESCRIPCION  : CATODOS GRADO A
N° INSTR. DE EMBARQUE : 24445
CLIENTE      : SANTA RITA
Lote Sipa    : 18030667

----------------------------------------------------------------------------------------------------------------------------- 
MARCA       DESCRIPCION         PESO NETO      PESO BRUTO     GRUPO     UNIDADES       UBICACION         SERIE                
-----------------------------------------------------------------------------------------------------------------------------

01BL    FRANJA BLANCA             1,931           1,932         26         20                           C-14877
01BL    FRANJA BLANCA             2,432           2,433         26         20                           C-14878
01BL    FRANJA BLANCA             2,313           2,314         26         20                           C-14879
01BL    FRANJA BLANCA             1,950           1,951         26         20                           C-14880
01BL    FRANJA BLANCA             2,142           2,143         36         20                           C-14881
01BL    FRANJA BLANCA             1,947           1,948         36         20                           C-14882
01BL    FRANJA BLANCA             2,134           2,135         48         20                           C-14883
01BL    FRANJA BLANCA             2,106           2,107         48         20                           C-14884
01BL    FRANJA BLANCA             2,021           2,022         48         20                           C-14885
01BL    FRANJA BLANCA             2,245           2,246         48         20                           C-14886
01BL    FRANJA BLANCA             2,063           2,064         48         20                           C-14887
01BL    FRANJA BLANCA             2,046           2,047         48         20                           C-14888
01BL    FRANJA BLANCA             2,324           2,325         48         20                           C-14889
01BL    FRANJA BLANCA             2,142           2,143         48         20                           C-14890
01BL    FRANJA BLANCA             2,045           2,046         48         20                           C-14891
01BL    FRANJA BLANCA             2,252           2,253         48         20                           C-14892
01BL    FRANJA BLANCA             2,039           2,040         48         20                           C-14893
01BL    FRANJA BLANCA             2,050           2,051         48         20                           C-14894
01BL    FRANJA BLANCA             2,294           2,295         48         20                           C-14895
01BL    FRANJA BLANCA             2,160           2,161         48         20                           C-14896
01BL    FRANJA BLANCA             2,236           2,237         48         20                           C-14897
01BL    FRANJA BLANCA             2,052           2,053         26         20                           C-14898
01BL    FRANJA BLANCA             2,305           2,306         26         20                           C-14899
01BL    FRANJA BLANCA             2,247           2,248         26         20                           C-14900
01BL    FRANJA BLANCA             2,332           2,333         48         20                           C-14901
01BL    FRANJA BLANCA             2,156           2,157         48         20                           C-14902
01BL    FRANJA BLANCA             2,288           2,289         48         20                           C-14903
01BL    FRANJA BLANCA             1,998           1,999         48         20                           C-14904
01BL    FRANJA BLANCA             1,990           1,991         48         20                           C-14905
01BL    FRANJA BLANCA             2,231           2,232         48         20                           C-14906
01BL    FRANJA BLANCA             2,312           2,313         48         20                           C-14907
01BL    FRANJA BLANCA             2,142           2,143         48         20                           C-14908
01BL    FRANJA BLANCA             2,128           2,129         48         20                           C-14909
01BL    FRANJA BLANCA             1,922           1,923         26         20                           C-14910
01BL    FRANJA BLANCA             2,331           2,332         48         20                           C-14911
01BL    FRANJA BLANCA             2,233           2,234         48         20                           C-14912
01BL    FRANJA BLANCA             2,142           2,143         48         20                           C-14913
01BL    FRANJA BLANCA             2,464           2,465         48         20                           C-14914
01BL    FRANJA BLANCA             1,960           1,961         48         20                           C-14915
01BL    FRANJA BLANCA             1,909           1,910         48         20                           C-14916
01BL    FRANJA BLANCA             2,242           2,243         48         20                           C-14917
01BL    FRANJA BLANCA             2,083           2,084         48         20                           C-14918
01BL    FRANJA BLANCA             1,987           1,988         48         20                           C-14919
01BL    FRANJA BLANCA             2,063           2,064         48         20                           C-14920
01BL    FRANJA BLANCA             2,341           2,342         48         20                           C-14921









EMPRESA NACIONAL DE MINERIA (ENM) PRODUCTOR          PACKING LIST                             PAG.  :   3
NATIONAL MINING COMPANY                       CODIGO DE LOTE   : C-14832                      FECHA :28/03/2018
                                              -----------------------------
FLUJO        : 
DESCRIPCION  : CATODOS GRADO A
N° INSTR. DE EMBARQUE : 24445
CLIENTE      : SANTA RITA
Lote Sipa    : 18030667

----------------------------------------------------------------------------------------------------------------------------- 
MARCA       DESCRIPCION         PESO NETO      PESO BRUTO     GRUPO     UNIDADES       UBICACION         SERIE                
-----------------------------------------------------------------------------------------------------------------------------

01BL    FRANJA BLANCA             2,046           2,047         48         20                           C-14922
01BL    FRANJA BLANCA             2,372           2,373         48         20                           C-14923
01BL    FRANJA BLANCA             2,055           2,056         48         20                           C-14924
01BL    FRANJA BLANCA             2,011           2,012         48         20                           C-14925
01BL    FRANJA BLANCA             2,276           2,277         48         20                           C-14926
01BL    FRANJA BLANCA             2,195           2,196         48         20                           C-14927
01BL    FRANJA BLANCA             2,109           2,110         48         20                           C-14928
01BL    FRANJA BLANCA             2,247           2,248         48         20                           C-14929
01BL    FRANJA BLANCA             2,257           2,258         48         20                           C-14930
01BL    FRANJA BLANCA             2,168           2,169         48         20                           C-14931
01BL    FRANJA BLANCA             2,031           2,032         48         20                           C-14932
01BL    FRANJA BLANCA             2,260           2,261         26         20                           C-14933
01BL    FRANJA BLANCA             2,231           2,232         26         20                           C-14934
01BL    FRANJA BLANCA             2,180           2,181         26         20                           C-14935
01BL    FRANJA BLANCA             2,276           2,277         26         20                           C-14936
01BL    FRANJA BLANCA             2,277           2,278         26         20                           C-14937
01BL    FRANJA BLANCA             2,206           2,207         26         20                           C-14938
01BL    FRANJA BLANCA             2,039           2,040         26         20                           C-14939
01BL    FRANJA BLANCA             2,219           2,220         26         20                           C-14940
01BL    FRANJA BLANCA             2,274           2,275         26         20                           C-14941
01BL    FRANJA BLANCA             2,170           2,171         26         20                           C-14942
01BL    FRANJA BLANCA             1,940           1,941         26         20                           C-14943
01BL    FRANJA BLANCA             2,222           2,223         26         20                           C-14944
01BL    FRANJA BLANCA             2,100           2,101         26         20                           C-14945
01BL    FRANJA BLANCA             1,969           1,970         26         20                           C-14946
01BL    FRANJA BLANCA             2,198           2,199         26         20                           C-14947
01BL    FRANJA BLANCA             1,991           1,992         26         20                           C-14948
01BL    FRANJA BLANCA             2,196           2,197         26         20                           C-14949
01BL    FRANJA BLANCA             2,075           2,076         26         20                           C-14950
01BL    FRANJA BLANCA             2,273           2,274         48         20                           C-14951
01BL    FRANJA BLANCA             2,196           2,197         48         20                           C-14952
01BL    FRANJA BLANCA             2,215           2,216         48         20                           C-14953
01BL    FRANJA BLANCA             2,149           2,150         48         20                           C-14954
01BL    FRANJA BLANCA             2,244           2,245         48         20                           C-14955
01BL    FRANJA BLANCA             2,219           2,220         48         20                           C-14956
01BL    FRANJA BLANCA             2,210           2,211         48         20                           C-14957
01BL    FRANJA BLANCA             2,116           2,117         48         20                           C-14958
01BL    FRANJA BLANCA             2,187           2,188         48         20                           C-14959
01BL    FRANJA BLANCA             2,138           2,139         48         20                           C-14960
01BL    FRANJA BLANCA             2,167           2,168         48         20                           C-14961
01BL    FRANJA BLANCA             2,245           2,246         48         20                           C-14962
01BL    FRANJA BLANCA             2,204           2,205         48         20                           C-14963
01BL    FRANJA BLANCA             2,206           2,207         48         20                           C-14964
01BL    FRANJA BLANCA             2,300           2,301         48         20                           C-14965
01BL    FRANJA BLANCA             2,104           2,105         48         20                           C-14966









EMPRESA NACIONAL DE MINERIA (ENM) PRODUCTOR          PACKING LIST                             PAG.  :   4
NATIONAL MINING COMPANY                       CODIGO DE LOTE   : C-14832                      FECHA :28/03/2018
                                              -----------------------------
FLUJO        : 
DESCRIPCION  : CATODOS GRADO A
N° INSTR. DE EMBARQUE : 24445
CLIENTE      : SANTA RITA
Lote Sipa    : 18030667

----------------------------------------------------------------------------------------------------------------------------- 
MARCA       DESCRIPCION         PESO NETO      PESO BRUTO     GRUPO     UNIDADES       UBICACION         SERIE                
-----------------------------------------------------------------------------------------------------------------------------

01BL    FRANJA BLANCA             2,194           2,195         48         20                           C-14967
01BL    FRANJA BLANCA             2,191           2,192         48         20                           C-14968


------------------------------------------------------------------------------------------------------------------------
T.SUB-LOTES              TOT.PAQUETES =137      TOT.UNID. = 2740   T/P NETO (kg) = 299,933      T/P BRUTO (kg) = 300,070
------------------------------------------------------------------------------------------------------------------------
