
EMPRESA NACIONAL DE MINERIA (ENM) PRODUCTOR          PACKING LIST                             PAG.  :   1
NATIONAL MINING COMPANY                       CODIGO DE LOTE   : J-10212                      FECHA :02/11/2021
                                              -----------------------------
FLUJO        : 
DESCRIPCION  : CATODOS GRADO A
N° INSTR. DE EMBARQUE : 26928
CLIENTE      : SALLY MAERSK
Lote Sipa    : 21100361

----------------------------------------------------------------------------------------------------------------------------- 
MARCA       DESCRIPCION         PESO NETO      PESO BRUTO     GRUPO     UNIDADES       UBICACION         SERIE                
-----------------------------------------------------------------------------------------------------------------------------

X1BL    EQUIS FRANJA BLANCA       2,393           2,394         24         20                           J-10212
X1BL    EQUIS FRANJA BLANCA       2,411           2,412         09         20                           J-10213
X1BL    EQUIS FRANJA BLANCA       2,458           2,459         34         20                           J-10214
X1BL    EQUIS FRANJA BLANCA       2,557           2,558         34         20                           J-10215
X1BL    EQUIS FRANJA BLANCA       2,472           2,473         24         20                           J-10216
X1BL    EQUIS FRANJA BLANCA       2,107           2,108         24         20                           J-10217
X1BL    EQUIS FRANJA BLANCA       2,358           2,359         09         20                           J-10218
X1BL    EQUIS FRANJA BLANCA       2,523           2,524         24         20                           J-10219
X1BL    EQUIS FRANJA BLANCA       2,553           2,554         24         20                           J-10220
X1BL    EQUIS FRANJA BLANCA       2,343           2,344         09         20                           J-10221
X1BL    EQUIS FRANJA BLANCA       2,255           2,256         09         20                           J-10222
X1BL    EQUIS FRANJA BLANCA       2,381           2,382         24         20                           J-10223
X1BL    EQUIS FRANJA BLANCA       2,401           2,402         34         20                           J-10224
X1BL    EQUIS FRANJA BLANCA       2,303           2,304         09         20                           J-10225
X1BL    EQUIS FRANJA BLANCA       2,427           2,428         34         20                           J-10226
X1BL    EQUIS FRANJA BLANCA       2,219           2,220         34         20                           J-10227
X1BL    EQUIS FRANJA BLANCA       2,545           2,546         34         20                           J-10228
X1BL    EQUIS FRANJA BLANCA       2,191           2,192         34         20                           J-10229
X1BL    EQUIS FRANJA BLANCA       2,445           2,446         34         20                           J-10230
X1BL    EQUIS FRANJA BLANCA       2,453           2,454         09         20                           J-10231
X1BL    EQUIS FRANJA BLANCA       2,413           2,414         24         20                           J-10232
X1BL    EQUIS FRANJA BLANCA       2,477           2,478         09         20                           J-10233
X1BL    EQUIS FRANJA BLANCA       2,339           2,340         09         20                           J-10234
X1BL    EQUIS FRANJA BLANCA       2,459           2,460         09         20                           J-10235
X1BL    EQUIS FRANJA BLANCA       2,420           2,421         24         20                           J-10236
X1BL    EQUIS FRANJA BLANCA       2,484           2,485         24         20                           J-10237
X1BL    EQUIS FRANJA BLANCA       2,333           2,334         24         20                           J-10238
X1BL    EQUIS FRANJA BLANCA       2,387           2,388         09         20                           J-10239
X1BL    EQUIS FRANJA BLANCA       2,377           2,378         24         20                           J-10240
X1BL    EQUIS FRANJA BLANCA       2,337           2,338         09         20                           J-10241
X1BL    EQUIS FRANJA BLANCA       2,323           2,324         24         20                           J-10242
X1BL    EQUIS FRANJA BLANCA       2,353           2,354         24         20                           J-10243
X1BL    EQUIS FRANJA BLANCA       2,417           2,418         24         20                           J-10244
X1BL    EQUIS FRANJA BLANCA       2,423           2,424         24         20                           J-10245
X1BL    EQUIS FRANJA BLANCA       2,293           2,294         34         20                           J-10246
X1BL    EQUIS FRANJA BLANCA       2,349           2,350         09         20                           J-10247
X1BL    EQUIS FRANJA BLANCA       2,283           2,284         34         20                           J-10248
X1BL    EQUIS FRANJA BLANCA       2,346           2,347         09         20                           J-10249
X1BL    EQUIS FRANJA BLANCA       2,441           2,442         09         20                           J-10250
X1BL    EQUIS FRANJA BLANCA       2,335           2,336         09         20                           J-10251
X1BL    EQUIS FRANJA BLANCA       2,328           2,329         09         20                           J-10252
X1BL    EQUIS FRANJA BLANCA       2,455           2,456         09         20                           J-10253
X1BL    EQUIS FRANJA BLANCA       2,249           2,250         09         20                           J-10254
X1BL    EQUIS FRANJA BLANCA       2,361           2,362         28         20                           J-10255
X1BL    EQUIS FRANJA BLANCA       2,317           2,318         09         20                           J-10256









EMPRESA NACIONAL DE MINERIA (ENM) PRODUCTOR          PACKING LIST                             PAG.  :   2
NATIONAL MINING COMPANY                       CODIGO DE LOTE   : J-10212                      FECHA :02/11/2021
                                              -----------------------------
FLUJO        : 
DESCRIPCION  : CATODOS GRADO A
N° INSTR. DE EMBARQUE : 26928
CLIENTE      : SALLY MAERSK
Lote Sipa    : 21100361

----------------------------------------------------------------------------------------------------------------------------- 
MARCA       DESCRIPCION         PESO NETO      PESO BRUTO     GRUPO     UNIDADES       UBICACION         SERIE                
-----------------------------------------------------------------------------------------------------------------------------

X1BL    EQUIS FRANJA BLANCA       2,501           2,502         24         20                           J-10257
X1BL    EQUIS FRANJA BLANCA       2,476           2,477         09         20                           J-10258
X1BL    EQUIS FRANJA BLANCA       2,497           2,498         28         20                           J-10259
X1BL    EQUIS FRANJA BLANCA       2,573           2,574         28         20                           J-10260
X1BL    EQUIS FRANJA BLANCA       2,449           2,450         28         20                           J-10261
X1BL    EQUIS FRANJA BLANCA       2,475           2,476         28         20                           J-10262
X1BL    EQUIS FRANJA BLANCA       2,321           2,322         28         20                           J-10263
X1BL    EQUIS FRANJA BLANCA       2,481           2,482         28         20                           J-10264
X1BL    EQUIS FRANJA BLANCA       2,425           2,426         28         20                           J-10265
X1BL    EQUIS FRANJA BLANCA       2,451           2,452         28         20                           J-10266
X1BL    EQUIS FRANJA BLANCA       2,391           2,392         28         20                           J-10267
X1BL    EQUIS FRANJA BLANCA       2,514           2,515         28         20                           J-10268
X1BL    EQUIS FRANJA BLANCA       2,439           2,440         28         20                           J-10269
X1BL    EQUIS FRANJA BLANCA       2,405           2,406         28         20                           J-10270
X1BL    EQUIS FRANJA BLANCA       2,520           2,521         28         20                           J-10271
X1BL    EQUIS FRANJA BLANCA       2,331           2,332         28         20                           J-10272
X1BL    EQUIS FRANJA BLANCA       2,503           2,504         28         20                           J-10273
X1BL    EQUIS FRANJA BLANCA       2,393           2,394         28         20                           J-10274
X1BL    EQUIS FRANJA BLANCA       2,275           2,276         28         20                           J-10275
X1BL    EQUIS FRANJA BLANCA       2,407           2,408         28         20                           J-10276
X1BL    EQUIS FRANJA BLANCA       2,364           2,365         24         20                           J-10277
X1BL    EQUIS FRANJA BLANCA       2,455           2,456         24         20                           J-10278
X1BL    EQUIS FRANJA BLANCA       2,507           2,508         28         20                           J-10279
X1BL    EQUIS FRANJA BLANCA       2,493           2,494         24         20                           J-10280
X1BL    EQUIS FRANJA BLANCA       2,477           2,478         24         20                           J-10281
X1BL    EQUIS FRANJA BLANCA       2,318           2,319         41         20                           J-10282
X1BL    EQUIS FRANJA BLANCA       2,468           2,469         28         20                           J-10283
X1BL    EQUIS FRANJA BLANCA       2,516           2,517         28         20                           J-10284
X1BL    EQUIS FRANJA BLANCA       2,527           2,528         28         20                           J-10285
X1BL    EQUIS FRANJA BLANCA       2,529           2,530         34         20                           J-10286
X1BL    EQUIS FRANJA BLANCA       2,461           2,462         34         20                           J-10287
X1BL    EQUIS FRANJA BLANCA       2,385           2,386         41         20                           J-10288
X1BL    EQUIS FRANJA BLANCA       2,491           2,492         28         20                           J-10289
X1BL    EQUIS FRANJA BLANCA       2,505           2,506         34         20                           J-10290
X1BL    EQUIS FRANJA BLANCA       2,445           2,446         28         20                           J-10291
X1BL    EQUIS FRANJA BLANCA       2,433           2,434         34         20                           J-10292
X1BL    EQUIS FRANJA BLANCA       2,461           2,462         24         20                           J-10293
X1BL    EQUIS FRANJA BLANCA       2,318           2,319         24         20                           J-10294
X1BL    EQUIS FRANJA BLANCA       2,491           2,492         28         20                           J-10295
X1BL    EQUIS FRANJA BLANCA       2,412           2,413         28         20                           J-10296
X1BL    EQUIS FRANJA BLANCA       2,429           2,430         28         20                           J-10297
X1BL    EQUIS FRANJA BLANCA       2,509           2,510         28         20                           J-10298
X1BL    EQUIS FRANJA BLANCA       2,433           2,434         28         20                           J-10299
X1BL    EQUIS FRANJA BLANCA       2,481           2,482         34         20                           J-10300
X1BL    EQUIS FRANJA BLANCA       2,421           2,422         28         20                           J-10301









EMPRESA NACIONAL DE MINERIA (ENM) PRODUCTOR          PACKING LIST                             PAG.  :   3
NATIONAL MINING COMPANY                       CODIGO DE LOTE   : J-10212                      FECHA :02/11/2021
                                              -----------------------------
FLUJO        : 
DESCRIPCION  : CATODOS GRADO A
N° INSTR. DE EMBARQUE : 26928
CLIENTE      : SALLY MAERSK
Lote Sipa    : 21100361

----------------------------------------------------------------------------------------------------------------------------- 
MARCA       DESCRIPCION         PESO NETO      PESO BRUTO     GRUPO     UNIDADES       UBICACION         SERIE                
-----------------------------------------------------------------------------------------------------------------------------

X1BL    EQUIS FRANJA BLANCA       2,435           2,436         28         20                           J-10302
X1BL    EQUIS FRANJA BLANCA       2,463           2,464         28         20                           J-10303
X1BL    EQUIS FRANJA BLANCA       2,402           2,403         28         20                           J-10304
X1BL    EQUIS FRANJA BLANCA       2,298           2,299         28         20                           J-10305
X1BL    EQUIS FRANJA BLANCA       2,437           2,438         28         20                           J-10306
X1BL    EQUIS FRANJA BLANCA       2,447           2,448         28         20                           J-10307
X1BL    EQUIS FRANJA BLANCA       2,535           2,536         28         20                           J-10308
X1BL    EQUIS FRANJA BLANCA       2,256           2,257         34         20                           J-10309
X1BL    EQUIS FRANJA BLANCA       2,269           2,270         34         20                           J-10310
X1BL    EQUIS FRANJA BLANCA       2,481           2,482         34         20                           J-10311
X1BL    EQUIS FRANJA BLANCA       2,503           2,504         34         20                           J-10312
X1BL    EQUIS FRANJA BLANCA       2,429           2,430         34         20                           J-10313
X1BL    EQUIS FRANJA BLANCA       2,510           2,511         47         20                           J-10314
X1BL    EQUIS FRANJA BLANCA       2,478           2,479         47         20                           J-10315
X1BL    EQUIS FRANJA BLANCA       2,380           2,381         47         20                           J-10316
X1BL    EQUIS FRANJA BLANCA       2,417           2,418         31         20                           J-10317
X1BL    EQUIS FRANJA BLANCA       2,109           2,110         19         20                           J-10318
X1BL    EQUIS FRANJA BLANCA       2,179           2,180         09         20                           J-10319
X1BL    EQUIS FRANJA BLANCA       2,386           2,387         31         20                           J-10320
X1BL    EQUIS FRANJA BLANCA       2,309           2,310         31         20                           J-10321
X1BL    EQUIS FRANJA BLANCA       2,295           2,296         31         20                           J-10322
X1BL    EQUIS FRANJA BLANCA       2,312           2,313         19         20                           J-10323
X1BL    EQUIS FRANJA BLANCA       2,295           2,296         31         20                           J-10324
X1BL    EQUIS FRANJA BLANCA       2,349           2,350         31         20                           J-10325
X1BL    EQUIS FRANJA BLANCA       2,131           2,132         19         20                           J-10326
X1BL    EQUIS FRANJA BLANCA       2,386           2,387         09         20                           J-10327
X1BL    EQUIS FRANJA BLANCA       2,175           2,176         19         20                           J-10328
X1BL    EQUIS FRANJA BLANCA       2,327           2,328         31         20                           J-10329
X1BL    EQUIS FRANJA BLANCA       2,354           2,355         09         20                           J-10330
X1BL    EQUIS FRANJA BLANCA       2,382           2,383         31         20                           J-10331
X1BL    EQUIS FRANJA BLANCA       2,370           2,371         19         20                           J-10332
X1BL    EQUIS FRANJA BLANCA       2,497           2,498         31         20                           J-10333
X1BL    EQUIS FRANJA BLANCA       2,376           2,377         31         20                           J-10334
X1BL    EQUIS FRANJA BLANCA       2,347           2,348         09         20                           J-10335
X1BL    EQUIS FRANJA BLANCA       2,385           2,386         31         20                           J-10336


------------------------------------------------------------------------------------------------------------------------
T.SUB-LOTES              TOT.PAQUETES =125      TOT.UNID. = 2500   T/P NETO (kg) = 299,954      T/P BRUTO (kg) = 300,079
------------------------------------------------------------------------------------------------------------------------
