
EMPRESA NACIONAL DE MINERIA (ENM) PRODUCTOR          PACKING LIST                             PAG.  :   1
NATIONAL MINING COMPANY                       CODIGO DE LOTE   : D-2366                      FECHA :29/04/2022
                                              -----------------------------
FLUJO        : 
DESCRIPCION  : CATODOS EW DELTA
N° INSTR. DE EMBARQUE : 929367
CLIENTE      : 
Lote Sipa    : 22040443

----------------------------------------------------------------------------------------------------------------------------- 
MARCA       DESCRIPCION         PESO NETO      PESO BRUTO     GRUPO     UNIDADES       UBICACION         SERIE                
-----------------------------------------------------------------------------------------------------------------------------

04NA    04 FRANJA NARANJA         1,960           1,961                    43                           D-2366 
04NA    04 FRANJA NARANJA         1,937           1,938                    44                           D-2367 
04NA    04 FRANJA NARANJA         1,963           1,964                    45                           D-2368 
04NA    04 FRANJA NARANJA         1,952           1,953                    48                           D-2369 
04NA    04 FRANJA NARANJA         1,946           1,947                    46                           D-2370 
04NA    04 FRANJA NARANJA         1,949           1,950                    43                           D-2371 
04NA    04 FRANJA NARANJA         1,946           1,947                    43                           D-2372 
04NA    04 FRANJA NARANJA         1,939           1,940                    46                           D-2373 
04NA    04 FRANJA NARANJA         1,935           1,936                    49                           D-2374 
04NA    04 FRANJA NARANJA         1,950           1,951                    46                           D-2375 
04NA    04 FRANJA NARANJA         1,946           1,947                    48                           D-2376 
04NA    04 FRANJA NARANJA         1,922           1,923                    45                           D-2377 
04NA    04 FRANJA NARANJA         1,940           1,941                    42                           D-2378 
04NA    04 FRANJA NARANJA         1,947           1,948                    47                           D-2379 


------------------------------------------------------------------------------------------------------------------------
T.SUB-LOTES              TOT.PAQUETES =14      TOT.UNID. = 635   T/P NETO (kg) = 27,232      T/P BRUTO (kg) = 27,246
------------------------------------------------------------------------------------------------------------------------
