
EMPRESA NACIONAL DE MINERIA (ENM) PRODUCTOR          PACKING LIST                             PAG.  :   1
NATIONAL MINING COMPANY                       CODIGO DE LOTE   : C-1705                      FECHA :23/03/2023
                                              -----------------------------
FLUJO        : 
DESCRIPCION  : CATODOS EW EL SALADO
N° INSTR. DE EMBARQUE : 930714
CLIENTE      : 
Lote Sipa    : 23030455

----------------------------------------------------------------------------------------------------------------------------- 
MARCA       DESCRIPCION         PESO NETO      PESO BRUTO     GRUPO     UNIDADES       UBICACION         SERIE                
-----------------------------------------------------------------------------------------------------------------------------

10NE    10 FRANJAS NEGRAS         2,033           2,034                    76                           C-1705 
10NE    10 FRANJAS NEGRAS         1,991           1,992                    71                           C-1706 
10NE    10 FRANJAS NEGRAS         1,980           1,981                    69                           C-1707 
10NE    10 FRANJAS NEGRAS         2,012           2,013                    87                           C-1708 
10NE    10 FRANJAS NEGRAS         2,002           2,003                    79                           C-1709 
10NE    10 FRANJAS NEGRAS         2,016           2,017                    88                           C-1710 
10NE    10 FRANJAS NEGRAS         1,976           1,977                    85                           C-1711 
10NE    10 FRANJAS NEGRAS         1,980           1,981                    89                           C-1712 
10NE    10 FRANJAS NEGRAS         2,039           2,040                    93                           C-1713 
10NE    10 FRANJAS NEGRAS         2,010           2,011                    80                           C-1714 
10NE    10 FRANJAS NEGRAS         2,050           2,051                    85                           C-1715 
10NE    10 FRANJAS NEGRAS         1,968           1,969                    76                           C-1716 
10NE    10 FRANJAS NEGRAS         1,967           1,968                    76                           C-1717 


------------------------------------------------------------------------------------------------------------------------
T.SUB-LOTES              TOT.PAQUETES =13      TOT.UNID. = 1054   T/P NETO (kg) = 26,024      T/P BRUTO (kg) = 26,037
------------------------------------------------------------------------------------------------------------------------
