
EMPRESA NACIONAL DE MINERIA (ENM) PRODUCTOR          PACKING LIST                             PAG.  :   1
NATIONAL MINING COMPANY                       CODIGO DE LOTE   : C-8213                      FECHA :21/04/2023
                                              -----------------------------
FLUJO        : 
DESCRIPCION  : CATODOS GRADO A
N° INSTR. DE EMBARQUE : 27856
CLIENTE      : MAERSK SAVANNAH
Lote Sipa    : 

----------------------------------------------------------------------------------------------------------------------------- 
MARCA       DESCRIPCION         PESO NETO      PESO BRUTO     GRUPO     UNIDADES       UBICACION         SERIE                
-----------------------------------------------------------------------------------------------------------------------------

01AM    FRANJA AMARILLA           2,141           2,142         06         20                           C-8213 
01AM    FRANJA AMARILLA           2,297           2,298         06         20                           C-8214 
01AM    FRANJA AMARILLA           2,477           2,478         18         20                           C-8215 
01AM    FRANJA AMARILLA           2,467           2,468         18         20                           C-8216 
01AM    FRANJA AMARILLA           2,452           2,453         18         20                           C-8217 
01AM    FRANJA AMARILLA           2,094           2,095         18         20                           C-8218 
01AM    FRANJA AMARILLA           2,081           2,082         18         20                           C-8219 
01AM    FRANJA AMARILLA           2,444           2,445         18         20                           C-8220 
01AM    FRANJA AMARILLA           2,453           2,454         18         20                           C-8221 
01AM    FRANJA AMARILLA           2,415           2,416         18         20                           C-8222 
01AM    FRANJA AMARILLA           2,439           2,440         10         20                           C-8223 
01AM    FRANJA AMARILLA           2,436           2,437         10         20                           C-8224 
01AM    FRANJA AMARILLA           2,405           2,406         10         20                           C-8225 
01AM    FRANJA AMARILLA           2,455           2,456         10         20                           C-8226 
01AM    FRANJA AMARILLA           2,436           2,437         10         20                           C-8227 
01AM    FRANJA AMARILLA           2,505           2,506         10         20                           C-8228 
01AM    FRANJA AMARILLA           2,503           2,504         10         20                           C-8229 
01AM    FRANJA AMARILLA           2,420           2,421         10         20                           C-8230 
01AM    FRANJA AMARILLA           2,429           2,430         06         20                           C-8231 
01AM    FRANJA AMARILLA           2,469           2,470         18         20                           C-8232 
01AM    FRANJA AMARILLA           2,488           2,489         18         20                           C-8233 
01AM    FRANJA AMARILLA           2,463           2,464         18         20                           C-8234 
01AM    FRANJA AMARILLA           2,389           2,390         18         20                           C-8235 
01AM    FRANJA AMARILLA           2,533           2,534         18         20                           C-8236 
01AM    FRANJA AMARILLA           2,373           2,374         18         20                           C-8237 
01AM    FRANJA AMARILLA           2,424           2,425         18         20                           C-8238 
01AM    FRANJA AMARILLA           2,469           2,470         18         20                           C-8239 
01AM    FRANJA AMARILLA           2,445           2,446         18         20                           C-8240 
01AM    FRANJA AMARILLA           2,451           2,452         18         20                           C-8241 
01AM    FRANJA AMARILLA           2,511           2,512         18         20                           C-8242 
01AM    FRANJA AMARILLA           2,453           2,454         18         20                           C-8243 
01AM    FRANJA AMARILLA           2,283           2,284         18         20                           C-8244 
01AM    FRANJA AMARILLA           2,227           2,228         18         20                           C-8245 
01AM    FRANJA AMARILLA           2,360           2,361         06         20                           C-8246 
01AM    FRANJA AMARILLA           2,285           2,286         06         20                           C-8247 
01AM    FRANJA AMARILLA           2,131           2,132         06         20                           C-8248 
01AM    FRANJA AMARILLA           2,364           2,365         06         20                           C-8249 
01AM    FRANJA AMARILLA           2,265           2,266         06         20                           C-8250 
01AM    FRANJA AMARILLA           2,371           2,372         06         20                           C-8251 
01AM    FRANJA AMARILLA           2,365           2,366         10         20                           C-8252 
01AM    FRANJA AMARILLA           2,447           2,448         10         20                           C-8253 
01AM    FRANJA AMARILLA           2,475           2,476         29         20                           C-8254 
01AM    FRANJA AMARILLA           2,426           2,427         29         20                           C-8255 
01AM    FRANJA AMARILLA           2,521           2,522         29         20                           C-8256 
01AM    FRANJA AMARILLA           2,493           2,494         29         20                           C-8257 









EMPRESA NACIONAL DE MINERIA (ENM) PRODUCTOR          PACKING LIST                             PAG.  :   2
NATIONAL MINING COMPANY                       CODIGO DE LOTE   : C-8213                      FECHA :21/04/2023
                                              -----------------------------
FLUJO        : 
DESCRIPCION  : CATODOS GRADO A
N° INSTR. DE EMBARQUE : 27856
CLIENTE      : MAERSK SAVANNAH
Lote Sipa    : 

----------------------------------------------------------------------------------------------------------------------------- 
MARCA       DESCRIPCION         PESO NETO      PESO BRUTO     GRUPO     UNIDADES       UBICACION         SERIE                
-----------------------------------------------------------------------------------------------------------------------------

01AM    FRANJA AMARILLA           2,383           2,384         18         20                           C-8258 
01AM    FRANJA AMARILLA           2,462           2,463         18         20                           C-8259 
01AM    FRANJA AMARILLA           2,483           2,484         18         20                           C-8260 
01AM    FRANJA AMARILLA           2,519           2,520         18         20                           C-8261 
01AM    FRANJA AMARILLA           2,324           2,325         18         20                           C-8262 
01AM    FRANJA AMARILLA           2,393           2,394         10         20                           C-8263 
01AM    FRANJA AMARILLA           2,493           2,494         10         20                           C-8264 
01AM    FRANJA AMARILLA           2,467           2,468         10         20                           C-8265 
01AM    FRANJA AMARILLA           2,423           2,424         10         20                           C-8266 
01AM    FRANJA AMARILLA           2,382           2,383         10         20                           C-8267 
01AM    FRANJA AMARILLA           2,405           2,406         10         20                           C-8268 
01AM    FRANJA AMARILLA           2,525           2,526         29         20                           C-8269 
01AM    FRANJA AMARILLA           2,415           2,416         18         20                           C-8270 
01AM    FRANJA AMARILLA           2,421           2,422         18         20                           C-8271 
01AM    FRANJA AMARILLA           2,417           2,418         18         20                           C-8272 
01AM    FRANJA AMARILLA           2,325           2,326         18         20                           C-8273 
01AM    FRANJA AMARILLA           2,395           2,396         18         20                           C-8274 
01AM    FRANJA AMARILLA           2,555           2,556         18         20                           C-8275 
01AM    FRANJA AMARILLA           2,417           2,418         18         20                           C-8276 
01AM    FRANJA AMARILLA           2,404           2,405         10         20                           C-8277 
01AM    FRANJA AMARILLA           2,578           2,579         10         20                           C-8278 
01AM    FRANJA AMARILLA           2,263           2,264         10         20                           C-8279 
01AM    FRANJA AMARILLA           2,259           2,260         29         20                           C-8280 
01AM    FRANJA AMARILLA           2,484           2,485         29         20                           C-8281 
01AM    FRANJA AMARILLA           2,337           2,338         29         20                           C-8282 
01AM    FRANJA AMARILLA           2,493           2,494         29         20                           C-8283 
01AM    FRANJA AMARILLA           2,451           2,452         43         20                           C-8284 
01AM    FRANJA AMARILLA           2,347           2,348         18         20                           C-8285 
01AM    FRANJA AMARILLA           2,267           2,268         18         20                           C-8286 
01AM    FRANJA AMARILLA           2,433           2,434         29         20                           C-8287 
01AM    FRANJA AMARILLA           2,449           2,450         29         20                           C-8288 
01AM    FRANJA AMARILLA           2,503           2,504         29         20                           C-8289 
01AM    FRANJA AMARILLA           2,467           2,468         29         20                           C-8290 
01AM    FRANJA AMARILLA           2,296           2,297         29         20                           C-8291 
01AM    FRANJA AMARILLA           2,431           2,432         29         20                           C-8292 
01AM    FRANJA AMARILLA           2,343           2,344         10         20                           C-8293 
01AM    FRANJA AMARILLA           2,399           2,400         29         20                           C-8294 
01AM    FRANJA AMARILLA           2,451           2,452         18         20                           C-8295 
01AM    FRANJA AMARILLA           2,435           2,436         29         20                           C-8296 
01AM    FRANJA AMARILLA           2,139           2,140         36         20                           C-8297 
01AM    FRANJA AMARILLA           2,501           2,502         10         20                           C-8298 
01AM    FRANJA AMARILLA           2,503           2,504         10         20                           C-8299 
01AM    FRANJA AMARILLA           2,273           2,274         29         20                           C-8300 
01AM    FRANJA AMARILLA           2,293           2,294         29         20                           C-8301 
01AM    FRANJA AMARILLA           2,157           2,158         29         20                           C-8302 









EMPRESA NACIONAL DE MINERIA (ENM) PRODUCTOR          PACKING LIST                             PAG.  :   3
NATIONAL MINING COMPANY                       CODIGO DE LOTE   : C-8213                      FECHA :21/04/2023
                                              -----------------------------
FLUJO        : 
DESCRIPCION  : CATODOS GRADO A
N° INSTR. DE EMBARQUE : 27856
CLIENTE      : MAERSK SAVANNAH
Lote Sipa    : 

----------------------------------------------------------------------------------------------------------------------------- 
MARCA       DESCRIPCION         PESO NETO      PESO BRUTO     GRUPO     UNIDADES       UBICACION         SERIE                
-----------------------------------------------------------------------------------------------------------------------------

01AM    FRANJA AMARILLA           2,592           2,593         29         20                           C-8303 
01AM    FRANJA AMARILLA           2,471           2,472         29         20                           C-8304 
01AM    FRANJA AMARILLA           2,253           2,254         29         20                           C-8305 
01AM    FRANJA AMARILLA           2,310           2,311         29         20                           C-8306 
01AM    FRANJA AMARILLA           2,487           2,488         29         20                           C-8307 
01AM    FRANJA AMARILLA           2,523           2,524         29         20                           C-8308 
01AM    FRANJA AMARILLA           2,422           2,423         29         20                           C-8309 
01AM    FRANJA AMARILLA           2,533           2,534         29         20                           C-8310 
01AM    FRANJA AMARILLA           2,309           2,310         29         20                           C-8311 
01AM    FRANJA AMARILLA           2,513           2,514         43         20                           C-8312 
01AM    FRANJA AMARILLA           2,309           2,310         29         20                           C-8313 
01AM    FRANJA AMARILLA           2,497           2,498         18         20                           C-8314 
01AM    FRANJA AMARILLA           2,524           2,525         18         20                           C-8315 
01AM    FRANJA AMARILLA           2,428           2,429         18         20                           C-8316 
01AM    FRANJA AMARILLA           2,566           2,567         18         20                           C-8317 
01AM    FRANJA AMARILLA           2,469           2,470         18         20                           C-8318 
01AM    FRANJA AMARILLA           2,497           2,498         18         20                           C-8319 
01AM    FRANJA AMARILLA           2,416           2,417         18         20                           C-8320 
01AM    FRANJA AMARILLA           2,349           2,350         18         20                           C-8321 
01AM    FRANJA AMARILLA           2,542           2,543         18         20                           C-8322 
01AM    FRANJA AMARILLA           2,359           2,360         18         20                           C-8323 
01AM    FRANJA AMARILLA           2,429           2,430         18         20                           C-8324 
01AM    FRANJA AMARILLA           2,509           2,510         18         20                           C-8325 
01AM    FRANJA AMARILLA           2,403           2,404         43         20                           C-8326 
01AM    FRANJA AMARILLA           2,451           2,452         43         20                           C-8327 
01AM    FRANJA AMARILLA           2,411           2,412         43         20                           C-8328 
01AM    FRANJA AMARILLA           2,515           2,516         18         20                           C-8329 
01AM    FRANJA AMARILLA           2,234           2,235         18         20                           C-8330 
01AM    FRANJA AMARILLA           2,111           2,112         18         20                           C-8331 
01AM    FRANJA AMARILLA           2,257           2,258         29         20                           C-8332 
01AM    FRANJA AMARILLA           2,137           2,138         29         20                           C-8333 
01AM    FRANJA AMARILLA           2,123           2,124         29         20                           C-8334 
01AM    FRANJA AMARILLA           2,367           2,368         29         20                           C-8335 
01AM    FRANJA AMARILLA           2,355           2,356         29         20                           C-8336 
01AM    FRANJA AMARILLA           2,337           2,338         29         20                           C-8337 


------------------------------------------------------------------------------------------------------------------------
T.SUB-LOTES              TOT.PAQUETES =125      TOT.UNID. = 2500   T/P NETO (kg) = 299,998      T/P BRUTO (kg) = 300,123
------------------------------------------------------------------------------------------------------------------------
