
EMPRESA NACIONAL DE MINERIA (ENM) PRODUCTOR          PACKING LIST                             PAG.  :   1
NATIONAL MINING COMPANY                       CODIGO DE LOTE   : D-7316                      FECHA :29/04/2021
                                              -----------------------------
FLUJO        : 
DESCRIPCION  : CATODOS GRADO A
N° INSTR. DE EMBARQUE : 26646
CLIENTE      : MARIANETTA
Lote Sipa    : 

----------------------------------------------------------------------------------------------------------------------------- 
MARCA       DESCRIPCION         PESO NETO      PESO BRUTO     GRUPO     UNIDADES       UBICACION         SERIE                
-----------------------------------------------------------------------------------------------------------------------------

X0BL    EQUIS BLANCA              2,448           2,449         05         20                           D-7316 
X0BL    EQUIS BLANCA              2,385           2,386         05         20                           D-7317 
X0BL    EQUIS BLANCA              2,443           2,444         05         20                           D-7318 
X0BL    EQUIS BLANCA              2,368           2,369         17         20                           D-7319 
X0BL    EQUIS BLANCA              2,536           2,537         26         20                           D-7320 
X0BL    EQUIS BLANCA              2,378           2,379         46         20                           D-7321 
X0BL    EQUIS BLANCA              2,528           2,529         46         20                           D-7322 
X0BL    EQUIS BLANCA              2,516           2,517         05         20                           D-7323 
X0BL    EQUIS BLANCA              2,429           2,430         05         20                           D-7324 
X0BL    EQUIS BLANCA              2,508           2,509         05         20                           D-7325 
X0BL    EQUIS BLANCA              2,444           2,445         05         20                           D-7326 
X0BL    EQUIS BLANCA              2,452           2,453         05         20                           D-7327 
X0BL    EQUIS BLANCA              2,432           2,433         17         20                           D-7328 
X0BL    EQUIS BLANCA              2,472           2,473         05         20                           D-7329 
X0BL    EQUIS BLANCA              2,515           2,516         05         20                           D-7330 
X0BL    EQUIS BLANCA              2,319           2,320         17         20                           D-7331 
X0BL    EQUIS BLANCA              2,361           2,362         05         20                           D-7332 
X0BL    EQUIS BLANCA              2,448           2,449         17         20                           D-7333 
X0BL    EQUIS BLANCA              2,408           2,409         17         20                           D-7334 
X0BL    EQUIS BLANCA              2,365           2,366         17         20                           D-7335 
X0BL    EQUIS BLANCA              2,381           2,382         17         20                           D-7336 
X0BL    EQUIS BLANCA              2,357           2,358         17         20                           D-7337 
X0BL    EQUIS BLANCA              2,399           2,400         17         20                           D-7338 
X0BL    EQUIS BLANCA              2,484           2,485         17         20                           D-7339 
X0BL    EQUIS BLANCA              2,365           2,366         05         20                           D-7340 
X0BL    EQUIS BLANCA              2,534           2,535         17         20                           D-7341 
X0BL    EQUIS BLANCA              2,374           2,375         05         20                           D-7342 
X0BL    EQUIS BLANCA              2,490           2,491         46         20                           D-7343 
X0BL    EQUIS BLANCA              2,463           2,464         46         20                           D-7344 
X0BL    EQUIS BLANCA              2,453           2,454         26         20                           D-7345 
X0BL    EQUIS BLANCA              2,470           2,471         17         20                           D-7346 
X0BL    EQUIS BLANCA              2,414           2,415         05         20                           D-7347 
X0BL    EQUIS BLANCA              2,460           2,461         17         20                           D-7348 
X0BL    EQUIS BLANCA              2,371           2,372         05         20                           D-7349 
X0BL    EQUIS BLANCA              2,501           2,502         15         20                           D-7350 
X0BL    EQUIS BLANCA              2,498           2,499         15         20                           D-7351 
X0BL    EQUIS BLANCA              2,466           2,467         15         20                           D-7352 
X0BL    EQUIS BLANCA              2,490           2,491         15         20                           D-7353 
X0BL    EQUIS BLANCA              2,209           2,210         46         20                           D-7354 
X0BL    EQUIS BLANCA              2,187           2,188         05         20                           D-7355 
X0BL    EQUIS BLANCA              2,426           2,427         20         20                           D-7356 
X0BL    EQUIS BLANCA              2,294           2,295         20         20                           D-7357 
X0BL    EQUIS BLANCA              2,433           2,434         20         20                           D-7358 
X0BL    EQUIS BLANCA              2,451           2,452         20         20                           D-7359 
X0BL    EQUIS BLANCA              2,167           2,168         05         20                           D-7360 









EMPRESA NACIONAL DE MINERIA (ENM) PRODUCTOR          PACKING LIST                             PAG.  :   2
NATIONAL MINING COMPANY                       CODIGO DE LOTE   : D-7316                      FECHA :29/04/2021
                                              -----------------------------
FLUJO        : 
DESCRIPCION  : CATODOS GRADO A
N° INSTR. DE EMBARQUE : 26646
CLIENTE      : MARIANETTA
Lote Sipa    : 

----------------------------------------------------------------------------------------------------------------------------- 
MARCA       DESCRIPCION         PESO NETO      PESO BRUTO     GRUPO     UNIDADES       UBICACION         SERIE                
-----------------------------------------------------------------------------------------------------------------------------

X0BL    EQUIS BLANCA              2,330           2,331         05         20                           D-7361 
X0BL    EQUIS BLANCA              2,437           2,438         20         20                           D-7362 
X0BL    EQUIS BLANCA              2,191           2,192         20         20                           D-7363 
X0BL    EQUIS BLANCA              2,319           2,320         20         20                           D-7364 
X0BL    EQUIS BLANCA              2,532           2,533         20         20                           D-7365 
X0BL    EQUIS BLANCA              2,498           2,499         15         20                           D-7366 
X0BL    EQUIS BLANCA              2,501           2,502         17         20                           D-7367 
X0BL    EQUIS BLANCA              2,458           2,459         15         20                           D-7368 
X0BL    EQUIS BLANCA              2,407           2,408         15         20                           D-7369 
X0BL    EQUIS BLANCA              2,326           2,327         15         20                           D-7370 
X0BL    EQUIS BLANCA              2,432           2,433         15         20                           D-7371 
X0BL    EQUIS BLANCA              2,531           2,532         05         20                           D-7372 
X0BL    EQUIS BLANCA              2,482           2,483         05         20                           D-7373 
X0BL    EQUIS BLANCA              2,361           2,362         05         20                           D-7374 
X0BL    EQUIS BLANCA              2,437           2,438         05         20                           D-7375 
X0BL    EQUIS BLANCA              2,451           2,452         17         20                           D-7376 
X0BL    EQUIS BLANCA              2,368           2,369         05         20                           D-7377 


------------------------------------------------------------------------------------------------------------------------
T.SUB-LOTES              TOT.PAQUETES =62      TOT.UNID. = 1240   T/P NETO (kg) = 149,953      T/P BRUTO (kg) = 150,015
------------------------------------------------------------------------------------------------------------------------
