
EMPRESA NACIONAL DE MINERIA (ENM) PRODUCTOR          PACKING LIST                             PAG.  :   1
NATIONAL MINING COMPANY                       CODIGO DE LOTE   : H-1630                      FECHA :08/08/2022
                                              -----------------------------
FLUJO        : 
DESCRIPCION  : CATODOS EW EL SALADO
N° INSTR. DE EMBARQUE : 929793
CLIENTE      : 
Lote Sipa    : 22080208

----------------------------------------------------------------------------------------------------------------------------- 
MARCA       DESCRIPCION         PESO NETO      PESO BRUTO     GRUPO     UNIDADES       UBICACION         SERIE                
-----------------------------------------------------------------------------------------------------------------------------

05RJ    CINCO FRANJAS ROJAS       2,048           2,049                    85                           H-1630 
05RJ    CINCO FRANJAS ROJAS       2,044           2,045                    86                           H-1631 
05RJ    CINCO FRANJAS ROJAS       2,019           2,020                    64                           H-1632 
05RJ    CINCO FRANJAS ROJAS       1,971           1,972                    66                           H-1633 
05RJ    CINCO FRANJAS ROJAS       2,037           2,038                    85                           H-1634 
05RJ    CINCO FRANJAS ROJAS       1,988           1,989                    66                           H-1635 
05RJ    CINCO FRANJAS ROJAS       2,005           2,006                    75                           H-1636 
05RJ    CINCO FRANJAS ROJAS       1,949           1,950                    49                           H-1637 
05RJ    CINCO FRANJAS ROJAS       1,941           1,942                    55                           H-1638 
05RJ    CINCO FRANJAS ROJAS       1,990           1,991                    70                           H-1639 
05RJ    CINCO FRANJAS ROJAS       2,025           2,026                    64                           H-1640 
05RJ    CINCO FRANJAS ROJAS       1,935           1,936                    60                           H-1641 
05RJ    CINCO FRANJAS ROJAS       1,977           1,978                    80                           H-1642 
05RJ    CINCO FRANJAS ROJAS       2,017           2,018                    64                           H-1643 


------------------------------------------------------------------------------------------------------------------------
T.SUB-LOTES              TOT.PAQUETES =14      TOT.UNID. = 969   T/P NETO (kg) = 27,946      T/P BRUTO (kg) = 27,960
------------------------------------------------------------------------------------------------------------------------
