
EMPRESA NACIONAL DE MINERIA (ENM) PRODUCTOR          PACKING LIST                             PAG.  :   1
NATIONAL MINING COMPANY                       CODIGO DE LOTE   : B-13990                      FECHA :10/03/2020
                                              -----------------------------
FLUJO        : 
DESCRIPCION  : CATODOS GRADO A
N° INSTR. DE EMBARQUE : 25796
CLIENTE      : NORDIC BEIJING
Lote Sipa    : 20020548

----------------------------------------------------------------------------------------------------------------------------- 
MARCA       DESCRIPCION         PESO NETO      PESO BRUTO     GRUPO     UNIDADES       UBICACION         SERIE                
-----------------------------------------------------------------------------------------------------------------------------

01CE    FRANJA CELESTE            2,419           2,420         36         20                           B-13990
01CE    FRANJA CELESTE            2,398           2,399         36         20                           B-13991
01CE    FRANJA CELESTE            2,360           2,361         18         20                           B-13992
01CE    FRANJA CELESTE            2,365           2,366         18         20                           B-13993
01CE    FRANJA CELESTE            2,371           2,372         36         20                           B-13994
01CE    FRANJA CELESTE            2,222           2,223         48         20                           B-13995
01CE    FRANJA CELESTE            2,313           2,314         36         20                           B-13996
01CE    FRANJA CELESTE            2,373           2,374         48         20                           B-13997
01CE    FRANJA CELESTE            2,376           2,377         36         20                           B-13998
01CE    FRANJA CELESTE            2,385           2,386         36         20                           B-13999
01CE    FRANJA CELESTE            2,449           2,450         36         20                           B-14000
01CE    FRANJA CELESTE            2,129           2,130         48         20                           B-14001
01CE    FRANJA CELESTE            2,522           2,523         06         20                           B-14002
01CE    FRANJA CELESTE            2,356           2,357         36         20                           B-14003
01CE    FRANJA CELESTE            2,384           2,385         36         20                           B-14004
01CE    FRANJA CELESTE            2,137           2,138         48         20                           B-14005
01CE    FRANJA CELESTE            2,147           2,148         48         20                           B-14006
01CE    FRANJA CELESTE            2,410           2,411         06         20                           B-14007
01CE    FRANJA CELESTE            2,384           2,385         06         20                           B-14008
01CE    FRANJA CELESTE            2,118           2,119         48         20                           B-14009
01CE    FRANJA CELESTE            2,422           2,423         06         20                           B-14010
01CE    FRANJA CELESTE            2,350           2,351         06         20                           B-14011
01CE    FRANJA CELESTE            2,032           2,033         06         20                           B-14012
01CE    FRANJA CELESTE            2,411           2,412         06         20                           B-14013
01CE    FRANJA CELESTE            2,425           2,426         06         20                           B-14014
01CE    FRANJA CELESTE            2,498           2,499         06         20                           B-14015
01CE    FRANJA CELESTE            2,465           2,466         06         20                           B-14016
01CE    FRANJA CELESTE            2,120           2,121         06         20                           B-14017
01CE    FRANJA CELESTE            2,132           2,133         48         20                           B-14018
01CE    FRANJA CELESTE            2,458           2,459         06         20                           B-14019
01CE    FRANJA CELESTE            2,298           2,299         06         20                           B-14020
01CE    FRANJA CELESTE            2,506           2,507         06         20                           B-14021
01CE    FRANJA CELESTE            2,425           2,426         06         20                           B-14022
01CE    FRANJA CELESTE            2,241           2,242         48         20                           B-14023
01CE    FRANJA CELESTE            2,150           2,151         48         20                           B-14024
01CE    FRANJA CELESTE            2,412           2,413         48         20                           B-14025
01CE    FRANJA CELESTE            2,248           2,249         06         20                           B-14026
01CE    FRANJA CELESTE            2,402           2,403         06         20                           B-14027
01CE    FRANJA CELESTE            2,168           2,169         06         20                           B-14028
01CE    FRANJA CELESTE            2,193           2,194         48         20                           B-14029
01CE    FRANJA CELESTE            2,152           2,153         06         20                           B-14030
01CE    FRANJA CELESTE            2,286           2,287         06         20                           B-14031
01CE    FRANJA CELESTE            2,197           2,198         06         20                           B-14032
01CE    FRANJA CELESTE            2,183           2,184         06         20                           B-14033
01CE    FRANJA CELESTE            2,486           2,487         06         20                           B-14034









EMPRESA NACIONAL DE MINERIA (ENM) PRODUCTOR          PACKING LIST                             PAG.  :   2
NATIONAL MINING COMPANY                       CODIGO DE LOTE   : B-13990                      FECHA :10/03/2020
                                              -----------------------------
FLUJO        : 
DESCRIPCION  : CATODOS GRADO A
N° INSTR. DE EMBARQUE : 25796
CLIENTE      : NORDIC BEIJING
Lote Sipa    : 20020548

----------------------------------------------------------------------------------------------------------------------------- 
MARCA       DESCRIPCION         PESO NETO      PESO BRUTO     GRUPO     UNIDADES       UBICACION         SERIE                
-----------------------------------------------------------------------------------------------------------------------------

01CE    FRANJA CELESTE            2,189           2,190         06         20                           B-14035
01CE    FRANJA CELESTE            2,244           2,245         48         20                           B-14036
01CE    FRANJA CELESTE            2,347           2,348         48         20                           B-14037
01CE    FRANJA CELESTE            2,312           2,313         06         20                           B-14038
01CE    FRANJA CELESTE            2,492           2,493         06         20                           B-14039
01CE    FRANJA CELESTE            2,207           2,208         48         20                           B-14040
01CE    FRANJA CELESTE            2,300           2,301         48         20                           B-14041
01CE    FRANJA CELESTE            2,174           2,175         48         20                           B-14042
01CE    FRANJA CELESTE            2,321           2,322         48         20                           B-14043
01CE    FRANJA CELESTE            2,294           2,295         48         20                           B-14044
01CE    FRANJA CELESTE            2,375           2,376         06         20                           B-14045
01CE    FRANJA CELESTE            2,112           2,113         48         20                           B-14046
01CE    FRANJA CELESTE            2,283           2,284         16         20                           B-14047
01CE    FRANJA CELESTE            2,204           2,205         48         20                           B-14048
01CE    FRANJA CELESTE            2,328           2,329         48         20                           B-14049
01CE    FRANJA CELESTE            2,342           2,343         16         20                           B-14050
01CE    FRANJA CELESTE            2,473           2,474         16         20                           B-14051
01CE    FRANJA CELESTE            2,310           2,311         48         20                           B-14052
01CE    FRANJA CELESTE            2,458           2,459         16         20                           B-14053
01CE    FRANJA CELESTE            2,110           2,111         48         20                           B-14054
01CE    FRANJA CELESTE            2,420           2,421         16         20                           B-14055
01CE    FRANJA CELESTE            2,239           2,240         16         20                           B-14056
01CE    FRANJA CELESTE            2,374           2,375         16         20                           B-14057
01CE    FRANJA CELESTE            2,299           2,300         16         20                           B-14058
01CE    FRANJA CELESTE            2,329           2,330         16         20                           B-14059
01CE    FRANJA CELESTE            2,065           2,066         16         20                           B-14060
01CE    FRANJA CELESTE            2,373           2,374         16         20                           B-14061
01CE    FRANJA CELESTE            2,406           2,407         16         20                           B-14062
01CE    FRANJA CELESTE            2,197           2,198         16         20                           B-14063
01CE    FRANJA CELESTE            2,171           2,172         48         20                           B-14064
01CE    FRANJA CELESTE            2,338           2,339         48         20                           B-14065
01CE    FRANJA CELESTE            2,116           2,117         48         20                           B-14066
01CE    FRANJA CELESTE            2,478           2,479         16         20                           B-14067
01CE    FRANJA CELESTE            2,326           2,327         48         20                           B-14068
01CE    FRANJA CELESTE            2,313           2,314         16         20                           B-14069
01CE    FRANJA CELESTE            2,035           2,036         16         20                           B-14070
01CE    FRANJA CELESTE            2,484           2,485         16         20                           B-14071
01CE    FRANJA CELESTE            2,449           2,450         16         20                           B-14072
01CE    FRANJA CELESTE            2,342           2,343         16         20                           B-14073
01CE    FRANJA CELESTE            2,294           2,295         16         20                           B-14074
01CE    FRANJA CELESTE            2,347           2,348         16         20                           B-14075
01CE    FRANJA CELESTE            2,338           2,339         16         20                           B-14076
01CE    FRANJA CELESTE            2,356           2,357         16         20                           B-14077
01CE    FRANJA CELESTE            2,479           2,480         16         20                           B-14078
01CE    FRANJA CELESTE            2,416           2,417         16         20                           B-14079









EMPRESA NACIONAL DE MINERIA (ENM) PRODUCTOR          PACKING LIST                             PAG.  :   3
NATIONAL MINING COMPANY                       CODIGO DE LOTE   : B-13990                      FECHA :10/03/2020
                                              -----------------------------
FLUJO        : 
DESCRIPCION  : CATODOS GRADO A
N° INSTR. DE EMBARQUE : 25796
CLIENTE      : NORDIC BEIJING
Lote Sipa    : 20020548

----------------------------------------------------------------------------------------------------------------------------- 
MARCA       DESCRIPCION         PESO NETO      PESO BRUTO     GRUPO     UNIDADES       UBICACION         SERIE                
-----------------------------------------------------------------------------------------------------------------------------

01CE    FRANJA CELESTE            2,153           2,154         16         20                           B-14080
01CE    FRANJA CELESTE            2,362           2,363         16         20                           B-14081
01CE    FRANJA CELESTE            2,505           2,506         16         20                           B-14082
01CE    FRANJA CELESTE            2,303           2,304         16         20                           B-14083
01CE    FRANJA CELESTE            2,409           2,410         16         20                           B-14084
01CE    FRANJA CELESTE            2,378           2,379         18         20                           B-14085
01CE    FRANJA CELESTE            2,346           2,347         18         20                           B-14086
01CE    FRANJA CELESTE            2,308           2,309         18         20                           B-14087
01CE    FRANJA CELESTE            2,378           2,379         18         20                           B-14088
01CE    FRANJA CELESTE            2,164           2,165         18         20                           B-14089
01CE    FRANJA CELESTE            2,365           2,366         48         20                           B-14090
01CE    FRANJA CELESTE            2,373           2,374         48         20                           B-14091
01CE    FRANJA CELESTE            2,270           2,271         48         20                           B-14092
01CE    FRANJA CELESTE            2,294           2,295         48         20                           B-14093
01CE    FRANJA CELESTE            2,155           2,156         48         20                           B-14094
01CE    FRANJA CELESTE            2,296           2,297         29         20                           B-14095
01CE    FRANJA CELESTE            2,279           2,280         29         20                           B-14096
01CE    FRANJA CELESTE            2,476           2,477         29         20                           B-14097
01CE    FRANJA CELESTE            2,119           2,120         29         20                           B-14098
01CE    FRANJA CELESTE            2,271           2,272         29         20                           B-14099
01CE    FRANJA CELESTE            2,128           2,129         29         20                           B-14100
01CE    FRANJA CELESTE            2,368           2,369         29         20                           B-14101
01CE    FRANJA CELESTE            2,259           2,260         29         20                           B-14102
01CE    FRANJA CELESTE            2,372           2,373         29         20                           B-14103
01CE    FRANJA CELESTE            1,983           1,984         29         20                           B-14104
01CE    FRANJA CELESTE            2,342           2,343         29         20                           B-14105
01CE    FRANJA CELESTE            2,134           2,135         29         20                           B-14106
01CE    FRANJA CELESTE            2,353           2,354         29         20                           B-14107
01CE    FRANJA CELESTE            2,418           2,419         18         20                           B-14108
01CE    FRANJA CELESTE            2,360           2,361         18         20                           B-14109
01CE    FRANJA CELESTE            2,429           2,430         18         20                           B-14110
01CE    FRANJA CELESTE            2,369           2,370         18         20                           B-14111
01CE    FRANJA CELESTE            2,433           2,434         18         20                           B-14112
01CE    FRANJA CELESTE            2,303           2,304         18         20                           B-14113
01CE    FRANJA CELESTE            2,342           2,343         18         20                           B-14114
01CE    FRANJA CELESTE            2,445           2,446         18         20                           B-14115
01CE    FRANJA CELESTE            2,486           2,487         18         20                           B-14116
01CE    FRANJA CELESTE            2,238           2,239         18         20                           B-14117
01CE    FRANJA CELESTE            1,943           1,944         29         20                           B-14118
01CE    FRANJA CELESTE            2,418           2,419         29         20                           B-14119
01CE    FRANJA CELESTE            2,409           2,410         16         20                           B-14120
01CE    FRANJA CELESTE            2,272           2,273         29         20                           B-14121
01CE    FRANJA CELESTE            2,013           2,014         37         20                           B-14122
01CE    FRANJA CELESTE            2,021           2,022         37         20                           B-14123
01CE    FRANJA CELESTE            1,984           1,985         37         20                           B-14124









EMPRESA NACIONAL DE MINERIA (ENM) PRODUCTOR          PACKING LIST                             PAG.  :   4
NATIONAL MINING COMPANY                       CODIGO DE LOTE   : B-13990                      FECHA :10/03/2020
                                              -----------------------------
FLUJO        : 
DESCRIPCION  : CATODOS GRADO A
N° INSTR. DE EMBARQUE : 25796
CLIENTE      : NORDIC BEIJING
Lote Sipa    : 20020548

----------------------------------------------------------------------------------------------------------------------------- 
MARCA       DESCRIPCION         PESO NETO      PESO BRUTO     GRUPO     UNIDADES       UBICACION         SERIE                
-----------------------------------------------------------------------------------------------------------------------------

01CE    FRANJA CELESTE            1,925           1,926         37         20                           B-14125
01CE    FRANJA CELESTE            2,113           2,114         37         20                           B-14126
01CE    FRANJA CELESTE            2,432           2,433         37         20                           B-14127
01CE    FRANJA CELESTE            2,426           2,427         37         20                           B-14128
01CE    FRANJA CELESTE            2,335           2,336         37         20                           B-14129
01CE    FRANJA CELESTE            2,419           2,420         37         20                           B-14130
01CE    FRANJA CELESTE            2,374           2,375         37         20                           B-14131
01CE    FRANJA CELESTE            2,381           2,382         37         20                           B-14132
01CE    FRANJA CELESTE            2,325           2,326         37         20                           B-14133
01CE    FRANJA CELESTE            2,403           2,404         22         20                           B-14134
01CE    FRANJA CELESTE            2,287           2,288         22         20                           B-14135
01CE    FRANJA CELESTE            2,015           2,016         22         20                           B-14136
01CE    FRANJA CELESTE            2,248           2,249         22         20                           B-14137
01CE    FRANJA CELESTE            2,447           2,448         22         20                           B-14138
01CE    FRANJA CELESTE            2,368           2,369         22         20                           B-14139
01CE    FRANJA CELESTE            2,362           2,363         22         20                           B-14140
01CE    FRANJA CELESTE            2,272           2,273         22         20                           B-14141
01CE    FRANJA CELESTE            2,173           2,174         22         20                           B-14142
01CE    FRANJA CELESTE            2,287           2,288         22         20                           B-14143
01CE    FRANJA CELESTE            2,508           2,509         10         20                           B-14144
01CE    FRANJA CELESTE            2,125           2,126         36         20                           B-14145
01CE    FRANJA CELESTE            2,102           2,103         36         20                           B-14146
01CE    FRANJA CELESTE            2,394           2,395         36         20                           B-14147
01CE    FRANJA CELESTE            2,442           2,443         10         20                           B-14148
01CE    FRANJA CELESTE            2,491           2,492         10         20                           B-14149
01CE    FRANJA CELESTE            2,534           2,535         10         20                           B-14150
01CE    FRANJA CELESTE            2,581           2,582         10         20                           B-14151
01CE    FRANJA CELESTE            2,529           2,530         10         20                           B-14152
01CE    FRANJA CELESTE            2,006           2,007         10         20                           B-14153
01CE    FRANJA CELESTE            2,490           2,491         10         20                           B-14154
01CE    FRANJA CELESTE            2,547           2,548         10         20                           B-14155
01CE    FRANJA CELESTE            2,348           2,349         10         20                           B-14156
01CE    FRANJA CELESTE            2,364           2,365         10         20                           B-14157
01CE    FRANJA CELESTE            2,391           2,392         10         20                           B-14158
01CE    FRANJA CELESTE            2,107           2,108         36         20                           B-14159
01CE    FRANJA CELESTE            2,516           2,517         10         20                           B-14160
01CE    FRANJA CELESTE            2,401           2,402         10         20                           B-14161
01CE    FRANJA CELESTE            2,051           2,052         36         20                           B-14162


------------------------------------------------------------------------------------------------------------------------
T.SUB-LOTES              TOT.PAQUETES =173      TOT.UNID. = 3460   T/P NETO (kg) = 399,682      T/P BRUTO (kg) = 399,855
------------------------------------------------------------------------------------------------------------------------
