
EMPRESA NACIONAL DE MINERIA (ENM) PRODUCTOR          PACKING LIST                             PAG.  :   1
NATIONAL MINING COMPANY                       CODIGO DE LOTE   : C-11750                      FECHA :01/04/2019
                                              -----------------------------
FLUJO        : 
DESCRIPCION  : CATODOS GRADO A
N° INSTR. DE EMBARQUE : 25128
CLIENTE      : SAN VICENTE EXPRESS
Lote Sipa    : 19030071

----------------------------------------------------------------------------------------------------------------------------- 
MARCA       DESCRIPCION         PESO NETO      PESO BRUTO     GRUPO     UNIDADES       UBICACION         SERIE                
-----------------------------------------------------------------------------------------------------------------------------

02RJ    DOS FRANJAS ROJAS         2,361           2,362         04         20                           C-11750
02RJ    DOS FRANJAS ROJAS         2,372           2,373         04         20                           C-11751
02RJ    DOS FRANJAS ROJAS         2,381           2,382         04         20                           C-11752
02RJ    DOS FRANJAS ROJAS         2,403           2,404         04         20                           C-11753
02RJ    DOS FRANJAS ROJAS         2,059           2,060         04         20                           C-11754
02RJ    DOS FRANJAS ROJAS         2,375           2,376         04         20                           C-11755
02RJ    DOS FRANJAS ROJAS         2,242           2,243         04         20                           C-11756
02RJ    DOS FRANJAS ROJAS         2,341           2,342         04         20                           C-11757
02RJ    DOS FRANJAS ROJAS         2,354           2,355         04         20                           C-11758
02RJ    DOS FRANJAS ROJAS         2,126           2,127         04         20                           C-11759
02RJ    DOS FRANJAS ROJAS         2,219           2,220         04         20                           C-11760
02RJ    DOS FRANJAS ROJAS         2,351           2,352         04         20                           C-11761
02RJ    DOS FRANJAS ROJAS         2,315           2,316         04         20                           C-11762
02RJ    DOS FRANJAS ROJAS         2,460           2,461         04         20                           C-11763
02RJ    DOS FRANJAS ROJAS         2,479           2,480         04         20                           C-11764
02RJ    DOS FRANJAS ROJAS         2,328           2,329         20         20                           C-11765
02RJ    DOS FRANJAS ROJAS         2,395           2,396         20         20                           C-11766
02RJ    DOS FRANJAS ROJAS         2,345           2,346         20         20                           C-11767
02RJ    DOS FRANJAS ROJAS         2,364           2,365         20         20                           C-11768
02RJ    DOS FRANJAS ROJAS         2,357           2,358         20         20                           C-11769
02RJ    DOS FRANJAS ROJAS         2,281           2,282         20         20                           C-11770
02RJ    DOS FRANJAS ROJAS         2,438           2,439         33         20                           C-11771
02RJ    DOS FRANJAS ROJAS         2,290           2,291         33         20                           C-11772
02RJ    DOS FRANJAS ROJAS         2,176           2,177         33         20                           C-11773
02RJ    DOS FRANJAS ROJAS         2,414           2,415         33         20                           C-11774
02RJ    DOS FRANJAS ROJAS         2,382           2,383         33         20                           C-11775
02RJ    DOS FRANJAS ROJAS         2,059           2,060         04         20                           C-11776
02RJ    DOS FRANJAS ROJAS         2,334           2,335         04         20                           C-11777
02RJ    DOS FRANJAS ROJAS         2,467           2,468         33         20                           C-11778
02RJ    DOS FRANJAS ROJAS         2,416           2,417         33         20                           C-11779
02RJ    DOS FRANJAS ROJAS         2,425           2,426         33         20                           C-11780
02RJ    DOS FRANJAS ROJAS         2,251           2,252         33         20                           C-11781
02RJ    DOS FRANJAS ROJAS         2,225           2,226         33         20                           C-11782
02RJ    DOS FRANJAS ROJAS         2,279           2,280         33         20                           C-11783
02RJ    DOS FRANJAS ROJAS         2,476           2,477         33         20                           C-11784
02RJ    DOS FRANJAS ROJAS         2,220           2,221         33         20                           C-11785
02RJ    DOS FRANJAS ROJAS         2,270           2,271         33         20                           C-11786
02RJ    DOS FRANJAS ROJAS         2,179           2,180         33         20                           C-11787
02RJ    DOS FRANJAS ROJAS         2,114           2,115         04         20                           C-11788
02RJ    DOS FRANJAS ROJAS         2,249           2,250         04         20                           C-11789
02RJ    DOS FRANJAS ROJAS         2,372           2,373         04         20                           C-11790
02RJ    DOS FRANJAS ROJAS         2,031           2,032         04         20                           C-11791
02RJ    DOS FRANJAS ROJAS         2,455           2,456         33         20                           C-11792
02RJ    DOS FRANJAS ROJAS         2,119           2,120         04         20                           C-11793
02RJ    DOS FRANJAS ROJAS         2,260           2,261         04         20                           C-11794









EMPRESA NACIONAL DE MINERIA (ENM) PRODUCTOR          PACKING LIST                             PAG.  :   2
NATIONAL MINING COMPANY                       CODIGO DE LOTE   : C-11750                      FECHA :01/04/2019
                                              -----------------------------
FLUJO        : 
DESCRIPCION  : CATODOS GRADO A
N° INSTR. DE EMBARQUE : 25128
CLIENTE      : SAN VICENTE EXPRESS
Lote Sipa    : 19030071

----------------------------------------------------------------------------------------------------------------------------- 
MARCA       DESCRIPCION         PESO NETO      PESO BRUTO     GRUPO     UNIDADES       UBICACION         SERIE                
-----------------------------------------------------------------------------------------------------------------------------

02RJ    DOS FRANJAS ROJAS         2,293           2,294         04         20                           C-11795
02RJ    DOS FRANJAS ROJAS         2,406           2,407         33         20                           C-11796
02RJ    DOS FRANJAS ROJAS         2,326           2,327         33         20                           C-11797
02RJ    DOS FRANJAS ROJAS         2,263           2,264         33         20                           C-11798
02RJ    DOS FRANJAS ROJAS         2,191           2,192         33         20                           C-11799
02RJ    DOS FRANJAS ROJAS         2,514           2,515         33         20                           C-11800
02RJ    DOS FRANJAS ROJAS         2,119           2,120         33         20                           C-11801
02RJ    DOS FRANJAS ROJAS         2,488           2,489         04         20                           C-11802
02RJ    DOS FRANJAS ROJAS         2,198           2,199         04         20                           C-11803
02RJ    DOS FRANJAS ROJAS         2,309           2,310         04         20                           C-11804
02RJ    DOS FRANJAS ROJAS         2,383           2,384         04         20                           C-11805
02RJ    DOS FRANJAS ROJAS         2,487           2,488         33         20                           C-11806
02RJ    DOS FRANJAS ROJAS         2,164           2,165         33         20                           C-11807
02RJ    DOS FRANJAS ROJAS         2,116           2,117         33         20                           C-11808
02RJ    DOS FRANJAS ROJAS         2,447           2,448         04         20                           C-11809
02RJ    DOS FRANJAS ROJAS         2,491           2,492         04         20                           C-11810
02RJ    DOS FRANJAS ROJAS         2,130           2,131         04         20                           C-11811
02RJ    DOS FRANJAS ROJAS         2,181           2,182         04         20                           C-11812
02RJ    DOS FRANJAS ROJAS         2,032           2,033         04         20                           C-11813
02RJ    DOS FRANJAS ROJAS         2,254           2,255         33         20                           C-11814
02RJ    DOS FRANJAS ROJAS         2,255           2,256         33         20                           C-11815
02RJ    DOS FRANJAS ROJAS         2,297           2,298         04         20                           C-11816
02RJ    DOS FRANJAS ROJAS         2,328           2,329         04         20                           C-11817
02RJ    DOS FRANJAS ROJAS         2,488           2,489         04         20                           C-11818
02RJ    DOS FRANJAS ROJAS         2,453           2,454         04         20                           C-11819
02RJ    DOS FRANJAS ROJAS         2,229           2,230         04         20                           C-11820
02RJ    DOS FRANJAS ROJAS         2,341           2,342         04         20                           C-11821
02RJ    DOS FRANJAS ROJAS         2,418           2,419         04         20                           C-11822
02RJ    DOS FRANJAS ROJAS         2,096           2,097         04         20                           C-11823
02RJ    DOS FRANJAS ROJAS         2,151           2,152         04         20                           C-11824
02RJ    DOS FRANJAS ROJAS         2,242           2,243         04         20                           C-11825
02RJ    DOS FRANJAS ROJAS         2,205           2,206         04         20                           C-11826
02RJ    DOS FRANJAS ROJAS         2,151           2,152         04         20                           C-11827
02RJ    DOS FRANJAS ROJAS         2,345           2,346         33         20                           C-11828
02RJ    DOS FRANJAS ROJAS         2,357           2,358         33         20                           C-11829
02RJ    DOS FRANJAS ROJAS         2,276           2,277         33         20                           C-11830
02RJ    DOS FRANJAS ROJAS         2,289           2,290         04         20                           C-11831
02RJ    DOS FRANJAS ROJAS         2,295           2,296         20         20                           C-11832
02RJ    DOS FRANJAS ROJAS         2,214           2,215         20         20                           C-11833
02RJ    DOS FRANJAS ROJAS         2,171           2,172         46         20                           C-11834
02RJ    DOS FRANJAS ROJAS         2,348           2,349         46         20                           C-11835
02RJ    DOS FRANJAS ROJAS         2,434           2,435         46         20                           C-11836


------------------------------------------------------------------------------------------------------------------------
T.SUB-LOTES              TOT.PAQUETES =87      TOT.UNID. = 1740   T/P NETO (kg) = 199,984      T/P BRUTO (kg) = 200,071
------------------------------------------------------------------------------------------------------------------------
