
EMPRESA NACIONAL DE MINERIA (ENM) PRODUCTOR          PACKING LIST                             PAG.  :   1
NATIONAL MINING COMPANY                       CODIGO DE LOTE   : H-2065                      FECHA :21/09/2023
                                              -----------------------------
FLUJO        : 
DESCRIPCION  : CATODOS EW TALTAL
N° INSTR. DE EMBARQUE : 28118
CLIENTE      : MAERSK BISCAYNE
Lote Sipa    : 23080259

----------------------------------------------------------------------------------------------------------------------------- 
MARCA       DESCRIPCION         PESO NETO      PESO BRUTO     GRUPO     UNIDADES       UBICACION         SERIE                
-----------------------------------------------------------------------------------------------------------------------------

02AM    DOS FRANJAS AMARILLAS     1,980           1,981                    49                           H-2065 
02AM    DOS FRANJAS AMARILLAS     1,994           1,995                    72                           H-2066 
02AM    DOS FRANJAS AMARILLAS     2,019           2,020                    60                           H-2067 
02AM    DOS FRANJAS AMARILLAS     1,985           1,986                    49                           H-2068 
02AM    DOS FRANJAS AMARILLAS     2,033           2,034                    52                           H-2069 
02AM    DOS FRANJAS AMARILLAS     2,048           2,049                    60                           H-2070 
02AM    DOS FRANJAS AMARILLAS     2,040           2,041                    60                           H-2071 
02AM    DOS FRANJAS AMARILLAS     1,967           1,968                    49                           H-2072 
02AM    DOS FRANJAS AMARILLAS     1,981           1,982                    49                           H-2073 
02AM    DOS FRANJAS AMARILLAS     2,024           2,025                    59                           H-2074 
02AM    DOS FRANJAS AMARILLAS     2,042           2,043                    53                           H-2075 
02AM    DOS FRANJAS AMARILLAS     2,031           2,032                    54                           H-2076 
02AM    DOS FRANJAS AMARILLAS     2,021           2,022                    50                           H-2077 
02AM    DOS FRANJAS AMARILLAS     1,962           1,963                    49                           H-2078 
02AM    DOS FRANJAS AMARILLAS     1,985           1,986                    54                           H-2082 
02AM    DOS FRANJAS AMARILLAS     2,019           2,020                    56                           H-2083 
02AM    DOS FRANJAS AMARILLAS     2,030           2,031                    57                           H-2084 
02AM    DOS FRANJAS AMARILLAS     2,055           2,056                    54                           H-2085 
02AM    DOS FRANJAS AMARILLAS     2,000           2,001                    55                           H-2086 
02AM    DOS FRANJAS AMARILLAS     2,025           2,026                    55                           H-2087 
02AM    DOS FRANJAS AMARILLAS     2,033           2,034                    53                           H-2088 
02AM    DOS FRANJAS AMARILLAS     2,016           2,017                    54                           H-2089 
02AM    DOS FRANJAS AMARILLAS     2,003           2,004                    54                           H-2090 
02AM    DOS FRANJAS AMARILLAS     2,048           2,049                    56                           H-2091 
02AM    DOS FRANJAS AMARILLAS     2,040           2,041                    58                           H-2092 
02AM    DOS FRANJAS AMARILLAS     2,018           2,019                    56                           H-2093 
02AM    DOS FRANJAS AMARILLAS     2,034           2,035                    58                           H-2094 
02AM    DOS FRANJAS AMARILLAS     2,012           2,013                    53                           H-2095 
02AM    DOS FRANJAS AMARILLAS     2,033           2,034                    59                           H-2098 
02AM    DOS FRANJAS AMARILLAS     2,018           2,019                    60                           H-2099 
02AM    DOS FRANJAS AMARILLAS     2,012           2,013                    63                           H-2100 
02AM    DOS FRANJAS AMARILLAS     2,014           2,015                    57                           H-2101 
02AM    DOS FRANJAS AMARILLAS     2,043           2,044                    60                           H-2102 
02AM    DOS FRANJAS AMARILLAS     2,042           2,043                    55                           H-2103 
02AM    DOS FRANJAS AMARILLAS     2,034           2,035                    91                           H-2104 
02AM    DOS FRANJAS AMARILLAS     2,010           2,011                    55                           H-2105 
02AM    DOS FRANJAS AMARILLAS     2,032           2,033                    88                           H-2106 
02AM    DOS FRANJAS AMARILLAS     2,022           2,023                    54                           H-2107 
02AM    DOS FRANJAS AMARILLAS     1,985           1,986                    84                           H-2108 
02AM    DOS FRANJAS AMARILLAS     2,040           2,041                    54                           H-2109 
02AM    DOS FRANJAS AMARILLAS     1,987           1,988                    88                           H-2110 
02AM    DOS FRANJAS AMARILLAS     1,971           1,972                    56                           H-2292 
02AM    DOS FRANJAS AMARILLAS     1,968           1,969                    75                           H-2293 
02AM    DOS FRANJAS AMARILLAS     1,956           1,957                    58                           H-2294 
02AM    DOS FRANJAS AMARILLAS     2,035           2,036                    56                           H-2295 









EMPRESA NACIONAL DE MINERIA (ENM) PRODUCTOR          PACKING LIST                             PAG.  :   2
NATIONAL MINING COMPANY                       CODIGO DE LOTE   : H-2065                      FECHA :21/09/2023
                                              -----------------------------
FLUJO        : 
DESCRIPCION  : CATODOS EW TALTAL
N° INSTR. DE EMBARQUE : 28118
CLIENTE      : MAERSK BISCAYNE
Lote Sipa    : 23080259

----------------------------------------------------------------------------------------------------------------------------- 
MARCA       DESCRIPCION         PESO NETO      PESO BRUTO     GRUPO     UNIDADES       UBICACION         SERIE                
-----------------------------------------------------------------------------------------------------------------------------

02AM    DOS FRANJAS AMARILLAS     2,031           2,032                    57                           H-2296 
02AM    DOS FRANJAS AMARILLAS     1,982           1,983                    54                           H-2297 
02AM    DOS FRANJAS AMARILLAS     1,976           1,977                    73                           H-2298 
02AM    DOS FRANJAS AMARILLAS     1,982           1,983                    58                           H-2299 
02AM    DOS FRANJAS AMARILLAS     2,036           2,037                    60                           H-2300 
02AM    DOS FRANJAS AMARILLAS     1,974           1,975                    73                           H-2301 
02AM    DOS FRANJAS AMARILLAS     1,988           1,989                    60                           H-2302 
02AM    DOS FRANJAS AMARILLAS     2,044           2,045                    58                           H-2303 
02AM    DOS FRANJAS AMARILLAS     1,959           1,960                    72                           H-2304 
02AM    DOS FRANJAS AMARILLAS     1,947           1,948                    73                           H-2305 
02AM    DOS FRANJAS AMARILLAS     2,014           2,015                    51                           H-2310 
02AM    DOS FRANJAS AMARILLAS     2,018           2,019                    66                           H-2311 
02AM    DOS FRANJAS AMARILLAS     1,989           1,990                    55                           H-2312 
02AM    DOS FRANJAS AMARILLAS     2,011           2,012                    66                           H-2313 
02AM    DOS FRANJAS AMARILLAS     1,965           1,966                    54                           H-2314 
02AM    DOS FRANJAS AMARILLAS     2,048           2,049                    52                           H-2315 
02AM    DOS FRANJAS AMARILLAS     1,977           1,978                    57                           H-2316 
02AM    DOS FRANJAS AMARILLAS     1,992           1,993                    54                           H-2317 
02AM    DOS FRANJAS AMARILLAS     1,975           1,976                    55                           H-2318 
02AM    DOS FRANJAS AMARILLAS     1,994           1,995                    60                           H-2319 
02AM    DOS FRANJAS AMARILLAS     2,006           2,007                    55                           H-2320 
02AM    DOS FRANJAS AMARILLAS     2,028           2,029                    55                           H-20970
02AM    DOS FRANJAS AMARILLAS     1,981           1,982                    54                           H-23210
02AM    DOS FRANJAS AMARILLAS     1,968           1,969                    56                           H-23211
02AM    DOS FRANJAS AMARILLAS     1,978           1,979                    54                           H-23212
02AM    DOS FRANJAS AMARILLAS     2,019           2,020                    58                           H-23215
02AM    DOS FRANJAS AMARILLAS     1,965           1,966                    60                           H-23216
02AM    DOS FRANJAS AMARILLAS     1,966           1,967                    56                           H-23217
02AM    DOS FRANJAS AMARILLAS     2,041           2,042                    60                           H-23218
02AM    DOS FRANJAS AMARILLAS     2,004           2,005                    58                           H-23219
02AM    DOS FRANJAS AMARILLAS     2,026           2,027                    57                           H-23220
02AM    DOS FRANJAS AMARILLAS     2,046           2,047                    60                           H-23221
02AM    DOS FRANJAS AMARILLAS     2,005           2,006                    58                           H-23222
02AM    DOS FRANJAS AMARILLAS     2,027           2,028                    56                           H-23223
02AM    DOS FRANJAS AMARILLAS     2,030           2,031                    56                           H-23224
02AM    DOS FRANJAS AMARILLAS     2,050           2,051                    58                           H-23225
02AM    DOS FRANJAS AMARILLAS     2,006           2,007                    56                           H-23226
02AM    DOS FRANJAS AMARILLAS     1,953           1,954                    46                           H-23227
02AM    DOS FRANJAS AMARILLAS     2,007           2,008                    56                           H-23228
02AM    DOS FRANJAS AMARILLAS     2,019           2,020                    45                           H-23245
02AM    DOS FRANJAS AMARILLAS     1,960           1,961                    47                           H-23246
02AM    DOS FRANJAS AMARILLAS     1,953           1,954                    47                           H-23247
02AM    DOS FRANJAS AMARILLAS     1,960           1,961                    47                           H-23248
02AM    DOS FRANJAS AMARILLAS     1,961           1,962                    46                           H-23249
02AM    DOS FRANJAS AMARILLAS     2,019           2,020                    47                           H-23250









EMPRESA NACIONAL DE MINERIA (ENM) PRODUCTOR          PACKING LIST                             PAG.  :   3
NATIONAL MINING COMPANY                       CODIGO DE LOTE   : H-2065                      FECHA :21/09/2023
                                              -----------------------------
FLUJO        : 
DESCRIPCION  : CATODOS EW TALTAL
N° INSTR. DE EMBARQUE : 28118
CLIENTE      : MAERSK BISCAYNE
Lote Sipa    : 23080259

----------------------------------------------------------------------------------------------------------------------------- 
MARCA       DESCRIPCION         PESO NETO      PESO BRUTO     GRUPO     UNIDADES       UBICACION         SERIE                
-----------------------------------------------------------------------------------------------------------------------------

02AM    DOS FRANJAS AMARILLAS     2,034           2,035                    49                           H-23251
02AM    DOS FRANJAS AMARILLAS     1,993           1,994                    48                           H-23252
02AM    DOS FRANJAS AMARILLAS     1,988           1,989                    46                           H-23253
02AM    DOS FRANJAS AMARILLAS     2,036           2,037                    48                           H-23254
02AM    DOS FRANJAS AMARILLAS     2,012           2,013                    58                           H-23255
02AM    DOS FRANJAS AMARILLAS     2,003           2,004                    47                           H-23256
02AM    DOS FRANJAS AMARILLAS     1,978           1,979                    46                           H-23257
02AM    DOS FRANJAS AMARILLAS     2,001           2,002                    48                           H-23258


------------------------------------------------------------------------------------------------------------------------
T.SUB-LOTES              TOT.PAQUETES =98      TOT.UNID. = 5597   T/P NETO (kg) = 196,572      T/P BRUTO (kg) = 196,670
------------------------------------------------------------------------------------------------------------------------
