
EMPRESA NACIONAL DE MINERIA (ENM) PRODUCTOR          PACKING LIST                             PAG.  :   1
NATIONAL MINING COMPANY                       CODIGO DE LOTE   : C-14395                      FECHA :08/04/2021
                                              -----------------------------
FLUJO        : 
DESCRIPCION  : CATODOS GRADO A
N° INSTR. DE EMBARQUE : 26616
CLIENTE      : CARLOTTA STAR
Lote Sipa    : 

----------------------------------------------------------------------------------------------------------------------------- 
MARCA       DESCRIPCION         PESO NETO      PESO BRUTO     GRUPO     UNIDADES       UBICACION         SERIE                
-----------------------------------------------------------------------------------------------------------------------------

02CE    DOS FRANJAS CELESTES      2,444           2,445         45         20                           C-14395
02CE    DOS FRANJAS CELESTES      2,450           2,451         33         20                           C-14396
02CE    DOS FRANJAS CELESTES      2,378           2,379         06         20                           C-14397
02CE    DOS FRANJAS CELESTES      2,460           2,461         06         20                           C-14398
02CE    DOS FRANJAS CELESTES      2,405           2,406         06         20                           C-14399
02CE    DOS FRANJAS CELESTES      2,438           2,439         06         20                           C-14400
02CE    DOS FRANJAS CELESTES      2,408           2,409         18         20                           C-14401
02CE    DOS FRANJAS CELESTES      2,424           2,425         06         20                           C-14402
02CE    DOS FRANJAS CELESTES      2,440           2,441         33         20                           C-14403
02CE    DOS FRANJAS CELESTES      2,516           2,517         06         20                           C-14404
02CE    DOS FRANJAS CELESTES      2,410           2,411         06         20                           C-14405
02CE    DOS FRANJAS CELESTES      2,417           2,418         33         20                           C-14406
02CE    DOS FRANJAS CELESTES      2,448           2,449         45         20                           C-14407
02CE    DOS FRANJAS CELESTES      2,451           2,452         33         20                           C-14408
02CE    DOS FRANJAS CELESTES      2,525           2,526         45         20                           C-14409
02CE    DOS FRANJAS CELESTES      2,448           2,449         33         20                           C-14410
02CE    DOS FRANJAS CELESTES      2,407           2,408         06         20                           C-14411
02CE    DOS FRANJAS CELESTES      2,421           2,422         06         20                           C-14412
02CE    DOS FRANJAS CELESTES      2,337           2,338         33         20                           C-14413
02CE    DOS FRANJAS CELESTES      2,334           2,335         06         20                           C-14414
02CE    DOS FRANJAS CELESTES      2,368           2,369         06         20                           C-14415
02CE    DOS FRANJAS CELESTES      2,448           2,449         33         20                           C-14416
02CE    DOS FRANJAS CELESTES      2,399           2,400         33         20                           C-14417
02CE    DOS FRANJAS CELESTES      2,445           2,446         33         20                           C-14418
02CE    DOS FRANJAS CELESTES      2,360           2,361         33         20                           C-14419
02CE    DOS FRANJAS CELESTES      2,496           2,497         06         20                           C-14420
02CE    DOS FRANJAS CELESTES      2,398           2,399         33         20                           C-14421
02CE    DOS FRANJAS CELESTES      2,346           2,347         06         20                           C-14422
02CE    DOS FRANJAS CELESTES      2,424           2,425         06         20                           C-14423
02CE    DOS FRANJAS CELESTES      2,367           2,368         33         20                           C-14424
02CE    DOS FRANJAS CELESTES      2,276           2,277         33         20                           C-14425
02CE    DOS FRANJAS CELESTES      2,361           2,362         33         20                           C-14426
02CE    DOS FRANJAS CELESTES      2,295           2,296         06         20                           C-14427
02CE    DOS FRANJAS CELESTES      2,460           2,461         06         20                           C-14428
02CE    DOS FRANJAS CELESTES      2,411           2,412         06         20                           C-14429
02CE    DOS FRANJAS CELESTES      2,438           2,439         06         20                           C-14430
02CE    DOS FRANJAS CELESTES      2,342           2,343         06         20                           C-14431
02CE    DOS FRANJAS CELESTES      2,461           2,462         06         20                           C-14432
02CE    DOS FRANJAS CELESTES      2,368           2,369         06         20                           C-14433
02CE    DOS FRANJAS CELESTES      2,269           2,270         33         20                           C-14434
02CE    DOS FRANJAS CELESTES      2,289           2,290         33         20                           C-14435
02CE    DOS FRANJAS CELESTES      2,403           2,404         06         20                           C-14436
02CE    DOS FRANJAS CELESTES      2,373           2,374         33         20                           C-14437
02CE    DOS FRANJAS CELESTES      2,483           2,484         06         20                           C-14438
02CE    DOS FRANJAS CELESTES      2,436           2,437         06         20                           C-14439









EMPRESA NACIONAL DE MINERIA (ENM) PRODUCTOR          PACKING LIST                             PAG.  :   2
NATIONAL MINING COMPANY                       CODIGO DE LOTE   : C-14395                      FECHA :08/04/2021
                                              -----------------------------
FLUJO        : 
DESCRIPCION  : CATODOS GRADO A
N° INSTR. DE EMBARQUE : 26616
CLIENTE      : CARLOTTA STAR
Lote Sipa    : 

----------------------------------------------------------------------------------------------------------------------------- 
MARCA       DESCRIPCION         PESO NETO      PESO BRUTO     GRUPO     UNIDADES       UBICACION         SERIE                
-----------------------------------------------------------------------------------------------------------------------------

02CE    DOS FRANJAS CELESTES      2,324           2,325         06         20                           C-14440
02CE    DOS FRANJAS CELESTES      2,386           2,387         06         20                           C-14441
02CE    DOS FRANJAS CELESTES      2,361           2,362         33         20                           C-14442
02CE    DOS FRANJAS CELESTES      2,336           2,337         33         20                           C-14443
02CE    DOS FRANJAS CELESTES      2,469           2,470         18         20                           C-14444
02CE    DOS FRANJAS CELESTES      2,458           2,459         33         20                           C-14445
02CE    DOS FRANJAS CELESTES      2,289           2,290         33         20                           C-14446
02CE    DOS FRANJAS CELESTES      2,419           2,420         33         20                           C-14447
02CE    DOS FRANJAS CELESTES      2,182           2,183         18         20                           C-14448
02CE    DOS FRANJAS CELESTES      2,389           2,390         06         20                           C-14449
02CE    DOS FRANJAS CELESTES      2,417           2,418         33         20                           C-14450
02CE    DOS FRANJAS CELESTES      2,350           2,351         33         20                           C-14451
02CE    DOS FRANJAS CELESTES      2,472           2,473         33         20                           C-14452
02CE    DOS FRANJAS CELESTES      2,440           2,441         33         20                           C-14453
02CE    DOS FRANJAS CELESTES      2,229           2,230         33         20                           C-14454
02CE    DOS FRANJAS CELESTES      2,454           2,455         33         20                           C-14455
02CE    DOS FRANJAS CELESTES      2,482           2,483         06         20                           C-14456
02CE    DOS FRANJAS CELESTES      2,342           2,343         33         20                           C-14457
02CE    DOS FRANJAS CELESTES      2,431           2,432         33         20                           C-14458
02CE    DOS FRANJAS CELESTES      2,464           2,465         06         20                           C-14459
02CE    DOS FRANJAS CELESTES      2,216           2,217         06         20                           C-14460
02CE    DOS FRANJAS CELESTES      2,411           2,412         16         20                           C-14461
02CE    DOS FRANJAS CELESTES      2,387           2,388         33         20                           C-14462
02CE    DOS FRANJAS CELESTES      2,245           2,246         33         20                           C-14463
02CE    DOS FRANJAS CELESTES      2,150           2,151         06         20                           C-14464
02CE    DOS FRANJAS CELESTES      2,403           2,404         18         20                           C-14465
02CE    DOS FRANJAS CELESTES      2,459           2,460         33         20                           C-14466
02CE    DOS FRANJAS CELESTES      2,309           2,310         33         20                           C-14467
02CE    DOS FRANJAS CELESTES      2,407           2,408         33         20                           C-14468
02CE    DOS FRANJAS CELESTES      2,469           2,470         33         20                           C-14469
02CE    DOS FRANJAS CELESTES      2,278           2,279         18         20                           C-14470
02CE    DOS FRANJAS CELESTES      2,043           2,044         33         20                           C-14471
02CE    DOS FRANJAS CELESTES      2,045           2,046         33         20                           C-14472
02CE    DOS FRANJAS CELESTES      2,353           2,354         33         20                           C-14473
02CE    DOS FRANJAS CELESTES      1,977           1,978         33         20                           C-14474
02CE    DOS FRANJAS CELESTES      2,406           2,407         06         20                           C-14475
02CE    DOS FRANJAS CELESTES      2,177           2,178         33         20                           C-14476
02CE    DOS FRANJAS CELESTES      2,288           2,289         33         20                           C-14477
02CE    DOS FRANJAS CELESTES      2,416           2,417         06         20                           C-14478
02CE    DOS FRANJAS CELESTES      2,420           2,421         06         20                           C-14479
02CE    DOS FRANJAS CELESTES      2,426           2,427         18         20                           C-14480
02CE    DOS FRANJAS CELESTES      2,299           2,300         18         20                           C-14481
02CE    DOS FRANJAS CELESTES      2,388           2,389         45         20                           C-14482
02CE    DOS FRANJAS CELESTES      2,556           2,557         33         20                           C-14483
02CE    DOS FRANJAS CELESTES      2,206           2,207         33         20                           C-14484









EMPRESA NACIONAL DE MINERIA (ENM) PRODUCTOR          PACKING LIST                             PAG.  :   3
NATIONAL MINING COMPANY                       CODIGO DE LOTE   : C-14395                      FECHA :08/04/2021
                                              -----------------------------
FLUJO        : 
DESCRIPCION  : CATODOS GRADO A
N° INSTR. DE EMBARQUE : 26616
CLIENTE      : CARLOTTA STAR
Lote Sipa    : 

----------------------------------------------------------------------------------------------------------------------------- 
MARCA       DESCRIPCION         PESO NETO      PESO BRUTO     GRUPO     UNIDADES       UBICACION         SERIE                
-----------------------------------------------------------------------------------------------------------------------------

02CE    DOS FRANJAS CELESTES      2,434           2,435         33         20                           C-14485
02CE    DOS FRANJAS CELESTES      2,495           2,496         33         20                           C-14486
02CE    DOS FRANJAS CELESTES      2,406           2,407         33         20                           C-14487
02CE    DOS FRANJAS CELESTES      2,457           2,458         33         20                           C-14488
02CE    DOS FRANJAS CELESTES      2,456           2,457         33         20                           C-14489
02CE    DOS FRANJAS CELESTES      2,495           2,496         33         20                           C-14490
02CE    DOS FRANJAS CELESTES      2,240           2,241         18         20                           C-14491
02CE    DOS FRANJAS CELESTES      2,363           2,364         18         20                           C-14492
02CE    DOS FRANJAS CELESTES      2,325           2,326         18         20                           C-14493
02CE    DOS FRANJAS CELESTES      2,411           2,412         18         20                           C-14494
02CE    DOS FRANJAS CELESTES      2,505           2,506         18         20                           C-14495
02CE    DOS FRANJAS CELESTES      2,395           2,396         06         20                           C-14496
02CE    DOS FRANJAS CELESTES      2,543           2,544         16         20                           C-14497
02CE    DOS FRANJAS CELESTES      2,418           2,419         16         20                           C-14498
02CE    DOS FRANJAS CELESTES      2,303           2,304         16         20                           C-14499


------------------------------------------------------------------------------------------------------------------------
T.SUB-LOTES              TOT.PAQUETES =105      TOT.UNID. = 2100   T/P NETO (kg) = 249,951      T/P BRUTO (kg) = 250,056
------------------------------------------------------------------------------------------------------------------------
