
EMPRESA NACIONAL DE MINERIA (ENM) PRODUCTOR          PACKING LIST                             PAG.  :   1
NATIONAL MINING COMPANY                       CODIGO DE LOTE   : J-4937                      FECHA :06/10/2023
                                              -----------------------------
FLUJO        : 
DESCRIPCION  : CATODOS GRADO A
N° INSTR. DE EMBARQUE : 28141
CLIENTE      : ANTOFAGASTA EXPRESS
Lote Sipa    : 

----------------------------------------------------------------------------------------------------------------------------- 
MARCA       DESCRIPCION         PESO NETO      PESO BRUTO     GRUPO     UNIDADES       UBICACION         SERIE                
-----------------------------------------------------------------------------------------------------------------------------

01NE    FRANJA NEGRA              2,329           2,330         10         20                           J-4937 
01NE    FRANJA NEGRA              2,353           2,354         18         20                           J-4938 
01NE    FRANJA NEGRA              2,325           2,326         18         20                           J-4939 
01NE    FRANJA NEGRA              2,377           2,378         18         20                           J-4940 
01NE    FRANJA NEGRA              2,401           2,402         10         20                           J-4941 
01NE    FRANJA NEGRA              2,263           2,264         18         20                           J-4942 
01NE    FRANJA NEGRA              2,391           2,392         18         20                           J-4943 
01NE    FRANJA NEGRA              2,363           2,364         10         20                           J-4944 
01NE    FRANJA NEGRA              2,111           2,112         18         20                           J-4945 
01NE    FRANJA NEGRA              2,355           2,356         18         20                           J-4946 
01NE    FRANJA NEGRA              2,278           2,279         18         20                           J-4947 
01NE    FRANJA NEGRA              2,373           2,374         10         20                           J-4948 
01NE    FRANJA NEGRA              2,132           2,133         10         20                           J-4949 
01NE    FRANJA NEGRA              2,029           2,030         10         20                           J-4950 
01NE    FRANJA NEGRA              2,359           2,360         18         20                           J-4951 
01NE    FRANJA NEGRA              2,097           2,098         10         20                           J-4952 
01NE    FRANJA NEGRA              2,366           2,367         18         20                           J-4953 
01NE    FRANJA NEGRA              2,385           2,386         10         20                           J-4954 
01NE    FRANJA NEGRA              2,480           2,481         29         20                           J-4955 
01NE    FRANJA NEGRA              2,383           2,384         10         20                           J-4956 
01NE    FRANJA NEGRA              2,499           2,500         29         20                           J-4957 
01NE    FRANJA NEGRA              2,475           2,476         29         20                           J-4958 
01NE    FRANJA NEGRA              2,369           2,370         29         20                           J-4959 
01NE    FRANJA NEGRA              2,442           2,443         29         20                           J-4960 
01NE    FRANJA NEGRA              2,356           2,357         29         20                           J-4961 
01NE    FRANJA NEGRA              2,474           2,475         29         20                           J-4962 
01NE    FRANJA NEGRA              2,442           2,443         29         20                           J-4963 
01NE    FRANJA NEGRA              2,247           2,248         29         20                           J-4964 
01NE    FRANJA NEGRA              2,357           2,358         29         20                           J-4965 
01NE    FRANJA NEGRA              2,385           2,386         10         20                           J-4966 
01NE    FRANJA NEGRA              2,230           2,231         29         20                           J-4967 
01NE    FRANJA NEGRA              2,492           2,493         29         20                           J-4968 
01NE    FRANJA NEGRA              1,974           1,975         18         20                           J-4969 
01NE    FRANJA NEGRA              2,367           2,368         29         20                           J-4970 
01NE    FRANJA NEGRA              2,512           2,513         29         20                           J-4971 
01NE    FRANJA NEGRA              2,339           2,340         29         20                           J-4972 
01NE    FRANJA NEGRA              2,431           2,432         29         20                           J-4973 
01NE    FRANJA NEGRA              2,407           2,408         29         20                           J-4974 
01NE    FRANJA NEGRA              2,404           2,405         29         20                           J-4975 
01NE    FRANJA NEGRA              2,297           2,298         29         20                           J-4976 
01NE    FRANJA NEGRA              2,401           2,402         29         20                           J-4977 
01NE    FRANJA NEGRA              2,296           2,297         18         20                           J-4978 
01NE    FRANJA NEGRA              2,285           2,286         29         20                           J-4979 
01NE    FRANJA NEGRA              2,347           2,348         18         20                           J-4980 
01NE    FRANJA NEGRA              2,455           2,456         29         20                           J-4981 









EMPRESA NACIONAL DE MINERIA (ENM) PRODUCTOR          PACKING LIST                             PAG.  :   2
NATIONAL MINING COMPANY                       CODIGO DE LOTE   : J-4937                      FECHA :06/10/2023
                                              -----------------------------
FLUJO        : 
DESCRIPCION  : CATODOS GRADO A
N° INSTR. DE EMBARQUE : 28141
CLIENTE      : ANTOFAGASTA EXPRESS
Lote Sipa    : 

----------------------------------------------------------------------------------------------------------------------------- 
MARCA       DESCRIPCION         PESO NETO      PESO BRUTO     GRUPO     UNIDADES       UBICACION         SERIE                
-----------------------------------------------------------------------------------------------------------------------------

01NE    FRANJA NEGRA              2,275           2,276         29         20                           J-4982 
01NE    FRANJA NEGRA              2,351           2,352         18         20                           J-4983 
01NE    FRANJA NEGRA              2,365           2,366         29         20                           J-4984 
01NE    FRANJA NEGRA              2,498           2,499         29         20                           J-4985 
01NE    FRANJA NEGRA              2,298           2,299         18         20                           J-4986 
01NE    FRANJA NEGRA              2,468           2,469         29         20                           J-4987 
01NE    FRANJA NEGRA              2,510           2,511         29         20                           J-4988 
01NE    FRANJA NEGRA              2,467           2,468         29         20                           J-4989 
01NE    FRANJA NEGRA              2,258           2,259         29         20                           J-4990 
01NE    FRANJA NEGRA              2,465           2,466         29         20                           J-4991 
01NE    FRANJA NEGRA              2,361           2,362         29         20                           J-4992 
01NE    FRANJA NEGRA              2,499           2,500         29         20                           J-4993 
01NE    FRANJA NEGRA              2,486           2,487         29         20                           J-4994 
01NE    FRANJA NEGRA              2,335           2,336         18         20                           J-4995 
01NE    FRANJA NEGRA              2,305           2,306         18         20                           J-4996 
01NE    FRANJA NEGRA              2,469           2,470         29         20                           J-4997 
01NE    FRANJA NEGRA              2,439           2,440         29         20                           J-4998 
01NE    FRANJA NEGRA              2,463           2,464         29         20                           J-4999 
01NE    FRANJA NEGRA              2,465           2,466         29         20                           J-5000 
01NE    FRANJA NEGRA              2,435           2,436         29         20                           J-5001 
01NE    FRANJA NEGRA              2,463           2,464         29         20                           J-5002 
01NE    FRANJA NEGRA              2,287           2,288         18         20                           J-5003 
01NE    FRANJA NEGRA              2,347           2,348         10         20                           J-5004 
01NE    FRANJA NEGRA              2,365           2,366         29         20                           J-5005 
01NE    FRANJA NEGRA              2,312           2,313         29         20                           J-5006 
01NE    FRANJA NEGRA              2,560           2,561         29         20                           J-5007 
01NE    FRANJA NEGRA              2,445           2,446         29         20                           J-5008 
01NE    FRANJA NEGRA              2,441           2,442         29         20                           J-5009 
01NE    FRANJA NEGRA              2,421           2,422         29         20                           J-5010 
01NE    FRANJA NEGRA              2,273           2,274         18         20                           J-5011 
01NE    FRANJA NEGRA              2,455           2,456         29         20                           J-5012 
01NE    FRANJA NEGRA              2,469           2,470         06         20                           J-5013 
01NE    FRANJA NEGRA              2,473           2,474         06         20                           J-5014 
01NE    FRANJA NEGRA              2,431           2,432         29         20                           J-5015 
01NE    FRANJA NEGRA              2,425           2,426         29         20                           J-5016 
01NE    FRANJA NEGRA              2,446           2,447         06         20                           J-5017 
01NE    FRANJA NEGRA              2,465           2,466         10         20                           J-5018 
01NE    FRANJA NEGRA              2,528           2,529         10         20                           J-5019 
01NE    FRANJA NEGRA              2,487           2,488         06         20                           J-5020 


------------------------------------------------------------------------------------------------------------------------
T.SUB-LOTES              TOT.PAQUETES =84      TOT.UNID. = 1680   T/P NETO (kg) = 199,738      T/P BRUTO (kg) = 199,822
------------------------------------------------------------------------------------------------------------------------
