
EMPRESA NACIONAL DE MINERIA (ENM) PRODUCTOR          PACKING LIST                             PAG.  :   1
NATIONAL MINING COMPANY                       CODIGO DE LOTE   : B-3266                      FECHA :12/04/2018
                                              -----------------------------
FLUJO        : 
DESCRIPCION  : CATODOS EW MATTA
N° INSTR. DE EMBARQUE : 24497
CLIENTE      : SANTA ROSA
Lote Sipa    : 18020702

----------------------------------------------------------------------------------------------------------------------------- 
MARCA       DESCRIPCION         PESO NETO      PESO BRUTO     GRUPO     UNIDADES       UBICACION         SERIE                
-----------------------------------------------------------------------------------------------------------------------------

01CE    FRANJA CELESTE            2,019           2,020                    66                           B-3266 
01CE    FRANJA CELESTE            1,999           2,000                    61                           B-3267 
01CE    FRANJA CELESTE            1,995           1,996                    45                           B-3268 
01CE    FRANJA CELESTE            1,980           1,981                    61                           B-3269 
01CE    FRANJA CELESTE            1,988           1,989                    61                           B-3270 
01CE    FRANJA CELESTE            1,997           1,998                    62                           B-3271 
01CE    FRANJA CELESTE            2,016           2,017                    62                           B-3272 
01CE    FRANJA CELESTE            2,004           2,005                    62                           B-3273 
01CE    FRANJA CELESTE            1,993           1,994                    47                           B-3274 
01CE    FRANJA CELESTE            1,990           1,991                    45                           B-3275 
01CE    FRANJA CELESTE            1,956           1,957                    45                           B-3276 
01CE    FRANJA CELESTE            2,003           2,004                    56                           B-3277 
01CE    FRANJA CELESTE            2,034           2,035                    59                           B-3278 
01CE    FRANJA CELESTE            1,990           1,991                    50                           B-3279 
01CE    FRANJA CELESTE            1,996           1,997                    58                           C-3236 
01CE    FRANJA CELESTE            1,999           2,000                    58                           C-3237 
01CE    FRANJA CELESTE            2,007           2,008                    60                           C-3238 
01CE    FRANJA CELESTE            2,036           2,037                    55                           C-3239 
01CE    FRANJA CELESTE            1,998           1,999                    37                           C-3240 
01CE    FRANJA CELESTE            2,018           2,019                    48                           C-3241 
01CE    FRANJA CELESTE            2,041           2,042                    41                           C-3242 
01CE    FRANJA CELESTE            1,997           1,998                    58                           C-3243 
01CE    FRANJA CELESTE            2,012           2,013                    38                           C-3244 
01CE    FRANJA CELESTE            2,027           2,028                    41                           C-3245 
01CE    FRANJA CELESTE            2,021           2,022                    58                           C-3246 
01CE    FRANJA CELESTE            2,017           2,018                    57                           C-3247 
01CE    FRANJA CELESTE            1,990           1,991                    37                           C-3248 
01CE    FRANJA CELESTE            1,998           1,999                    57                           C-3249 
01CE    FRANJA CELESTE            2,017           2,018                    66                           C-3281 
01CE    FRANJA CELESTE            1,993           1,994                    53                           C-3282 
01CE    FRANJA CELESTE            1,998           1,999                    55                           C-3283 
01CE    FRANJA CELESTE            1,992           1,993                    54                           C-3284 
01CE    FRANJA CELESTE            1,991           1,992                    41                           C-3285 
01CE    FRANJA CELESTE            2,000           2,001                    56                           C-3286 
01CE    FRANJA CELESTE            2,005           2,006                    53                           C-3287 
01CE    FRANJA CELESTE            2,014           2,015                    49                           C-3288 
01CE    FRANJA CELESTE            1,999           2,000                    49                           C-3289 
01CE    FRANJA CELESTE            2,009           2,010                    46                           C-3290 
01CE    FRANJA CELESTE            2,006           2,007                    66                           C-3291 
01CE    FRANJA CELESTE            2,006           2,007                    47                           C-3292 
01CE    FRANJA CELESTE            2,012           2,013                    48                           C-3293 
01CE    FRANJA CELESTE            1,999           2,000                    48                           C-3294 
01CE    FRANJA CELESTE            2,019           2,020                    63                           C-3297 
01CE    FRANJA CELESTE            2,026           2,027                    59                           C-3298 
01CE    FRANJA CELESTE            2,014           2,015                    66                           C-3299 









EMPRESA NACIONAL DE MINERIA (ENM) PRODUCTOR          PACKING LIST                             PAG.  :   2
NATIONAL MINING COMPANY                       CODIGO DE LOTE   : B-3266                      FECHA :12/04/2018
                                              -----------------------------
FLUJO        : 
DESCRIPCION  : CATODOS EW MATTA
N° INSTR. DE EMBARQUE : 24497
CLIENTE      : SANTA ROSA
Lote Sipa    : 18020702

----------------------------------------------------------------------------------------------------------------------------- 
MARCA       DESCRIPCION         PESO NETO      PESO BRUTO     GRUPO     UNIDADES       UBICACION         SERIE                
-----------------------------------------------------------------------------------------------------------------------------

01CE    FRANJA CELESTE            2,004           2,005                    53                           C-3300 
01CE    FRANJA CELESTE            2,001           2,002                    66                           C-3301 
01CE    FRANJA CELESTE            2,023           2,024                    54                           C-3302 
01CE    FRANJA CELESTE            1,994           1,995                    61                           C-3303 
01CE    FRANJA CELESTE            1,985           1,986                    61                           C-3304 
01CE    FRANJA CELESTE            1,992           1,993                    63                           C-3305 
01CE    FRANJA CELESTE            2,007           2,008                    62                           C-3306 
01CE    FRANJA CELESTE            2,012           2,013                    67                           C-3307 
01CE    FRANJA CELESTE            2,011           2,012                    62                           C-3308 
01CE    FRANJA CELESTE            2,019           2,020                    61                           C-3309 
01CE    FRANJA CELESTE            2,009           2,010                    50                           C-3310 


------------------------------------------------------------------------------------------------------------------------
T.SUB-LOTES              TOT.PAQUETES =56      TOT.UNID. = 3064   T/P NETO (kg) = 112,278      T/P BRUTO (kg) = 112,334
------------------------------------------------------------------------------------------------------------------------
