
EMPRESA NACIONAL DE MINERIA (ENM) PRODUCTOR          PACKING LIST                             PAG.  :   1
NATIONAL MINING COMPANY                       CODIGO DE LOTE   : E-12185                      FECHA :23/05/2022
                                              -----------------------------
FLUJO        : 
DESCRIPCION  : CATODOS GRADO A
N° INSTR. DE EMBARQUE : 27351
CLIENTE      : NORTHERN PRIORITY
Lote Sipa    : 

----------------------------------------------------------------------------------------------------------------------------- 
MARCA       DESCRIPCION         PESO NETO      PESO BRUTO     GRUPO     UNIDADES       UBICACION         SERIE                
-----------------------------------------------------------------------------------------------------------------------------

02RJ    DOS FRANJAS ROJAS         1,968           1,969         24         20                           E-12185
02RJ    DOS FRANJAS ROJAS         2,205           2,206         24         20                           E-12186
02RJ    DOS FRANJAS ROJAS         1,914           1,915         24         20                           E-12187
02RJ    DOS FRANJAS ROJAS         2,336           2,337         24         20                           E-12188
02RJ    DOS FRANJAS ROJAS         2,119           2,120         28         20                           E-12189
02RJ    DOS FRANJAS ROJAS         2,081           2,082         28         20                           E-12190
02RJ    DOS FRANJAS ROJAS         2,313           2,314         24         20                           E-12191
02RJ    DOS FRANJAS ROJAS         2,383           2,384         24         20                           E-12192
02RJ    DOS FRANJAS ROJAS         2,213           2,214         24         20                           E-12193
02RJ    DOS FRANJAS ROJAS         2,346           2,347         24         20                           E-12194
02RJ    DOS FRANJAS ROJAS         1,969           1,970         24         20                           E-12195
02RJ    DOS FRANJAS ROJAS         2,029           2,030         24         20                           E-12196
02RJ    DOS FRANJAS ROJAS         2,369           2,370         28         20                           E-12197
02RJ    DOS FRANJAS ROJAS         2,257           2,258         28         20                           E-12198
02RJ    DOS FRANJAS ROJAS         2,425           2,426         24         20                           E-12199
02RJ    DOS FRANJAS ROJAS         2,355           2,356         24         20                           E-12200
02RJ    DOS FRANJAS ROJAS         2,375           2,376         24         20                           E-12201
02RJ    DOS FRANJAS ROJAS         2,435           2,436         24         20                           E-12202
02RJ    DOS FRANJAS ROJAS         2,376           2,377         24         20                           E-12203
02RJ    DOS FRANJAS ROJAS         2,391           2,392         24         20                           E-12204
02RJ    DOS FRANJAS ROJAS         2,329           2,330         24         20                           E-12205
02RJ    DOS FRANJAS ROJAS         2,371           2,372         09         20                           E-12206
02RJ    DOS FRANJAS ROJAS         2,329           2,330         28         20                           E-12207
02RJ    DOS FRANJAS ROJAS         2,448           2,449         09         20                           E-12208
02RJ    DOS FRANJAS ROJAS         2,449           2,450         28         20                           E-12209
02RJ    DOS FRANJAS ROJAS         2,433           2,434         09         20                           E-12210
02RJ    DOS FRANJAS ROJAS         2,348           2,349         28         20                           E-12211
02RJ    DOS FRANJAS ROJAS         2,341           2,342         24         20                           E-12212
02RJ    DOS FRANJAS ROJAS         2,337           2,338         24         20                           E-12213
02RJ    DOS FRANJAS ROJAS         2,515           2,516         24         20                           E-12214
02RJ    DOS FRANJAS ROJAS         2,330           2,331         24         20                           E-12215
02RJ    DOS FRANJAS ROJAS         2,397           2,398         28         20                           E-12216
02RJ    DOS FRANJAS ROJAS         2,460           2,461         09         20                           E-12217
02RJ    DOS FRANJAS ROJAS         2,441           2,442         09         20                           E-12218
02RJ    DOS FRANJAS ROJAS         2,421           2,422         09         20                           E-12219
02RJ    DOS FRANJAS ROJAS         2,568           2,569         09         20                           E-12220
02RJ    DOS FRANJAS ROJAS         2,449           2,450         09         20                           E-12221
02RJ    DOS FRANJAS ROJAS         2,515           2,516         03         20                           E-12222
02RJ    DOS FRANJAS ROJAS         2,411           2,412         28         20                           E-12223
02RJ    DOS FRANJAS ROJAS         2,463           2,464         28         20                           E-12224
02RJ    DOS FRANJAS ROJAS         2,453           2,454         03         20                           E-12225
02RJ    DOS FRANJAS ROJAS         2,485           2,486         03         20                           E-12226
02RJ    DOS FRANJAS ROJAS         2,442           2,443         03         20                           E-12227
02RJ    DOS FRANJAS ROJAS         2,503           2,504         03         20                           E-12228
02RJ    DOS FRANJAS ROJAS         2,489           2,490         03         20                           E-12229









EMPRESA NACIONAL DE MINERIA (ENM) PRODUCTOR          PACKING LIST                             PAG.  :   2
NATIONAL MINING COMPANY                       CODIGO DE LOTE   : E-12185                      FECHA :23/05/2022
                                              -----------------------------
FLUJO        : 
DESCRIPCION  : CATODOS GRADO A
N° INSTR. DE EMBARQUE : 27351
CLIENTE      : NORTHERN PRIORITY
Lote Sipa    : 

----------------------------------------------------------------------------------------------------------------------------- 
MARCA       DESCRIPCION         PESO NETO      PESO BRUTO     GRUPO     UNIDADES       UBICACION         SERIE                
-----------------------------------------------------------------------------------------------------------------------------

02RJ    DOS FRANJAS ROJAS         2,418           2,419         03         20                           E-12230
02RJ    DOS FRANJAS ROJAS         2,529           2,530         03         20                           E-12231
02RJ    DOS FRANJAS ROJAS         2,511           2,512         03         20                           E-12232
02RJ    DOS FRANJAS ROJAS         2,417           2,418         03         20                           E-12233
02RJ    DOS FRANJAS ROJAS         2,409           2,410         03         20                           E-12234
02RJ    DOS FRANJAS ROJAS         2,491           2,492         03         20                           E-12235
02RJ    DOS FRANJAS ROJAS         2,495           2,496         03         20                           E-12236
02RJ    DOS FRANJAS ROJAS         2,444           2,445         03         20                           E-12237
02RJ    DOS FRANJAS ROJAS         2,405           2,406         03         20                           E-12238
02RJ    DOS FRANJAS ROJAS         2,359           2,360         03         20                           E-12239
02RJ    DOS FRANJAS ROJAS         2,453           2,454         03         20                           E-12240
02RJ    DOS FRANJAS ROJAS         2,374           2,375         03         20                           E-12241
02RJ    DOS FRANJAS ROJAS         2,371           2,372         28         20                           E-12242
02RJ    DOS FRANJAS ROJAS         2,407           2,408         34         20                           E-12243
02RJ    DOS FRANJAS ROJAS         2,489           2,490         03         20                           E-12244
02RJ    DOS FRANJAS ROJAS         2,481           2,482         37         20                           E-12245
02RJ    DOS FRANJAS ROJAS         2,401           2,402         03         20                           E-12246
02RJ    DOS FRANJAS ROJAS         2,297           2,298         37         20                           E-12247
02RJ    DOS FRANJAS ROJAS         2,435           2,436         28         20                           E-12248
02RJ    DOS FRANJAS ROJAS         2,425           2,426         37         20                           E-12249
02RJ    DOS FRANJAS ROJAS         2,300           2,301         37         20                           E-12250
02RJ    DOS FRANJAS ROJAS         2,117           2,118         37         20                           E-12251
02RJ    DOS FRANJAS ROJAS         2,419           2,420         37         20                           E-12252
02RJ    DOS FRANJAS ROJAS         2,155           2,156         37         20                           E-12253
02RJ    DOS FRANJAS ROJAS         2,134           2,135         37         20                           E-12254
02RJ    DOS FRANJAS ROJAS         2,243           2,244         37         20                           E-12255
02RJ    DOS FRANJAS ROJAS         2,404           2,405         37         20                           E-12256
02RJ    DOS FRANJAS ROJAS         2,465           2,466         37         20                           E-12257
02RJ    DOS FRANJAS ROJAS         2,313           2,314         28         20                           E-12258
02RJ    DOS FRANJAS ROJAS         2,343           2,344         37         20                           E-12259
02RJ    DOS FRANJAS ROJAS         2,345           2,346         34         20                           E-12260
02RJ    DOS FRANJAS ROJAS         2,369           2,370         37         20                           E-12261
02RJ    DOS FRANJAS ROJAS         2,223           2,224         37         20                           E-12262
02RJ    DOS FRANJAS ROJAS         2,365           2,366         37         20                           E-12263
02RJ    DOS FRANJAS ROJAS         2,385           2,386         37         20                           E-12264
02RJ    DOS FRANJAS ROJAS         2,383           2,384         03         20                           E-12265
02RJ    DOS FRANJAS ROJAS         2,469           2,470         03         20                           E-12266
02RJ    DOS FRANJAS ROJAS         2,359           2,360         03         20                           E-12267
02RJ    DOS FRANJAS ROJAS         2,457           2,458         03         20                           E-12268
02RJ    DOS FRANJAS ROJAS         2,337           2,338         28         20                           E-12269
02RJ    DOS FRANJAS ROJAS         2,359           2,360         28         20                           E-12270
02RJ    DOS FRANJAS ROJAS         2,101           2,102         28         20                           E-12271
02RJ    DOS FRANJAS ROJAS         2,141           2,142         28         20                           E-12272
02RJ    DOS FRANJAS ROJAS         2,455           2,456         28         20                           E-12273
02RJ    DOS FRANJAS ROJAS         2,235           2,236         37         20                           E-12274









EMPRESA NACIONAL DE MINERIA (ENM) PRODUCTOR          PACKING LIST                             PAG.  :   3
NATIONAL MINING COMPANY                       CODIGO DE LOTE   : E-12185                      FECHA :23/05/2022
                                              -----------------------------
FLUJO        : 
DESCRIPCION  : CATODOS GRADO A
N° INSTR. DE EMBARQUE : 27351
CLIENTE      : NORTHERN PRIORITY
Lote Sipa    : 

----------------------------------------------------------------------------------------------------------------------------- 
MARCA       DESCRIPCION         PESO NETO      PESO BRUTO     GRUPO     UNIDADES       UBICACION         SERIE                
-----------------------------------------------------------------------------------------------------------------------------

02RJ    DOS FRANJAS ROJAS         2,169           2,170         31         20                           E-12275
02RJ    DOS FRANJAS ROJAS         2,239           2,240         07         20                           E-12276
02RJ    DOS FRANJAS ROJAS         2,289           2,290         07         20                           E-12277
02RJ    DOS FRANJAS ROJAS         2,275           2,276         07         20                           E-12278
02RJ    DOS FRANJAS ROJAS         2,245           2,246         03         20                           E-12279
02RJ    DOS FRANJAS ROJAS         2,057           2,058         07         20                           E-12280
02RJ    DOS FRANJAS ROJAS         2,400           2,401         31         20                           E-12281
02RJ    DOS FRANJAS ROJAS         2,429           2,430         31         20                           E-12282
02RJ    DOS FRANJAS ROJAS         2,143           2,144         31         20                           E-12283
02RJ    DOS FRANJAS ROJAS         2,163           2,164         07         20                           E-12284
02RJ    DOS FRANJAS ROJAS         1,988           1,989         31         20                           E-12285
02RJ    DOS FRANJAS ROJAS         2,321           2,322         07         20                           E-12286
02RJ    DOS FRANJAS ROJAS         2,325           2,326         07         20                           E-12287
02RJ    DOS FRANJAS ROJAS         2,181           2,182         07         20                           E-12288
02RJ    DOS FRANJAS ROJAS         2,185           2,186         07         20                           E-12289
02RJ    DOS FRANJAS ROJAS         2,277           2,278         07         20                           E-12290
02RJ    DOS FRANJAS ROJAS         2,165           2,166         07         20                           E-12291
02RJ    DOS FRANJAS ROJAS         2,328           2,329         07         20                           E-12292
02RJ    DOS FRANJAS ROJAS         2,415           2,416         07         20                           E-12293
02RJ    DOS FRANJAS ROJAS         2,263           2,264         07         20                           E-12294
02RJ    DOS FRANJAS ROJAS         2,380           2,381         07         20                           E-12295
02RJ    DOS FRANJAS ROJAS         2,378           2,379         04         20                           E-12296
02RJ    DOS FRANJAS ROJAS         2,167           2,168         04         20                           E-12297
02RJ    DOS FRANJAS ROJAS         2,389           2,390         31         20                           E-12298
02RJ    DOS FRANJAS ROJAS         2,208           2,209         07         20                           E-12299
02RJ    DOS FRANJAS ROJAS         2,229           2,230         07         20                           E-12300
02RJ    DOS FRANJAS ROJAS         2,011           2,012         31         20                           E-12301
02RJ    DOS FRANJAS ROJAS         1,953           1,954         07         20                           E-12302
02RJ    DOS FRANJAS ROJAS         2,255           2,256         07         20                           E-12303
02RJ    DOS FRANJAS ROJAS         2,467           2,468         31         20                           E-12304
02RJ    DOS FRANJAS ROJAS         2,267           2,268         07         20                           E-12305
02RJ    DOS FRANJAS ROJAS         2,285           2,286         07         20                           E-12306
02RJ    DOS FRANJAS ROJAS         2,275           2,276         07         20                           E-12307
02RJ    DOS FRANJAS ROJAS         2,319           2,320         07         20                           E-12308
02RJ    DOS FRANJAS ROJAS         2,255           2,256         07         20                           E-12309
02RJ    DOS FRANJAS ROJAS         2,229           2,230         40         20                           E-12310
02RJ    DOS FRANJAS ROJAS         2,318           2,319         40         20                           E-12311
02RJ    DOS FRANJAS ROJAS         2,379           2,380         07         20                           E-12312
02RJ    DOS FRANJAS ROJAS         2,291           2,292         07         20                           E-12313


------------------------------------------------------------------------------------------------------------------------
T.SUB-LOTES              TOT.PAQUETES =129      TOT.UNID. = 2580   T/P NETO (kg) = 299,985      T/P BRUTO (kg) = 300,114
------------------------------------------------------------------------------------------------------------------------
