
EMPRESA NACIONAL DE MINERIA (ENM) PRODUCTOR          PACKING LIST                             PAG.  :   1
NATIONAL MINING COMPANY                       CODIGO DE LOTE   : J-11237                      FECHA :31/10/2023
                                              -----------------------------
FLUJO        : 
DESCRIPCION  : CATODOS GRADO A
N° INSTR. DE EMBARQUE : 28169
CLIENTE      : RIO DE JANEIRO EXPRESS
Lote Sipa    : 

----------------------------------------------------------------------------------------------------------------------------- 
MARCA       DESCRIPCION         PESO NETO      PESO BRUTO     GRUPO     UNIDADES       UBICACION         SERIE                
-----------------------------------------------------------------------------------------------------------------------------

01BL    FRANJA BLANCA             2,283           2,284         25         20                           J-11237
01BL    FRANJA BLANCA             2,199           2,200         25         20                           J-11238
01BL    FRANJA BLANCA             2,192           2,193         17         20                           J-11239
01BL    FRANJA BLANCA             2,289           2,290         25         20                           J-11240
01BL    FRANJA BLANCA             2,271           2,272         25         20                           J-11241
01BL    FRANJA BLANCA             2,241           2,242         25         20                           J-11242
01BL    FRANJA BLANCA             2,103           2,104         17         20                           J-11243
01BL    FRANJA BLANCA             2,125           2,126         25         20                           J-11244
01BL    FRANJA BLANCA             2,232           2,233         17         20                           J-11245
01BL    FRANJA BLANCA             2,241           2,242         17         20                           J-11246
01BL    FRANJA BLANCA             2,601           2,602         25         20                           J-11247
01BL    FRANJA BLANCA             2,361           2,362         17         20                           J-11248
01BL    FRANJA BLANCA             2,382           2,383         33         20                           J-11249
01BL    FRANJA BLANCA             2,505           2,506         25         20                           J-11250
01BL    FRANJA BLANCA             2,286           2,287         25         20                           J-11251
01BL    FRANJA BLANCA             2,598           2,599         25         20                           J-11252
01BL    FRANJA BLANCA             2,387           2,388         33         20                           J-11253
01BL    FRANJA BLANCA             2,343           2,344         33         20                           J-11254
01BL    FRANJA BLANCA             2,609           2,610         17         20                           J-11255
01BL    FRANJA BLANCA             2,525           2,526         25         20                           J-11256
01BL    FRANJA BLANCA             2,518           2,519         17         20                           J-11257
01BL    FRANJA BLANCA             2,389           2,390         33         20                           J-11258
01BL    FRANJA BLANCA             2,559           2,560         25         20                           J-11259
01BL    FRANJA BLANCA             2,475           2,476         17         20                           J-11260
01BL    FRANJA BLANCA             2,493           2,494         25         20                           J-11261
01BL    FRANJA BLANCA             2,493           2,494         33         20                           J-11262
01BL    FRANJA BLANCA             2,397           2,398         33         20                           J-11263
01BL    FRANJA BLANCA             2,519           2,520         25         20                           J-11264
01BL    FRANJA BLANCA             2,273           2,274         33         20                           J-11265
01BL    FRANJA BLANCA             2,657           2,658         25         20                           J-11266
01BL    FRANJA BLANCA             2,517           2,518         17         20                           J-11267
01BL    FRANJA BLANCA             2,335           2,336         33         20                           J-11268
01BL    FRANJA BLANCA             2,323           2,324         33         20                           J-11269
01BL    FRANJA BLANCA             2,549           2,550         25         20                           J-11270
01BL    FRANJA BLANCA             2,496           2,497         17         20                           J-11271
01BL    FRANJA BLANCA             2,233           2,234         33         20                           J-11272
01BL    FRANJA BLANCA             2,595           2,596         25         20                           J-11273
01BL    FRANJA BLANCA             2,455           2,456         17         20                           J-11274
01BL    FRANJA BLANCA             2,331           2,332         17         20                           J-11275
01BL    FRANJA BLANCA             2,307           2,308         33         20                           J-11276
01BL    FRANJA BLANCA             2,369           2,370         25         20                           J-11277
01BL    FRANJA BLANCA             2,363           2,364         33         20                           J-11278
01BL    FRANJA BLANCA             2,313           2,314         25         20                           J-11279
01BL    FRANJA BLANCA             2,345           2,346         33         20                           J-11280
01BL    FRANJA BLANCA             2,293           2,294         17         20                           J-11281









EMPRESA NACIONAL DE MINERIA (ENM) PRODUCTOR          PACKING LIST                             PAG.  :   2
NATIONAL MINING COMPANY                       CODIGO DE LOTE   : J-11237                      FECHA :31/10/2023
                                              -----------------------------
FLUJO        : 
DESCRIPCION  : CATODOS GRADO A
N° INSTR. DE EMBARQUE : 28169
CLIENTE      : RIO DE JANEIRO EXPRESS
Lote Sipa    : 

----------------------------------------------------------------------------------------------------------------------------- 
MARCA       DESCRIPCION         PESO NETO      PESO BRUTO     GRUPO     UNIDADES       UBICACION         SERIE                
-----------------------------------------------------------------------------------------------------------------------------

01BL    FRANJA BLANCA             2,313           2,314         25         20                           J-11282
01BL    FRANJA BLANCA             2,445           2,446         33         20                           J-11283
01BL    FRANJA BLANCA             2,386           2,387         17         20                           J-11284
01BL    FRANJA BLANCA             2,235           2,236         17         20                           J-11285
01BL    FRANJA BLANCA             2,314           2,315         25         20                           J-11286
01BL    FRANJA BLANCA             2,468           2,469         17         20                           J-11287
01BL    FRANJA BLANCA             2,427           2,428         17         20                           J-11288
01BL    FRANJA BLANCA             2,419           2,420         17         20                           J-11289
01BL    FRANJA BLANCA             2,497           2,498         17         20                           J-11290
01BL    FRANJA BLANCA             2,404           2,405         17         20                           J-11291
01BL    FRANJA BLANCA             2,257           2,258         17         20                           J-11292
01BL    FRANJA BLANCA             2,503           2,504         17         20                           J-11293
01BL    FRANJA BLANCA             2,467           2,468         25         20                           J-11294
01BL    FRANJA BLANCA             2,393           2,394         25         20                           J-11295
01BL    FRANJA BLANCA             2,519           2,520         17         20                           J-11296
01BL    FRANJA BLANCA             2,617           2,618         17         20                           J-11297
01BL    FRANJA BLANCA             2,565           2,566         17         20                           J-11298
01BL    FRANJA BLANCA             2,507           2,508         17         20                           J-11299
01BL    FRANJA BLANCA             2,708           2,709         25         20                           J-11300
01BL    FRANJA BLANCA             2,409           2,410         17         20                           J-11301
01BL    FRANJA BLANCA             2,423           2,424         17         20                           J-11302
01BL    FRANJA BLANCA             2,477           2,478         17         20                           J-11303
01BL    FRANJA BLANCA             2,599           2,600         25         20                           J-11304
01BL    FRANJA BLANCA             2,461           2,462         17         20                           J-11305
01BL    FRANJA BLANCA             2,413           2,414         17         20                           J-11306
01BL    FRANJA BLANCA             2,527           2,528         17         20                           J-11307
01BL    FRANJA BLANCA             2,623           2,624         25         20                           J-11308
01BL    FRANJA BLANCA             2,460           2,461         17         20                           J-11309
01BL    FRANJA BLANCA             2,519           2,520         17         20                           J-11310
01BL    FRANJA BLANCA             2,534           2,535         25         20                           J-11311
01BL    FRANJA BLANCA             2,318           2,319         15         20                           J-11312
01BL    FRANJA BLANCA             2,513           2,514         25         20                           J-11313
01BL    FRANJA BLANCA             2,413           2,414         25         20                           J-11314
01BL    FRANJA BLANCA             2,327           2,328         17         20                           J-11315
01BL    FRANJA BLANCA             2,505           2,506         25         20                           J-11316
01BL    FRANJA BLANCA             2,571           2,572         25         20                           J-11317
01BL    FRANJA BLANCA             2,416           2,417         15         20                           J-11318
01BL    FRANJA BLANCA             2,295           2,296         17         20                           J-11319
01BL    FRANJA BLANCA             2,561           2,562         25         20                           J-11320
01BL    FRANJA BLANCA             2,623           2,624         25         20                           J-11321
01BL    FRANJA BLANCA             2,441           2,442         15         20                           J-11322
01BL    FRANJA BLANCA             2,443           2,444         15         20                           J-11323
01BL    FRANJA BLANCA             2,430           2,431         15         20                           J-11324
01BL    FRANJA BLANCA             2,337           2,338         15         20                           J-11325
01BL    FRANJA BLANCA             2,375           2,376         25         20                           J-11326









EMPRESA NACIONAL DE MINERIA (ENM) PRODUCTOR          PACKING LIST                             PAG.  :   3
NATIONAL MINING COMPANY                       CODIGO DE LOTE   : J-11237                      FECHA :31/10/2023
                                              -----------------------------
FLUJO        : 
DESCRIPCION  : CATODOS GRADO A
N° INSTR. DE EMBARQUE : 28169
CLIENTE      : RIO DE JANEIRO EXPRESS
Lote Sipa    : 

----------------------------------------------------------------------------------------------------------------------------- 
MARCA       DESCRIPCION         PESO NETO      PESO BRUTO     GRUPO     UNIDADES       UBICACION         SERIE                
-----------------------------------------------------------------------------------------------------------------------------

01BL    FRANJA BLANCA             2,406           2,407         15         20                           J-11327
01BL    FRANJA BLANCA             2,481           2,482         17         20                           J-11328
01BL    FRANJA BLANCA             2,273           2,274         25         20                           J-11329
01BL    FRANJA BLANCA             2,383           2,384         17         20                           J-11330
01BL    FRANJA BLANCA             2,076           2,077         25         20                           J-11331
01BL    FRANJA BLANCA             2,494           2,495         17         20                           J-11332
01BL    FRANJA BLANCA             2,520           2,521         15         20                           J-11333
01BL    FRANJA BLANCA             2,220           2,221         25         20                           J-11334
01BL    FRANJA BLANCA             2,461           2,462         17         20                           J-11335
01BL    FRANJA BLANCA             2,421           2,422         15         20                           J-11336
01BL    FRANJA BLANCA             2,177           2,178         25         20                           J-11337
01BL    FRANJA BLANCA             2,423           2,424         15         20                           J-11338
01BL    FRANJA BLANCA             2,531           2,532         17         20                           J-11339
01BL    FRANJA BLANCA             2,403           2,404         15         20                           J-11340
01BL    FRANJA BLANCA             2,582           2,583         17         20                           J-11341
01BL    FRANJA BLANCA             2,545           2,546         17         20                           J-11342
01BL    FRANJA BLANCA             2,375           2,376         25         20                           J-11343
01BL    FRANJA BLANCA             2,483           2,484         15         20                           J-11344
01BL    FRANJA BLANCA             2,384           2,385         46         20                           J-11345
01BL    FRANJA BLANCA             2,225           2,226         25         20                           J-11346
01BL    FRANJA BLANCA             2,427           2,428         15         20                           J-11347
01BL    FRANJA BLANCA             2,331           2,332         15         20                           J-11348
01BL    FRANJA BLANCA             2,377           2,378         15         20                           J-11349
01BL    FRANJA BLANCA             2,385           2,386         15         20                           J-11350
01BL    FRANJA BLANCA             2,471           2,472         15         20                           J-11351
01BL    FRANJA BLANCA             2,383           2,384         17         20                           J-11352
01BL    FRANJA BLANCA             2,313           2,314         15         20                           J-11353
01BL    FRANJA BLANCA             2,185           2,186         25         20                           J-11354
01BL    FRANJA BLANCA             2,383           2,384         46         20                           J-11355
01BL    FRANJA BLANCA             2,327           2,328         46         20                           J-11356
01BL    FRANJA BLANCA             2,324           2,325         15         20                           J-11357
01BL    FRANJA BLANCA             2,170           2,171         25         20                           J-11358
01BL    FRANJA BLANCA             2,105           2,106         46         20                           J-11359
01BL    FRANJA BLANCA             2,426           2,427         15         20                           J-11360
01BL    FRANJA BLANCA             2,247           2,248         25         20                           J-11361
01BL    FRANJA BLANCA             2,232           2,233         25         20                           J-11362
01BL    FRANJA BLANCA             2,170           2,171         25         20                           J-11363
01BL    FRANJA BLANCA             2,390           2,391         25         20                           J-11364
01BL    FRANJA BLANCA             2,329           2,330         25         20                           J-11365
01BL    FRANJA BLANCA             2,059           2,060         46         20                           J-11366
01BL    FRANJA BLANCA             2,409           2,410         15         20                           J-11367
01BL    FRANJA BLANCA             2,441           2,442         25         20                           J-11368
01BL    FRANJA BLANCA             2,545           2,546         25         20                           J-11369
01BL    FRANJA BLANCA             2,531           2,532         17         20                           J-11370
01BL    FRANJA BLANCA             2,573           2,574         17         20                           J-11371









EMPRESA NACIONAL DE MINERIA (ENM) PRODUCTOR          PACKING LIST                             PAG.  :   4
NATIONAL MINING COMPANY                       CODIGO DE LOTE   : J-11237                      FECHA :31/10/2023
                                              -----------------------------
FLUJO        : 
DESCRIPCION  : CATODOS GRADO A
N° INSTR. DE EMBARQUE : 28169
CLIENTE      : RIO DE JANEIRO EXPRESS
Lote Sipa    : 

----------------------------------------------------------------------------------------------------------------------------- 
MARCA       DESCRIPCION         PESO NETO      PESO BRUTO     GRUPO     UNIDADES       UBICACION         SERIE                
-----------------------------------------------------------------------------------------------------------------------------

01BL    FRANJA BLANCA             2,489           2,490         25         20                           J-11372
01BL    FRANJA BLANCA             2,331           2,332         17         20                           J-11373
01BL    FRANJA BLANCA             2,221           2,222         25         20                           J-11374
01BL    FRANJA BLANCA             2,331           2,332         17         20                           J-11375
01BL    FRANJA BLANCA             2,009           2,010         46         20                           J-11376
01BL    FRANJA BLANCA             1,917           1,918         46         20                           J-11377
01BL    FRANJA BLANCA             2,164           2,165         46         20                           J-11378
01BL    FRANJA BLANCA             2,347           2,348         46         20                           J-11379
01BL    FRANJA BLANCA             2,297           2,298         17         20                           J-11380
01BL    FRANJA BLANCA             2,267           2,268         15         20                           J-11381
01BL    FRANJA BLANCA             2,315           2,316         15         20                           J-11382
01BL    FRANJA BLANCA             2,231           2,232         15         20                           J-11383
01BL    FRANJA BLANCA             2,255           2,256         46         20                           J-11384
01BL    FRANJA BLANCA             2,315           2,316         15         20                           J-11385
01BL    FRANJA BLANCA             2,019           2,020         46         20                           J-11386
01BL    FRANJA BLANCA             2,312           2,313         46         20                           J-11387
01BL    FRANJA BLANCA             2,381           2,382         46         20                           J-11388
01BL    FRANJA BLANCA             2,311           2,312         46         20                           J-11389
01BL    FRANJA BLANCA             2,305           2,306         46         20                           J-11390
01BL    FRANJA BLANCA             2,449           2,450         17         20                           J-11391
01BL    FRANJA BLANCA             2,169           2,170         17         20                           J-11392
01BL    FRANJA BLANCA             2,324           2,325         17         20                           J-11393
01BL    FRANJA BLANCA             1,931           1,932         15         20                           J-11394
01BL    FRANJA BLANCA             2,071           2,072         15         20                           J-11395
01BL    FRANJA BLANCA             2,249           2,250         46         20                           J-11396
01BL    FRANJA BLANCA             2,195           2,196         15         20                           J-11397
01BL    FRANJA BLANCA             2,447           2,448         46         20                           J-11398
01BL    FRANJA BLANCA             2,323           2,324         15         20                           J-11399
01BL    FRANJA BLANCA             2,375           2,376         46         20                           J-11400
01BL    FRANJA BLANCA             2,339           2,340         46         20                           J-11401
01BL    FRANJA BLANCA             2,153           2,154         15         20                           J-11402
01BL    FRANJA BLANCA             2,253           2,254         46         20                           J-11403
01BL    FRANJA BLANCA             2,171           2,172         15         20                           J-11404
01BL    FRANJA BLANCA             2,329           2,330         46         20                           J-11405
01BL    FRANJA BLANCA             2,342           2,343         15         20                           J-11406
01BL    FRANJA BLANCA             2,417           2,418         46         20                           J-11407
01BL    FRANJA BLANCA             2,213           2,214         46         20                           J-11408
01BL    FRANJA BLANCA             2,347           2,348         46         20                           J-11409
01BL    FRANJA BLANCA             2,189           2,190         46         20                           J-11410
01BL    FRANJA BLANCA             2,349           2,350         46         20                           J-11411
01BL    FRANJA BLANCA             2,241           2,242         15         20                           J-11412
01BL    FRANJA BLANCA             2,375           2,376         46         20                           J-11413
01BL    FRANJA BLANCA             2,264           2,265         15         20                           J-11414
01BL    FRANJA BLANCA             2,290           2,291         46         20                           J-11415
01BL    FRANJA BLANCA             2,367           2,368         46         20                           J-11416









EMPRESA NACIONAL DE MINERIA (ENM) PRODUCTOR          PACKING LIST                             PAG.  :   5
NATIONAL MINING COMPANY                       CODIGO DE LOTE   : J-11237                      FECHA :31/10/2023
                                              -----------------------------
FLUJO        : 
DESCRIPCION  : CATODOS GRADO A
N° INSTR. DE EMBARQUE : 28169
CLIENTE      : RIO DE JANEIRO EXPRESS
Lote Sipa    : 

----------------------------------------------------------------------------------------------------------------------------- 
MARCA       DESCRIPCION         PESO NETO      PESO BRUTO     GRUPO     UNIDADES       UBICACION         SERIE                
-----------------------------------------------------------------------------------------------------------------------------

01BL    FRANJA BLANCA             2,322           2,323         15         20                           J-11417
01BL    FRANJA BLANCA             2,309           2,310         46         20                           J-11418
01BL    FRANJA BLANCA             2,187           2,188         15         20                           J-11419
01BL    FRANJA BLANCA             2,183           2,184         46         20                           J-11420
01BL    FRANJA BLANCA             2,367           2,368         15         20                           J-11421
01BL    FRANJA BLANCA             2,089           2,090         46         20                           J-11422
01BL    FRANJA BLANCA             2,263           2,264         46         20                           J-11423
01BL    FRANJA BLANCA             1,959           1,960         46         20                           J-11424
01BL    FRANJA BLANCA             2,173           2,174         46         20                           J-11425
01BL    FRANJA BLANCA             2,462           2,463         46         20                           J-11426
01BL    FRANJA BLANCA             2,456           2,457         15         20                           J-11427
01BL    FRANJA BLANCA             2,265           2,266         46         20                           J-11428
01BL    FRANJA BLANCA             2,425           2,426         15         20                           J-11429
01BL    FRANJA BLANCA             2,425           2,426         15         20                           J-11430
01BL    FRANJA BLANCA             2,409           2,410         15         20                           J-11431
01BL    FRANJA BLANCA             2,197           2,198         15         20                           J-11432
01BL    FRANJA BLANCA             2,356           2,357         46         20                           J-11433
01BL    FRANJA BLANCA             2,317           2,318         15         20                           J-11434
01BL    FRANJA BLANCA             2,384           2,385         46         20                           J-11435
01BL    FRANJA BLANCA             2,213           2,214         15         20                           J-11436
01BL    FRANJA BLANCA             2,307           2,308         15         20                           J-11437
01BL    FRANJA BLANCA             2,277           2,278         46         20                           J-11438
01BL    FRANJA BLANCA             2,447           2,448         46         20                           J-11439
01BL    FRANJA BLANCA             2,288           2,289         46         20                           J-11440
01BL    FRANJA BLANCA             2,325           2,326         15         20                           J-11441
01BL    FRANJA BLANCA             2,347           2,348         46         20                           J-11442
01BL    FRANJA BLANCA             2,376           2,377         46         20                           J-11443
01BL    FRANJA BLANCA             2,272           2,273         15         20                           J-11444
01BL    FRANJA BLANCA             2,289           2,290         46         20                           J-11445
01BL    FRANJA BLANCA             2,261           2,262         15         20                           J-11446
01BL    FRANJA BLANCA             2,384           2,385         46         20                           J-11447
01BL    FRANJA BLANCA             2,425           2,426         46         20                           J-11448


------------------------------------------------------------------------------------------------------------------------
T.SUB-LOTES              TOT.PAQUETES =212      TOT.UNID. = 4240   T/P NETO (kg) = 499,971      T/P BRUTO (kg) = 500,183
------------------------------------------------------------------------------------------------------------------------
