
EMPRESA NACIONAL DE MINERIA (ENM) PRODUCTOR          PACKING LIST                             PAG.  :   1
NATIONAL MINING COMPANY                       CODIGO DE LOTE   : C-7058                      FECHA :23/03/2020
                                              -----------------------------
FLUJO        : 
DESCRIPCION  : CATODOS GRADO A
N° INSTR. DE EMBARQUE : 25800
CLIENTE      : SKYROS
Lote Sipa    : 

----------------------------------------------------------------------------------------------------------------------------- 
MARCA       DESCRIPCION         PESO NETO      PESO BRUTO     GRUPO     UNIDADES       UBICACION         SERIE                
-----------------------------------------------------------------------------------------------------------------------------

01BL    FRANJA BLANCA             2,291           2,292         33         20                           C-7058 
01BL    FRANJA BLANCA             2,306           2,307         46         20                           C-7059 
01BL    FRANJA BLANCA             2,292           2,293         17         20                           C-7060 
01BL    FRANJA BLANCA             2,247           2,248         46         20                           C-7061 
01BL    FRANJA BLANCA             2,318           2,319         26         20                           C-7062 
01BL    FRANJA BLANCA             2,327           2,328         26         20                           C-7063 
01BL    FRANJA BLANCA             2,357           2,358         36         20                           C-7064 
01BL    FRANJA BLANCA             2,181           2,182         26         20                           C-7065 
01BL    FRANJA BLANCA             2,383           2,384         26         20                           C-7066 
01BL    FRANJA BLANCA             2,294           2,295         26         20                           C-7067 
01BL    FRANJA BLANCA             2,340           2,341         26         20                           C-7068 
01BL    FRANJA BLANCA             2,407           2,408         26         20                           C-7069 
01BL    FRANJA BLANCA             2,261           2,262         26         20                           C-7070 
01BL    FRANJA BLANCA             2,233           2,234         26         20                           C-7071 
01BL    FRANJA BLANCA             2,443           2,444         26         20                           C-7072 
01BL    FRANJA BLANCA             2,176           2,177         31         20                           C-7073 
01BL    FRANJA BLANCA             2,363           2,364         17         20                           C-7074 
01BL    FRANJA BLANCA             2,312           2,313         26         20                           C-7075 
01BL    FRANJA BLANCA             2,191           2,192         33         20                           C-7076 
01BL    FRANJA BLANCA             2,402           2,403         26         20                           C-7077 
01BL    FRANJA BLANCA             2,336           2,337         33         20                           C-7078 
01BL    FRANJA BLANCA             2,377           2,378         07         20                           C-7079 
01BL    FRANJA BLANCA             2,196           2,197         26         20                           C-7080 
01BL    FRANJA BLANCA             2,091           2,092         26         20                           C-7081 
01BL    FRANJA BLANCA             2,313           2,314         26         20                           C-7082 
01BL    FRANJA BLANCA             2,366           2,367         43         20                           C-7083 
01BL    FRANJA BLANCA             2,293           2,294         43         20                           C-7084 
01BL    FRANJA BLANCA             2,451           2,452         43         20                           C-7085 
01BL    FRANJA BLANCA             2,064           2,065         43         20                           C-7086 
01BL    FRANJA BLANCA             2,513           2,514         29         20                           C-7087 
01BL    FRANJA BLANCA             2,339           2,340         29         20                           C-7088 
01BL    FRANJA BLANCA             2,345           2,346         29         20                           C-7089 
01BL    FRANJA BLANCA             2,352           2,353         29         20                           C-7090 
01BL    FRANJA BLANCA             2,243           2,244         29         20                           C-7091 
01BL    FRANJA BLANCA             2,319           2,320         29         20                           C-7092 
01BL    FRANJA BLANCA             2,217           2,218         29         20                           C-7093 
01BL    FRANJA BLANCA             2,258           2,259         29         20                           C-7094 
01BL    FRANJA BLANCA             2,211           2,212         29         20                           C-7095 
01BL    FRANJA BLANCA             2,311           2,312         29         20                           C-7096 
01BL    FRANJA BLANCA             2,256           2,257         29         20                           C-7097 
01BL    FRANJA BLANCA             2,314           2,315         29         20                           C-7098 
01BL    FRANJA BLANCA             2,335           2,336         29         20                           C-7099 
01BL    FRANJA BLANCA             2,367           2,368         15         20                           C-7100 
01BL    FRANJA BLANCA             2,199           2,200         43         20                           C-7101 
01BL    FRANJA BLANCA             2,264           2,265         43         20                           C-7102 









EMPRESA NACIONAL DE MINERIA (ENM) PRODUCTOR          PACKING LIST                             PAG.  :   2
NATIONAL MINING COMPANY                       CODIGO DE LOTE   : C-7058                      FECHA :23/03/2020
                                              -----------------------------
FLUJO        : 
DESCRIPCION  : CATODOS GRADO A
N° INSTR. DE EMBARQUE : 25800
CLIENTE      : SKYROS
Lote Sipa    : 

----------------------------------------------------------------------------------------------------------------------------- 
MARCA       DESCRIPCION         PESO NETO      PESO BRUTO     GRUPO     UNIDADES       UBICACION         SERIE                
-----------------------------------------------------------------------------------------------------------------------------

01BL    FRANJA BLANCA             2,372           2,373         43         20                           C-7103 
01BL    FRANJA BLANCA             2,276           2,277         29         20                           C-7104 
01BL    FRANJA BLANCA             2,282           2,283         29         20                           C-7105 
01BL    FRANJA BLANCA             2,470           2,471         29         20                           C-7106 
01BL    FRANJA BLANCA             2,145           2,146         29         20                           C-7107 
01BL    FRANJA BLANCA             2,459           2,460         43         20                           C-7108 
01BL    FRANJA BLANCA             2,470           2,471         29         20                           C-7109 
01BL    FRANJA BLANCA             2,288           2,289         43         20                           C-7110 
01BL    FRANJA BLANCA             2,294           2,295         20         20                           C-7111 
01BL    FRANJA BLANCA             2,370           2,371         43         20                           C-7112 
01BL    FRANJA BLANCA             2,312           2,313         43         20                           C-7113 
01BL    FRANJA BLANCA             2,105           2,106         43         20                           C-7114 
01BL    FRANJA BLANCA             2,424           2,425         20         20                           C-7115 
01BL    FRANJA BLANCA             2,302           2,303         20         20                           C-7116 
01BL    FRANJA BLANCA             2,354           2,355         20         20                           C-7117 
01BL    FRANJA BLANCA             2,312           2,313         20         20                           C-7118 
01BL    FRANJA BLANCA             2,168           2,169         20         20                           C-7119 
01BL    FRANJA BLANCA             2,494           2,495         20         20                           C-7120 
01BL    FRANJA BLANCA             2,361           2,362         20         20                           C-7121 
01BL    FRANJA BLANCA             2,435           2,436         29         20                           C-7122 
01BL    FRANJA BLANCA             2,434           2,435         41         20                           C-7123 
01BL    FRANJA BLANCA             2,301           2,302         20         20                           C-7124 
01BL    FRANJA BLANCA             2,399           2,400         29         20                           C-7125 
01BL    FRANJA BLANCA             2,424           2,425         29         20                           C-7126 
01BL    FRANJA BLANCA             2,464           2,465         29         20                           C-7127 
01BL    FRANJA BLANCA             2,404           2,405         17         20                           C-7128 
01BL    FRANJA BLANCA             2,315           2,316         17         20                           C-7129 
01BL    FRANJA BLANCA             2,430           2,431         17         20                           C-7130 
01BL    FRANJA BLANCA             2,417           2,418         29         20                           C-7131 
01BL    FRANJA BLANCA             2,496           2,497         29         20                           C-7132 
01BL    FRANJA BLANCA             2,087           2,088         43         20                           C-7133 
01BL    FRANJA BLANCA             2,388           2,389         43         20                           C-7134 
01BL    FRANJA BLANCA             2,331           2,332         17         20                           C-7135 
01BL    FRANJA BLANCA             2,352           2,353         29         20                           C-7136 
01BL    FRANJA BLANCA             2,352           2,353         33         20                           C-7137 
01BL    FRANJA BLANCA             2,244           2,245         17         20                           C-7138 
01BL    FRANJA BLANCA             2,381           2,382         33         20                           C-7139 
01BL    FRANJA BLANCA             2,395           2,396         17         20                           C-7140 
01BL    FRANJA BLANCA             2,358           2,359         33         20                           C-7141 
01BL    FRANJA BLANCA             2,443           2,444         33         20                           C-7142 
01BL    FRANJA BLANCA             2,415           2,416         29         20                           C-7143 
01BL    FRANJA BLANCA             2,337           2,338         29         20                           C-7144 
01BL    FRANJA BLANCA             2,490           2,491         29         20                           C-7145 
01BL    FRANJA BLANCA             2,323           2,324         17         20                           C-7146 
01BL    FRANJA BLANCA             2,025           2,026         43         20                           C-7147 









EMPRESA NACIONAL DE MINERIA (ENM) PRODUCTOR          PACKING LIST                             PAG.  :   3
NATIONAL MINING COMPANY                       CODIGO DE LOTE   : C-7058                      FECHA :23/03/2020
                                              -----------------------------
FLUJO        : 
DESCRIPCION  : CATODOS GRADO A
N° INSTR. DE EMBARQUE : 25800
CLIENTE      : SKYROS
Lote Sipa    : 

----------------------------------------------------------------------------------------------------------------------------- 
MARCA       DESCRIPCION         PESO NETO      PESO BRUTO     GRUPO     UNIDADES       UBICACION         SERIE                
-----------------------------------------------------------------------------------------------------------------------------

01BL    FRANJA BLANCA             2,361           2,362         43         20                           C-7148 
01BL    FRANJA BLANCA             2,060           2,061         43         20                           C-7149 
01BL    FRANJA BLANCA             2,392           2,393         43         20                           C-7150 
01BL    FRANJA BLANCA             2,432           2,433         29         20                           C-7151 
01BL    FRANJA BLANCA             2,492           2,493         29         20                           C-7152 
01BL    FRANJA BLANCA             2,337           2,338         43         20                           C-7153 
01BL    FRANJA BLANCA             2,317           2,318         43         20                           C-7154 
01BL    FRANJA BLANCA             2,455           2,456         29         20                           C-7155 
01BL    FRANJA BLANCA             2,427           2,428         29         20                           C-7156 
01BL    FRANJA BLANCA             2,252           2,253         43         20                           C-7157 
01BL    FRANJA BLANCA             2,522           2,523         29         20                           C-7158 
01BL    FRANJA BLANCA             2,499           2,500         29         20                           C-7159 
01BL    FRANJA BLANCA             2,177           2,178         43         20                           C-7160 
01BL    FRANJA BLANCA             2,427           2,428         43         20                           C-7161 
01BL    FRANJA BLANCA             2,429           2,430         29         20                           C-7162 
01BL    FRANJA BLANCA             2,484           2,485         29         20                           C-7163 
01BL    FRANJA BLANCA             2,385           2,386         15         20                           C-7164 
01BL    FRANJA BLANCA             2,230           2,231         18         20                           C-7165 
01BL    FRANJA BLANCA             2,095           2,096         18         20                           C-7166 
01BL    FRANJA BLANCA             2,445           2,446         29         20                           C-7167 
01BL    FRANJA BLANCA             2,461           2,462         29         20                           C-7168 
01BL    FRANJA BLANCA             2,360           2,361         29         20                           C-7169 
01BL    FRANJA BLANCA             2,431           2,432         29         20                           C-7170 
01BL    FRANJA BLANCA             2,484           2,485         29         20                           C-7171 
01BL    FRANJA BLANCA             2,177           2,178         43         20                           C-7172 
01BL    FRANJA BLANCA             2,335           2,336         29         20                           C-7173 
01BL    FRANJA BLANCA             2,474           2,475         29         20                           C-7174 
01BL    FRANJA BLANCA             2,210           2,211         29         20                           C-7175 
01BL    FRANJA BLANCA             2,407           2,408         18         20                           C-7176 
01BL    FRANJA BLANCA             2,083           2,084         18         20                           C-7177 
01BL    FRANJA BLANCA             2,402           2,403         48         20                           C-7178 
01BL    FRANJA BLANCA             2,239           2,240         18         20                           C-7179 
01BL    FRANJA BLANCA             2,296           2,297         18         20                           C-7180 
01BL    FRANJA BLANCA             2,150           2,151         48         20                           C-7181 
01BL    FRANJA BLANCA             2,282           2,283         48         20                           C-7182 
01BL    FRANJA BLANCA             2,167           2,168         48         20                           C-7183 
01BL    FRANJA BLANCA             2,120           2,121         18         20                           C-7184 
01BL    FRANJA BLANCA             2,150           2,151         18         20                           C-7185 
01BL    FRANJA BLANCA             2,368           2,369         18         20                           C-7186 


------------------------------------------------------------------------------------------------------------------------
T.SUB-LOTES              TOT.PAQUETES =129      TOT.UNID. = 2580   T/P NETO (kg) = 299,966      T/P BRUTO (kg) = 300,095
------------------------------------------------------------------------------------------------------------------------
