
EMPRESA NACIONAL DE MINERIA (ENM) PRODUCTOR          PACKING LIST                             PAG.  :   1
NATIONAL MINING COMPANY                       CODIGO DE LOTE   : H-2381                      FECHA :02/09/2022
                                              -----------------------------
FLUJO        : 
DESCRIPCION  : CATODOS EW TALTAL
N° INSTR. DE EMBARQUE : 929893
CLIENTE      : 
Lote Sipa    : 22080485

----------------------------------------------------------------------------------------------------------------------------- 
MARCA       DESCRIPCION         PESO NETO      PESO BRUTO     GRUPO     UNIDADES       UBICACION         SERIE                
-----------------------------------------------------------------------------------------------------------------------------

18AZ    DIESIOCHO FRANJAS AZULES  2,011           2,012                    75                           H-2381 
18AZ    DIESIOCHO FRANJAS AZULES  2,028           2,029                    76                           H-2382 
18AZ    DIESIOCHO FRANJAS AZULES  2,017           2,018                    69                           H-2383 
18AZ    DIESIOCHO FRANJAS AZULES  1,992           1,993                    73                           H-2384 
18AZ    DIESIOCHO FRANJAS AZULES  2,032           2,033                    72                           H-2385 
18AZ    DIESIOCHO FRANJAS AZULES  2,040           2,041                    76                           H-2386 
18AZ    DIESIOCHO FRANJAS AZULES  1,967           1,968                    70                           H-2387 
18AZ    DIESIOCHO FRANJAS AZULES  1,972           1,973                    74                           H-2388 
18AZ    DIESIOCHO FRANJAS AZULES  2,020           2,021                    73                           H-2389 
18AZ    DIESIOCHO FRANJAS AZULES  2,002           2,003                    73                           H-2390 
18AZ    DIESIOCHO FRANJAS AZULES  1,975           1,976                    75                           H-2391 
18AZ    DIESIOCHO FRANJAS AZULES  1,971           1,972                    72                           H-2392 
18AZ    DIESIOCHO FRANJAS AZULES  1,986           1,987                    76                           H-2393 


------------------------------------------------------------------------------------------------------------------------
T.SUB-LOTES              TOT.PAQUETES =13      TOT.UNID. = 954   T/P NETO (kg) = 26,013      T/P BRUTO (kg) = 26,026
------------------------------------------------------------------------------------------------------------------------
