
EMPRESA NACIONAL DE MINERIA (ENM) PRODUCTOR          PACKING LIST                             PAG.  :   1
NATIONAL MINING COMPANY                       CODIGO DE LOTE   : D-12123                      FECHA :29/04/2021
                                              -----------------------------
FLUJO        : 
DESCRIPCION  : CATODOS GRADO A
N° INSTR. DE EMBARQUE : 26650
CLIENTE      : ANTOFAGASTA EXPRESS
Lote Sipa    : 21040489

----------------------------------------------------------------------------------------------------------------------------- 
MARCA       DESCRIPCION         PESO NETO      PESO BRUTO     GRUPO     UNIDADES       UBICACION         SERIE                
-----------------------------------------------------------------------------------------------------------------------------

03AM    TRES FRANJAS AMARILLAS    2,565           2,566         15         20                           D-12123
03AM    TRES FRANJAS AMARILLAS    2,557           2,558         30         20                           D-12124
03AM    TRES FRANJAS AMARILLAS    2,622           2,623         49         20                           D-12125
03AM    TRES FRANJAS AMARILLAS    2,522           2,523         14         20                           D-12126
03AM    TRES FRANJAS AMARILLAS    2,583           2,584         30         20                           D-12127
03AM    TRES FRANJAS AMARILLAS    2,552           2,553         30         20                           D-12128
03AM    TRES FRANJAS AMARILLAS    2,527           2,528         14         20                           D-12129
03AM    TRES FRANJAS AMARILLAS    2,513           2,514         30         20                           D-12130
03AM    TRES FRANJAS AMARILLAS    2,550           2,551         30         20                           D-12131
03AM    TRES FRANJAS AMARILLAS    2,548           2,549         30         20                           D-12132
03AM    TRES FRANJAS AMARILLAS    2,593           2,594         30         20                           D-12133
03AM    TRES FRANJAS AMARILLAS    2,626           2,627         30         20                           D-12134
03AM    TRES FRANJAS AMARILLAS    2,570           2,571         30         20                           D-12135
03AM    TRES FRANJAS AMARILLAS    2,608           2,609         30         20                           D-12136
03AM    TRES FRANJAS AMARILLAS    2,206           2,207         30         20                           D-12137
03AM    TRES FRANJAS AMARILLAS    2,625           2,626         30         20                           D-12138
03AM    TRES FRANJAS AMARILLAS    2,575           2,576         30         20                           D-12139
03AM    TRES FRANJAS AMARILLAS    2,035           2,036         49         20                           D-12140
03AM    TRES FRANJAS AMARILLAS    2,698           2,699         36         20                           D-12141
03AM    TRES FRANJAS AMARILLAS    2,361           2,362         49         20                           D-12142
03AM    TRES FRANJAS AMARILLAS    2,341           2,342         36         20                           D-12143
03AM    TRES FRANJAS AMARILLAS    2,534           2,535         30         20                           D-12144
03AM    TRES FRANJAS AMARILLAS    2,619           2,620         36         20                           D-12145
03AM    TRES FRANJAS AMARILLAS    2,500           2,501         36         20                           D-12146
03AM    TRES FRANJAS AMARILLAS    2,577           2,578         36         20                           D-12147
03AM    TRES FRANJAS AMARILLAS    2,570           2,571         36         20                           D-12148
03AM    TRES FRANJAS AMARILLAS    2,360           2,361         26         20                           D-12149
03AM    TRES FRANJAS AMARILLAS    2,667           2,668         36         20                           D-12150
03AM    TRES FRANJAS AMARILLAS    2,530           2,531         36         20                           D-12151
03AM    TRES FRANJAS AMARILLAS    2,555           2,556         36         20                           D-12152
03AM    TRES FRANJAS AMARILLAS    2,494           2,495         36         20                           D-12153
03AM    TRES FRANJAS AMARILLAS    2,652           2,653         36         20                           D-12154
03AM    TRES FRANJAS AMARILLAS    2,558           2,559         14         20                           D-12155
03AM    TRES FRANJAS AMARILLAS    2,627           2,628         14         20                           D-12156
03AM    TRES FRANJAS AMARILLAS    2,324           2,325         36         20                           D-12157
03AM    TRES FRANJAS AMARILLAS    2,329           2,330         36         20                           D-12158
03AM    TRES FRANJAS AMARILLAS    2,351           2,352         36         20                           D-12159
03AM    TRES FRANJAS AMARILLAS    2,156           2,157         49         20                           D-12160
03AM    TRES FRANJAS AMARILLAS    2,424           2,425         30         20                           D-12161
03AM    TRES FRANJAS AMARILLAS    2,352           2,353         14         20                           D-12162


------------------------------------------------------------------------------------------------------------------------
T.SUB-LOTES              TOT.PAQUETES =40      TOT.UNID. = 800   T/P NETO (kg) = 99,956      T/P BRUTO (kg) = 99,996
------------------------------------------------------------------------------------------------------------------------
