
EMPRESA NACIONAL DE MINERIA (ENM) PRODUCTOR          PACKING LIST                             PAG.  :   1
NATIONAL MINING COMPANY                       CODIGO DE LOTE   : M-3344                      FECHA :19/12/2022
                                              -----------------------------
FLUJO        : 
DESCRIPCION  : CATODOS EW MATTA
N° INSTR. DE EMBARQUE : 930304
CLIENTE      : 
Lote Sipa    : 22120370

----------------------------------------------------------------------------------------------------------------------------- 
MARCA       DESCRIPCION         PESO NETO      PESO BRUTO     GRUPO     UNIDADES       UBICACION         SERIE                
-----------------------------------------------------------------------------------------------------------------------------

09RJ    9 FRANJAS ROJAS           2,021           2,022                    73                           M-3344 
09RJ    9 FRANJAS ROJAS           2,026           2,027                    71                           M-3345 
09RJ    9 FRANJAS ROJAS           2,013           2,014                    57                           M-3346 
09RJ    9 FRANJAS ROJAS           2,002           2,003                    70                           M-3347 
09RJ    9 FRANJAS ROJAS           2,035           2,036                    62                           M-3348 
09RJ    9 FRANJAS ROJAS           2,023           2,024                    72                           M-3349 
09RJ    9 FRANJAS ROJAS           2,031           2,032                    57                           M-3350 
09RJ    9 FRANJAS ROJAS           1,997           1,998                    57                           M-3351 
09RJ    9 FRANJAS ROJAS           2,010           2,011                    57                           M-3352 
09RJ    9 FRANJAS ROJAS           2,019           2,020                    67                           M-3353 
09RJ    9 FRANJAS ROJAS           2,032           2,033                    72                           M-3354 
09RJ    9 FRANJAS ROJAS           2,022           2,023                    70                           M-3355 
09RJ    9 FRANJAS ROJAS           2,033           2,034                    69                           M-3356 
09RJ    9 FRANJAS ROJAS           1,993           1,994                    77                           M-3357 


------------------------------------------------------------------------------------------------------------------------
T.SUB-LOTES              TOT.PAQUETES =14      TOT.UNID. = 931   T/P NETO (kg) = 28,257      T/P BRUTO (kg) = 28,271
------------------------------------------------------------------------------------------------------------------------
