
EMPRESA NACIONAL DE MINERIA (ENM) PRODUCTOR          PACKING LIST                             PAG.  :   1
NATIONAL MINING COMPANY                       CODIGO DE LOTE   : I-15048                      FECHA :08/10/2018
                                              -----------------------------
FLUJO        : 
DESCRIPCION  : CATODOS GRADO A
N° INSTR. DE EMBARQUE : 24837
CLIENTE      : ANTOFAGASTA EXPRESS
Lote Sipa    : 18090696

----------------------------------------------------------------------------------------------------------------------------- 
MARCA       DESCRIPCION         PESO NETO      PESO BRUTO     GRUPO     UNIDADES       UBICACION         SERIE                
-----------------------------------------------------------------------------------------------------------------------------

V0RJ    V ROJA                    2,268           2,269         31         20                           I-15048
V0RJ    V ROJA                    2,330           2,331         31         20                           I-15049
V0RJ    V ROJA                    2,219           2,220         31         20                           I-15050
V0RJ    V ROJA                    2,303           2,304         31         20                           I-15051
V0RJ    V ROJA                    2,220           2,221         31         20                           I-15052
V0RJ    V ROJA                    2,568           2,569         45         20                           I-15053
V0RJ    V ROJA                    2,255           2,256         31         20                           I-15054
V0RJ    V ROJA                    2,478           2,479         45         20                           I-15055
V0RJ    V ROJA                    2,510           2,511         45         20                           I-15056
V0RJ    V ROJA                    2,327           2,328         45         20                           I-15057
V0RJ    V ROJA                    2,433           2,434         45         20                           I-15058
V0RJ    V ROJA                    2,225           2,226         31         20                           I-15059
V0RJ    V ROJA                    2,434           2,435         31         20                           I-15060
V0RJ    V ROJA                    2,417           2,418         45         20                           I-15061
V0RJ    V ROJA                    2,502           2,503         45         20                           I-15062
V0RJ    V ROJA                    2,210           2,211         31         20                           I-15063
V0RJ    V ROJA                    2,221           2,222         31         20                           I-15064
V0RJ    V ROJA                    2,462           2,463         45         20                           I-15065
V0RJ    V ROJA                    2,499           2,500         45         20                           I-15066
V0RJ    V ROJA                    2,455           2,456         31         20                           I-15067
V0RJ    V ROJA                    2,462           2,463         31         20                           I-15068
V0RJ    V ROJA                    2,461           2,462         31         20                           I-15069
V0RJ    V ROJA                    2,468           2,469         31         20                           I-15070
V0RJ    V ROJA                    2,428           2,429         31         20                           I-15071
V0RJ    V ROJA                    2,375           2,376         31         20                           I-15072
V0RJ    V ROJA                    2,432           2,433         31         20                           I-15073
V0RJ    V ROJA                    2,501           2,502         45         20                           I-15074
V0RJ    V ROJA                    2,503           2,504         31         20                           I-15075
V0RJ    V ROJA                    2,486           2,487         45         20                           I-15076
V0RJ    V ROJA                    2,479           2,480         31         20                           I-15077
V0RJ    V ROJA                    2,495           2,496         31         20                           I-15078
V0RJ    V ROJA                    2,460           2,461         24         20                           I-15079
V0RJ    V ROJA                    2,272           2,273         45         20                           I-15080
V0RJ    V ROJA                    2,220           2,221         31         20                           I-15081
V0RJ    V ROJA                    2,176           2,177         31         20                           I-15082
V0RJ    V ROJA                    2,366           2,367         45         20                           I-15083
V0RJ    V ROJA                    2,232           2,233         31         20                           I-15084
V0RJ    V ROJA                    2,219           2,220         45         20                           I-15085
V0RJ    V ROJA                    2,452           2,453         45         20                           I-15086
V0RJ    V ROJA                    2,275           2,276         45         20                           I-15087
V0RJ    V ROJA                    2,462           2,463         45         20                           I-15088
V0RJ    V ROJA                    2,411           2,412         40         20                           I-15089


------------------------------------------------------------------------------------------------------------------------
T.SUB-LOTES              TOT.PAQUETES =42      TOT.UNID. = 840   T/P NETO (kg) = 99,971      T/P BRUTO (kg) = 100,013
------------------------------------------------------------------------------------------------------------------------
