
EMPRESA NACIONAL DE MINERIA (ENM) PRODUCTOR          PACKING LIST                             PAG.  :   1
NATIONAL MINING COMPANY                       CODIGO DE LOTE   : I-10008                      FECHA :21/09/2023
                                              -----------------------------
FLUJO        : 
DESCRIPCION  : CATODOS GRADO A
N° INSTR. DE EMBARQUE : 28105
CLIENTE      : MAERSK BISCAYNE
Lote Sipa    : 

----------------------------------------------------------------------------------------------------------------------------- 
MARCA       DESCRIPCION         PESO NETO      PESO BRUTO     GRUPO     UNIDADES       UBICACION         SERIE                
-----------------------------------------------------------------------------------------------------------------------------

02AZ    DOS FRANJAS AZULES        2,410           2,411         25         20                           I-10008
02AZ    DOS FRANJAS AZULES        2,484           2,485         25         20                           I-10009
02AZ    DOS FRANJAS AZULES        2,093           2,094         17         20                           I-10010
02AZ    DOS FRANJAS AZULES        2,567           2,568         17         20                           I-10011
02AZ    DOS FRANJAS AZULES        1,995           1,996         25         20                           I-10012
02AZ    DOS FRANJAS AZULES        2,416           2,417         25         20                           I-10013
02AZ    DOS FRANJAS AZULES        2,113           2,114         25         20                           I-10014
02AZ    DOS FRANJAS AZULES        2,503           2,504         25         20                           I-10015
02AZ    DOS FRANJAS AZULES        2,306           2,307         25         20                           I-10016
02AZ    DOS FRANJAS AZULES        2,537           2,538         25         20                           I-10017
02AZ    DOS FRANJAS AZULES        2,295           2,296         25         20                           I-10018
02AZ    DOS FRANJAS AZULES        2,377           2,378         25         20                           I-10019
02AZ    DOS FRANJAS AZULES        2,043           2,044         25         20                           I-10020
02AZ    DOS FRANJAS AZULES        2,059           2,060         25         20                           I-10021
02AZ    DOS FRANJAS AZULES        2,265           2,266         25         20                           I-10022
02AZ    DOS FRANJAS AZULES        2,086           2,087         25         20                           I-10023
02AZ    DOS FRANJAS AZULES        2,563           2,564         25         20                           I-10024
02AZ    DOS FRANJAS AZULES        2,431           2,432         45         20                           I-10025
02AZ    DOS FRANJAS AZULES        1,962           1,963         45         20                           I-10026
02AZ    DOS FRANJAS AZULES        2,051           2,052         45         20                           I-10027
02AZ    DOS FRANJAS AZULES        2,301           2,302         45         20                           I-10028
02AZ    DOS FRANJAS AZULES        2,094           2,095         25         20                           I-10029
02AZ    DOS FRANJAS AZULES        2,194           2,195         25         20                           I-10030
02AZ    DOS FRANJAS AZULES        1,995           1,996         45         20                           I-10031
02AZ    DOS FRANJAS AZULES        2,136           2,137         25         20                           I-10032
02AZ    DOS FRANJAS AZULES        2,070           2,071         45         20                           I-10033
02AZ    DOS FRANJAS AZULES        2,189           2,190         45         20                           I-10034
02AZ    DOS FRANJAS AZULES        2,344           2,345         45         20                           I-10035
02AZ    DOS FRANJAS AZULES        2,373           2,374         05         20                           I-10036
02AZ    DOS FRANJAS AZULES        2,349           2,350         05         20                           I-10037
02AZ    DOS FRANJAS AZULES        2,357           2,358         45         20                           I-10038
02AZ    DOS FRANJAS AZULES        2,363           2,364         05         20                           I-10039
02AZ    DOS FRANJAS AZULES        2,345           2,346         25         20                           I-10040
02AZ    DOS FRANJAS AZULES        2,207           2,208         45         20                           I-10041
02AZ    DOS FRANJAS AZULES        2,525           2,526         25         20                           I-10042
02AZ    DOS FRANJAS AZULES        2,237           2,238         41         20                           I-10043
02AZ    DOS FRANJAS AZULES        2,410           2,411         45         20                           I-10044
02AZ    DOS FRANJAS AZULES        2,136           2,137         25         20                           I-10045
02AZ    DOS FRANJAS AZULES        2,334           2,335         05         20                           I-10046
02AZ    DOS FRANJAS AZULES        1,939           1,940         05         20                           I-10047
02AZ    DOS FRANJAS AZULES        2,132           2,133         45         20                           I-10048
02AZ    DOS FRANJAS AZULES        2,076           2,077         25         20                           I-10049
02AZ    DOS FRANJAS AZULES        2,381           2,382         45         20                           I-10050
02AZ    DOS FRANJAS AZULES        2,168           2,169         45         20                           I-10051
02AZ    DOS FRANJAS AZULES        2,327           2,328         45         20                           I-10052









EMPRESA NACIONAL DE MINERIA (ENM) PRODUCTOR          PACKING LIST                             PAG.  :   2
NATIONAL MINING COMPANY                       CODIGO DE LOTE   : I-10008                      FECHA :21/09/2023
                                              -----------------------------
FLUJO        : 
DESCRIPCION  : CATODOS GRADO A
N° INSTR. DE EMBARQUE : 28105
CLIENTE      : MAERSK BISCAYNE
Lote Sipa    : 

----------------------------------------------------------------------------------------------------------------------------- 
MARCA       DESCRIPCION         PESO NETO      PESO BRUTO     GRUPO     UNIDADES       UBICACION         SERIE                
-----------------------------------------------------------------------------------------------------------------------------

02AZ    DOS FRANJAS AZULES        2,343           2,344         05         20                           I-10053
02AZ    DOS FRANJAS AZULES        1,977           1,978         25         20                           I-10054
02AZ    DOS FRANJAS AZULES        2,205           2,206         45         20                           I-10055
02AZ    DOS FRANJAS AZULES        2,122           2,123         25         20                           I-10056
02AZ    DOS FRANJAS AZULES        2,042           2,043         45         20                           I-10057
02AZ    DOS FRANJAS AZULES        2,371           2,372         45         20                           I-10058
02AZ    DOS FRANJAS AZULES        1,955           1,956         45         20                           I-10059
02AZ    DOS FRANJAS AZULES        2,197           2,198         25         20                           I-10060
02AZ    DOS FRANJAS AZULES        2,283           2,284         45         20                           I-10061
02AZ    DOS FRANJAS AZULES        2,038           2,039         25         20                           I-10062
02AZ    DOS FRANJAS AZULES        1,971           1,972         45         20                           I-10063
02AZ    DOS FRANJAS AZULES        2,347           2,348         25         20                           I-10064
02AZ    DOS FRANJAS AZULES        2,453           2,454         05         20                           I-10065
02AZ    DOS FRANJAS AZULES        2,209           2,210         25         20                           I-10066
02AZ    DOS FRANJAS AZULES        2,031           2,032         45         20                           I-10067
02AZ    DOS FRANJAS AZULES        2,217           2,218         25         20                           I-10068
02AZ    DOS FRANJAS AZULES        2,353           2,354         45         20                           I-10069
02AZ    DOS FRANJAS AZULES        2,523           2,524         25         20                           I-10070
02AZ    DOS FRANJAS AZULES        2,095           2,096         45         20                           I-10071
02AZ    DOS FRANJAS AZULES        2,371           2,372         05         20                           I-10072
02AZ    DOS FRANJAS AZULES        2,456           2,457         25         20                           I-10073
02AZ    DOS FRANJAS AZULES        2,132           2,133         25         20                           I-10074
02AZ    DOS FRANJAS AZULES        2,421           2,422         05         20                           I-10075
02AZ    DOS FRANJAS AZULES        2,271           2,272         25         20                           I-10076
02AZ    DOS FRANJAS AZULES        2,308           2,309         45         20                           I-10077
02AZ    DOS FRANJAS AZULES        2,536           2,537         25         20                           I-10078
02AZ    DOS FRANJAS AZULES        2,481           2,482         45         20                           I-10079
02AZ    DOS FRANJAS AZULES        2,317           2,318         25         20                           I-10080
02AZ    DOS FRANJAS AZULES        2,299           2,300         05         20                           I-10081
02AZ    DOS FRANJAS AZULES        2,149           2,150         05         20                           I-10082
02AZ    DOS FRANJAS AZULES        2,454           2,455         45         20                           I-10083
02AZ    DOS FRANJAS AZULES        2,183           2,184         25         20                           I-10084
02AZ    DOS FRANJAS AZULES        2,051           2,052         25         20                           I-10085
02AZ    DOS FRANJAS AZULES        2,028           2,029         25         20                           I-10086
02AZ    DOS FRANJAS AZULES        2,189           2,190         25         20                           I-10087
02AZ    DOS FRANJAS AZULES        2,118           2,119         45         20                           I-10088
02AZ    DOS FRANJAS AZULES        2,139           2,140         25         20                           I-10089
02AZ    DOS FRANJAS AZULES        2,175           2,176         45         20                           I-10090
02AZ    DOS FRANJAS AZULES        2,153           2,154         45         20                           I-10091
02AZ    DOS FRANJAS AZULES        2,115           2,116         45         20                           I-10092
02AZ    DOS FRANJAS AZULES        2,198           2,199         45         20                           I-10093
02AZ    DOS FRANJAS AZULES        2,452           2,453         25         20                           I-10094
02AZ    DOS FRANJAS AZULES        2,319           2,320         25         20                           I-10095
02AZ    DOS FRANJAS AZULES        2,324           2,325         45         20                           I-10096


------------------------------------------------------------------------------------------------------------------------
T.SUB-LOTES              TOT.PAQUETES =89      TOT.UNID. = 1780   T/P NETO (kg) = 199,909      T/P BRUTO (kg) = 199,998
------------------------------------------------------------------------------------------------------------------------
