
EMPRESA NACIONAL DE MINERIA (ENM) PRODUCTOR          PACKING LIST                             PAG.  :   1
NATIONAL MINING COMPANY                       CODIGO DE LOTE   : D-6425                      FECHA :28/04/2020
                                              -----------------------------
FLUJO        : 
DESCRIPCION  : CATODOS GRADO A
N° INSTR. DE EMBARQUE : 25881
CLIENTE      : CHASTINE MAERSK
Lote Sipa    : 20040239

----------------------------------------------------------------------------------------------------------------------------- 
MARCA       DESCRIPCION         PESO NETO      PESO BRUTO     GRUPO     UNIDADES       UBICACION         SERIE                
-----------------------------------------------------------------------------------------------------------------------------

V0AM    V AMARILLA                2,345           2,346         14         20                           D-6425 
V0AM    V AMARILLA                2,427           2,428         14         20                           D-6426 
V0AM    V AMARILLA                2,391           2,392         14         20                           D-6427 
V0AM    V AMARILLA                2,436           2,437         14         20                           D-6428 
V0AM    V AMARILLA                2,279           2,280         23         20                           D-6429 
V0AM    V AMARILLA                2,171           2,172         14         20                           D-6430 
V0AM    V AMARILLA                2,431           2,432         14         20                           D-6431 
V0AM    V AMARILLA                2,041           2,042         14         20                           D-6432 
V0AM    V AMARILLA                2,173           2,174         14         20                           D-6433 
V0AM    V AMARILLA                2,232           2,233         14         20                           D-6434 
V0AM    V AMARILLA                2,394           2,395         23         20                           D-6435 
V0AM    V AMARILLA                2,317           2,318         23         20                           D-6436 
V0AM    V AMARILLA                2,279           2,280         34         20                           D-6437 
V0AM    V AMARILLA                2,271           2,272         34         20                           D-6438 
V0AM    V AMARILLA                2,467           2,468         34         20                           D-6439 
V0AM    V AMARILLA                2,253           2,254         34         20                           D-6440 
V0AM    V AMARILLA                2,243           2,244         23         20                           D-6441 
V0AM    V AMARILLA                2,257           2,258         23         20                           D-6442 
V0AM    V AMARILLA                2,360           2,361         14         20                           D-6443 
V0AM    V AMARILLA                2,366           2,367         14         20                           D-6444 
V0AM    V AMARILLA                2,317           2,318         23         20                           D-6445 
V0AM    V AMARILLA                2,276           2,277         34         20                           D-6446 
V0AM    V AMARILLA                2,254           2,255         14         20                           D-6447 
V0AM    V AMARILLA                2,123           2,124         14         20                           D-6448 
V0AM    V AMARILLA                2,196           2,197         34         20                           D-6449 
V0AM    V AMARILLA                2,232           2,233         34         20                           D-6450 
V0AM    V AMARILLA                2,347           2,348         34         20                           D-6451 
V0AM    V AMARILLA                2,136           2,137         34         20                           D-6452 
V0AM    V AMARILLA                2,269           2,270         34         20                           D-6453 
V0AM    V AMARILLA                2,461           2,462         34         20                           D-6454 
V0AM    V AMARILLA                2,406           2,407         34         20                           D-6455 
V0AM    V AMARILLA                2,407           2,408         34         20                           D-6456 
V0AM    V AMARILLA                2,426           2,427         44         20                           D-6457 
V0AM    V AMARILLA                2,280           2,281         44         20                           D-6458 
V0AM    V AMARILLA                2,370           2,371         44         20                           D-6459 
V0AM    V AMARILLA                2,411           2,412         44         20                           D-6460 
V0AM    V AMARILLA                2,314           2,315         44         20                           D-6461 
V0AM    V AMARILLA                2,233           2,234         34         20                           D-6462 
V0AM    V AMARILLA                2,293           2,294         34         20                           D-6463 
V0AM    V AMARILLA                2,280           2,281         34         20                           D-6464 
V0AM    V AMARILLA                2,271           2,272         34         20                           D-6465 
V0AM    V AMARILLA                2,126           2,127         34         20                           D-6466 
V0AM    V AMARILLA                2,278           2,279         34         20                           D-6467 
V0AM    V AMARILLA                2,138           2,139         34         20                           D-6468 
V0AM    V AMARILLA                2,308           2,309         34         20                           D-6469 









EMPRESA NACIONAL DE MINERIA (ENM) PRODUCTOR          PACKING LIST                             PAG.  :   2
NATIONAL MINING COMPANY                       CODIGO DE LOTE   : D-6425                      FECHA :28/04/2020
                                              -----------------------------
FLUJO        : 
DESCRIPCION  : CATODOS GRADO A
N° INSTR. DE EMBARQUE : 25881
CLIENTE      : CHASTINE MAERSK
Lote Sipa    : 20040239

----------------------------------------------------------------------------------------------------------------------------- 
MARCA       DESCRIPCION         PESO NETO      PESO BRUTO     GRUPO     UNIDADES       UBICACION         SERIE                
-----------------------------------------------------------------------------------------------------------------------------

V0AM    V AMARILLA                2,469           2,470         34         20                           D-6470 
V0AM    V AMARILLA                2,268           2,269         34         20                           D-6471 
V0AM    V AMARILLA                2,106           2,107         34         20                           D-6472 
V0AM    V AMARILLA                2,405           2,406         34         20                           D-6473 
V0AM    V AMARILLA                2,013           2,014         34         20                           D-6474 
V0AM    V AMARILLA                2,306           2,307         34         20                           D-6475 
V0AM    V AMARILLA                2,159           2,160         34         20                           D-6476 
V0AM    V AMARILLA                2,035           2,036         34         20                           D-6477 
V0AM    V AMARILLA                2,260           2,261         34         20                           D-6478 
V0AM    V AMARILLA                2,241           2,242         44         20                           D-6479 
V0AM    V AMARILLA                2,522           2,523         11         20                           D-6480 
V0AM    V AMARILLA                2,509           2,510         11         20                           D-6481 
V0AM    V AMARILLA                2,290           2,291         34         20                           D-6482 
V0AM    V AMARILLA                2,554           2,555         11         20                           D-6483 
V0AM    V AMARILLA                2,373           2,374         44         20                           D-6484 
V0AM    V AMARILLA                2,486           2,487         11         20                           D-6485 
V0AM    V AMARILLA                2,234           2,235         44         20                           D-6486 
V0AM    V AMARILLA                2,574           2,575         11         20                           D-6487 
V0AM    V AMARILLA                2,601           2,602         27         20                           D-6488 
V0AM    V AMARILLA                2,180           2,181         44         20                           D-6489 
V0AM    V AMARILLA                2,547           2,548         11         20                           D-6490 
V0AM    V AMARILLA                2,447           2,448         27         20                           D-6491 
V0AM    V AMARILLA                2,046           2,047         44         20                           D-6492 
V0AM    V AMARILLA                2,609           2,610         11         20                           D-6493 
V0AM    V AMARILLA                2,292           2,293         44         20                           D-6494 
V0AM    V AMARILLA                2,596           2,597         11         20                           D-6495 
V0AM    V AMARILLA                2,615           2,616         27         20                           D-6496 
V0AM    V AMARILLA                2,288           2,289         27         20                           D-6497 
V0AM    V AMARILLA                2,624           2,625         27         20                           D-6498 
V0AM    V AMARILLA                2,570           2,571         11         20                           D-6499 
V0AM    V AMARILLA                2,457           2,458         11         20                           D-6500 
V0AM    V AMARILLA                2,257           2,258         44         20                           D-6501 
V0AM    V AMARILLA                2,526           2,527         11         20                           D-6502 
V0AM    V AMARILLA                2,271           2,272         44         20                           D-6503 
V0AM    V AMARILLA                2,512           2,513         11         20                           D-6504 
V0AM    V AMARILLA                2,121           2,122         44         20                           D-6505 
V0AM    V AMARILLA                2,483           2,484         11         20                           D-6506 
V0AM    V AMARILLA                2,610           2,611         27         20                           D-6507 
V0AM    V AMARILLA                2,376           2,377         44         20                           D-6508 
V0AM    V AMARILLA                2,462           2,463         11         20                           D-6509 
V0AM    V AMARILLA                2,493           2,494         11         20                           D-6510 
V0AM    V AMARILLA                2,389           2,390         44         20                           D-6511 
V0AM    V AMARILLA                2,482           2,483         44         20                           D-6512 
V0AM    V AMARILLA                2,408           2,409         44         20                           D-6513 
V0AM    V AMARILLA                2,546           2,547         44         20                           D-6514 









EMPRESA NACIONAL DE MINERIA (ENM) PRODUCTOR          PACKING LIST                             PAG.  :   3
NATIONAL MINING COMPANY                       CODIGO DE LOTE   : D-6425                      FECHA :28/04/2020
                                              -----------------------------
FLUJO        : 
DESCRIPCION  : CATODOS GRADO A
N° INSTR. DE EMBARQUE : 25881
CLIENTE      : CHASTINE MAERSK
Lote Sipa    : 20040239

----------------------------------------------------------------------------------------------------------------------------- 
MARCA       DESCRIPCION         PESO NETO      PESO BRUTO     GRUPO     UNIDADES       UBICACION         SERIE                
-----------------------------------------------------------------------------------------------------------------------------

V0AM    V AMARILLA                2,348           2,349         44         20                           D-6515 
V0AM    V AMARILLA                2,334           2,335         44         20                           D-6516 
V0AM    V AMARILLA                2,548           2,549         27         20                           D-6517 
V0AM    V AMARILLA                2,550           2,551         11         20                           D-6518 
V0AM    V AMARILLA                2,508           2,509         11         20                           D-6519 
V0AM    V AMARILLA                2,354           2,355         44         20                           D-6520 
V0AM    V AMARILLA                2,514           2,515         11         20                           D-6521 
V0AM    V AMARILLA                2,462           2,463         11         20                           D-6522 
V0AM    V AMARILLA                2,504           2,505         27         20                           D-6523 
V0AM    V AMARILLA                2,435           2,436         27         20                           D-6524 
V0AM    V AMARILLA                2,486           2,487         27         20                           D-6525 
V0AM    V AMARILLA                2,517           2,518         11         20                           D-6526 
V0AM    V AMARILLA                2,536           2,537         11         20                           D-6527 
V0AM    V AMARILLA                2,572           2,573         11         20                           D-6528 
V0AM    V AMARILLA                2,315           2,316         44         20                           D-6529 
V0AM    V AMARILLA                2,275           2,276         44         20                           D-6530 
V0AM    V AMARILLA                2,528           2,529         44         20                           D-6531 
V0AM    V AMARILLA                2,507           2,508         11         20                           D-6532 
V0AM    V AMARILLA                2,342           2,343         11         20                           D-6533 
V0AM    V AMARILLA                2,504           2,505         11         20                           D-6534 
V0AM    V AMARILLA                2,504           2,505         11         20                           D-6535 
V0AM    V AMARILLA                2,420           2,421         44         20                           D-6536 
V0AM    V AMARILLA                2,179           2,180         44         20                           D-6537 
V0AM    V AMARILLA                2,528           2,529         11         20                           D-6538 
V0AM    V AMARILLA                2,177           2,178         27         20                           D-6539 
V0AM    V AMARILLA                2,390           2,391         27         20                           D-6540 
V0AM    V AMARILLA                2,462           2,463         27         20                           D-6541 
V0AM    V AMARILLA                2,438           2,439         27         20                           D-6542 
V0AM    V AMARILLA                2,373           2,374         27         20                           D-6543 
V0AM    V AMARILLA                2,412           2,413         27         20                           D-6544 
V0AM    V AMARILLA                2,184           2,185         11         20                           D-6545 
V0AM    V AMARILLA                2,018           2,019         27         20                           D-6546 
V0AM    V AMARILLA                2,271           2,272         27         20                           D-6547 
V0AM    V AMARILLA                2,486           2,487         27         20                           D-6548 
V0AM    V AMARILLA                2,131           2,132         27         20                           D-6549 
V0AM    V AMARILLA                2,571           2,572         11         20                           D-6550 
V0AM    V AMARILLA                2,395           2,396         11         20                           D-6551 


------------------------------------------------------------------------------------------------------------------------
T.SUB-LOTES              TOT.PAQUETES =127      TOT.UNID. = 2540   T/P NETO (kg) = 299,975      T/P BRUTO (kg) = 300,102
------------------------------------------------------------------------------------------------------------------------
