
EMPRESA NACIONAL DE MINERIA (ENM) PRODUCTOR          PACKING LIST                             PAG.  :   1
NATIONAL MINING COMPANY                       CODIGO DE LOTE   : H-23275                      FECHA :28/08/2023
                                              -----------------------------
FLUJO        : 
DESCRIPCION  : CATODOS EW TALTAL
N° INSTR. DE EMBARQUE : 931365
CLIENTE      : 
Lote Sipa    : 23080450

----------------------------------------------------------------------------------------------------------------------------- 
MARCA       DESCRIPCION         PESO NETO      PESO BRUTO     GRUPO     UNIDADES       UBICACION         SERIE                
-----------------------------------------------------------------------------------------------------------------------------

20AZ    20 AZUL                   2,034           2,035                    48                           H-23275
20AZ    20 AZUL                   2,027           2,028                    50                           H-23276
20AZ    20 AZUL                   1,954           1,955                    48                           H-23277
20AZ    20 AZUL                   1,954           1,955                    49                           H-23278
20AZ    20 AZUL                   2,001           2,002                    49                           H-23279
20AZ    20 AZUL                   2,025           2,026                    48                           H-23280
20AZ    20 AZUL                   2,052           2,053                    48                           H-23281
20AZ    20 AZUL                   2,033           2,034                    48                           H-23282
20AZ    20 AZUL                   2,030           2,031                    20                           H-23283
20AZ    20 AZUL                   2,030           2,031                    48                           H-23284
20AZ    20 AZUL                   2,003           2,004                    50                           H-23285
20AZ    20 AZUL                   2,041           2,042                    48                           H-23286
20AZ    20 AZUL                   2,051           2,052                    48                           H-23287
20AZ    20 AZUL                   2,017           2,018                    49                           H-23288


------------------------------------------------------------------------------------------------------------------------
T.SUB-LOTES              TOT.PAQUETES =14      TOT.UNID. = 651   T/P NETO (kg) = 28,252      T/P BRUTO (kg) = 28,266
------------------------------------------------------------------------------------------------------------------------
