
EMPRESA NACIONAL DE MINERIA (ENM) PRODUCTOR          PACKING LIST                             PAG.  :   1
NATIONAL MINING COMPANY                       CODIGO DE LOTE   : H-28670                      FECHA :30/08/2022
                                              -----------------------------
FLUJO        : 
DESCRIPCION  : CATODOS EW CERRO NEGRO
N° INSTR. DE EMBARQUE : 925615
CLIENTE      : 
Lote Sipa    : 22080483

----------------------------------------------------------------------------------------------------------------------------- 
MARCA       DESCRIPCION         PESO NETO      PESO BRUTO     GRUPO     UNIDADES       UBICACION         SERIE                
-----------------------------------------------------------------------------------------------------------------------------

07NA    SIETE NARANJA             2,036           2,037                    33                           H-2868 
07NA    SIETE NARANJA             2,002           2,003                    27                           H-2869 
07NA    SIETE NARANJA             1,995           1,996                    27                           H-2870 
07NA    SIETE NARANJA             2,062           2,063                    30                           H-2871 
07NA    SIETE NARANJA             2,017           2,018                    29                           H-2872 
07NA    SIETE NARANJA             1,998           1,999                    30                           H-2873 
07NA    SIETE NARANJA             2,005           2,006                    29                           H-2874 
07NA    SIETE NARANJA             2,022           2,023                    32                           H-2875 
07NA    SIETE NARANJA             2,022           2,023                    31                           H-2876 
07NA    SIETE NARANJA             2,043           2,044                    28                           H-2877 
07NA    SIETE NARANJA             2,042           2,043                    29                           H-2878 
07NA    SIETE NARANJA             1,978           1,979                    28                           H-2879 
07NA    SIETE NARANJA             2,003           2,004                    27                           H-2880 
07NA    SIETE NARANJA             1,986           1,987                    27                           H-2881 
07NA    SIETE NARANJA             2,022           2,023                    28                           H-28670


------------------------------------------------------------------------------------------------------------------------
T.SUB-LOTES              TOT.PAQUETES =15      TOT.UNID. = 435   T/P NETO (kg) = 30,233      T/P BRUTO (kg) = 30,248
------------------------------------------------------------------------------------------------------------------------
