
EMPRESA NACIONAL DE MINERIA (ENM) PRODUCTOR          PACKING LIST                             PAG.  :   1
NATIONAL MINING COMPANY                       CODIGO DE LOTE   : C-17862                      FECHA :19/04/2021
                                              -----------------------------
FLUJO        : 
DESCRIPCION  : CATODOS GRADO A
N° INSTR. DE EMBARQUE : 26647
CLIENTE      : BOMAR BEIJING
Lote Sipa    : 21030446

----------------------------------------------------------------------------------------------------------------------------- 
MARCA       DESCRIPCION         PESO NETO      PESO BRUTO     GRUPO     UNIDADES       UBICACION         SERIE                
-----------------------------------------------------------------------------------------------------------------------------

X0NE    EQUIS NEGRA               2,507           2,508         46         20                           C-17862
X0NE    EQUIS NEGRA               2,521           2,522         05         20                           C-17863
X0NE    EQUIS NEGRA               2,500           2,501         05         20                           C-17864
X0NE    EQUIS NEGRA               2,350           2,351         46         20                           C-17865
X0NE    EQUIS NEGRA               2,371           2,372         05         20                           C-17866
X0NE    EQUIS NEGRA               2,534           2,535         05         20                           C-17867
X0NE    EQUIS NEGRA               2,410           2,411         46         20                           C-17868
X0NE    EQUIS NEGRA               2,508           2,509         05         20                           C-17869
X0NE    EQUIS NEGRA               2,407           2,408         46         20                           C-17870
X0NE    EQUIS NEGRA               2,415           2,416         05         20                           C-17871
X0NE    EQUIS NEGRA               2,306           2,307         46         20                           C-17872
X0NE    EQUIS NEGRA               2,478           2,479         05         20                           C-17873
X0NE    EQUIS NEGRA               2,533           2,534         05         20                           C-17874
X0NE    EQUIS NEGRA               2,520           2,521         05         20                           C-17875
X0NE    EQUIS NEGRA               2,444           2,445         26         20                           C-17876
X0NE    EQUIS NEGRA               2,304           2,305         26         20                           C-17877
X0NE    EQUIS NEGRA               2,505           2,506         26         20                           C-17878
X0NE    EQUIS NEGRA               2,260           2,261         26         20                           C-17879
X0NE    EQUIS NEGRA               2,181           2,182         26         20                           C-17880
X0NE    EQUIS NEGRA               2,442           2,443         26         20                           C-17881
X0NE    EQUIS NEGRA               2,567           2,568         26         20                           C-17882
X0NE    EQUIS NEGRA               2,536           2,537         46         20                           C-17883
X0NE    EQUIS NEGRA               2,351           2,352         46         20                           C-17884
X0NE    EQUIS NEGRA               2,505           2,506         26         20                           C-17885
X0NE    EQUIS NEGRA               2,480           2,481         26         20                           C-17886
X0NE    EQUIS NEGRA               2,517           2,518         20         20                           C-17887
X0NE    EQUIS NEGRA               2,456           2,457         20         20                           C-17888
X0NE    EQUIS NEGRA               2,439           2,440         26         20                           C-17889
X0NE    EQUIS NEGRA               2,384           2,385         46         20                           C-17890
X0NE    EQUIS NEGRA               2,414           2,415         46         20                           C-17891
X0NE    EQUIS NEGRA               2,259           2,260         20         20                           C-17892
X0NE    EQUIS NEGRA               2,488           2,489         20         20                           C-17893
X0NE    EQUIS NEGRA               2,425           2,426         20         20                           C-17894
X0NE    EQUIS NEGRA               2,437           2,438         46         20                           C-17895
X0NE    EQUIS NEGRA               2,269           2,270         46         20                           C-17896
X0NE    EQUIS NEGRA               2,242           2,243         20         20                           C-17897
X0NE    EQUIS NEGRA               2,238           2,239         20         20                           C-17898
X0NE    EQUIS NEGRA               2,286           2,287         20         20                           C-17899
X0NE    EQUIS NEGRA               2,498           2,499         20         20                           C-17900
X0NE    EQUIS NEGRA               2,554           2,555         20         20                           C-17901
X0NE    EQUIS NEGRA               2,538           2,539         26         20                           C-17902
X0NE    EQUIS NEGRA               2,403           2,404         26         20                           C-17903
X0NE    EQUIS NEGRA               2,474           2,475         26         20                           C-17904
X0NE    EQUIS NEGRA               2,253           2,254         26         20                           C-17905
X0NE    EQUIS NEGRA               2,390           2,391         26         20                           C-17906









EMPRESA NACIONAL DE MINERIA (ENM) PRODUCTOR          PACKING LIST                             PAG.  :   2
NATIONAL MINING COMPANY                       CODIGO DE LOTE   : C-17862                      FECHA :19/04/2021
                                              -----------------------------
FLUJO        : 
DESCRIPCION  : CATODOS GRADO A
N° INSTR. DE EMBARQUE : 26647
CLIENTE      : BOMAR BEIJING
Lote Sipa    : 21030446

----------------------------------------------------------------------------------------------------------------------------- 
MARCA       DESCRIPCION         PESO NETO      PESO BRUTO     GRUPO     UNIDADES       UBICACION         SERIE                
-----------------------------------------------------------------------------------------------------------------------------

X0NE    EQUIS NEGRA               2,268           2,269         20         20                           C-17907
X0NE    EQUIS NEGRA               2,311           2,312         20         20                           C-17908
X0NE    EQUIS NEGRA               2,491           2,492         26         20                           C-17909
X0NE    EQUIS NEGRA               2,453           2,454         26         20                           C-17910
X0NE    EQUIS NEGRA               2,264           2,265         26         20                           C-17911
X0NE    EQUIS NEGRA               2,266           2,267         38         20                           C-17912
X0NE    EQUIS NEGRA               2,298           2,299         26         20                           C-17913
X0NE    EQUIS NEGRA               2,299           2,300         38         20                           C-17914
X0NE    EQUIS NEGRA               2,209           2,210         05         20                           C-17915
X0NE    EQUIS NEGRA               2,478           2,479         26         20                           C-17916
X0NE    EQUIS NEGRA               2,211           2,212         38         20                           C-17917
X0NE    EQUIS NEGRA               2,401           2,402         05         20                           C-17918
X0NE    EQUIS NEGRA               2,309           2,310         26         20                           C-17919
X0NE    EQUIS NEGRA               2,071           2,072         38         20                           C-17920
X0NE    EQUIS NEGRA               2,487           2,488         38         20                           C-17921
X0NE    EQUIS NEGRA               2,122           2,123         38         20                           C-17922
X0NE    EQUIS NEGRA               2,409           2,410         38         20                           C-17923
X0NE    EQUIS NEGRA               2,340           2,341         05         20                           C-17924
X0NE    EQUIS NEGRA               2,239           2,240         05         20                           C-17925
X0NE    EQUIS NEGRA               2,280           2,281         38         20                           C-17926
X0NE    EQUIS NEGRA               2,370           2,371         26         20                           C-17927
X0NE    EQUIS NEGRA               2,442           2,443         15         20                           C-17928
X0NE    EQUIS NEGRA               2,287           2,288         15         20                           C-17929
X0NE    EQUIS NEGRA               2,331           2,332         26         20                           C-17930
X0NE    EQUIS NEGRA               2,333           2,334         15         20                           C-17931
X0NE    EQUIS NEGRA               2,462           2,463         15         20                           C-17932
X0NE    EQUIS NEGRA               2,033           2,034         15         20                           C-17933
X0NE    EQUIS NEGRA               2,267           2,268         15         20                           C-17934
X0NE    EQUIS NEGRA               2,419           2,420         15         20                           C-17935
X0NE    EQUIS NEGRA               2,280           2,281         15         20                           C-17936
X0NE    EQUIS NEGRA               2,368           2,369         15         20                           C-17937
X0NE    EQUIS NEGRA               2,313           2,314         15         20                           C-17938
X0NE    EQUIS NEGRA               2,384           2,385         15         20                           C-17939
X0NE    EQUIS NEGRA               2,393           2,394         15         20                           C-17940
X0NE    EQUIS NEGRA               2,413           2,414         15         20                           C-17941
X0NE    EQUIS NEGRA               2,400           2,401         15         20                           C-17942
X0NE    EQUIS NEGRA               2,448           2,449         15         20                           C-17943
X0NE    EQUIS NEGRA               2,480           2,481         15         20                           C-17944
X0NE    EQUIS NEGRA               2,297           2,298         26         20                           C-17945
X0NE    EQUIS NEGRA               2,490           2,491         05         20                           C-17946
X0NE    EQUIS NEGRA               2,181           2,182         15         20                           C-17947
X0NE    EQUIS NEGRA               2,280           2,281         15         20                           C-17948
X0NE    EQUIS NEGRA               2,216           2,217         05         20                           C-17949
X0NE    EQUIS NEGRA               2,320           2,321         05         20                           C-17950
X0NE    EQUIS NEGRA               2,425           2,426         15         20                           C-17951









EMPRESA NACIONAL DE MINERIA (ENM) PRODUCTOR          PACKING LIST                             PAG.  :   3
NATIONAL MINING COMPANY                       CODIGO DE LOTE   : C-17862                      FECHA :19/04/2021
                                              -----------------------------
FLUJO        : 
DESCRIPCION  : CATODOS GRADO A
N° INSTR. DE EMBARQUE : 26647
CLIENTE      : BOMAR BEIJING
Lote Sipa    : 21030446

----------------------------------------------------------------------------------------------------------------------------- 
MARCA       DESCRIPCION         PESO NETO      PESO BRUTO     GRUPO     UNIDADES       UBICACION         SERIE                
-----------------------------------------------------------------------------------------------------------------------------

X0NE    EQUIS NEGRA               2,473           2,474         15         20                           C-17952
X0NE    EQUIS NEGRA               2,055           2,056         15         20                           C-17953
X0NE    EQUIS NEGRA               2,477           2,478         15         20                           C-17954
X0NE    EQUIS NEGRA               2,430           2,431         15         20                           C-17955
X0NE    EQUIS NEGRA               2,428           2,429         15         20                           C-17956
X0NE    EQUIS NEGRA               2,181           2,182         05         20                           C-17957
X0NE    EQUIS NEGRA               2,237           2,238         26         20                           C-17958
X0NE    EQUIS NEGRA               2,487           2,488         38         20                           C-17959
X0NE    EQUIS NEGRA               2,493           2,494         15         20                           C-17960
X0NE    EQUIS NEGRA               2,472           2,473         26         20                           C-17961
X0NE    EQUIS NEGRA               2,517           2,518         38         20                           C-17962
X0NE    EQUIS NEGRA               2,480           2,481         16         20                           C-17963
X0NE    EQUIS NEGRA               2,460           2,461         38         20                           C-17964
X0NE    EQUIS NEGRA               2,493           2,494         16         20                           C-17965
X0NE    EQUIS NEGRA               2,496           2,497         16         20                           C-17966


------------------------------------------------------------------------------------------------------------------------
T.SUB-LOTES              TOT.PAQUETES =105      TOT.UNID. = 2100   T/P NETO (kg) = 249,916      T/P BRUTO (kg) = 250,021
------------------------------------------------------------------------------------------------------------------------
