
EMPRESA NACIONAL DE MINERIA (ENM) PRODUCTOR          PACKING LIST                             PAG.  :   1
NATIONAL MINING COMPANY                       CODIGO DE LOTE   : M-1721                      FECHA :22/12/2022
                                              -----------------------------
FLUJO        : 
DESCRIPCION  : CATODOS EW EL SALADO
N° INSTR. DE EMBARQUE : 930321
CLIENTE      : 
Lote Sipa    : 22120430

----------------------------------------------------------------------------------------------------------------------------- 
MARCA       DESCRIPCION         PESO NETO      PESO BRUTO     GRUPO     UNIDADES       UBICACION         SERIE                
-----------------------------------------------------------------------------------------------------------------------------

11CE    11 FRANJAS CELESTES       2,027           2,028                    63                           M-1721 
11CE    11 FRANJAS CELESTES       2,153           2,154                    68                           M-1722 
11CE    11 FRANJAS CELESTES       1,996           1,997                    62                           M-1723 
11CE    11 FRANJAS CELESTES       1,975           1,976                    65                           M-1724 
11CE    11 FRANJAS CELESTES       2,035           2,036                    66                           M-1725 
11CE    11 FRANJAS CELESTES       2,069           2,070                    62                           M-1726 
11CE    11 FRANJAS CELESTES       1,987           1,988                    63                           M-1727 
11CE    11 FRANJAS CELESTES       2,041           2,042                    75                           M-1728 
11CE    11 FRANJAS CELESTES       2,123           2,124                    65                           M-1729 
11CE    11 FRANJAS CELESTES       2,125           2,126                    66                           M-1730 
11CE    11 FRANJAS CELESTES       2,027           2,028                    55                           M-1731 
11CE    11 FRANJAS CELESTES       2,091           2,092                    67                           M-1732 
11CE    11 FRANJAS CELESTES       2,001           2,002                    60                           M-1733 
11CE    11 FRANJAS CELESTES       2,047           2,048                    76                           M-1734 


------------------------------------------------------------------------------------------------------------------------
T.SUB-LOTES              TOT.PAQUETES =14      TOT.UNID. = 913   T/P NETO (kg) = 28,697      T/P BRUTO (kg) = 28,711
------------------------------------------------------------------------------------------------------------------------
