
EMPRESA NACIONAL DE MINERIA (ENM) PRODUCTOR          PACKING LIST                             PAG.  :   1
NATIONAL MINING COMPANY                       CODIGO DE LOTE   : J-2336                      FECHA :13/12/2022
                                              -----------------------------
FLUJO        : 
DESCRIPCION  : CATODOS EW DELTA
N° INSTR. DE EMBARQUE : 27726
CLIENTE      : MAERSK SHAMS
Lote Sipa    : 22090241

----------------------------------------------------------------------------------------------------------------------------- 
MARCA       DESCRIPCION         PESO NETO      PESO BRUTO     GRUPO     UNIDADES       UBICACION         SERIE                
-----------------------------------------------------------------------------------------------------------------------------

01BL    FRANJA BLANCA             1,999           2,000                    51                           I-2369 
01BL    FRANJA BLANCA             2,005           2,006                    54                           I-2370 
01BL    FRANJA BLANCA             2,009           2,010                    55                           I-2371 
01BL    FRANJA BLANCA             2,017           2,018                    51                           I-2372 
01BL    FRANJA BLANCA             1,984           1,985                    51                           I-2373 
01BL    FRANJA BLANCA             1,985           1,986                    49                           I-2374 
01BL    FRANJA BLANCA             2,020           2,021                    51                           I-2375 
01BL    FRANJA BLANCA             1,996           1,997                    50                           I-2376 
01BL    FRANJA BLANCA             1,988           1,989                    50                           I-2377 
01BL    FRANJA BLANCA             1,993           1,994                    51                           I-2378 
01BL    FRANJA BLANCA             2,020           2,021                    50                           I-2379 
01BL    FRANJA BLANCA             2,009           2,010                    52                           I-2380 
01BL    FRANJA BLANCA             2,002           2,003                    54                           I-2381 
01BL    FRANJA BLANCA             1,978           1,979                    50                           I-2382 
01BL    FRANJA BLANCA             1,991           1,992                    46                           J-2321 
01BL    FRANJA BLANCA             1,982           1,983                    39                           J-2322 
01BL    FRANJA BLANCA             1,991           1,992                    46                           J-2323 
01BL    FRANJA BLANCA             2,026           2,027                    45                           J-2324 
01BL    FRANJA BLANCA             1,998           1,999                    42                           J-2325 
01BL    FRANJA BLANCA             2,011           2,012                    44                           J-2326 
01BL    FRANJA BLANCA             1,997           1,998                    51                           J-2327 
01BL    FRANJA BLANCA             1,977           1,978                    46                           J-2328 
01BL    FRANJA BLANCA             2,003           2,004                    44                           J-2329 
01BL    FRANJA BLANCA             1,997           1,998                    49                           J-2330 
01BL    FRANJA BLANCA             2,018           2,019                    46                           J-2331 
01BL    FRANJA BLANCA             1,975           1,976                    47                           J-2332 
01BL    FRANJA BLANCA             2,018           2,019                    46                           J-2333 
01BL    FRANJA BLANCA             1,993           1,994                    45                           J-2334 
01BL    FRANJA BLANCA             1,991           1,992                    51                           J-2336 
01BL    FRANJA BLANCA             2,011           2,012                    53                           J-2337 
01BL    FRANJA BLANCA             1,998           1,999                    53                           J-2338 
01BL    FRANJA BLANCA             1,989           1,990                    53                           J-2339 
01BL    FRANJA BLANCA             1,987           1,988                    51                           J-2340 
01BL    FRANJA BLANCA             2,007           2,008                    51                           J-2341 
01BL    FRANJA BLANCA             2,011           2,012                    47                           J-2342 
01BL    FRANJA BLANCA             1,997           1,998                    45                           J-2343 
01BL    FRANJA BLANCA             2,017           2,018                    53                           J-2344 
01BL    FRANJA BLANCA             1,990           1,991                    48                           J-2345 
01BL    FRANJA BLANCA             2,030           2,031                    53                           J-2346 
01BL    FRANJA BLANCA             2,004           2,005                    56                           J-2347 
01BL    FRANJA BLANCA             2,002           2,003                    53                           J-2348 
01BL    FRANJA BLANCA             1,992           1,993                    48                           J-2349 


------------------------------------------------------------------------------------------------------------------------
T.SUB-LOTES              TOT.PAQUETES =42      TOT.UNID. = 2070   T/P NETO (kg) = 84,008      T/P BRUTO (kg) = 84,050
------------------------------------------------------------------------------------------------------------------------
