
EMPRESA NACIONAL DE MINERIA (ENM) PRODUCTOR          PACKING LIST                             PAG.  :   1
NATIONAL MINING COMPANY                       CODIGO DE LOTE   : C-1659                      FECHA :03/03/2022
                                              -----------------------------
FLUJO        : 
DESCRIPCION  : CATODOS EW EL SALADO
N° INSTR. DE EMBARQUE : 929133
CLIENTE      : 
Lote Sipa    : 22020491

----------------------------------------------------------------------------------------------------------------------------- 
MARCA       DESCRIPCION         PESO NETO      PESO BRUTO     GRUPO     UNIDADES       UBICACION         SERIE                
-----------------------------------------------------------------------------------------------------------------------------

18AZ    DIESIOCHO FRANJAS AZULES  2,030           2,031                    75                           C-1659 
18AZ    DIESIOCHO FRANJAS AZULES  1,964           1,965                    99                           C-1660 
18AZ    DIESIOCHO FRANJAS AZULES  2,030           2,031                    80                           C-1661 
18AZ    DIESIOCHO FRANJAS AZULES  1,968           1,969                    73                           C-1662 
18AZ    DIESIOCHO FRANJAS AZULES  1,965           1,966                    88                           C-1663 
18AZ    DIESIOCHO FRANJAS AZULES  2,012           2,013                    90                           C-1664 
18AZ    DIESIOCHO FRANJAS AZULES  1,986           1,987                    78                           C-1665 
18AZ    DIESIOCHO FRANJAS AZULES  2,023           2,024                    82                           C-1666 
18AZ    DIESIOCHO FRANJAS AZULES  2,001           2,002                    73                           C-1667 
18AZ    DIESIOCHO FRANJAS AZULES  2,029           2,030                    71                           C-1668 
18AZ    DIESIOCHO FRANJAS AZULES  2,032           2,033                    78                           C-1669 
18AZ    DIESIOCHO FRANJAS AZULES  2,020           2,021                    79                           C-1670 
18AZ    DIESIOCHO FRANJAS AZULES  1,976           1,977                    80                           C-1671 
18AZ    DIESIOCHO FRANJAS AZULES  2,018           2,019                    90                           C-1672 


------------------------------------------------------------------------------------------------------------------------
T.SUB-LOTES              TOT.PAQUETES =14      TOT.UNID. = 1136   T/P NETO (kg) = 28,054      T/P BRUTO (kg) = 28,068
------------------------------------------------------------------------------------------------------------------------
