
EMPRESA NACIONAL DE MINERIA (ENM) PRODUCTOR          PACKING LIST                             PAG.  :   1
NATIONAL MINING COMPANY                       CODIGO DE LOTE   : H-5105                      FECHA :18/08/2022
                                              -----------------------------
FLUJO        : 
DESCRIPCION  : CATODOS GRADO A
N° INSTR. DE EMBARQUE : 27525
CLIENTE      : CAUTIN
Lote Sipa    : 22080181

----------------------------------------------------------------------------------------------------------------------------- 
MARCA       DESCRIPCION         PESO NETO      PESO BRUTO     GRUPO     UNIDADES       UBICACION         SERIE                
-----------------------------------------------------------------------------------------------------------------------------

V0CE    V CELESTE                 2,245           2,246         24         20                           H-5105 
V0CE    V CELESTE                 2,245           2,246         24         20                           H-5106 
V0CE    V CELESTE                 2,592           2,593         24         20                           H-5107 
V0CE    V CELESTE                 2,669           2,670         24         20                           H-5108 
V0CE    V CELESTE                 2,581           2,582         24         20                           H-5109 
V0CE    V CELESTE                 2,585           2,586         24         20                           H-5110 
V0CE    V CELESTE                 2,575           2,576         24         20                           H-5111 
V0CE    V CELESTE                 2,602           2,603         24         20                           H-5112 
V0CE    V CELESTE                 2,675           2,676         24         20                           H-5113 
V0CE    V CELESTE                 2,565           2,566         24         20                           H-5114 
V0CE    V CELESTE                 2,269           2,270         24         20                           H-5115 
V0CE    V CELESTE                 2,628           2,629         24         20                           H-5116 
V0CE    V CELESTE                 2,666           2,667         24         20                           H-5117 
V0CE    V CELESTE                 2,603           2,604         24         20                           H-5118 
V0CE    V CELESTE                 2,303           2,304         24         20                           H-5119 
V0CE    V CELESTE                 2,578           2,579         24         20                           H-5120 
V0CE    V CELESTE                 2,535           2,536         24         20                           H-5121 
V0CE    V CELESTE                 2,333           2,334         24         20                           H-5122 
V0CE    V CELESTE                 2,569           2,570         24         20                           H-5123 
V0CE    V CELESTE                 2,671           2,672         24         20                           H-5124 
V0CE    V CELESTE                 2,599           2,600         24         20                           H-5125 
V0CE    V CELESTE                 2,078           2,079         24         20                           H-5126 
V0CE    V CELESTE                 2,626           2,627         24         20                           H-5127 
V0CE    V CELESTE                 2,595           2,596         24         20                           H-5128 
V0CE    V CELESTE                 2,500           2,501         24         20                           H-5129 
V0CE    V CELESTE                 2,478           2,479         24         20                           H-5130 
V0CE    V CELESTE                 2,109           2,110         24         20                           H-5131 
V0CE    V CELESTE                 2,425           2,426         24         20                           H-5132 
V0CE    V CELESTE                 2,539           2,540         24         20                           H-5133 
V0CE    V CELESTE                 2,625           2,626         24         20                           H-5134 
V0CE    V CELESTE                 2,675           2,676         24         20                           H-5135 
V0CE    V CELESTE                 2,615           2,616         24         20                           H-5136 
V0CE    V CELESTE                 2,537           2,538         24         20                           H-5137 
V0CE    V CELESTE                 2,143           2,144         24         20                           H-5138 
V0CE    V CELESTE                 2,639           2,640         24         20                           H-5139 
V0CE    V CELESTE                 2,525           2,526         24         20                           H-5140 
V0CE    V CELESTE                 2,579           2,580         24         20                           H-5141 
V0CE    V CELESTE                 2,654           2,655         24         20                           H-5142 
V0CE    V CELESTE                 2,488           2,489         24         20                           H-5143 
V0CE    V CELESTE                 2,559           2,560         24         20                           H-5144 
V0CE    V CELESTE                 2,545           2,546         24         20                           H-5145 
V0CE    V CELESTE                 2,515           2,516         24         20                           H-5146 
V0CE    V CELESTE                 2,459           2,460         24         20                           H-5147 
V0CE    V CELESTE                 2,578           2,579         24         20                           H-5148 
V0CE    V CELESTE                 2,510           2,511         24         20                           H-5149 









EMPRESA NACIONAL DE MINERIA (ENM) PRODUCTOR          PACKING LIST                             PAG.  :   2
NATIONAL MINING COMPANY                       CODIGO DE LOTE   : H-5105                      FECHA :18/08/2022
                                              -----------------------------
FLUJO        : 
DESCRIPCION  : CATODOS GRADO A
N° INSTR. DE EMBARQUE : 27525
CLIENTE      : CAUTIN
Lote Sipa    : 22080181

----------------------------------------------------------------------------------------------------------------------------- 
MARCA       DESCRIPCION         PESO NETO      PESO BRUTO     GRUPO     UNIDADES       UBICACION         SERIE                
-----------------------------------------------------------------------------------------------------------------------------

V0CE    V CELESTE                 2,530           2,531         24         20                           H-5150 
V0CE    V CELESTE                 2,269           2,270         24         20                           H-5151 
V0CE    V CELESTE                 2,581           2,582         24         20                           H-5152 
V0CE    V CELESTE                 2,410           2,411         24         20                           H-5153 
V0CE    V CELESTE                 2,503           2,504         24         20                           H-5154 
V0CE    V CELESTE                 2,602           2,603         24         20                           H-5155 
V0CE    V CELESTE                 2,661           2,662         24         20                           H-5156 
V0CE    V CELESTE                 2,506           2,507         24         20                           H-5157 
V0CE    V CELESTE                 2,473           2,474         24         20                           H-5158 
V0CE    V CELESTE                 2,607           2,608         24         20                           H-5159 
V0CE    V CELESTE                 2,521           2,522         24         20                           H-5160 
V0CE    V CELESTE                 2,444           2,445         24         20                           H-5161 
V0CE    V CELESTE                 2,526           2,527         24         20                           H-5162 
V0CE    V CELESTE                 2,413           2,414         24         20                           H-5163 
V0CE    V CELESTE                 2,399           2,400         24         20                           H-5164 
V0CE    V CELESTE                 2,477           2,478         41         20                           H-5165 
V0CE    V CELESTE                 2,495           2,496         41         20                           H-5166 
V0CE    V CELESTE                 2,528           2,529         41         20                           H-5167 
V0CE    V CELESTE                 2,489           2,490         41         20                           H-5168 
V0CE    V CELESTE                 2,265           2,266         41         20                           H-5169 
V0CE    V CELESTE                 2,341           2,342         41         20                           H-5170 
V0CE    V CELESTE                 2,547           2,548         41         20                           H-5171 
V0CE    V CELESTE                 2,565           2,566         41         20                           H-5172 
V0CE    V CELESTE                 2,459           2,460         41         20                           H-5173 
V0CE    V CELESTE                 2,425           2,426         41         20                           H-5174 
V0CE    V CELESTE                 2,399           2,400         41         20                           H-5175 
V0CE    V CELESTE                 2,572           2,573         41         20                           H-5176 
V0CE    V CELESTE                 2,478           2,479         41         20                           H-5177 
V0CE    V CELESTE                 2,492           2,493         41         20                           H-5178 
V0CE    V CELESTE                 2,617           2,618         41         20                           H-5179 
V0CE    V CELESTE                 2,614           2,615         41         20                           H-5180 
V0CE    V CELESTE                 2,559           2,560         41         20                           H-5181 
V0CE    V CELESTE                 2,546           2,547         41         20                           H-5182 
V0CE    V CELESTE                 2,629           2,630         41         20                           H-5183 
V0CE    V CELESTE                 2,595           2,596         41         20                           H-5184 
V0CE    V CELESTE                 2,551           2,552         41         20                           H-5185 
V0CE    V CELESTE                 2,585           2,586         41         20                           H-5186 
V0CE    V CELESTE                 2,603           2,604         41         20                           H-5187 
V0CE    V CELESTE                 2,610           2,611         41         20                           H-5188 
V0CE    V CELESTE                 2,509           2,510         41         20                           H-5189 
V0CE    V CELESTE                 2,627           2,628         41         20                           H-5190 
V0CE    V CELESTE                 2,607           2,608         41         20                           H-5191 
V0CE    V CELESTE                 2,617           2,618         41         20                           H-5192 
V0CE    V CELESTE                 2,523           2,524         41         20                           H-5193 
V0CE    V CELESTE                 2,235           2,236         41         20                           H-5194 









EMPRESA NACIONAL DE MINERIA (ENM) PRODUCTOR          PACKING LIST                             PAG.  :   3
NATIONAL MINING COMPANY                       CODIGO DE LOTE   : H-5105                      FECHA :18/08/2022
                                              -----------------------------
FLUJO        : 
DESCRIPCION  : CATODOS GRADO A
N° INSTR. DE EMBARQUE : 27525
CLIENTE      : CAUTIN
Lote Sipa    : 22080181

----------------------------------------------------------------------------------------------------------------------------- 
MARCA       DESCRIPCION         PESO NETO      PESO BRUTO     GRUPO     UNIDADES       UBICACION         SERIE                
-----------------------------------------------------------------------------------------------------------------------------

V0CE    V CELESTE                 2,269           2,270         41         20                           H-5195 
V0CE    V CELESTE                 2,457           2,458         41         20                           H-5196 
V0CE    V CELESTE                 2,387           2,388         41         20                           H-5197 
V0CE    V CELESTE                 2,463           2,464         41         20                           H-5198 
V0CE    V CELESTE                 2,363           2,364         41         20                           H-5199 
V0CE    V CELESTE                 2,529           2,530         41         20                           H-5200 
V0CE    V CELESTE                 2,499           2,500         41         20                           H-5201 
V0CE    V CELESTE                 2,229           2,230         41         20                           H-5202 
V0CE    V CELESTE                 2,569           2,570         41         20                           H-5203 
V0CE    V CELESTE                 2,349           2,350         41         20                           H-5204 
V0CE    V CELESTE                 2,367           2,368         41         20                           H-5205 
V0CE    V CELESTE                 2,456           2,457         41         20                           H-5206 
V0CE    V CELESTE                 2,479           2,480         41         20                           H-5207 
V0CE    V CELESTE                 2,337           2,338         41         20                           H-5208 
V0CE    V CELESTE                 2,606           2,607         41         20                           H-5209 
V0CE    V CELESTE                 2,197           2,198         41         20                           H-5210 
V0CE    V CELESTE                 2,447           2,448         41         20                           H-5211 
V0CE    V CELESTE                 2,403           2,404         41         20                           H-5212 
V0CE    V CELESTE                 2,454           2,455         41         20                           H-5213 
V0CE    V CELESTE                 2,383           2,384         41         20                           H-5214 
V0CE    V CELESTE                 2,245           2,246         41         20                           H-5215 
V0CE    V CELESTE                 2,537           2,538         41         20                           H-5216 
V0CE    V CELESTE                 2,367           2,368         41         20                           H-5217 
V0CE    V CELESTE                 2,539           2,540         41         20                           H-5218 
V0CE    V CELESTE                 2,602           2,603         41         20                           H-5219 
V0CE    V CELESTE                 2,121           2,122         41         20                           H-5220 
V0CE    V CELESTE                 2,001           2,002         41         20                           H-5221 
V0CE    V CELESTE                 2,319           2,320         41         20                           H-5222 
V0CE    V CELESTE                 2,221           2,222         41         20                           H-5223 
V0CE    V CELESTE                 1,955           1,956         09         20                           H-5224 
V0CE    V CELESTE                 2,471           2,472         09         20                           H-5225 


------------------------------------------------------------------------------------------------------------------------
T.SUB-LOTES              TOT.PAQUETES =121      TOT.UNID. = 2420   T/P NETO (kg) = 299,709      T/P BRUTO (kg) = 299,830
------------------------------------------------------------------------------------------------------------------------
