
EMPRESA NACIONAL DE MINERIA (ENM) PRODUCTOR          PACKING LIST                             PAG.  :   1
NATIONAL MINING COMPANY                       CODIGO DE LOTE   : B-10018                      FECHA :21/02/2023
                                              -----------------------------
FLUJO        : 
DESCRIPCION  : CATODOS GRADO A
N° INSTR. DE EMBARQUE : 27829
CLIENTE      : SAN ANTONIO EXPRESS
Lote Sipa    : 

----------------------------------------------------------------------------------------------------------------------------- 
MARCA       DESCRIPCION         PESO NETO      PESO BRUTO     GRUPO     UNIDADES       UBICACION         SERIE                
-----------------------------------------------------------------------------------------------------------------------------

X0CE    EQUIS CELESTE             2,321           2,322         36         20                           B-10018
X0CE    EQUIS CELESTE             2,431           2,432         06         20                           B-10019
X0CE    EQUIS CELESTE             2,271           2,272         36         20                           B-10020
X0CE    EQUIS CELESTE             2,381           2,382         36         20                           B-10021
X0CE    EQUIS CELESTE             2,404           2,405         36         20                           B-10022
X0CE    EQUIS CELESTE             2,433           2,434         29         20                           B-10023
X0CE    EQUIS CELESTE             2,290           2,291         29         20                           B-10024
X0CE    EQUIS CELESTE             2,281           2,282         36         20                           B-10025
X0CE    EQUIS CELESTE             2,257           2,258         36         20                           B-10026
X0CE    EQUIS CELESTE             2,451           2,452         36         20                           B-10027
X0CE    EQUIS CELESTE             2,341           2,342         36         20                           B-10028
X0CE    EQUIS CELESTE             2,297           2,298         36         20                           B-10029
X0CE    EQUIS CELESTE             2,493           2,494         06         20                           B-10030
X0CE    EQUIS CELESTE             2,473           2,474         36         20                           B-10031
X0CE    EQUIS CELESTE             2,403           2,404         36         20                           B-10032
X0CE    EQUIS CELESTE             2,291           2,292         36         20                           B-10033
X0CE    EQUIS CELESTE             2,407           2,408         36         20                           B-10034
X0CE    EQUIS CELESTE             2,371           2,372         29         20                           B-10035
X0CE    EQUIS CELESTE             2,545           2,546         06         20                           B-10036
X0CE    EQUIS CELESTE             2,417           2,418         36         20                           B-10037
X0CE    EQUIS CELESTE             2,307           2,308         36         20                           B-10038
X0CE    EQUIS CELESTE             2,391           2,392         36         20                           B-10039
X0CE    EQUIS CELESTE             2,219           2,220         36         20                           B-10040
X0CE    EQUIS CELESTE             2,519           2,520         36         20                           B-10041
X0CE    EQUIS CELESTE             2,265           2,266         36         20                           B-10042
X0CE    EQUIS CELESTE             2,439           2,440         36         20                           B-10043
X0CE    EQUIS CELESTE             2,462           2,463         36         20                           B-10044
X0CE    EQUIS CELESTE             2,357           2,358         06         20                           B-10045
X0CE    EQUIS CELESTE             2,405           2,406         06         20                           B-10046
X0CE    EQUIS CELESTE             2,323           2,324         06         20                           B-10047
X0CE    EQUIS CELESTE             2,389           2,390         29         20                           B-10048
X0CE    EQUIS CELESTE             2,415           2,416         36         20                           B-10049
X0CE    EQUIS CELESTE             2,185           2,186         06         20                           B-10050
X0CE    EQUIS CELESTE             2,373           2,374         06         20                           B-10051
X0CE    EQUIS CELESTE             2,403           2,404         36         20                           B-10052
X0CE    EQUIS CELESTE             2,535           2,536         36         20                           B-10053
X0CE    EQUIS CELESTE             2,311           2,312         06         20                           B-10054
X0CE    EQUIS CELESTE             2,234           2,235         06         20                           B-10055
X0CE    EQUIS CELESTE             2,241           2,242         06         20                           B-10056
X0CE    EQUIS CELESTE             2,241           2,242         06         20                           B-10057
X0CE    EQUIS CELESTE             2,391           2,392         36         20                           B-10058
X0CE    EQUIS CELESTE             2,277           2,278         36         20                           B-10059
X0CE    EQUIS CELESTE             2,089           2,090         36         20                           B-10060
X0CE    EQUIS CELESTE             2,369           2,370         36         20                           B-10061
X0CE    EQUIS CELESTE             2,376           2,377         36         20                           B-10062









EMPRESA NACIONAL DE MINERIA (ENM) PRODUCTOR          PACKING LIST                             PAG.  :   2
NATIONAL MINING COMPANY                       CODIGO DE LOTE   : B-10018                      FECHA :21/02/2023
                                              -----------------------------
FLUJO        : 
DESCRIPCION  : CATODOS GRADO A
N° INSTR. DE EMBARQUE : 27829
CLIENTE      : SAN ANTONIO EXPRESS
Lote Sipa    : 

----------------------------------------------------------------------------------------------------------------------------- 
MARCA       DESCRIPCION         PESO NETO      PESO BRUTO     GRUPO     UNIDADES       UBICACION         SERIE                
-----------------------------------------------------------------------------------------------------------------------------

X0CE    EQUIS CELESTE             2,489           2,490         36         20                           B-10063
X0CE    EQUIS CELESTE             2,359           2,360         36         20                           B-10064
X0CE    EQUIS CELESTE             2,279           2,280         29         20                           B-10065
X0CE    EQUIS CELESTE             2,393           2,394         06         20                           B-10066
X0CE    EQUIS CELESTE             2,399           2,400         36         20                           B-10067
X0CE    EQUIS CELESTE             2,409           2,410         06         20                           B-10068
X0CE    EQUIS CELESTE             2,484           2,485         36         20                           B-10069
X0CE    EQUIS CELESTE             2,515           2,516         36         20                           B-10070
X0CE    EQUIS CELESTE             2,149           2,150         36         20                           B-10071
X0CE    EQUIS CELESTE             2,314           2,315         36         20                           B-10072
X0CE    EQUIS CELESTE             2,439           2,440         29         20                           B-10073
X0CE    EQUIS CELESTE             2,309           2,310         29         20                           B-10074
X0CE    EQUIS CELESTE             2,491           2,492         29         20                           B-10075
X0CE    EQUIS CELESTE             2,390           2,391         29         20                           B-10076
X0CE    EQUIS CELESTE             2,183           2,184         29         20                           B-10077
X0CE    EQUIS CELESTE             2,476           2,477         36         20                           B-10078
X0CE    EQUIS CELESTE             2,416           2,417         06         20                           B-10079
X0CE    EQUIS CELESTE             2,248           2,249         29         20                           B-10080
X0CE    EQUIS CELESTE             2,427           2,428         18         20                           B-10081
X0CE    EQUIS CELESTE             2,263           2,264         36         20                           B-10082
X0CE    EQUIS CELESTE             2,525           2,526         18         20                           B-10083
X0CE    EQUIS CELESTE             2,303           2,304         06         20                           B-10084
X0CE    EQUIS CELESTE             2,519           2,520         36         20                           B-10085
X0CE    EQUIS CELESTE             2,413           2,414         06         20                           B-10086
X0CE    EQUIS CELESTE             2,297           2,298         06         20                           B-10087
X0CE    EQUIS CELESTE             2,451           2,452         36         20                           B-10088
X0CE    EQUIS CELESTE             2,417           2,418         18         20                           B-10089
X0CE    EQUIS CELESTE             2,345           2,346         36         20                           B-10090
X0CE    EQUIS CELESTE             2,317           2,318         36         20                           B-10091
X0CE    EQUIS CELESTE             2,507           2,508         36         20                           B-10092
X0CE    EQUIS CELESTE             2,218           2,219         29         20                           B-10093
X0CE    EQUIS CELESTE             2,377           2,378         06         20                           B-10094
X0CE    EQUIS CELESTE             2,601           2,602         06         20                           B-10095
X0CE    EQUIS CELESTE             2,357           2,358         18         20                           B-10096
X0CE    EQUIS CELESTE             2,345           2,346         18         20                           B-10097
X0CE    EQUIS CELESTE             2,315           2,316         06         20                           B-10098
X0CE    EQUIS CELESTE             2,092           2,093         18         20                           B-10099
X0CE    EQUIS CELESTE             2,343           2,344         18         20                           B-10100
X0CE    EQUIS CELESTE             1,999           2,000         36         20                           B-10101
X0CE    EQUIS CELESTE             2,304           2,305         06         20                           B-10102
X0CE    EQUIS CELESTE             2,181           2,182         36         20                           B-10103
X0CE    EQUIS CELESTE             2,399           2,400         18         20                           B-10104
X0CE    EQUIS CELESTE             2,458           2,459         06         20                           B-10105
X0CE    EQUIS CELESTE             2,473           2,474         06         20                           B-10106
X0CE    EQUIS CELESTE             2,510           2,511         06         20                           B-10107









EMPRESA NACIONAL DE MINERIA (ENM) PRODUCTOR          PACKING LIST                             PAG.  :   3
NATIONAL MINING COMPANY                       CODIGO DE LOTE   : B-10018                      FECHA :21/02/2023
                                              -----------------------------
FLUJO        : 
DESCRIPCION  : CATODOS GRADO A
N° INSTR. DE EMBARQUE : 27829
CLIENTE      : SAN ANTONIO EXPRESS
Lote Sipa    : 

----------------------------------------------------------------------------------------------------------------------------- 
MARCA       DESCRIPCION         PESO NETO      PESO BRUTO     GRUPO     UNIDADES       UBICACION         SERIE                
-----------------------------------------------------------------------------------------------------------------------------

X0CE    EQUIS CELESTE             2,510           2,511         06         20                           B-10108
X0CE    EQUIS CELESTE             2,469           2,470         06         20                           B-10109
X0CE    EQUIS CELESTE             2,281           2,282         29         20                           B-10110
X0CE    EQUIS CELESTE             2,382           2,383         29         20                           B-10111
X0CE    EQUIS CELESTE             2,256           2,257         29         20                           B-10112
X0CE    EQUIS CELESTE             2,503           2,504         18         20                           B-10113
X0CE    EQUIS CELESTE             2,311           2,312         18         20                           B-10114
X0CE    EQUIS CELESTE             2,536           2,537         18         20                           B-10115
X0CE    EQUIS CELESTE             2,467           2,468         18         20                           B-10116
X0CE    EQUIS CELESTE             2,041           2,042         18         20                           B-10117
X0CE    EQUIS CELESTE             2,168           2,169         18         20                           B-10118
X0CE    EQUIS CELESTE             2,166           2,167         18         20                           B-10119
X0CE    EQUIS CELESTE             2,211           2,212         18         20                           B-10120
X0CE    EQUIS CELESTE             2,391           2,392         18         20                           B-10121
X0CE    EQUIS CELESTE             2,443           2,444         29         20                           B-10122
X0CE    EQUIS CELESTE             2,285           2,286         06         20                           B-10123


------------------------------------------------------------------------------------------------------------------------
T.SUB-LOTES              TOT.PAQUETES =106      TOT.UNID. = 2120   T/P NETO (kg) = 249,992      T/P BRUTO (kg) = 250,098
------------------------------------------------------------------------------------------------------------------------
