
EMPRESA NACIONAL DE MINERIA (ENM) PRODUCTOR          PACKING LIST                             PAG.  :   1
NATIONAL MINING COMPANY                       CODIGO DE LOTE   : E-1868                      FECHA :14/07/2022
                                              -----------------------------
FLUJO        : 
DESCRIPCION  : CATODOS EW EL SALADO
N° INSTR. DE EMBARQUE : 27473
CLIENTE      : COCESA                                  
Lote Sipa    : 22050651

----------------------------------------------------------------------------------------------------------------------------- 
MARCA       DESCRIPCION         PESO NETO      PESO BRUTO     GRUPO     UNIDADES       UBICACION         SERIE                
-----------------------------------------------------------------------------------------------------------------------------

01RJ    FRANJA ROJA               1,957           1,958                    78                           E-1868 
01RJ    FRANJA ROJA               2,007           2,008                    90                           E-1869 
01RJ    FRANJA ROJA               2,037           2,038                    76                           E-1870 
01RJ    FRANJA ROJA               2,043           2,044                    73                           E-1871 
01RJ    FRANJA ROJA               1,957           1,958                    79                           E-1872 
01RJ    FRANJA ROJA               2,017           2,018                    58                           E-1873 
01RJ    FRANJA ROJA               2,030           2,031                    60                           E-1874 
01RJ    FRANJA ROJA               1,979           1,980                    57                           E-1875 
01RJ    FRANJA ROJA               1,995           1,996                    75                           E-1876 
01RJ    FRANJA ROJA               2,040           2,041                    95                           E-1877 
01RJ    FRANJA ROJA               1,992           1,993                    70                           E-1878 
01RJ    FRANJA ROJA               2,009           2,010                    78                           E-1879 
01RJ    FRANJA ROJA               1,961           1,962                    79                           E-1880 
01RJ    FRANJA ROJA               1,964           1,965                    80                           E-1881 


------------------------------------------------------------------------------------------------------------------------
T.SUB-LOTES              TOT.PAQUETES =14      TOT.UNID. = 1048   T/P NETO (kg) = 27,988      T/P BRUTO (kg) = 28,002
------------------------------------------------------------------------------------------------------------------------
