
EMPRESA NACIONAL DE MINERIA (ENM) PRODUCTOR          PACKING LIST                             PAG.  :   1
NATIONAL MINING COMPANY                       CODIGO DE LOTE   : F-2819                      FECHA :15/06/2023
                                              -----------------------------
FLUJO        : 
DESCRIPCION  : CATODOS EW CERRO NEGRO
N° INSTR. DE EMBARQUE : 931056
CLIENTE      : 
Lote Sipa    : 23060265

----------------------------------------------------------------------------------------------------------------------------- 
MARCA       DESCRIPCION         PESO NETO      PESO BRUTO     GRUPO     UNIDADES       UBICACION         SERIE                
-----------------------------------------------------------------------------------------------------------------------------

04VE    CUATRO FRANJAS VERDES     1,929           1,930                    37                           F-2819 
04VE    CUATRO FRANJAS VERDES     1,967           1,968                    41                           F-2820 
04VE    CUATRO FRANJAS VERDES     2,095           2,096                    40                           F-2821 
04VE    CUATRO FRANJAS VERDES     2,010           2,011                    36                           F-2822 
04VE    CUATRO FRANJAS VERDES     2,004           2,005                    41                           F-2823 
04VE    CUATRO FRANJAS VERDES     2,061           2,062                    38                           F-2824 
04VE    CUATRO FRANJAS VERDES     2,028           2,029                    37                           F-2825 
04VE    CUATRO FRANJAS VERDES     2,012           2,013                    39                           F-2826 
04VE    CUATRO FRANJAS VERDES     2,075           2,076                    38                           F-2827 
04VE    CUATRO FRANJAS VERDES     2,002           2,003                    37                           F-2828 
04VE    CUATRO FRANJAS VERDES     1,962           1,963                    39                           F-2829 
04VE    CUATRO FRANJAS VERDES     1,999           2,000                    36                           F-2830 
04VE    CUATRO FRANJAS VERDES     2,080           2,081                    36                           F-2831 
04VE    CUATRO FRANJAS VERDES     1,986           1,987                    36                           F-2832 
04VE    CUATRO FRANJAS VERDES     2,028           2,029                    38                           F-2833 


------------------------------------------------------------------------------------------------------------------------
T.SUB-LOTES              TOT.PAQUETES =15      TOT.UNID. = 569   T/P NETO (kg) = 30,238      T/P BRUTO (kg) = 30,253
------------------------------------------------------------------------------------------------------------------------
