
EMPRESA NACIONAL DE MINERIA (ENM) PRODUCTOR          PACKING LIST                             PAG.  :   1
NATIONAL MINING COMPANY                       CODIGO DE LOTE   : I-6295                      FECHA :11/09/2020
                                              -----------------------------
FLUJO        : 
DESCRIPCION  : CATODOS GRADO A
N° INSTR. DE EMBARQUE : 26185
CLIENTE      : ANTOFAGASTA EXPRESS
Lote Sipa    : 

----------------------------------------------------------------------------------------------------------------------------- 
MARCA       DESCRIPCION         PESO NETO      PESO BRUTO     GRUPO     UNIDADES       UBICACION         SERIE                
-----------------------------------------------------------------------------------------------------------------------------

V2NE    V DOS FRANJAS NEGRAS      2,602           2,603         27         20                           I-6295 
V2NE    V DOS FRANJAS NEGRAS      2,607           2,608         27         20                           I-6296 
V2NE    V DOS FRANJAS NEGRAS      2,456           2,457         03         20                           I-6297 
V2NE    V DOS FRANJAS NEGRAS      2,477           2,478         27         20                           I-6298 
V2NE    V DOS FRANJAS NEGRAS      2,410           2,411         27         20                           I-6299 
V2NE    V DOS FRANJAS NEGRAS      2,524           2,525         03         20                           I-6300 
V2NE    V DOS FRANJAS NEGRAS      2,457           2,458         27         20                           I-6301 
V2NE    V DOS FRANJAS NEGRAS      2,495           2,496         27         20                           I-6302 
V2NE    V DOS FRANJAS NEGRAS      2,562           2,563         11         20                           I-6303 
V2NE    V DOS FRANJAS NEGRAS      2,527           2,528         03         20                           I-6304 
V2NE    V DOS FRANJAS NEGRAS      2,549           2,550         27         20                           I-6305 
V2NE    V DOS FRANJAS NEGRAS      2,549           2,550         27         20                           I-6306 
V2NE    V DOS FRANJAS NEGRAS      2,486           2,487         03         20                           I-6307 
V2NE    V DOS FRANJAS NEGRAS      2,552           2,553         27         20                           I-6308 
V2NE    V DOS FRANJAS NEGRAS      2,392           2,393         27         20                           I-6309 
V2NE    V DOS FRANJAS NEGRAS      2,481           2,482         03         20                           I-6310 
V2NE    V DOS FRANJAS NEGRAS      2,509           2,510         11         20                           I-6311 
V2NE    V DOS FRANJAS NEGRAS      2,529           2,530         11         20                           I-6312 
V2NE    V DOS FRANJAS NEGRAS      2,450           2,451         03         20                           I-6313 
V2NE    V DOS FRANJAS NEGRAS      2,540           2,541         27         20                           I-6314 
V2NE    V DOS FRANJAS NEGRAS      2,477           2,478         11         20                           I-6315 
V2NE    V DOS FRANJAS NEGRAS      2,469           2,470         11         20                           I-6316 
V2NE    V DOS FRANJAS NEGRAS      2,486           2,487         27         20                           I-6317 
V2NE    V DOS FRANJAS NEGRAS      2,516           2,517         11         20                           I-6318 
V2NE    V DOS FRANJAS NEGRAS      2,433           2,434         11         20                           I-6319 
V2NE    V DOS FRANJAS NEGRAS      2,430           2,431         14         20                           I-6320 
V2NE    V DOS FRANJAS NEGRAS      2,511           2,512         14         20                           I-6321 
V2NE    V DOS FRANJAS NEGRAS      2,528           2,529         11         20                           I-6322 
V2NE    V DOS FRANJAS NEGRAS      2,546           2,547         11         20                           I-6323 
V2NE    V DOS FRANJAS NEGRAS      2,448           2,449         11         20                           I-6324 


------------------------------------------------------------------------------------------------------------------------
T.SUB-LOTES              TOT.PAQUETES =30      TOT.UNID. = 600   T/P NETO (kg) = 74,998      T/P BRUTO (kg) = 75,028
------------------------------------------------------------------------------------------------------------------------
