
EMPRESA NACIONAL DE MINERIA (ENM) PRODUCTOR          PACKING LIST                             PAG.  :   1
NATIONAL MINING COMPANY                       CODIGO DE LOTE   : H-9731                      FECHA :26/08/2019
                                              -----------------------------
FLUJO        : 
DESCRIPCION  : CATODOS GRADO A
N° INSTR. DE EMBARQUE : 25438
CLIENTE      : SAN ANTONIO EXPRESS
Lote Sipa    : 

----------------------------------------------------------------------------------------------------------------------------- 
MARCA       DESCRIPCION         PESO NETO      PESO BRUTO     GRUPO     UNIDADES       UBICACION         SERIE                
-----------------------------------------------------------------------------------------------------------------------------

V0RJ    V ROJA                    2,025           2,026         29         20                           H-9731 
V0RJ    V ROJA                    2,153           2,154         29         20                           H-9732 
V0RJ    V ROJA                    2,173           2,174         22         20                           H-9733 
V0RJ    V ROJA                    2,089           2,090         29         20                           H-9734 
V0RJ    V ROJA                    2,559           2,560         22         20                           H-9735 
V0RJ    V ROJA                    2,246           2,247         29         20                           H-9736 
V0RJ    V ROJA                    2,229           2,230         29         20                           H-9737 
V0RJ    V ROJA                    2,348           2,349         29         20                           H-9738 
V0RJ    V ROJA                    2,348           2,349         29         20                           H-9739 
V0RJ    V ROJA                    2,210           2,211         29         20                           H-9740 
V0RJ    V ROJA                    2,321           2,322         22         20                           H-9741 
V0RJ    V ROJA                    2,363           2,364         29         20                           H-9742 
V0RJ    V ROJA                    2,237           2,238         22         20                           H-9743 
V0RJ    V ROJA                    2,289           2,290         29         20                           H-9744 
V0RJ    V ROJA                    2,153           2,154         22         20                           H-9745 
V0RJ    V ROJA                    2,113           2,114         22         20                           H-9746 
V0RJ    V ROJA                    2,046           2,047         22         20                           H-9747 
V0RJ    V ROJA                    2,360           2,361         29         20                           H-9748 
V0RJ    V ROJA                    2,205           2,206         22         20                           H-9749 
V0RJ    V ROJA                    2,162           2,163         22         20                           H-9750 
V0RJ    V ROJA                    2,243           2,244         29         20                           H-9751 
V0RJ    V ROJA                    2,288           2,289         22         20                           H-9752 
V0RJ    V ROJA                    2,242           2,243         29         20                           H-9753 
V0RJ    V ROJA                    2,333           2,334         22         20                           H-9754 
V0RJ    V ROJA                    2,322           2,323         22         20                           H-9755 
V0RJ    V ROJA                    2,342           2,343         22         20                           H-9756 
V0RJ    V ROJA                    2,542           2,543         22         20                           H-9757 
V0RJ    V ROJA                    2,404           2,405         22         20                           H-9758 
V0RJ    V ROJA                    2,456           2,457         22         20                           H-9759 
V0RJ    V ROJA                    2,450           2,451         22         20                           H-9760 
V0RJ    V ROJA                    2,508           2,509         22         20                           H-9761 
V0RJ    V ROJA                    2,482           2,483         22         20                           H-9762 
V0RJ    V ROJA                    2,442           2,443         22         20                           H-9763 
V0RJ    V ROJA                    2,445           2,446         22         20                           H-9764 
V0RJ    V ROJA                    2,437           2,438         22         20                           H-9765 
V0RJ    V ROJA                    2,454           2,455         22         20                           H-9766 
V0RJ    V ROJA                    2,449           2,450         22         20                           H-9767 
V0RJ    V ROJA                    2,400           2,401         22         20                           H-9768 
V0RJ    V ROJA                    2,270           2,271         22         20                           H-9769 
V0RJ    V ROJA                    2,495           2,496         22         20                           H-9770 
V0RJ    V ROJA                    2,492           2,493         22         20                           H-9771 
V0RJ    V ROJA                    2,350           2,351         29         20                           H-9772 
V0RJ    V ROJA                    2,520           2,521         22         20                           H-9773 


------------------------------------------------------------------------------------------------------------------------
T.SUB-LOTES              TOT.PAQUETES =43      TOT.UNID. = 860   T/P NETO (kg) = 99,995      T/P BRUTO (kg) = 100,038
------------------------------------------------------------------------------------------------------------------------
