
EMPRESA NACIONAL DE MINERIA (ENM) PRODUCTOR          PACKING LIST                             PAG.  :   1
NATIONAL MINING COMPANY                       CODIGO DE LOTE   : M-17836                      FECHA :29/01/2019
                                              -----------------------------
FLUJO        : 
DESCRIPCION  : CATODOS GRADO A
N° INSTR. DE EMBARQUE : 25047
CLIENTE      : SOLAR N
Lote Sipa    : 18120371

----------------------------------------------------------------------------------------------------------------------------- 
MARCA       DESCRIPCION         PESO NETO      PESO BRUTO     GRUPO     UNIDADES       UBICACION         SERIE                
-----------------------------------------------------------------------------------------------------------------------------

V0NA    V NARANJA                 2,423           2,424         42         20                           A-4014 
V0NA    V NARANJA                 2,217           2,218         42         20                           M-17836
V0NA    V NARANJA                 2,236           2,237         42         20                           M-17837
V0NA    V NARANJA                 2,099           2,100         42         20                           M-17838
V0NA    V NARANJA                 2,434           2,435         42         20                           M-17839
V0NA    V NARANJA                 2,243           2,244         42         20                           M-17840
V0NA    V NARANJA                 2,237           2,238         42         20                           M-17841
V0NA    V NARANJA                 2,187           2,188         42         20                           M-17842
V0NA    V NARANJA                 2,277           2,278         42         20                           M-17843
V0NA    V NARANJA                 2,374           2,375         42         20                           M-17844
V0NA    V NARANJA                 2,316           2,317         42         20                           M-17845
V0NA    V NARANJA                 2,464           2,465         42         20                           M-17846
V0NA    V NARANJA                 2,301           2,302         42         20                           M-17847
V0NA    V NARANJA                 2,362           2,363         42         20                           M-17848
V0NA    V NARANJA                 2,538           2,539         42         20                           M-17849
V0NA    V NARANJA                 2,364           2,365         42         20                           M-17850
V0NA    V NARANJA                 2,448           2,449         42         20                           M-17851
V0NA    V NARANJA                 2,454           2,455         42         20                           M-17852
V0NA    V NARANJA                 2,359           2,360         42         20                           M-17853
V0NA    V NARANJA                 2,394           2,395         42         20                           M-17854
V0NA    V NARANJA                 2,327           2,328         42         20                           M-17855
V0NA    V NARANJA                 2,343           2,344         42         20                           M-17856
V0NA    V NARANJA                 2,308           2,309         42         20                           M-17857
V0NA    V NARANJA                 2,432           2,433         42         20                           M-17858
V0NA    V NARANJA                 2,391           2,392         42         20                           M-17859
V0NA    V NARANJA                 2,325           2,326         42         20                           M-17860
V0NA    V NARANJA                 2,482           2,483         42         20                           M-17861
V0NA    V NARANJA                 2,480           2,481         42         20                           M-17862
V0NA    V NARANJA                 2,558           2,559         42         20                           M-17863
V0NA    V NARANJA                 2,338           2,339         23         20                           M-17864
V0NA    V NARANJA                 2,143           2,144         23         20                           M-17865
V0NA    V NARANJA                 2,496           2,497         23         20                           M-17866
V0NA    V NARANJA                 2,089           2,090         23         20                           M-17867
V0NA    V NARANJA                 2,120           2,121         23         20                           M-17868
V0NA    V NARANJA                 2,123           2,124         23         20                           M-17869
V0NA    V NARANJA                 1,968           1,969         23         20                           M-17870
V0NA    V NARANJA                 2,232           2,233         23         20                           M-17871
V0NA    V NARANJA                 2,227           2,228         23         20                           M-17872
V0NA    V NARANJA                 2,218           2,219         23         20                           M-17873
V0NA    V NARANJA                 2,298           2,299         23         20                           M-17874
V0NA    V NARANJA                 1,953           1,954         23         20                           M-17875
V0NA    V NARANJA                 2,054           2,055         23         20                           M-17876
V0NA    V NARANJA                 2,138           2,139         23         20                           M-17877
V0NA    V NARANJA                 2,143           2,144         23         20                           M-17878
V0NA    V NARANJA                 2,230           2,231         23         20                           M-17879









EMPRESA NACIONAL DE MINERIA (ENM) PRODUCTOR          PACKING LIST                             PAG.  :   2
NATIONAL MINING COMPANY                       CODIGO DE LOTE   : M-17836                      FECHA :29/01/2019
                                              -----------------------------
FLUJO        : 
DESCRIPCION  : CATODOS GRADO A
N° INSTR. DE EMBARQUE : 25047
CLIENTE      : SOLAR N
Lote Sipa    : 18120371

----------------------------------------------------------------------------------------------------------------------------- 
MARCA       DESCRIPCION         PESO NETO      PESO BRUTO     GRUPO     UNIDADES       UBICACION         SERIE                
-----------------------------------------------------------------------------------------------------------------------------

V0NA    V NARANJA                 2,286           2,287         23         20                           M-17880
V0NA    V NARANJA                 2,238           2,239         23         20                           M-17881
V0NA    V NARANJA                 2,050           2,051         23         20                           M-17882
V0NA    V NARANJA                 2,244           2,245         23         20                           M-17883
V0NA    V NARANJA                 2,474           2,475         23         20                           M-17884
V0NA    V NARANJA                 2,424           2,425         23         20                           M-17885
V0NA    V NARANJA                 2,513           2,514         23         20                           M-17886
V0NA    V NARANJA                 2,530           2,531         23         20                           M-17887
V0NA    V NARANJA                 2,266           2,267         32         20                           M-17888
V0NA    V NARANJA                 2,317           2,318         23         20                           M-17889
V0NA    V NARANJA                 2,517           2,518         23         20                           M-17890
V0NA    V NARANJA                 2,344           2,345         23         20                           M-17891
V0NA    V NARANJA                 2,461           2,462         23         20                           M-17892
V0NA    V NARANJA                 2,467           2,468         23         20                           M-17893
V0NA    V NARANJA                 2,399           2,400         23         20                           M-17894
V0NA    V NARANJA                 2,461           2,462         23         20                           M-17895
V0NA    V NARANJA                 2,471           2,472         23         20                           M-17896
V0NA    V NARANJA                 2,235           2,236         23         20                           M-17897
V0NA    V NARANJA                 2,387           2,388         23         20                           M-17898
V0NA    V NARANJA                 2,313           2,314         23         20                           M-17899
V0NA    V NARANJA                 2,505           2,506         23         20                           M-17900
V0NA    V NARANJA                 2,397           2,398         23         20                           M-17901
V0NA    V NARANJA                 2,539           2,540         23         20                           M-17902
V0NA    V NARANJA                 2,303           2,304         23         20                           M-17903
V0NA    V NARANJA                 2,466           2,467         23         20                           M-17904
V0NA    V NARANJA                 2,326           2,327         23         20                           M-17905
V0NA    V NARANJA                 2,369           2,370         23         20                           M-17906
V0NA    V NARANJA                 2,283           2,284         23         20                           M-17907
V0NA    V NARANJA                 2,418           2,419         42         20                           M-17908
V0NA    V NARANJA                 2,281           2,282         23         20                           M-17909
V0NA    V NARANJA                 2,449           2,450         23         20                           M-17910
V0NA    V NARANJA                 2,339           2,340         23         20                           M-17911
V0NA    V NARANJA                 2,320           2,321         23         20                           M-17912
V0NA    V NARANJA                 2,304           2,305         23         20                           M-17913
V0NA    V NARANJA                 2,190           2,191         42         20                           M-17914
V0NA    V NARANJA                 2,354           2,355         42         20                           M-17915
V0NA    V NARANJA                 2,265           2,266         23         20                           M-17916
V0NA    V NARANJA                 2,346           2,347         42         20                           M-17917
V0NA    V NARANJA                 2,313           2,314         23         20                           M-17918
V0NA    V NARANJA                 2,325           2,326         23         20                           M-17919
V0NA    V NARANJA                 2,339           2,340         23         20                           M-17920


------------------------------------------------------------------------------------------------------------------------
T.SUB-LOTES              TOT.PAQUETES =86      TOT.UNID. = 1720   T/P NETO (kg) = 199,971      T/P BRUTO (kg) = 200,057
------------------------------------------------------------------------------------------------------------------------
