
EMPRESA NACIONAL DE MINERIA (ENM) PRODUCTOR          PACKING LIST                             PAG.  :   1
NATIONAL MINING COMPANY                       CODIGO DE LOTE   : C-16733                      FECHA :09/04/2018
                                              -----------------------------
FLUJO        : 
DESCRIPCION  : CATODOS GRADO A
N° INSTR. DE EMBARQUE : 24487
CLIENTE      : SANTA BARBARA
Lote Sipa    : 

----------------------------------------------------------------------------------------------------------------------------- 
MARCA       DESCRIPCION         PESO NETO      PESO BRUTO     GRUPO     UNIDADES       UBICACION         SERIE                
-----------------------------------------------------------------------------------------------------------------------------

V0AM    V AMARILLA                2,163           2,164         24         20                           C-16733
V0AM    V AMARILLA                2,460           2,461         24         20                           C-16734
V0AM    V AMARILLA                2,245           2,246         24         20                           C-16735
V0AM    V AMARILLA                2,372           2,373         24         20                           C-16736
V0AM    V AMARILLA                2,399           2,400         24         20                           C-16737
V0AM    V AMARILLA                2,200           2,201         24         20                           C-16738
V0AM    V AMARILLA                1,998           1,999         14         20                           C-16739
V0AM    V AMARILLA                2,205           2,206         24         20                           C-16740
V0AM    V AMARILLA                2,025           2,026         24         20                           C-16741
V0AM    V AMARILLA                2,117           2,118         24         20                           C-16742
V0AM    V AMARILLA                2,197           2,198         24         20                           C-16743
V0AM    V AMARILLA                2,194           2,195         24         20                           C-16744
V0AM    V AMARILLA                2,256           2,257         24         20                           C-16745
V0AM    V AMARILLA                2,044           2,045         24         20                           C-16746
V0AM    V AMARILLA                2,152           2,153         24         20                           C-16747
V0AM    V AMARILLA                2,140           2,141         24         20                           C-16748
V0AM    V AMARILLA                2,082           2,083         24         20                           C-16749
V0AM    V AMARILLA                1,914           1,915         24         20                           C-16750
V0AM    V AMARILLA                2,076           2,077         24         20                           C-16751
V0AM    V AMARILLA                2,446           2,447         24         20                           C-16752
V0AM    V AMARILLA                2,341           2,342         24         20                           C-16753
V0AM    V AMARILLA                2,037           2,038         24         20                           C-16754
V0AM    V AMARILLA                2,258           2,259         24         20                           C-16755
V0AM    V AMARILLA                2,398           2,399         24         20                           C-16756
V0AM    V AMARILLA                2,486           2,487         24         20                           C-16757
V0AM    V AMARILLA                2,416           2,417         24         20                           C-16758
V0AM    V AMARILLA                2,206           2,207         24         20                           C-16759
V0AM    V AMARILLA                2,447           2,448         24         20                           C-16760
V0AM    V AMARILLA                2,444           2,445         24         20                           C-16761
V0AM    V AMARILLA                2,191           2,192         24         20                           C-16762
V0AM    V AMARILLA                2,206           2,207         24         20                           C-16763
V0AM    V AMARILLA                2,447           2,448         30         20                           C-16764
V0AM    V AMARILLA                2,271           2,272         30         20                           C-16765
V0AM    V AMARILLA                2,435           2,436         24         20                           C-16766
V0AM    V AMARILLA                1,998           1,999         30         20                           C-16767
V0AM    V AMARILLA                2,077           2,078         30         20                           C-16768
V0AM    V AMARILLA                2,132           2,133         30         20                           C-16769
V0AM    V AMARILLA                2,201           2,202         30         20                           C-16770
V0AM    V AMARILLA                2,088           2,089         30         20                           C-16771
V0AM    V AMARILLA                2,233           2,234         30         20                           C-16772
V0AM    V AMARILLA                2,372           2,373         30         20                           C-16773
V0AM    V AMARILLA                2,292           2,293         27         20                           C-16774
V0AM    V AMARILLA                2,231           2,232         27         20                           C-16775
V0AM    V AMARILLA                2,395           2,396         27         20                           C-16776
V0AM    V AMARILLA                2,220           2,221         27         20                           C-16777









EMPRESA NACIONAL DE MINERIA (ENM) PRODUCTOR          PACKING LIST                             PAG.  :   2
NATIONAL MINING COMPANY                       CODIGO DE LOTE   : C-16733                      FECHA :09/04/2018
                                              -----------------------------
FLUJO        : 
DESCRIPCION  : CATODOS GRADO A
N° INSTR. DE EMBARQUE : 24487
CLIENTE      : SANTA BARBARA
Lote Sipa    : 

----------------------------------------------------------------------------------------------------------------------------- 
MARCA       DESCRIPCION         PESO NETO      PESO BRUTO     GRUPO     UNIDADES       UBICACION         SERIE                
-----------------------------------------------------------------------------------------------------------------------------

V0AM    V AMARILLA                2,492           2,493         27         20                           C-16778
V0AM    V AMARILLA                2,361           2,362         21         20                           C-16779
V0AM    V AMARILLA                2,371           2,372         27         20                           C-16780
V0AM    V AMARILLA                2,211           2,212         27         20                           C-16781
V0AM    V AMARILLA                2,179           2,180         27         20                           C-16782
V0AM    V AMARILLA                2,206           2,207         27         20                           C-16783
V0AM    V AMARILLA                2,207           2,208         27         20                           C-16784
V0AM    V AMARILLA                2,331           2,332         27         20                           C-16785
V0AM    V AMARILLA                2,257           2,258         27         20                           C-16786
V0AM    V AMARILLA                2,279           2,280         27         20                           C-16787
V0AM    V AMARILLA                2,454           2,455         10         20                           C-16788
V0AM    V AMARILLA                2,295           2,296         27         20                           C-16789
V0AM    V AMARILLA                2,317           2,318         27         20                           C-16790
V0AM    V AMARILLA                2,392           2,393         27         20                           C-16791
V0AM    V AMARILLA                2,267           2,268         27         20                           C-16792
V0AM    V AMARILLA                2,367           2,368         10         20                           C-16793
V0AM    V AMARILLA                2,411           2,412         27         20                           C-16794
V0AM    V AMARILLA                2,364           2,365         27         20                           C-16795
V0AM    V AMARILLA                2,478           2,479         27         20                           C-16796
V0AM    V AMARILLA                2,338           2,339         27         20                           C-16797
V0AM    V AMARILLA                2,418           2,419         27         20                           C-16798
V0AM    V AMARILLA                2,299           2,300         27         20                           C-16799
V0AM    V AMARILLA                2,547           2,548         10         20                           C-16800
V0AM    V AMARILLA                2,381           2,382         10         20                           C-16801
V0AM    V AMARILLA                2,478           2,479         10         20                           C-16802
V0AM    V AMARILLA                2,300           2,301         27         20                           C-16803
V0AM    V AMARILLA                2,504           2,505         10         20                           C-16804
V0AM    V AMARILLA                2,454           2,455         10         20                           C-16805
V0AM    V AMARILLA                2,483           2,484         27         20                           C-16806
V0AM    V AMARILLA                2,422           2,423         10         20                           C-16807
V0AM    V AMARILLA                2,464           2,465         27         20                           C-16808
V0AM    V AMARILLA                2,457           2,458         27         20                           C-16809
V0AM    V AMARILLA                2,375           2,376         27         20                           C-16810
V0AM    V AMARILLA                2,398           2,399         27         20                           C-16811
V0AM    V AMARILLA                2,336           2,337         27         20                           C-16812
V0AM    V AMARILLA                2,116           2,117         27         20                           C-16813
V0AM    V AMARILLA                2,322           2,323         10         20                           C-16814
V0AM    V AMARILLA                2,427           2,428         10         20                           C-16815
V0AM    V AMARILLA                2,479           2,480         10         20                           C-16816
V0AM    V AMARILLA                2,456           2,457         10         20                           C-16817
V0AM    V AMARILLA                2,421           2,422         10         20                           C-16818
V0AM    V AMARILLA                2,299           2,300         10         20                           C-16819


------------------------------------------------------------------------------------------------------------------------
T.SUB-LOTES              TOT.PAQUETES =87      TOT.UNID. = 1740   T/P NETO (kg) = 199,920      T/P BRUTO (kg) = 200,007
------------------------------------------------------------------------------------------------------------------------
