
EMPRESA NACIONAL DE MINERIA (ENM) PRODUCTOR          PACKING LIST                             PAG.  :   1
NATIONAL MINING COMPANY                       CODIGO DE LOTE   : J-8084                      FECHA :04/11/2019
                                              -----------------------------
FLUJO        : 
DESCRIPCION  : CATODOS GRADO A
N° INSTR. DE EMBARQUE : 25546
CLIENTE      : GRASMERE MAERSK
Lote Sipa    : 

----------------------------------------------------------------------------------------------------------------------------- 
MARCA       DESCRIPCION         PESO NETO      PESO BRUTO     GRUPO     UNIDADES       UBICACION         SERIE                
-----------------------------------------------------------------------------------------------------------------------------

01AM    FRANJA AMARILLA           2,032           2,033         22         20                           J-8084 
01AM    FRANJA AMARILLA           2,064           2,065         22         20                           J-8085 
01AM    FRANJA AMARILLA           2,128           2,129         22         20                           J-8086 
01AM    FRANJA AMARILLA           2,016           2,017         22         20                           J-8087 
01AM    FRANJA AMARILLA           2,081           2,082         42         20                           J-8088 
01AM    FRANJA AMARILLA           2,241           2,242         42         20                           J-8089 
01AM    FRANJA AMARILLA           2,198           2,199         22         20                           J-8090 
01AM    FRANJA AMARILLA           2,281           2,282         42         20                           J-8091 
01AM    FRANJA AMARILLA           2,236           2,237         22         20                           J-8092 
01AM    FRANJA AMARILLA           2,228           2,229         22         20                           J-8093 
01AM    FRANJA AMARILLA           2,218           2,219         22         20                           J-8094 
01AM    FRANJA AMARILLA           2,375           2,376         42         20                           J-8095 
01AM    FRANJA AMARILLA           2,146           2,147         42         20                           J-8096 
01AM    FRANJA AMARILLA           2,231           2,232         22         20                           J-8097 
01AM    FRANJA AMARILLA           2,358           2,359         22         20                           J-8098 
01AM    FRANJA AMARILLA           2,476           2,477         32         20                           J-8099 
01AM    FRANJA AMARILLA           2,307           2,308         32         20                           J-8100 
01AM    FRANJA AMARILLA           2,179           2,180         42         20                           J-8101 
01AM    FRANJA AMARILLA           2,068           2,069         32         20                           J-8102 
01AM    FRANJA AMARILLA           2,192           2,193         42         20                           J-8103 
01AM    FRANJA AMARILLA           2,238           2,239         32         20                           J-8104 
01AM    FRANJA AMARILLA           2,107           2,108         32         20                           J-8105 
01AM    FRANJA AMARILLA           2,274           2,275         42         20                           J-8106 
01AM    FRANJA AMARILLA           2,071           2,072         22         20                           J-8107 
01AM    FRANJA AMARILLA           2,021           2,022         22         20                           J-8108 
01AM    FRANJA AMARILLA           2,118           2,119         22         20                           J-8109 
01AM    FRANJA AMARILLA           2,153           2,154         22         20                           J-8110 
01AM    FRANJA AMARILLA           2,324           2,325         32         20                           J-8111 
01AM    FRANJA AMARILLA           2,334           2,335         22         20                           J-8112 
01AM    FRANJA AMARILLA           2,425           2,426         42         20                           J-8113 
01AM    FRANJA AMARILLA           2,237           2,238         22         20                           J-8114 
01AM    FRANJA AMARILLA           2,278           2,279         42         20                           J-8115 
01AM    FRANJA AMARILLA           2,250           2,251         22         20                           J-8116 
01AM    FRANJA AMARILLA           2,197           2,198         42         20                           J-8117 
01AM    FRANJA AMARILLA           2,132           2,133         42         20                           J-8118 
01AM    FRANJA AMARILLA           2,129           2,130         22         20                           J-8119 
01AM    FRANJA AMARILLA           2,116           2,117         42         20                           J-8120 
01AM    FRANJA AMARILLA           2,183           2,184         42         20                           J-8121 
01AM    FRANJA AMARILLA           2,146           2,147         42         20                           J-8122 
01AM    FRANJA AMARILLA           2,167           2,168         42         20                           J-8123 
01AM    FRANJA AMARILLA           2,128           2,129         42         20                           J-8124 
01AM    FRANJA AMARILLA           2,021           2,022         32         20                           J-8125 
01AM    FRANJA AMARILLA           2,131           2,132         42         20                           J-8126 
01AM    FRANJA AMARILLA           2,276           2,277         32         20                           J-8127 
01AM    FRANJA AMARILLA           2,248           2,249         32         20                           J-8128 









EMPRESA NACIONAL DE MINERIA (ENM) PRODUCTOR          PACKING LIST                             PAG.  :   2
NATIONAL MINING COMPANY                       CODIGO DE LOTE   : J-8084                      FECHA :04/11/2019
                                              -----------------------------
FLUJO        : 
DESCRIPCION  : CATODOS GRADO A
N° INSTR. DE EMBARQUE : 25546
CLIENTE      : GRASMERE MAERSK
Lote Sipa    : 

----------------------------------------------------------------------------------------------------------------------------- 
MARCA       DESCRIPCION         PESO NETO      PESO BRUTO     GRUPO     UNIDADES       UBICACION         SERIE                
-----------------------------------------------------------------------------------------------------------------------------

01AM    FRANJA AMARILLA           2,071           2,072         42         20                           J-8129 
01AM    FRANJA AMARILLA           2,068           2,069         42         20                           J-8130 
01AM    FRANJA AMARILLA           2,379           2,380         22         20                           J-8131 
01AM    FRANJA AMARILLA           2,407           2,408         32         20                           J-8132 
01AM    FRANJA AMARILLA           1,973           1,974         32         20                           J-8133 
01AM    FRANJA AMARILLA           2,450           2,451         32         20                           J-8134 
01AM    FRANJA AMARILLA           2,103           2,104         42         20                           J-8135 
01AM    FRANJA AMARILLA           2,104           2,105         18         20                           J-8136 
01AM    FRANJA AMARILLA           2,117           2,118         18         20                           J-8137 
01AM    FRANJA AMARILLA           2,150           2,151         37         20                           J-8138 
01AM    FRANJA AMARILLA           2,243           2,244         42         20                           J-8139 
01AM    FRANJA AMARILLA           2,084           2,085         18         20                           J-8140 
01AM    FRANJA AMARILLA           2,216           2,217         18         20                           J-8141 
01AM    FRANJA AMARILLA           2,015           2,016         18         20                           J-8142 
01AM    FRANJA AMARILLA           2,213           2,214         42         20                           J-8143 
01AM    FRANJA AMARILLA           2,345           2,346         42         20                           J-8144 
01AM    FRANJA AMARILLA           2,176           2,177         14         20                           J-8145 
01AM    FRANJA AMARILLA           2,204           2,205         14         20                           J-8146 
01AM    FRANJA AMARILLA           2,148           2,149         18         20                           J-8147 
01AM    FRANJA AMARILLA           2,257           2,258         42         20                           J-8148 
01AM    FRANJA AMARILLA           2,008           2,009         37         20                           J-8149 
01AM    FRANJA AMARILLA           2,285           2,286         42         20                           J-8150 
01AM    FRANJA AMARILLA           1,957           1,958         37         20                           J-8151 
01AM    FRANJA AMARILLA           2,147           2,148         37         20                           J-8152 
01AM    FRANJA AMARILLA           2,177           2,178         42         20                           J-8153 
01AM    FRANJA AMARILLA           1,975           1,976         18         20                           J-8154 
01AM    FRANJA AMARILLA           2,326           2,327         42         20                           J-8155 
01AM    FRANJA AMARILLA           2,120           2,121         18         20                           J-8156 
01AM    FRANJA AMARILLA           2,136           2,137         18         20                           J-8157 
01AM    FRANJA AMARILLA           2,114           2,115         42         20                           J-8158 
01AM    FRANJA AMARILLA           1,941           1,942         37         20                           J-8159 
01AM    FRANJA AMARILLA           2,198           2,199         37         20                           J-8160 
01AM    FRANJA AMARILLA           2,046           2,047         37         20                           J-8161 
01AM    FRANJA AMARILLA           2,194           2,195         37         20                           J-8162 
01AM    FRANJA AMARILLA           2,144           2,145         37         20                           J-8163 
01AM    FRANJA AMARILLA           2,337           2,338         42         20                           J-8164 
01AM    FRANJA AMARILLA           2,180           2,181         42         20                           J-8165 
01AM    FRANJA AMARILLA           2,277           2,278         42         20                           J-8166 
01AM    FRANJA AMARILLA           2,113           2,114         42         20                           J-8167 
01AM    FRANJA AMARILLA           2,109           2,110         22         20                           J-8168 
01AM    FRANJA AMARILLA           2,304           2,305         42         20                           J-8169 
01AM    FRANJA AMARILLA           2,345           2,346         42         20                           J-8170 
01AM    FRANJA AMARILLA           2,361           2,362         42         20                           J-8171 
01AM    FRANJA AMARILLA           2,224           2,225         42         20                           J-8172 
01AM    FRANJA AMARILLA           2,150           2,151         32         20                           J-8173 









EMPRESA NACIONAL DE MINERIA (ENM) PRODUCTOR          PACKING LIST                             PAG.  :   3
NATIONAL MINING COMPANY                       CODIGO DE LOTE   : J-8084                      FECHA :04/11/2019
                                              -----------------------------
FLUJO        : 
DESCRIPCION  : CATODOS GRADO A
N° INSTR. DE EMBARQUE : 25546
CLIENTE      : GRASMERE MAERSK
Lote Sipa    : 

----------------------------------------------------------------------------------------------------------------------------- 
MARCA       DESCRIPCION         PESO NETO      PESO BRUTO     GRUPO     UNIDADES       UBICACION         SERIE                
-----------------------------------------------------------------------------------------------------------------------------

01AM    FRANJA AMARILLA           2,301           2,302         22         20                           J-8174 
01AM    FRANJA AMARILLA           2,193           2,194         22         20                           J-8175 
01AM    FRANJA AMARILLA           2,116           2,117         22         20                           J-8176 
01AM    FRANJA AMARILLA           2,281           2,282         32         20                           J-8177 
01AM    FRANJA AMARILLA           2,295           2,296         22         20                           J-8178 
01AM    FRANJA AMARILLA           2,252           2,253         22         20                           J-8179 
01AM    FRANJA AMARILLA           2,203           2,204         22         20                           J-8180 
01AM    FRANJA AMARILLA           2,404           2,405         42         20                           J-8181 
01AM    FRANJA AMARILLA           2,232           2,233         22         20                           J-8182 
01AM    FRANJA AMARILLA           2,182           2,183         22         20                           J-8183 
01AM    FRANJA AMARILLA           2,262           2,263         22         20                           J-8184 
01AM    FRANJA AMARILLA           2,117           2,118         32         20                           J-8185 
01AM    FRANJA AMARILLA           2,205           2,206         22         20                           J-8186 
01AM    FRANJA AMARILLA           2,224           2,225         22         20                           J-8187 
01AM    FRANJA AMARILLA           2,122           2,123         22         20                           J-8188 
01AM    FRANJA AMARILLA           2,246           2,247         22         20                           J-8189 
01AM    FRANJA AMARILLA           2,335           2,336         22         20                           J-8190 
01AM    FRANJA AMARILLA           2,142           2,143         22         20                           J-8191 
01AM    FRANJA AMARILLA           2,215           2,216         22         20                           J-8192 
01AM    FRANJA AMARILLA           2,149           2,150         22         20                           J-8193 
01AM    FRANJA AMARILLA           2,369           2,370         22         20                           J-8194 
01AM    FRANJA AMARILLA           2,285           2,286         42         20                           J-8195 
01AM    FRANJA AMARILLA           2,232           2,233         22         20                           J-8196 
01AM    FRANJA AMARILLA           2,371           2,372         22         20                           J-8197 
01AM    FRANJA AMARILLA           2,382           2,383         22         20                           J-8198 
01AM    FRANJA AMARILLA           2,266           2,267         22         20                           J-8199 
01AM    FRANJA AMARILLA           2,106           2,107         37         20                           J-8200 
01AM    FRANJA AMARILLA           2,241           2,242         22         20                           J-8201 
01AM    FRANJA AMARILLA           2,191           2,192         32         20                           J-8202 
01AM    FRANJA AMARILLA           2,276           2,277         22         20                           J-8203 
01AM    FRANJA AMARILLA           2,359           2,360         22         20                           J-8204 
01AM    FRANJA AMARILLA           2,176           2,177         32         20                           J-8205 
01AM    FRANJA AMARILLA           2,228           2,229         32         20                           J-8206 
01AM    FRANJA AMARILLA           2,181           2,182         32         20                           J-8207 
01AM    FRANJA AMARILLA           2,282           2,283         22         20                           J-8208 
01AM    FRANJA AMARILLA           2,338           2,339         10         20                           J-8209 
01AM    FRANJA AMARILLA           2,112           2,113         37         20                           J-8210 
01AM    FRANJA AMARILLA           2,292           2,293         22         20                           J-8211 
01AM    FRANJA AMARILLA           2,264           2,265         32         20                           J-8212 
01AM    FRANJA AMARILLA           2,173           2,174         32         20                           J-8213 
01AM    FRANJA AMARILLA           2,336           2,337         32         20                           J-8214 
01AM    FRANJA AMARILLA           2,162           2,163         32         20                           J-8215 
01AM    FRANJA AMARILLA           2,238           2,239         32         20                           J-8216 
01AM    FRANJA AMARILLA           2,342           2,343         10         20                           J-8217 
01AM    FRANJA AMARILLA           2,301           2,302         10         20                           J-8218 









EMPRESA NACIONAL DE MINERIA (ENM) PRODUCTOR          PACKING LIST                             PAG.  :   4
NATIONAL MINING COMPANY                       CODIGO DE LOTE   : J-8084                      FECHA :04/11/2019
                                              -----------------------------
FLUJO        : 
DESCRIPCION  : CATODOS GRADO A
N° INSTR. DE EMBARQUE : 25546
CLIENTE      : GRASMERE MAERSK
Lote Sipa    : 

----------------------------------------------------------------------------------------------------------------------------- 
MARCA       DESCRIPCION         PESO NETO      PESO BRUTO     GRUPO     UNIDADES       UBICACION         SERIE                
-----------------------------------------------------------------------------------------------------------------------------

01AM    FRANJA AMARILLA           2,333           2,334         10         20                           J-8219 


------------------------------------------------------------------------------------------------------------------------
T.SUB-LOTES              TOT.PAQUETES =136      TOT.UNID. = 2720   T/P NETO (kg) = 299,962      T/P BRUTO (kg) = 300,098
------------------------------------------------------------------------------------------------------------------------
