
EMPRESA NACIONAL DE MINERIA (ENM) PRODUCTOR          PACKING LIST                             PAG.  :   1
NATIONAL MINING COMPANY                       CODIGO DE LOTE   : F-2851                      FECHA :08/09/2022
                                              -----------------------------
FLUJO        : 
DESCRIPCION  : CATODOS EW CERRO NEGRO
N° INSTR. DE EMBARQUE : 27476
CLIENTE      : MAERSK SHAMS
Lote Sipa    : 22060359

----------------------------------------------------------------------------------------------------------------------------- 
MARCA       DESCRIPCION         PESO NETO      PESO BRUTO     GRUPO     UNIDADES       UBICACION         SERIE                
-----------------------------------------------------------------------------------------------------------------------------

01NE    FRANJA NEGRA              2,045           2,046                    26                           F-2851 
01NE    FRANJA NEGRA              2,034           2,035                    27                           F-2852 
01NE    FRANJA NEGRA              1,978           1,979                    27                           F-2853 
01NE    FRANJA NEGRA              2,006           2,007                    26                           F-2854 
01NE    FRANJA NEGRA              2,080           2,081                    27                           F-2855 
01NE    FRANJA NEGRA              1,969           1,970                    27                           F-2856 
01NE    FRANJA NEGRA              2,006           2,007                    26                           F-2857 
01NE    FRANJA NEGRA              2,016           2,017                    27                           F-2858 
01NE    FRANJA NEGRA              2,087           2,088                    27                           F-2859 
01NE    FRANJA NEGRA              1,938           1,939                    25                           F-2860 
01NE    FRANJA NEGRA              2,035           2,036                    27                           F-2861 
01NE    FRANJA NEGRA              2,078           2,079                    27                           F-2862 
01NE    FRANJA NEGRA              2,017           2,018                    25                           F-2863 
01NE    FRANJA NEGRA              2,071           2,072                    29                           F-2864 
01NE    FRANJA NEGRA              1,989           1,990                    26                           F-2865 
01NE    FRANJA NEGRA              2,016           2,017                    28                           F-2866 
01NE    FRANJA NEGRA              1,982           1,983                    28                           F-2867 
01NE    FRANJA NEGRA              2,036           2,037                    29                           F-2868 
01NE    FRANJA NEGRA              2,037           2,038                    27                           F-2869 
01NE    FRANJA NEGRA              1,982           1,983                    26                           F-2870 
01NE    FRANJA NEGRA              2,053           2,054                    28                           F-2871 
01NE    FRANJA NEGRA              2,014           2,015                    26                           F-2872 
01NE    FRANJA NEGRA              1,956           1,957                    27                           F-2873 
01NE    FRANJA NEGRA              1,994           1,995                    26                           F-2874 
01NE    FRANJA NEGRA              1,990           1,991                    28                           F-2875 
01NE    FRANJA NEGRA              2,044           2,045                    28                           F-2876 
01NE    FRANJA NEGRA              2,060           2,061                    29                           F-2877 
01NE    FRANJA NEGRA              2,021           2,022                    27                           F-2878 
01NE    FRANJA NEGRA              1,967           1,968                    28                           F-2879 
01NE    FRANJA NEGRA              2,051           2,052                    27                           F-2880 


------------------------------------------------------------------------------------------------------------------------
T.SUB-LOTES              TOT.PAQUETES =30      TOT.UNID. = 811   T/P NETO (kg) = 60,552      T/P BRUTO (kg) = 60,582
------------------------------------------------------------------------------------------------------------------------
