
EMPRESA NACIONAL DE MINERIA (ENM) PRODUCTOR          PACKING LIST                             PAG.  :   1
NATIONAL MINING COMPANY                       CODIGO DE LOTE   : M-4609                      FECHA :13/12/2019
                                              -----------------------------
FLUJO        : 
DESCRIPCION  : CATODOS GRADO A
N° INSTR. DE EMBARQUE : 25602
CLIENTE      : CORNELIUS MAERSK
Lote Sipa    : 19120106

----------------------------------------------------------------------------------------------------------------------------- 
MARCA       DESCRIPCION         PESO NETO      PESO BRUTO     GRUPO     UNIDADES       UBICACION         SERIE                
-----------------------------------------------------------------------------------------------------------------------------

01NA    FRANJA NARANJA            2,112           2,113         28         20                           M-4609 
01NA    FRANJA NARANJA            2,285           2,286         09         20                           M-4610 
01NA    FRANJA NARANJA            1,924           1,925         28         20                           M-4611 
01NA    FRANJA NARANJA            2,269           2,270         09         20                           M-4612 
01NA    FRANJA NARANJA            2,200           2,201         40         20                           M-4613 
01NA    FRANJA NARANJA            2,289           2,290         09         20                           M-4614 
01NA    FRANJA NARANJA            2,246           2,247         40         20                           M-4615 
01NA    FRANJA NARANJA            2,046           2,047         40         20                           M-4616 
01NA    FRANJA NARANJA            2,293           2,294         28         20                           M-4617 
01NA    FRANJA NARANJA            2,232           2,233         40         20                           M-4618 
01NA    FRANJA NARANJA            2,151           2,152         40         20                           M-4619 
01NA    FRANJA NARANJA            2,207           2,208         40         20                           M-4620 
01NA    FRANJA NARANJA            2,124           2,125         40         20                           M-4621 
01NA    FRANJA NARANJA            2,001           2,002         40         20                           M-4622 
01NA    FRANJA NARANJA            2,322           2,323         40         20                           M-4623 
01NA    FRANJA NARANJA            1,984           1,985         28         20                           M-4624 
01NA    FRANJA NARANJA            2,349           2,350         40         20                           M-4625 
01NA    FRANJA NARANJA            2,360           2,361         40         20                           M-4626 
01NA    FRANJA NARANJA            2,446           2,447         40         20                           M-4627 
01NA    FRANJA NARANJA            2,356           2,357         40         20                           M-4628 
01NA    FRANJA NARANJA            2,355           2,356         40         20                           M-4629 
01NA    FRANJA NARANJA            2,308           2,309         40         20                           M-4630 
01NA    FRANJA NARANJA            2,206           2,207         40         20                           M-4631 
01NA    FRANJA NARANJA            2,180           2,181         40         20                           M-4632 
01NA    FRANJA NARANJA            2,349           2,350         40         20                           M-4633 
01NA    FRANJA NARANJA            2,252           2,253         40         20                           M-4634 
01NA    FRANJA NARANJA            2,206           2,207         21         20                           M-4635 
01NA    FRANJA NARANJA            2,475           2,476         21         20                           M-4636 
01NA    FRANJA NARANJA            2,261           2,262         21         20                           M-4637 
01NA    FRANJA NARANJA            2,270           2,271         21         20                           M-4638 
01NA    FRANJA NARANJA            2,224           2,225         21         20                           M-4639 
01NA    FRANJA NARANJA            2,315           2,316         21         20                           M-4640 
01NA    FRANJA NARANJA            2,363           2,364         21         20                           M-4641 
01NA    FRANJA NARANJA            2,305           2,306         21         20                           M-4642 
01NA    FRANJA NARANJA            2,222           2,223         21         20                           M-4643 
01NA    FRANJA NARANJA            2,294           2,295         21         20                           M-4644 
01NA    FRANJA NARANJA            2,345           2,346         21         20                           M-4645 
01NA    FRANJA NARANJA            2,366           2,367         21         20                           M-4646 
01NA    FRANJA NARANJA            2,437           2,438         21         20                           M-4647 
01NA    FRANJA NARANJA            2,493           2,494         21         20                           M-4648 
01NA    FRANJA NARANJA            2,309           2,310         21         20                           M-4649 
01NA    FRANJA NARANJA            2,290           2,291         21         20                           M-4650 
01NA    FRANJA NARANJA            2,301           2,302         21         20                           M-4651 
01NA    FRANJA NARANJA            2,384           2,385         21         20                           M-4652 
01NA    FRANJA NARANJA            2,260           2,261         21         20                           M-4653 









EMPRESA NACIONAL DE MINERIA (ENM) PRODUCTOR          PACKING LIST                             PAG.  :   2
NATIONAL MINING COMPANY                       CODIGO DE LOTE   : M-4609                      FECHA :13/12/2019
                                              -----------------------------
FLUJO        : 
DESCRIPCION  : CATODOS GRADO A
N° INSTR. DE EMBARQUE : 25602
CLIENTE      : CORNELIUS MAERSK
Lote Sipa    : 19120106

----------------------------------------------------------------------------------------------------------------------------- 
MARCA       DESCRIPCION         PESO NETO      PESO BRUTO     GRUPO     UNIDADES       UBICACION         SERIE                
-----------------------------------------------------------------------------------------------------------------------------

01NA    FRANJA NARANJA            2,151           2,152         21         20                           M-4654 
01NA    FRANJA NARANJA            2,241           2,242         21         20                           M-4655 
01NA    FRANJA NARANJA            2,031           2,032         21         20                           M-4656 
01NA    FRANJA NARANJA            2,226           2,227         21         20                           M-4657 
01NA    FRANJA NARANJA            2,219           2,220         21         20                           M-4658 
01NA    FRANJA NARANJA            2,206           2,207         21         20                           M-4659 
01NA    FRANJA NARANJA            2,360           2,361         21         20                           M-4660 
01NA    FRANJA NARANJA            2,472           2,473         21         20                           M-4661 
01NA    FRANJA NARANJA            2,270           2,271         21         20                           M-4662 
01NA    FRANJA NARANJA            2,358           2,359         21         20                           M-4663 
01NA    FRANJA NARANJA            2,272           2,273         21         20                           M-4664 
01NA    FRANJA NARANJA            2,241           2,242         21         20                           M-4665 
01NA    FRANJA NARANJA            2,354           2,355         21         20                           M-4666 
01NA    FRANJA NARANJA            2,223           2,224         21         20                           M-4667 
01NA    FRANJA NARANJA            2,274           2,275         21         20                           M-4668 
01NA    FRANJA NARANJA            2,206           2,207         21         20                           M-4669 
01NA    FRANJA NARANJA            2,325           2,326         21         20                           M-4670 
01NA    FRANJA NARANJA            2,290           2,291         21         20                           M-4671 
01NA    FRANJA NARANJA            2,391           2,392         21         20                           M-4672 
01NA    FRANJA NARANJA            2,240           2,241         21         20                           M-4673 
01NA    FRANJA NARANJA            2,264           2,265         21         20                           M-4674 
01NA    FRANJA NARANJA            2,120           2,121         21         20                           M-4675 
01NA    FRANJA NARANJA            2,253           2,254         21         20                           M-4676 
01NA    FRANJA NARANJA            2,316           2,317         21         20                           M-4677 
01NA    FRANJA NARANJA            2,246           2,247         21         20                           M-4678 
01NA    FRANJA NARANJA            2,257           2,258         21         20                           M-4679 
01NA    FRANJA NARANJA            2,223           2,224         21         20                           M-4680 
01NA    FRANJA NARANJA            2,087           2,088         21         20                           M-4681 
01NA    FRANJA NARANJA            2,098           2,099         21         20                           M-4682 
01NA    FRANJA NARANJA            2,172           2,173         21         20                           M-4683 
01NA    FRANJA NARANJA            2,185           2,186         21         20                           M-4684 
01NA    FRANJA NARANJA            2,139           2,140         21         20                           M-4685 
01NA    FRANJA NARANJA            2,329           2,330         21         20                           M-4686 
01NA    FRANJA NARANJA            2,221           2,222         21         20                           M-4687 
01NA    FRANJA NARANJA            2,110           2,111         21         20                           M-4688 
01NA    FRANJA NARANJA            2,129           2,130         21         20                           M-4689 
01NA    FRANJA NARANJA            2,260           2,261         21         20                           M-4690 
01NA    FRANJA NARANJA            1,976           1,977         21         20                           M-4691 
01NA    FRANJA NARANJA            2,334           2,335         21         20                           M-4692 
01NA    FRANJA NARANJA            2,321           2,322         21         20                           M-4693 
01NA    FRANJA NARANJA            2,253           2,254         21         20                           M-4694 
01NA    FRANJA NARANJA            2,189           2,190         21         20                           M-4695 
01NA    FRANJA NARANJA            2,158           2,159         21         20                           M-4696 
01NA    FRANJA NARANJA            2,407           2,408         21         20                           M-4697 
01NA    FRANJA NARANJA            2,288           2,289         21         20                           M-4698 









EMPRESA NACIONAL DE MINERIA (ENM) PRODUCTOR          PACKING LIST                             PAG.  :   3
NATIONAL MINING COMPANY                       CODIGO DE LOTE   : M-4609                      FECHA :13/12/2019
                                              -----------------------------
FLUJO        : 
DESCRIPCION  : CATODOS GRADO A
N° INSTR. DE EMBARQUE : 25602
CLIENTE      : CORNELIUS MAERSK
Lote Sipa    : 19120106

----------------------------------------------------------------------------------------------------------------------------- 
MARCA       DESCRIPCION         PESO NETO      PESO BRUTO     GRUPO     UNIDADES       UBICACION         SERIE                
-----------------------------------------------------------------------------------------------------------------------------

01NA    FRANJA NARANJA            2,337           2,338         21         20                           M-4699 
01NA    FRANJA NARANJA            2,157           2,158         21         20                           M-4700 
01NA    FRANJA NARANJA            2,196           2,197         21         20                           M-4701 
01NA    FRANJA NARANJA            2,258           2,259         21         20                           M-4702 
01NA    FRANJA NARANJA            2,278           2,279         21         20                           M-4703 
01NA    FRANJA NARANJA            2,287           2,288         21         20                           M-4704 
01NA    FRANJA NARANJA            2,262           2,263         21         20                           M-4705 
01NA    FRANJA NARANJA            1,999           2,000         21         20                           M-4706 
01NA    FRANJA NARANJA            1,984           1,985         21         20                           M-4707 
01NA    FRANJA NARANJA            1,925           1,926         21         20                           M-4708 
01NA    FRANJA NARANJA            2,034           2,035         21         20                           M-4709 
01NA    FRANJA NARANJA            1,932           1,933         21         20                           M-4710 
01NA    FRANJA NARANJA            2,207           2,208         21         20                           M-4711 
01NA    FRANJA NARANJA            2,316           2,317         21         20                           M-4712 
01NA    FRANJA NARANJA            2,440           2,441         46         20                           M-4717 
01NA    FRANJA NARANJA            2,321           2,322         38         20                           M-4718 
01NA    FRANJA NARANJA            2,305           2,306         46         20                           M-4719 
01NA    FRANJA NARANJA            2,396           2,397         46         20                           M-4720 
01NA    FRANJA NARANJA            2,441           2,442         46         20                           M-4721 
01NA    FRANJA NARANJA            2,366           2,367         46         20                           M-4722 
01NA    FRANJA NARANJA            2,283           2,284         46         20                           M-4723 
01NA    FRANJA NARANJA            2,379           2,380         31         20                           M-4724 
01NA    FRANJA NARANJA            2,399           2,400         18         20                           M-4725 
01NA    FRANJA NARANJA            2,197           2,198         12         20                           M-4726 
01NA    FRANJA NARANJA            2,227           2,228         31         20                           M-4727 
01NA    FRANJA NARANJA            2,122           2,123         12         20                           M-4728 
01NA    FRANJA NARANJA            2,363           2,364         12         20                           M-4729 
01NA    FRANJA NARANJA            2,421           2,422         31         20                           M-4730 
01NA    FRANJA NARANJA            2,319           2,320         31         20                           M-4731 
01NA    FRANJA NARANJA            2,408           2,409         31         20                           M-4732 
01NA    FRANJA NARANJA            2,366           2,367         31         20                           M-4733 
01NA    FRANJA NARANJA            2,306           2,307         31         20                           M-4734 
01NA    FRANJA NARANJA            2,157           2,158         31         20                           M-4735 
01NA    FRANJA NARANJA            2,259           2,260         31         20                           M-4736 
01NA    FRANJA NARANJA            2,308           2,309         12         20                           M-4737 
01NA    FRANJA NARANJA            2,304           2,305         31         20                           M-4738 
01NA    FRANJA NARANJA            2,290           2,291         31         20                           M-4739 
01NA    FRANJA NARANJA            2,413           2,414         46         20                           M-4740 
01NA    FRANJA NARANJA            2,123           2,124         46         20                           M-4741 
01NA    FRANJA NARANJA            2,244           2,245         12         20                           M-4742 
01NA    FRANJA NARANJA            2,384           2,385         13         20                           M-4743 
01NA    FRANJA NARANJA            2,228           2,229         31         20                           M-4744 
01NA    FRANJA NARANJA            2,361           2,362         13         20                           M-4745 
01NA    FRANJA NARANJA            2,381           2,382         31         20                           M-4746 
01NA    FRANJA NARANJA            2,289           2,290         31         20                           M-4747 









EMPRESA NACIONAL DE MINERIA (ENM) PRODUCTOR          PACKING LIST                             PAG.  :   4
NATIONAL MINING COMPANY                       CODIGO DE LOTE   : M-4609                      FECHA :13/12/2019
                                              -----------------------------
FLUJO        : 
DESCRIPCION  : CATODOS GRADO A
N° INSTR. DE EMBARQUE : 25602
CLIENTE      : CORNELIUS MAERSK
Lote Sipa    : 19120106

----------------------------------------------------------------------------------------------------------------------------- 
MARCA       DESCRIPCION         PESO NETO      PESO BRUTO     GRUPO     UNIDADES       UBICACION         SERIE                
-----------------------------------------------------------------------------------------------------------------------------

01NA    FRANJA NARANJA            2,319           2,320         12         20                           M-4748 
01NA    FRANJA NARANJA            2,381           2,382         12         20                           M-4749 
01NA    FRANJA NARANJA            2,247           2,248         31         20                           M-4750 
01NA    FRANJA NARANJA            2,573           2,574         13         20                           M-4751 
01NA    FRANJA NARANJA            2,151           2,152         13         20                           M-4752 
01NA    FRANJA NARANJA            2,147           2,148         12         20                           M-4753 
01NA    FRANJA NARANJA            2,496           2,497         13         20                           M-4754 
01NA    FRANJA NARANJA            2,422           2,423         31         20                           M-4755 
01NA    FRANJA NARANJA            2,489           2,490         13         20                           M-4756 
01NA    FRANJA NARANJA            2,201           2,202         12         20                           M-4757 
01NA    FRANJA NARANJA            2,083           2,084         12         20                           M-4758 
01NA    FRANJA NARANJA            2,123           2,124         31         20                           M-4759 
01NA    FRANJA NARANJA            2,333           2,334         31         20                           M-4760 
01NA    FRANJA NARANJA            2,148           2,149         12         20                           M-4761 
01NA    FRANJA NARANJA            2,190           2,191         12         20                           M-4762 
01NA    FRANJA NARANJA            2,387           2,388         31         20                           M-4763 
01NA    FRANJA NARANJA            2,172           2,173         12         20                           M-4764 
01NA    FRANJA NARANJA            2,468           2,469         13         20                           M-4765 
01NA    FRANJA NARANJA            2,179           2,180         38         20                           M-4766 
01NA    FRANJA NARANJA            2,215           2,216         31         20                           M-4767 
01NA    FRANJA NARANJA            2,318           2,319         31         20                           M-4768 
01NA    FRANJA NARANJA            2,433           2,434         13         20                           M-4769 
01NA    FRANJA NARANJA            2,365           2,366         31         20                           M-4770 
01NA    FRANJA NARANJA            2,164           2,165         12         20                           M-4771 
01NA    FRANJA NARANJA            2,300           2,301         12         20                           M-4772 
01NA    FRANJA NARANJA            2,237           2,238         12         20                           M-4773 
01NA    FRANJA NARANJA            2,280           2,281         31         20                           M-4774 
01NA    FRANJA NARANJA            2,454           2,455         38         20                           M-4775 
01NA    FRANJA NARANJA            2,512           2,513         38         20                           M-4776 
01NA    FRANJA NARANJA            2,415           2,416         38         20                           M-4777 
01NA    FRANJA NARANJA            2,463           2,464         13         20                           M-4778 
01NA    FRANJA NARANJA            2,208           2,209         12         20                           M-4779 
01NA    FRANJA NARANJA            2,370           2,371         38         20                           M-4780 
01NA    FRANJA NARANJA            2,391           2,392         38         20                           M-4781 
01NA    FRANJA NARANJA            2,291           2,292         13         20                           M-4782 
01NA    FRANJA NARANJA            2,293           2,294         31         20                           M-4783 
01NA    FRANJA NARANJA            2,204           2,205         12         20                           M-4784 
01NA    FRANJA NARANJA            2,416           2,417         38         20                           M-4785 
01NA    FRANJA NARANJA            2,244           2,245         38         20                           M-4786 
01NA    FRANJA NARANJA            2,389           2,390         38         20                           M-4787 
01NA    FRANJA NARANJA            2,251           2,252         12         20                           M-4788 
01NA    FRANJA NARANJA            2,249           2,250         12         20                           M-4789 
01NA    FRANJA NARANJA            2,317           2,318         38         20                           M-4790 
01NA    FRANJA NARANJA            2,233           2,234         12         20                           M-4791 
01NA    FRANJA NARANJA            2,328           2,329         38         20                           M-4792 









EMPRESA NACIONAL DE MINERIA (ENM) PRODUCTOR          PACKING LIST                             PAG.  :   5
NATIONAL MINING COMPANY                       CODIGO DE LOTE   : M-4609                      FECHA :13/12/2019
                                              -----------------------------
FLUJO        : 
DESCRIPCION  : CATODOS GRADO A
N° INSTR. DE EMBARQUE : 25602
CLIENTE      : CORNELIUS MAERSK
Lote Sipa    : 19120106

----------------------------------------------------------------------------------------------------------------------------- 
MARCA       DESCRIPCION         PESO NETO      PESO BRUTO     GRUPO     UNIDADES       UBICACION         SERIE                
-----------------------------------------------------------------------------------------------------------------------------

01NA    FRANJA NARANJA            2,324           2,325         13         20                           M-4793 
01NA    FRANJA NARANJA            2,222           2,223         31         20                           M-4794 
01NA    FRANJA NARANJA            2,180           2,181         12         20                           M-4795 
01NA    FRANJA NARANJA            2,427           2,428         38         20                           M-4796 
01NA    FRANJA NARANJA            2,432           2,433         38         20                           M-4797 
01NA    FRANJA NARANJA            2,341           2,342         38         20                           M-4798 
01NA    FRANJA NARANJA            2,170           2,171         12         20                           M-4799 
01NA    FRANJA NARANJA            2,429           2,430         19         20                           M-4800 
01NA    FRANJA NARANJA            2,447           2,448         38         20                           M-4801 
01NA    FRANJA NARANJA            2,363           2,364         38         20                           M-4802 
01NA    FRANJA NARANJA            2,479           2,480         19         20                           M-4803 
01NA    FRANJA NARANJA            2,068           2,069         19         20                           M-4804 
01NA    FRANJA NARANJA            2,468           2,469         38         20                           M-4805 
01NA    FRANJA NARANJA            2,202           2,203         19         20                           M-4806 
01NA    FRANJA NARANJA            2,244           2,245         31         20                           M-4807 
01NA    FRANJA NARANJA            2,254           2,255         12         20                           M-4808 
01NA    FRANJA NARANJA            2,279           2,280         38         20                           M-4809 
01NA    FRANJA NARANJA            2,424           2,425         38         20                           M-4810 
01NA    FRANJA NARANJA            2,251           2,252         12         20                           M-4811 
01NA    FRANJA NARANJA            2,432           2,433         38         20                           M-4812 
01NA    FRANJA NARANJA            2,266           2,267         31         20                           M-4813 
01NA    FRANJA NARANJA            2,314           2,315         12         20                           M-4814 
01NA    FRANJA NARANJA            2,262           2,263         12         20                           M-4815 
01NA    FRANJA NARANJA            2,340           2,341         19         20                           M-4816 
01NA    FRANJA NARANJA            2,286           2,287         19         20                           M-4817 
01NA    FRANJA NARANJA            2,403           2,404         31         20                           M-4818 
01NA    FRANJA NARANJA            2,255           2,256         19         20                           M-4819 
01NA    FRANJA NARANJA            2,293           2,294         12         20                           M-4820 
01NA    FRANJA NARANJA            2,353           2,354         38         20                           M-4821 
01NA    FRANJA NARANJA            2,390           2,391         38         20                           M-4822 
01NA    FRANJA NARANJA            2,358           2,359         31         20                           M-4823 
01NA    FRANJA NARANJA            2,351           2,352         12         20                           M-4824 
01NA    FRANJA NARANJA            2,363           2,364         13         20                           M-4825 
01NA    FRANJA NARANJA            2,361           2,362         38         20                           M-4826 
01NA    FRANJA NARANJA            2,537           2,538         19         20                           M-4827 
01NA    FRANJA NARANJA            2,417           2,418         19         20                           M-4828 
01NA    FRANJA NARANJA            2,413           2,414         19         20                           M-4829 
01NA    FRANJA NARANJA            2,419           2,420         38         20                           M-4830 
01NA    FRANJA NARANJA            2,471           2,472         38         20                           M-4831 


------------------------------------------------------------------------------------------------------------------------
T.SUB-LOTES              TOT.PAQUETES =219      TOT.UNID. = 4380   T/P NETO (kg) = 499,760      T/P BRUTO (kg) = 499,979
------------------------------------------------------------------------------------------------------------------------
