
EMPRESA NACIONAL DE MINERIA (ENM) PRODUCTOR          PACKING LIST                             PAG.  :   1
NATIONAL MINING COMPANY                       CODIGO DE LOTE   : D-2480                      FECHA :26/04/2023
                                              -----------------------------
FLUJO        : 
DESCRIPCION  : CATODOS EW TALTAL
N° INSTR. DE EMBARQUE : 930853
CLIENTE      : 
Lote Sipa    : 23040486

----------------------------------------------------------------------------------------------------------------------------- 
MARCA       DESCRIPCION         PESO NETO      PESO BRUTO     GRUPO     UNIDADES       UBICACION         SERIE                
-----------------------------------------------------------------------------------------------------------------------------

23AM    23  AMARILLO              2,025           2,026                    73                           D-2480 
23AM    23  AMARILLO              2,026           2,027                    73                           D-2481 
23AM    23  AMARILLO              2,024           2,025                    73                           D-2482 
23AM    23  AMARILLO              2,011           2,012                    76                           D-2483 
23AM    23  AMARILLO              2,004           2,005                    87                           D-2484 
23AM    23  AMARILLO              2,014           2,015                    84                           D-2485 
23AM    23  AMARILLO              2,011           2,012                    77                           D-2486 
23AM    23  AMARILLO              2,036           2,037                    71                           D-2487 
23AM    23  AMARILLO              2,023           2,024                    86                           D-2488 
23AM    23  AMARILLO              2,006           2,007                    75                           D-2489 
23AM    23  AMARILLO              2,006           2,007                    79                           D-2490 
23AM    23  AMARILLO              2,017           2,018                    81                           D-2491 
23AM    23  AMARILLO              2,024           2,025                    69                           D-2492 
23AM    23  AMARILLO              2,026           2,027                    74                           D-2493 


------------------------------------------------------------------------------------------------------------------------
T.SUB-LOTES              TOT.PAQUETES =14      TOT.UNID. = 1078   T/P NETO (kg) = 28,253      T/P BRUTO (kg) = 28,267
------------------------------------------------------------------------------------------------------------------------
