
EMPRESA NACIONAL DE MINERIA (ENM) PRODUCTOR          PACKING LIST                             PAG.  :   1
NATIONAL MINING COMPANY                       CODIGO DE LOTE   : J-1587                      FECHA :02/12/2020
                                              -----------------------------
FLUJO        : 
DESCRIPCION  : CATODOS EW EL SALADO
N° INSTR. DE EMBARQUE : 26324
CLIENTE      : CAROLINE MAERSK
Lote Sipa    : 20100066

----------------------------------------------------------------------------------------------------------------------------- 
MARCA       DESCRIPCION         PESO NETO      PESO BRUTO     GRUPO     UNIDADES       UBICACION         SERIE                
-----------------------------------------------------------------------------------------------------------------------------

01RJ    FRANJA ROJA               2,045           2,046                    70                           J-1587 
01RJ    FRANJA ROJA               2,040           2,041                    75                           J-1588 
01RJ    FRANJA ROJA               1,993           1,994                    74                           J-1589 
01RJ    FRANJA ROJA               2,012           2,013                    80                           J-1590 
01RJ    FRANJA ROJA               1,972           1,973                    83                           J-1591 
01RJ    FRANJA ROJA               2,024           2,025                    86                           J-1592 
01RJ    FRANJA ROJA               2,026           2,027                    79                           J-1593 
01RJ    FRANJA ROJA               2,003           2,004                    75                           J-1594 
01RJ    FRANJA ROJA               2,030           2,031                    70                           J-1595 
01RJ    FRANJA ROJA               1,955           1,956                    79                           J-1596 
01RJ    FRANJA ROJA               1,987           1,988                    77                           J-1597 
01RJ    FRANJA ROJA               2,047           2,048                    74                           J-1598 
01RJ    FRANJA ROJA               2,025           2,026                    69                           J-1599 
01RJ    FRANJA ROJA               1,996           1,997                    76                           J-1600 
01RJ    FRANJA ROJA               2,041           2,042                    85                           J-1602 
01RJ    FRANJA ROJA               1,965           1,966                    64                           J-1603 
01RJ    FRANJA ROJA               1,963           1,964                    71                           J-1604 
01RJ    FRANJA ROJA               2,012           2,013                    77                           J-1605 
01RJ    FRANJA ROJA               2,045           2,046                    87                           J-1606 
01RJ    FRANJA ROJA               1,984           1,985                    79                           J-1607 
01RJ    FRANJA ROJA               2,051           2,052                    80                           J-1608 
01RJ    FRANJA ROJA               2,013           2,014                    85                           J-1609 
01RJ    FRANJA ROJA               2,027           2,028                    78                           J-1610 
01RJ    FRANJA ROJA               1,992           1,993                    86                           J-1611 
01RJ    FRANJA ROJA               2,033           2,034                    90                           J-1612 
01RJ    FRANJA ROJA               1,958           1,959                    75                           J-1613 
01RJ    FRANJA ROJA               2,032           2,033                    80                           J-1614 
01RJ    FRANJA ROJA               1,972           1,973                    83                           J-1615 
01RJ    FRANJA ROJA               2,017           2,018                    77                           J-1617 
01RJ    FRANJA ROJA               1,974           1,975                    78                           J-1618 
01RJ    FRANJA ROJA               2,018           2,019                    88                           J-1619 
01RJ    FRANJA ROJA               2,038           2,039                    67                           J-1620 
01RJ    FRANJA ROJA               2,007           2,008                    86                           J-1621 
01RJ    FRANJA ROJA               1,968           1,969                    83                           J-1622 
01RJ    FRANJA ROJA               2,035           2,036                    84                           J-1623 
01RJ    FRANJA ROJA               1,994           1,995                    82                           J-1624 
01RJ    FRANJA ROJA               1,961           1,962                    71                           J-1625 
01RJ    FRANJA ROJA               1,978           1,979                    85                           J-1626 
01RJ    FRANJA ROJA               1,971           1,972                    84                           J-1627 
01RJ    FRANJA ROJA               2,040           2,041                    76                           J-1628 
01RJ    FRANJA ROJA               2,034           2,035                    76                           J-1629 
01RJ    FRANJA ROJA               1,971           1,972                    93                           J-1630 
01RJ    FRANJA ROJA               2,043           2,044                    88                           J-1753 
01RJ    FRANJA ROJA               2,053           2,054                    75                           J-1754 
01RJ    FRANJA ROJA               2,050           2,051                    95                           J-1755 









EMPRESA NACIONAL DE MINERIA (ENM) PRODUCTOR          PACKING LIST                             PAG.  :   2
NATIONAL MINING COMPANY                       CODIGO DE LOTE   : J-1587                      FECHA :02/12/2020
                                              -----------------------------
FLUJO        : 
DESCRIPCION  : CATODOS EW EL SALADO
N° INSTR. DE EMBARQUE : 26324
CLIENTE      : CAROLINE MAERSK
Lote Sipa    : 20100066

----------------------------------------------------------------------------------------------------------------------------- 
MARCA       DESCRIPCION         PESO NETO      PESO BRUTO     GRUPO     UNIDADES       UBICACION         SERIE                
-----------------------------------------------------------------------------------------------------------------------------

01RJ    FRANJA ROJA               2,043           2,044                    103                          J-1756 
01RJ    FRANJA ROJA               1,982           1,983                    71                           J-1757 
01RJ    FRANJA ROJA               2,040           2,041                    86                           J-1758 
01RJ    FRANJA ROJA               2,032           2,033                    66                           J-1759 
01RJ    FRANJA ROJA               2,000           2,001                    70                           J-1760 
01RJ    FRANJA ROJA               1,958           1,959                    61                           J-1761 
01RJ    FRANJA ROJA               2,042           2,043                    68                           J-1762 
01RJ    FRANJA ROJA               1,983           1,984                    70                           J-1763 
01RJ    FRANJA ROJA               1,984           1,985                    69                           J-1764 
01RJ    FRANJA ROJA               2,019           2,020                    71                           J-1765 
01RJ    FRANJA ROJA               1,999           2,000                    85                           J-1766 
01RJ    FRANJA ROJA               2,026           2,027                    72                           J-1768 
01RJ    FRANJA ROJA               2,044           2,045                    80                           J-1769 
01RJ    FRANJA ROJA               2,032           2,033                    68                           J-1770 
01RJ    FRANJA ROJA               1,989           1,990                    63                           J-1771 
01RJ    FRANJA ROJA               1,945           1,946                    92                           J-1772 
01RJ    FRANJA ROJA               2,020           2,021                    66                           J-1773 
01RJ    FRANJA ROJA               1,995           1,996                    81                           J-1774 
01RJ    FRANJA ROJA               1,997           1,998                    94                           J-1775 
01RJ    FRANJA ROJA               1,985           1,986                    92                           J-1776 
01RJ    FRANJA ROJA               1,985           1,986                    80                           J-1777 
01RJ    FRANJA ROJA               2,012           2,013                    67                           J-1778 
01RJ    FRANJA ROJA               2,037           2,038                    80                           J-1779 
01RJ    FRANJA ROJA               2,051           2,052                    84                           J-1780 
01RJ    FRANJA ROJA               2,011           2,012                    63                           J-1781 
01RJ    FRANJA ROJA               1,984           1,985                    88                           J-1783 
01RJ    FRANJA ROJA               2,038           2,039                    103                          J-1784 
01RJ    FRANJA ROJA               2,048           2,049                    75                           J-1785 
01RJ    FRANJA ROJA               1,951           1,952                    88                           J-1786 
01RJ    FRANJA ROJA               2,039           2,040                    73                           J-1787 
01RJ    FRANJA ROJA               2,002           2,003                    89                           J-1788 
01RJ    FRANJA ROJA               1,995           1,996                    95                           J-1789 
01RJ    FRANJA ROJA               1,958           1,959                    71                           J-1790 
01RJ    FRANJA ROJA               2,048           2,049                    85                           J-1791 
01RJ    FRANJA ROJA               1,988           1,989                    66                           J-1792 
01RJ    FRANJA ROJA               2,003           2,004                    101                          J-1793 
01RJ    FRANJA ROJA               2,039           2,040                    104                          J-1794 
01RJ    FRANJA ROJA               2,029           2,030                    80                           J-1795 
01RJ    FRANJA ROJA               1,938           1,939                    82                           J-1796 
01RJ    FRANJA ROJA               2,026           2,027                    90                           J-1870 
01RJ    FRANJA ROJA               1,960           1,961                    87                           J-1871 
01RJ    FRANJA ROJA               1,969           1,970                    85                           J-1872 
01RJ    FRANJA ROJA               2,029           2,030                    83                           J-1873 
01RJ    FRANJA ROJA               2,000           2,001                    78                           J-1874 
01RJ    FRANJA ROJA               2,040           2,041                    78                           J-1875 









EMPRESA NACIONAL DE MINERIA (ENM) PRODUCTOR          PACKING LIST                             PAG.  :   3
NATIONAL MINING COMPANY                       CODIGO DE LOTE   : J-1587                      FECHA :02/12/2020
                                              -----------------------------
FLUJO        : 
DESCRIPCION  : CATODOS EW EL SALADO
N° INSTR. DE EMBARQUE : 26324
CLIENTE      : CAROLINE MAERSK
Lote Sipa    : 20100066

----------------------------------------------------------------------------------------------------------------------------- 
MARCA       DESCRIPCION         PESO NETO      PESO BRUTO     GRUPO     UNIDADES       UBICACION         SERIE                
-----------------------------------------------------------------------------------------------------------------------------

01RJ    FRANJA ROJA               2,014           2,015                    70                           J-1876 
01RJ    FRANJA ROJA               2,043           2,044                    72                           J-1877 
01RJ    FRANJA ROJA               2,049           2,050                    96                           J-1878 
01RJ    FRANJA ROJA               2,035           2,036                    71                           J-1879 
01RJ    FRANJA ROJA               2,019           2,020                    69                           J-1880 
01RJ    FRANJA ROJA               1,957           1,958                    86                           J-1881 
01RJ    FRANJA ROJA               2,001           2,002                    84                           J-1882 
01RJ    FRANJA ROJA               1,997           1,998                    80                           J-1883 


------------------------------------------------------------------------------------------------------------------------
T.SUB-LOTES              TOT.PAQUETES =98      TOT.UNID. = 7806   T/P NETO (kg) = 196,805      T/P BRUTO (kg) = 196,903
------------------------------------------------------------------------------------------------------------------------
