
EMPRESA NACIONAL DE MINERIA (ENM) PRODUCTOR          PACKING LIST                             PAG.  :   1
NATIONAL MINING COMPANY                       CODIGO DE LOTE   : M-15717                      FECHA :16/01/2019
                                              -----------------------------
FLUJO        : 
DESCRIPCION  : CATODOS GRADO A
N° INSTR. DE EMBARQUE : 25051
CLIENTE      : LICA MAERSK
Lote Sipa    : 

----------------------------------------------------------------------------------------------------------------------------- 
MARCA       DESCRIPCION         PESO NETO      PESO BRUTO     GRUPO     UNIDADES       UBICACION         SERIE                
-----------------------------------------------------------------------------------------------------------------------------

01BL    FRANJA BLANCA             1,964           1,965         12         20                           M-15717
01BL    FRANJA BLANCA             1,972           1,973         12         20                           M-15718
01BL    FRANJA BLANCA             2,031           2,032         12         20                           M-15719
01BL    FRANJA BLANCA             2,069           2,070         12         20                           M-15720
01BL    FRANJA BLANCA             2,035           2,036         12         20                           M-15721
01BL    FRANJA BLANCA             2,162           2,163         13         20                           M-15722
01BL    FRANJA BLANCA             2,174           2,175         13         20                           M-15723
01BL    FRANJA BLANCA             2,101           2,102         12         20                           M-15724
01BL    FRANJA BLANCA             1,975           1,976         12         20                           M-15725
01BL    FRANJA BLANCA             1,913           1,914         03         20                           M-15726
01BL    FRANJA BLANCA             1,924           1,925         03         20                           M-15727
01BL    FRANJA BLANCA             2,067           2,068         14         20                           M-15728
01BL    FRANJA BLANCA             1,939           1,940         12         20                           M-15729
01BL    FRANJA BLANCA             2,123           2,124         12         20                           M-15730
01BL    FRANJA BLANCA             2,250           2,251         12         20                           M-15731
01BL    FRANJA BLANCA             2,183           2,184         36         20                           M-15732
01BL    FRANJA BLANCA             2,252           2,253         36         20                           M-15733
01BL    FRANJA BLANCA             2,258           2,259         12         20                           M-15734
01BL    FRANJA BLANCA             2,023           2,024         12         20                           M-15735
01BL    FRANJA BLANCA             2,247           2,248         04         20                           M-15736
01BL    FRANJA BLANCA             2,098           2,099         04         20                           M-15737
01BL    FRANJA BLANCA             2,183           2,184         25         20                           M-15738
01BL    FRANJA BLANCA             1,901           1,902         25         20                           M-15739
01BL    FRANJA BLANCA             1,911           1,912         25         20                           M-15740
01BL    FRANJA BLANCA             2,126           2,127         25         20                           M-15741
01BL    FRANJA BLANCA             2,266           2,267         25         20                           M-15742
01BL    FRANJA BLANCA             2,263           2,264         12         20                           M-15743
01BL    FRANJA BLANCA             2,149           2,150         12         20                           M-15744
01BL    FRANJA BLANCA             2,147           2,148         12         20                           M-15745
01BL    FRANJA BLANCA             2,169           2,170         12         20                           M-15746
01BL    FRANJA BLANCA             2,120           2,121         12         20                           M-15747
01BL    FRANJA BLANCA             1,948           1,949         12         20                           M-15748
01BL    FRANJA BLANCA             2,077           2,078         12         20                           M-15749
01BL    FRANJA BLANCA             2,208           2,209         12         20                           M-15750
01BL    FRANJA BLANCA             2,191           2,192         12         20                           M-15751
01BL    FRANJA BLANCA             2,095           2,096         12         20                           M-15752
01BL    FRANJA BLANCA             2,480           2,481         12         20                           M-15753
01BL    FRANJA BLANCA             2,208           2,209         12         20                           M-15754
01BL    FRANJA BLANCA             2,264           2,265         25         20                           M-15755
01BL    FRANJA BLANCA             1,981           1,982         25         20                           M-15756
01BL    FRANJA BLANCA             2,041           2,042         25         20                           M-15757
01BL    FRANJA BLANCA             2,289           2,290         20         20                           M-15758
01BL    FRANJA BLANCA             2,153           2,154         25         20                           M-15759
01BL    FRANJA BLANCA             2,134           2,135         12         20                           M-15760
01BL    FRANJA BLANCA             1,910           1,911         25         20                           M-15761









EMPRESA NACIONAL DE MINERIA (ENM) PRODUCTOR          PACKING LIST                             PAG.  :   2
NATIONAL MINING COMPANY                       CODIGO DE LOTE   : M-15717                      FECHA :16/01/2019
                                              -----------------------------
FLUJO        : 
DESCRIPCION  : CATODOS GRADO A
N° INSTR. DE EMBARQUE : 25051
CLIENTE      : LICA MAERSK
Lote Sipa    : 

----------------------------------------------------------------------------------------------------------------------------- 
MARCA       DESCRIPCION         PESO NETO      PESO BRUTO     GRUPO     UNIDADES       UBICACION         SERIE                
-----------------------------------------------------------------------------------------------------------------------------

01BL    FRANJA BLANCA             2,244           2,245         25         20                           M-15762
01BL    FRANJA BLANCA             2,217           2,218         25         20                           M-15763
01BL    FRANJA BLANCA             2,283           2,284         25         20                           M-15764
01BL    FRANJA BLANCA             2,238           2,239         25         20                           M-15765
01BL    FRANJA BLANCA             2,408           2,409         25         20                           M-15766
01BL    FRANJA BLANCA             2,209           2,210         25         20                           M-15767
01BL    FRANJA BLANCA             1,990           1,991         25         20                           M-15768
01BL    FRANJA BLANCA             2,205           2,206         20         20                           M-15769
01BL    FRANJA BLANCA             1,992           1,993         25         20                           M-15770
01BL    FRANJA BLANCA             2,416           2,417         20         20                           M-15771
01BL    FRANJA BLANCA             2,078           2,079         25         20                           M-15772
01BL    FRANJA BLANCA             2,270           2,271         20         20                           M-15773
01BL    FRANJA BLANCA             2,276           2,277         20         20                           M-15774
01BL    FRANJA BLANCA             2,189           2,190         20         20                           M-15775
01BL    FRANJA BLANCA             2,147           2,148         25         20                           M-15776
01BL    FRANJA BLANCA             2,209           2,210         25         20                           M-15777
01BL    FRANJA BLANCA             2,252           2,253         25         20                           M-15778
01BL    FRANJA BLANCA             2,030           2,031         25         20                           M-15779
01BL    FRANJA BLANCA             2,143           2,144         33         20                           M-15780
01BL    FRANJA BLANCA             2,182           2,183         20         20                           M-15781
01BL    FRANJA BLANCA             2,119           2,120         20         20                           M-15782
01BL    FRANJA BLANCA             2,018           2,019         33         20                           M-15783
01BL    FRANJA BLANCA             2,094           2,095         20         20                           M-15784
01BL    FRANJA BLANCA             2,248           2,249         20         20                           M-15785
01BL    FRANJA BLANCA             2,273           2,274         20         20                           M-15786
01BL    FRANJA BLANCA             2,559           2,560         20         20                           M-15787
01BL    FRANJA BLANCA             2,211           2,212         20         20                           M-15788
01BL    FRANJA BLANCA             2,256           2,257         25         20                           M-15789
01BL    FRANJA BLANCA             2,463           2,464         12         20                           M-15790
01BL    FRANJA BLANCA             2,357           2,358         20         20                           M-15791
01BL    FRANJA BLANCA             2,282           2,283         20         20                           M-15792
01BL    FRANJA BLANCA             2,073           2,074         20         20                           M-15793
01BL    FRANJA BLANCA             2,181           2,182         20         20                           M-15794
01BL    FRANJA BLANCA             2,216           2,217         20         20                           M-15795
01BL    FRANJA BLANCA             2,351           2,352         20         20                           M-15796
01BL    FRANJA BLANCA             2,290           2,291         20         20                           M-15797
01BL    FRANJA BLANCA             2,053           2,054         20         20                           M-15798
01BL    FRANJA BLANCA             2,000           2,001         20         20                           M-15799
01BL    FRANJA BLANCA             2,068           2,069         33         20                           M-15800
01BL    FRANJA BLANCA             2,241           2,242         20         20                           M-15801
01BL    FRANJA BLANCA             2,161           2,162         33         20                           M-15802
01BL    FRANJA BLANCA             2,224           2,225         33         20                           M-15803
01BL    FRANJA BLANCA             2,022           2,023         20         20                           M-15804
01BL    FRANJA BLANCA             2,072           2,073         20         20                           M-15805
01BL    FRANJA BLANCA             2,019           2,020         20         20                           M-15806









EMPRESA NACIONAL DE MINERIA (ENM) PRODUCTOR          PACKING LIST                             PAG.  :   3
NATIONAL MINING COMPANY                       CODIGO DE LOTE   : M-15717                      FECHA :16/01/2019
                                              -----------------------------
FLUJO        : 
DESCRIPCION  : CATODOS GRADO A
N° INSTR. DE EMBARQUE : 25051
CLIENTE      : LICA MAERSK
Lote Sipa    : 

----------------------------------------------------------------------------------------------------------------------------- 
MARCA       DESCRIPCION         PESO NETO      PESO BRUTO     GRUPO     UNIDADES       UBICACION         SERIE                
-----------------------------------------------------------------------------------------------------------------------------

01BL    FRANJA BLANCA             2,033           2,034         20         20                           M-15807
01BL    FRANJA BLANCA             2,026           2,027         20         20                           M-15808
01BL    FRANJA BLANCA             2,134           2,135         20         20                           M-15809


------------------------------------------------------------------------------------------------------------------------
T.SUB-LOTES              TOT.PAQUETES =93      TOT.UNID. = 1860   T/P NETO (kg) = 199,996      T/P BRUTO (kg) = 200,089
------------------------------------------------------------------------------------------------------------------------
