
EMPRESA NACIONAL DE MINERIA (ENM) PRODUCTOR          PACKING LIST                             PAG.  :   1
NATIONAL MINING COMPANY                       CODIGO DE LOTE   : D-15308                      FECHA :23/05/2019
                                              -----------------------------
FLUJO        : 
DESCRIPCION  : CATODOS GRADO A
N° INSTR. DE EMBARQUE : 25278
CLIENTE      : MAERSK VIRGINIA
Lote Sipa    : 19040550

----------------------------------------------------------------------------------------------------------------------------- 
MARCA       DESCRIPCION         PESO NETO      PESO BRUTO     GRUPO     UNIDADES       UBICACION         SERIE                
-----------------------------------------------------------------------------------------------------------------------------

X0RJ    EQUIS ROJA                2,274           2,275         42         20                           D-15308
X0RJ    EQUIS ROJA                2,339           2,340         41         20                           D-15309
X0RJ    EQUIS ROJA                2,221           2,222         41         20                           D-15310
X0RJ    EQUIS ROJA                2,313           2,314         16         20                           D-15311
X0RJ    EQUIS ROJA                2,497           2,498         32         20                           D-15312
X0RJ    EQUIS ROJA                2,494           2,495         32         20                           D-15313
X0RJ    EQUIS ROJA                2,368           2,369         32         20                           D-15314
X0RJ    EQUIS ROJA                2,701           2,702         11         20                           D-15315
X0RJ    EQUIS ROJA                2,429           2,430         11         20                           D-15316
X0RJ    EQUIS ROJA                2,359           2,360         11         20                           D-15317
X0RJ    EQUIS ROJA                2,464           2,465         11         20                           D-15318
X0RJ    EQUIS ROJA                2,526           2,527         24         20                           D-15319
X0RJ    EQUIS ROJA                2,389           2,390         24         20                           D-15320
X0RJ    EQUIS ROJA                2,344           2,345         04         20                           D-15321
X0RJ    EQUIS ROJA                2,248           2,249         04         20                           D-15322
X0RJ    EQUIS ROJA                2,492           2,493         32         20                           D-15323
X0RJ    EQUIS ROJA                2,518           2,519         04         20                           D-15324
X0RJ    EQUIS ROJA                2,672           2,673         11         20                           D-15325
X0RJ    EQUIS ROJA                2,436           2,437         11         20                           D-15326
X0RJ    EQUIS ROJA                2,434           2,435         04         20                           D-15327
X0RJ    EQUIS ROJA                2,563           2,564         24         20                           D-15328
X0RJ    EQUIS ROJA                2,473           2,474         24         20                           D-15329
X0RJ    EQUIS ROJA                2,456           2,457         04         20                           D-15330
X0RJ    EQUIS ROJA                2,572           2,573         04         20                           D-15331
X0RJ    EQUIS ROJA                2,575           2,576         04         20                           D-15332
X0RJ    EQUIS ROJA                2,563           2,564         24         20                           D-15333
X0RJ    EQUIS ROJA                2,536           2,537         24         20                           D-15334
X0RJ    EQUIS ROJA                2,466           2,467         24         20                           D-15335
X0RJ    EQUIS ROJA                2,639           2,640         24         20                           D-15336
X0RJ    EQUIS ROJA                2,560           2,561         24         20                           D-15337
X0RJ    EQUIS ROJA                2,533           2,534         24         20                           D-15338
X0RJ    EQUIS ROJA                2,604           2,605         24         20                           D-15339
X0RJ    EQUIS ROJA                2,567           2,568         24         20                           D-15340
X0RJ    EQUIS ROJA                2,586           2,587         24         20                           D-15341
X0RJ    EQUIS ROJA                2,617           2,618         24         20                           D-15342
X0RJ    EQUIS ROJA                2,631           2,632         24         20                           D-15343
X0RJ    EQUIS ROJA                2,578           2,579         24         20                           D-15344
X0RJ    EQUIS ROJA                2,555           2,556         24         20                           D-15345
X0RJ    EQUIS ROJA                2,565           2,566         24         20                           D-15346
X0RJ    EQUIS ROJA                2,553           2,554         11         20                           D-15347
X0RJ    EQUIS ROJA                2,438           2,439         12         20                           E-5008 
X0RJ    EQUIS ROJA                2,483           2,484         31         20                           E-5009 
X0RJ    EQUIS ROJA                2,407           2,408         31         20                           E-5010 
X0RJ    EQUIS ROJA                2,531           2,532         46         20                           E-5011 
X0RJ    EQUIS ROJA                2,517           2,518         12         20                           E-5012 









EMPRESA NACIONAL DE MINERIA (ENM) PRODUCTOR          PACKING LIST                             PAG.  :   2
NATIONAL MINING COMPANY                       CODIGO DE LOTE   : D-15308                      FECHA :23/05/2019
                                              -----------------------------
FLUJO        : 
DESCRIPCION  : CATODOS GRADO A
N° INSTR. DE EMBARQUE : 25278
CLIENTE      : MAERSK VIRGINIA
Lote Sipa    : 19040550

----------------------------------------------------------------------------------------------------------------------------- 
MARCA       DESCRIPCION         PESO NETO      PESO BRUTO     GRUPO     UNIDADES       UBICACION         SERIE                
-----------------------------------------------------------------------------------------------------------------------------

X0RJ    EQUIS ROJA                2,584           2,585         12         20                           E-5013 
X0RJ    EQUIS ROJA                2,509           2,510         12         20                           E-5014 
X0RJ    EQUIS ROJA                2,364           2,365         12         20                           E-5015 
X0RJ    EQUIS ROJA                2,399           2,400         12         20                           E-5016 
X0RJ    EQUIS ROJA                2,444           2,445         31         20                           E-5017 
X0RJ    EQUIS ROJA                2,313           2,314         31         20                           E-5018 
X0RJ    EQUIS ROJA                2,341           2,342         31         20                           E-5019 
X0RJ    EQUIS ROJA                2,317           2,318         31         20                           E-5020 
X0RJ    EQUIS ROJA                2,350           2,351         31         20                           E-5021 
X0RJ    EQUIS ROJA                2,444           2,445         31         20                           E-5022 
X0RJ    EQUIS ROJA                2,334           2,335         12         20                           E-5023 
X0RJ    EQUIS ROJA                2,460           2,461         46         20                           E-5024 
X0RJ    EQUIS ROJA                2,368           2,369         46         20                           E-5025 
X0RJ    EQUIS ROJA                2,324           2,325         12         20                           E-5026 
X0RJ    EQUIS ROJA                2,437           2,438         12         20                           E-5027 
X0RJ    EQUIS ROJA                2,396           2,397         12         20                           E-5028 
X0RJ    EQUIS ROJA                2,495           2,496         12         20                           E-5029 
X0RJ    EQUIS ROJA                2,503           2,504         12         20                           E-5030 
X0RJ    EQUIS ROJA                2,524           2,525         31         20                           E-5031 
X0RJ    EQUIS ROJA                2,441           2,442         31         20                           E-5032 
X0RJ    EQUIS ROJA                2,473           2,474         31         20                           E-5033 
X0RJ    EQUIS ROJA                2,420           2,421         31         20                           E-5034 
X0RJ    EQUIS ROJA                2,559           2,560         12         20                           E-5035 
X0RJ    EQUIS ROJA                2,458           2,459         12         20                           E-5036 
X0RJ    EQUIS ROJA                2,424           2,425         12         20                           E-5037 
X0RJ    EQUIS ROJA                2,515           2,516         12         20                           E-5038 
X0RJ    EQUIS ROJA                2,531           2,532         12         20                           E-5039 
X0RJ    EQUIS ROJA                2,490           2,491         12         20                           E-5040 
X0RJ    EQUIS ROJA                2,459           2,460         12         20                           E-5041 
X0RJ    EQUIS ROJA                2,449           2,450         12         20                           E-5042 
X0RJ    EQUIS ROJA                2,465           2,466         12         20                           E-5043 
X0RJ    EQUIS ROJA                2,450           2,451         12         20                           E-5044 
X0RJ    EQUIS ROJA                2,474           2,475         31         20                           E-5045 
X0RJ    EQUIS ROJA                2,541           2,542         12         20                           E-5046 
X0RJ    EQUIS ROJA                2,448           2,449         12         20                           E-5047 
X0RJ    EQUIS ROJA                2,379           2,380         31         20                           E-5048 


------------------------------------------------------------------------------------------------------------------------
T.SUB-LOTES              TOT.PAQUETES =81      TOT.UNID. = 1620   T/P NETO (kg) = 199,968      T/P BRUTO (kg) = 200,049
------------------------------------------------------------------------------------------------------------------------
