
EMPRESA NACIONAL DE MINERIA (ENM) PRODUCTOR          PACKING LIST                             PAG.  :   1
NATIONAL MINING COMPANY                       CODIGO DE LOTE   : E-10088                      FECHA :18/05/2020
                                              -----------------------------
FLUJO        : 
DESCRIPCION  : CATODOS GRADO A
N° INSTR. DE EMBARQUE : 25959
CLIENTE      : RIO BARROW
Lote Sipa    : 

----------------------------------------------------------------------------------------------------------------------------- 
MARCA       DESCRIPCION         PESO NETO      PESO BRUTO     GRUPO     UNIDADES       UBICACION         SERIE                
-----------------------------------------------------------------------------------------------------------------------------

02AZ    DOS FRANJAS AZULES        2,327           2,328         42         20                           E-10088
02AZ    DOS FRANJAS AZULES        2,182           2,183         42         20                           E-10089
02AZ    DOS FRANJAS AZULES        2,144           2,145         22         20                           E-10090
02AZ    DOS FRANJAS AZULES        2,190           2,191         22         20                           E-10091
02AZ    DOS FRANJAS AZULES        2,331           2,332         22         20                           E-10092
02AZ    DOS FRANJAS AZULES        2,095           2,096         22         20                           E-10093
02AZ    DOS FRANJAS AZULES        2,282           2,283         42         20                           E-10094
02AZ    DOS FRANJAS AZULES        2,330           2,331         42         20                           E-10095
02AZ    DOS FRANJAS AZULES        2,378           2,379         42         20                           E-10096
02AZ    DOS FRANJAS AZULES        2,369           2,370         22         20                           E-10097
02AZ    DOS FRANJAS AZULES        2,235           2,236         42         20                           E-10098
02AZ    DOS FRANJAS AZULES        2,110           2,111         42         20                           E-10099
02AZ    DOS FRANJAS AZULES        2,317           2,318         22         20                           E-10100
02AZ    DOS FRANJAS AZULES        2,239           2,240         22         20                           E-10101
02AZ    DOS FRANJAS AZULES        2,161           2,162         42         20                           E-10102
02AZ    DOS FRANJAS AZULES        2,389           2,390         42         20                           E-10103
02AZ    DOS FRANJAS AZULES        2,279           2,280         42         20                           E-10104
02AZ    DOS FRANJAS AZULES        2,254           2,255         32         20                           E-10105
02AZ    DOS FRANJAS AZULES        2,351           2,352         32         20                           E-10106
02AZ    DOS FRANJAS AZULES        1,900           1,901         42         20                           E-10107
02AZ    DOS FRANJAS AZULES        2,083           2,084         42         20                           E-10108
02AZ    DOS FRANJAS AZULES        2,428           2,429         22         20                           E-10109
02AZ    DOS FRANJAS AZULES        2,240           2,241         42         20                           E-10110
02AZ    DOS FRANJAS AZULES        2,292           2,293         22         20                           E-10111
02AZ    DOS FRANJAS AZULES        2,217           2,218         22         20                           E-10112
02AZ    DOS FRANJAS AZULES        2,207           2,208         22         20                           E-10113
02AZ    DOS FRANJAS AZULES        2,222           2,223         22         20                           E-10114
02AZ    DOS FRANJAS AZULES        2,344           2,345         42         20                           E-10115
02AZ    DOS FRANJAS AZULES        2,338           2,339         42         20                           E-10116
02AZ    DOS FRANJAS AZULES        2,329           2,330         42         20                           E-10117
02AZ    DOS FRANJAS AZULES        2,292           2,293         42         20                           E-10118
02AZ    DOS FRANJAS AZULES        2,081           2,082         42         20                           E-10119
02AZ    DOS FRANJAS AZULES        2,381           2,382         42         20                           E-10120
02AZ    DOS FRANJAS AZULES        2,394           2,395         22         20                           E-10121
02AZ    DOS FRANJAS AZULES        2,223           2,224         42         20                           E-10122
02AZ    DOS FRANJAS AZULES        2,168           2,169         42         20                           E-10123
02AZ    DOS FRANJAS AZULES        2,174           2,175         42         20                           E-10124
02AZ    DOS FRANJAS AZULES        2,226           2,227         22         20                           E-10125
02AZ    DOS FRANJAS AZULES        2,246           2,247         22         20                           E-10126
02AZ    DOS FRANJAS AZULES        2,462           2,463         22         20                           E-10127
02AZ    DOS FRANJAS AZULES        2,388           2,389         42         20                           E-10128
02AZ    DOS FRANJAS AZULES        2,157           2,158         42         20                           E-10129
02AZ    DOS FRANJAS AZULES        2,218           2,219         42         20                           E-10130
02AZ    DOS FRANJAS AZULES        2,376           2,377         22         20                           E-10131
02AZ    DOS FRANJAS AZULES        2,218           2,219         42         20                           E-10132









EMPRESA NACIONAL DE MINERIA (ENM) PRODUCTOR          PACKING LIST                             PAG.  :   2
NATIONAL MINING COMPANY                       CODIGO DE LOTE   : E-10088                      FECHA :18/05/2020
                                              -----------------------------
FLUJO        : 
DESCRIPCION  : CATODOS GRADO A
N° INSTR. DE EMBARQUE : 25959
CLIENTE      : RIO BARROW
Lote Sipa    : 

----------------------------------------------------------------------------------------------------------------------------- 
MARCA       DESCRIPCION         PESO NETO      PESO BRUTO     GRUPO     UNIDADES       UBICACION         SERIE                
-----------------------------------------------------------------------------------------------------------------------------

02AZ    DOS FRANJAS AZULES        2,379           2,380         22         20                           E-10133
02AZ    DOS FRANJAS AZULES        2,298           2,299         22         20                           E-10134
02AZ    DOS FRANJAS AZULES        2,105           2,106         42         20                           E-10135
02AZ    DOS FRANJAS AZULES        2,362           2,363         42         20                           E-10136
02AZ    DOS FRANJAS AZULES        2,302           2,303         42         20                           E-10137
02AZ    DOS FRANJAS AZULES        2,376           2,377         42         20                           E-10138
02AZ    DOS FRANJAS AZULES        2,139           2,140         42         20                           E-10139
02AZ    DOS FRANJAS AZULES        2,085           2,086         42         20                           E-10140
02AZ    DOS FRANJAS AZULES        2,344           2,345         22         20                           E-10141
02AZ    DOS FRANJAS AZULES        2,203           2,204         22         20                           E-10142
02AZ    DOS FRANJAS AZULES        2,324           2,325         42         20                           E-10143
02AZ    DOS FRANJAS AZULES        2,363           2,364         42         20                           E-10144
02AZ    DOS FRANJAS AZULES        2,290           2,291         22         20                           E-10145
02AZ    DOS FRANJAS AZULES        2,295           2,296         42         20                           E-10146
02AZ    DOS FRANJAS AZULES        2,208           2,209         42         20                           E-10147
02AZ    DOS FRANJAS AZULES        2,402           2,403         42         20                           E-10148
02AZ    DOS FRANJAS AZULES        2,455           2,456         22         20                           E-10149
02AZ    DOS FRANJAS AZULES        2,203           2,204         22         20                           E-10150
02AZ    DOS FRANJAS AZULES        2,475           2,476         42         20                           E-10151
02AZ    DOS FRANJAS AZULES        2,365           2,366         42         20                           E-10152
02AZ    DOS FRANJAS AZULES        2,332           2,333         22         20                           E-10153
02AZ    DOS FRANJAS AZULES        2,330           2,331         22         20                           E-10154
02AZ    DOS FRANJAS AZULES        2,288           2,289         22         20                           E-10155
02AZ    DOS FRANJAS AZULES        2,222           2,223         22         20                           E-10156
02AZ    DOS FRANJAS AZULES        2,259           2,260         22         20                           E-10157
02AZ    DOS FRANJAS AZULES        2,357           2,358         42         20                           E-10158
02AZ    DOS FRANJAS AZULES        2,349           2,350         42         20                           E-10159
02AZ    DOS FRANJAS AZULES        2,365           2,366         42         20                           E-10160
02AZ    DOS FRANJAS AZULES        2,459           2,460         42         20                           E-10161
02AZ    DOS FRANJAS AZULES        2,244           2,245         22         20                           E-10162
02AZ    DOS FRANJAS AZULES        2,309           2,310         42         20                           E-10163
02AZ    DOS FRANJAS AZULES        2,165           2,166         22         20                           E-10164
02AZ    DOS FRANJAS AZULES        2,296           2,297         22         20                           E-10165
02AZ    DOS FRANJAS AZULES        2,382           2,383         22         20                           E-10166
02AZ    DOS FRANJAS AZULES        2,335           2,336         42         20                           E-10167
02AZ    DOS FRANJAS AZULES        2,263           2,264         42         20                           E-10168
02AZ    DOS FRANJAS AZULES        2,205           2,206         22         20                           E-10169
02AZ    DOS FRANJAS AZULES        2,190           2,191         22         20                           E-10170
02AZ    DOS FRANJAS AZULES        2,192           2,193         22         20                           E-10171
02AZ    DOS FRANJAS AZULES        2,250           2,251         22         20                           E-10172
02AZ    DOS FRANJAS AZULES        2,210           2,211         42         20                           E-10173
02AZ    DOS FRANJAS AZULES        2,223           2,224         22         20                           E-10174
02AZ    DOS FRANJAS AZULES        2,224           2,225         22         20                           E-10175


------------------------------------------------------------------------------------------------------------------------
T.SUB-LOTES              TOT.PAQUETES =88      TOT.UNID. = 1760   T/P NETO (kg) = 199,989      T/P BRUTO (kg) = 200,077
------------------------------------------------------------------------------------------------------------------------
