
EMPRESA NACIONAL DE MINERIA (ENM) PRODUCTOR          PACKING LIST                             PAG.  :   1
NATIONAL MINING COMPANY                       CODIGO DE LOTE   : L-13610                      FECHA :29/11/2018
                                              -----------------------------
FLUJO        : 
DESCRIPCION  : CATODOS GRADO A
N° INSTR. DE EMBARQUE : 24885
CLIENTE      : SAN VICENTE EXPRESS
Lote Sipa    : 18110482

----------------------------------------------------------------------------------------------------------------------------- 
MARCA       DESCRIPCION         PESO NETO      PESO BRUTO     GRUPO     UNIDADES       UBICACION         SERIE                
-----------------------------------------------------------------------------------------------------------------------------

01VE    FRANJA VERDE              2,469           2,470         17         20                           L-13610
01VE    FRANJA VERDE              2,410           2,411         37         20                           L-13611
01VE    FRANJA VERDE              2,371           2,372         37         20                           L-13612
01VE    FRANJA VERDE              2,373           2,374         10         20                           L-13613
01VE    FRANJA VERDE              2,367           2,368         04         20                           L-13614
01VE    FRANJA VERDE              2,362           2,363         29         20                           L-13615
01VE    FRANJA VERDE              2,386           2,387         29         20                           L-13616
01VE    FRANJA VERDE              2,340           2,341         29         20                           L-13617
01VE    FRANJA VERDE              2,401           2,402         29         20                           L-13618
01VE    FRANJA VERDE              2,342           2,343         29         20                           L-13619
01VE    FRANJA VERDE              2,483           2,484         29         20                           L-13620
01VE    FRANJA VERDE              2,461           2,462         32         20                           L-13880
01VE    FRANJA VERDE              2,297           2,298         32         20                           L-13881
01VE    FRANJA VERDE              2,065           2,066         34         20                           L-13882
01VE    FRANJA VERDE              2,029           2,030         34         20                           L-13883
01VE    FRANJA VERDE              2,015           2,016         32         20                           L-13884
01VE    FRANJA VERDE              2,199           2,200         23         20                           L-13885
01VE    FRANJA VERDE              2,287           2,288         11         20                           L-13886
01VE    FRANJA VERDE              2,103           2,104         23         20                           L-13887
01VE    FRANJA VERDE              2,047           2,048         11         20                           L-13888
01VE    FRANJA VERDE              2,170           2,171         11         20                           L-13889
01VE    FRANJA VERDE              2,175           2,176         11         20                           L-13890
01VE    FRANJA VERDE              2,145           2,146         23         20                           L-13891
01VE    FRANJA VERDE              2,432           2,433         32         20                           L-13892
01VE    FRANJA VERDE              2,190           2,191         32         20                           L-13893
01VE    FRANJA VERDE              2,071           2,072         32         20                           L-13894
01VE    FRANJA VERDE              2,009           2,010         32         20                           L-13895
01VE    FRANJA VERDE              2,250           2,251         32         20                           L-13896
01VE    FRANJA VERDE              2,056           2,057         32         20                           L-13897
01VE    FRANJA VERDE              1,968           1,969         34         20                           L-13898
01VE    FRANJA VERDE              2,266           2,267         32         20                           L-13899
01VE    FRANJA VERDE              2,213           2,214         34         20                           L-13900
01VE    FRANJA VERDE              2,266           2,267         11         20                           L-13901
01VE    FRANJA VERDE              2,078           2,079         11         20                           L-13902
01VE    FRANJA VERDE              2,263           2,264         34         20                           L-13903
01VE    FRANJA VERDE              2,259           2,260         34         20                           L-13904
01VE    FRANJA VERDE              2,205           2,206         11         20                           L-13905
01VE    FRANJA VERDE              2,107           2,108         11         20                           L-13906
01VE    FRANJA VERDE              2,245           2,246         11         20                           L-13907
01VE    FRANJA VERDE              2,421           2,422         32         20                           L-13908
01VE    FRANJA VERDE              2,249           2,250         34         20                           L-13909
01VE    FRANJA VERDE              2,004           2,005         32         20                           L-13910
01VE    FRANJA VERDE              2,284           2,285         34         20                           L-13911
01VE    FRANJA VERDE              2,459           2,460         32         20                           L-13912
01VE    FRANJA VERDE              2,090           2,091         34         20                           L-13913









EMPRESA NACIONAL DE MINERIA (ENM) PRODUCTOR          PACKING LIST                             PAG.  :   2
NATIONAL MINING COMPANY                       CODIGO DE LOTE   : L-13610                      FECHA :29/11/2018
                                              -----------------------------
FLUJO        : 
DESCRIPCION  : CATODOS GRADO A
N° INSTR. DE EMBARQUE : 24885
CLIENTE      : SAN VICENTE EXPRESS
Lote Sipa    : 18110482

----------------------------------------------------------------------------------------------------------------------------- 
MARCA       DESCRIPCION         PESO NETO      PESO BRUTO     GRUPO     UNIDADES       UBICACION         SERIE                
-----------------------------------------------------------------------------------------------------------------------------

01VE    FRANJA VERDE              2,182           2,183         32         20                           L-13914
01VE    FRANJA VERDE              2,012           2,013         34         20                           L-13915
01VE    FRANJA VERDE              2,115           2,116         34         20                           L-13916
01VE    FRANJA VERDE              1,996           1,997         32         20                           L-13917
01VE    FRANJA VERDE              2,465           2,466         42         20                           L-13918
01VE    FRANJA VERDE              2,019           2,020         32         20                           L-13919
01VE    FRANJA VERDE              2,014           2,015         34         20                           L-13920
01VE    FRANJA VERDE              2,158           2,159         32         20                           L-13921
01VE    FRANJA VERDE              2,235           2,236         42         20                           L-13922
01VE    FRANJA VERDE              2,451           2,452         23         20                           L-13923
01VE    FRANJA VERDE              2,054           2,055         34         20                           L-13924
01VE    FRANJA VERDE              2,419           2,420         42         20                           L-13925
01VE    FRANJA VERDE              2,238           2,239         34         20                           L-13926
01VE    FRANJA VERDE              2,464           2,465         23         20                           L-13927
01VE    FRANJA VERDE              2,180           2,181         34         20                           L-13928
01VE    FRANJA VERDE              2,280           2,281         42         20                           L-13929
01VE    FRANJA VERDE              2,431           2,432         23         20                           L-13930
01VE    FRANJA VERDE              2,321           2,322         34         20                           L-13931
01VE    FRANJA VERDE              2,340           2,341         34         20                           L-13932
01VE    FRANJA VERDE              2,414           2,415         23         20                           L-13933
01VE    FRANJA VERDE              2,290           2,291         23         20                           L-13934
01VE    FRANJA VERDE              2,442           2,443         23         20                           L-13935
01VE    FRANJA VERDE              2,177           2,178         34         20                           L-13936
01VE    FRANJA VERDE              2,376           2,377         23         20                           L-13937
01VE    FRANJA VERDE              2,213           2,214         23         20                           L-13938
01VE    FRANJA VERDE              2,211           2,212         34         20                           L-13939
01VE    FRANJA VERDE              2,302           2,303         32         20                           L-13940
01VE    FRANJA VERDE              2,432           2,433         42         20                           L-13941
01VE    FRANJA VERDE              2,311           2,312         42         20                           L-13942
01VE    FRANJA VERDE              2,249           2,250         34         20                           L-13943
01VE    FRANJA VERDE              2,429           2,430         42         20                           L-13944
01VE    FRANJA VERDE              2,416           2,417         23         20                           L-13945
01VE    FRANJA VERDE              2,414           2,415         23         20                           L-13946
01VE    FRANJA VERDE              2,466           2,467         23         20                           L-13947
01VE    FRANJA VERDE              2,174           2,175         34         20                           L-13948
01VE    FRANJA VERDE              2,474           2,475         42         20                           L-13949
01VE    FRANJA VERDE              2,239           2,240         32         20                           L-13950
01VE    FRANJA VERDE              2,398           2,399         32         20                           L-13951
01VE    FRANJA VERDE              2,166           2,167         32         20                           L-13952
01VE    FRANJA VERDE              2,474           2,475         23         20                           L-13953
01VE    FRANJA VERDE              2,243           2,244         32         20                           L-13954
01VE    FRANJA VERDE              2,371           2,372         42         20                           L-13955
01VE    FRANJA VERDE              2,249           2,250         32         20                           L-13956
01VE    FRANJA VERDE              2,429           2,430         23         20                           L-13957
01VE    FRANJA VERDE              2,297           2,298         34         20                           L-13958









EMPRESA NACIONAL DE MINERIA (ENM) PRODUCTOR          PACKING LIST                             PAG.  :   3
NATIONAL MINING COMPANY                       CODIGO DE LOTE   : L-13610                      FECHA :29/11/2018
                                              -----------------------------
FLUJO        : 
DESCRIPCION  : CATODOS GRADO A
N° INSTR. DE EMBARQUE : 24885
CLIENTE      : SAN VICENTE EXPRESS
Lote Sipa    : 18110482

----------------------------------------------------------------------------------------------------------------------------- 
MARCA       DESCRIPCION         PESO NETO      PESO BRUTO     GRUPO     UNIDADES       UBICACION         SERIE                
-----------------------------------------------------------------------------------------------------------------------------

01VE    FRANJA VERDE              2,306           2,307         23         20                           L-13959
01VE    FRANJA VERDE              2,483           2,484         23         20                           L-13960
01VE    FRANJA VERDE              2,182           2,183         34         20                           L-13961
01VE    FRANJA VERDE              2,483           2,484         42         20                           L-13962
01VE    FRANJA VERDE              2,102           2,103         34         20                           L-13963
01VE    FRANJA VERDE              2,385           2,386         23         20                           L-13964
01VE    FRANJA VERDE              2,466           2,467         42         20                           L-13965
01VE    FRANJA VERDE              2,285           2,286         32         20                           L-13966
01VE    FRANJA VERDE              2,362           2,363         42         20                           L-13967
01VE    FRANJA VERDE              2,467           2,468         23         20                           L-13968
01VE    FRANJA VERDE              2,513           2,514         23         20                           L-13969
01VE    FRANJA VERDE              2,448           2,449         23         20                           L-13970
01VE    FRANJA VERDE              2,291           2,292         42         20                           L-13971
01VE    FRANJA VERDE              2,375           2,376         42         20                           L-13972
01VE    FRANJA VERDE              2,224           2,225         34         20                           L-13973
01VE    FRANJA VERDE              2,448           2,449         23         20                           L-13974
01VE    FRANJA VERDE              2,374           2,375         23         20                           L-13975
01VE    FRANJA VERDE              2,471           2,472         23         20                           L-13976
01VE    FRANJA VERDE              2,430           2,431         42         20                           L-13977
01VE    FRANJA VERDE              2,414           2,415         42         20                           L-13978
01VE    FRANJA VERDE              2,279           2,280         34         20                           L-13979
01VE    FRANJA VERDE              2,414           2,415         34         20                           L-13980
01VE    FRANJA VERDE              2,362           2,363         23         20                           L-13981
01VE    FRANJA VERDE              2,346           2,347         23         20                           L-13982
01VE    FRANJA VERDE              2,324           2,325         42         20                           L-13983
01VE    FRANJA VERDE              2,263           2,264         23         20                           L-13984
01VE    FRANJA VERDE              2,389           2,390         23         20                           L-13985
01VE    FRANJA VERDE              2,193           2,194         34         20                           L-13986
01VE    FRANJA VERDE              2,409           2,410         23         20                           L-13987
01VE    FRANJA VERDE              2,330           2,331         42         20                           L-13988
01VE    FRANJA VERDE              2,355           2,356         23         20                           L-13989
01VE    FRANJA VERDE              2,341           2,342         42         20                           L-13990
01VE    FRANJA VERDE              2,373           2,374         23         20                           L-13991
01VE    FRANJA VERDE              2,469           2,470         42         20                           L-13992
01VE    FRANJA VERDE              2,385           2,386         32         20                           L-13993
01VE    FRANJA VERDE              2,380           2,381         42         20                           L-13994
01VE    FRANJA VERDE              2,376           2,377         23         20                           L-13995
01VE    FRANJA VERDE              2,322           2,323         42         20                           L-13996
01VE    FRANJA VERDE              2,416           2,417         23         20                           L-13997
01VE    FRANJA VERDE              2,265           2,266         42         20                           L-13998
01VE    FRANJA VERDE              2,348           2,349         23         20                           L-13999
01VE    FRANJA VERDE              2,454           2,455         23         20                           L-14000
01VE    FRANJA VERDE              2,379           2,380         23         20                           L-14001
01VE    FRANJA VERDE              2,401           2,402         23         20                           L-14002
01VE    FRANJA VERDE              2,424           2,425         23         20                           L-14003









EMPRESA NACIONAL DE MINERIA (ENM) PRODUCTOR          PACKING LIST                             PAG.  :   4
NATIONAL MINING COMPANY                       CODIGO DE LOTE   : L-13610                      FECHA :29/11/2018
                                              -----------------------------
FLUJO        : 
DESCRIPCION  : CATODOS GRADO A
N° INSTR. DE EMBARQUE : 24885
CLIENTE      : SAN VICENTE EXPRESS
Lote Sipa    : 18110482

----------------------------------------------------------------------------------------------------------------------------- 
MARCA       DESCRIPCION         PESO NETO      PESO BRUTO     GRUPO     UNIDADES       UBICACION         SERIE                
-----------------------------------------------------------------------------------------------------------------------------

01VE    FRANJA VERDE              2,294           2,295         23         20                           L-14004
01VE    FRANJA VERDE              2,471           2,472         42         20                           L-14005
01VE    FRANJA VERDE              2,204           2,205         34         20                           L-14006
01VE    FRANJA VERDE              2,361           2,362         23         20                           L-14007
01VE    FRANJA VERDE              2,246           2,247         34         20                           L-14008
01VE    FRANJA VERDE              2,416           2,417         23         20                           L-14009
01VE    FRANJA VERDE              2,459           2,460         42         20                           L-14010
01VE    FRANJA VERDE              2,298           2,299         42         20                           L-14011
01VE    FRANJA VERDE              2,468           2,469         23         20                           L-14012
01VE    FRANJA VERDE              2,397           2,398         06         20                           L-14013
01VE    FRANJA VERDE              2,281           2,282         23         20                           L-14014
01VE    FRANJA VERDE              2,310           2,311         06         20                           L-14015
01VE    FRANJA VERDE              2,312           2,313         42         20                           L-14016
01VE    FRANJA VERDE              2,109           2,110         23         20                           L-14017
01VE    FRANJA VERDE              2,311           2,312         42         20                           L-14018
01VE    FRANJA VERDE              2,430           2,431         42         20                           L-14019
01VE    FRANJA VERDE              2,389           2,390         06         20                           L-14020


------------------------------------------------------------------------------------------------------------------------
T.SUB-LOTES              TOT.PAQUETES =152      TOT.UNID. = 3040   T/P NETO (kg) = 349,974      T/P BRUTO (kg) = 350,126
------------------------------------------------------------------------------------------------------------------------
