
EMPRESA NACIONAL DE MINERIA (ENM) PRODUCTOR          PACKING LIST                             PAG.  :   1
NATIONAL MINING COMPANY                       CODIGO DE LOTE   : D-3221                      FECHA :26/05/2022
                                              -----------------------------
FLUJO        : 
DESCRIPCION  : CATODOS EW MATTA
N° INSTR. DE EMBARQUE : 27381
CLIENTE      : MAERSK SAVANNAH
Lote Sipa    : 22030276

----------------------------------------------------------------------------------------------------------------------------- 
MARCA       DESCRIPCION         PESO NETO      PESO BRUTO     GRUPO     UNIDADES       UBICACION         SERIE                
-----------------------------------------------------------------------------------------------------------------------------

01CE    FRANJA CELESTE            2,031           2,032                    65                           C-3338 
01CE    FRANJA CELESTE            2,037           2,038                    68                           C-3339 
01CE    FRANJA CELESTE            2,050           2,051                    64                           C-3340 
01CE    FRANJA CELESTE            1,997           1,998                    57                           C-3341 
01CE    FRANJA CELESTE            2,033           2,034                    66                           C-3342 
01CE    FRANJA CELESTE            2,011           2,012                    50                           C-3343 
01CE    FRANJA CELESTE            2,016           2,017                    57                           C-3344 
01CE    FRANJA CELESTE            2,018           2,019                    50                           C-3345 
01CE    FRANJA CELESTE            2,026           2,027                    65                           C-3346 
01CE    FRANJA CELESTE            2,048           2,049                    61                           C-3347 
01CE    FRANJA CELESTE            2,024           2,025                    50                           C-3348 
01CE    FRANJA CELESTE            2,038           2,039                    52                           C-3349 
01CE    FRANJA CELESTE            2,021           2,022                    52                           C-3350 
01CE    FRANJA CELESTE            2,009           2,010                    61                           C-3454 
01CE    FRANJA CELESTE            2,025           2,026                    61                           C-3455 
01CE    FRANJA CELESTE            2,022           2,023                    66                           C-3456 
01CE    FRANJA CELESTE            2,002           2,003                    61                           C-3457 
01CE    FRANJA CELESTE            2,015           2,016                    67                           C-3458 
01CE    FRANJA CELESTE            2,004           2,005                    59                           C-3459 
01CE    FRANJA CELESTE            2,014           2,015                    65                           C-3460 
01CE    FRANJA CELESTE            2,013           2,014                    66                           C-3461 
01CE    FRANJA CELESTE            2,009           2,010                    66                           C-3462 
01CE    FRANJA CELESTE            2,013           2,014                    78                           C-3463 
01CE    FRANJA CELESTE            2,011           2,012                    62                           C-3464 
01CE    FRANJA CELESTE            2,011           2,012                    68                           C-3465 
01CE    FRANJA CELESTE            2,028           2,029                    74                           C-3466 
01CE    FRANJA CELESTE            2,044           2,045                    72                           D-3221 
01CE    FRANJA CELESTE            2,038           2,039                    58                           D-3222 
01CE    FRANJA CELESTE            2,039           2,040                    61                           D-3223 
01CE    FRANJA CELESTE            2,036           2,037                    60                           D-3224 
01CE    FRANJA CELESTE            2,013           2,014                    60                           D-3225 
01CE    FRANJA CELESTE            2,028           2,029                    60                           D-3226 
01CE    FRANJA CELESTE            2,036           2,037                    60                           D-3227 
01CE    FRANJA CELESTE            2,041           2,042                    63                           D-3228 
01CE    FRANJA CELESTE            2,017           2,018                    59                           D-3229 
01CE    FRANJA CELESTE            2,023           2,024                    60                           D-3230 
01CE    FRANJA CELESTE            2,018           2,019                    58                           D-3231 
01CE    FRANJA CELESTE            2,047           2,048                    58                           D-3232 
01CE    FRANJA CELESTE            2,020           2,021                    58                           D-3233 
01CE    FRANJA CELESTE            2,015           2,016                    45                           D-3235 
01CE    FRANJA CELESTE            2,032           2,033                    73                           D-3236 
01CE    FRANJA CELESTE            2,027           2,028                    55                           D-3237 
01CE    FRANJA CELESTE            2,008           2,009                    69                           D-3238 
01CE    FRANJA CELESTE            2,032           2,033                    53                           D-3239 
01CE    FRANJA CELESTE            2,024           2,025                    63                           D-3240 









EMPRESA NACIONAL DE MINERIA (ENM) PRODUCTOR          PACKING LIST                             PAG.  :   2
NATIONAL MINING COMPANY                       CODIGO DE LOTE   : D-3221                      FECHA :26/05/2022
                                              -----------------------------
FLUJO        : 
DESCRIPCION  : CATODOS EW MATTA
N° INSTR. DE EMBARQUE : 27381
CLIENTE      : MAERSK SAVANNAH
Lote Sipa    : 22030276

----------------------------------------------------------------------------------------------------------------------------- 
MARCA       DESCRIPCION         PESO NETO      PESO BRUTO     GRUPO     UNIDADES       UBICACION         SERIE                
-----------------------------------------------------------------------------------------------------------------------------

01CE    FRANJA CELESTE            2,048           2,049                    64                           D-3241 
01CE    FRANJA CELESTE            2,009           2,010                    62                           D-3242 
01CE    FRANJA CELESTE            2,040           2,041                    72                           D-3243 
01CE    FRANJA CELESTE            2,035           2,036                    71                           D-3244 
01CE    FRANJA CELESTE            2,019           2,020                    69                           D-3245 
01CE    FRANJA CELESTE            2,028           2,029                    70                           D-3246 
01CE    FRANJA CELESTE            2,041           2,042                    70                           D-3247 
01CE    FRANJA CELESTE            2,013           2,014                    70                           D-3248 
01CE    FRANJA CELESTE            2,015           2,016                    57                           D-3250 
01CE    FRANJA CELESTE            2,031           2,032                    77                           D-3251 
01CE    FRANJA CELESTE            1,995           1,996                    69                           D-3252 
01CE    FRANJA CELESTE            2,045           2,046                    73                           D-3253 
01CE    FRANJA CELESTE            2,044           2,045                    54                           D-3254 
01CE    FRANJA CELESTE            2,015           2,016                    66                           D-3255 
01CE    FRANJA CELESTE            2,001           2,002                    66                           D-3256 
01CE    FRANJA CELESTE            2,045           2,046                    66                           D-3257 
01CE    FRANJA CELESTE            2,027           2,028                    68                           D-3258 
01CE    FRANJA CELESTE            2,019           2,020                    64                           D-3259 
01CE    FRANJA CELESTE            2,023           2,024                    73                           D-3260 
01CE    FRANJA CELESTE            2,025           2,026                    67                           D-3261 
01CE    FRANJA CELESTE            2,025           2,026                    65                           D-3262 
01CE    FRANJA CELESTE            2,013           2,014                    54                           D-3264 
01CE    FRANJA CELESTE            2,014           2,015                    54                           D-3265 
01CE    FRANJA CELESTE            2,028           2,029                    51                           D-3266 
01CE    FRANJA CELESTE            2,043           2,044                    55                           D-3267 
01CE    FRANJA CELESTE            2,043           2,044                    50                           D-3268 
01CE    FRANJA CELESTE            2,023           2,024                    56                           D-3269 
01CE    FRANJA CELESTE            2,023           2,024                    56                           D-3270 
01CE    FRANJA CELESTE            2,021           2,022                    57                           D-3271 
01CE    FRANJA CELESTE            2,038           2,039                    52                           D-3272 
01CE    FRANJA CELESTE            2,012           2,013                    55                           D-3273 
01CE    FRANJA CELESTE            2,030           2,031                    50                           D-3274 
01CE    FRANJA CELESTE            2,018           2,019                    51                           D-3275 
01CE    FRANJA CELESTE            2,025           2,026                    50                           D-3276 
01CE    FRANJA CELESTE            2,021           2,022                    55                           D-3277 
01CE    FRANJA CELESTE            2,017           2,018                    54                           D-3279 
01CE    FRANJA CELESTE            2,021           2,022                    52                           D-3280 
01CE    FRANJA CELESTE            2,039           2,040                    58                           D-3281 
01CE    FRANJA CELESTE            2,033           2,034                    56                           D-3282 
01CE    FRANJA CELESTE            2,024           2,025                    60                           D-3283 
01CE    FRANJA CELESTE            2,027           2,028                    56                           D-3284 
01CE    FRANJA CELESTE            2,021           2,022                    54                           D-3285 
01CE    FRANJA CELESTE            2,006           2,007                    53                           D-3286 
01CE    FRANJA CELESTE            2,010           2,011                    55                           D-3287 
01CE    FRANJA CELESTE            2,035           2,036                    54                           D-3288 









EMPRESA NACIONAL DE MINERIA (ENM) PRODUCTOR          PACKING LIST                             PAG.  :   3
NATIONAL MINING COMPANY                       CODIGO DE LOTE   : D-3221                      FECHA :26/05/2022
                                              -----------------------------
FLUJO        : 
DESCRIPCION  : CATODOS EW MATTA
N° INSTR. DE EMBARQUE : 27381
CLIENTE      : MAERSK SAVANNAH
Lote Sipa    : 22030276

----------------------------------------------------------------------------------------------------------------------------- 
MARCA       DESCRIPCION         PESO NETO      PESO BRUTO     GRUPO     UNIDADES       UBICACION         SERIE                
-----------------------------------------------------------------------------------------------------------------------------

01CE    FRANJA CELESTE            2,013           2,014                    52                           D-3289 
01CE    FRANJA CELESTE            2,025           2,026                    48                           D-3290 
01CE    FRANJA CELESTE            2,025           2,026                    59                           D-3291 
01CE    FRANJA CELESTE            2,014           2,015                    55                           D-3292 
01CE    FRANJA CELESTE            2,040           2,041                    68                           D-3310 
01CE    FRANJA CELESTE            2,036           2,037                    51                           D-3311 
01CE    FRANJA CELESTE            2,025           2,026                    53                           D-3312 
01CE    FRANJA CELESTE            2,040           2,041                    54                           D-3313 
01CE    FRANJA CELESTE            2,026           2,027                    62                           D-3314 
01CE    FRANJA CELESTE            2,039           2,040                    60                           D-3315 
01CE    FRANJA CELESTE            2,019           2,020                    56                           D-3316 
01CE    FRANJA CELESTE            2,018           2,019                    59                           D-3317 
01CE    FRANJA CELESTE            2,010           2,011                    54                           D-3318 
01CE    FRANJA CELESTE            2,017           2,018                    59                           D-3319 
01CE    FRANJA CELESTE            2,053           2,054                    58                           D-3320 
01CE    FRANJA CELESTE            2,014           2,015                    60                           D-3321 
01CE    FRANJA CELESTE            2,004           2,005                    57                           D-3322 
01CE    FRANJA CELESTE            2,040           2,041                    59                           D-3323 
01CE    FRANJA CELESTE            2,031           2,032                    59                           D-3325 
01CE    FRANJA CELESTE            2,044           2,045                    60                           D-3326 
01CE    FRANJA CELESTE            2,014           2,015                    56                           D-3327 
01CE    FRANJA CELESTE            2,033           2,034                    61                           D-3328 
01CE    FRANJA CELESTE            2,017           2,018                    57                           D-3329 
01CE    FRANJA CELESTE            2,028           2,029                    59                           D-3330 
01CE    FRANJA CELESTE            2,030           2,031                    57                           D-3331 
01CE    FRANJA CELESTE            2,042           2,043                    62                           D-3332 
01CE    FRANJA CELESTE            2,011           2,012                    57                           D-3333 
01CE    FRANJA CELESTE            2,038           2,039                    57                           D-3334 
01CE    FRANJA CELESTE            2,042           2,043                    59                           D-3335 
01CE    FRANJA CELESTE            2,031           2,032                    59                           D-3336 
01CE    FRANJA CELESTE            2,022           2,023                    58                           D-3337 


------------------------------------------------------------------------------------------------------------------------
T.SUB-LOTES              TOT.PAQUETES =121      TOT.UNID. = 7252   T/P NETO (kg) = 245,033      T/P BRUTO (kg) = 245,154
------------------------------------------------------------------------------------------------------------------------
