
EMPRESA NACIONAL DE MINERIA (ENM) PRODUCTOR          PACKING LIST                             PAG.  :   1
NATIONAL MINING COMPANY                       CODIGO DE LOTE   : C-4960                      FECHA :05/03/2019
                                              -----------------------------
FLUJO        : 
DESCRIPCION  : CATODOS GRADO A
N° INSTR. DE EMBARQUE : 57247
CLIENTE      : 
Lote Sipa    : 

----------------------------------------------------------------------------------------------------------------------------- 
MARCA       DESCRIPCION         PESO NETO      PESO BRUTO     GRUPO     UNIDADES       UBICACION         SERIE                
-----------------------------------------------------------------------------------------------------------------------------

01CE    FRANJA CELESTE            2,241           2,242         45         20                           C-4960 
01CE    FRANJA CELESTE            2,132           2,133         45         20                           C-4961 
01CE    FRANJA CELESTE            2,262           2,263         45         20                           C-4962 
01CE    FRANJA CELESTE            2,218           2,219         45         20                           C-4963 
01CE    FRANJA CELESTE            2,285           2,286         45         20                           C-4964 
01CE    FRANJA CELESTE            2,211           2,212         45         20                           C-4965 
01CE    FRANJA CELESTE            2,090           2,091         39         20                           C-4966 
01CE    FRANJA CELESTE            2,290           2,291         45         20                           C-4967 
01CE    FRANJA CELESTE            2,331           2,332         45         20                           C-4968 
01CE    FRANJA CELESTE            2,073           2,074         45         20                           C-4969 
01CE    FRANJA CELESTE            2,234           2,235         45         20                           C-4970 
01CE    FRANJA CELESTE            2,334           2,335         45         20                           C-4971 
01CE    FRANJA CELESTE            2,118           2,119         45         20                           C-4972 
01CE    FRANJA CELESTE            2,300           2,301         45         20                           C-4973 
01CE    FRANJA CELESTE            2,371           2,372         45         20                           C-4974 
01CE    FRANJA CELESTE            2,132           2,133         45         20                           C-4975 
01CE    FRANJA CELESTE            2,288           2,289         45         20                           C-4976 
01CE    FRANJA CELESTE            2,347           2,348         45         20                           C-4977 
01CE    FRANJA CELESTE            2,171           2,172         45         20                           C-4978 
01CE    FRANJA CELESTE            1,930           1,931         39         20                           C-4979 
01CE    FRANJA CELESTE            2,278           2,279         39         20                           C-4980 
01CE    FRANJA CELESTE            2,322           2,323         39         20                           C-4981 
01CE    FRANJA CELESTE            2,161           2,162         39         20                           C-4982 
01CE    FRANJA CELESTE            2,290           2,291         39         20                           C-4983 
01CE    FRANJA CELESTE            2,155           2,156         39         20                           C-4984 
01CE    FRANJA CELESTE            2,346           2,347         45         20                           C-4985 
01CE    FRANJA CELESTE            2,324           2,325         45         20                           C-4986 
01CE    FRANJA CELESTE            2,208           2,209         45         20                           C-4987 
01CE    FRANJA CELESTE            2,356           2,357         45         20                           C-4988 
01CE    FRANJA CELESTE            2,364           2,365         45         20                           C-4989 
01CE    FRANJA CELESTE            2,170           2,171         45         20                           C-4990 
01CE    FRANJA CELESTE            2,342           2,343         45         20                           C-4991 
01CE    FRANJA CELESTE            2,092           2,093         39         20                           C-4992 
01CE    FRANJA CELESTE            2,315           2,316         39         20                           C-4993 
01CE    FRANJA CELESTE            2,334           2,335         39         20                           C-4994 
01CE    FRANJA CELESTE            2,184           2,185         39         20                           C-4995 
01CE    FRANJA CELESTE            2,192           2,193         39         20                           C-4996 
01CE    FRANJA CELESTE            2,216           2,217         39         20                           C-4997 
01CE    FRANJA CELESTE            2,286           2,287         39         20                           C-4998 
01CE    FRANJA CELESTE            2,126           2,127         39         20                           C-4999 
01CE    FRANJA CELESTE            2,197           2,198         39         20                           C-5000 
01CE    FRANJA CELESTE            2,223           2,224         39         20                           C-5001 
01CE    FRANJA CELESTE            2,252           2,253         39         20                           C-5002 
01CE    FRANJA CELESTE            2,164           2,165         39         20                           C-5003 
01CE    FRANJA CELESTE            2,165           2,166         39         20                           C-5004 









EMPRESA NACIONAL DE MINERIA (ENM) PRODUCTOR          PACKING LIST                             PAG.  :   2
NATIONAL MINING COMPANY                       CODIGO DE LOTE   : C-4960                      FECHA :05/03/2019
                                              -----------------------------
FLUJO        : 
DESCRIPCION  : CATODOS GRADO A
N° INSTR. DE EMBARQUE : 57247
CLIENTE      : 
Lote Sipa    : 

----------------------------------------------------------------------------------------------------------------------------- 
MARCA       DESCRIPCION         PESO NETO      PESO BRUTO     GRUPO     UNIDADES       UBICACION         SERIE                
-----------------------------------------------------------------------------------------------------------------------------

01CE    FRANJA CELESTE            2,363           2,364         39         20                           C-5005 
01CE    FRANJA CELESTE            2,210           2,211         39         20                           C-5006 
01CE    FRANJA CELESTE            2,353           2,354         39         20                           C-5007 
01CE    FRANJA CELESTE            2,315           2,316         39         20                           C-5008 
01CE    FRANJA CELESTE            2,254           2,255         39         20                           C-5009 
01CE    FRANJA CELESTE            2,279           2,280         39         20                           C-5010 
01CE    FRANJA CELESTE            2,202           2,203         39         20                           C-5011 
01CE    FRANJA CELESTE            2,327           2,328         39         20                           C-5012 
01CE    FRANJA CELESTE            2,219           2,220         39         20                           C-5013 
01CE    FRANJA CELESTE            2,246           2,247         39         20                           C-5014 
01CE    FRANJA CELESTE            2,091           2,092         28         20                           C-5015 
01CE    FRANJA CELESTE            2,200           2,201         28         20                           C-5016 
01CE    FRANJA CELESTE            2,345           2,346         28         20                           C-5017 
01CE    FRANJA CELESTE            2,366           2,367         28         20                           C-5018 
01CE    FRANJA CELESTE            2,272           2,273         28         20                           C-5019 
01CE    FRANJA CELESTE            2,486           2,487         28         20                           C-5020 
01CE    FRANJA CELESTE            2,293           2,294         28         20                           C-5021 
01CE    FRANJA CELESTE            2,531           2,532         28         20                           C-5022 
01CE    FRANJA CELESTE            2,324           2,325         28         20                           C-5023 
01CE    FRANJA CELESTE            2,577           2,578         28         20                           C-5024 
01CE    FRANJA CELESTE            2,325           2,326         28         20                           C-5025 
01CE    FRANJA CELESTE            2,233           2,234         28         20                           C-5026 
01CE    FRANJA CELESTE            2,345           2,346         28         20                           C-5027 
01CE    FRANJA CELESTE            2,313           2,314         28         20                           C-5028 
01CE    FRANJA CELESTE            2,510           2,511         28         20                           C-5029 
01CE    FRANJA CELESTE            2,210           2,211         28         20                           C-5030 
01CE    FRANJA CELESTE            2,487           2,488         18         20                           C-5031 
01CE    FRANJA CELESTE            2,523           2,524         18         20                           C-5032 
01CE    FRANJA CELESTE            2,326           2,327         18         20                           C-5033 
01CE    FRANJA CELESTE            2,526           2,527         18         20                           C-5034 
01CE    FRANJA CELESTE            2,376           2,377         18         20                           C-5035 
01CE    FRANJA CELESTE            2,344           2,345         18         20                           C-5036 
01CE    FRANJA CELESTE            2,549           2,550         18         20                           C-5037 
01CE    FRANJA CELESTE            2,217           2,218         18         20                           C-5038 
01CE    FRANJA CELESTE            2,230           2,231         18         20                           C-5039 
01CE    FRANJA CELESTE            2,434           2,435         18         20                           C-5040 
01CE    FRANJA CELESTE            2,228           2,229         18         20                           C-5041 
01CE    FRANJA CELESTE            2,268           2,269         18         20                           C-5042 
01CE    FRANJA CELESTE            2,310           2,311         18         20                           C-5043 
01CE    FRANJA CELESTE            2,482           2,483         18         20                           C-5044 
01CE    FRANJA CELESTE            2,410           2,411         18         20                           C-5045 
01CE    FRANJA CELESTE            2,291           2,292         18         20                           C-5046 
01CE    FRANJA CELESTE            2,307           2,308         18         20                           C-5047 
01CE    FRANJA CELESTE            2,337           2,338         18         20                           C-5048 
01CE    FRANJA CELESTE            2,348           2,349         18         20                           C-5049 









EMPRESA NACIONAL DE MINERIA (ENM) PRODUCTOR          PACKING LIST                             PAG.  :   3
NATIONAL MINING COMPANY                       CODIGO DE LOTE   : C-4960                      FECHA :05/03/2019
                                              -----------------------------
FLUJO        : 
DESCRIPCION  : CATODOS GRADO A
N° INSTR. DE EMBARQUE : 57247
CLIENTE      : 
Lote Sipa    : 

----------------------------------------------------------------------------------------------------------------------------- 
MARCA       DESCRIPCION         PESO NETO      PESO BRUTO     GRUPO     UNIDADES       UBICACION         SERIE                
-----------------------------------------------------------------------------------------------------------------------------

01CE    FRANJA CELESTE            2,546           2,547         18         20                           C-5050 
01CE    FRANJA CELESTE            2,235           2,236         18         20                           C-5051 
01CE    FRANJA CELESTE            2,297           2,298         18         20                           C-5052 
01CE    FRANJA CELESTE            2,463           2,464         18         20                           C-5053 
01CE    FRANJA CELESTE            2,171           2,172         18         20                           C-5054 
01CE    FRANJA CELESTE            2,402           2,403         18         20                           C-5055 
01CE    FRANJA CELESTE            2,218           2,219         18         20                           C-5056 
01CE    FRANJA CELESTE            2,219           2,220         28         20                           C-5057 
01CE    FRANJA CELESTE            2,392           2,393         28         20                           C-5058 
01CE    FRANJA CELESTE            2,498           2,499         18         20                           C-5059 
01CE    FRANJA CELESTE            2,366           2,367         28         20                           C-5060 
01CE    FRANJA CELESTE            2,305           2,306         28         20                           C-5061 
01CE    FRANJA CELESTE            2,276           2,277         28         20                           C-5062 
01CE    FRANJA CELESTE            2,223           2,224         28         20                           C-5063 
01CE    FRANJA CELESTE            2,347           2,348         28         20                           C-5064 
01CE    FRANJA CELESTE            2,536           2,537         18         20                           C-5065 
01CE    FRANJA CELESTE            2,445           2,446         18         20                           C-5066 
01CE    FRANJA CELESTE            2,315           2,316         18         20                           C-5067 
01CE    FRANJA CELESTE            2,362           2,363         18         20                           C-5068 
01CE    FRANJA CELESTE            2,490           2,491         18         20                           C-5069 
01CE    FRANJA CELESTE            2,255           2,256         18         20                           C-5070 
01CE    FRANJA CELESTE            2,310           2,311         39         20                           C-5071 
01CE    FRANJA CELESTE            2,413           2,414         18         20                           C-5072 
01CE    FRANJA CELESTE            2,151           2,152         39         20                           C-5073 
01CE    FRANJA CELESTE            2,122           2,123         39         20                           C-5074 
01CE    FRANJA CELESTE            2,252           2,253         39         20                           C-5075 
01CE    FRANJA CELESTE            2,335           2,336         39         20                           C-5076 
01CE    FRANJA CELESTE            2,384           2,385         39         20                           C-5077 
01CE    FRANJA CELESTE            2,228           2,229         39         20                           C-5078 
01CE    FRANJA CELESTE            2,361           2,362         39         20                           C-5079 
01CE    FRANJA CELESTE            2,301           2,302         39         20                           C-5080 
01CE    FRANJA CELESTE            2,336           2,337         39         20                           C-5081 
01CE    FRANJA CELESTE            2,355           2,356         39         20                           C-5082 
01CE    FRANJA CELESTE            2,282           2,283         39         20                           C-5083 
01CE    FRANJA CELESTE            2,315           2,316         18         20                           C-5084 
01CE    FRANJA CELESTE            2,324           2,325         39         20                           C-5085 
01CE    FRANJA CELESTE            2,297           2,298         39         20                           C-5086 
01CE    FRANJA CELESTE            2,237           2,238         39         20                           C-5087 
01CE    FRANJA CELESTE            2,295           2,296         39         20                           C-5088 
01CE    FRANJA CELESTE            2,414           2,415         18         20                           C-5089 
01CE    FRANJA CELESTE            2,372           2,373         39         20                           C-5090 
01CE    FRANJA CELESTE            2,251           2,252         39         20                           C-5091 
01CE    FRANJA CELESTE            2,380           2,381         18         20                           C-5092 
01CE    FRANJA CELESTE            2,238           2,239         39         20                           C-5093 
01CE    FRANJA CELESTE            2,382           2,383         18         20                           C-5094 









EMPRESA NACIONAL DE MINERIA (ENM) PRODUCTOR          PACKING LIST                             PAG.  :   4
NATIONAL MINING COMPANY                       CODIGO DE LOTE   : C-4960                      FECHA :05/03/2019
                                              -----------------------------
FLUJO        : 
DESCRIPCION  : CATODOS GRADO A
N° INSTR. DE EMBARQUE : 57247
CLIENTE      : 
Lote Sipa    : 

----------------------------------------------------------------------------------------------------------------------------- 
MARCA       DESCRIPCION         PESO NETO      PESO BRUTO     GRUPO     UNIDADES       UBICACION         SERIE                
-----------------------------------------------------------------------------------------------------------------------------

01CE    FRANJA CELESTE            2,220           2,221         39         20                           C-5095 
01CE    FRANJA CELESTE            2,307           2,308         39         20                           C-5096 
01CE    FRANJA CELESTE            2,400           2,401         39         20                           C-5097 
01CE    FRANJA CELESTE            2,325           2,326         39         20                           C-5098 
01CE    FRANJA CELESTE            2,288           2,289         39         20                           C-5099 
01CE    FRANJA CELESTE            2,310           2,311         39         20                           C-5100 
01CE    FRANJA CELESTE            2,294           2,295         39         20                           C-5101 
01CE    FRANJA CELESTE            2,293           2,294         39         20                           C-5102 
01CE    FRANJA CELESTE            2,345           2,346         18         20                           C-5103 
01CE    FRANJA CELESTE            2,318           2,319         18         20                           C-5104 
01CE    FRANJA CELESTE            2,483           2,484         18         20                           C-5105 
01CE    FRANJA CELESTE            2,531           2,532         11         20                           C-5106 
01CE    FRANJA CELESTE            2,501           2,502         31         20                           C-5107 
01CE    FRANJA CELESTE            2,416           2,417         31         20                           C-5108 
01CE    FRANJA CELESTE            2,395           2,396         31         20                           C-5109 
01CE    FRANJA CELESTE            2,422           2,423         31         20                           C-5110 
01CE    FRANJA CELESTE            2,457           2,458         31         20                           C-5111 
01CE    FRANJA CELESTE            2,457           2,458         31         20                           C-5112 
01CE    FRANJA CELESTE            2,347           2,348         31         20                           C-5113 
01CE    FRANJA CELESTE            2,342           2,343         31         20                           C-5114 
01CE    FRANJA CELESTE            2,245           2,246         31         20                           C-5115 
01CE    FRANJA CELESTE            2,240           2,241         11         20                           C-5116 
01CE    FRANJA CELESTE            2,212           2,213         11         20                           C-5117 
01CE    FRANJA CELESTE            2,456           2,457         11         20                           C-5118 
01CE    FRANJA CELESTE            2,208           2,209         11         20                           C-5119 
01CE    FRANJA CELESTE            1,976           1,977         11         20                           C-5120 
01CE    FRANJA CELESTE            2,434           2,435         11         20                           C-5121 
01CE    FRANJA CELESTE            2,417           2,418         18         20                           C-5122 
01CE    FRANJA CELESTE            2,082           2,083         18         20                           C-5123 
01CE    FRANJA CELESTE            2,264           2,265         18         20                           C-5124 
01CE    FRANJA CELESTE            2,383           2,384         18         20                           C-5125 
01CE    FRANJA CELESTE            2,435           2,436         18         20                           C-5126 
01CE    FRANJA CELESTE            2,469           2,470         12         20                           C-5127 
01CE    FRANJA CELESTE            2,333           2,334         12         20                           C-5128 
01CE    FRANJA CELESTE            2,107           2,108         12         20                           C-5129 
01CE    FRANJA CELESTE            2,283           2,284         12         20                           C-5130 
01CE    FRANJA CELESTE            2,342           2,343         12         20                           C-5131 
01CE    FRANJA CELESTE            2,300           2,301         12         20                           C-5132 
01CE    FRANJA CELESTE            2,407           2,408         12         20                           C-5133 
01CE    FRANJA CELESTE            2,306           2,307         12         20                           C-5134 
01CE    FRANJA CELESTE            2,174           2,175         12         20                           C-5135 
01CE    FRANJA CELESTE            2,177           2,178         12         20                           C-5136 
01CE    FRANJA CELESTE            2,251           2,252         12         20                           C-5137 
01CE    FRANJA CELESTE            2,322           2,323         12         20                           C-5138 
01CE    FRANJA CELESTE            2,236           2,237         12         20                           C-5139 









EMPRESA NACIONAL DE MINERIA (ENM) PRODUCTOR          PACKING LIST                             PAG.  :   5
NATIONAL MINING COMPANY                       CODIGO DE LOTE   : C-4960                      FECHA :05/03/2019
                                              -----------------------------
FLUJO        : 
DESCRIPCION  : CATODOS GRADO A
N° INSTR. DE EMBARQUE : 57247
CLIENTE      : 
Lote Sipa    : 

----------------------------------------------------------------------------------------------------------------------------- 
MARCA       DESCRIPCION         PESO NETO      PESO BRUTO     GRUPO     UNIDADES       UBICACION         SERIE                
-----------------------------------------------------------------------------------------------------------------------------

01CE    FRANJA CELESTE            2,392           2,393         12         20                           C-5140 
01CE    FRANJA CELESTE            2,269           2,270         12         20                           C-5141 
01CE    FRANJA CELESTE            2,360           2,361         12         20                           C-5142 
01CE    FRANJA CELESTE            2,245           2,246         12         20                           C-5143 
01CE    FRANJA CELESTE            2,382           2,383         12         20                           C-5144 
01CE    FRANJA CELESTE            2,376           2,377         12         20                           C-5145 
01CE    FRANJA CELESTE            2,361           2,362         12         20                           C-5146 
01CE    FRANJA CELESTE            2,450           2,451         12         20                           C-5147 
01CE    FRANJA CELESTE            2,420           2,421         12         20                           C-5148 
01CE    FRANJA CELESTE            2,374           2,375         12         20                           C-5149 
01CE    FRANJA CELESTE            2,392           2,393         12         20                           C-5150 
01CE    FRANJA CELESTE            2,420           2,421         12         20                           C-5151 
01CE    FRANJA CELESTE            2,430           2,431         12         20                           C-5152 
01CE    FRANJA CELESTE            2,472           2,473         12         20                           C-5153 
01CE    FRANJA CELESTE            2,395           2,396         12         20                           C-5154 
01CE    FRANJA CELESTE            2,291           2,292         12         20                           C-5155 
01CE    FRANJA CELESTE            2,465           2,466         12         20                           C-5156 
01CE    FRANJA CELESTE            2,337           2,338         12         20                           C-5157 
01CE    FRANJA CELESTE            2,397           2,398         12         20                           C-5158 
01CE    FRANJA CELESTE            2,296           2,297         12         20                           C-5159 
01CE    FRANJA CELESTE            2,280           2,281         12         20                           C-5160 
01CE    FRANJA CELESTE            2,414           2,415         12         20                           C-5161 
01CE    FRANJA CELESTE            2,289           2,290         12         20                           C-5162 
01CE    FRANJA CELESTE            2,408           2,409         12         20                           C-5163 
01CE    FRANJA CELESTE            2,332           2,333         12         20                           C-5164 
01CE    FRANJA CELESTE            2,288           2,289         12         20                           C-5165 
01CE    FRANJA CELESTE            2,459           2,460         12         20                           C-5166 
01CE    FRANJA CELESTE            2,265           2,266         12         20                           C-5167 
01CE    FRANJA CELESTE            2,404           2,405         12         20                           C-5168 
01CE    FRANJA CELESTE            2,398           2,399         12         20                           C-5169 
01CE    FRANJA CELESTE            2,428           2,429         12         20                           C-5170 
01CE    FRANJA CELESTE            2,429           2,430         12         20                           C-5171 
01CE    FRANJA CELESTE            2,399           2,400         12         20                           C-5172 
01CE    FRANJA CELESTE            2,228           2,229         18         20                           C-5173 
01CE    FRANJA CELESTE            2,280           2,281         18         20                           C-5174 
01CE    FRANJA CELESTE            2,243           2,244         12         20                           C-5175 


------------------------------------------------------------------------------------------------------------------------
T.SUB-LOTES              TOT.PAQUETES =216      TOT.UNID. = 4320   T/P NETO (kg) = 499,876      T/P BRUTO (kg) = 500,092
------------------------------------------------------------------------------------------------------------------------
