
EMPRESA NACIONAL DE MINERIA (ENM) PRODUCTOR          PACKING LIST                             PAG.  :   1
NATIONAL MINING COMPANY                       CODIGO DE LOTE   : C-2351                      FECHA :03/03/2022
                                              -----------------------------
FLUJO        : 
DESCRIPCION  : CATODOS EW DELTA
N° INSTR. DE EMBARQUE : 929141
CLIENTE      : 
Lote Sipa    : 22020504

----------------------------------------------------------------------------------------------------------------------------- 
MARCA       DESCRIPCION         PESO NETO      PESO BRUTO     GRUPO     UNIDADES       UBICACION         SERIE                
-----------------------------------------------------------------------------------------------------------------------------

06VE    SEIS VERDE                1,933           1,934                    41                           C-2351 
06VE    SEIS VERDE                1,931           1,932                    40                           C-2352 
06VE    SEIS VERDE                1,925           1,926                    44                           C-2353 
06VE    SEIS VERDE                1,923           1,924                    40                           C-2354 
06VE    SEIS VERDE                1,935           1,936                    41                           C-2355 
06VE    SEIS VERDE                1,999           2,000                    44                           C-2356 
06VE    SEIS VERDE                1,938           1,939                    43                           C-2357 
06VE    SEIS VERDE                1,927           1,928                    41                           C-2358 
06VE    SEIS VERDE                1,923           1,924                    42                           C-2359 
06VE    SEIS VERDE                1,928           1,929                    42                           C-2360 
06VE    SEIS VERDE                1,923           1,924                    43                           C-2361 
06VE    SEIS VERDE                1,919           1,920                    41                           C-2362 
06VE    SEIS VERDE                1,919           1,920                    44                           C-2363 
06VE    SEIS VERDE                1,927           1,928                    43                           C-2364 


------------------------------------------------------------------------------------------------------------------------
T.SUB-LOTES              TOT.PAQUETES =14      TOT.UNID. = 589   T/P NETO (kg) = 27,050      T/P BRUTO (kg) = 27,064
------------------------------------------------------------------------------------------------------------------------
