
EMPRESA NACIONAL DE MINERIA (ENM) PRODUCTOR          PACKING LIST                             PAG.  :   1
NATIONAL MINING COMPANY                       CODIGO DE LOTE   : I-2201                      FECHA :20/09/2022
                                              -----------------------------
FLUJO        : 
DESCRIPCION  : CATODOS EW TALTAL
N° INSTR. DE EMBARQUE : 929969
CLIENTE      : 
Lote Sipa    : 22090295

----------------------------------------------------------------------------------------------------------------------------- 
MARCA       DESCRIPCION         PESO NETO      PESO BRUTO     GRUPO     UNIDADES       UBICACION         SERIE                
-----------------------------------------------------------------------------------------------------------------------------

13NE    13 FRANJAS NEGRAS         1,977           1,978                    62                           I-2201 
13NE    13 FRANJAS NEGRAS         1,997           1,998                    58                           I-2202 
13NE    13 FRANJAS NEGRAS         2,034           2,035                    60                           I-2203 
13NE    13 FRANJAS NEGRAS         2,025           2,026                    62                           I-2204 
13NE    13 FRANJAS NEGRAS         2,035           2,036                    62                           I-2205 
13NE    13 FRANJAS NEGRAS         1,983           1,984                    62                           I-2206 
13NE    13 FRANJAS NEGRAS         2,047           2,048                    62                           I-2207 
13NE    13 FRANJAS NEGRAS         2,030           2,031                    68                           I-2208 
13NE    13 FRANJAS NEGRAS         2,004           2,005                    65                           I-2209 
13NE    13 FRANJAS NEGRAS         1,996           1,997                    68                           I-2210 
13NE    13 FRANJAS NEGRAS         1,953           1,954                    66                           I-2211 
13NE    13 FRANJAS NEGRAS         2,007           2,008                    66                           I-2212 
13NE    13 FRANJAS NEGRAS         2,006           2,007                    67                           I-2213 
13NE    13 FRANJAS NEGRAS         1,968           1,969                    66                           I-2214 


------------------------------------------------------------------------------------------------------------------------
T.SUB-LOTES              TOT.PAQUETES =14      TOT.UNID. = 894   T/P NETO (kg) = 28,062      T/P BRUTO (kg) = 28,076
------------------------------------------------------------------------------------------------------------------------
