
EMPRESA NACIONAL DE MINERIA (ENM) PRODUCTOR          PACKING LIST                             PAG.  :   1
NATIONAL MINING COMPANY                       CODIGO DE LOTE   : D-9110                      FECHA :26/04/2018
                                              -----------------------------
FLUJO        : 
DESCRIPCION  : CATODOS GRADO A
N° INSTR. DE EMBARQUE : 24462
CLIENTE      : SAN ANTONIO EXPRESS
Lote Sipa    : 

----------------------------------------------------------------------------------------------------------------------------- 
MARCA       DESCRIPCION         PESO NETO      PESO BRUTO     GRUPO     UNIDADES       UBICACION         SERIE                
-----------------------------------------------------------------------------------------------------------------------------

02RJ    DOS FRANJAS ROJAS         2,343           2,344         29         20                           D-9110 
02RJ    DOS FRANJAS ROJAS         2,360           2,361         29         20                           D-9111 
02RJ    DOS FRANJAS ROJAS         2,376           2,377         43         20                           D-9112 
02RJ    DOS FRANJAS ROJAS         2,341           2,342         43         20                           D-9113 
02RJ    DOS FRANJAS ROJAS         2,330           2,331         43         20                           D-9114 
02RJ    DOS FRANJAS ROJAS         2,269           2,270         17         20                           D-9115 
02RJ    DOS FRANJAS ROJAS         2,481           2,482         43         20                           D-9116 
02RJ    DOS FRANJAS ROJAS         2,426           2,427         17         20                           D-9117 
02RJ    DOS FRANJAS ROJAS         2,379           2,380         29         20                           D-9118 
02RJ    DOS FRANJAS ROJAS         2,395           2,396         29         20                           D-9119 
02RJ    DOS FRANJAS ROJAS         2,452           2,453         29         20                           D-9120 
02RJ    DOS FRANJAS ROJAS         2,247           2,248         29         20                           D-9121 
02RJ    DOS FRANJAS ROJAS         2,460           2,461         29         20                           D-9122 
02RJ    DOS FRANJAS ROJAS         2,342           2,343         29         20                           D-9123 
02RJ    DOS FRANJAS ROJAS         2,303           2,304         29         20                           D-9124 
02RJ    DOS FRANJAS ROJAS         2,376           2,377         17         20                           D-9125 
02RJ    DOS FRANJAS ROJAS         2,423           2,424         17         20                           D-9126 
02RJ    DOS FRANJAS ROJAS         2,344           2,345         17         20                           D-9127 
02RJ    DOS FRANJAS ROJAS         2,372           2,373         17         20                           D-9128 
02RJ    DOS FRANJAS ROJAS         2,327           2,328         43         20                           D-9129 
02RJ    DOS FRANJAS ROJAS         2,349           2,350         43         20                           D-9130 
02RJ    DOS FRANJAS ROJAS         2,355           2,356         43         20                           D-9131 
02RJ    DOS FRANJAS ROJAS         2,343           2,344         43         20                           D-9132 
02RJ    DOS FRANJAS ROJAS         2,409           2,410         43         20                           D-9133 
02RJ    DOS FRANJAS ROJAS         2,279           2,280         17         20                           D-9134 
02RJ    DOS FRANJAS ROJAS         2,394           2,395         17         20                           D-9135 
02RJ    DOS FRANJAS ROJAS         2,395           2,396         43         20                           D-9136 
02RJ    DOS FRANJAS ROJAS         2,278           2,279         43         20                           D-9137 
02RJ    DOS FRANJAS ROJAS         2,371           2,372         43         20                           D-9138 
02RJ    DOS FRANJAS ROJAS         2,324           2,325         43         20                           D-9139 
02RJ    DOS FRANJAS ROJAS         2,399           2,400         43         20                           D-9140 
02RJ    DOS FRANJAS ROJAS         2,391           2,392         43         20                           D-9141 
02RJ    DOS FRANJAS ROJAS         2,445           2,446         17         20                           D-9142 
02RJ    DOS FRANJAS ROJAS         2,509           2,510         43         20                           D-9143 
02RJ    DOS FRANJAS ROJAS         2,201           2,202         43         20                           D-9144 
02RJ    DOS FRANJAS ROJAS         2,483           2,484         43         20                           D-9145 
02RJ    DOS FRANJAS ROJAS         2,350           2,351         43         20                           D-9146 
02RJ    DOS FRANJAS ROJAS         2,455           2,456         43         20                           D-9147 
02RJ    DOS FRANJAS ROJAS         2,462           2,463         43         20                           D-9148 
02RJ    DOS FRANJAS ROJAS         2,384           2,385         17         20                           D-9149 
02RJ    DOS FRANJAS ROJAS         2,403           2,404         17         20                           D-9150 
02RJ    DOS FRANJAS ROJAS         2,456           2,457         17         20                           D-9151 
02RJ    DOS FRANJAS ROJAS         2,460           2,461         29         20                           D-9152 
02RJ    DOS FRANJAS ROJAS         2,477           2,478         29         20                           D-9153 
02RJ    DOS FRANJAS ROJAS         2,376           2,377         29         20                           D-9154 









EMPRESA NACIONAL DE MINERIA (ENM) PRODUCTOR          PACKING LIST                             PAG.  :   2
NATIONAL MINING COMPANY                       CODIGO DE LOTE   : D-9110                      FECHA :26/04/2018
                                              -----------------------------
FLUJO        : 
DESCRIPCION  : CATODOS GRADO A
N° INSTR. DE EMBARQUE : 24462
CLIENTE      : SAN ANTONIO EXPRESS
Lote Sipa    : 

----------------------------------------------------------------------------------------------------------------------------- 
MARCA       DESCRIPCION         PESO NETO      PESO BRUTO     GRUPO     UNIDADES       UBICACION         SERIE                
-----------------------------------------------------------------------------------------------------------------------------

02RJ    DOS FRANJAS ROJAS         2,461           2,462         29         20                           D-9155 
02RJ    DOS FRANJAS ROJAS         2,328           2,329         43         20                           D-9156 
02RJ    DOS FRANJAS ROJAS         2,449           2,450         43         20                           D-9157 
02RJ    DOS FRANJAS ROJAS         2,398           2,399         43         20                           D-9158 
02RJ    DOS FRANJAS ROJAS         2,445           2,446         43         20                           D-9159 
02RJ    DOS FRANJAS ROJAS         2,351           2,352         43         20                           D-9160 
02RJ    DOS FRANJAS ROJAS         2,360           2,361         43         20                           D-9161 
02RJ    DOS FRANJAS ROJAS         2,445           2,446         43         20                           D-9162 
02RJ    DOS FRANJAS ROJAS         2,306           2,307         43         20                           D-9163 
02RJ    DOS FRANJAS ROJAS         2,481           2,482         43         20                           D-9164 
02RJ    DOS FRANJAS ROJAS         2,338           2,339         43         20                           D-9165 
02RJ    DOS FRANJAS ROJAS         2,395           2,396         43         20                           D-9166 
02RJ    DOS FRANJAS ROJAS         2,344           2,345         43         20                           D-9167 
02RJ    DOS FRANJAS ROJAS         2,363           2,364         43         20                           D-9168 
02RJ    DOS FRANJAS ROJAS         2,367           2,368         43         20                           D-9169 
02RJ    DOS FRANJAS ROJAS         2,338           2,339         17         20                           D-9170 
02RJ    DOS FRANJAS ROJAS         2,356           2,357         17         20                           D-9171 
02RJ    DOS FRANJAS ROJAS         2,327           2,328         17         20                           D-9172 


------------------------------------------------------------------------------------------------------------------------
T.SUB-LOTES              TOT.PAQUETES =63      TOT.UNID. = 1260   T/P NETO (kg) = 149,946      T/P BRUTO (kg) = 150,009
------------------------------------------------------------------------------------------------------------------------
