
EMPRESA NACIONAL DE MINERIA (ENM) PRODUCTOR          PACKING LIST                             PAG.  :   1
NATIONAL MINING COMPANY                       CODIGO DE LOTE   : E-16133                      FECHA :31/05/2018
                                              -----------------------------
FLUJO        : 
DESCRIPCION  : CATODOS GRADO A
N° INSTR. DE EMBARQUE : 24593
CLIENTE      : SANTA RITA
Lote Sipa    : 

----------------------------------------------------------------------------------------------------------------------------- 
MARCA       DESCRIPCION         PESO NETO      PESO BRUTO     GRUPO     UNIDADES       UBICACION         SERIE                
-----------------------------------------------------------------------------------------------------------------------------

01RJ    FRANJA ROJA               2,364           2,365         21         20                           E-16133
01RJ    FRANJA ROJA               1,922           1,923         12         20                           E-16134
01RJ    FRANJA ROJA               2,249           2,250         21         20                           E-16135
01RJ    FRANJA ROJA               2,228           2,229         12         20                           E-16136
01RJ    FRANJA ROJA               2,234           2,235         12         20                           E-16137
01RJ    FRANJA ROJA               2,175           2,176         12         20                           E-16138
01RJ    FRANJA ROJA               2,440           2,441         12         20                           E-16139
01RJ    FRANJA ROJA               2,002           2,003         12         20                           E-16140
01RJ    FRANJA ROJA               2,076           2,077         21         20                           E-16141
01RJ    FRANJA ROJA               2,063           2,064         21         20                           E-16142
01RJ    FRANJA ROJA               1,994           1,995         21         20                           E-16143
01RJ    FRANJA ROJA               2,216           2,217         21         20                           E-16144
01RJ    FRANJA ROJA               2,223           2,224         12         20                           E-16145
01RJ    FRANJA ROJA               2,255           2,256         21         20                           E-16146
01RJ    FRANJA ROJA               2,202           2,203         21         20                           E-16147
01RJ    FRANJA ROJA               2,095           2,096         21         20                           E-16148
01RJ    FRANJA ROJA               2,274           2,275         21         20                           E-16149
01RJ    FRANJA ROJA               2,039           2,040         21         20                           E-16150
01RJ    FRANJA ROJA               2,057           2,058         21         20                           E-16151
01RJ    FRANJA ROJA               2,088           2,089         12         20                           E-16152
01RJ    FRANJA ROJA               2,192           2,193         12         20                           E-16153
01RJ    FRANJA ROJA               2,081           2,082         12         20                           E-16154
01RJ    FRANJA ROJA               2,167           2,168         12         20                           E-16155
01RJ    FRANJA ROJA               2,060           2,061         21         20                           E-16156
01RJ    FRANJA ROJA               1,999           2,000         21         20                           E-16157
01RJ    FRANJA ROJA               2,146           2,147         21         20                           E-16158
01RJ    FRANJA ROJA               2,368           2,369         21         20                           E-16159
01RJ    FRANJA ROJA               2,308           2,309         21         20                           E-16160
01RJ    FRANJA ROJA               2,346           2,347         21         20                           E-16161
01RJ    FRANJA ROJA               2,253           2,254         12         20                           E-16162
01RJ    FRANJA ROJA               2,183           2,184         12         20                           E-16163
01RJ    FRANJA ROJA               2,204           2,205         21         20                           E-16164
01RJ    FRANJA ROJA               2,218           2,219         21         20                           E-16165
01RJ    FRANJA ROJA               2,256           2,257         21         20                           E-16166
01RJ    FRANJA ROJA               2,077           2,078         21         20                           E-16167
01RJ    FRANJA ROJA               2,343           2,344         21         20                           E-16168
01RJ    FRANJA ROJA               2,227           2,228         21         20                           E-16169
01RJ    FRANJA ROJA               2,244           2,245         21         20                           E-16170
01RJ    FRANJA ROJA               2,164           2,165         21         20                           E-16171
01RJ    FRANJA ROJA               2,185           2,186         21         20                           E-16172
01RJ    FRANJA ROJA               2,170           2,171         21         20                           E-16173
01RJ    FRANJA ROJA               2,195           2,196         12         20                           E-16174
01RJ    FRANJA ROJA               2,457           2,458         21         20                           E-16175
01RJ    FRANJA ROJA               2,071           2,072         21         20                           E-16176
01RJ    FRANJA ROJA               2,037           2,038         21         20                           E-16177









EMPRESA NACIONAL DE MINERIA (ENM) PRODUCTOR          PACKING LIST                             PAG.  :   2
NATIONAL MINING COMPANY                       CODIGO DE LOTE   : E-16133                      FECHA :31/05/2018
                                              -----------------------------
FLUJO        : 
DESCRIPCION  : CATODOS GRADO A
N° INSTR. DE EMBARQUE : 24593
CLIENTE      : SANTA RITA
Lote Sipa    : 

----------------------------------------------------------------------------------------------------------------------------- 
MARCA       DESCRIPCION         PESO NETO      PESO BRUTO     GRUPO     UNIDADES       UBICACION         SERIE                
-----------------------------------------------------------------------------------------------------------------------------

01RJ    FRANJA ROJA               2,215           2,216         21         20                           E-16178
01RJ    FRANJA ROJA               2,209           2,210         21         20                           E-16179
01RJ    FRANJA ROJA               2,184           2,185         21         20                           E-16180
01RJ    FRANJA ROJA               2,144           2,145         21         20                           E-16181
01RJ    FRANJA ROJA               2,180           2,181         21         20                           E-16182
01RJ    FRANJA ROJA               2,187           2,188         21         20                           E-16183
01RJ    FRANJA ROJA               2,236           2,237         21         20                           E-16184
01RJ    FRANJA ROJA               2,286           2,287         12         20                           E-16185
01RJ    FRANJA ROJA               2,431           2,432         21         20                           E-16186
01RJ    FRANJA ROJA               2,359           2,360         21         20                           E-16187
01RJ    FRANJA ROJA               2,352           2,353         21         20                           E-16188
01RJ    FRANJA ROJA               2,480           2,481         21         20                           E-16189
01RJ    FRANJA ROJA               2,232           2,233         21         20                           E-16190
01RJ    FRANJA ROJA               2,430           2,431         21         20                           E-16191
01RJ    FRANJA ROJA               2,439           2,440         21         20                           E-16192
01RJ    FRANJA ROJA               2,256           2,257         21         20                           E-16193
01RJ    FRANJA ROJA               2,268           2,269         21         20                           E-16194
01RJ    FRANJA ROJA               2,221           2,222         21         20                           E-16195
01RJ    FRANJA ROJA               2,458           2,459         21         20                           E-16196
01RJ    FRANJA ROJA               2,427           2,428         21         20                           E-16197
01RJ    FRANJA ROJA               2,462           2,463         21         20                           E-16198
01RJ    FRANJA ROJA               2,084           2,085         21         20                           E-16199
01RJ    FRANJA ROJA               2,360           2,361         33         20                           E-16200
01RJ    FRANJA ROJA               2,400           2,401         33         20                           E-16201
01RJ    FRANJA ROJA               2,413           2,414         33         20                           E-16202
01RJ    FRANJA ROJA               2,334           2,335         33         20                           E-16203
01RJ    FRANJA ROJA               2,432           2,433         33         20                           E-16204
01RJ    FRANJA ROJA               2,337           2,338         33         20                           E-16205
01RJ    FRANJA ROJA               2,337           2,338         33         20                           E-16206
01RJ    FRANJA ROJA               2,381           2,382         33         20                           E-16207
01RJ    FRANJA ROJA               2,451           2,452         33         20                           E-16208
01RJ    FRANJA ROJA               2,500           2,501         33         20                           E-16209
01RJ    FRANJA ROJA               2,307           2,308         33         20                           E-16210
01RJ    FRANJA ROJA               2,340           2,341         33         20                           E-16211
01RJ    FRANJA ROJA               2,359           2,360         33         20                           E-16212
01RJ    FRANJA ROJA               2,515           2,516         33         20                           E-16213
01RJ    FRANJA ROJA               2,362           2,363         33         20                           E-16214
01RJ    FRANJA ROJA               2,301           2,302         33         20                           E-16215
01RJ    FRANJA ROJA               2,099           2,100         33         20                           E-16216
01RJ    FRANJA ROJA               2,309           2,310         33         20                           E-16217
01RJ    FRANJA ROJA               2,454           2,455         33         20                           E-16218
01RJ    FRANJA ROJA               2,451           2,452         33         20                           E-16219
01RJ    FRANJA ROJA               2,425           2,426         33         20                           E-16220
01RJ    FRANJA ROJA               2,515           2,516         33         20                           E-16221
01RJ    FRANJA ROJA               2,441           2,442         33         20                           E-16222









EMPRESA NACIONAL DE MINERIA (ENM) PRODUCTOR          PACKING LIST                             PAG.  :   3
NATIONAL MINING COMPANY                       CODIGO DE LOTE   : E-16133                      FECHA :31/05/2018
                                              -----------------------------
FLUJO        : 
DESCRIPCION  : CATODOS GRADO A
N° INSTR. DE EMBARQUE : 24593
CLIENTE      : SANTA RITA
Lote Sipa    : 

----------------------------------------------------------------------------------------------------------------------------- 
MARCA       DESCRIPCION         PESO NETO      PESO BRUTO     GRUPO     UNIDADES       UBICACION         SERIE                
-----------------------------------------------------------------------------------------------------------------------------

01RJ    FRANJA ROJA               2,472           2,473         33         20                           E-16223
01RJ    FRANJA ROJA               2,532           2,533         33         20                           E-16224
01RJ    FRANJA ROJA               2,314           2,315         33         20                           E-16225
01RJ    FRANJA ROJA               2,514           2,515         33         20                           E-16226
01RJ    FRANJA ROJA               2,526           2,527         33         20                           E-16227
01RJ    FRANJA ROJA               2,445           2,446         33         20                           E-16228
01RJ    FRANJA ROJA               2,577           2,578         33         20                           E-16229
01RJ    FRANJA ROJA               2,087           2,088         33         20                           E-16230
01RJ    FRANJA ROJA               2,431           2,432         33         20                           E-16231
01RJ    FRANJA ROJA               2,351           2,352         33         20                           E-16232
01RJ    FRANJA ROJA               2,536           2,537         33         20                           E-16233
01RJ    FRANJA ROJA               2,188           2,189         33         20                           E-16234
01RJ    FRANJA ROJA               2,478           2,479         33         20                           E-16235
01RJ    FRANJA ROJA               2,246           2,247         33         20                           E-16236
01RJ    FRANJA ROJA               2,366           2,367         33         20                           E-16237
01RJ    FRANJA ROJA               2,319           2,320         39         20                           E-16238
01RJ    FRANJA ROJA               2,247           2,248         33         20                           E-16239
01RJ    FRANJA ROJA               2,433           2,434         33         20                           E-16240
01RJ    FRANJA ROJA               2,439           2,440         33         20                           E-16241
01RJ    FRANJA ROJA               2,296           2,297         33         20                           E-16242
01RJ    FRANJA ROJA               2,436           2,437         33         20                           E-16243
01RJ    FRANJA ROJA               2,332           2,333         33         20                           E-16244
01RJ    FRANJA ROJA               2,331           2,332         33         20                           E-16245
01RJ    FRANJA ROJA               2,470           2,471         33         20                           E-16246
01RJ    FRANJA ROJA               2,460           2,461         33         20                           E-16247
01RJ    FRANJA ROJA               2,442           2,443         33         20                           E-16248
01RJ    FRANJA ROJA               2,499           2,500         33         20                           E-16249
01RJ    FRANJA ROJA               2,415           2,416         33         20                           E-16250
01RJ    FRANJA ROJA               2,408           2,409         33         20                           E-16251
01RJ    FRANJA ROJA               2,496           2,497         33         20                           E-16252
01RJ    FRANJA ROJA               2,450           2,451         33         20                           E-16253
01RJ    FRANJA ROJA               2,554           2,555         33         20                           E-16254
01RJ    FRANJA ROJA               2,418           2,419         33         20                           E-16255
01RJ    FRANJA ROJA               2,368           2,369         33         20                           E-16256
01RJ    FRANJA ROJA               2,414           2,415         33         20                           E-16257
01RJ    FRANJA ROJA               2,515           2,516         33         20                           E-16258
01RJ    FRANJA ROJA               2,447           2,448         33         20                           E-16259
01RJ    FRANJA ROJA               2,446           2,447         33         20                           E-16260
01RJ    FRANJA ROJA               2,157           2,158         18         20                           E-16261
01RJ    FRANJA ROJA               2,476           2,477         18         20                           E-16262


------------------------------------------------------------------------------------------------------------------------
T.SUB-LOTES              TOT.PAQUETES =130      TOT.UNID. = 2600   T/P NETO (kg) = 299,841      T/P BRUTO (kg) = 299,971
------------------------------------------------------------------------------------------------------------------------
