
EMPRESA NACIONAL DE MINERIA (ENM) PRODUCTOR          PACKING LIST                             PAG.  :   1
NATIONAL MINING COMPANY                       CODIGO DE LOTE   : G-2336                      FECHA :06/07/2022
                                              -----------------------------
FLUJO        : 
DESCRIPCION  : CATODOS EW DELTA
N° INSTR. DE EMBARQUE : 929669
CLIENTE      : 
Lote Sipa    : 22070188

----------------------------------------------------------------------------------------------------------------------------- 
MARCA       DESCRIPCION         PESO NETO      PESO BRUTO     GRUPO     UNIDADES       UBICACION         SERIE                
-----------------------------------------------------------------------------------------------------------------------------

02AZ    DOS FRANJAS AZULES        2,006           2,007                    54                           G-2336 
02AZ    DOS FRANJAS AZULES        1,938           1,939                    48                           G-2337 
02AZ    DOS FRANJAS AZULES        2,036           2,037                    49                           G-2338 
02AZ    DOS FRANJAS AZULES        1,883           1,884                    47                           G-2339 
02AZ    DOS FRANJAS AZULES        2,018           2,019                    45                           G-2340 
02AZ    DOS FRANJAS AZULES        2,018           2,019                    43                           G-2341 
02AZ    DOS FRANJAS AZULES        2,034           2,035                    66                           G-2342 
02AZ    DOS FRANJAS AZULES        1,968           1,969                    46                           G-2343 
02AZ    DOS FRANJAS AZULES        2,012           2,013                    46                           G-2344 
02AZ    DOS FRANJAS AZULES        1,985           1,986                    64                           G-2345 
02AZ    DOS FRANJAS AZULES        2,034           2,035                    46                           G-2346 
02AZ    DOS FRANJAS AZULES        2,074           2,075                    50                           G-2347 
02AZ    DOS FRANJAS AZULES        1,970           1,971                    58                           G-2348 


------------------------------------------------------------------------------------------------------------------------
T.SUB-LOTES              TOT.PAQUETES =13      TOT.UNID. = 662   T/P NETO (kg) = 25,976      T/P BRUTO (kg) = 25,989
------------------------------------------------------------------------------------------------------------------------
