
EMPRESA NACIONAL DE MINERIA (ENM) PRODUCTOR          PACKING LIST                             PAG.  :   1
NATIONAL MINING COMPANY                       CODIGO DE LOTE   : H-1720                      FECHA :28/08/2023
                                              -----------------------------
FLUJO        : 
DESCRIPCION  : CATODOS EW EL SALADO
N° INSTR. DE EMBARQUE : 931352
CLIENTE      : 
Lote Sipa    : 23080426

----------------------------------------------------------------------------------------------------------------------------- 
MARCA       DESCRIPCION         PESO NETO      PESO BRUTO     GRUPO     UNIDADES       UBICACION         SERIE                
-----------------------------------------------------------------------------------------------------------------------------

13RJ    13 ROJO                   1,998           1,999                    80                           H-1720 
13RJ    13 ROJO                   2,057           2,058                    80                           H-1721 
13RJ    13 ROJO                   2,036           2,037                    78                           H-1722 
13RJ    13 ROJO                   2,027           2,028                    80                           H-1723 
13RJ    13 ROJO                   1,965           1,966                    69                           H-1724 
13RJ    13 ROJO                   2,011           2,012                    63                           H-1725 
13RJ    13 ROJO                   2,055           2,056                    65                           H-1726 
13RJ    13 ROJO                   1,996           1,997                    79                           H-1727 
13RJ    13 ROJO                   1,945           1,946                    81                           H-1728 
13RJ    13 ROJO                   2,249           2,250                    103                          H-1729 
13RJ    13 ROJO                   1,955           1,956                    75                           H-1730 
13RJ    13 ROJO                   1,981           1,982                    67                           H-1731 
13RJ    13 ROJO                   1,949           1,950                    90                           H-1732 
13RJ    13 ROJO                   1,939           1,940                    62                           H-1733 


------------------------------------------------------------------------------------------------------------------------
T.SUB-LOTES              TOT.PAQUETES =14      TOT.UNID. = 1072   T/P NETO (kg) = 28,163      T/P BRUTO (kg) = 28,177
------------------------------------------------------------------------------------------------------------------------
