
EMPRESA NACIONAL DE MINERIA (ENM) PRODUCTOR          PACKING LIST                             PAG.  :   1
NATIONAL MINING COMPANY                       CODIGO DE LOTE   : D-2336                      FECHA :23/05/2018
                                              -----------------------------
FLUJO        : 
DESCRIPCION  : CATODOS EW DELTA
N° INSTR. DE EMBARQUE : 24561
CLIENTE      : MAERSK STEPNICA
Lote Sipa    : 18040194

----------------------------------------------------------------------------------------------------------------------------- 
MARCA       DESCRIPCION         PESO NETO      PESO BRUTO     GRUPO     UNIDADES       UBICACION         SERIE                
-----------------------------------------------------------------------------------------------------------------------------

01BL    FRANJA BLANCA             1,991           1,992                    54                           D-2336 
01BL    FRANJA BLANCA             1,957           1,958                    50                           D-2337 
01BL    FRANJA BLANCA             1,963           1,964                    54                           D-2338 
01BL    FRANJA BLANCA             1,993           1,994                    54                           D-2339 
01BL    FRANJA BLANCA             1,960           1,961                    43                           D-2340 
01BL    FRANJA BLANCA             1,981           1,982                    47                           D-2341 
01BL    FRANJA BLANCA             1,974           1,975                    43                           D-2342 
01BL    FRANJA BLANCA             1,949           1,950                    53                           D-2343 
01BL    FRANJA BLANCA             1,961           1,962                    47                           D-2344 
01BL    FRANJA BLANCA             1,985           1,986                    45                           D-2345 
01BL    FRANJA BLANCA             1,984           1,985                    53                           D-2346 
01BL    FRANJA BLANCA             1,985           1,986                    41                           D-2347 
01BL    FRANJA BLANCA             1,983           1,984                    51                           D-2348 
01BL    FRANJA BLANCA             1,981           1,982                    53                           D-2349 
01BL    FRANJA BLANCA             1,991           1,992                    54                           D-2382 
01BL    FRANJA BLANCA             1,992           1,993                    55                           D-2383 
01BL    FRANJA BLANCA             1,938           1,939                    43                           D-2384 
01BL    FRANJA BLANCA             1,974           1,975                    54                           D-2385 
01BL    FRANJA BLANCA             1,949           1,950                    67                           D-2386 
01BL    FRANJA BLANCA             1,952           1,953                    63                           D-2387 
01BL    FRANJA BLANCA             1,978           1,979                    74                           D-2388 
01BL    FRANJA BLANCA             1,970           1,971                    54                           D-2389 
01BL    FRANJA BLANCA             1,962           1,963                    73                           D-2390 
01BL    FRANJA BLANCA             1,948           1,949                    63                           D-2391 
01BL    FRANJA BLANCA             1,966           1,967                    60                           D-2392 
01BL    FRANJA BLANCA             1,988           1,989                    54                           D-2393 
01BL    FRANJA BLANCA             1,982           1,983                    68                           D-2394 
01BL    FRANJA BLANCA             1,977           1,978                    58                           D-2395 
01BL    FRANJA BLANCA             1,981           1,982                    43                           D-2412 
01BL    FRANJA BLANCA             1,984           1,985                    51                           D-2413 
01BL    FRANJA BLANCA             1,996           1,997                    40                           D-2414 
01BL    FRANJA BLANCA             1,974           1,975                    46                           D-2415 
01BL    FRANJA BLANCA             1,968           1,969                    46                           D-2416 
01BL    FRANJA BLANCA             1,979           1,980                    43                           D-2417 
01BL    FRANJA BLANCA             1,989           1,990                    42                           D-2418 
01BL    FRANJA BLANCA             1,980           1,981                    39                           D-2419 
01BL    FRANJA BLANCA             1,958           1,959                    46                           D-2420 
01BL    FRANJA BLANCA             1,940           1,941                    40                           D-2421 
01BL    FRANJA BLANCA             1,972           1,973                    42                           D-2422 
01BL    FRANJA BLANCA             1,997           1,998                    41                           D-2423 
01BL    FRANJA BLANCA             1,947           1,948                    46                           D-2424 
01BL    FRANJA BLANCA             1,982           1,983                    61                           D-2425 
01BL    FRANJA BLANCA             1,965           1,966                    70                           D-2427 
01BL    FRANJA BLANCA             1,975           1,976                    60                           D-2428 
01BL    FRANJA BLANCA             1,967           1,968                    47                           D-2429 









EMPRESA NACIONAL DE MINERIA (ENM) PRODUCTOR          PACKING LIST                             PAG.  :   2
NATIONAL MINING COMPANY                       CODIGO DE LOTE   : D-2336                      FECHA :23/05/2018
                                              -----------------------------
FLUJO        : 
DESCRIPCION  : CATODOS EW DELTA
N° INSTR. DE EMBARQUE : 24561
CLIENTE      : MAERSK STEPNICA
Lote Sipa    : 18040194

----------------------------------------------------------------------------------------------------------------------------- 
MARCA       DESCRIPCION         PESO NETO      PESO BRUTO     GRUPO     UNIDADES       UBICACION         SERIE                
-----------------------------------------------------------------------------------------------------------------------------

01BL    FRANJA BLANCA             1,967           1,968                    60                           D-2430 
01BL    FRANJA BLANCA             1,989           1,990                    56                           D-2431 
01BL    FRANJA BLANCA             1,962           1,963                    46                           D-2432 
01BL    FRANJA BLANCA             1,964           1,965                    55                           D-2433 
01BL    FRANJA BLANCA             1,957           1,958                    54                           D-2434 
01BL    FRANJA BLANCA             1,977           1,978                    45                           D-2435 
01BL    FRANJA BLANCA             1,950           1,951                    66                           D-2436 
01BL    FRANJA BLANCA             1,945           1,946                    43                           D-2437 
01BL    FRANJA BLANCA             1,953           1,954                    65                           D-2438 
01BL    FRANJA BLANCA             1,961           1,962                    44                           D-2439 
01BL    FRANJA BLANCA             1,967           1,968                    47                           D-2440 


------------------------------------------------------------------------------------------------------------------------
T.SUB-LOTES              TOT.PAQUETES =56      TOT.UNID. = 2912   T/P NETO (kg) = 110,360      T/P BRUTO (kg) = 110,416
------------------------------------------------------------------------------------------------------------------------
