
EMPRESA NACIONAL DE MINERIA (ENM) PRODUCTOR          PACKING LIST                             PAG.  :   1
NATIONAL MINING COMPANY                       CODIGO DE LOTE   : L-2171                      FECHA :03/01/2019
                                              -----------------------------
FLUJO        : 
DESCRIPCION  : CATODOS EW VALLENAR
N° INSTR. DE EMBARQUE : 25004
CLIENTE      : NORDIC HONG KONG
Lote Sipa    : 18110170

----------------------------------------------------------------------------------------------------------------------------- 
MARCA       DESCRIPCION         PESO NETO      PESO BRUTO     GRUPO     UNIDADES       UBICACION         SERIE                
-----------------------------------------------------------------------------------------------------------------------------

01AZ    FRANJA AZUL               2,021           2,022                    77                           L-2171 
01AZ    FRANJA AZUL               2,016           2,017                    75                           L-2172 
01AZ    FRANJA AZUL               2,024           2,025                    75                           L-2173 
01AZ    FRANJA AZUL               2,010           2,011                    76                           L-2174 
01AZ    FRANJA AZUL               2,024           2,025                    79                           L-2175 
01AZ    FRANJA AZUL               2,015           2,016                    76                           L-2176 
01AZ    FRANJA AZUL               2,021           2,022                    77                           L-2177 
01AZ    FRANJA AZUL               2,002           2,003                    67                           L-2178 
01AZ    FRANJA AZUL               2,025           2,026                    75                           L-2179 
01AZ    FRANJA AZUL               2,012           2,013                    77                           L-2180 
01AZ    FRANJA AZUL               2,015           2,016                    80                           L-2181 
01AZ    FRANJA AZUL               2,032           2,033                    67                           L-2182 
01AZ    FRANJA AZUL               2,011           2,012                    77                           L-2183 
01AZ    FRANJA AZUL               2,017           2,018                    69                           L-2184 
01AZ    FRANJA AZUL               2,005           2,006                    85                           L-2186 
01AZ    FRANJA AZUL               2,020           2,021                    79                           L-2187 
01AZ    FRANJA AZUL               2,009           2,010                    78                           L-2188 
01AZ    FRANJA AZUL               2,013           2,014                    71                           L-2189 
01AZ    FRANJA AZUL               2,009           2,010                    84                           L-2190 
01AZ    FRANJA AZUL               2,021           2,022                    74                           L-2191 
01AZ    FRANJA AZUL               2,030           2,031                    71                           L-2192 
01AZ    FRANJA AZUL               2,010           2,011                    76                           L-2193 
01AZ    FRANJA AZUL               2,026           2,027                    75                           L-2194 
01AZ    FRANJA AZUL               2,011           2,012                    75                           L-2195 
01AZ    FRANJA AZUL               2,026           2,027                    84                           L-2196 
01AZ    FRANJA AZUL               2,029           2,030                    78                           L-2197 
01AZ    FRANJA AZUL               2,023           2,024                    78                           L-2198 
01AZ    FRANJA AZUL               2,028           2,029                    80                           L-2199 
01AZ    FRANJA AZUL               2,030           2,031                    58                           L-2201 
01AZ    FRANJA AZUL               2,010           2,011                    59                           L-2202 
01AZ    FRANJA AZUL               2,024           2,025                    62                           L-2203 
01AZ    FRANJA AZUL               2,021           2,022                    64                           L-2204 
01AZ    FRANJA AZUL               2,035           2,036                    74                           L-2205 
01AZ    FRANJA AZUL               2,036           2,037                    69                           L-2206 
01AZ    FRANJA AZUL               2,017           2,018                    73                           L-2207 
01AZ    FRANJA AZUL               2,025           2,026                    63                           L-2208 
01AZ    FRANJA AZUL               2,028           2,029                    63                           L-2209 
01AZ    FRANJA AZUL               2,015           2,016                    61                           L-2210 
01AZ    FRANJA AZUL               2,004           2,005                    58                           L-2211 
01AZ    FRANJA AZUL               2,027           2,028                    79                           L-2212 
01AZ    FRANJA AZUL               2,019           2,020                    79                           L-2213 
01AZ    FRANJA AZUL               2,025           2,026                    77                           L-2214 
01AZ    FRANJA AZUL               2,009           2,010                    59                           L-2216 
01AZ    FRANJA AZUL               2,006           2,007                    57                           L-2217 
01AZ    FRANJA AZUL               2,018           2,019                    58                           L-2218 









EMPRESA NACIONAL DE MINERIA (ENM) PRODUCTOR          PACKING LIST                             PAG.  :   2
NATIONAL MINING COMPANY                       CODIGO DE LOTE   : L-2171                      FECHA :03/01/2019
                                              -----------------------------
FLUJO        : 
DESCRIPCION  : CATODOS EW VALLENAR
N° INSTR. DE EMBARQUE : 25004
CLIENTE      : NORDIC HONG KONG
Lote Sipa    : 18110170

----------------------------------------------------------------------------------------------------------------------------- 
MARCA       DESCRIPCION         PESO NETO      PESO BRUTO     GRUPO     UNIDADES       UBICACION         SERIE                
-----------------------------------------------------------------------------------------------------------------------------

01AZ    FRANJA AZUL               2,015           2,016                    58                           L-2219 
01AZ    FRANJA AZUL               2,029           2,030                    58                           L-2220 
01AZ    FRANJA AZUL               2,013           2,014                    59                           L-2221 
01AZ    FRANJA AZUL               2,037           2,038                    60                           L-2222 
01AZ    FRANJA AZUL               2,030           2,031                    59                           L-2223 
01AZ    FRANJA AZUL               2,015           2,016                    58                           L-2224 
01AZ    FRANJA AZUL               2,014           2,015                    58                           L-2225 
01AZ    FRANJA AZUL               2,012           2,013                    58                           L-2226 
01AZ    FRANJA AZUL               2,020           2,021                    58                           L-2227 
01AZ    FRANJA AZUL               2,006           2,007                    57                           L-2228 
01AZ    FRANJA AZUL               2,014           2,015                    58                           L-2229 
01AZ    FRANJA AZUL               2,033           2,034                    63                           L-2230 
01AZ    FRANJA AZUL               2,013           2,014                    62                           L-2231 
01AZ    FRANJA AZUL               2,035           2,036                    67                           L-2232 
01AZ    FRANJA AZUL               2,020           2,021                    58                           L-2233 
01AZ    FRANJA AZUL               2,017           2,018                    63                           L-2234 
01AZ    FRANJA AZUL               2,018           2,019                    57                           L-2235 
01AZ    FRANJA AZUL               2,034           2,035                    61                           L-2236 
01AZ    FRANJA AZUL               2,018           2,019                    79                           L-2237 
01AZ    FRANJA AZUL               2,012           2,013                    59                           L-2238 
01AZ    FRANJA AZUL               2,020           2,021                    58                           L-2239 
01AZ    FRANJA AZUL               2,012           2,013                    59                           L-2240 
01AZ    FRANJA AZUL               2,018           2,019                    59                           L-2241 
01AZ    FRANJA AZUL               2,010           2,011                    59                           L-2242 
01AZ    FRANJA AZUL               2,024           2,025                    56                           L-2243 
01AZ    FRANJA AZUL               2,021           2,022                    66                           L-2245 
01AZ    FRANJA AZUL               2,012           2,013                    64                           L-2246 
01AZ    FRANJA AZUL               2,032           2,033                    65                           L-2247 
01AZ    FRANJA AZUL               2,010           2,011                    65                           L-2248 
01AZ    FRANJA AZUL               2,021           2,022                    66                           L-2249 
01AZ    FRANJA AZUL               2,013           2,014                    65                           L-2250 
01AZ    FRANJA AZUL               2,033           2,034                    73                           L-2251 
01AZ    FRANJA AZUL               2,029           2,030                    69                           L-2252 
01AZ    FRANJA AZUL               2,034           2,035                    65                           L-2253 
01AZ    FRANJA AZUL               2,027           2,028                    65                           L-2254 
01AZ    FRANJA AZUL               2,019           2,020                    60                           L-2255 
01AZ    FRANJA AZUL               2,021           2,022                    69                           L-2256 
01AZ    FRANJA AZUL               2,035           2,036                    66                           L-2257 
01AZ    FRANJA AZUL               2,013           2,014                    70                           L-2258 


------------------------------------------------------------------------------------------------------------------------
T.SUB-LOTES              TOT.PAQUETES =84      TOT.UNID. = 5677   T/P NETO (kg) = 169,663      T/P BRUTO (kg) = 169,747
------------------------------------------------------------------------------------------------------------------------
