
EMPRESA NACIONAL DE MINERIA (ENM) PRODUCTOR          PACKING LIST                             PAG.  :   1
NATIONAL MINING COMPANY                       CODIGO DE LOTE   : D-3383                      FECHA :26/04/2023
                                              -----------------------------
FLUJO        : 
DESCRIPCION  : CATODOS EW MATTA
N° INSTR. DE EMBARQUE : 930858
CLIENTE      : 
Lote Sipa    : 23040512

----------------------------------------------------------------------------------------------------------------------------- 
MARCA       DESCRIPCION         PESO NETO      PESO BRUTO     GRUPO     UNIDADES       UBICACION         SERIE                
-----------------------------------------------------------------------------------------------------------------------------

12RJ    12 ROJO                   2,019           2,020                    58                           D-3383 
12RJ    12 ROJO                   2,023           2,024                    45                           D-3384 
12RJ    12 ROJO                   2,030           2,031                    58                           D-3385 
12RJ    12 ROJO                   1,993           1,994                    49                           D-3386 
12RJ    12 ROJO                   2,031           2,032                    58                           D-3387 
12RJ    12 ROJO                   2,013           2,014                    66                           D-3388 
12RJ    12 ROJO                   2,020           2,021                    58                           D-3389 
12RJ    12 ROJO                   2,054           2,055                    58                           D-3390 
12RJ    12 ROJO                   2,029           2,030                    57                           D-3391 
12RJ    12 ROJO                   2,012           2,013                    58                           D-3392 
12RJ    12 ROJO                   2,000           2,001                    57                           D-3393 
12RJ    12 ROJO                   2,019           2,020                    58                           D-3394 
12RJ    12 ROJO                   2,035           2,036                    40                           D-3395 
12RJ    12 ROJO                   2,017           2,018                    46                           D-3396 


------------------------------------------------------------------------------------------------------------------------
T.SUB-LOTES              TOT.PAQUETES =14      TOT.UNID. = 766   T/P NETO (kg) = 28,295      T/P BRUTO (kg) = 28,309
------------------------------------------------------------------------------------------------------------------------
