
EMPRESA NACIONAL DE MINERIA (ENM) PRODUCTOR          PACKING LIST                             PAG.  :   1
NATIONAL MINING COMPANY                       CODIGO DE LOTE   : D-3279                      FECHA :20/04/2023
                                              -----------------------------
FLUJO        : 
DESCRIPCION  : CATODOS EW MATTA
N° INSTR. DE EMBARQUE : 930817
CLIENTE      : 
Lote Sipa    : 23040352

----------------------------------------------------------------------------------------------------------------------------- 
MARCA       DESCRIPCION         PESO NETO      PESO BRUTO     GRUPO     UNIDADES       UBICACION         SERIE                
-----------------------------------------------------------------------------------------------------------------------------

05RJ    CINCO FRANJAS ROJAS       2,014           2,015                    50                           D-3279 
05RJ    CINCO FRANJAS ROJAS       2,041           2,042                    54                           D-3280 
05RJ    CINCO FRANJAS ROJAS       2,044           2,045                    42                           D-3281 
05RJ    CINCO FRANJAS ROJAS       2,031           2,032                    51                           D-3282 
05RJ    CINCO FRANJAS ROJAS       2,040           2,041                    51                           D-3283 
05RJ    CINCO FRANJAS ROJAS       2,010           2,011                    50                           D-3284 
05RJ    CINCO FRANJAS ROJAS       2,008           2,009                    57                           D-3285 
05RJ    CINCO FRANJAS ROJAS       2,020           2,021                    57                           D-3286 
05RJ    CINCO FRANJAS ROJAS       2,037           2,038                    46                           D-3287 
05RJ    CINCO FRANJAS ROJAS       2,022           2,023                    45                           D-3288 
05RJ    CINCO FRANJAS ROJAS       2,047           2,048                    45                           D-3289 
05RJ    CINCO FRANJAS ROJAS       2,046           2,047                    54                           D-3290 
05RJ    CINCO FRANJAS ROJAS       2,044           2,045                    45                           D-3291 


------------------------------------------------------------------------------------------------------------------------
T.SUB-LOTES              TOT.PAQUETES =13      TOT.UNID. = 647   T/P NETO (kg) = 26,404      T/P BRUTO (kg) = 26,417
------------------------------------------------------------------------------------------------------------------------
