
EMPRESA NACIONAL DE MINERIA (ENM) PRODUCTOR          PACKING LIST                             PAG.  :   1
NATIONAL MINING COMPANY                       CODIGO DE LOTE   : L-3481                      FECHA :14/11/2022
                                              -----------------------------
FLUJO        : 
DESCRIPCION  : CATODOS EW MATTA
N° INSTR. DE EMBARQUE : 930159
CLIENTE      : 
Lote Sipa    : 22110240

----------------------------------------------------------------------------------------------------------------------------- 
MARCA       DESCRIPCION         PESO NETO      PESO BRUTO     GRUPO     UNIDADES       UBICACION         SERIE                
-----------------------------------------------------------------------------------------------------------------------------

05NA    CINCO FRANJAS NARANJA     2,041           2,042                    54                           L-3481 
05NA    CINCO FRANJAS NARANJA     1,999           2,000                    56                           L-3482 
05NA    CINCO FRANJAS NARANJA     2,017           2,018                    53                           L-3483 
05NA    CINCO FRANJAS NARANJA     2,023           2,024                    55                           L-3484 
05NA    CINCO FRANJAS NARANJA     2,027           2,028                    55                           L-3485 
05NA    CINCO FRANJAS NARANJA     2,014           2,015                    55                           L-3486 
05NA    CINCO FRANJAS NARANJA     2,010           2,011                    51                           L-3487 
05NA    CINCO FRANJAS NARANJA     2,043           2,044                    54                           L-3488 
05NA    CINCO FRANJAS NARANJA     2,025           2,026                    54                           L-3489 
05NA    CINCO FRANJAS NARANJA     2,001           2,002                    50                           L-3490 
05NA    CINCO FRANJAS NARANJA     2,013           2,014                    50                           L-3491 
05NA    CINCO FRANJAS NARANJA     2,037           2,038                    58                           L-3492 
05NA    CINCO FRANJAS NARANJA     2,025           2,026                    53                           L-3493 
05NA    CINCO FRANJAS NARANJA     2,004           2,005                    53                           L-3494 


------------------------------------------------------------------------------------------------------------------------
T.SUB-LOTES              TOT.PAQUETES =14      TOT.UNID. = 751   T/P NETO (kg) = 28,279      T/P BRUTO (kg) = 28,293
------------------------------------------------------------------------------------------------------------------------
