
EMPRESA NACIONAL DE MINERIA (ENM) PRODUCTOR          PACKING LIST                             PAG.  :   1
NATIONAL MINING COMPANY                       CODIGO DE LOTE   : G-1571                      FECHA :20/08/2018
                                              -----------------------------
FLUJO        : 
DESCRIPCION  : CATODOS EW EL SALADO
N° INSTR. DE EMBARQUE : 24660
CLIENTE      : SAN CLEMENTE
Lote Sipa    : 18070043

----------------------------------------------------------------------------------------------------------------------------- 
MARCA       DESCRIPCION         PESO NETO      PESO BRUTO     GRUPO     UNIDADES       UBICACION         SERIE                
-----------------------------------------------------------------------------------------------------------------------------

01RJ    FRANJA ROJA               2,018           2,019                    61                           G-1571 
01RJ    FRANJA ROJA               2,020           2,021                    89                           G-1572 
01RJ    FRANJA ROJA               2,045           2,046                    64                           G-1573 
01RJ    FRANJA ROJA               1,965           1,966                    97                           G-1574 
01RJ    FRANJA ROJA               2,063           2,064                    95                           G-1575 
01RJ    FRANJA ROJA               1,954           1,955                    89                           G-1576 
01RJ    FRANJA ROJA               2,027           2,028                    78                           G-1577 
01RJ    FRANJA ROJA               2,041           2,042                    100                          G-1578 
01RJ    FRANJA ROJA               1,984           1,985                    96                           G-1579 
01RJ    FRANJA ROJA               1,994           1,995                    59                           G-1580 
01RJ    FRANJA ROJA               2,033           2,034                    61                           G-1581 
01RJ    FRANJA ROJA               1,978           1,979                    94                           G-1582 
01RJ    FRANJA ROJA               1,987           1,988                    59                           G-1583 
01RJ    FRANJA ROJA               2,026           2,027                    59                           G-1584 
01RJ    FRANJA ROJA               1,997           1,998                    95                           G-1647 
01RJ    FRANJA ROJA               2,044           2,045                    106                          G-1648 
01RJ    FRANJA ROJA               2,044           2,045                    71                           G-1649 
01RJ    FRANJA ROJA               2,009           2,010                    109                          G-1650 
01RJ    FRANJA ROJA               2,033           2,034                    66                           G-1651 
01RJ    FRANJA ROJA               2,051           2,052                    72                           G-1652 
01RJ    FRANJA ROJA               2,031           2,032                    68                           G-1653 
01RJ    FRANJA ROJA               2,025           2,026                    89                           G-1654 
01RJ    FRANJA ROJA               1,991           1,992                    60                           G-1655 
01RJ    FRANJA ROJA               2,010           2,011                    90                           G-1656 
01RJ    FRANJA ROJA               2,036           2,037                    70                           G-1657 
01RJ    FRANJA ROJA               2,041           2,042                    63                           G-1658 
01RJ    FRANJA ROJA               2,006           2,007                    90                           G-1659 
01RJ    FRANJA ROJA               2,002           2,003                    58                           G-1660 
01RJ    FRANJA ROJA               1,955           1,956                    77                           G-1662 
01RJ    FRANJA ROJA               1,957           1,958                    66                           G-1663 
01RJ    FRANJA ROJA               2,017           2,018                    86                           G-1664 
01RJ    FRANJA ROJA               1,996           1,997                    80                           G-1665 
01RJ    FRANJA ROJA               1,971           1,972                    74                           G-1666 
01RJ    FRANJA ROJA               1,962           1,963                    65                           G-1667 
01RJ    FRANJA ROJA               1,962           1,963                    64                           G-1668 
01RJ    FRANJA ROJA               1,982           1,983                    77                           G-1669 
01RJ    FRANJA ROJA               1,983           1,984                    60                           G-1670 
01RJ    FRANJA ROJA               2,012           2,013                    75                           G-1671 
01RJ    FRANJA ROJA               1,973           1,974                    82                           G-1672 
01RJ    FRANJA ROJA               1,963           1,964                    63                           G-1673 
01RJ    FRANJA ROJA               2,004           2,005                    78                           G-1674 
01RJ    FRANJA ROJA               2,035           2,036                    74                           G-1675 
01RJ    FRANJA ROJA               1,986           1,987                    75                           G-1706 
01RJ    FRANJA ROJA               2,018           2,019                    80                           G-1707 
01RJ    FRANJA ROJA               2,008           2,009                    97                           G-1708 









EMPRESA NACIONAL DE MINERIA (ENM) PRODUCTOR          PACKING LIST                             PAG.  :   2
NATIONAL MINING COMPANY                       CODIGO DE LOTE   : G-1571                      FECHA :20/08/2018
                                              -----------------------------
FLUJO        : 
DESCRIPCION  : CATODOS EW EL SALADO
N° INSTR. DE EMBARQUE : 24660
CLIENTE      : SAN CLEMENTE
Lote Sipa    : 18070043

----------------------------------------------------------------------------------------------------------------------------- 
MARCA       DESCRIPCION         PESO NETO      PESO BRUTO     GRUPO     UNIDADES       UBICACION         SERIE                
-----------------------------------------------------------------------------------------------------------------------------

01RJ    FRANJA ROJA               1,975           1,976                    87                           G-1709 
01RJ    FRANJA ROJA               1,971           1,972                    67                           G-1710 
01RJ    FRANJA ROJA               1,981           1,982                    82                           G-1711 
01RJ    FRANJA ROJA               1,997           1,998                    80                           G-1712 
01RJ    FRANJA ROJA               2,050           2,051                    74                           G-1713 
01RJ    FRANJA ROJA               2,005           2,006                    91                           G-1714 
01RJ    FRANJA ROJA               1,952           1,953                    77                           G-1715 
01RJ    FRANJA ROJA               1,967           1,968                    74                           G-1716 
01RJ    FRANJA ROJA               1,977           1,978                    71                           G-1717 
01RJ    FRANJA ROJA               1,971           1,972                    76                           G-1718 
01RJ    FRANJA ROJA               1,951           1,952                    70                           G-1719 
01RJ    FRANJA ROJA               1,966           1,967                    66                           G-1783 
01RJ    FRANJA ROJA               2,025           2,026                    79                           G-1784 
01RJ    FRANJA ROJA               1,974           1,975                    80                           G-1785 
01RJ    FRANJA ROJA               2,040           2,041                    64                           G-1786 
01RJ    FRANJA ROJA               1,994           1,995                    74                           G-1787 
01RJ    FRANJA ROJA               2,029           2,030                    65                           G-1788 
01RJ    FRANJA ROJA               1,961           1,962                    72                           G-1789 
01RJ    FRANJA ROJA               2,037           2,038                    72                           G-1790 
01RJ    FRANJA ROJA               1,969           1,970                    92                           G-1791 
01RJ    FRANJA ROJA               2,002           2,003                    70                           G-1792 
01RJ    FRANJA ROJA               2,040           2,041                    80                           G-1793 
01RJ    FRANJA ROJA               2,020           2,021                    72                           G-1794 
01RJ    FRANJA ROJA               2,038           2,039                    85                           G-1795 
01RJ    FRANJA ROJA               1,951           1,952                    90                           G-1796 


------------------------------------------------------------------------------------------------------------------------
T.SUB-LOTES              TOT.PAQUETES =70      TOT.UNID. = 5391   T/P NETO (kg) = 140,082      T/P BRUTO (kg) = 140,152
------------------------------------------------------------------------------------------------------------------------
