
EMPRESA NACIONAL DE MINERIA (ENM) PRODUCTOR          PACKING LIST                             PAG.  :   1
NATIONAL MINING COMPANY                       CODIGO DE LOTE   : D-11070                      FECHA :29/04/2021
                                              -----------------------------
FLUJO        : 
DESCRIPCION  : CATODOS GRADO A
N° INSTR. DE EMBARQUE : 26655
CLIENTE      : COPIAPO                                 
Lote Sipa    : 

----------------------------------------------------------------------------------------------------------------------------- 
MARCA       DESCRIPCION         PESO NETO      PESO BRUTO     GRUPO     UNIDADES       UBICACION         SERIE                
-----------------------------------------------------------------------------------------------------------------------------

01RJ    FRANJA ROJA               2,282           2,283         15         20                           D-11070
01RJ    FRANJA ROJA               2,425           2,426         15         20                           D-11071
01RJ    FRANJA ROJA               2,486           2,487         33         20                           D-11072
01RJ    FRANJA ROJA               2,482           2,483         26         20                           D-11073
01RJ    FRANJA ROJA               2,457           2,458         15         20                           D-11074
01RJ    FRANJA ROJA               2,450           2,451         15         20                           D-11075
01RJ    FRANJA ROJA               2,449           2,450         45         20                           D-11076
01RJ    FRANJA ROJA               2,622           2,623         26         20                           D-11077
01RJ    FRANJA ROJA               2,535           2,536         16         20                           D-11078
01RJ    FRANJA ROJA               2,374           2,375         15         20                           D-11079
01RJ    FRANJA ROJA               2,618           2,619         15         20                           D-11080
01RJ    FRANJA ROJA               2,424           2,425         15         20                           D-11081
01RJ    FRANJA ROJA               2,427           2,428         45         20                           D-11082
01RJ    FRANJA ROJA               2,438           2,439         15         20                           D-11083
01RJ    FRANJA ROJA               2,408           2,409         15         20                           D-11084
01RJ    FRANJA ROJA               2,411           2,412         15         20                           D-11085
01RJ    FRANJA ROJA               2,461           2,462         45         20                           D-11086
01RJ    FRANJA ROJA               2,560           2,561         45         20                           D-11087
01RJ    FRANJA ROJA               2,421           2,422         45         20                           D-11088
01RJ    FRANJA ROJA               2,457           2,458         45         20                           D-11089
01RJ    FRANJA ROJA               2,547           2,548         45         20                           D-11090
01RJ    FRANJA ROJA               2,424           2,425         15         20                           D-11091
01RJ    FRANJA ROJA               2,385           2,386         15         20                           D-11092
01RJ    FRANJA ROJA               2,456           2,457         15         20                           D-11093
01RJ    FRANJA ROJA               2,414           2,415         45         20                           D-11094
01RJ    FRANJA ROJA               2,452           2,453         45         20                           D-11095
01RJ    FRANJA ROJA               2,594           2,595         45         20                           D-11096
01RJ    FRANJA ROJA               2,556           2,557         16         20                           D-11097
01RJ    FRANJA ROJA               2,544           2,545         16         20                           D-11098
01RJ    FRANJA ROJA               2,556           2,557         45         20                           D-11099
01RJ    FRANJA ROJA               2,385           2,386         45         20                           D-11100
01RJ    FRANJA ROJA               2,400           2,401         45         20                           D-11101
01RJ    FRANJA ROJA               2,523           2,524         45         20                           D-11102
01RJ    FRANJA ROJA               2,388           2,389         45         20                           D-11103
01RJ    FRANJA ROJA               2,484           2,485         16         20                           D-11104
01RJ    FRANJA ROJA               2,433           2,434         16         20                           D-11105
01RJ    FRANJA ROJA               2,404           2,405         16         20                           D-11106
01RJ    FRANJA ROJA               2,614           2,615         16         20                           D-11107
01RJ    FRANJA ROJA               2,291           2,292         45         20                           D-11108
01RJ    FRANJA ROJA               2,588           2,589         16         20                           D-11109
01RJ    FRANJA ROJA               2,419           2,420         16         20                           D-11110
01RJ    FRANJA ROJA               2,411           2,412         16         20                           D-11111
01RJ    FRANJA ROJA               2,532           2,533         16         20                           D-11112
01RJ    FRANJA ROJA               2,394           2,395         16         20                           D-11113
01RJ    FRANJA ROJA               2,507           2,508         16         20                           D-11114









EMPRESA NACIONAL DE MINERIA (ENM) PRODUCTOR          PACKING LIST                             PAG.  :   2
NATIONAL MINING COMPANY                       CODIGO DE LOTE   : D-11070                      FECHA :29/04/2021
                                              -----------------------------
FLUJO        : 
DESCRIPCION  : CATODOS GRADO A
N° INSTR. DE EMBARQUE : 26655
CLIENTE      : COPIAPO                                 
Lote Sipa    : 

----------------------------------------------------------------------------------------------------------------------------- 
MARCA       DESCRIPCION         PESO NETO      PESO BRUTO     GRUPO     UNIDADES       UBICACION         SERIE                
-----------------------------------------------------------------------------------------------------------------------------

01RJ    FRANJA ROJA               2,392           2,393         45         20                           D-11115
01RJ    FRANJA ROJA               2,367           2,368         45         20                           D-11116
01RJ    FRANJA ROJA               2,346           2,347         45         20                           D-11117
01RJ    FRANJA ROJA               2,449           2,450         45         20                           D-11118
01RJ    FRANJA ROJA               2,595           2,596         45         20                           D-11119
01RJ    FRANJA ROJA               2,398           2,399         45         20                           D-11120
01RJ    FRANJA ROJA               2,454           2,455         45         20                           D-11121
01RJ    FRANJA ROJA               2,514           2,515         45         20                           D-11122
01RJ    FRANJA ROJA               2,590           2,591         45         20                           D-11123
01RJ    FRANJA ROJA               2,464           2,465         45         20                           D-11124
01RJ    FRANJA ROJA               2,573           2,574         16         20                           D-11125
01RJ    FRANJA ROJA               2,403           2,404         16         20                           D-11126
01RJ    FRANJA ROJA               2,510           2,511         16         20                           D-11127
01RJ    FRANJA ROJA               2,328           2,329         45         20                           D-11128
01RJ    FRANJA ROJA               2,536           2,537         16         20                           D-11129
01RJ    FRANJA ROJA               2,610           2,611         16         20                           D-11130
01RJ    FRANJA ROJA               2,529           2,530         15         20                           D-11131
01RJ    FRANJA ROJA               2,583           2,584         15         20                           D-11132
01RJ    FRANJA ROJA               2,527           2,528         45         20                           D-11133
01RJ    FRANJA ROJA               2,468           2,469         45         20                           D-11134
01RJ    FRANJA ROJA               2,531           2,532         16         20                           D-11135
01RJ    FRANJA ROJA               2,400           2,401         16         20                           D-11136
01RJ    FRANJA ROJA               2,424           2,425         16         20                           D-11137
01RJ    FRANJA ROJA               2,509           2,510         16         20                           D-11138
01RJ    FRANJA ROJA               2,542           2,543         16         20                           D-11139
01RJ    FRANJA ROJA               2,385           2,386         45         20                           D-11140
01RJ    FRANJA ROJA               2,564           2,565         45         20                           D-11141
01RJ    FRANJA ROJA               2,602           2,603         16         20                           D-11142
01RJ    FRANJA ROJA               2,615           2,616         16         20                           D-11143
01RJ    FRANJA ROJA               2,449           2,450         45         20                           D-11144
01RJ    FRANJA ROJA               2,422           2,423         45         20                           D-11145
01RJ    FRANJA ROJA               2,341           2,342         45         20                           D-11146
01RJ    FRANJA ROJA               2,204           2,205         16         20                           D-11147
01RJ    FRANJA ROJA               2,487           2,488         45         20                           D-11148
01RJ    FRANJA ROJA               2,462           2,463         45         20                           D-11149
01RJ    FRANJA ROJA               2,452           2,453         45         20                           D-11150
01RJ    FRANJA ROJA               2,455           2,456         45         20                           D-11151
01RJ    FRANJA ROJA               2,408           2,409         45         20                           D-11152
01RJ    FRANJA ROJA               2,383           2,384         16         20                           D-11153
01RJ    FRANJA ROJA               2,478           2,479         16         20                           D-11154
01RJ    FRANJA ROJA               2,357           2,358         45         20                           D-11155
01RJ    FRANJA ROJA               2,375           2,376         45         20                           D-11156
01RJ    FRANJA ROJA               2,554           2,555         45         20                           D-11157
01RJ    FRANJA ROJA               2,369           2,370         15         20                           D-11158
01RJ    FRANJA ROJA               2,452           2,453         45         20                           D-11159









EMPRESA NACIONAL DE MINERIA (ENM) PRODUCTOR          PACKING LIST                             PAG.  :   3
NATIONAL MINING COMPANY                       CODIGO DE LOTE   : D-11070                      FECHA :29/04/2021
                                              -----------------------------
FLUJO        : 
DESCRIPCION  : CATODOS GRADO A
N° INSTR. DE EMBARQUE : 26655
CLIENTE      : COPIAPO                                 
Lote Sipa    : 

----------------------------------------------------------------------------------------------------------------------------- 
MARCA       DESCRIPCION         PESO NETO      PESO BRUTO     GRUPO     UNIDADES       UBICACION         SERIE                
-----------------------------------------------------------------------------------------------------------------------------

01RJ    FRANJA ROJA               2,368           2,369         16         20                           D-11160
01RJ    FRANJA ROJA               2,424           2,425         16         20                           D-11161
01RJ    FRANJA ROJA               2,515           2,516         16         20                           D-11162
01RJ    FRANJA ROJA               2,421           2,422         45         20                           D-11163
01RJ    FRANJA ROJA               2,549           2,550         45         20                           D-11164
01RJ    FRANJA ROJA               2,320           2,321         16         20                           D-11165
01RJ    FRANJA ROJA               2,252           2,253         45         20                           D-11166
01RJ    FRANJA ROJA               2,586           2,587         45         20                           D-11167
01RJ    FRANJA ROJA               2,474           2,475         33         20                           D-11168
01RJ    FRANJA ROJA               2,432           2,433         16         20                           D-11169
01RJ    FRANJA ROJA               2,464           2,465         45         20                           D-11170
01RJ    FRANJA ROJA               2,510           2,511         45         20                           D-11171
01RJ    FRANJA ROJA               2,401           2,402         16         20                           D-11172
01RJ    FRANJA ROJA               2,299           2,300         16         20                           D-11173
01RJ    FRANJA ROJA               2,362           2,363         45         20                           D-11174
01RJ    FRANJA ROJA               2,519           2,520         45         20                           D-11175
01RJ    FRANJA ROJA               2,565           2,566         45         20                           D-11176
01RJ    FRANJA ROJA               2,454           2,455         15         20                           D-11177
01RJ    FRANJA ROJA               2,115           2,116         45         20                           D-11178
01RJ    FRANJA ROJA               2,397           2,398         16         20                           D-11179
01RJ    FRANJA ROJA               2,388           2,389         16         20                           D-11180
01RJ    FRANJA ROJA               2,481           2,482         16         20                           D-11181
01RJ    FRANJA ROJA               2,397           2,398         45         20                           D-11182
01RJ    FRANJA ROJA               2,329           2,330         33         20                           D-11183
01RJ    FRANJA ROJA               2,524           2,525         15         20                           D-11184
01RJ    FRANJA ROJA               2,539           2,540         33         20                           D-11185
01RJ    FRANJA ROJA               2,471           2,472         15         20                           D-11186
01RJ    FRANJA ROJA               2,499           2,500         15         20                           D-11187
01RJ    FRANJA ROJA               2,575           2,576         15         20                           D-11188
01RJ    FRANJA ROJA               2,540           2,541         15         20                           D-11189
01RJ    FRANJA ROJA               2,549           2,550         33         20                           D-11190
01RJ    FRANJA ROJA               2,474           2,475         33         20                           D-11191


------------------------------------------------------------------------------------------------------------------------
T.SUB-LOTES              TOT.PAQUETES =122      TOT.UNID. = 2440   T/P NETO (kg) = 299,937      T/P BRUTO (kg) = 300,059
------------------------------------------------------------------------------------------------------------------------
