
EMPRESA NACIONAL DE MINERIA (ENM) PRODUCTOR          PACKING LIST                             PAG.  :   1
NATIONAL MINING COMPANY                       CODIGO DE LOTE   : M-2186                      FECHA :11/02/2019
                                              -----------------------------
FLUJO        : 
DESCRIPCION  : CATODOS EW VALLENAR
N° INSTR. DE EMBARQUE : 25119
CLIENTE      : COCESA                                  
Lote Sipa    : 18120099

----------------------------------------------------------------------------------------------------------------------------- 
MARCA       DESCRIPCION         PESO NETO      PESO BRUTO     GRUPO     UNIDADES       UBICACION         SERIE                
-----------------------------------------------------------------------------------------------------------------------------

01AZ    FRANJA AZUL               2,025           2,026                    69                           M-2186 
01AZ    FRANJA AZUL               2,023           2,024                    66                           M-2187 
01AZ    FRANJA AZUL               2,013           2,014                    73                           M-2188 
01AZ    FRANJA AZUL               2,015           2,016                    72                           M-2189 
01AZ    FRANJA AZUL               2,026           2,027                    77                           M-2190 
01AZ    FRANJA AZUL               2,038           2,039                    65                           M-2191 
01AZ    FRANJA AZUL               2,018           2,019                    65                           M-2192 
01AZ    FRANJA AZUL               2,025           2,026                    64                           M-2193 
01AZ    FRANJA AZUL               2,033           2,034                    69                           M-2194 
01AZ    FRANJA AZUL               2,025           2,026                    65                           M-2195 
01AZ    FRANJA AZUL               2,033           2,034                    65                           M-2196 
01AZ    FRANJA AZUL               2,007           2,008                    63                           M-2197 
01AZ    FRANJA AZUL               2,014           2,015                    72                           M-2198 
01AZ    FRANJA AZUL               2,031           2,032                    67                           M-2199 


------------------------------------------------------------------------------------------------------------------------
T.SUB-LOTES              TOT.PAQUETES =14      TOT.UNID. = 952   T/P NETO (kg) = 28,326      T/P BRUTO (kg) = 28,340
------------------------------------------------------------------------------------------------------------------------
