
EMPRESA NACIONAL DE MINERIA (ENM) PRODUCTOR          PACKING LIST                             PAG.  :   1
NATIONAL MINING COMPANY                       CODIGO DE LOTE   : J-3329                      FECHA :28/10/2022
                                              -----------------------------
FLUJO        : 
DESCRIPCION  : CATODOS EW MATTA
N° INSTR. DE EMBARQUE : 930124
CLIENTE      : 
Lote Sipa    : 22100409

----------------------------------------------------------------------------------------------------------------------------- 
MARCA       DESCRIPCION         PESO NETO      PESO BRUTO     GRUPO     UNIDADES       UBICACION         SERIE                
-----------------------------------------------------------------------------------------------------------------------------

08AM    OCHO FRANJAS AMARILLA     2,021           2,022                    54                           J-3329 
08AM    OCHO FRANJAS AMARILLA     2,035           2,036                    59                           J-3330 
08AM    OCHO FRANJAS AMARILLA     2,020           2,021                    51                           J-3331 
08AM    OCHO FRANJAS AMARILLA     2,005           2,006                    54                           J-3332 
08AM    OCHO FRANJAS AMARILLA     2,022           2,023                    61                           J-3333 
08AM    OCHO FRANJAS AMARILLA     2,032           2,033                    55                           J-3334 
08AM    OCHO FRANJAS AMARILLA     2,019           2,020                    58                           J-3335 
08AM    OCHO FRANJAS AMARILLA     2,024           2,025                    53                           J-3336 
08AM    OCHO FRANJAS AMARILLA     2,044           2,045                    54                           J-3337 
08AM    OCHO FRANJAS AMARILLA     2,005           2,006                    56                           J-3338 
08AM    OCHO FRANJAS AMARILLA     2,005           2,006                    52                           J-3339 
08AM    OCHO FRANJAS AMARILLA     2,028           2,029                    52                           J-3340 
08AM    OCHO FRANJAS AMARILLA     2,016           2,017                    51                           J-3341 
08AM    OCHO FRANJAS AMARILLA     2,016           2,017                    51                           J-3342 


------------------------------------------------------------------------------------------------------------------------
T.SUB-LOTES              TOT.PAQUETES =14      TOT.UNID. = 761   T/P NETO (kg) = 28,292      T/P BRUTO (kg) = 28,306
------------------------------------------------------------------------------------------------------------------------
