
EMPRESA NACIONAL DE MINERIA (ENM) PRODUCTOR          PACKING LIST                             PAG.  :   1
NATIONAL MINING COMPANY                       CODIGO DE LOTE   : L-2021                      FECHA :02/12/2021
                                              -----------------------------
FLUJO        : 
DESCRIPCION  : CATODOS EW TALTAL
N° INSTR. DE EMBARQUE : 27038
CLIENTE      : COPIAPO                                 
Lote Sipa    : 21100403

----------------------------------------------------------------------------------------------------------------------------- 
MARCA       DESCRIPCION         PESO NETO      PESO BRUTO     GRUPO     UNIDADES       UBICACION         SERIE                
-----------------------------------------------------------------------------------------------------------------------------

01AM    FRANJA AMARILLA           2,017           2,018                    63                           J-2124 
01AM    FRANJA AMARILLA           2,012           2,013                    67                           J-2125 
01AM    FRANJA AMARILLA           2,025           2,026                    70                           J-2126 
01AM    FRANJA AMARILLA           2,025           2,026                    64                           J-2127 
01AM    FRANJA AMARILLA           2,007           2,008                    65                           J-2128 
01AM    FRANJA AMARILLA           2,020           2,021                    67                           J-2129 
01AM    FRANJA AMARILLA           2,029           2,030                    72                           J-2130 
01AM    FRANJA AMARILLA           2,009           2,010                    70                           J-2131 
01AM    FRANJA AMARILLA           2,013           2,014                    68                           J-2132 
01AM    FRANJA AMARILLA           2,004           2,005                    71                           J-2133 
01AM    FRANJA AMARILLA           2,002           2,003                    70                           J-2134 
01AM    FRANJA AMARILLA           2,024           2,025                    66                           J-2135 
01AM    FRANJA AMARILLA           2,025           2,026                    60                           J-2136 
01AM    FRANJA AMARILLA           2,010           2,011                    62                           J-2137 
01AM    FRANJA AMARILLA           2,028           2,029                    65                           J-2139 
01AM    FRANJA AMARILLA           2,033           2,034                    56                           J-2140 
01AM    FRANJA AMARILLA           2,006           2,007                    59                           J-2141 
01AM    FRANJA AMARILLA           2,028           2,029                    64                           J-2142 
01AM    FRANJA AMARILLA           2,000           2,001                    59                           J-2143 
01AM    FRANJA AMARILLA           2,013           2,014                    63                           J-2144 
01AM    FRANJA AMARILLA           2,004           2,005                    60                           J-2145 
01AM    FRANJA AMARILLA           2,010           2,011                    61                           J-2146 
01AM    FRANJA AMARILLA           2,024           2,025                    71                           J-2147 
01AM    FRANJA AMARILLA           2,005           2,006                    73                           J-2148 
01AM    FRANJA AMARILLA           2,004           2,005                    70                           J-2149 
01AM    FRANJA AMARILLA           2,018           2,019                    74                           J-2150 
01AM    FRANJA AMARILLA           2,012           2,013                    61                           J-2151 
01AM    FRANJA AMARILLA           2,002           2,003                    63                           J-2152 
01AM    FRANJA AMARILLA           2,027           2,028                    62                           J-2155 
01AM    FRANJA AMARILLA           2,022           2,023                    71                           J-2156 
01AM    FRANJA AMARILLA           2,021           2,022                    64                           J-2157 
01AM    FRANJA AMARILLA           2,007           2,008                    71                           J-2158 
01AM    FRANJA AMARILLA           2,013           2,014                    68                           J-2159 
01AM    FRANJA AMARILLA           2,021           2,022                    75                           J-2160 
01AM    FRANJA AMARILLA           2,025           2,026                    74                           J-2161 
01AM    FRANJA AMARILLA           2,009           2,010                    60                           J-2162 
01AM    FRANJA AMARILLA           2,013           2,014                    64                           J-2163 
01AM    FRANJA AMARILLA           2,026           2,027                    80                           J-2164 
01AM    FRANJA AMARILLA           2,030           2,031                    72                           J-2165 
01AM    FRANJA AMARILLA           2,015           2,016                    66                           J-2166 
01AM    FRANJA AMARILLA           2,013           2,014                    64                           J-2167 
01AM    FRANJA AMARILLA           2,016           2,017                    66                           J-2168 
01AM    FRANJA AMARILLA           2,013           2,014                    72                           L-2021 
01AM    FRANJA AMARILLA           2,023           2,024                    58                           L-2022 
01AM    FRANJA AMARILLA           2,009           2,010                    70                           L-2023 









EMPRESA NACIONAL DE MINERIA (ENM) PRODUCTOR          PACKING LIST                             PAG.  :   2
NATIONAL MINING COMPANY                       CODIGO DE LOTE   : L-2021                      FECHA :02/12/2021
                                              -----------------------------
FLUJO        : 
DESCRIPCION  : CATODOS EW TALTAL
N° INSTR. DE EMBARQUE : 27038
CLIENTE      : COPIAPO                                 
Lote Sipa    : 21100403

----------------------------------------------------------------------------------------------------------------------------- 
MARCA       DESCRIPCION         PESO NETO      PESO BRUTO     GRUPO     UNIDADES       UBICACION         SERIE                
-----------------------------------------------------------------------------------------------------------------------------

01AM    FRANJA AMARILLA           1,999           2,000                    66                           L-2024 
01AM    FRANJA AMARILLA           2,019           2,020                    60                           L-2025 
01AM    FRANJA AMARILLA           2,003           2,004                    58                           L-2026 
01AM    FRANJA AMARILLA           2,002           2,003                    61                           L-2027 
01AM    FRANJA AMARILLA           2,005           2,006                    66                           L-2028 
01AM    FRANJA AMARILLA           2,021           2,022                    64                           L-2029 
01AM    FRANJA AMARILLA           2,029           2,030                    70                           L-2030 
01AM    FRANJA AMARILLA           1,999           2,000                    58                           L-2031 
01AM    FRANJA AMARILLA           2,025           2,026                    64                           L-2032 
01AM    FRANJA AMARILLA           2,005           2,006                    73                           L-2033 
01AM    FRANJA AMARILLA           2,024           2,025                    70                           L-2034 
01AM    FRANJA AMARILLA           2,025           2,026                    58                           L-2036 
01AM    FRANJA AMARILLA           2,025           2,026                    71                           L-2037 
01AM    FRANJA AMARILLA           2,005           2,006                    65                           L-2038 
01AM    FRANJA AMARILLA           2,013           2,014                    66                           L-2039 
01AM    FRANJA AMARILLA           2,023           2,024                    57                           L-2040 
01AM    FRANJA AMARILLA           2,036           2,037                    67                           L-2041 
01AM    FRANJA AMARILLA           2,020           2,021                    62                           L-2042 
01AM    FRANJA AMARILLA           2,039           2,040                    58                           L-2043 
01AM    FRANJA AMARILLA           2,019           2,020                    61                           L-2044 
01AM    FRANJA AMARILLA           2,039           2,040                    65                           L-2045 
01AM    FRANJA AMARILLA           2,019           2,020                    67                           L-2046 
01AM    FRANJA AMARILLA           2,020           2,021                    68                           L-2047 
01AM    FRANJA AMARILLA           2,011           2,012                    59                           L-2048 
01AM    FRANJA AMARILLA           2,037           2,038                    60                           L-2049 
01AM    FRANJA AMARILLA           2,027           2,028                    62                           L-2066 
01AM    FRANJA AMARILLA           2,011           2,012                    61                           L-2067 
01AM    FRANJA AMARILLA           2,025           2,026                    58                           L-2068 
01AM    FRANJA AMARILLA           2,025           2,026                    60                           L-2069 
01AM    FRANJA AMARILLA           2,013           2,014                    63                           L-2070 
01AM    FRANJA AMARILLA           2,009           2,010                    63                           L-2071 
01AM    FRANJA AMARILLA           2,009           2,010                    67                           L-2072 
01AM    FRANJA AMARILLA           2,019           2,020                    66                           L-2073 
01AM    FRANJA AMARILLA           2,021           2,022                    61                           L-2074 
01AM    FRANJA AMARILLA           2,007           2,008                    59                           L-2075 
01AM    FRANJA AMARILLA           2,005           2,006                    66                           L-2076 
01AM    FRANJA AMARILLA           1,997           1,998                    63                           L-2077 
01AM    FRANJA AMARILLA           2,009           2,010                    66                           L-2078 
01AM    FRANJA AMARILLA           2,016           2,017                    68                           L-2079 
01AM    FRANJA AMARILLA           2,009           2,010                    61                           L-2081 
01AM    FRANJA AMARILLA           2,009           2,010                    63                           L-2082 
01AM    FRANJA AMARILLA           2,002           2,003                    65                           L-2083 
01AM    FRANJA AMARILLA           2,000           2,001                    63                           L-2084 
01AM    FRANJA AMARILLA           2,000           2,001                    69                           L-2085 
01AM    FRANJA AMARILLA           2,020           2,021                    63                           L-2086 









EMPRESA NACIONAL DE MINERIA (ENM) PRODUCTOR          PACKING LIST                             PAG.  :   3
NATIONAL MINING COMPANY                       CODIGO DE LOTE   : L-2021                      FECHA :02/12/2021
                                              -----------------------------
FLUJO        : 
DESCRIPCION  : CATODOS EW TALTAL
N° INSTR. DE EMBARQUE : 27038
CLIENTE      : COPIAPO                                 
Lote Sipa    : 21100403

----------------------------------------------------------------------------------------------------------------------------- 
MARCA       DESCRIPCION         PESO NETO      PESO BRUTO     GRUPO     UNIDADES       UBICACION         SERIE                
-----------------------------------------------------------------------------------------------------------------------------

01AM    FRANJA AMARILLA           2,019           2,020                    68                           L-2087 
01AM    FRANJA AMARILLA           2,015           2,016                    62                           L-2088 
01AM    FRANJA AMARILLA           2,003           2,004                    66                           L-2089 
01AM    FRANJA AMARILLA           2,027           2,028                    61                           L-2090 
01AM    FRANJA AMARILLA           2,015           2,016                    67                           L-2091 
01AM    FRANJA AMARILLA           2,023           2,024                    60                           L-2092 
01AM    FRANJA AMARILLA           2,025           2,026                    68                           L-2093 
01AM    FRANJA AMARILLA           2,031           2,032                    61                           L-2094 


------------------------------------------------------------------------------------------------------------------------
T.SUB-LOTES              TOT.PAQUETES =98      TOT.UNID. = 6365   T/P NETO (kg) = 197,565      T/P BRUTO (kg) = 197,663
------------------------------------------------------------------------------------------------------------------------
