
EMPRESA NACIONAL DE MINERIA (ENM) PRODUCTOR          PACKING LIST                             PAG.  :   1
NATIONAL MINING COMPANY                       CODIGO DE LOTE   : J-9586                      FECHA :27/10/2022
                                              -----------------------------
FLUJO        : 
DESCRIPCION  : CATODOS GRADO A
N° INSTR. DE EMBARQUE : 27647
CLIENTE      : ANTOFAGASTA EXPRESS
Lote Sipa    : 

----------------------------------------------------------------------------------------------------------------------------- 
MARCA       DESCRIPCION         PESO NETO      PESO BRUTO     GRUPO     UNIDADES       UBICACION         SERIE                
-----------------------------------------------------------------------------------------------------------------------------

01RJ    FRANJA ROJA               2,282           2,283         26         20                           J-9586 
01RJ    FRANJA ROJA               2,309           2,310         26         20                           J-9587 
01RJ    FRANJA ROJA               2,459           2,460         45         20                           J-9588 
01RJ    FRANJA ROJA               2,525           2,526         45         20                           J-9589 
01RJ    FRANJA ROJA               2,413           2,414         45         20                           J-9590 
01RJ    FRANJA ROJA               2,471           2,472         39         20                           J-9591 
01RJ    FRANJA ROJA               2,421           2,422         39         20                           J-9592 
01RJ    FRANJA ROJA               2,141           2,142         45         20                           J-9593 
01RJ    FRANJA ROJA               2,091           2,092         45         20                           J-9594 
01RJ    FRANJA ROJA               2,401           2,402         45         20                           J-9595 
01RJ    FRANJA ROJA               2,433           2,434         26         20                           J-9596 
01RJ    FRANJA ROJA               2,559           2,560         45         20                           J-9597 
01RJ    FRANJA ROJA               2,295           2,296         45         20                           J-9598 
01RJ    FRANJA ROJA               2,367           2,368         33         20                           J-9599 
01RJ    FRANJA ROJA               2,283           2,284         33         20                           J-9600 
01RJ    FRANJA ROJA               2,520           2,521         26         20                           J-9601 
01RJ    FRANJA ROJA               2,440           2,441         26         20                           J-9602 
01RJ    FRANJA ROJA               2,453           2,454         45         20                           J-9603 
01RJ    FRANJA ROJA               2,489           2,490         45         20                           J-9604 
01RJ    FRANJA ROJA               2,210           2,211         26         20                           J-9605 
01RJ    FRANJA ROJA               2,400           2,401         26         20                           J-9606 
01RJ    FRANJA ROJA               2,211           2,212         26         20                           J-9607 
01RJ    FRANJA ROJA               2,583           2,584         45         20                           J-9608 
01RJ    FRANJA ROJA               2,513           2,514         45         20                           J-9609 
01RJ    FRANJA ROJA               2,363           2,364         26         20                           J-9610 
01RJ    FRANJA ROJA               2,263           2,264         26         20                           J-9611 
01RJ    FRANJA ROJA               2,431           2,432         45         20                           J-9612 
01RJ    FRANJA ROJA               2,104           2,105         26         20                           J-9613 
01RJ    FRANJA ROJA               2,538           2,539         45         20                           J-9614 
01RJ    FRANJA ROJA               2,488           2,489         45         20                           J-9615 
01RJ    FRANJA ROJA               2,235           2,236         26         20                           J-9616 
01RJ    FRANJA ROJA               2,387           2,388         26         20                           J-9617 
01RJ    FRANJA ROJA               2,551           2,552         26         20                           J-9618 
01RJ    FRANJA ROJA               2,486           2,487         45         20                           J-9619 
01RJ    FRANJA ROJA               2,243           2,244         26         20                           J-9620 
01RJ    FRANJA ROJA               2,567           2,568         39         20                           J-9621 
01RJ    FRANJA ROJA               2,171           2,172         45         20                           J-9622 
01RJ    FRANJA ROJA               2,293           2,294         26         20                           J-9623 
01RJ    FRANJA ROJA               2,547           2,548         45         20                           J-9624 
01RJ    FRANJA ROJA               2,481           2,482         26         20                           J-9625 
01RJ    FRANJA ROJA               2,137           2,138         26         20                           J-9626 
01RJ    FRANJA ROJA               2,487           2,488         25         20                           J-9627 
01RJ    FRANJA ROJA               2,091           2,092         26         20                           J-9628 
01RJ    FRANJA ROJA               2,227           2,228         25         20                           J-9629 
01RJ    FRANJA ROJA               2,189           2,190         25         20                           J-9630 









EMPRESA NACIONAL DE MINERIA (ENM) PRODUCTOR          PACKING LIST                             PAG.  :   2
NATIONAL MINING COMPANY                       CODIGO DE LOTE   : J-9586                      FECHA :27/10/2022
                                              -----------------------------
FLUJO        : 
DESCRIPCION  : CATODOS GRADO A
N° INSTR. DE EMBARQUE : 27647
CLIENTE      : ANTOFAGASTA EXPRESS
Lote Sipa    : 

----------------------------------------------------------------------------------------------------------------------------- 
MARCA       DESCRIPCION         PESO NETO      PESO BRUTO     GRUPO     UNIDADES       UBICACION         SERIE                
-----------------------------------------------------------------------------------------------------------------------------

01RJ    FRANJA ROJA               2,583           2,584         45         20                           J-9631 
01RJ    FRANJA ROJA               2,508           2,509         45         20                           J-9632 
01RJ    FRANJA ROJA               2,247           2,248         26         20                           J-9633 
01RJ    FRANJA ROJA               2,397           2,398         26         20                           J-9634 
01RJ    FRANJA ROJA               2,373           2,374         26         20                           J-9635 
01RJ    FRANJA ROJA               2,454           2,455         25         20                           J-9636 
01RJ    FRANJA ROJA               2,433           2,434         25         20                           J-9637 
01RJ    FRANJA ROJA               2,298           2,299         26         20                           J-9638 
01RJ    FRANJA ROJA               2,439           2,440         45         20                           J-9639 
01RJ    FRANJA ROJA               2,503           2,504         45         20                           J-9640 
01RJ    FRANJA ROJA               2,273           2,274         26         20                           J-9641 
01RJ    FRANJA ROJA               2,383           2,384         45         20                           J-9642 
01RJ    FRANJA ROJA               2,513           2,514         26         20                           J-9643 
01RJ    FRANJA ROJA               2,503           2,504         26         20                           J-9644 
01RJ    FRANJA ROJA               2,145           2,146         25         20                           J-9645 
01RJ    FRANJA ROJA               2,473           2,474         45         20                           J-9646 
01RJ    FRANJA ROJA               2,349           2,350         45         20                           J-9647 
01RJ    FRANJA ROJA               2,344           2,345         26         20                           J-9648 
01RJ    FRANJA ROJA               2,380           2,381         26         20                           J-9649 
01RJ    FRANJA ROJA               2,453           2,454         45         20                           J-9650 
01RJ    FRANJA ROJA               2,337           2,338         26         20                           J-9651 
01RJ    FRANJA ROJA               2,303           2,304         26         20                           J-9652 
01RJ    FRANJA ROJA               2,258           2,259         26         20                           J-9653 
01RJ    FRANJA ROJA               2,526           2,527         45         20                           J-9654 
01RJ    FRANJA ROJA               2,422           2,423         26         20                           J-9655 
01RJ    FRANJA ROJA               2,405           2,406         45         20                           J-9656 
01RJ    FRANJA ROJA               2,315           2,316         45         20                           J-9657 
01RJ    FRANJA ROJA               2,429           2,430         26         20                           J-9658 
01RJ    FRANJA ROJA               2,529           2,530         26         20                           J-9659 
01RJ    FRANJA ROJA               2,435           2,436         25         20                           J-9660 
01RJ    FRANJA ROJA               2,433           2,434         45         20                           J-9661 
01RJ    FRANJA ROJA               2,473           2,474         45         20                           J-9662 
01RJ    FRANJA ROJA               2,127           2,128         26         20                           J-9663 
01RJ    FRANJA ROJA               2,425           2,426         45         20                           J-9664 
01RJ    FRANJA ROJA               2,226           2,227         45         20                           J-9665 
01RJ    FRANJA ROJA               2,434           2,435         45         20                           J-9666 
01RJ    FRANJA ROJA               2,357           2,358         45         20                           J-9667 
01RJ    FRANJA ROJA               2,411           2,412         26         20                           J-9668 
01RJ    FRANJA ROJA               2,583           2,584         26         20                           J-9669 
01RJ    FRANJA ROJA               2,323           2,324         26         20                           J-9670 
01RJ    FRANJA ROJA               2,443           2,444         25         20                           J-9671 
01RJ    FRANJA ROJA               2,463           2,464         25         20                           J-9672 
01RJ    FRANJA ROJA               2,233           2,234         26         20                           J-9673 
01RJ    FRANJA ROJA               2,285           2,286         26         20                           J-9674 
01RJ    FRANJA ROJA               2,501           2,502         45         20                           J-9675 









EMPRESA NACIONAL DE MINERIA (ENM) PRODUCTOR          PACKING LIST                             PAG.  :   3
NATIONAL MINING COMPANY                       CODIGO DE LOTE   : J-9586                      FECHA :27/10/2022
                                              -----------------------------
FLUJO        : 
DESCRIPCION  : CATODOS GRADO A
N° INSTR. DE EMBARQUE : 27647
CLIENTE      : ANTOFAGASTA EXPRESS
Lote Sipa    : 

----------------------------------------------------------------------------------------------------------------------------- 
MARCA       DESCRIPCION         PESO NETO      PESO BRUTO     GRUPO     UNIDADES       UBICACION         SERIE                
-----------------------------------------------------------------------------------------------------------------------------

01RJ    FRANJA ROJA               2,410           2,411         26         20                           J-9676 
01RJ    FRANJA ROJA               2,283           2,284         26         20                           J-9677 
01RJ    FRANJA ROJA               2,040           2,041         26         20                           J-9678 
01RJ    FRANJA ROJA               2,485           2,486         45         20                           J-9679 
01RJ    FRANJA ROJA               2,389           2,390         45         20                           J-9680 
01RJ    FRANJA ROJA               2,458           2,459         45         20                           J-9681 
01RJ    FRANJA ROJA               2,311           2,312         26         20                           J-9682 
01RJ    FRANJA ROJA               2,501           2,502         45         20                           J-9683 
01RJ    FRANJA ROJA               2,345           2,346         26         20                           J-9684 
01RJ    FRANJA ROJA               2,539           2,540         45         20                           J-9685 
01RJ    FRANJA ROJA               2,313           2,314         26         20                           J-9686 
01RJ    FRANJA ROJA               2,544           2,545         45         20                           J-9687 
01RJ    FRANJA ROJA               2,353           2,354         45         20                           J-9688 
01RJ    FRANJA ROJA               2,461           2,462         25         20                           J-9689 
01RJ    FRANJA ROJA               2,565           2,566         45         20                           J-9690 
01RJ    FRANJA ROJA               2,163           2,164         25         20                           J-9691 
01RJ    FRANJA ROJA               2,204           2,205         25         20                           J-9692 
01RJ    FRANJA ROJA               2,526           2,527         25         20                           J-9693 
01RJ    FRANJA ROJA               2,361           2,362         26         20                           J-9694 
01RJ    FRANJA ROJA               2,482           2,483         45         20                           J-9695 
01RJ    FRANJA ROJA               2,317           2,318         45         20                           J-9696 
01RJ    FRANJA ROJA               2,448           2,449         26         20                           J-9697 
01RJ    FRANJA ROJA               2,539           2,540         45         20                           J-9698 
01RJ    FRANJA ROJA               2,185           2,186         45         20                           J-9699 
01RJ    FRANJA ROJA               2,465           2,466         45         20                           J-9700 
01RJ    FRANJA ROJA               2,223           2,224         45         20                           J-9701 
01RJ    FRANJA ROJA               2,190           2,191         26         20                           J-9702 
01RJ    FRANJA ROJA               2,539           2,540         45         20                           J-9703 
01RJ    FRANJA ROJA               2,551           2,552         45         20                           J-9704 
01RJ    FRANJA ROJA               2,176           2,177         45         20                           J-9705 
01RJ    FRANJA ROJA               2,487           2,488         45         20                           J-9706 
01RJ    FRANJA ROJA               2,139           2,140         25         20                           J-9707 
01RJ    FRANJA ROJA               2,445           2,446         45         20                           J-9708 
01RJ    FRANJA ROJA               2,516           2,517         45         20                           J-9709 
01RJ    FRANJA ROJA               2,387           2,388         20         20                           J-9710 
01RJ    FRANJA ROJA               2,346           2,347         20         20                           J-9711 


------------------------------------------------------------------------------------------------------------------------
T.SUB-LOTES              TOT.PAQUETES =126      TOT.UNID. = 2520   T/P NETO (kg) = 299,961      T/P BRUTO (kg) = 300,087
------------------------------------------------------------------------------------------------------------------------
