
EMPRESA NACIONAL DE MINERIA (ENM) PRODUCTOR          PACKING LIST                             PAG.  :   1
NATIONAL MINING COMPANY                       CODIGO DE LOTE   : G-2851                      FECHA :25/08/2023
                                              -----------------------------
FLUJO        : 
DESCRIPCION  : CATODOS EW CERRO NEGRO
N° INSTR. DE EMBARQUE : 28075
CLIENTE      : SKAGEN MAERSK
Lote Sipa    : 23070388

----------------------------------------------------------------------------------------------------------------------------- 
MARCA       DESCRIPCION         PESO NETO      PESO BRUTO     GRUPO     UNIDADES       UBICACION         SERIE                
-----------------------------------------------------------------------------------------------------------------------------

02NE    DOS FRANJAS NEGRAS        2,014           2,015                    35                           G-2851 
02NE    DOS FRANJAS NEGRAS        2,029           2,030                    36                           G-2852 
02NE    DOS FRANJAS NEGRAS        2,011           2,012                    33                           G-2853 
02NE    DOS FRANJAS NEGRAS        2,085           2,086                    36                           G-2854 
02NE    DOS FRANJAS NEGRAS        2,043           2,044                    35                           G-2855 
02NE    DOS FRANJAS NEGRAS        2,022           2,023                    37                           G-2856 
02NE    DOS FRANJAS NEGRAS        2,009           2,010                    35                           G-2857 
02NE    DOS FRANJAS NEGRAS        2,029           2,030                    37                           G-2858 
02NE    DOS FRANJAS NEGRAS        1,965           1,966                    35                           G-2859 
02NE    DOS FRANJAS NEGRAS        2,049           2,050                    36                           G-2860 
02NE    DOS FRANJAS NEGRAS        1,958           1,959                    34                           G-2861 
02NE    DOS FRANJAS NEGRAS        2,004           2,005                    36                           G-2862 
02NE    DOS FRANJAS NEGRAS        2,024           2,025                    33                           G-2863 
02NE    DOS FRANJAS NEGRAS        2,058           2,059                    35                           G-2864 
02NE    DOS FRANJAS NEGRAS        1,939           1,940                    35                           G-2865 
02NE    DOS FRANJAS NEGRAS        2,021           2,022                    42                           G-2882 
02NE    DOS FRANJAS NEGRAS        1,969           1,970                    36                           G-2883 
02NE    DOS FRANJAS NEGRAS        2,074           2,075                    38                           G-2884 
02NE    DOS FRANJAS NEGRAS        2,078           2,079                    39                           G-2885 
02NE    DOS FRANJAS NEGRAS        2,053           2,054                    42                           G-2886 
02NE    DOS FRANJAS NEGRAS        1,991           1,992                    44                           G-2887 
02NE    DOS FRANJAS NEGRAS        1,993           1,994                    41                           G-2888 
02NE    DOS FRANJAS NEGRAS        1,962           1,963                    37                           G-2889 
02NE    DOS FRANJAS NEGRAS        2,074           2,075                    39                           G-2890 
02NE    DOS FRANJAS NEGRAS        2,060           2,061                    40                           G-2891 
02NE    DOS FRANJAS NEGRAS        1,967           1,968                    37                           G-2892 
02NE    DOS FRANJAS NEGRAS        2,078           2,079                    39                           G-2893 
02NE    DOS FRANJAS NEGRAS        1,966           1,967                    40                           G-2894 
02NE    DOS FRANJAS NEGRAS        2,008           2,009                    38                           G-2895 
02NE    DOS FRANJAS NEGRAS        2,048           2,049                    39                           G-2896 


------------------------------------------------------------------------------------------------------------------------
T.SUB-LOTES              TOT.PAQUETES =30      TOT.UNID. = 1119   T/P NETO (kg) = 60,581      T/P BRUTO (kg) = 60,611
------------------------------------------------------------------------------------------------------------------------
