
EMPRESA NACIONAL DE MINERIA (ENM) PRODUCTOR          PACKING LIST                             PAG.  :   1
NATIONAL MINING COMPANY                       CODIGO DE LOTE   : L-1192                      FECHA :06/02/2018
                                              -----------------------------
FLUJO        : 
DESCRIPCION  : DESPUNTES DE OREJAS
N° INSTR. DE EMBARQUE : 54941
CLIENTE      : 
Lote Sipa    : 17110587

----------------------------------------------------------------------------------------------------------------------------- 
MARCA       DESCRIPCION         PESO NETO      PESO BRUTO     GRUPO     UNIDADES       UBICACION         SERIE                
-----------------------------------------------------------------------------------------------------------------------------

05AZ    5 FRANJAS AZULES           421             422                      1                           L-1192 
05AZ    5 FRANJAS AZULES           317             318                      1                           L-1193 
05AZ    5 FRANJAS AZULES           222             223                      1                           L-1194 
05AZ    5 FRANJAS AZULES           333             334                      1                           L-1195 
05AZ    5 FRANJAS AZULES           318             319                      1                           L-1196 
05AZ    5 FRANJAS AZULES           481             482                      1                           L-1197 
05AZ    5 FRANJAS AZULES           318             319                      1                           L-1198 
05AZ    5 FRANJAS AZULES           335             336                      1                           L-1199 
05AZ    5 FRANJAS AZULES           281             282                      1                           L-1200 
05AZ    5 FRANJAS AZULES           233             234                      1                           L-1201 
05AZ    5 FRANJAS AZULES           458             459                      1                           L-1202 
05AZ    5 FRANJAS AZULES           395             396                      1                           L-1203 
05AZ    5 FRANJAS AZULES           229             230                      1                           L-1204 
05AZ    5 FRANJAS AZULES           324             325                      1                           L-1205 
05AZ    5 FRANJAS AZULES           399             400                      1                           L-1206 
05AZ    5 FRANJAS AZULES           314             315                      1                           L-1207 
05AZ    5 FRANJAS AZULES           448             449                      1                           L-1208 
05AZ    5 FRANJAS AZULES           413             414                      1                           L-1209 
05AZ    5 FRANJAS AZULES           309             310                      1                           L-1210 
05AZ    5 FRANJAS AZULES           349             350                      1                           L-1211 
05AZ    5 FRANJAS AZULES           291             292                      1                           L-1212 
05AZ    5 FRANJAS AZULES           300             301                      1                           L-1213 
05AZ    5 FRANJAS AZULES           485             486                      1                           L-1214 
05AZ    5 FRANJAS AZULES           327             328                      1                           L-1215 
05AZ    5 FRANJAS AZULES          1,411           1,412                     1                           L-1375 
05AZ    5 FRANJAS AZULES          1,251           1,252                     1                           L-1376 
05AZ    5 FRANJAS AZULES          1,335           1,336                     1                           L-1377 
05AZ    5 FRANJAS AZULES          1,225           1,226                     1                           L-1378 
05AZ    5 FRANJAS AZULES          1,175           1,176                     1                           L-1379 
05AZ    5 FRANJAS AZULES          1,367           1,368                     1                           L-1380 
05AZ    5 FRANJAS AZULES          1,275           1,276                     1                           L-1381 
05AZ    5 FRANJAS AZULES           421             422                      1                           M-1045 
05AZ    5 FRANJAS AZULES           324             325                      1                           M-1046 
05AZ    5 FRANJAS AZULES           289             290                      1                           M-1047 
05AZ    5 FRANJAS AZULES           322             323                      1                           M-1048 
05AZ    5 FRANJAS AZULES           317             318                      1                           M-1049 
05AZ    5 FRANJAS AZULES           318             319                      1                           M-1050 
05AZ    5 FRANJAS AZULES           426             427                      1                           M-1051 
05AZ    5 FRANJAS AZULES          1,284           1,285                     1                           M-1321 
05AZ    5 FRANJAS AZULES          1,331           1,332                     1                           M-1322 
05AZ    5 FRANJAS AZULES          1,250           1,251                     1                           M-1323 
05AZ    5 FRANJAS AZULES          1,198           1,199                     1                           M-1324 


------------------------------------------------------------------------------------------------------------------------
T.SUB-LOTES              TOT.PAQUETES =42      TOT.UNID. = 42   T/P NETO (kg) = 24,819      T/P BRUTO (kg) = 24,861
------------------------------------------------------------------------------------------------------------------------
