
EMPRESA NACIONAL DE MINERIA (ENM) PRODUCTOR          PACKING LIST                             PAG.  :   1
NATIONAL MINING COMPANY                       CODIGO DE LOTE   : C-9050                      FECHA :25/03/2022
                                              -----------------------------
FLUJO        : 
DESCRIPCION  : CATODOS GRADO A
N° INSTR. DE EMBARQUE : 27256
CLIENTE      : MOL BENEFACTOR
Lote Sipa    : 

----------------------------------------------------------------------------------------------------------------------------- 
MARCA       DESCRIPCION         PESO NETO      PESO BRUTO     GRUPO     UNIDADES       UBICACION         SERIE                
-----------------------------------------------------------------------------------------------------------------------------

01NA    FRANJA NARANJA            2,479           2,480         43         20                           C-9050 
01NA    FRANJA NARANJA            2,467           2,468         22         20                           C-9051 
01NA    FRANJA NARANJA            2,463           2,464         22         20                           C-9052 
01NA    FRANJA NARANJA            2,421           2,422         22         20                           C-9053 
01NA    FRANJA NARANJA            2,391           2,392         22         20                           C-9054 
01NA    FRANJA NARANJA            2,403           2,404         22         20                           C-9055 
01NA    FRANJA NARANJA            2,473           2,474         22         20                           C-9056 
01NA    FRANJA NARANJA            2,493           2,494         22         20                           C-9057 
01NA    FRANJA NARANJA            2,519           2,520         22         20                           C-9058 
01NA    FRANJA NARANJA            2,477           2,478         22         20                           C-9059 
01NA    FRANJA NARANJA            2,298           2,299         22         20                           C-9060 
01NA    FRANJA NARANJA            2,255           2,256         22         20                           C-9061 
01NA    FRANJA NARANJA            2,167           2,168         22         20                           C-9062 
01NA    FRANJA NARANJA            2,003           2,004         22         20                           C-9063 
01NA    FRANJA NARANJA            2,411           2,412         22         20                           C-9064 
01NA    FRANJA NARANJA            2,493           2,494         22         20                           C-9065 
01NA    FRANJA NARANJA            2,345           2,346         22         20                           C-9066 
01NA    FRANJA NARANJA            2,425           2,426         22         20                           C-9067 
01NA    FRANJA NARANJA            2,323           2,324         22         20                           C-9068 
01NA    FRANJA NARANJA            2,318           2,319         22         20                           C-9069 
01NA    FRANJA NARANJA            2,481           2,482         22         20                           C-9070 
01NA    FRANJA NARANJA            2,339           2,340         30         20                           C-9071 
01NA    FRANJA NARANJA            2,451           2,452         48         20                           C-9072 
01NA    FRANJA NARANJA            2,493           2,494         37         20                           C-9073 
01NA    FRANJA NARANJA            2,507           2,508         31         20                           C-9074 
01NA    FRANJA NARANJA            2,381           2,382         30         20                           C-9075 
01NA    FRANJA NARANJA            2,384           2,385         41         20                           C-9076 
01NA    FRANJA NARANJA            2,425           2,426         14         20                           C-9077 
01NA    FRANJA NARANJA            2,463           2,464         30         20                           C-9078 
01NA    FRANJA NARANJA            2,438           2,439         14         20                           C-9079 
01NA    FRANJA NARANJA            2,509           2,510         41         20                           C-9080 
01NA    FRANJA NARANJA            2,357           2,358         14         20                           C-9081 
01NA    FRANJA NARANJA            2,229           2,230         48         20                           C-9082 
01NA    FRANJA NARANJA            2,405           2,406         14         20                           C-9083 
01NA    FRANJA NARANJA            2,381           2,382         48         20                           C-9084 
01NA    FRANJA NARANJA            2,517           2,518         48         20                           C-9085 
01NA    FRANJA NARANJA            2,159           2,160         14         20                           C-9086 
01NA    FRANJA NARANJA            2,289           2,290         48         20                           C-9087 
01NA    FRANJA NARANJA            2,521           2,522         48         20                           C-9088 
01NA    FRANJA NARANJA            2,197           2,198         48         20                           C-9089 
01NA    FRANJA NARANJA            2,416           2,417         48         20                           C-9090 
01NA    FRANJA NARANJA            2,317           2,318         48         20                           C-9091 
01NA    FRANJA NARANJA            2,299           2,300         48         20                           C-9092 
01NA    FRANJA NARANJA            2,389           2,390         48         20                           C-9093 
01NA    FRANJA NARANJA            2,187           2,188         48         20                           C-9094 









EMPRESA NACIONAL DE MINERIA (ENM) PRODUCTOR          PACKING LIST                             PAG.  :   2
NATIONAL MINING COMPANY                       CODIGO DE LOTE   : C-9050                      FECHA :25/03/2022
                                              -----------------------------
FLUJO        : 
DESCRIPCION  : CATODOS GRADO A
N° INSTR. DE EMBARQUE : 27256
CLIENTE      : MOL BENEFACTOR
Lote Sipa    : 

----------------------------------------------------------------------------------------------------------------------------- 
MARCA       DESCRIPCION         PESO NETO      PESO BRUTO     GRUPO     UNIDADES       UBICACION         SERIE                
-----------------------------------------------------------------------------------------------------------------------------

01NA    FRANJA NARANJA            2,391           2,392         14         20                           C-9095 
01NA    FRANJA NARANJA            2,401           2,402         48         20                           C-9096 
01NA    FRANJA NARANJA            2,359           2,360         48         20                           C-9097 
01NA    FRANJA NARANJA            2,483           2,484         14         20                           C-9098 
01NA    FRANJA NARANJA            2,484           2,485         48         20                           C-9099 
01NA    FRANJA NARANJA            2,499           2,500         48         20                           C-9100 
01NA    FRANJA NARANJA            2,455           2,456         48         20                           C-9101 
01NA    FRANJA NARANJA            2,471           2,472         48         20                           C-9102 
01NA    FRANJA NARANJA            2,395           2,396         48         20                           C-9103 
01NA    FRANJA NARANJA            2,425           2,426         48         20                           C-9104 
01NA    FRANJA NARANJA            2,489           2,490         48         20                           C-9105 
01NA    FRANJA NARANJA            1,979           1,980         14         20                           C-9106 
01NA    FRANJA NARANJA            2,479           2,480         48         20                           C-9107 
01NA    FRANJA NARANJA            2,394           2,395         48         20                           C-9108 
01NA    FRANJA NARANJA            2,267           2,268         48         20                           C-9109 
01NA    FRANJA NARANJA            2,283           2,284         14         20                           C-9110 
01NA    FRANJA NARANJA            2,363           2,364         14         20                           C-9111 
01NA    FRANJA NARANJA            1,997           1,998         14         20                           C-9112 
01NA    FRANJA NARANJA            2,519           2,520         48         20                           C-9113 
01NA    FRANJA NARANJA            2,421           2,422         48         20                           C-9114 
01NA    FRANJA NARANJA            2,125           2,126         14         20                           C-9115 
01NA    FRANJA NARANJA            2,178           2,179         48         20                           C-9116 
01NA    FRANJA NARANJA            2,306           2,307         48         20                           C-9117 
01NA    FRANJA NARANJA            2,469           2,470         48         20                           C-9118 
01NA    FRANJA NARANJA            2,423           2,424         48         20                           C-9119 
01NA    FRANJA NARANJA            2,353           2,354         48         20                           C-9120 
01NA    FRANJA NARANJA            2,185           2,186         14         20                           C-9121 
01NA    FRANJA NARANJA            1,941           1,942         14         20                           C-9122 
01NA    FRANJA NARANJA            2,321           2,322         48         20                           C-9123 
01NA    FRANJA NARANJA            2,230           2,231         48         20                           C-9124 
01NA    FRANJA NARANJA            2,350           2,351         23         20                           C-9125 
01NA    FRANJA NARANJA            2,035           2,036         14         20                           C-9126 
01NA    FRANJA NARANJA            2,187           2,188         48         20                           C-9127 
01NA    FRANJA NARANJA            2,273           2,274         23         20                           C-9128 
01NA    FRANJA NARANJA            2,335           2,336         48         20                           C-9129 
01NA    FRANJA NARANJA            1,911           1,912         14         20                           C-9130 
01NA    FRANJA NARANJA            2,279           2,280         48         20                           C-9131 
01NA    FRANJA NARANJA            2,125           2,126         14         20                           C-9132 
01NA    FRANJA NARANJA            2,306           2,307         23         20                           C-9133 
01NA    FRANJA NARANJA            2,385           2,386         23         20                           C-9134 
01NA    FRANJA NARANJA            2,183           2,184         14         20                           C-9135 
01NA    FRANJA NARANJA            2,400           2,401         23         20                           C-9136 
01NA    FRANJA NARANJA            2,331           2,332         48         20                           C-9137 
01NA    FRANJA NARANJA            2,341           2,342         23         20                           C-9138 
01NA    FRANJA NARANJA            2,389           2,390         23         20                           C-9139 









EMPRESA NACIONAL DE MINERIA (ENM) PRODUCTOR          PACKING LIST                             PAG.  :   3
NATIONAL MINING COMPANY                       CODIGO DE LOTE   : C-9050                      FECHA :25/03/2022
                                              -----------------------------
FLUJO        : 
DESCRIPCION  : CATODOS GRADO A
N° INSTR. DE EMBARQUE : 27256
CLIENTE      : MOL BENEFACTOR
Lote Sipa    : 

----------------------------------------------------------------------------------------------------------------------------- 
MARCA       DESCRIPCION         PESO NETO      PESO BRUTO     GRUPO     UNIDADES       UBICACION         SERIE                
-----------------------------------------------------------------------------------------------------------------------------

01NA    FRANJA NARANJA            2,051           2,052         14         20                           C-9140 
01NA    FRANJA NARANJA            2,353           2,354         48         20                           C-9141 
01NA    FRANJA NARANJA            2,361           2,362         23         20                           C-9142 
01NA    FRANJA NARANJA            2,132           2,133         14         20                           C-9143 
01NA    FRANJA NARANJA            2,214           2,215         23         20                           C-9144 
01NA    FRANJA NARANJA            2,225           2,226         23         20                           C-9145 
01NA    FRANJA NARANJA            2,218           2,219         14         20                           C-9146 
01NA    FRANJA NARANJA            2,373           2,374         23         20                           C-9147 
01NA    FRANJA NARANJA            2,066           2,067         14         20                           C-9148 
01NA    FRANJA NARANJA            1,977           1,978         14         20                           C-9149 
01NA    FRANJA NARANJA            1,953           1,954         14         20                           C-9150 
01NA    FRANJA NARANJA            2,221           2,222         14         20                           C-9151 
01NA    FRANJA NARANJA            2,418           2,419         23         20                           C-9152 
01NA    FRANJA NARANJA            2,126           2,127         14         20                           C-9153 
01NA    FRANJA NARANJA            2,151           2,152         14         20                           C-9154 
01NA    FRANJA NARANJA            2,473           2,474         23         20                           C-9155 
01NA    FRANJA NARANJA            2,195           2,196         14         20                           C-9156 
01NA    FRANJA NARANJA            2,455           2,456         23         20                           C-9157 
01NA    FRANJA NARANJA            2,365           2,366         23         20                           C-9158 
01NA    FRANJA NARANJA            2,129           2,130         14         20                           C-9159 
01NA    FRANJA NARANJA            2,035           2,036         14         20                           C-9160 
01NA    FRANJA NARANJA            2,216           2,217         14         20                           C-9161 
01NA    FRANJA NARANJA            1,939           1,940         14         20                           C-9162 
01NA    FRANJA NARANJA            2,087           2,088         14         20                           C-9163 
01NA    FRANJA NARANJA            2,369           2,370         23         20                           C-9164 
01NA    FRANJA NARANJA            2,121           2,122         14         20                           C-9165 
01NA    FRANJA NARANJA            2,421           2,422         23         20                           C-9166 
01NA    FRANJA NARANJA            2,447           2,448         23         20                           C-9167 
01NA    FRANJA NARANJA            2,120           2,121         14         20                           C-9168 
01NA    FRANJA NARANJA            2,387           2,388         23         20                           C-9169 
01NA    FRANJA NARANJA            2,321           2,322         14         20                           C-9170 
01NA    FRANJA NARANJA            2,477           2,478         14         20                           C-9171 
01NA    FRANJA NARANJA            2,227           2,228         23         20                           C-9172 
01NA    FRANJA NARANJA            2,109           2,110         14         20                           C-9173 
01NA    FRANJA NARANJA            2,277           2,278         23         20                           C-9174 
01NA    FRANJA NARANJA            2,097           2,098         14         20                           C-9175 
01NA    FRANJA NARANJA            2,175           2,176         14         20                           C-9176 
01NA    FRANJA NARANJA            2,367           2,368         23         20                           C-9177 
01NA    FRANJA NARANJA            1,983           1,984         14         20                           C-9178 
01NA    FRANJA NARANJA            2,148           2,149         14         20                           C-9179 
01NA    FRANJA NARANJA            2,285           2,286         23         20                           C-9180 
01NA    FRANJA NARANJA            2,316           2,317         14         20                           C-9181 
01NA    FRANJA NARANJA            2,269           2,270         23         20                           C-9182 
01NA    FRANJA NARANJA            2,453           2,454         14         20                           C-9183 
01NA    FRANJA NARANJA            2,123           2,124         14         20                           C-9184 









EMPRESA NACIONAL DE MINERIA (ENM) PRODUCTOR          PACKING LIST                             PAG.  :   4
NATIONAL MINING COMPANY                       CODIGO DE LOTE   : C-9050                      FECHA :25/03/2022
                                              -----------------------------
FLUJO        : 
DESCRIPCION  : CATODOS GRADO A
N° INSTR. DE EMBARQUE : 27256
CLIENTE      : MOL BENEFACTOR
Lote Sipa    : 

----------------------------------------------------------------------------------------------------------------------------- 
MARCA       DESCRIPCION         PESO NETO      PESO BRUTO     GRUPO     UNIDADES       UBICACION         SERIE                
-----------------------------------------------------------------------------------------------------------------------------

01NA    FRANJA NARANJA            2,475           2,476         14         20                           C-9185 
01NA    FRANJA NARANJA            2,195           2,196         23         20                           C-9186 
01NA    FRANJA NARANJA            2,196           2,197         23         20                           C-9187 
01NA    FRANJA NARANJA            2,317           2,318         23         20                           C-9188 
01NA    FRANJA NARANJA            2,241           2,242         14         20                           C-9189 
01NA    FRANJA NARANJA            2,185           2,186         23         20                           C-9190 
01NA    FRANJA NARANJA            2,455           2,456         14         20                           C-9191 
01NA    FRANJA NARANJA            2,135           2,136         14         20                           C-9192 
01NA    FRANJA NARANJA            2,423           2,424         14         20                           C-9193 
01NA    FRANJA NARANJA            2,043           2,044         23         20                           C-9194 
01NA    FRANJA NARANJA            2,131           2,132         14         20                           C-9195 
01NA    FRANJA NARANJA            2,201           2,202         23         20                           C-9196 
01NA    FRANJA NARANJA            2,461           2,462         14         20                           C-9197 
01NA    FRANJA NARANJA            2,170           2,171         14         20                           C-9198 
01NA    FRANJA NARANJA            2,129           2,130         23         20                           C-9199 
01NA    FRANJA NARANJA            2,239           2,240         14         20                           C-9200 
01NA    FRANJA NARANJA            2,237           2,238         23         20                           C-9201 
01NA    FRANJA NARANJA            2,434           2,435         14         20                           C-9202 
01NA    FRANJA NARANJA            2,002           2,003         23         20                           C-9203 
01NA    FRANJA NARANJA            2,445           2,446         36         20                           C-9204 
01NA    FRANJA NARANJA            2,467           2,468         36         20                           C-9205 
01NA    FRANJA NARANJA            2,200           2,201         23         20                           C-9206 
01NA    FRANJA NARANJA            2,521           2,522         14         20                           C-9207 
01NA    FRANJA NARANJA            2,377           2,378         36         20                           C-9208 
01NA    FRANJA NARANJA            2,485           2,486         14         20                           C-9209 
01NA    FRANJA NARANJA            2,545           2,546         14         20                           C-9210 
01NA    FRANJA NARANJA            2,279           2,280         23         20                           C-9211 
01NA    FRANJA NARANJA            2,487           2,488         36         20                           C-9212 
01NA    FRANJA NARANJA            2,255           2,256         23         20                           C-9213 
01NA    FRANJA NARANJA            2,426           2,427         36         20                           C-9214 
01NA    FRANJA NARANJA            2,481           2,482         36         20                           C-9215 
01NA    FRANJA NARANJA            2,429           2,430         36         20                           C-9216 
01NA    FRANJA NARANJA            2,303           2,304         23         20                           C-9217 
01NA    FRANJA NARANJA            2,407           2,408         14         20                           C-9218 
01NA    FRANJA NARANJA            2,493           2,494         14         20                           C-9219 
01NA    FRANJA NARANJA            2,209           2,210         23         20                           C-9220 
01NA    FRANJA NARANJA            2,395           2,396         14         20                           C-9221 
01NA    FRANJA NARANJA            2,323           2,324         36         20                           C-9222 
01NA    FRANJA NARANJA            2,282           2,283         23         20                           C-9223 
01NA    FRANJA NARANJA            2,445           2,446         14         20                           C-9224 
01NA    FRANJA NARANJA            2,347           2,348         36         20                           C-9225 
01NA    FRANJA NARANJA            2,173           2,174         23         20                           C-9226 
01NA    FRANJA NARANJA            2,214           2,215         23         20                           C-9227 
01NA    FRANJA NARANJA            2,357           2,358         36         20                           C-9228 
01NA    FRANJA NARANJA            2,383           2,384         14         20                           C-9229 









EMPRESA NACIONAL DE MINERIA (ENM) PRODUCTOR          PACKING LIST                             PAG.  :   5
NATIONAL MINING COMPANY                       CODIGO DE LOTE   : C-9050                      FECHA :25/03/2022
                                              -----------------------------
FLUJO        : 
DESCRIPCION  : CATODOS GRADO A
N° INSTR. DE EMBARQUE : 27256
CLIENTE      : MOL BENEFACTOR
Lote Sipa    : 

----------------------------------------------------------------------------------------------------------------------------- 
MARCA       DESCRIPCION         PESO NETO      PESO BRUTO     GRUPO     UNIDADES       UBICACION         SERIE                
-----------------------------------------------------------------------------------------------------------------------------

01NA    FRANJA NARANJA            2,266           2,267         23         20                           C-9230 
01NA    FRANJA NARANJA            2,347           2,348         14         20                           C-9231 
01NA    FRANJA NARANJA            2,433           2,434         23         20                           C-9232 
01NA    FRANJA NARANJA            2,275           2,276         14         20                           C-9233 
01NA    FRANJA NARANJA            2,321           2,322         36         20                           C-9234 
01NA    FRANJA NARANJA            2,394           2,395         36         20                           C-9235 
01NA    FRANJA NARANJA            2,102           2,103         23         20                           C-9236 
01NA    FRANJA NARANJA            2,457           2,458         36         20                           C-9237 
01NA    FRANJA NARANJA            2,431           2,432         36         20                           C-9238 
01NA    FRANJA NARANJA            2,347           2,348         36         20                           C-9239 
01NA    FRANJA NARANJA            2,336           2,337         23         20                           C-9240 
01NA    FRANJA NARANJA            2,252           2,253         36         20                           C-9241 
01NA    FRANJA NARANJA            2,291           2,292         23         20                           C-9242 
01NA    FRANJA NARANJA            2,440           2,441         36         20                           C-9243 
01NA    FRANJA NARANJA            2,467           2,468         14         20                           C-9244 
01NA    FRANJA NARANJA            2,256           2,257         23         20                           C-9245 
01NA    FRANJA NARANJA            2,437           2,438         14         20                           C-9246 
01NA    FRANJA NARANJA            2,352           2,353         23         20                           C-9247 
01NA    FRANJA NARANJA            2,227           2,228         23         20                           C-9248 
01NA    FRANJA NARANJA            2,511           2,512         36         20                           C-9249 
01NA    FRANJA NARANJA            2,401           2,402         36         20                           C-9250 
01NA    FRANJA NARANJA            2,423           2,424         36         20                           C-9251 
01NA    FRANJA NARANJA            2,341           2,342         23         20                           C-9252 
01NA    FRANJA NARANJA            2,465           2,466         36         20                           C-9253 
01NA    FRANJA NARANJA            2,351           2,352         36         20                           C-9254 
01NA    FRANJA NARANJA            2,407           2,408         36         20                           C-9255 
01NA    FRANJA NARANJA            2,345           2,346         36         20                           C-9256 
01NA    FRANJA NARANJA            2,361           2,362         36         20                           C-9257 
01NA    FRANJA NARANJA            2,457           2,458         36         20                           C-9258 
01NA    FRANJA NARANJA            2,252           2,253         23         20                           C-9259 
01NA    FRANJA NARANJA            2,429           2,430         23         20                           C-9260 
01NA    FRANJA NARANJA            2,143           2,144         36         20                           C-9261 
01NA    FRANJA NARANJA            2,439           2,440         36         20                           C-9262 
01NA    FRANJA NARANJA            2,167           2,168         36         20                           C-9263 
01NA    FRANJA NARANJA            2,441           2,442         36         20                           C-9264 
01NA    FRANJA NARANJA            2,381           2,382         23         20                           C-9265 
01NA    FRANJA NARANJA            2,135           2,136         36         20                           C-9266 
01NA    FRANJA NARANJA            2,404           2,405         36         20                           C-9267 
01NA    FRANJA NARANJA            1,983           1,984         36         20                           C-9268 
01NA    FRANJA NARANJA            2,347           2,348         36         20                           C-9269 
01NA    FRANJA NARANJA            2,307           2,308         23         20                           C-9270 
01NA    FRANJA NARANJA            2,275           2,276         36         20                           C-9271 
01NA    FRANJA NARANJA            2,307           2,308         36         20                           C-9272 
01NA    FRANJA NARANJA            2,137           2,138         36         20                           C-9273 
01NA    FRANJA NARANJA            2,339           2,340         23         20                           C-9274 









EMPRESA NACIONAL DE MINERIA (ENM) PRODUCTOR          PACKING LIST                             PAG.  :   6
NATIONAL MINING COMPANY                       CODIGO DE LOTE   : C-9050                      FECHA :25/03/2022
                                              -----------------------------
FLUJO        : 
DESCRIPCION  : CATODOS GRADO A
N° INSTR. DE EMBARQUE : 27256
CLIENTE      : MOL BENEFACTOR
Lote Sipa    : 

----------------------------------------------------------------------------------------------------------------------------- 
MARCA       DESCRIPCION         PESO NETO      PESO BRUTO     GRUPO     UNIDADES       UBICACION         SERIE                
-----------------------------------------------------------------------------------------------------------------------------

01NA    FRANJA NARANJA            2,293           2,294         36         20                           C-9275 
01NA    FRANJA NARANJA            2,122           2,123         23         20                           C-9276 
01NA    FRANJA NARANJA            2,033           2,034         06         20                           C-9277 
01NA    FRANJA NARANJA            2,086           2,087         06         20                           C-9278 
01NA    FRANJA NARANJA            2,207           2,208         23         20                           C-9279 
01NA    FRANJA NARANJA            2,271           2,272         23         20                           C-9280 
01NA    FRANJA NARANJA            2,323           2,324         23         20                           C-9281 
01NA    FRANJA NARANJA            2,286           2,287         23         20                           C-9282 
01NA    FRANJA NARANJA            2,295           2,296         06         20                           C-9283 
01NA    FRANJA NARANJA            2,213           2,214         06         20                           C-9284 
01NA    FRANJA NARANJA            2,479           2,480         23         20                           C-9285 
01NA    FRANJA NARANJA            2,313           2,314         23         20                           C-9286 
01NA    FRANJA NARANJA            2,377           2,378         06         20                           C-9287 


------------------------------------------------------------------------------------------------------------------------
T.SUB-LOTES              TOT.PAQUETES =238      TOT.UNID. = 4760   T/P NETO (kg) = 549,972      T/P BRUTO (kg) = 550,210
------------------------------------------------------------------------------------------------------------------------
