
EMPRESA NACIONAL DE MINERIA (ENM) PRODUCTOR          PACKING LIST                             PAG.  :   1
NATIONAL MINING COMPANY                       CODIGO DE LOTE   : E-2321                      FECHA :06/05/2022
                                              -----------------------------
FLUJO        : 
DESCRIPCION  : CATODOS EW DELTA
N° INSTR. DE EMBARQUE : 929415
CLIENTE      : 
Lote Sipa    : 22050168

----------------------------------------------------------------------------------------------------------------------------- 
MARCA       DESCRIPCION         PESO NETO      PESO BRUTO     GRUPO     UNIDADES       UBICACION         SERIE                
-----------------------------------------------------------------------------------------------------------------------------

01RJ    FRANJA ROJA               1,995           1,996                    55                           E-2321 
01RJ    FRANJA ROJA               2,001           2,002                    52                           E-2322 
01RJ    FRANJA ROJA               2,005           2,006                    50                           E-2323 
01RJ    FRANJA ROJA               1,994           1,995                    48                           E-2324 
01RJ    FRANJA ROJA               2,011           2,012                    52                           E-2325 
01RJ    FRANJA ROJA               2,001           2,002                    50                           E-2326 
01RJ    FRANJA ROJA               1,998           1,999                    52                           E-2327 
01RJ    FRANJA ROJA               1,992           1,993                    53                           E-2328 
01RJ    FRANJA ROJA               2,014           2,015                    54                           E-2329 
01RJ    FRANJA ROJA               1,994           1,995                    54                           E-2330 
01RJ    FRANJA ROJA               2,003           2,004                    50                           E-2331 
01RJ    FRANJA ROJA               1,967           1,968                    49                           E-2332 
01RJ    FRANJA ROJA               2,013           2,014                    50                           E-2333 
01RJ    FRANJA ROJA               2,014           2,015                    50                           E-2334 


------------------------------------------------------------------------------------------------------------------------
T.SUB-LOTES              TOT.PAQUETES =14      TOT.UNID. = 719   T/P NETO (kg) = 28,002      T/P BRUTO (kg) = 28,016
------------------------------------------------------------------------------------------------------------------------
