
EMPRESA NACIONAL DE MINERIA (ENM) PRODUCTOR          PACKING LIST                             PAG.  :   1
NATIONAL MINING COMPANY                       CODIGO DE LOTE   : H-2835                      FECHA :21/08/2023
                                              -----------------------------
FLUJO        : 
DESCRIPCION  : CATODOS EW CERRO NEGRO
N° INSTR. DE EMBARQUE : 931316
CLIENTE      : 
Lote Sipa    : 23080289

----------------------------------------------------------------------------------------------------------------------------- 
MARCA       DESCRIPCION         PESO NETO      PESO BRUTO     GRUPO     UNIDADES       UBICACION         SERIE                
-----------------------------------------------------------------------------------------------------------------------------

05NA    CINCO FRANJAS NARANJA     2,025           2,026                    44                           H-2835 
05NA    CINCO FRANJAS NARANJA     1,985           1,986                    67                           H-2836 
05NA    CINCO FRANJAS NARANJA     2,048           2,049                    28                           H-2837 
05NA    CINCO FRANJAS NARANJA     2,009           2,010                    54                           H-2838 
05NA    CINCO FRANJAS NARANJA     2,023           2,024                    47                           H-2839 
05NA    CINCO FRANJAS NARANJA     2,051           2,052                    53                           H-2840 
05NA    CINCO FRANJAS NARANJA     2,038           2,039                    29                           H-2841 
05NA    CINCO FRANJAS NARANJA     2,018           2,019                    27                           H-2842 
05NA    CINCO FRANJAS NARANJA     2,020           2,021                    29                           H-2843 
05NA    CINCO FRANJAS NARANJA     2,037           2,038                    28                           H-2844 
05NA    CINCO FRANJAS NARANJA     2,059           2,060                    55                           H-2845 
05NA    CINCO FRANJAS NARANJA     1,953           1,954                    47                           H-2846 
05NA    CINCO FRANJAS NARANJA     1,991           1,992                    58                           H-2847 
05NA    CINCO FRANJAS NARANJA     2,014           2,015                    64                           H-2848 
05NA    CINCO FRANJAS NARANJA     2,027           2,028                    62                           H-2849 


------------------------------------------------------------------------------------------------------------------------
T.SUB-LOTES              TOT.PAQUETES =15      TOT.UNID. = 692   T/P NETO (kg) = 30,298      T/P BRUTO (kg) = 30,313
------------------------------------------------------------------------------------------------------------------------
