
EMPRESA NACIONAL DE MINERIA (ENM) PRODUCTOR          PACKING LIST                             PAG.  :   1
NATIONAL MINING COMPANY                       CODIGO DE LOTE   : E-3275                      FECHA :18/05/2023
                                              -----------------------------
FLUJO        : 
DESCRIPCION  : CATODOS EW MATTA
N° INSTR. DE EMBARQUE : 930960
CLIENTE      : 
Lote Sipa    : 23050421

----------------------------------------------------------------------------------------------------------------------------- 
MARCA       DESCRIPCION         PESO NETO      PESO BRUTO     GRUPO     UNIDADES       UBICACION         SERIE                
-----------------------------------------------------------------------------------------------------------------------------

04BL    CUATRO FRANJAS BLANCAS    2,010           2,011                    44                           E-3275 
04BL    CUATRO FRANJAS BLANCAS    2,051           2,052                    43                           E-3276 
04BL    CUATRO FRANJAS BLANCAS    2,019           2,020                    41                           E-3277 
04BL    CUATRO FRANJAS BLANCAS    2,015           2,016                    35                           E-3278 
04BL    CUATRO FRANJAS BLANCAS    2,008           2,009                    42                           E-3279 
04BL    CUATRO FRANJAS BLANCAS    2,057           2,058                    51                           E-3280 
04BL    CUATRO FRANJAS BLANCAS    1,999           2,000                    54                           E-3281 
04BL    CUATRO FRANJAS BLANCAS    2,032           2,033                    50                           E-3282 
04BL    CUATRO FRANJAS BLANCAS    2,048           2,049                    49                           E-3283 
04BL    CUATRO FRANJAS BLANCAS    2,025           2,026                    45                           E-3284 
04BL    CUATRO FRANJAS BLANCAS    2,028           2,029                    52                           E-3285 
04BL    CUATRO FRANJAS BLANCAS    1,999           2,000                    48                           E-3286 
04BL    CUATRO FRANJAS BLANCAS    2,049           2,050                    46                           E-3287 


------------------------------------------------------------------------------------------------------------------------
T.SUB-LOTES              TOT.PAQUETES =13      TOT.UNID. = 600   T/P NETO (kg) = 26,340      T/P BRUTO (kg) = 26,353
------------------------------------------------------------------------------------------------------------------------
