
EMPRESA NACIONAL DE MINERIA (ENM) PRODUCTOR          PACKING LIST                             PAG.  :   1
NATIONAL MINING COMPANY                       CODIGO DE LOTE   : I-2379                      FECHA :18/10/2021
                                              -----------------------------
FLUJO        : 
DESCRIPCION  : CATODOS EW DELTA
N° INSTR. DE EMBARQUE : 26965
CLIENTE      : COCESA                                  
Lote Sipa    : 21090465

----------------------------------------------------------------------------------------------------------------------------- 
MARCA       DESCRIPCION         PESO NETO      PESO BRUTO     GRUPO     UNIDADES       UBICACION         SERIE                
-----------------------------------------------------------------------------------------------------------------------------

01BL    FRANJA BLANCA             2,014           2,015                    57                           I-2379 
01BL    FRANJA BLANCA             1,995           1,996                    59                           I-2380 
01BL    FRANJA BLANCA             2,015           2,016                    56                           I-2381 
01BL    FRANJA BLANCA             2,003           2,004                    58                           I-2382 
01BL    FRANJA BLANCA             2,005           2,006                    56                           I-2383 
01BL    FRANJA BLANCA             1,997           1,998                    54                           I-2384 
01BL    FRANJA BLANCA             2,003           2,004                    48                           I-2385 
01BL    FRANJA BLANCA             1,999           2,000                    56                           I-2386 
01BL    FRANJA BLANCA             2,002           2,003                    52                           I-2387 
01BL    FRANJA BLANCA             2,000           2,001                    60                           I-2388 
01BL    FRANJA BLANCA             2,014           2,015                    60                           I-2389 
01BL    FRANJA BLANCA             2,014           2,015                    55                           I-2390 
01BL    FRANJA BLANCA             2,006           2,007                    56                           I-2391 
01BL    FRANJA BLANCA             2,012           2,013                    56                           I-2392 


------------------------------------------------------------------------------------------------------------------------
T.SUB-LOTES              TOT.PAQUETES =14      TOT.UNID. = 783   T/P NETO (kg) = 28,079      T/P BRUTO (kg) = 28,093
------------------------------------------------------------------------------------------------------------------------
