
EMPRESA NACIONAL DE MINERIA (ENM) PRODUCTOR          PACKING LIST                             PAG.  :   1
NATIONAL MINING COMPANY                       CODIGO DE LOTE   : C-1660                      FECHA :06/06/2023
                                              -----------------------------
FLUJO        : 
DESCRIPCION  : CATODOS EW EL SALADO
N° INSTR. DE EMBARQUE : 27932
CLIENTE      : COCHRANE
Lote Sipa    : 23030349

----------------------------------------------------------------------------------------------------------------------------- 
MARCA       DESCRIPCION         PESO NETO      PESO BRUTO     GRUPO     UNIDADES       UBICACION         SERIE                
-----------------------------------------------------------------------------------------------------------------------------

01RJ    FRANJA ROJA               1,959           1,960                    68                           C-1660 
01RJ    FRANJA ROJA               1,965           1,966                    68                           C-1661 
01RJ    FRANJA ROJA               2,002           2,003                    100                          C-1662 
01RJ    FRANJA ROJA               1,937           1,938                    100                          C-1663 
01RJ    FRANJA ROJA               2,057           2,058                    55                           C-1664 
01RJ    FRANJA ROJA               2,083           2,084                    55                           C-1665 
01RJ    FRANJA ROJA               2,037           2,038                    90                           C-1666 
01RJ    FRANJA ROJA               2,040           2,041                    95                           C-1667 
01RJ    FRANJA ROJA               2,035           2,036                    80                           C-1668 
01RJ    FRANJA ROJA               2,031           2,032                    77                           C-1669 
01RJ    FRANJA ROJA               1,885           1,886                    60                           C-1670 
01RJ    FRANJA ROJA               2,016           2,017                    72                           C-1671 
01RJ    FRANJA ROJA               2,062           2,063                    74                           C-1672 
01RJ    FRANJA ROJA               1,971           1,972                    68                           C-1689 
01RJ    FRANJA ROJA               1,987           1,988                    64                           C-1690 
01RJ    FRANJA ROJA               1,968           1,969                    67                           C-1691 
01RJ    FRANJA ROJA               1,898           1,899                    64                           C-1692 
01RJ    FRANJA ROJA               2,025           2,026                    74                           C-1693 
01RJ    FRANJA ROJA               2,023           2,024                    75                           C-1694 
01RJ    FRANJA ROJA               1,977           1,978                    63                           C-1695 
01RJ    FRANJA ROJA               2,017           2,018                    65                           C-1696 
01RJ    FRANJA ROJA               1,995           1,996                    58                           C-1697 
01RJ    FRANJA ROJA               2,021           2,022                    74                           C-1698 
01RJ    FRANJA ROJA               1,973           1,974                    68                           C-1699 
01RJ    FRANJA ROJA               1,896           1,897                    65                           C-1700 
01RJ    FRANJA ROJA               2,025           2,026                    76                           C-1701 
01RJ    FRANJA ROJA               1,989           1,990                    69                           C-1702 
01RJ    FRANJA ROJA               2,292           2,293                    79                           C-1779 
01RJ    FRANJA ROJA               1,934           1,935                    89                           C-1780 
01RJ    FRANJA ROJA               2,037           2,038                    59                           C-1781 
01RJ    FRANJA ROJA               2,106           2,107                    84                           C-1782 
01RJ    FRANJA ROJA               2,013           2,014                    68                           C-1783 
01RJ    FRANJA ROJA               2,283           2,284                    80                           C-1784 
01RJ    FRANJA ROJA               2,067           2,068                    80                           C-1785 
01RJ    FRANJA ROJA               1,972           1,973                    85                           C-1786 
01RJ    FRANJA ROJA               2,023           2,024                    74                           C-1787 
01RJ    FRANJA ROJA               1,935           1,936                    73                           C-1788 
01RJ    FRANJA ROJA               2,025           2,026                    70                           C-1789 
01RJ    FRANJA ROJA               2,027           2,028                    87                           C-1790 
01RJ    FRANJA ROJA               1,973           1,974                    69                           C-1791 
01RJ    FRANJA ROJA               2,027           2,028                    70                           C-1792 
01RJ    FRANJA ROJA               1,993           1,994                    73                           D-1629 
01RJ    FRANJA ROJA               2,031           2,032                    71                           D-1630 
01RJ    FRANJA ROJA               2,017           2,018                    86                           D-1631 
01RJ    FRANJA ROJA               1,949           1,950                    64                           D-1632 









EMPRESA NACIONAL DE MINERIA (ENM) PRODUCTOR          PACKING LIST                             PAG.  :   2
NATIONAL MINING COMPANY                       CODIGO DE LOTE   : C-1660                      FECHA :06/06/2023
                                              -----------------------------
FLUJO        : 
DESCRIPCION  : CATODOS EW EL SALADO
N° INSTR. DE EMBARQUE : 27932
CLIENTE      : COCHRANE
Lote Sipa    : 23030349

----------------------------------------------------------------------------------------------------------------------------- 
MARCA       DESCRIPCION         PESO NETO      PESO BRUTO     GRUPO     UNIDADES       UBICACION         SERIE                
-----------------------------------------------------------------------------------------------------------------------------

01RJ    FRANJA ROJA               1,944           1,945                    83                           D-1633 
01RJ    FRANJA ROJA               1,987           1,988                    72                           D-1634 
01RJ    FRANJA ROJA               2,045           2,046                    54                           D-1635 
01RJ    FRANJA ROJA               1,996           1,997                    73                           D-1636 
01RJ    FRANJA ROJA               2,003           2,004                    85                           D-1637 
01RJ    FRANJA ROJA               2,029           2,030                    70                           D-1638 
01RJ    FRANJA ROJA               1,938           1,939                    71                           D-1639 
01RJ    FRANJA ROJA               2,005           2,006                    55                           D-1640 
01RJ    FRANJA ROJA               1,938           1,939                    99                           D-1641 
01RJ    FRANJA ROJA               2,018           2,019                    79                           D-1642 
01RJ    FRANJA ROJA               1,943           1,944                    70                           D-1659 
01RJ    FRANJA ROJA               1,967           1,968                    55                           D-1660 
01RJ    FRANJA ROJA               1,989           1,990                    60                           D-1661 
01RJ    FRANJA ROJA               2,023           2,024                    61                           D-1662 
01RJ    FRANJA ROJA               2,013           2,014                    71                           D-1663 
01RJ    FRANJA ROJA               1,926           1,927                    65                           D-1664 
01RJ    FRANJA ROJA               1,990           1,991                    66                           D-1665 
01RJ    FRANJA ROJA               1,932           1,933                    101                          D-1666 
01RJ    FRANJA ROJA               2,019           2,020                    65                           D-1667 
01RJ    FRANJA ROJA               1,945           1,946                    91                           D-1668 
01RJ    FRANJA ROJA               2,015           2,016                    70                           D-1669 
01RJ    FRANJA ROJA               1,984           1,985                    96                           D-1670 
01RJ    FRANJA ROJA               1,987           1,988                    82                           D-1671 
01RJ    FRANJA ROJA               2,084           2,085                    76                           D-1672 
01RJ    FRANJA ROJA               2,026           2,027                    92                           D-1733 
01RJ    FRANJA ROJA               2,027           2,028                    76                           D-1734 
01RJ    FRANJA ROJA               1,954           1,955                    65                           D-1735 
01RJ    FRANJA ROJA               1,948           1,949                    57                           D-1736 
01RJ    FRANJA ROJA               2,028           2,029                    49                           D-1737 
01RJ    FRANJA ROJA               1,980           1,981                    45                           D-1738 
01RJ    FRANJA ROJA               2,021           2,022                    76                           D-1739 
01RJ    FRANJA ROJA               2,030           2,031                    56                           D-1740 
01RJ    FRANJA ROJA               2,007           2,008                    49                           D-1741 
01RJ    FRANJA ROJA               1,973           1,974                    54                           D-1742 
01RJ    FRANJA ROJA               2,015           2,016                    70                           D-1743 
01RJ    FRANJA ROJA               2,016           2,017                    73                           D-1744 
01RJ    FRANJA ROJA               2,046           2,047                    100                          D-1745 
01RJ    FRANJA ROJA               2,039           2,040                    65                           D-1746 
01RJ    FRANJA ROJA               1,911           1,912                    80                           E-1571 
01RJ    FRANJA ROJA               1,997           1,998                    70                           E-1572 
01RJ    FRANJA ROJA               1,852           1,853                    80                           E-1573 
01RJ    FRANJA ROJA               1,940           1,941                    60                           E-1574 
01RJ    FRANJA ROJA               2,000           2,001                    70                           E-1575 
01RJ    FRANJA ROJA               2,030           2,031                    55                           E-1576 
01RJ    FRANJA ROJA               2,016           2,017                    60                           E-1577 









EMPRESA NACIONAL DE MINERIA (ENM) PRODUCTOR          PACKING LIST                             PAG.  :   3
NATIONAL MINING COMPANY                       CODIGO DE LOTE   : C-1660                      FECHA :06/06/2023
                                              -----------------------------
FLUJO        : 
DESCRIPCION  : CATODOS EW EL SALADO
N° INSTR. DE EMBARQUE : 27932
CLIENTE      : COCHRANE
Lote Sipa    : 23030349

----------------------------------------------------------------------------------------------------------------------------- 
MARCA       DESCRIPCION         PESO NETO      PESO BRUTO     GRUPO     UNIDADES       UBICACION         SERIE                
-----------------------------------------------------------------------------------------------------------------------------

01RJ    FRANJA ROJA               1,962           1,963                    62                           E-1578 
01RJ    FRANJA ROJA               2,022           2,023                    65                           E-1579 
01RJ    FRANJA ROJA               1,971           1,972                    64                           E-1580 
01RJ    FRANJA ROJA               1,957           1,958                    79                           E-1581 
01RJ    FRANJA ROJA               1,950           1,951                    61                           E-1582 
01RJ    FRANJA ROJA               2,029           2,030                    83                           E-1583 
01RJ    FRANJA ROJA               1,963           1,964                    84                           E-1584 


------------------------------------------------------------------------------------------------------------------------
T.SUB-LOTES              TOT.PAQUETES =97      TOT.UNID. = 6975   T/P NETO (kg) = 194,008      T/P BRUTO (kg) = 194,105
------------------------------------------------------------------------------------------------------------------------
