
EMPRESA NACIONAL DE MINERIA (ENM) PRODUCTOR          PACKING LIST                             PAG.  :   1
NATIONAL MINING COMPANY                       CODIGO DE LOTE   : E-3346                      FECHA :29/05/2023
                                              -----------------------------
FLUJO        : 
DESCRIPCION  : CATODOS EW MATTA
N° INSTR. DE EMBARQUE : 930997
CLIENTE      : 
Lote Sipa    : 23050607

----------------------------------------------------------------------------------------------------------------------------- 
MARCA       DESCRIPCION         PESO NETO      PESO BRUTO     GRUPO     UNIDADES       UBICACION         SERIE                
-----------------------------------------------------------------------------------------------------------------------------

09BL    9 BLANCO                  2,003           2,004                    53                           E-3346 
09BL    9 BLANCO                  2,009           2,010                    47                           E-3347 
09BL    9 BLANCO                  2,031           2,032                    47                           E-3348 
09BL    9 BLANCO                  2,020           2,021                    52                           E-3349 
09BL    9 BLANCO                  2,041           2,042                    54                           E-3350 
09BL    9 BLANCO                  2,025           2,026                    50                           E-3351 
09BL    9 BLANCO                  2,021           2,022                    50                           E-3352 
09BL    9 BLANCO                  1,996           1,997                    43                           E-3353 
09BL    9 BLANCO                  2,064           2,065                    56                           E-3354 
09BL    9 BLANCO                  2,015           2,016                    55                           E-3355 
09BL    9 BLANCO                  2,008           2,009                    46                           E-3356 
09BL    9 BLANCO                  2,024           2,025                    49                           E-3357 
09BL    9 BLANCO                  2,014           2,015                    56                           E-3358 
09BL    9 BLANCO                  2,024           2,025                    49                           E-3359 


------------------------------------------------------------------------------------------------------------------------
T.SUB-LOTES              TOT.PAQUETES =14      TOT.UNID. = 707   T/P NETO (kg) = 28,295      T/P BRUTO (kg) = 28,309
------------------------------------------------------------------------------------------------------------------------
