
EMPRESA NACIONAL DE MINERIA (ENM) PRODUCTOR          PACKING LIST                             PAG.  :   1
NATIONAL MINING COMPANY                       CODIGO DE LOTE   : F-2771                      FECHA :18/07/2018
                                              -----------------------------
FLUJO        : 
DESCRIPCION  : CATODOS EW CERRO NEGRO
N° INSTR. DE EMBARQUE : 24655
CLIENTE      : CAP SAN TAINARO
Lote Sipa    : 18060043

----------------------------------------------------------------------------------------------------------------------------- 
MARCA       DESCRIPCION         PESO NETO      PESO BRUTO     GRUPO     UNIDADES       UBICACION         SERIE                
-----------------------------------------------------------------------------------------------------------------------------

02NE    DOS FRANJAS NEGRAS        1,923           1,924                    34                           F-2771 
02NE    DOS FRANJAS NEGRAS        1,973           1,974                    35                           F-2772 
02NE    DOS FRANJAS NEGRAS        2,017           2,018                    34                           F-2773 
02NE    DOS FRANJAS NEGRAS        2,028           2,029                    34                           F-2774 
02NE    DOS FRANJAS NEGRAS        1,996           1,997                    34                           F-2775 
02NE    DOS FRANJAS NEGRAS        2,011           2,012                    40                           F-2776 
02NE    DOS FRANJAS NEGRAS        1,980           1,981                    34                           F-2777 
02NE    DOS FRANJAS NEGRAS        1,993           1,994                    35                           F-2778 
02NE    DOS FRANJAS NEGRAS        1,964           1,965                    34                           F-2779 
02NE    DOS FRANJAS NEGRAS        2,029           2,030                    36                           F-2780 
02NE    DOS FRANJAS NEGRAS        2,012           2,013                    36                           F-2781 
02NE    DOS FRANJAS NEGRAS        2,017           2,018                    32                           F-2782 
02NE    DOS FRANJAS NEGRAS        2,003           2,004                    36                           F-2783 
02NE    DOS FRANJAS NEGRAS        2,026           2,027                    35                           F-2784 
02NE    DOS FRANJAS NEGRAS        2,020           2,021                    36                           F-2785 
02NE    DOS FRANJAS NEGRAS        1,976           1,977                    36                           F-2884 
02NE    DOS FRANJAS NEGRAS        2,001           2,002                    38                           F-2885 
02NE    DOS FRANJAS NEGRAS        1,966           1,967                    35                           F-2886 
02NE    DOS FRANJAS NEGRAS        2,020           2,021                    36                           F-2887 
02NE    DOS FRANJAS NEGRAS        1,940           1,941                    37                           F-2888 
02NE    DOS FRANJAS NEGRAS        1,984           1,985                    38                           F-2889 
02NE    DOS FRANJAS NEGRAS        2,023           2,024                    36                           F-2890 
02NE    DOS FRANJAS NEGRAS        1,917           1,918                    37                           F-2891 
02NE    DOS FRANJAS NEGRAS        2,035           2,036                    38                           F-2892 
02NE    DOS FRANJAS NEGRAS        2,022           2,023                    39                           F-2893 
02NE    DOS FRANJAS NEGRAS        2,007           2,008                    39                           F-2894 
02NE    DOS FRANJAS NEGRAS        2,005           2,006                    40                           F-2895 
02NE    DOS FRANJAS NEGRAS        2,041           2,042                    35                           F-2896 
02NE    DOS FRANJAS NEGRAS        2,039           2,040                    39                           F-2897 
02NE    DOS FRANJAS NEGRAS        2,038           2,039                    40                           F-2898 


------------------------------------------------------------------------------------------------------------------------
T.SUB-LOTES              TOT.PAQUETES =30      TOT.UNID. = 1088   T/P NETO (kg) = 60,006      T/P BRUTO (kg) = 60,036
------------------------------------------------------------------------------------------------------------------------
