
EMPRESA NACIONAL DE MINERIA (ENM) PRODUCTOR          PACKING LIST                             PAG.  :   1
NATIONAL MINING COMPANY                       CODIGO DE LOTE   : C-6839                      FECHA :23/03/2020
                                              -----------------------------
FLUJO        : 
DESCRIPCION  : CATODOS GRADO A
N° INSTR. DE EMBARQUE : 25833
CLIENTE      : SKYROS
Lote Sipa    : 

----------------------------------------------------------------------------------------------------------------------------- 
MARCA       DESCRIPCION         PESO NETO      PESO BRUTO     GRUPO     UNIDADES       UBICACION         SERIE                
-----------------------------------------------------------------------------------------------------------------------------

02VE    DOS FRANJAS VERDES        2,098           2,099         20         20                           C-6839 
02VE    DOS FRANJAS VERDES        2,282           2,283         15         20                           C-6840 
02VE    DOS FRANJAS VERDES        2,129           2,130         20         20                           C-6841 
02VE    DOS FRANJAS VERDES        1,979           1,980         43         20                           C-6842 
02VE    DOS FRANJAS VERDES        2,489           2,490         43         20                           C-6843 
02VE    DOS FRANJAS VERDES        2,439           2,440         05         20                           C-6844 
02VE    DOS FRANJAS VERDES        2,385           2,386         05         20                           C-6845 
02VE    DOS FRANJAS VERDES        2,503           2,504         05         20                           C-6846 
02VE    DOS FRANJAS VERDES        2,274           2,275         15         20                           C-6847 
02VE    DOS FRANJAS VERDES        2,347           2,348         05         20                           C-6848 
02VE    DOS FRANJAS VERDES        2,376           2,377         05         20                           C-6849 
02VE    DOS FRANJAS VERDES        2,307           2,308         21         20                           C-6850 
02VE    DOS FRANJAS VERDES        2,243           2,244         43         20                           C-6851 
02VE    DOS FRANJAS VERDES        2,254           2,255         43         20                           C-6852 
02VE    DOS FRANJAS VERDES        1,966           1,967         39         20                           C-6853 
02VE    DOS FRANJAS VERDES        1,926           1,927         15         20                           C-6854 
02VE    DOS FRANJAS VERDES        2,374           2,375         05         20                           C-6855 
02VE    DOS FRANJAS VERDES        2,404           2,405         05         20                           C-6856 
02VE    DOS FRANJAS VERDES        2,414           2,415         05         20                           C-6857 
02VE    DOS FRANJAS VERDES        2,174           2,175         15         20                           C-6858 
02VE    DOS FRANJAS VERDES        2,320           2,321         05         20                           C-6859 
02VE    DOS FRANJAS VERDES        2,101           2,102         15         20                           C-6860 
02VE    DOS FRANJAS VERDES        1,907           1,908         15         20                           C-6861 
02VE    DOS FRANJAS VERDES        2,479           2,480         05         20                           C-6862 
02VE    DOS FRANJAS VERDES        2,132           2,133         39         20                           C-6863 
02VE    DOS FRANJAS VERDES        2,396           2,397         05         20                           C-6864 
02VE    DOS FRANJAS VERDES        2,146           2,147         39         20                           C-6865 
02VE    DOS FRANJAS VERDES        2,232           2,233         15         20                           C-6866 
02VE    DOS FRANJAS VERDES        2,204           2,205         20         20                           C-6867 
02VE    DOS FRANJAS VERDES        2,466           2,467         05         20                           C-6868 
02VE    DOS FRANJAS VERDES        2,165           2,166         15         20                           C-6869 
02VE    DOS FRANJAS VERDES        2,524           2,525         05         20                           C-6870 
02VE    DOS FRANJAS VERDES        2,350           2,351         05         20                           C-6871 
02VE    DOS FRANJAS VERDES        1,943           1,944         20         20                           C-6872 
02VE    DOS FRANJAS VERDES        2,072           2,073         20         20                           C-6873 
02VE    DOS FRANJAS VERDES        2,487           2,488         05         20                           C-6874 
02VE    DOS FRANJAS VERDES        2,174           2,175         15         20                           C-6875 
02VE    DOS FRANJAS VERDES        2,220           2,221         15         20                           C-6876 
02VE    DOS FRANJAS VERDES        2,495           2,496         05         20                           C-6877 
02VE    DOS FRANJAS VERDES        2,221           2,222         39         20                           C-6878 
02VE    DOS FRANJAS VERDES        2,301           2,302         39         20                           C-6879 
02VE    DOS FRANJAS VERDES        2,333           2,334         15         20                           C-6880 
02VE    DOS FRANJAS VERDES        2,024           2,025         15         20                           C-6881 
02VE    DOS FRANJAS VERDES        2,149           2,150         39         20                           C-6882 
02VE    DOS FRANJAS VERDES        2,426           2,427         05         20                           C-6883 









EMPRESA NACIONAL DE MINERIA (ENM) PRODUCTOR          PACKING LIST                             PAG.  :   2
NATIONAL MINING COMPANY                       CODIGO DE LOTE   : C-6839                      FECHA :23/03/2020
                                              -----------------------------
FLUJO        : 
DESCRIPCION  : CATODOS GRADO A
N° INSTR. DE EMBARQUE : 25833
CLIENTE      : SKYROS
Lote Sipa    : 

----------------------------------------------------------------------------------------------------------------------------- 
MARCA       DESCRIPCION         PESO NETO      PESO BRUTO     GRUPO     UNIDADES       UBICACION         SERIE                
-----------------------------------------------------------------------------------------------------------------------------

02VE    DOS FRANJAS VERDES        2,160           2,161         15         20                           C-6884 
02VE    DOS FRANJAS VERDES        2,030           2,031         29         20                           C-6885 
02VE    DOS FRANJAS VERDES        2,425           2,426         05         20                           C-6886 
02VE    DOS FRANJAS VERDES        2,452           2,453         05         20                           C-6887 
02VE    DOS FRANJAS VERDES        2,184           2,185         15         20                           C-6888 
02VE    DOS FRANJAS VERDES        2,133           2,134         39         20                           C-6889 
02VE    DOS FRANJAS VERDES        2,317           2,318         43         20                           C-6890 
02VE    DOS FRANJAS VERDES        2,227           2,228         39         20                           C-6891 
02VE    DOS FRANJAS VERDES        2,006           2,007         39         20                           C-6892 
02VE    DOS FRANJAS VERDES        2,420           2,421         05         20                           C-6893 
02VE    DOS FRANJAS VERDES        2,368           2,369         05         20                           C-6894 
02VE    DOS FRANJAS VERDES        2,418           2,419         05         20                           C-6895 
02VE    DOS FRANJAS VERDES        2,022           2,023         39         20                           C-6896 
02VE    DOS FRANJAS VERDES        2,306           2,307         15         20                           C-6897 
02VE    DOS FRANJAS VERDES        1,967           1,968         15         20                           C-6898 
02VE    DOS FRANJAS VERDES        2,100           2,101         39         20                           C-6899 
02VE    DOS FRANJAS VERDES        2,133           2,134         15         20                           C-6900 
02VE    DOS FRANJAS VERDES        2,179           2,180         12         20                           C-6901 
02VE    DOS FRANJAS VERDES        2,233           2,234         12         20                           C-6902 
02VE    DOS FRANJAS VERDES        2,225           2,226         12         20                           C-6903 
02VE    DOS FRANJAS VERDES        2,151           2,152         39         20                           C-6904 
02VE    DOS FRANJAS VERDES        2,297           2,298         12         20                           C-6905 
02VE    DOS FRANJAS VERDES        2,393           2,394         05         20                           C-6906 
02VE    DOS FRANJAS VERDES        2,279           2,280         43         20                           C-6907 
02VE    DOS FRANJAS VERDES        2,393           2,394         43         20                           C-6908 
02VE    DOS FRANJAS VERDES        2,296           2,297         05         20                           C-6909 
02VE    DOS FRANJAS VERDES        2,413           2,414         12         20                           C-6910 
02VE    DOS FRANJAS VERDES        2,122           2,123         12         20                           C-6911 
02VE    DOS FRANJAS VERDES        2,122           2,123         12         20                           C-6912 
02VE    DOS FRANJAS VERDES        2,522           2,523         05         20                           C-6913 
02VE    DOS FRANJAS VERDES        2,188           2,189         46         20                           C-6914 
02VE    DOS FRANJAS VERDES        2,309           2,310         05         20                           C-6915 
02VE    DOS FRANJAS VERDES        2,191           2,192         46         20                           C-6916 
02VE    DOS FRANJAS VERDES        2,170           2,171         46         20                           C-6917 
02VE    DOS FRANJAS VERDES        2,226           2,227         46         20                           C-6918 
02VE    DOS FRANJAS VERDES        2,246           2,247         05         20                           C-6919 
02VE    DOS FRANJAS VERDES        2,243           2,244         46         20                           C-6920 
02VE    DOS FRANJAS VERDES        2,230           2,231         46         20                           C-6921 
02VE    DOS FRANJAS VERDES        2,222           2,223         46         20                           C-6922 
02VE    DOS FRANJAS VERDES        2,243           2,244         46         20                           C-6923 
02VE    DOS FRANJAS VERDES        2,101           2,102         46         20                           C-6924 
02VE    DOS FRANJAS VERDES        2,147           2,148         12         20                           C-6925 
02VE    DOS FRANJAS VERDES        2,209           2,210         12         20                           C-6926 
02VE    DOS FRANJAS VERDES        2,311           2,312         46         20                           C-6927 


------------------------------------------------------------------------------------------------------------------------
T.SUB-LOTES              TOT.PAQUETES =89      TOT.UNID. = 1780   T/P NETO (kg) = 199,959      T/P BRUTO (kg) = 200,048
------------------------------------------------------------------------------------------------------------------------
