
EMPRESA NACIONAL DE MINERIA (ENM) PRODUCTOR          PACKING LIST                             PAG.  :   1
NATIONAL MINING COMPANY                       CODIGO DE LOTE   : J-11872                      FECHA :31/10/2023
                                              -----------------------------
FLUJO        : 
DESCRIPCION  : CATODOS GRADO A
N° INSTR. DE EMBARQUE : 28150
CLIENTE      : SAN ANTONIO EXPRESS
Lote Sipa    : 

----------------------------------------------------------------------------------------------------------------------------- 
MARCA       DESCRIPCION         PESO NETO      PESO BRUTO     GRUPO     UNIDADES       UBICACION         SERIE                
-----------------------------------------------------------------------------------------------------------------------------

01NA    FRANJA NARANJA            2,369           2,370         45         20                           J-11872
01NA    FRANJA NARANJA            2,315           2,316         39         20                           J-11873
01NA    FRANJA NARANJA            2,349           2,350         20         20                           J-11874
01NA    FRANJA NARANJA            2,446           2,447         45         20                           J-11875
01NA    FRANJA NARANJA            2,401           2,402         39         20                           J-11876
01NA    FRANJA NARANJA            2,451           2,452         39         20                           J-11877
01NA    FRANJA NARANJA            2,452           2,453         20         20                           J-11878
01NA    FRANJA NARANJA            2,433           2,434         39         20                           J-11879
01NA    FRANJA NARANJA            2,513           2,514         39         20                           J-11880
01NA    FRANJA NARANJA            2,527           2,528         39         20                           J-11881
01NA    FRANJA NARANJA            2,383           2,384         20         20                           J-11882
01NA    FRANJA NARANJA            2,516           2,517         39         20                           J-11883
01NA    FRANJA NARANJA            2,439           2,440         39         20                           J-11884
01NA    FRANJA NARANJA            2,492           2,493         39         20                           J-11885
01NA    FRANJA NARANJA            2,434           2,435         20         20                           J-11886
01NA    FRANJA NARANJA            2,510           2,511         39         20                           J-11887
01NA    FRANJA NARANJA            2,335           2,336         45         20                           J-11888
01NA    FRANJA NARANJA            2,385           2,386         39         20                           J-11889
01NA    FRANJA NARANJA            2,375           2,376         39         20                           J-11890
01NA    FRANJA NARANJA            2,252           2,253         45         20                           J-11891
01NA    FRANJA NARANJA            2,427           2,428         39         20                           J-11892
01NA    FRANJA NARANJA            2,331           2,332         20         20                           J-11893
01NA    FRANJA NARANJA            2,472           2,473         39         20                           J-11894
01NA    FRANJA NARANJA            2,287           2,288         39         20                           J-11895
01NA    FRANJA NARANJA            2,237           2,238         39         20                           J-11896
01NA    FRANJA NARANJA            2,391           2,392         20         20                           J-11897
01NA    FRANJA NARANJA            2,428           2,429         20         20                           J-11898
01NA    FRANJA NARANJA            2,315           2,316         45         20                           J-11899
01NA    FRANJA NARANJA            2,201           2,202         39         20                           J-11900
01NA    FRANJA NARANJA            2,347           2,348         45         20                           J-11901
01NA    FRANJA NARANJA            2,157           2,158         39         20                           J-11902
01NA    FRANJA NARANJA            2,259           2,260         45         20                           J-11903
01NA    FRANJA NARANJA            2,272           2,273         20         20                           J-11904
01NA    FRANJA NARANJA            2,387           2,388         45         20                           J-11905
01NA    FRANJA NARANJA            2,339           2,340         20         20                           J-11906
01NA    FRANJA NARANJA            2,346           2,347         20         20                           J-11907
01NA    FRANJA NARANJA            2,133           2,134         39         20                           J-11908
01NA    FRANJA NARANJA            2,364           2,365         39         20                           J-11909
01NA    FRANJA NARANJA            2,269           2,270         20         20                           J-11910
01NA    FRANJA NARANJA            2,047           2,048         45         20                           J-11911
01NA    FRANJA NARANJA            2,205           2,206         39         20                           J-11912
01NA    FRANJA NARANJA            2,333           2,334         39         20                           J-11913
01NA    FRANJA NARANJA            2,357           2,358         20         20                           J-11914
01NA    FRANJA NARANJA            2,175           2,176         20         20                           J-11915
01NA    FRANJA NARANJA            2,258           2,259         39         20                           J-11916









EMPRESA NACIONAL DE MINERIA (ENM) PRODUCTOR          PACKING LIST                             PAG.  :   2
NATIONAL MINING COMPANY                       CODIGO DE LOTE   : J-11872                      FECHA :31/10/2023
                                              -----------------------------
FLUJO        : 
DESCRIPCION  : CATODOS GRADO A
N° INSTR. DE EMBARQUE : 28150
CLIENTE      : SAN ANTONIO EXPRESS
Lote Sipa    : 

----------------------------------------------------------------------------------------------------------------------------- 
MARCA       DESCRIPCION         PESO NETO      PESO BRUTO     GRUPO     UNIDADES       UBICACION         SERIE                
-----------------------------------------------------------------------------------------------------------------------------

01NA    FRANJA NARANJA            2,319           2,320         45         20                           J-11917
01NA    FRANJA NARANJA            2,357           2,358         45         20                           J-11918
01NA    FRANJA NARANJA            2,465           2,466         45         20                           J-11919
01NA    FRANJA NARANJA            2,397           2,398         20         20                           J-11920
01NA    FRANJA NARANJA            2,348           2,349         39         20                           J-11921
01NA    FRANJA NARANJA            2,387           2,388         45         20                           J-11922
01NA    FRANJA NARANJA            2,209           2,210         45         20                           J-11923
01NA    FRANJA NARANJA            2,443           2,444         39         20                           J-11924
01NA    FRANJA NARANJA            2,439           2,440         39         20                           J-11925
01NA    FRANJA NARANJA            2,295           2,296         20         20                           J-11926
01NA    FRANJA NARANJA            2,407           2,408         39         20                           J-11927
01NA    FRANJA NARANJA            2,273           2,274         20         20                           J-11928
01NA    FRANJA NARANJA            2,345           2,346         39         20                           J-11929
01NA    FRANJA NARANJA            2,351           2,352         39         20                           J-11930
01NA    FRANJA NARANJA            2,365           2,366         39         20                           J-11931
01NA    FRANJA NARANJA            2,511           2,512         39         20                           J-11932
01NA    FRANJA NARANJA            2,545           2,546         45         20                           J-11933
01NA    FRANJA NARANJA            2,349           2,350         39         20                           J-11934
01NA    FRANJA NARANJA            2,401           2,402         20         20                           J-11935
01NA    FRANJA NARANJA            2,301           2,302         45         20                           J-11936
01NA    FRANJA NARANJA            2,327           2,328         39         20                           J-11937
01NA    FRANJA NARANJA            2,517           2,518         20         20                           J-11938
01NA    FRANJA NARANJA            2,339           2,340         39         20                           J-11939
01NA    FRANJA NARANJA            2,179           2,180         20         20                           J-11940
01NA    FRANJA NARANJA            2,383           2,384         45         20                           J-11941
01NA    FRANJA NARANJA            2,339           2,340         45         20                           J-11942
01NA    FRANJA NARANJA            2,232           2,233         39         20                           J-11943
01NA    FRANJA NARANJA            2,328           2,329         20         20                           J-11944
01NA    FRANJA NARANJA            2,334           2,335         45         20                           J-11945
01NA    FRANJA NARANJA            2,107           2,108         39         20                           J-11946
01NA    FRANJA NARANJA            2,166           2,167         45         20                           J-11947
01NA    FRANJA NARANJA            2,285           2,286         45         20                           J-11948
01NA    FRANJA NARANJA            2,064           2,065         39         20                           J-11949
01NA    FRANJA NARANJA            2,272           2,273         20         20                           J-11950
01NA    FRANJA NARANJA            2,346           2,347         45         20                           J-11951
01NA    FRANJA NARANJA            2,349           2,350         20         20                           J-11952
01NA    FRANJA NARANJA            2,232           2,233         39         20                           J-11953
01NA    FRANJA NARANJA            2,174           2,175         45         20                           J-11954
01NA    FRANJA NARANJA            2,359           2,360         20         20                           J-11955
01NA    FRANJA NARANJA            2,436           2,437         20         20                           J-11956
01NA    FRANJA NARANJA            2,429           2,430         20         20                           J-11957
01NA    FRANJA NARANJA            2,074           2,075         45         20                           J-11958
01NA    FRANJA NARANJA            2,311           2,312         20         20                           J-11959
01NA    FRANJA NARANJA            2,288           2,289         39         20                           J-11960
01NA    FRANJA NARANJA            2,205           2,206         39         20                           J-11961









EMPRESA NACIONAL DE MINERIA (ENM) PRODUCTOR          PACKING LIST                             PAG.  :   3
NATIONAL MINING COMPANY                       CODIGO DE LOTE   : J-11872                      FECHA :31/10/2023
                                              -----------------------------
FLUJO        : 
DESCRIPCION  : CATODOS GRADO A
N° INSTR. DE EMBARQUE : 28150
CLIENTE      : SAN ANTONIO EXPRESS
Lote Sipa    : 

----------------------------------------------------------------------------------------------------------------------------- 
MARCA       DESCRIPCION         PESO NETO      PESO BRUTO     GRUPO     UNIDADES       UBICACION         SERIE                
-----------------------------------------------------------------------------------------------------------------------------

01NA    FRANJA NARANJA            2,329           2,330         11         20                           J-11962
01NA    FRANJA NARANJA            2,218           2,219         20         20                           J-11963
01NA    FRANJA NARANJA            2,304           2,305         20         20                           J-11964
01NA    FRANJA NARANJA            2,346           2,347         20         20                           J-11965
01NA    FRANJA NARANJA            2,182           2,183         39         20                           J-11966
01NA    FRANJA NARANJA            2,411           2,412         20         20                           J-11967
01NA    FRANJA NARANJA            2,179           2,180         39         20                           J-11968
01NA    FRANJA NARANJA            2,218           2,219         45         20                           J-11969
01NA    FRANJA NARANJA            2,130           2,131         20         20                           J-11970
01NA    FRANJA NARANJA            2,521           2,522         26         20                           J-11971
01NA    FRANJA NARANJA            2,237           2,238         39         20                           J-11972
01NA    FRANJA NARANJA            2,385           2,386         26         20                           J-11973
01NA    FRANJA NARANJA            2,421           2,422         26         20                           J-11974
01NA    FRANJA NARANJA            2,365           2,366         26         20                           J-11975
01NA    FRANJA NARANJA            2,411           2,412         26         20                           J-11976
01NA    FRANJA NARANJA            2,465           2,466         26         20                           J-11977
01NA    FRANJA NARANJA            2,553           2,554         26         20                           J-11978


------------------------------------------------------------------------------------------------------------------------
T.SUB-LOTES              TOT.PAQUETES =107      TOT.UNID. = 2140   T/P NETO (kg) = 249,971      T/P BRUTO (kg) = 250,078
------------------------------------------------------------------------------------------------------------------------
