
EMPRESA NACIONAL DE MINERIA (ENM) PRODUCTOR          PACKING LIST                             PAG.  :   1
NATIONAL MINING COMPANY                       CODIGO DE LOTE   : E-5050                      FECHA :23/05/2019
                                              -----------------------------
FLUJO        : 
DESCRIPCION  : CATODOS GRADO A
N° INSTR. DE EMBARQUE : 25259
CLIENTE      : MAERSK VIRGINIA
Lote Sipa    : 19050087

----------------------------------------------------------------------------------------------------------------------------- 
MARCA       DESCRIPCION         PESO NETO      PESO BRUTO     GRUPO     UNIDADES       UBICACION         SERIE                
-----------------------------------------------------------------------------------------------------------------------------

01AM    FRANJA AMARILLA           2,450           2,451         12         20                           E-5050 
01AM    FRANJA AMARILLA           2,482           2,483         12         20                           E-5051 
01AM    FRANJA AMARILLA           2,429           2,430         12         20                           E-5052 
01AM    FRANJA AMARILLA           2,431           2,432         12         20                           E-5053 
01AM    FRANJA AMARILLA           2,429           2,430         12         20                           E-5054 
01AM    FRANJA AMARILLA           2,388           2,389         12         20                           E-5055 
01AM    FRANJA AMARILLA           2,466           2,467         12         20                           E-5056 
01AM    FRANJA AMARILLA           2,400           2,401         31         20                           E-5057 
01AM    FRANJA AMARILLA           2,449           2,450         12         20                           E-5058 
01AM    FRANJA AMARILLA           2,378           2,379         12         20                           E-5059 
01AM    FRANJA AMARILLA           2,366           2,367         31         20                           E-5060 
01AM    FRANJA AMARILLA           2,357           2,358         31         20                           E-5061 
01AM    FRANJA AMARILLA           2,393           2,394         31         20                           E-5062 
01AM    FRANJA AMARILLA           2,470           2,471         31         20                           E-5063 
01AM    FRANJA AMARILLA           2,323           2,324         31         20                           E-5064 
01AM    FRANJA AMARILLA           2,477           2,478         31         20                           E-5065 
01AM    FRANJA AMARILLA           2,366           2,367         12         20                           E-5066 
01AM    FRANJA AMARILLA           2,394           2,395         12         20                           E-5067 
01AM    FRANJA AMARILLA           2,455           2,456         12         20                           E-5068 
01AM    FRANJA AMARILLA           2,300           2,301         12         20                           E-5069 
01AM    FRANJA AMARILLA           2,317           2,318         31         20                           E-5070 
01AM    FRANJA AMARILLA           2,402           2,403         31         20                           E-5071 
01AM    FRANJA AMARILLA           2,363           2,364         03         20                           E-5072 
01AM    FRANJA AMARILLA           2,390           2,391         31         20                           E-5073 
01AM    FRANJA AMARILLA           2,274           2,275         31         20                           E-5074 
01AM    FRANJA AMARILLA           2,204           2,205         31         20                           E-5075 
01AM    FRANJA AMARILLA           2,338           2,339         03         20                           E-5076 
01AM    FRANJA AMARILLA           2,237           2,238         31         20                           E-5077 
01AM    FRANJA AMARILLA           2,452           2,453         03         20                           E-5078 
01AM    FRANJA AMARILLA           2,429           2,430         03         20                           E-5079 
01AM    FRANJA AMARILLA           2,361           2,362         31         20                           E-5080 
01AM    FRANJA AMARILLA           2,483           2,484         31         20                           E-5081 
01AM    FRANJA AMARILLA           2,387           2,388         03         20                           E-5082 
01AM    FRANJA AMARILLA           2,486           2,487         03         20                           E-5083 
01AM    FRANJA AMARILLA           2,431           2,432         03         20                           E-5084 
01AM    FRANJA AMARILLA           2,489           2,490         03         20                           E-5085 
01AM    FRANJA AMARILLA           2,288           2,289         03         20                           E-5086 
01AM    FRANJA AMARILLA           2,456           2,457         03         20                           E-5087 
01AM    FRANJA AMARILLA           2,282           2,283         03         20                           E-5088 
01AM    FRANJA AMARILLA           2,332           2,333         03         20                           E-5089 
01AM    FRANJA AMARILLA           2,388           2,389         03         20                           E-5090 
01AM    FRANJA AMARILLA           2,424           2,425         03         20                           E-5091 
01AM    FRANJA AMARILLA           2,401           2,402         03         20                           E-5092 
01AM    FRANJA AMARILLA           2,395           2,396         31         20                           E-5093 
01AM    FRANJA AMARILLA           2,476           2,477         31         20                           E-5094 









EMPRESA NACIONAL DE MINERIA (ENM) PRODUCTOR          PACKING LIST                             PAG.  :   2
NATIONAL MINING COMPANY                       CODIGO DE LOTE   : E-5050                      FECHA :23/05/2019
                                              -----------------------------
FLUJO        : 
DESCRIPCION  : CATODOS GRADO A
N° INSTR. DE EMBARQUE : 25259
CLIENTE      : MAERSK VIRGINIA
Lote Sipa    : 19050087

----------------------------------------------------------------------------------------------------------------------------- 
MARCA       DESCRIPCION         PESO NETO      PESO BRUTO     GRUPO     UNIDADES       UBICACION         SERIE                
-----------------------------------------------------------------------------------------------------------------------------

01AM    FRANJA AMARILLA           2,492           2,493         46         20                           E-5095 
01AM    FRANJA AMARILLA           2,546           2,547         46         20                           E-5096 
01AM    FRANJA AMARILLA           2,474           2,475         46         20                           E-5097 
01AM    FRANJA AMARILLA           2,519           2,520         46         20                           E-5098 
01AM    FRANJA AMARILLA           2,447           2,448         31         20                           E-5099 
01AM    FRANJA AMARILLA           2,489           2,490         31         20                           E-5100 
01AM    FRANJA AMARILLA           2,333           2,334         03         20                           E-5101 
01AM    FRANJA AMARILLA           2,476           2,477         46         20                           E-5102 
01AM    FRANJA AMARILLA           2,477           2,478         03         20                           E-5103 
01AM    FRANJA AMARILLA           2,529           2,530         03         20                           E-5104 
01AM    FRANJA AMARILLA           2,480           2,481         03         20                           E-5105 
01AM    FRANJA AMARILLA           2,464           2,465         03         20                           E-5106 
01AM    FRANJA AMARILLA           2,478           2,479         03         20                           E-5107 
01AM    FRANJA AMARILLA           2,137           2,138         03         20                           E-5108 
01AM    FRANJA AMARILLA           2,462           2,463         46         20                           E-5109 
01AM    FRANJA AMARILLA           2,248           2,249         46         20                           E-5110 
01AM    FRANJA AMARILLA           2,566           2,567         46         20                           E-5111 
01AM    FRANJA AMARILLA           2,498           2,499         46         20                           E-5112 
01AM    FRANJA AMARILLA           2,421           2,422         03         20                           E-5113 
01AM    FRANJA AMARILLA           2,546           2,547         46         20                           E-5114 
01AM    FRANJA AMARILLA           2,377           2,378         03         20                           E-5115 
01AM    FRANJA AMARILLA           2,445           2,446         46         20                           E-5116 
01AM    FRANJA AMARILLA           2,365           2,366         46         20                           E-5117 
01AM    FRANJA AMARILLA           2,524           2,525         46         20                           E-5118 
01AM    FRANJA AMARILLA           2,462           2,463         46         20                           E-5119 
01AM    FRANJA AMARILLA           2,461           2,462         46         20                           E-5120 
01AM    FRANJA AMARILLA           2,301           2,302         03         20                           E-5121 
01AM    FRANJA AMARILLA           2,301           2,302         03         20                           E-5122 
01AM    FRANJA AMARILLA           2,429           2,430         03         20                           E-5123 
01AM    FRANJA AMARILLA           2,474           2,475         03         20                           E-5124 
01AM    FRANJA AMARILLA           2,478           2,479         03         20                           E-5125 
01AM    FRANJA AMARILLA           2,401           2,402         31         20                           E-5126 
01AM    FRANJA AMARILLA           2,443           2,444         03         20                           E-5127 
01AM    FRANJA AMARILLA           2,361           2,362         03         20                           E-5128 
01AM    FRANJA AMARILLA           2,361           2,362         03         20                           E-5129 
01AM    FRANJA AMARILLA           2,312           2,313         03         20                           E-5130 
01AM    FRANJA AMARILLA           2,549           2,550         03         20                           E-5131 
01AM    FRANJA AMARILLA           2,332           2,333         31         20                           E-5132 
01AM    FRANJA AMARILLA           2,285           2,286         31         20                           E-5133 
01AM    FRANJA AMARILLA           2,353           2,354         03         20                           E-5134 
01AM    FRANJA AMARILLA           2,419           2,420         03         20                           E-5135 
01AM    FRANJA AMARILLA           2,398           2,399         03         20                           E-5136 
01AM    FRANJA AMARILLA           2,364           2,365         31         20                           E-5137 
01AM    FRANJA AMARILLA           2,372           2,373         31         20                           E-5138 
01AM    FRANJA AMARILLA           2,509           2,510         31         20                           E-5139 









EMPRESA NACIONAL DE MINERIA (ENM) PRODUCTOR          PACKING LIST                             PAG.  :   3
NATIONAL MINING COMPANY                       CODIGO DE LOTE   : E-5050                      FECHA :23/05/2019
                                              -----------------------------
FLUJO        : 
DESCRIPCION  : CATODOS GRADO A
N° INSTR. DE EMBARQUE : 25259
CLIENTE      : MAERSK VIRGINIA
Lote Sipa    : 19050087

----------------------------------------------------------------------------------------------------------------------------- 
MARCA       DESCRIPCION         PESO NETO      PESO BRUTO     GRUPO     UNIDADES       UBICACION         SERIE                
-----------------------------------------------------------------------------------------------------------------------------

01AM    FRANJA AMARILLA           2,413           2,414         31         20                           E-5140 
01AM    FRANJA AMARILLA           2,379           2,380         46         20                           E-5141 
01AM    FRANJA AMARILLA           2,380           2,381         46         20                           E-5142 
01AM    FRANJA AMARILLA           2,491           2,492         03         20                           E-5143 
01AM    FRANJA AMARILLA           2,550           2,551         03         20                           E-5144 
01AM    FRANJA AMARILLA           2,451           2,452         31         20                           E-5145 
01AM    FRANJA AMARILLA           2,538           2,539         46         20                           E-5146 
01AM    FRANJA AMARILLA           2,467           2,468         03         20                           E-5147 
01AM    FRANJA AMARILLA           2,434           2,435         31         20                           E-5148 
01AM    FRANJA AMARILLA           2,468           2,469         03         20                           E-5149 
01AM    FRANJA AMARILLA           2,503           2,504         03         20                           E-5150 
01AM    FRANJA AMARILLA           2,323           2,324         46         20                           E-5151 
01AM    FRANJA AMARILLA           2,494           2,495         31         20                           E-5152 
01AM    FRANJA AMARILLA           2,465           2,466         31         20                           E-5153 
01AM    FRANJA AMARILLA           2,456           2,457         46         20                           E-5154 
01AM    FRANJA AMARILLA           2,462           2,463         03         20                           E-5155 
01AM    FRANJA AMARILLA           2,460           2,461         46         20                           E-5156 
01AM    FRANJA AMARILLA           2,473           2,474         46         20                           E-5157 
01AM    FRANJA AMARILLA           2,428           2,429         46         20                           E-5158 
01AM    FRANJA AMARILLA           2,388           2,389         46         20                           E-5159 
01AM    FRANJA AMARILLA           2,416           2,417         31         20                           E-5160 
01AM    FRANJA AMARILLA           2,570           2,571         46         20                           E-5161 
01AM    FRANJA AMARILLA           2,481           2,482         46         20                           E-5162 
01AM    FRANJA AMARILLA           2,552           2,553         46         20                           E-5163 
01AM    FRANJA AMARILLA           2,450           2,451         31         20                           E-5164 
01AM    FRANJA AMARILLA           2,340           2,341         31         20                           E-5165 
01AM    FRANJA AMARILLA           2,428           2,429         31         20                           E-5166 
01AM    FRANJA AMARILLA           2,331           2,332         46         20                           E-5167 
01AM    FRANJA AMARILLA           2,314           2,315         46         20                           E-5168 
01AM    FRANJA AMARILLA           2,469           2,470         31         20                           E-5169 
01AM    FRANJA AMARILLA           2,392           2,393         31         20                           E-5170 
01AM    FRANJA AMARILLA           2,518           2,519         31         20                           E-5171 
01AM    FRANJA AMARILLA           2,436           2,437         31         20                           E-5172 
01AM    FRANJA AMARILLA           2,374           2,375         28         20                           E-5173 


------------------------------------------------------------------------------------------------------------------------
T.SUB-LOTES              TOT.PAQUETES =124      TOT.UNID. = 2480   T/P NETO (kg) = 299,940      T/P BRUTO (kg) = 300,064
------------------------------------------------------------------------------------------------------------------------
