
EMPRESA NACIONAL DE MINERIA (ENM) PRODUCTOR          PACKING LIST                             PAG.  :   1
NATIONAL MINING COMPANY                       CODIGO DE LOTE   : J-16050                      FECHA :04/11/2019
                                              -----------------------------
FLUJO        : 
DESCRIPCION  : CATODOS GRADO A
N° INSTR. DE EMBARQUE : 25596
CLIENTE      : E.R. BERLIN
Lote Sipa    : 

----------------------------------------------------------------------------------------------------------------------------- 
MARCA       DESCRIPCION         PESO NETO      PESO BRUTO     GRUPO     UNIDADES       UBICACION         SERIE                
-----------------------------------------------------------------------------------------------------------------------------

X2CE    EQUIS DOS FRANJAS CELEST  2,452           2,453         11         20                           J-16050
X2CE    EQUIS DOS FRANJAS CELEST  2,304           2,305         11         20                           J-16051
X2CE    EQUIS DOS FRANJAS CELEST  2,312           2,313         03         20                           J-16052
X2CE    EQUIS DOS FRANJAS CELEST  2,314           2,315         35         20                           J-16053
X2CE    EQUIS DOS FRANJAS CELEST  2,419           2,420         03         20                           J-16054
X2CE    EQUIS DOS FRANJAS CELEST  2,366           2,367         03         20                           J-16055
X2CE    EQUIS DOS FRANJAS CELEST  2,396           2,397         03         20                           J-16056
X2CE    EQUIS DOS FRANJAS CELEST  2,488           2,489         11         20                           J-16057
X2CE    EQUIS DOS FRANJAS CELEST  2,364           2,365         11         20                           J-16058
X2CE    EQUIS DOS FRANJAS CELEST  2,467           2,468         35         20                           J-16059
X2CE    EQUIS DOS FRANJAS CELEST  2,224           2,225         35         20                           J-16060
X2CE    EQUIS DOS FRANJAS CELEST  2,413           2,414         35         20                           J-16061
X2CE    EQUIS DOS FRANJAS CELEST  2,392           2,393         35         20                           J-16062
X2CE    EQUIS DOS FRANJAS CELEST  2,332           2,333         03         20                           J-16063
X2CE    EQUIS DOS FRANJAS CELEST  2,358           2,359         03         20                           J-16064
X2CE    EQUIS DOS FRANJAS CELEST  2,464           2,465         03         20                           J-16065
X2CE    EQUIS DOS FRANJAS CELEST  2,465           2,466         03         20                           J-16066
X2CE    EQUIS DOS FRANJAS CELEST  2,460           2,461         35         20                           J-16067
X2CE    EQUIS DOS FRANJAS CELEST  2,319           2,320         35         20                           J-16068
X2CE    EQUIS DOS FRANJAS CELEST  2,404           2,405         35         20                           J-16069
X2CE    EQUIS DOS FRANJAS CELEST  2,331           2,332         35         20                           J-16070
X2CE    EQUIS DOS FRANJAS CELEST  2,402           2,403         35         20                           J-16071
X2CE    EQUIS DOS FRANJAS CELEST  2,459           2,460         11         20                           J-16072
X2CE    EQUIS DOS FRANJAS CELEST  2,364           2,365         11         20                           J-16073
X2CE    EQUIS DOS FRANJAS CELEST  2,356           2,357         35         20                           J-16074
X2CE    EQUIS DOS FRANJAS CELEST  2,403           2,404         24         20                           J-16075
X2CE    EQUIS DOS FRANJAS CELEST  2,435           2,436         24         20                           J-16076
X2CE    EQUIS DOS FRANJAS CELEST  2,153           2,154         24         20                           J-16077
X2CE    EQUIS DOS FRANJAS CELEST  2,279           2,280         24         20                           J-16078
X2CE    EQUIS DOS FRANJAS CELEST  2,353           2,354         27         20                           J-16079
X2CE    EQUIS DOS FRANJAS CELEST  2,409           2,410         27         20                           J-16080
X2CE    EQUIS DOS FRANJAS CELEST  2,378           2,379         27         20                           J-16081
X2CE    EQUIS DOS FRANJAS CELEST  2,154           2,155         27         20                           J-16082
X2CE    EQUIS DOS FRANJAS CELEST  2,168           2,169         27         20                           J-16083
X2CE    EQUIS DOS FRANJAS CELEST  2,321           2,322         03         20                           J-16084
X2CE    EQUIS DOS FRANJAS CELEST  2,304           2,305         27         20                           J-16085
X2CE    EQUIS DOS FRANJAS CELEST  2,301           2,302         03         20                           J-16086
X2CE    EQUIS DOS FRANJAS CELEST  2,225           2,226         03         20                           J-16087
X2CE    EQUIS DOS FRANJAS CELEST  2,179           2,180         09         20                           J-16088
X2CE    EQUIS DOS FRANJAS CELEST  2,433           2,434         09         20                           J-16089
X2CE    EQUIS DOS FRANJAS CELEST  2,298           2,299         09         20                           J-16090
X2CE    EQUIS DOS FRANJAS CELEST  2,296           2,297         24         20                           J-16091
X2CE    EQUIS DOS FRANJAS CELEST  2,230           2,231         24         20                           J-16092
X2CE    EQUIS DOS FRANJAS CELEST  2,291           2,292         24         20                           J-16093
X2CE    EQUIS DOS FRANJAS CELEST  2,552           2,553         03         20                           J-16094









EMPRESA NACIONAL DE MINERIA (ENM) PRODUCTOR          PACKING LIST                             PAG.  :   2
NATIONAL MINING COMPANY                       CODIGO DE LOTE   : J-16050                      FECHA :04/11/2019
                                              -----------------------------
FLUJO        : 
DESCRIPCION  : CATODOS GRADO A
N° INSTR. DE EMBARQUE : 25596
CLIENTE      : E.R. BERLIN
Lote Sipa    : 

----------------------------------------------------------------------------------------------------------------------------- 
MARCA       DESCRIPCION         PESO NETO      PESO BRUTO     GRUPO     UNIDADES       UBICACION         SERIE                
-----------------------------------------------------------------------------------------------------------------------------

X2CE    EQUIS DOS FRANJAS CELEST  2,188           2,189         24         20                           J-16095
X2CE    EQUIS DOS FRANJAS CELEST  2,210           2,211         09         20                           J-16096
X2CE    EQUIS DOS FRANJAS CELEST  2,237           2,238         09         20                           J-16097
X2CE    EQUIS DOS FRANJAS CELEST  2,437           2,438         09         20                           J-16098
X2CE    EQUIS DOS FRANJAS CELEST  2,466           2,467         09         20                           J-16099
X2CE    EQUIS DOS FRANJAS CELEST  2,272           2,273         09         20                           J-16100
X2CE    EQUIS DOS FRANJAS CELEST  2,360           2,361         09         20                           J-16101
X2CE    EQUIS DOS FRANJAS CELEST  2,475           2,476         03         20                           J-16102
X2CE    EQUIS DOS FRANJAS CELEST  2,571           2,572         03         20                           J-16103
X2CE    EQUIS DOS FRANJAS CELEST  2,256           2,257         03         20                           J-16104
X2CE    EQUIS DOS FRANJAS CELEST  2,390           2,391         09         20                           J-16105
X2CE    EQUIS DOS FRANJAS CELEST  2,293           2,294         09         20                           J-16106
X2CE    EQUIS DOS FRANJAS CELEST  2,393           2,394         09         20                           J-16107
X2CE    EQUIS DOS FRANJAS CELEST  2,136           2,137         09         20                           J-16108
X2CE    EQUIS DOS FRANJAS CELEST  2,192           2,193         09         20                           J-16109
X2CE    EQUIS DOS FRANJAS CELEST  2,329           2,330         09         20                           J-16110
X2CE    EQUIS DOS FRANJAS CELEST  2,182           2,183         09         20                           J-16111
X2CE    EQUIS DOS FRANJAS CELEST  2,335           2,336         09         20                           J-16112
X2CE    EQUIS DOS FRANJAS CELEST  2,334           2,335         09         20                           J-16113


------------------------------------------------------------------------------------------------------------------------
T.SUB-LOTES              TOT.PAQUETES =64      TOT.UNID. = 1280   T/P NETO (kg) = 149,843      T/P BRUTO (kg) = 149,907
------------------------------------------------------------------------------------------------------------------------
