
EMPRESA NACIONAL DE MINERIA (ENM) PRODUCTOR          PACKING LIST                             PAG.  :   1
NATIONAL MINING COMPANY                       CODIGO DE LOTE   : I-13334                      FECHA :07/10/2020
                                              -----------------------------
FLUJO        : 
DESCRIPCION  : CATODOS GRADO A
N° INSTR. DE EMBARQUE : 26215
CLIENTE      : CITY OF ALEXANDRIA
Lote Sipa    : 20090308

----------------------------------------------------------------------------------------------------------------------------- 
MARCA       DESCRIPCION         PESO NETO      PESO BRUTO     GRUPO     UNIDADES       UBICACION         SERIE                
-----------------------------------------------------------------------------------------------------------------------------

V2AM    V DOS FRANJAS AMARILLAS   2,398           2,399         41         20                           I-13334
V2AM    V DOS FRANJAS AMARILLAS   2,194           2,195         30         20                           I-13335
V2AM    V DOS FRANJAS AMARILLAS   1,983           1,984         44         20                           I-13336
V2AM    V DOS FRANJAS AMARILLAS   1,902           1,903         44         20                           I-13337
V2AM    V DOS FRANJAS AMARILLAS   2,075           2,076         44         20                           I-13338
V2AM    V DOS FRANJAS AMARILLAS   2,130           2,131         44         20                           I-13339
V2AM    V DOS FRANJAS AMARILLAS   1,946           1,947         44         20                           I-13340
V2AM    V DOS FRANJAS AMARILLAS   2,216           2,217         44         20                           I-13341
V2AM    V DOS FRANJAS AMARILLAS   2,108           2,109         44         20                           I-13342
V2AM    V DOS FRANJAS AMARILLAS   2,126           2,127         44         20                           I-13343
V2AM    V DOS FRANJAS AMARILLAS   2,252           2,253         44         20                           I-13344
V2AM    V DOS FRANJAS AMARILLAS   2,124           2,125         44         20                           I-13345
V2AM    V DOS FRANJAS AMARILLAS   1,904           1,905         44         20                           I-13346
V2AM    V DOS FRANJAS AMARILLAS   1,937           1,938         44         20                           I-13347
V2AM    V DOS FRANJAS AMARILLAS   1,930           1,931         44         20                           I-13348
V2AM    V DOS FRANJAS AMARILLAS   2,120           2,121         44         20                           I-13349
V2AM    V DOS FRANJAS AMARILLAS   2,136           2,137         44         20                           I-13350
V2AM    V DOS FRANJAS AMARILLAS   2,149           2,150         44         20                           I-13351
V2AM    V DOS FRANJAS AMARILLAS   2,160           2,161         44         20                           I-13352
V2AM    V DOS FRANJAS AMARILLAS   2,039           2,040         44         20                           I-13353
V2AM    V DOS FRANJAS AMARILLAS   2,085           2,086         35         20                           I-13354
V2AM    V DOS FRANJAS AMARILLAS   2,084           2,085         35         20                           I-13355
V2AM    V DOS FRANJAS AMARILLAS   2,027           2,028         44         20                           I-13356
V2AM    V DOS FRANJAS AMARILLAS   1,954           1,955         44         20                           I-13357
V2AM    V DOS FRANJAS AMARILLAS   2,142           2,143         44         20                           I-13358
V2AM    V DOS FRANJAS AMARILLAS   2,118           2,119         44         20                           I-13359
V2AM    V DOS FRANJAS AMARILLAS   2,030           2,031         44         20                           I-13360
V2AM    V DOS FRANJAS AMARILLAS   1,961           1,962         44         20                           I-13361
V2AM    V DOS FRANJAS AMARILLAS   2,018           2,019         44         20                           I-13362
V2AM    V DOS FRANJAS AMARILLAS   1,986           1,987         44         20                           I-13363
V2AM    V DOS FRANJAS AMARILLAS   2,092           2,093         44         20                           I-13364
V2AM    V DOS FRANJAS AMARILLAS   2,197           2,198         44         20                           I-13365
V2AM    V DOS FRANJAS AMARILLAS   2,073           2,074         44         20                           I-13366
V2AM    V DOS FRANJAS AMARILLAS   2,154           2,155         44         20                           I-13367
V2AM    V DOS FRANJAS AMARILLAS   1,947           1,948         44         20                           I-13368
V2AM    V DOS FRANJAS AMARILLAS   2,252           2,253         44         20                           I-13369
V2AM    V DOS FRANJAS AMARILLAS   2,205           2,206         44         20                           I-13370
V2AM    V DOS FRANJAS AMARILLAS   2,226           2,227         44         20                           I-13371
V2AM    V DOS FRANJAS AMARILLAS   2,225           2,226         44         20                           I-13372
V2AM    V DOS FRANJAS AMARILLAS   2,252           2,253         44         20                           I-13373
V2AM    V DOS FRANJAS AMARILLAS   2,055           2,056         44         20                           I-13374
V2AM    V DOS FRANJAS AMARILLAS   2,108           2,109         44         20                           I-13375
V2AM    V DOS FRANJAS AMARILLAS   1,972           1,973         35         20                           I-13376
V2AM    V DOS FRANJAS AMARILLAS   2,007           2,008         44         20                           I-13377
V2AM    V DOS FRANJAS AMARILLAS   1,931           1,932         44         20                           I-13378









EMPRESA NACIONAL DE MINERIA (ENM) PRODUCTOR          PACKING LIST                             PAG.  :   2
NATIONAL MINING COMPANY                       CODIGO DE LOTE   : I-13334                      FECHA :07/10/2020
                                              -----------------------------
FLUJO        : 
DESCRIPCION  : CATODOS GRADO A
N° INSTR. DE EMBARQUE : 26215
CLIENTE      : CITY OF ALEXANDRIA
Lote Sipa    : 20090308

----------------------------------------------------------------------------------------------------------------------------- 
MARCA       DESCRIPCION         PESO NETO      PESO BRUTO     GRUPO     UNIDADES       UBICACION         SERIE                
-----------------------------------------------------------------------------------------------------------------------------

V2AM    V DOS FRANJAS AMARILLAS   2,029           2,030         44         20                           I-13379
V2AM    V DOS FRANJAS AMARILLAS   1,975           1,976         44         20                           I-13380
V2AM    V DOS FRANJAS AMARILLAS   1,928           1,929         44         20                           I-13381


------------------------------------------------------------------------------------------------------------------------
T.SUB-LOTES              TOT.PAQUETES =48      TOT.UNID. = 960   T/P NETO (kg) = 99,862      T/P BRUTO (kg) = 99,910
------------------------------------------------------------------------------------------------------------------------
