
EMPRESA NACIONAL DE MINERIA (ENM) PRODUCTOR          PACKING LIST                             PAG.  :   1
NATIONAL MINING COMPANY                       CODIGO DE LOTE   : L-2851                      FECHA :24/12/2019
                                              -----------------------------
FLUJO        : 
DESCRIPCION  : CATODOS EW CERRO NEGRO
N° INSTR. DE EMBARQUE : 25631
CLIENTE      : LEXA MAERSK
Lote Sipa    : 19110275

----------------------------------------------------------------------------------------------------------------------------- 
MARCA       DESCRIPCION         PESO NETO      PESO BRUTO     GRUPO     UNIDADES       UBICACION         SERIE                
-----------------------------------------------------------------------------------------------------------------------------

01NE    FRANJA NEGRA              2,050           2,051                    36                           L-2851 
01NE    FRANJA NEGRA              1,973           1,974                    35                           L-2852 
01NE    FRANJA NEGRA              2,040           2,041                    35                           L-2853 
01NE    FRANJA NEGRA              2,025           2,026                    34                           L-2854 
01NE    FRANJA NEGRA              1,982           1,983                    34                           L-2855 
01NE    FRANJA NEGRA              1,978           1,979                    35                           L-2856 
01NE    FRANJA NEGRA              1,986           1,987                    33                           L-2857 
01NE    FRANJA NEGRA              1,880           1,881                    33                           L-2858 
01NE    FRANJA NEGRA              2,052           2,053                    35                           L-2859 
01NE    FRANJA NEGRA              1,968           1,969                    36                           L-2860 
01NE    FRANJA NEGRA              1,986           1,987                    34                           L-2861 
01NE    FRANJA NEGRA              2,043           2,044                    34                           L-2862 
01NE    FRANJA NEGRA              2,047           2,048                    34                           L-2863 
01NE    FRANJA NEGRA              2,027           2,028                    36                           L-2864 
01NE    FRANJA NEGRA              2,037           2,038                    36                           L-2865 
01NE    FRANJA NEGRA              2,004           2,005                    37                           L-2916 
01NE    FRANJA NEGRA              2,019           2,020                    37                           L-2917 
01NE    FRANJA NEGRA              2,031           2,032                    34                           L-2918 
01NE    FRANJA NEGRA              2,015           2,016                    33                           L-2919 
01NE    FRANJA NEGRA              2,017           2,018                    35                           L-2920 
01NE    FRANJA NEGRA              2,018           2,019                    36                           L-2921 
01NE    FRANJA NEGRA              2,000           2,001                    36                           L-2922 
01NE    FRANJA NEGRA              2,033           2,034                    36                           L-2923 
01NE    FRANJA NEGRA              2,071           2,072                    35                           L-2924 
01NE    FRANJA NEGRA              2,027           2,028                    35                           L-2925 
01NE    FRANJA NEGRA              1,978           1,979                    33                           L-2926 
01NE    FRANJA NEGRA              2,004           2,005                    34                           L-2927 
01NE    FRANJA NEGRA              2,047           2,048                    37                           L-2928 
01NE    FRANJA NEGRA              1,829           1,830                    33                           L-2929 
01NE    FRANJA NEGRA              2,005           2,006                    35                           L-2930 
01NE    FRANJA NEGRA              2,030           2,031                    34                           L-2932 
01NE    FRANJA NEGRA              2,012           2,013                    34                           L-2933 
01NE    FRANJA NEGRA              2,047           2,048                    35                           L-2934 
01NE    FRANJA NEGRA              1,987           1,988                    37                           L-2935 
01NE    FRANJA NEGRA              1,975           1,976                    35                           L-2936 
01NE    FRANJA NEGRA              2,061           2,062                    36                           L-2937 
01NE    FRANJA NEGRA              1,999           2,000                    36                           L-2938 
01NE    FRANJA NEGRA              2,008           2,009                    34                           L-2939 
01NE    FRANJA NEGRA              1,961           1,962                    36                           L-2940 
01NE    FRANJA NEGRA              2,039           2,040                    36                           L-2941 
01NE    FRANJA NEGRA              1,999           2,000                    33                           L-2942 
01NE    FRANJA NEGRA              2,002           2,003                    33                           L-2943 
01NE    FRANJA NEGRA              1,993           1,994                    34                           L-2944 
01NE    FRANJA NEGRA              2,001           2,002                    35                           L-2945 
01NE    FRANJA NEGRA              1,977           1,978                    34                           L-2946 


------------------------------------------------------------------------------------------------------------------------
T.SUB-LOTES              TOT.PAQUETES =45      TOT.UNID. = 1568   T/P NETO (kg) = 90,263      T/P BRUTO (kg) = 90,308
------------------------------------------------------------------------------------------------------------------------
