
EMPRESA NACIONAL DE MINERIA (ENM) PRODUCTOR          PACKING LIST                             PAG.  :   1
NATIONAL MINING COMPANY                       CODIGO DE LOTE   : D-8640                      FECHA :15/04/2020
                                              -----------------------------
FLUJO        : 
DESCRIPCION  : CATODOS GRADO A
N° INSTR. DE EMBARQUE : 59220
CLIENTE      : CODELCO
Lote Sipa    : 20040272

----------------------------------------------------------------------------------------------------------------------------- 
MARCA       DESCRIPCION         PESO NETO      PESO BRUTO     GRUPO     UNIDADES       UBICACION         SERIE                
-----------------------------------------------------------------------------------------------------------------------------

02NE    DOS FRANJAS NEGRAS        2,460           2,461         26         20                           D-8640 
02NE    DOS FRANJAS NEGRAS        2,392           2,393         05         20                           D-8641 
02NE    DOS FRANJAS NEGRAS        2,425           2,426         43         20                           D-8642 
02NE    DOS FRANJAS NEGRAS        2,448           2,449         05         20                           D-8643 
02NE    DOS FRANJAS NEGRAS        2,424           2,425         43         20                           D-8644 
02NE    DOS FRANJAS NEGRAS        2,473           2,474         05         20                           D-8645 
02NE    DOS FRANJAS NEGRAS        2,468           2,469         05         20                           D-8646 
02NE    DOS FRANJAS NEGRAS        2,495           2,496         05         20                           D-8647 
02NE    DOS FRANJAS NEGRAS        2,366           2,367         43         20                           D-8648 
02NE    DOS FRANJAS NEGRAS        2,458           2,459         05         20                           D-8649 
02NE    DOS FRANJAS NEGRAS        2,416           2,417         26         20                           D-8650 
02NE    DOS FRANJAS NEGRAS        2,550           2,551         26         20                           D-8651 
02NE    DOS FRANJAS NEGRAS        2,389           2,390         43         20                           D-8652 
02NE    DOS FRANJAS NEGRAS        2,420           2,421         43         20                           D-8653 
02NE    DOS FRANJAS NEGRAS        2,589           2,590         26         20                           D-8654 
02NE    DOS FRANJAS NEGRAS        2,486           2,487         26         20                           D-8655 
02NE    DOS FRANJAS NEGRAS        2,461           2,462         26         20                           D-8656 
02NE    DOS FRANJAS NEGRAS        2,129           2,130         20         20                           D-8657 
02NE    DOS FRANJAS NEGRAS        2,361           2,362         05         20                           D-8658 
02NE    DOS FRANJAS NEGRAS        2,343           2,344         43         20                           D-8659 
02NE    DOS FRANJAS NEGRAS        2,437           2,438         26         20                           D-8660 
02NE    DOS FRANJAS NEGRAS        2,316           2,317         20         20                           D-8661 
02NE    DOS FRANJAS NEGRAS        2,233           2,234         13         20                           D-8662 
02NE    DOS FRANJAS NEGRAS        2,665           2,666         26         20                           D-8663 
02NE    DOS FRANJAS NEGRAS        2,610           2,611         26         20                           D-8664 
02NE    DOS FRANJAS NEGRAS        2,347           2,348         20         20                           D-8665 
02NE    DOS FRANJAS NEGRAS        2,222           2,223         13         20                           D-8666 
02NE    DOS FRANJAS NEGRAS        2,503           2,504         26         20                           D-8667 
02NE    DOS FRANJAS NEGRAS        2,249           2,250         13         20                           D-8668 
02NE    DOS FRANJAS NEGRAS        2,274           2,275         20         20                           D-8669 
02NE    DOS FRANJAS NEGRAS        2,264           2,265         13         20                           D-8670 
02NE    DOS FRANJAS NEGRAS        2,515           2,516         26         20                           D-8671 
02NE    DOS FRANJAS NEGRAS        2,290           2,291         13         20                           D-8672 
02NE    DOS FRANJAS NEGRAS        2,248           2,249         13         20                           D-8673 
02NE    DOS FRANJAS NEGRAS        2,255           2,256         20         20                           D-8674 
02NE    DOS FRANJAS NEGRAS        2,380           2,381         20         20                           D-8675 
02NE    DOS FRANJAS NEGRAS        2,230           2,231         13         20                           D-8676 
02NE    DOS FRANJAS NEGRAS        2,138           2,139         20         20                           D-8677 
02NE    DOS FRANJAS NEGRAS        2,455           2,456         20         20                           D-8678 
02NE    DOS FRANJAS NEGRAS        2,377           2,378         20         20                           D-8679 
02NE    DOS FRANJAS NEGRAS        2,511           2,512         26         20                           D-8680 
02NE    DOS FRANJAS NEGRAS        2,308           2,309         13         20                           D-8681 
02NE    DOS FRANJAS NEGRAS        2,234           2,235         26         20                           D-8682 
02NE    DOS FRANJAS NEGRAS        2,504           2,505         26         20                           D-8683 
02NE    DOS FRANJAS NEGRAS        2,408           2,409         20         20                           D-8684 









EMPRESA NACIONAL DE MINERIA (ENM) PRODUCTOR          PACKING LIST                             PAG.  :   2
NATIONAL MINING COMPANY                       CODIGO DE LOTE   : D-8640                      FECHA :15/04/2020
                                              -----------------------------
FLUJO        : 
DESCRIPCION  : CATODOS GRADO A
N° INSTR. DE EMBARQUE : 59220
CLIENTE      : CODELCO
Lote Sipa    : 20040272

----------------------------------------------------------------------------------------------------------------------------- 
MARCA       DESCRIPCION         PESO NETO      PESO BRUTO     GRUPO     UNIDADES       UBICACION         SERIE                
-----------------------------------------------------------------------------------------------------------------------------

02NE    DOS FRANJAS NEGRAS        2,560           2,561         20         20                           D-8685 
02NE    DOS FRANJAS NEGRAS        2,313           2,314         20         20                           D-8686 
02NE    DOS FRANJAS NEGRAS        2,409           2,410         20         20                           D-8687 
02NE    DOS FRANJAS NEGRAS        2,263           2,264         13         20                           D-8688 
02NE    DOS FRANJAS NEGRAS        2,484           2,485         26         20                           D-8689 
02NE    DOS FRANJAS NEGRAS        2,230           2,231         05         20                           D-8690 
02NE    DOS FRANJAS NEGRAS        2,380           2,381         26         20                           D-8691 
02NE    DOS FRANJAS NEGRAS        2,504           2,505         26         20                           D-8692 
02NE    DOS FRANJAS NEGRAS        2,282           2,283         26         20                           D-8693 
02NE    DOS FRANJAS NEGRAS        2,385           2,386         26         20                           D-8694 
02NE    DOS FRANJAS NEGRAS        2,208           2,209         20         20                           D-8695 
02NE    DOS FRANJAS NEGRAS        2,403           2,404         26         20                           D-8696 
02NE    DOS FRANJAS NEGRAS        2,085           2,086         26         20                           D-8697 
02NE    DOS FRANJAS NEGRAS        2,392           2,393         20         20                           D-8698 
02NE    DOS FRANJAS NEGRAS        2,378           2,379         39         20                           D-8699 
02NE    DOS FRANJAS NEGRAS        2,401           2,402         20         20                           D-8700 
02NE    DOS FRANJAS NEGRAS        2,257           2,258         39         20                           D-8701 
02NE    DOS FRANJAS NEGRAS        2,294           2,295         20         20                           D-8702 
02NE    DOS FRANJAS NEGRAS        2,247           2,248         20         20                           D-8703 
02NE    DOS FRANJAS NEGRAS        2,379           2,380         20         20                           D-8704 
02NE    DOS FRANJAS NEGRAS        2,291           2,292         39         20                           D-8705 
02NE    DOS FRANJAS NEGRAS        2,408           2,409         20         20                           D-8706 
02NE    DOS FRANJAS NEGRAS        2,307           2,308         39         20                           D-8707 
02NE    DOS FRANJAS NEGRAS        2,392           2,393         20         20                           D-8708 
02NE    DOS FRANJAS NEGRAS        2,451           2,452         39         20                           D-8709 
02NE    DOS FRANJAS NEGRAS        2,289           2,290         39         20                           D-8710 
02NE    DOS FRANJAS NEGRAS        2,164           2,165         39         20                           D-8711 
02NE    DOS FRANJAS NEGRAS        2,124           2,125         39         20                           D-8712 
02NE    DOS FRANJAS NEGRAS        2,403           2,404         20         20                           D-8713 
02NE    DOS FRANJAS NEGRAS        2,187           2,188         20         20                           D-8714 
02NE    DOS FRANJAS NEGRAS        2,012           2,013         39         20                           D-8715 
02NE    DOS FRANJAS NEGRAS        2,361           2,362         39         20                           D-8716 
02NE    DOS FRANJAS NEGRAS        2,252           2,253         39         20                           D-8717 
02NE    DOS FRANJAS NEGRAS        2,387           2,388         39         20                           D-8718 
02NE    DOS FRANJAS NEGRAS        2,336           2,337         20         20                           D-8719 
02NE    DOS FRANJAS NEGRAS        2,229           2,230         20         20                           D-8720 
02NE    DOS FRANJAS NEGRAS        2,222           2,223         39         20                           D-8721 
02NE    DOS FRANJAS NEGRAS        2,286           2,287         20         20                           D-8722 
02NE    DOS FRANJAS NEGRAS        2,291           2,292         20         20                           D-8723 
02NE    DOS FRANJAS NEGRAS        2,101           2,102         39         20                           D-8724 


------------------------------------------------------------------------------------------------------------------------
T.SUB-LOTES              TOT.PAQUETES =85      TOT.UNID. = 1700   T/P NETO (kg) = 199,873      T/P BRUTO (kg) = 199,958
------------------------------------------------------------------------------------------------------------------------
