
EMPRESA NACIONAL DE MINERIA (ENM) PRODUCTOR          PACKING LIST                             PAG.  :   1
NATIONAL MINING COMPANY                       CODIGO DE LOTE   : M-1455                      FECHA :09/01/2019
                                              -----------------------------
FLUJO        : 
DESCRIPCION  : LAMINAS RECHAZADAS SIN OREJAS
N° INSTR. DE EMBARQUE : 56973
CLIENTE      : 
Lote Sipa    : 

----------------------------------------------------------------------------------------------------------------------------- 
MARCA       DESCRIPCION         PESO NETO      PESO BRUTO     GRUPO     UNIDADES       UBICACION         SERIE                
-----------------------------------------------------------------------------------------------------------------------------

03VE    TRES FRANJAS VERDES       1,827           1,828                     1                           M-1455 
03VE    TRES FRANJAS VERDES       1,647           1,648                     1                           M-1456 
03VE    TRES FRANJAS VERDES       1,671           1,672                     1                           M-1457 
03VE    TRES FRANJAS VERDES       1,907           1,908                     1                           M-1458 
03VE    TRES FRANJAS VERDES       1,953           1,954                     1                           M-1459 
03VE    TRES FRANJAS VERDES       1,849           1,850                     1                           M-1460 
03VE    TRES FRANJAS VERDES       1,943           1,944                     1                           M-1461 
03VE    TRES FRANJAS VERDES       1,909           1,910                     1                           M-1462 
03VE    TRES FRANJAS VERDES       1,999           2,000                     1                           M-1463 
03VE    TRES FRANJAS VERDES       1,908           1,909                     1                           M-1464 
03VE    TRES FRANJAS VERDES       1,971           1,972                     1                           M-1465 
03VE    TRES FRANJAS VERDES       1,945           1,946                     1                           M-1466 
03VE    TRES FRANJAS VERDES       1,998           1,999                     1                           M-1467 
03VE    TRES FRANJAS VERDES       1,608           1,609                     1                           M-1486 
03VE    TRES FRANJAS VERDES       1,687           1,688                     1                           M-1487 
03VE    TRES FRANJAS VERDES       1,607           1,608                     1                           M-1488 
03VE    TRES FRANJAS VERDES       1,989           1,990                     1                           M-1489 
03VE    TRES FRANJAS VERDES       1,845           1,846                     1                           M-1490 
03VE    TRES FRANJAS VERDES       1,981           1,982                     1                           M-1491 
03VE    TRES FRANJAS VERDES       1,983           1,984                     1                           M-1492 
03VE    TRES FRANJAS VERDES       1,663           1,664                     1                           M-1493 
03VE    TRES FRANJAS VERDES       1,893           1,894                     1                           M-1494 
03VE    TRES FRANJAS VERDES       1,856           1,857                     1                           M-1495 
03VE    TRES FRANJAS VERDES       1,611           1,612                     1                           M-1496 
03VE    TRES FRANJAS VERDES       1,800           1,801                     1                           M-1497 
03VE    TRES FRANJAS VERDES       1,533           1,534                     1                           M-1498 
03VE    TRES FRANJAS VERDES       1,942           1,943                     1                           M-1499 


------------------------------------------------------------------------------------------------------------------------
T.SUB-LOTES              TOT.PAQUETES =27      TOT.UNID. = 27   T/P NETO (kg) = 49,525      T/P BRUTO (kg) = 49,552
------------------------------------------------------------------------------------------------------------------------
