
EMPRESA NACIONAL DE MINERIA (ENM) PRODUCTOR          PACKING LIST                             PAG.  :   1
NATIONAL MINING COMPANY                       CODIGO DE LOTE   : L-1600                      FECHA :31/12/2020
                                              -----------------------------
FLUJO        : 
DESCRIPCION  : CATODOS EW EL SALADO
N° INSTR. DE EMBARQUE : 26388
CLIENTE      : MOL BEACON
Lote Sipa    : 20110190

----------------------------------------------------------------------------------------------------------------------------- 
MARCA       DESCRIPCION         PESO NETO      PESO BRUTO     GRUPO     UNIDADES       UBICACION         SERIE                
-----------------------------------------------------------------------------------------------------------------------------

01RJ    FRANJA ROJA               1,934           1,935                    94                           L-1600 
01RJ    FRANJA ROJA               1,997           1,998                    90                           L-1601 
01RJ    FRANJA ROJA               2,045           2,046                    108                          L-1602 
01RJ    FRANJA ROJA               2,022           2,023                    90                           L-1603 
01RJ    FRANJA ROJA               2,031           2,032                    86                           L-1604 
01RJ    FRANJA ROJA               2,025           2,026                    93                           L-1605 
01RJ    FRANJA ROJA               2,007           2,008                    85                           L-1606 
01RJ    FRANJA ROJA               1,997           1,998                    98                           L-1607 
01RJ    FRANJA ROJA               1,950           1,951                    75                           L-1608 
01RJ    FRANJA ROJA               2,039           2,040                    119                          L-1609 
01RJ    FRANJA ROJA               2,019           2,020                    102                          L-1610 
01RJ    FRANJA ROJA               2,012           2,013                    77                           L-1611 
01RJ    FRANJA ROJA               1,984           1,985                    95                           L-1612 
01RJ    FRANJA ROJA               2,042           2,043                    98                           L-1613 
01RJ    FRANJA ROJA               1,955           1,956                    75                           L-1616 
01RJ    FRANJA ROJA               1,950           1,951                    99                           L-1617 
01RJ    FRANJA ROJA               2,051           2,052                    105                          L-1618 
01RJ    FRANJA ROJA               1,981           1,982                    85                           L-1619 
01RJ    FRANJA ROJA               2,037           2,038                    90                           L-1620 
01RJ    FRANJA ROJA               1,948           1,949                    82                           L-1621 
01RJ    FRANJA ROJA               2,009           2,010                    88                           L-1622 
01RJ    FRANJA ROJA               2,046           2,047                    85                           L-1623 
01RJ    FRANJA ROJA               2,030           2,031                    83                           L-1624 
01RJ    FRANJA ROJA               1,954           1,955                    88                           L-1625 
01RJ    FRANJA ROJA               2,026           2,027                    92                           L-1626 
01RJ    FRANJA ROJA               2,050           2,051                    67                           L-1627 
01RJ    FRANJA ROJA               2,031           2,032                    76                           L-1628 
01RJ    FRANJA ROJA               1,943           1,944                    82                           L-1629 
01RJ    FRANJA ROJA               1,995           1,996                    75                           L-1662 
01RJ    FRANJA ROJA               1,950           1,951                    77                           L-1663 
01RJ    FRANJA ROJA               2,040           2,041                    79                           L-1664 
01RJ    FRANJA ROJA               1,960           1,961                    78                           L-1665 
01RJ    FRANJA ROJA               1,990           1,991                    105                          L-1666 
01RJ    FRANJA ROJA               2,025           2,026                    112                          L-1667 
01RJ    FRANJA ROJA               2,001           2,002                    110                          L-1668 
01RJ    FRANJA ROJA               1,949           1,950                    74                           L-1669 
01RJ    FRANJA ROJA               2,035           2,036                    94                           L-1670 
01RJ    FRANJA ROJA               2,031           2,032                    83                           L-1671 
01RJ    FRANJA ROJA               2,008           2,009                    77                           L-1672 
01RJ    FRANJA ROJA               1,950           1,951                    108                          L-1673 
01RJ    FRANJA ROJA               1,963           1,964                    108                          L-1674 
01RJ    FRANJA ROJA               2,034           2,035                    87                           L-1675 
01RJ    FRANJA ROJA               1,962           1,963                    75                           L-1677 
01RJ    FRANJA ROJA               1,981           1,982                    105                          L-1678 
01RJ    FRANJA ROJA               1,999           2,000                    106                          L-1679 









EMPRESA NACIONAL DE MINERIA (ENM) PRODUCTOR          PACKING LIST                             PAG.  :   2
NATIONAL MINING COMPANY                       CODIGO DE LOTE   : L-1600                      FECHA :31/12/2020
                                              -----------------------------
FLUJO        : 
DESCRIPCION  : CATODOS EW EL SALADO
N° INSTR. DE EMBARQUE : 26388
CLIENTE      : MOL BEACON
Lote Sipa    : 20110190

----------------------------------------------------------------------------------------------------------------------------- 
MARCA       DESCRIPCION         PESO NETO      PESO BRUTO     GRUPO     UNIDADES       UBICACION         SERIE                
-----------------------------------------------------------------------------------------------------------------------------

01RJ    FRANJA ROJA               2,047           2,048                    110                          L-1680 
01RJ    FRANJA ROJA               1,988           1,989                    102                          L-1681 
01RJ    FRANJA ROJA               1,972           1,973                    110                          L-1682 
01RJ    FRANJA ROJA               1,993           1,994                    88                           L-1683 
01RJ    FRANJA ROJA               1,950           1,951                    110                          L-1684 
01RJ    FRANJA ROJA               1,991           1,992                    76                           L-1685 
01RJ    FRANJA ROJA               2,021           2,022                    106                          L-1686 
01RJ    FRANJA ROJA               2,046           2,047                    85                           L-1687 
01RJ    FRANJA ROJA               1,945           1,946                    84                           L-1688 
01RJ    FRANJA ROJA               2,036           2,037                    79                           L-1689 
01RJ    FRANJA ROJA               1,986           1,987                    82                           L-1690 
01RJ    FRANJA ROJA               2,068           2,069                    84                           L-1707 
01RJ    FRANJA ROJA               1,970           1,971                    89                           L-1708 
01RJ    FRANJA ROJA               1,997           1,998                    97                           L-1709 
01RJ    FRANJA ROJA               2,051           2,052                    84                           L-1710 
01RJ    FRANJA ROJA               1,979           1,980                    71                           L-1711 
01RJ    FRANJA ROJA               2,041           2,042                    94                           L-1712 
01RJ    FRANJA ROJA               2,009           2,010                    92                           L-1713 
01RJ    FRANJA ROJA               1,969           1,970                    92                           L-1714 
01RJ    FRANJA ROJA               2,002           2,003                    83                           L-1715 
01RJ    FRANJA ROJA               1,985           1,986                    98                           L-1716 
01RJ    FRANJA ROJA               1,973           1,974                    100                          L-1717 
01RJ    FRANJA ROJA               1,990           1,991                    89                           L-1718 
01RJ    FRANJA ROJA               1,996           1,997                    97                           L-1719 
01RJ    FRANJA ROJA               2,030           2,031                    102                          L-1720 
01RJ    FRANJA ROJA               1,955           1,956                    82                           L-1722 
01RJ    FRANJA ROJA               2,050           2,051                    90                           L-1723 
01RJ    FRANJA ROJA               1,949           1,950                    74                           L-1724 
01RJ    FRANJA ROJA               1,969           1,970                    83                           L-1725 
01RJ    FRANJA ROJA               1,987           1,988                    85                           L-1726 
01RJ    FRANJA ROJA               2,054           2,055                    87                           L-1727 
01RJ    FRANJA ROJA               2,027           2,028                    82                           L-1728 
01RJ    FRANJA ROJA               2,040           2,041                    86                           L-1729 
01RJ    FRANJA ROJA               2,024           2,025                    71                           L-1730 
01RJ    FRANJA ROJA               1,979           1,980                    84                           L-1731 
01RJ    FRANJA ROJA               1,976           1,977                    80                           L-1732 
01RJ    FRANJA ROJA               1,959           1,960                    75                           L-1733 
01RJ    FRANJA ROJA               2,037           2,038                    93                           L-1734 
01RJ    FRANJA ROJA               1,979           1,980                    87                           L-1735 
01RJ    FRANJA ROJA               2,038           2,039                    84                           L-1833 
01RJ    FRANJA ROJA               2,029           2,030                    85                           L-1834 
01RJ    FRANJA ROJA               1,985           1,986                    82                           L-1835 
01RJ    FRANJA ROJA               2,049           2,050                    86                           L-1836 
01RJ    FRANJA ROJA               2,026           2,027                    84                           L-1837 
01RJ    FRANJA ROJA               2,014           2,015                    105                          L-1838 









EMPRESA NACIONAL DE MINERIA (ENM) PRODUCTOR          PACKING LIST                             PAG.  :   3
NATIONAL MINING COMPANY                       CODIGO DE LOTE   : L-1600                      FECHA :31/12/2020
                                              -----------------------------
FLUJO        : 
DESCRIPCION  : CATODOS EW EL SALADO
N° INSTR. DE EMBARQUE : 26388
CLIENTE      : MOL BEACON
Lote Sipa    : 20110190

----------------------------------------------------------------------------------------------------------------------------- 
MARCA       DESCRIPCION         PESO NETO      PESO BRUTO     GRUPO     UNIDADES       UBICACION         SERIE                
-----------------------------------------------------------------------------------------------------------------------------

01RJ    FRANJA ROJA               1,987           1,988                    90                           L-1839 
01RJ    FRANJA ROJA               2,027           2,028                    97                           L-1840 
01RJ    FRANJA ROJA               2,024           2,025                    108                          L-1841 
01RJ    FRANJA ROJA               2,005           2,006                    82                           L-1842 
01RJ    FRANJA ROJA               2,009           2,010                    95                           L-1843 
01RJ    FRANJA ROJA               2,032           2,033                    92                           L-1844 
01RJ    FRANJA ROJA               1,971           1,972                    105                          L-1845 
01RJ    FRANJA ROJA               1,963           1,964                    103                          L-1846 


------------------------------------------------------------------------------------------------------------------------
T.SUB-LOTES              TOT.PAQUETES =98      TOT.UNID. = 8821   T/P NETO (kg) = 196,167      T/P BRUTO (kg) = 196,265
------------------------------------------------------------------------------------------------------------------------
