
EMPRESA NACIONAL DE MINERIA (ENM) PRODUCTOR          PACKING LIST                             PAG.  :   1
NATIONAL MINING COMPANY                       CODIGO DE LOTE   : D-2078                      FECHA :24/05/2021
                                              -----------------------------
FLUJO        : 
DESCRIPCION  : CATODOS EW TALTAL
N° INSTR. DE EMBARQUE : 26670
CLIENTE      : CARLOTTA STAR
Lote Sipa    : 21040280

----------------------------------------------------------------------------------------------------------------------------- 
MARCA       DESCRIPCION         PESO NETO      PESO BRUTO     GRUPO     UNIDADES       UBICACION         SERIE                
-----------------------------------------------------------------------------------------------------------------------------

01AM    FRANJA AMARILLA           2,009           2,010                    65                           D-2078 
01AM    FRANJA AMARILLA           2,020           2,021                    74                           D-2079 
01AM    FRANJA AMARILLA           2,017           2,018                    74                           D-2080 
01AM    FRANJA AMARILLA           2,013           2,014                    72                           D-2081 
01AM    FRANJA AMARILLA           2,000           2,001                    70                           D-2082 
01AM    FRANJA AMARILLA           2,013           2,014                    72                           D-2083 
01AM    FRANJA AMARILLA           1,994           1,995                    72                           D-2084 
01AM    FRANJA AMARILLA           2,018           2,019                    76                           D-2085 
01AM    FRANJA AMARILLA           2,000           2,001                    79                           D-2086 
01AM    FRANJA AMARILLA           1,994           1,995                    69                           D-2087 
01AM    FRANJA AMARILLA           2,014           2,015                    74                           D-2088 
01AM    FRANJA AMARILLA           2,008           2,009                    83                           D-2089 
01AM    FRANJA AMARILLA           2,020           2,021                    63                           D-2090 
01AM    FRANJA AMARILLA           2,018           2,019                    78                           D-2122 
01AM    FRANJA AMARILLA           2,009           2,010                    80                           D-2123 
01AM    FRANJA AMARILLA           2,016           2,017                    74                           D-2124 
01AM    FRANJA AMARILLA           2,012           2,013                    76                           D-2125 
01AM    FRANJA AMARILLA           2,010           2,011                    67                           D-2126 
01AM    FRANJA AMARILLA           2,016           2,017                    74                           D-2127 
01AM    FRANJA AMARILLA           2,016           2,017                    70                           D-2128 
01AM    FRANJA AMARILLA           2,004           2,005                    70                           D-2129 
01AM    FRANJA AMARILLA           2,007           2,008                    78                           D-2130 
01AM    FRANJA AMARILLA           2,027           2,028                    74                           D-2131 
01AM    FRANJA AMARILLA           2,004           2,005                    80                           D-2132 
01AM    FRANJA AMARILLA           2,015           2,016                    71                           D-2133 
01AM    FRANJA AMARILLA           2,006           2,007                    75                           D-2134 
01AM    FRANJA AMARILLA           2,008           2,009                    73                           D-2135 
01AM    FRANJA AMARILLA           2,018           2,019                    77                           D-2137 
01AM    FRANJA AMARILLA           2,011           2,012                    83                           D-2138 
01AM    FRANJA AMARILLA           2,008           2,009                    78                           D-2139 
01AM    FRANJA AMARILLA           2,002           2,003                    70                           D-2140 
01AM    FRANJA AMARILLA           1,996           1,997                    70                           D-2141 
01AM    FRANJA AMARILLA           2,000           2,001                    71                           D-2142 
01AM    FRANJA AMARILLA           2,020           2,021                    69                           D-2143 
01AM    FRANJA AMARILLA           2,008           2,009                    81                           D-2144 
01AM    FRANJA AMARILLA           2,018           2,019                    82                           D-2145 
01AM    FRANJA AMARILLA           2,019           2,020                    78                           D-2146 
01AM    FRANJA AMARILLA           2,007           2,008                    75                           D-2147 
01AM    FRANJA AMARILLA           1,999           2,000                    73                           D-2148 
01AM    FRANJA AMARILLA           2,017           2,018                    67                           D-2149 
01AM    FRANJA AMARILLA           2,022           2,023                    61                           D-2150 
01AM    FRANJA AMARILLA           2,009           2,010                    71                           D-2152 
01AM    FRANJA AMARILLA           2,015           2,016                    65                           D-2153 
01AM    FRANJA AMARILLA           2,004           2,005                    70                           D-2154 
01AM    FRANJA AMARILLA           2,009           2,010                    75                           D-2155 









EMPRESA NACIONAL DE MINERIA (ENM) PRODUCTOR          PACKING LIST                             PAG.  :   2
NATIONAL MINING COMPANY                       CODIGO DE LOTE   : D-2078                      FECHA :24/05/2021
                                              -----------------------------
FLUJO        : 
DESCRIPCION  : CATODOS EW TALTAL
N° INSTR. DE EMBARQUE : 26670
CLIENTE      : CARLOTTA STAR
Lote Sipa    : 21040280

----------------------------------------------------------------------------------------------------------------------------- 
MARCA       DESCRIPCION         PESO NETO      PESO BRUTO     GRUPO     UNIDADES       UBICACION         SERIE                
-----------------------------------------------------------------------------------------------------------------------------

01AM    FRANJA AMARILLA           2,009           2,010                    73                           D-2156 
01AM    FRANJA AMARILLA           2,019           2,020                    74                           D-2157 
01AM    FRANJA AMARILLA           2,026           2,027                    69                           D-2158 
01AM    FRANJA AMARILLA           2,002           2,003                    76                           D-2159 
01AM    FRANJA AMARILLA           2,004           2,005                    66                           D-2160 
01AM    FRANJA AMARILLA           2,025           2,026                    70                           D-2161 
01AM    FRANJA AMARILLA           2,003           2,004                    75                           D-2162 
01AM    FRANJA AMARILLA           2,024           2,025                    67                           D-2163 
01AM    FRANJA AMARILLA           2,030           2,031                    67                           D-2164 
01AM    FRANJA AMARILLA           2,013           2,014                    73                           D-2165 


------------------------------------------------------------------------------------------------------------------------
T.SUB-LOTES              TOT.PAQUETES =55      TOT.UNID. = 4009   T/P NETO (kg) = 110,625      T/P BRUTO (kg) = 110,680
------------------------------------------------------------------------------------------------------------------------
