
EMPRESA NACIONAL DE MINERIA (ENM) PRODUCTOR          PACKING LIST                             PAG.  :   1
NATIONAL MINING COMPANY                       CODIGO DE LOTE   : G-10564                      FECHA :06/08/2019
                                              -----------------------------
FLUJO        : 
DESCRIPCION  : CATODOS GRADO A
N° INSTR. DE EMBARQUE : 57980
CLIENTE      : CISNES
Lote Sipa    : 19070403

----------------------------------------------------------------------------------------------------------------------------- 
MARCA       DESCRIPCION         PESO NETO      PESO BRUTO     GRUPO     UNIDADES       UBICACION         SERIE                
-----------------------------------------------------------------------------------------------------------------------------

01RJ    FRANJA ROJA               2,337           2,338         17         20                           G-10564
01RJ    FRANJA ROJA               2,239           2,240         17         20                           G-10565
01RJ    FRANJA ROJA               2,160           2,161         31         20                           G-10566
01RJ    FRANJA ROJA               2,411           2,412         31         20                           G-10567
01RJ    FRANJA ROJA               2,220           2,221         31         20                           G-10568
01RJ    FRANJA ROJA               2,333           2,334         33         20                           G-10569
01RJ    FRANJA ROJA               2,440           2,441         33         20                           G-10570
01RJ    FRANJA ROJA               2,140           2,141         33         20                           G-10571
01RJ    FRANJA ROJA               2,417           2,418         33         20                           G-10572
01RJ    FRANJA ROJA               2,271           2,272         31         20                           G-10573
01RJ    FRANJA ROJA               2,443           2,444         31         20                           G-10574
01RJ    FRANJA ROJA               2,226           2,227         33         20                           G-10575
01RJ    FRANJA ROJA               2,275           2,276         33         20                           G-10576
01RJ    FRANJA ROJA               2,325           2,326         33         20                           G-10577
01RJ    FRANJA ROJA               2,417           2,418         33         20                           G-10578
01RJ    FRANJA ROJA               2,462           2,463         33         20                           G-10579
01RJ    FRANJA ROJA               2,471           2,472         33         20                           G-10580
01RJ    FRANJA ROJA               2,321           2,322         33         20                           G-10581
01RJ    FRANJA ROJA               2,419           2,420         12         20                           G-10582
01RJ    FRANJA ROJA               2,549           2,550         12         20                           G-10583
01RJ    FRANJA ROJA               2,360           2,361         12         20                           G-10584
01RJ    FRANJA ROJA               2,330           2,331         12         20                           G-10585
01RJ    FRANJA ROJA               2,515           2,516         12         20                           G-10586
01RJ    FRANJA ROJA               2,266           2,267         12         20                           G-10587
01RJ    FRANJA ROJA               2,181           2,182         12         20                           G-10588
01RJ    FRANJA ROJA               2,483           2,484         12         20                           G-10589
01RJ    FRANJA ROJA               2,338           2,339         12         20                           G-10590
01RJ    FRANJA ROJA               2,239           2,240         12         20                           G-10591
01RJ    FRANJA ROJA               2,360           2,361         12         20                           G-10592
01RJ    FRANJA ROJA               2,369           2,370         12         20                           G-10593
01RJ    FRANJA ROJA               2,270           2,271         12         20                           G-10594
01RJ    FRANJA ROJA               2,400           2,401         12         20                           G-10595
01RJ    FRANJA ROJA               2,324           2,325         31         20                           G-10596
01RJ    FRANJA ROJA               2,229           2,230         31         20                           G-10597
01RJ    FRANJA ROJA               2,136           2,137         31         20                           G-10598
01RJ    FRANJA ROJA               2,130           2,131         31         20                           G-10599
01RJ    FRANJA ROJA               2,087           2,088         31         20                           G-10600
01RJ    FRANJA ROJA               2,372           2,373         31         20                           G-10601
01RJ    FRANJA ROJA               2,578           2,579         31         20                           G-10602
01RJ    FRANJA ROJA               2,202           2,203         31         20                           G-10603
01RJ    FRANJA ROJA               2,383           2,384         31         20                           G-10604
01RJ    FRANJA ROJA               2,535           2,536         31         20                           G-10605
01RJ    FRANJA ROJA               2,125           2,126         31         20                           G-10606
01RJ    FRANJA ROJA               2,519           2,520         31         20                           G-10607
01RJ    FRANJA ROJA               2,142           2,143         31         20                           G-10608









EMPRESA NACIONAL DE MINERIA (ENM) PRODUCTOR          PACKING LIST                             PAG.  :   2
NATIONAL MINING COMPANY                       CODIGO DE LOTE   : G-10564                      FECHA :06/08/2019
                                              -----------------------------
FLUJO        : 
DESCRIPCION  : CATODOS GRADO A
N° INSTR. DE EMBARQUE : 57980
CLIENTE      : CISNES
Lote Sipa    : 19070403

----------------------------------------------------------------------------------------------------------------------------- 
MARCA       DESCRIPCION         PESO NETO      PESO BRUTO     GRUPO     UNIDADES       UBICACION         SERIE                
-----------------------------------------------------------------------------------------------------------------------------

01RJ    FRANJA ROJA               2,201           2,202         31         20                           G-10609
01RJ    FRANJA ROJA               2,541           2,542         31         20                           G-10610
01RJ    FRANJA ROJA               2,251           2,252         31         20                           G-10611
01RJ    FRANJA ROJA               2,666           2,667         31         20                           G-10612
01RJ    FRANJA ROJA               2,276           2,277         31         20                           G-10613
01RJ    FRANJA ROJA               2,220           2,221         31         20                           G-10614
01RJ    FRANJA ROJA               2,160           2,161         31         20                           G-10615
01RJ    FRANJA ROJA               2,165           2,166         31         20                           G-10616
01RJ    FRANJA ROJA               2,566           2,567         31         20                           G-10617
01RJ    FRANJA ROJA               2,371           2,372         31         20                           G-10618
01RJ    FRANJA ROJA               2,065           2,066         31         20                           G-10619
01RJ    FRANJA ROJA               2,227           2,228         31         20                           G-10620
01RJ    FRANJA ROJA               2,544           2,545         31         20                           G-10621
01RJ    FRANJA ROJA               2,570           2,571         31         20                           G-10622
01RJ    FRANJA ROJA               2,370           2,371         31         20                           G-10623
01RJ    FRANJA ROJA               2,003           2,004         31         20                           G-10624
01RJ    FRANJA ROJA               2,364           2,365         31         20                           G-10625
01RJ    FRANJA ROJA               2,477           2,478         31         20                           G-10626
01RJ    FRANJA ROJA               2,241           2,242         10         20                           G-10627
01RJ    FRANJA ROJA               2,677           2,678         31         20                           G-10628
01RJ    FRANJA ROJA               2,235           2,236         31         20                           G-10629
01RJ    FRANJA ROJA               2,586           2,587         31         20                           G-10630
01RJ    FRANJA ROJA               2,319           2,320         31         20                           G-10631
01RJ    FRANJA ROJA               2,231           2,232         31         20                           G-10632
01RJ    FRANJA ROJA               2,351           2,352         31         20                           G-10633
01RJ    FRANJA ROJA               2,240           2,241         31         20                           G-10634
01RJ    FRANJA ROJA               2,290           2,291         31         20                           G-10635
01RJ    FRANJA ROJA               2,642           2,643         31         20                           G-10636
01RJ    FRANJA ROJA               2,636           2,637         31         20                           G-10637
01RJ    FRANJA ROJA               2,615           2,616         12         20                           G-10638
01RJ    FRANJA ROJA               2,298           2,299         12         20                           G-10639
01RJ    FRANJA ROJA               2,238           2,239         12         20                           G-10640
01RJ    FRANJA ROJA               2,130           2,131         12         20                           G-10641
01RJ    FRANJA ROJA               2,675           2,676         12         20                           G-10642
01RJ    FRANJA ROJA               2,246           2,247         12         20                           G-10643
01RJ    FRANJA ROJA               2,299           2,300         31         20                           G-10644
01RJ    FRANJA ROJA               2,262           2,263         31         20                           G-10645
01RJ    FRANJA ROJA               2,216           2,217         31         20                           G-10646
01RJ    FRANJA ROJA               2,351           2,352         31         20                           G-10647
01RJ    FRANJA ROJA               2,291           2,292         31         20                           G-10648
01RJ    FRANJA ROJA               2,306           2,307         31         20                           G-10649
01RJ    FRANJA ROJA               2,221           2,222         31         20                           G-10650
01RJ    FRANJA ROJA               2,295           2,296         31         20                           G-10651
01RJ    FRANJA ROJA               2,376           2,377         31         20                           G-10652
01RJ    FRANJA ROJA               2,261           2,262         31         20                           G-10653









EMPRESA NACIONAL DE MINERIA (ENM) PRODUCTOR          PACKING LIST                             PAG.  :   3
NATIONAL MINING COMPANY                       CODIGO DE LOTE   : G-10564                      FECHA :06/08/2019
                                              -----------------------------
FLUJO        : 
DESCRIPCION  : CATODOS GRADO A
N° INSTR. DE EMBARQUE : 57980
CLIENTE      : CISNES
Lote Sipa    : 19070403

----------------------------------------------------------------------------------------------------------------------------- 
MARCA       DESCRIPCION         PESO NETO      PESO BRUTO     GRUPO     UNIDADES       UBICACION         SERIE                
-----------------------------------------------------------------------------------------------------------------------------

01RJ    FRANJA ROJA               2,409           2,410         31         20                           G-10654
01RJ    FRANJA ROJA               2,289           2,290         31         20                           G-10655
01RJ    FRANJA ROJA               2,556           2,557         31         20                           G-10656
01RJ    FRANJA ROJA               2,315           2,316         12         20                           G-10657
01RJ    FRANJA ROJA               2,323           2,324         12         20                           G-10658
01RJ    FRANJA ROJA               2,131           2,132         12         20                           G-10659
01RJ    FRANJA ROJA               2,278           2,279         12         20                           G-10660
01RJ    FRANJA ROJA               2,302           2,303         12         20                           G-10661
01RJ    FRANJA ROJA               2,444           2,445         12         20                           G-10662
01RJ    FRANJA ROJA               2,243           2,244         12         20                           G-10663
01RJ    FRANJA ROJA               2,476           2,477         12         20                           G-10664
01RJ    FRANJA ROJA               2,383           2,384         12         20                           G-10665
01RJ    FRANJA ROJA               2,457           2,458         12         20                           G-10666
01RJ    FRANJA ROJA               2,446           2,447         12         20                           G-10667
01RJ    FRANJA ROJA               2,466           2,467         12         20                           G-10668
01RJ    FRANJA ROJA               2,428           2,429         12         20                           G-10669
01RJ    FRANJA ROJA               2,431           2,432         12         20                           G-10670
01RJ    FRANJA ROJA               2,358           2,359         12         20                           G-10671
01RJ    FRANJA ROJA               2,458           2,459         12         20                           G-10672
01RJ    FRANJA ROJA               2,458           2,459         12         20                           G-10673
01RJ    FRANJA ROJA               2,407           2,408         46         20                           G-10674
01RJ    FRANJA ROJA               2,435           2,436         46         20                           G-10675
01RJ    FRANJA ROJA               2,432           2,433         46         20                           G-10676
01RJ    FRANJA ROJA               2,380           2,381         46         20                           G-10677
01RJ    FRANJA ROJA               2,401           2,402         46         20                           G-10678
01RJ    FRANJA ROJA               2,407           2,408         46         20                           G-10679
01RJ    FRANJA ROJA               2,324           2,325         46         20                           G-10680
01RJ    FRANJA ROJA               2,371           2,372         46         20                           G-10681
01RJ    FRANJA ROJA               2,456           2,457         46         20                           G-10682
01RJ    FRANJA ROJA               2,370           2,371         46         20                           G-10683
01RJ    FRANJA ROJA               2,230           2,231         46         20                           G-10684
01RJ    FRANJA ROJA               2,206           2,207         46         20                           G-10685
01RJ    FRANJA ROJA               2,371           2,372         46         20                           G-10686
01RJ    FRANJA ROJA               2,292           2,293         46         20                           G-10687
01RJ    FRANJA ROJA               2,296           2,297         46         20                           G-10688
01RJ    FRANJA ROJA               2,265           2,266         46         20                           G-10689
01RJ    FRANJA ROJA               2,178           2,179         46         20                           G-10690
01RJ    FRANJA ROJA               2,209           2,210         46         20                           G-10691


------------------------------------------------------------------------------------------------------------------------
T.SUB-LOTES              TOT.PAQUETES =128      TOT.UNID. = 2560   T/P NETO (kg) = 299,995      T/P BRUTO (kg) = 300,123
------------------------------------------------------------------------------------------------------------------------
