
EMPRESA NACIONAL DE MINERIA (ENM) PRODUCTOR          PACKING LIST                             PAG.  :   1
NATIONAL MINING COMPANY                       CODIGO DE LOTE   : E-12527                      FECHA :29/05/2023
                                              -----------------------------
FLUJO        : 
DESCRIPCION  : CATODOS GRADO A
N° INSTR. DE EMBARQUE : 64446
CLIENTE      : 
Lote Sipa    : 

----------------------------------------------------------------------------------------------------------------------------- 
MARCA       DESCRIPCION         PESO NETO      PESO BRUTO     GRUPO     UNIDADES       UBICACION         SERIE                
-----------------------------------------------------------------------------------------------------------------------------

03BL    TRES FRANJAS BLANCAS      2,343           2,344         14         20                           E-12527
03BL    TRES FRANJAS BLANCAS      2,411           2,412         14         20                           E-12528
03BL    TRES FRANJAS BLANCAS      2,399           2,400         14         20                           E-12529
03BL    TRES FRANJAS BLANCAS      2,363           2,364         14         20                           E-12530
03BL    TRES FRANJAS BLANCAS      2,321           2,322         14         20                           E-12531
03BL    TRES FRANJAS BLANCAS      2,124           2,125         07         20                           E-12532
03BL    TRES FRANJAS BLANCAS      2,079           2,080         07         20                           E-12533
03BL    TRES FRANJAS BLANCAS      2,121           2,122         07         20                           E-12534
03BL    TRES FRANJAS BLANCAS      2,137           2,138         07         20                           E-12535
03BL    TRES FRANJAS BLANCAS      2,253           2,254         07         20                           E-12536
03BL    TRES FRANJAS BLANCAS      2,422           2,423         07         20                           E-12537


------------------------------------------------------------------------------------------------------------------------
T.SUB-LOTES              TOT.PAQUETES =11      TOT.UNID. = 220   T/P NETO (kg) = 24,973      T/P BRUTO (kg) = 24,984
------------------------------------------------------------------------------------------------------------------------
