
EMPRESA NACIONAL DE MINERIA (ENM) PRODUCTOR          PACKING LIST                             PAG.  :   1
NATIONAL MINING COMPANY                       CODIGO DE LOTE   : D-4035                      FECHA :16/04/2020
                                              -----------------------------
FLUJO        : 
DESCRIPCION  : CATODOS GRADO A
N° INSTR. DE EMBARQUE : 25904
CLIENTE      : SINE MAERSK
Lote Sipa    : 

----------------------------------------------------------------------------------------------------------------------------- 
MARCA       DESCRIPCION         PESO NETO      PESO BRUTO     GRUPO     UNIDADES       UBICACION         SERIE                
-----------------------------------------------------------------------------------------------------------------------------

02AZ    DOS FRANJAS AZULES        2,477           2,478         31         20                           D-4035 
02AZ    DOS FRANJAS AZULES        2,561           2,562         31         20                           D-4036 
02AZ    DOS FRANJAS AZULES        2,370           2,371         31         20                           D-4037 
02AZ    DOS FRANJAS AZULES        2,434           2,435         31         20                           D-4038 
02AZ    DOS FRANJAS AZULES        2,412           2,413         31         20                           D-4039 
02AZ    DOS FRANJAS AZULES        2,436           2,437         31         20                           D-4040 
02AZ    DOS FRANJAS AZULES        2,446           2,447         31         20                           D-4041 
02AZ    DOS FRANJAS AZULES        2,495           2,496         31         20                           D-4042 
02AZ    DOS FRANJAS AZULES        2,379           2,380         31         20                           D-4043 
02AZ    DOS FRANJAS AZULES        2,414           2,415         31         20                           D-4044 
02AZ    DOS FRANJAS AZULES        2,438           2,439         31         20                           D-4045 
02AZ    DOS FRANJAS AZULES        2,364           2,365         31         20                           D-4046 
02AZ    DOS FRANJAS AZULES        2,254           2,255         31         20                           D-4047 
02AZ    DOS FRANJAS AZULES        2,433           2,434         31         20                           D-4048 
02AZ    DOS FRANJAS AZULES        2,232           2,233         31         20                           D-4049 
02AZ    DOS FRANJAS AZULES        2,301           2,302         31         20                           D-4050 
02AZ    DOS FRANJAS AZULES        2,520           2,521         31         20                           D-4051 
02AZ    DOS FRANJAS AZULES        2,459           2,460         31         20                           D-4052 
02AZ    DOS FRANJAS AZULES        2,464           2,465         31         20                           D-4053 
02AZ    DOS FRANJAS AZULES        2,445           2,446         31         20                           D-4054 
02AZ    DOS FRANJAS AZULES        2,482           2,483         31         20                           D-4055 
02AZ    DOS FRANJAS AZULES        2,525           2,526         31         20                           D-4056 
02AZ    DOS FRANJAS AZULES        2,449           2,450         31         20                           D-4057 
02AZ    DOS FRANJAS AZULES        2,255           2,256         31         20                           D-4058 
02AZ    DOS FRANJAS AZULES        2,292           2,293         31         20                           D-4059 
02AZ    DOS FRANJAS AZULES        2,474           2,475         07         20                           D-4060 
02AZ    DOS FRANJAS AZULES        2,489           2,490         31         20                           D-4061 
02AZ    DOS FRANJAS AZULES        2,384           2,385         31         20                           D-4062 
02AZ    DOS FRANJAS AZULES        2,556           2,557         31         20                           D-4063 
02AZ    DOS FRANJAS AZULES        2,364           2,365         31         20                           D-4064 
02AZ    DOS FRANJAS AZULES        2,320           2,321         31         20                           D-4065 
02AZ    DOS FRANJAS AZULES        2,427           2,428         31         20                           D-4066 
02AZ    DOS FRANJAS AZULES        2,458           2,459         31         20                           D-4067 
02AZ    DOS FRANJAS AZULES        2,038           2,039         31         20                           D-4068 
02AZ    DOS FRANJAS AZULES        2,191           2,192         31         20                           D-4069 
02AZ    DOS FRANJAS AZULES        2,272           2,273         31         20                           D-4070 
02AZ    DOS FRANJAS AZULES        2,427           2,428         31         20                           D-4071 
02AZ    DOS FRANJAS AZULES        2,442           2,443         31         20                           D-4072 
02AZ    DOS FRANJAS AZULES        2,259           2,260         31         20                           D-4073 
02AZ    DOS FRANJAS AZULES        2,353           2,354         31         20                           D-4074 
02AZ    DOS FRANJAS AZULES        2,351           2,352         31         20                           D-4075 
02AZ    DOS FRANJAS AZULES        2,496           2,497         31         20                           D-4076 
02AZ    DOS FRANJAS AZULES        2,361           2,362         31         20                           D-4077 
02AZ    DOS FRANJAS AZULES        2,541           2,542         31         20                           D-4078 
02AZ    DOS FRANJAS AZULES        2,429           2,430         07         20                           D-4079 









EMPRESA NACIONAL DE MINERIA (ENM) PRODUCTOR          PACKING LIST                             PAG.  :   2
NATIONAL MINING COMPANY                       CODIGO DE LOTE   : D-4035                      FECHA :16/04/2020
                                              -----------------------------
FLUJO        : 
DESCRIPCION  : CATODOS GRADO A
N° INSTR. DE EMBARQUE : 25904
CLIENTE      : SINE MAERSK
Lote Sipa    : 

----------------------------------------------------------------------------------------------------------------------------- 
MARCA       DESCRIPCION         PESO NETO      PESO BRUTO     GRUPO     UNIDADES       UBICACION         SERIE                
-----------------------------------------------------------------------------------------------------------------------------

02AZ    DOS FRANJAS AZULES        2,453           2,454         07         20                           D-4080 
02AZ    DOS FRANJAS AZULES        2,459           2,460         07         20                           D-4081 
02AZ    DOS FRANJAS AZULES        2,417           2,418         07         20                           D-4082 
02AZ    DOS FRANJAS AZULES        2,507           2,508         07         20                           D-4083 
02AZ    DOS FRANJAS AZULES        2,443           2,444         07         20                           D-4084 
02AZ    DOS FRANJAS AZULES        2,417           2,418         07         20                           D-4085 
02AZ    DOS FRANJAS AZULES        2,263           2,264         07         20                           D-4086 
02AZ    DOS FRANJAS AZULES        2,513           2,514         07         20                           D-4087 
02AZ    DOS FRANJAS AZULES        2,344           2,345         07         20                           D-4088 
02AZ    DOS FRANJAS AZULES        2,517           2,518         07         20                           D-4089 
02AZ    DOS FRANJAS AZULES        2,420           2,421         07         20                           D-4090 
02AZ    DOS FRANJAS AZULES        2,347           2,348         07         20                           D-4091 
02AZ    DOS FRANJAS AZULES        2,426           2,427         07         20                           D-4092 
02AZ    DOS FRANJAS AZULES        2,283           2,284         07         20                           D-4093 
02AZ    DOS FRANJAS AZULES        2,431           2,432         07         20                           D-4094 
02AZ    DOS FRANJAS AZULES        2,390           2,391         07         20                           D-4095 
02AZ    DOS FRANJAS AZULES        2,407           2,408         07         20                           D-4096 
02AZ    DOS FRANJAS AZULES        2,452           2,453         07         20                           D-4097 
02AZ    DOS FRANJAS AZULES        2,458           2,459         07         20                           D-4098 
02AZ    DOS FRANJAS AZULES        2,521           2,522         07         20                           D-4099 
02AZ    DOS FRANJAS AZULES        2,431           2,432         07         20                           D-4100 
02AZ    DOS FRANJAS AZULES        2,216           2,217         07         20                           D-4101 
02AZ    DOS FRANJAS AZULES        2,387           2,388         07         20                           D-4102 
02AZ    DOS FRANJAS AZULES        2,362           2,363         07         20                           D-4103 
02AZ    DOS FRANJAS AZULES        2,404           2,405         07         20                           D-4104 
02AZ    DOS FRANJAS AZULES        2,392           2,393         07         20                           D-4105 
02AZ    DOS FRANJAS AZULES        2,367           2,368         07         20                           D-4106 
02AZ    DOS FRANJAS AZULES        2,410           2,411         07         20                           D-4107 
02AZ    DOS FRANJAS AZULES        2,487           2,488         07         20                           D-4108 
02AZ    DOS FRANJAS AZULES        2,377           2,378         07         20                           D-4109 
02AZ    DOS FRANJAS AZULES        2,535           2,536         07         20                           D-4110 
02AZ    DOS FRANJAS AZULES        2,237           2,238         07         20                           D-4111 
02AZ    DOS FRANJAS AZULES        2,404           2,405         07         20                           D-4112 
02AZ    DOS FRANJAS AZULES        2,413           2,414         07         20                           D-4113 
02AZ    DOS FRANJAS AZULES        2,437           2,438         07         20                           D-4114 
02AZ    DOS FRANJAS AZULES        2,405           2,406         07         20                           D-4115 
02AZ    DOS FRANJAS AZULES        2,414           2,415         07         20                           D-4116 
02AZ    DOS FRANJAS AZULES        2,423           2,424         07         20                           D-4117 


------------------------------------------------------------------------------------------------------------------------
T.SUB-LOTES              TOT.PAQUETES =83      TOT.UNID. = 1660   T/P NETO (kg) = 199,538      T/P BRUTO (kg) = 199,621
------------------------------------------------------------------------------------------------------------------------
