
EMPRESA NACIONAL DE MINERIA (ENM) PRODUCTOR          PACKING LIST                             PAG.  :   1
NATIONAL MINING COMPANY                       CODIGO DE LOTE   : J-2835                      FECHA :17/10/2023
                                              -----------------------------
FLUJO        : 
DESCRIPCION  : CATODOS EW CERRO NEGRO
N° INSTR. DE EMBARQUE : 931552
CLIENTE      : 
Lote Sipa    : 23100341

----------------------------------------------------------------------------------------------------------------------------- 
MARCA       DESCRIPCION         PESO NETO      PESO BRUTO     GRUPO     UNIDADES       UBICACION         SERIE                
-----------------------------------------------------------------------------------------------------------------------------

05BL    CINCO FRANJAS BLANCAS     2,039           2,040                    34                           J-2835 
05BL    CINCO FRANJAS BLANCAS     1,979           1,980                    31                           J-2836 
05BL    CINCO FRANJAS BLANCAS     2,073           2,074                    36                           J-2837 
05BL    CINCO FRANJAS BLANCAS     2,002           2,003                    35                           J-2838 
05BL    CINCO FRANJAS BLANCAS     2,031           2,032                    33                           J-2839 
05BL    CINCO FRANJAS BLANCAS     2,095           2,096                    35                           J-2840 
05BL    CINCO FRANJAS BLANCAS     2,050           2,051                    37                           J-2841 
05BL    CINCO FRANJAS BLANCAS     2,081           2,082                    38                           J-2842 
05BL    CINCO FRANJAS BLANCAS     1,999           2,000                    34                           J-2843 
05BL    CINCO FRANJAS BLANCAS     2,020           2,021                    32                           J-2844 
05BL    CINCO FRANJAS BLANCAS     1,916           1,917                    33                           J-2845 
05BL    CINCO FRANJAS BLANCAS     1,993           1,994                    37                           J-2846 
05BL    CINCO FRANJAS BLANCAS     1,972           1,973                    31                           J-2847 
05BL    CINCO FRANJAS BLANCAS     2,051           2,052                    31                           J-2848 
05BL    CINCO FRANJAS BLANCAS     1,997           1,998                    31                           J-2849 


------------------------------------------------------------------------------------------------------------------------
T.SUB-LOTES              TOT.PAQUETES =15      TOT.UNID. = 508   T/P NETO (kg) = 30,298      T/P BRUTO (kg) = 30,313
------------------------------------------------------------------------------------------------------------------------
