
EMPRESA NACIONAL DE MINERIA (ENM) PRODUCTOR          PACKING LIST                             PAG.  :   1
NATIONAL MINING COMPANY                       CODIGO DE LOTE   : M-2021                      FECHA :18/01/2021
                                              -----------------------------
FLUJO        : 
DESCRIPCION  : CATODOS EW TALTAL
N° INSTR. DE EMBARQUE : 26486
CLIENTE      : CORCOVADO                               
Lote Sipa    : 20120200

----------------------------------------------------------------------------------------------------------------------------- 
MARCA       DESCRIPCION         PESO NETO      PESO BRUTO     GRUPO     UNIDADES       UBICACION         SERIE                
-----------------------------------------------------------------------------------------------------------------------------

01AM    FRANJA AMARILLA           2,011           2,012                    64                           M-2021 
01AM    FRANJA AMARILLA           2,026           2,027                    69                           M-2022 
01AM    FRANJA AMARILLA           2,025           2,026                    60                           M-2023 
01AM    FRANJA AMARILLA           2,032           2,033                    62                           M-2024 
01AM    FRANJA AMARILLA           2,010           2,011                    62                           M-2025 
01AM    FRANJA AMARILLA           2,008           2,009                    65                           M-2026 
01AM    FRANJA AMARILLA           2,009           2,010                    65                           M-2027 
01AM    FRANJA AMARILLA           2,036           2,037                    58                           M-2028 
01AM    FRANJA AMARILLA           2,009           2,010                    76                           M-2029 
01AM    FRANJA AMARILLA           2,025           2,026                    79                           M-2030 
01AM    FRANJA AMARILLA           2,038           2,039                    61                           M-2031 
01AM    FRANJA AMARILLA           2,039           2,040                    71                           M-2032 
01AM    FRANJA AMARILLA           2,016           2,017                    60                           M-2033 
01AM    FRANJA AMARILLA           2,019           2,020                    70                           M-2034 
01AM    FRANJA AMARILLA           2,023           2,024                    72                           M-2065 
01AM    FRANJA AMARILLA           2,021           2,022                    70                           M-2066 
01AM    FRANJA AMARILLA           2,037           2,038                    68                           M-2067 
01AM    FRANJA AMARILLA           2,026           2,027                    64                           M-2068 
01AM    FRANJA AMARILLA           2,025           2,026                    77                           M-2069 
01AM    FRANJA AMARILLA           2,015           2,016                    73                           M-2070 
01AM    FRANJA AMARILLA           2,016           2,017                    65                           M-2071 
01AM    FRANJA AMARILLA           2,039           2,040                    70                           M-2072 
01AM    FRANJA AMARILLA           2,029           2,030                    78                           M-2073 
01AM    FRANJA AMARILLA           2,031           2,032                    63                           M-2074 
01AM    FRANJA AMARILLA           2,012           2,013                    71                           M-2075 
01AM    FRANJA AMARILLA           2,010           2,011                    70                           M-2076 
01AM    FRANJA AMARILLA           2,019           2,020                    68                           M-2077 
01AM    FRANJA AMARILLA           2,014           2,015                    71                           M-2078 
01AM    FRANJA AMARILLA           2,003           2,004                    67                           M-2080 
01AM    FRANJA AMARILLA           2,012           2,013                    65                           M-2081 
01AM    FRANJA AMARILLA           2,015           2,016                    71                           M-2082 
01AM    FRANJA AMARILLA           2,007           2,008                    72                           M-2083 
01AM    FRANJA AMARILLA           2,031           2,032                    62                           M-2084 
01AM    FRANJA AMARILLA           1,999           2,000                    61                           M-2085 
01AM    FRANJA AMARILLA           2,019           2,020                    71                           M-2086 
01AM    FRANJA AMARILLA           2,006           2,007                    69                           M-2087 
01AM    FRANJA AMARILLA           2,022           2,023                    70                           M-2088 
01AM    FRANJA AMARILLA           2,008           2,009                    69                           M-2089 
01AM    FRANJA AMARILLA           2,027           2,028                    68                           M-2090 
01AM    FRANJA AMARILLA           2,032           2,033                    68                           M-2091 
01AM    FRANJA AMARILLA           2,007           2,008                    77                           M-2092 
01AM    FRANJA AMARILLA           2,003           2,004                    70                           M-2093 
01AM    FRANJA AMARILLA           2,008           2,009                    61                           M-2095 
01AM    FRANJA AMARILLA           2,008           2,009                    64                           M-2096 
01AM    FRANJA AMARILLA           2,000           2,001                    53                           M-2097 









EMPRESA NACIONAL DE MINERIA (ENM) PRODUCTOR          PACKING LIST                             PAG.  :   2
NATIONAL MINING COMPANY                       CODIGO DE LOTE   : M-2021                      FECHA :18/01/2021
                                              -----------------------------
FLUJO        : 
DESCRIPCION  : CATODOS EW TALTAL
N° INSTR. DE EMBARQUE : 26486
CLIENTE      : CORCOVADO                               
Lote Sipa    : 20120200

----------------------------------------------------------------------------------------------------------------------------- 
MARCA       DESCRIPCION         PESO NETO      PESO BRUTO     GRUPO     UNIDADES       UBICACION         SERIE                
-----------------------------------------------------------------------------------------------------------------------------

01AM    FRANJA AMARILLA           2,013           2,014                    55                           M-2098 
01AM    FRANJA AMARILLA           2,001           2,002                    60                           M-2099 
01AM    FRANJA AMARILLA           2,008           2,009                    61                           M-2100 
01AM    FRANJA AMARILLA           2,014           2,015                    63                           M-2101 
01AM    FRANJA AMARILLA           2,007           2,008                    55                           M-2102 
01AM    FRANJA AMARILLA           2,024           2,025                    70                           M-2103 
01AM    FRANJA AMARILLA           2,022           2,023                    57                           M-2104 
01AM    FRANJA AMARILLA           2,021           2,022                    51                           M-2105 
01AM    FRANJA AMARILLA           2,009           2,010                    55                           M-2106 
01AM    FRANJA AMARILLA           2,020           2,021                    56                           M-2107 
01AM    FRANJA AMARILLA           2,004           2,005                    61                           M-2108 
01AM    FRANJA AMARILLA           2,030           2,031                    57                           M-2111 
01AM    FRANJA AMARILLA           2,027           2,028                    59                           M-2112 
01AM    FRANJA AMARILLA           2,028           2,029                    67                           M-2113 
01AM    FRANJA AMARILLA           2,024           2,025                    68                           M-2114 
01AM    FRANJA AMARILLA           2,009           2,010                    63                           M-2115 
01AM    FRANJA AMARILLA           2,028           2,029                    66                           M-2116 
01AM    FRANJA AMARILLA           2,025           2,026                    53                           M-2117 
01AM    FRANJA AMARILLA           2,032           2,033                    58                           M-2118 
01AM    FRANJA AMARILLA           2,005           2,006                    66                           M-2119 
01AM    FRANJA AMARILLA           2,021           2,022                    67                           M-2120 
01AM    FRANJA AMARILLA           2,006           2,007                    65                           M-2121 
01AM    FRANJA AMARILLA           2,014           2,015                    63                           M-2122 
01AM    FRANJA AMARILLA           2,012           2,013                    58                           M-2123 
01AM    FRANJA AMARILLA           2,004           2,005                    55                           M-2124 
01AM    FRANJA AMARILLA           2,026           2,027                    68                           M-2126 
01AM    FRANJA AMARILLA           2,028           2,029                    66                           M-2127 
01AM    FRANJA AMARILLA           2,026           2,027                    68                           M-2128 
01AM    FRANJA AMARILLA           2,015           2,016                    67                           M-2129 
01AM    FRANJA AMARILLA           2,007           2,008                    64                           M-2130 
01AM    FRANJA AMARILLA           2,023           2,024                    68                           M-2131 
01AM    FRANJA AMARILLA           2,008           2,009                    72                           M-2132 
01AM    FRANJA AMARILLA           2,028           2,029                    61                           M-2133 
01AM    FRANJA AMARILLA           2,046           2,047                    65                           M-2134 
01AM    FRANJA AMARILLA           2,005           2,006                    63                           M-2135 
01AM    FRANJA AMARILLA           2,014           2,015                    62                           M-2136 
01AM    FRANJA AMARILLA           2,015           2,016                    66                           M-2137 
01AM    FRANJA AMARILLA           2,023           2,024                    63                           M-2138 
01AM    FRANJA AMARILLA           2,017           2,018                    63                           M-2139 
01AM    FRANJA AMARILLA           2,032           2,033                    65                           M-2141 
01AM    FRANJA AMARILLA           2,031           2,032                    61                           M-2142 
01AM    FRANJA AMARILLA           2,011           2,012                    69                           M-2143 
01AM    FRANJA AMARILLA           2,009           2,010                    76                           M-2144 
01AM    FRANJA AMARILLA           2,004           2,005                    60                           M-2145 
01AM    FRANJA AMARILLA           2,002           2,003                    66                           M-2146 









EMPRESA NACIONAL DE MINERIA (ENM) PRODUCTOR          PACKING LIST                             PAG.  :   3
NATIONAL MINING COMPANY                       CODIGO DE LOTE   : M-2021                      FECHA :18/01/2021
                                              -----------------------------
FLUJO        : 
DESCRIPCION  : CATODOS EW TALTAL
N° INSTR. DE EMBARQUE : 26486
CLIENTE      : CORCOVADO                               
Lote Sipa    : 20120200

----------------------------------------------------------------------------------------------------------------------------- 
MARCA       DESCRIPCION         PESO NETO      PESO BRUTO     GRUPO     UNIDADES       UBICACION         SERIE                
-----------------------------------------------------------------------------------------------------------------------------

01AM    FRANJA AMARILLA           2,028           2,029                    71                           M-2147 
01AM    FRANJA AMARILLA           1,994           1,995                    61                           M-2148 
01AM    FRANJA AMARILLA           2,015           2,016                    71                           M-2149 
01AM    FRANJA AMARILLA           1,997           1,998                    66                           M-2150 
01AM    FRANJA AMARILLA           2,001           2,002                    66                           M-2151 
01AM    FRANJA AMARILLA           2,027           2,028                    65                           M-2152 
01AM    FRANJA AMARILLA           2,026           2,027                    69                           M-2153 
01AM    FRANJA AMARILLA           2,005           2,006                    57                           M-2154 
01AM    FRANJA AMARILLA           2,009           2,010                    67                           M-2156 
01AM    FRANJA AMARILLA           1,999           2,000                    69                           M-2157 
01AM    FRANJA AMARILLA           1,995           1,996                    67                           M-2158 
01AM    FRANJA AMARILLA           2,037           2,038                    59                           M-2159 
01AM    FRANJA AMARILLA           2,015           2,016                    66                           M-2160 
01AM    FRANJA AMARILLA           2,033           2,034                    64                           M-2161 
01AM    FRANJA AMARILLA           1,999           2,000                    69                           M-2162 
01AM    FRANJA AMARILLA           2,007           2,008                    64                           M-2163 
01AM    FRANJA AMARILLA           2,030           2,031                    66                           M-2164 
01AM    FRANJA AMARILLA           1,998           1,999                    67                           M-2165 
01AM    FRANJA AMARILLA           1,997           1,998                    59                           M-2166 
01AM    FRANJA AMARILLA           2,027           2,028                    59                           M-2167 
01AM    FRANJA AMARILLA           2,021           2,022                    59                           M-2168 
01AM    FRANJA AMARILLA           2,030           2,031                    67                           M-2169 


------------------------------------------------------------------------------------------------------------------------
T.SUB-LOTES              TOT.PAQUETES =112      TOT.UNID. = 7290   T/P NETO (kg) = 225,895      T/P BRUTO (kg) = 226,007
------------------------------------------------------------------------------------------------------------------------
