
EMPRESA NACIONAL DE MINERIA (ENM) PRODUCTOR          PACKING LIST                             PAG.  :   1
NATIONAL MINING COMPANY                       CODIGO DE LOTE   : H-3221                      FECHA :11/09/2020
                                              -----------------------------
FLUJO        : 
DESCRIPCION  : CATODOS EW MATTA
N° INSTR. DE EMBARQUE : 26228
CLIENTE      : MOL BEYOND
Lote Sipa    : 20080059

----------------------------------------------------------------------------------------------------------------------------- 
MARCA       DESCRIPCION         PESO NETO      PESO BRUTO     GRUPO     UNIDADES       UBICACION         SERIE                
-----------------------------------------------------------------------------------------------------------------------------

01CE    FRANJA CELESTE            2,025           2,026                    56                           H-3221 
01CE    FRANJA CELESTE            2,023           2,024                    55                           H-3222 
01CE    FRANJA CELESTE            2,008           2,009                    55                           H-3223 
01CE    FRANJA CELESTE            2,011           2,012                    57                           H-3224 
01CE    FRANJA CELESTE            2,007           2,008                    54                           H-3225 
01CE    FRANJA CELESTE            2,025           2,026                    53                           H-3226 
01CE    FRANJA CELESTE            2,036           2,037                    54                           H-3227 
01CE    FRANJA CELESTE            2,025           2,026                    54                           H-3228 
01CE    FRANJA CELESTE            2,027           2,028                    55                           H-3229 
01CE    FRANJA CELESTE            2,025           2,026                    54                           H-3230 
01CE    FRANJA CELESTE            2,010           2,011                    54                           H-3231 
01CE    FRANJA CELESTE            2,008           2,009                    54                           H-3232 
01CE    FRANJA CELESTE            2,009           2,010                    56                           H-3233 
01CE    FRANJA CELESTE            2,021           2,022                    54                           H-3234 
01CE    FRANJA CELESTE            2,000           2,001                    55                           H-3236 
01CE    FRANJA CELESTE            2,039           2,040                    53                           H-3237 
01CE    FRANJA CELESTE            2,030           2,031                    52                           H-3238 
01CE    FRANJA CELESTE            2,023           2,024                    53                           H-3239 
01CE    FRANJA CELESTE            2,036           2,037                    53                           H-3240 
01CE    FRANJA CELESTE            2,035           2,036                    54                           H-3241 
01CE    FRANJA CELESTE            2,017           2,018                    54                           H-3242 
01CE    FRANJA CELESTE            2,004           2,005                    52                           H-3243 
01CE    FRANJA CELESTE            2,028           2,029                    55                           H-3244 
01CE    FRANJA CELESTE            2,008           2,009                    55                           H-3245 
01CE    FRANJA CELESTE            2,016           2,017                    53                           H-3246 
01CE    FRANJA CELESTE            2,000           2,001                    53                           H-3247 
01CE    FRANJA CELESTE            2,034           2,035                    52                           H-3248 
01CE    FRANJA CELESTE            2,000           2,001                    51                           H-3249 
01CE    FRANJA CELESTE            2,010           2,011                    50                           H-3252 
01CE    FRANJA CELESTE            2,020           2,021                    50                           H-3253 
01CE    FRANJA CELESTE            2,020           2,021                    55                           H-3254 
01CE    FRANJA CELESTE            2,024           2,025                    50                           H-3255 
01CE    FRANJA CELESTE            2,017           2,018                    50                           H-3256 
01CE    FRANJA CELESTE            2,022           2,023                    50                           H-3257 
01CE    FRANJA CELESTE            2,011           2,012                    50                           H-3258 
01CE    FRANJA CELESTE            2,027           2,028                    50                           H-3259 
01CE    FRANJA CELESTE            2,031           2,032                    48                           H-3260 
01CE    FRANJA CELESTE            2,003           2,004                    50                           H-3261 
01CE    FRANJA CELESTE            2,033           2,034                    58                           H-3262 
01CE    FRANJA CELESTE            2,038           2,039                    51                           H-3263 
01CE    FRANJA CELESTE            2,020           2,021                    50                           H-3264 
01CE    FRANJA CELESTE            2,008           2,009                    50                           H-3265 
01CE    FRANJA CELESTE            2,021           2,022                    50                           H-3282 
01CE    FRANJA CELESTE            2,003           2,004                    49                           H-3283 
01CE    FRANJA CELESTE            2,008           2,009                    48                           H-3284 









EMPRESA NACIONAL DE MINERIA (ENM) PRODUCTOR          PACKING LIST                             PAG.  :   2
NATIONAL MINING COMPANY                       CODIGO DE LOTE   : H-3221                      FECHA :11/09/2020
                                              -----------------------------
FLUJO        : 
DESCRIPCION  : CATODOS EW MATTA
N° INSTR. DE EMBARQUE : 26228
CLIENTE      : MOL BEYOND
Lote Sipa    : 20080059

----------------------------------------------------------------------------------------------------------------------------- 
MARCA       DESCRIPCION         PESO NETO      PESO BRUTO     GRUPO     UNIDADES       UBICACION         SERIE                
-----------------------------------------------------------------------------------------------------------------------------

01CE    FRANJA CELESTE            2,035           2,036                    50                           H-3285 
01CE    FRANJA CELESTE            2,023           2,024                    49                           H-3286 
01CE    FRANJA CELESTE            2,010           2,011                    49                           H-3287 
01CE    FRANJA CELESTE            2,018           2,019                    49                           H-3288 
01CE    FRANJA CELESTE            2,006           2,007                    50                           H-3289 
01CE    FRANJA CELESTE            2,020           2,021                    51                           H-3290 
01CE    FRANJA CELESTE            1,998           1,999                    51                           H-3291 
01CE    FRANJA CELESTE            2,011           2,012                    49                           H-3292 
01CE    FRANJA CELESTE            2,021           2,022                    50                           H-3293 
01CE    FRANJA CELESTE            2,011           2,012                    50                           H-3294 
01CE    FRANJA CELESTE            2,003           2,004                    49                           H-3295 


------------------------------------------------------------------------------------------------------------------------
T.SUB-LOTES              TOT.PAQUETES =56      TOT.UNID. = 2916   T/P NETO (kg) = 113,002      T/P BRUTO (kg) = 113,058
------------------------------------------------------------------------------------------------------------------------
