
EMPRESA NACIONAL DE MINERIA (ENM) PRODUCTOR          PACKING LIST                             PAG.  :   1
NATIONAL MINING COMPANY                       CODIGO DE LOTE   : F-15274                      FECHA :04/07/2018
                                              -----------------------------
FLUJO        : 
DESCRIPCION  : CATODOS GRADO A
N° INSTR. DE EMBARQUE : 24617
CLIENTE      : CISNES
Lote Sipa    : 

----------------------------------------------------------------------------------------------------------------------------- 
MARCA       DESCRIPCION         PESO NETO      PESO BRUTO     GRUPO     UNIDADES       UBICACION         SERIE                
-----------------------------------------------------------------------------------------------------------------------------

V0AM    V AMARILLA                2,112           2,113         23         20                           F-15274
V0AM    V AMARILLA                2,454           2,455         32         20                           F-15275
V0AM    V AMARILLA                2,530           2,531         32         20                           F-15276
V0AM    V AMARILLA                2,516           2,517         32         20                           F-15277
V0AM    V AMARILLA                2,499           2,500         32         20                           F-15278
V0AM    V AMARILLA                2,451           2,452         23         20                           F-15279
V0AM    V AMARILLA                2,419           2,420         23         20                           F-15280
V0AM    V AMARILLA                2,326           2,327         23         20                           F-15281
V0AM    V AMARILLA                2,513           2,514         23         20                           F-15282
V0AM    V AMARILLA                2,398           2,399         23         20                           F-15283
V0AM    V AMARILLA                2,348           2,349         23         20                           F-15284
V0AM    V AMARILLA                2,237           2,238         23         20                           F-15285
V0AM    V AMARILLA                2,388           2,389         23         20                           F-15286
V0AM    V AMARILLA                2,578           2,579         32         20                           F-15287
V0AM    V AMARILLA                2,427           2,428         11         20                           F-15288
V0AM    V AMARILLA                2,456           2,457         11         20                           F-15289
V0AM    V AMARILLA                2,476           2,477         11         20                           F-15290
V0AM    V AMARILLA                2,440           2,441         32         20                           F-15291
V0AM    V AMARILLA                2,420           2,421         11         20                           F-15292
V0AM    V AMARILLA                2,401           2,402         32         20                           F-15293
V0AM    V AMARILLA                2,492           2,493         32         20                           F-15294
V0AM    V AMARILLA                2,465           2,466         32         20                           F-15295
V0AM    V AMARILLA                2,481           2,482         32         20                           F-15296
V0AM    V AMARILLA                2,394           2,395         32         20                           F-15297
V0AM    V AMARILLA                2,435           2,436         32         20                           F-15298
V0AM    V AMARILLA                2,534           2,535         11         20                           F-15299
V0AM    V AMARILLA                2,412           2,413         11         20                           F-15300
V0AM    V AMARILLA                2,431           2,432         11         20                           F-15301
V0AM    V AMARILLA                2,457           2,458         32         20                           F-15302
V0AM    V AMARILLA                2,406           2,407         11         20                           F-15303
V0AM    V AMARILLA                2,375           2,376         32         20                           F-15304
V0AM    V AMARILLA                2,409           2,410         11         20                           F-15305
V0AM    V AMARILLA                2,414           2,415         32         20                           F-15306
V0AM    V AMARILLA                2,491           2,492         32         20                           F-15307
V0AM    V AMARILLA                2,502           2,503         32         20                           F-15308
V0AM    V AMARILLA                2,480           2,481         32         20                           F-15309
V0AM    V AMARILLA                2,596           2,597         11         20                           F-15310
V0AM    V AMARILLA                2,513           2,514         11         20                           F-15311
V0AM    V AMARILLA                2,338           2,339         11         20                           F-15312
V0AM    V AMARILLA                2,459           2,460         32         20                           F-15313
V0AM    V AMARILLA                2,502           2,503         32         20                           F-15314


------------------------------------------------------------------------------------------------------------------------
T.SUB-LOTES              TOT.PAQUETES =41      TOT.UNID. = 820   T/P NETO (kg) = 99,975      T/P BRUTO (kg) = 100,016
------------------------------------------------------------------------------------------------------------------------
