
EMPRESA NACIONAL DE MINERIA (ENM) PRODUCTOR          PACKING LIST                             PAG.  :   1
NATIONAL MINING COMPANY                       CODIGO DE LOTE   : I-2142                      FECHA :13/09/2022
                                              -----------------------------
FLUJO        : 
DESCRIPCION  : CATODOS EW TALTAL
N° INSTR. DE EMBARQUE : 929963
CLIENTE      : 
Lote Sipa    : 22090275

----------------------------------------------------------------------------------------------------------------------------- 
MARCA       DESCRIPCION         PESO NETO      PESO BRUTO     GRUPO     UNIDADES       UBICACION         SERIE                
-----------------------------------------------------------------------------------------------------------------------------

09NE    NUEVE FRANJAS NEGRA       2,024           2,025                    66                           I-2142 
09NE    NUEVE FRANJAS NEGRA       2,018           2,019                    68                           I-2143 
09NE    NUEVE FRANJAS NEGRA       2,034           2,035                    65                           I-2144 
09NE    NUEVE FRANJAS NEGRA       2,025           2,026                    71                           I-2145 
09NE    NUEVE FRANJAS NEGRA       2,018           2,019                    70                           I-2146 
09NE    NUEVE FRANJAS NEGRA       2,030           2,031                    71                           I-2147 
09NE    NUEVE FRANJAS NEGRA       2,048           2,049                    69                           I-2148 
09NE    NUEVE FRANJAS NEGRA       2,029           2,030                    73                           I-2149 
09NE    NUEVE FRANJAS NEGRA       2,020           2,021                    83                           I-2150 
09NE    NUEVE FRANJAS NEGRA       2,001           2,002                    67                           I-2151 
09NE    NUEVE FRANJAS NEGRA       1,996           1,997                    70                           I-2152 
09NE    NUEVE FRANJAS NEGRA       2,036           2,037                    68                           I-2153 
09NE    NUEVE FRANJAS NEGRA       2,009           2,010                    71                           I-2154 


------------------------------------------------------------------------------------------------------------------------
T.SUB-LOTES              TOT.PAQUETES =13      TOT.UNID. = 912   T/P NETO (kg) = 26,288      T/P BRUTO (kg) = 26,301
------------------------------------------------------------------------------------------------------------------------
