
EMPRESA NACIONAL DE MINERIA (ENM) PRODUCTOR          PACKING LIST                             PAG.  :   1
NATIONAL MINING COMPANY                       CODIGO DE LOTE   : J-2867                      FECHA :23/10/2023
                                              -----------------------------
FLUJO        : 
DESCRIPCION  : CATODOS EW CERRO NEGRO
N° INSTR. DE EMBARQUE :  931592
CLIENTE      : 
Lote Sipa    : 23100479

----------------------------------------------------------------------------------------------------------------------------- 
MARCA       DESCRIPCION         PESO NETO      PESO BRUTO     GRUPO     UNIDADES       UBICACION         SERIE                
-----------------------------------------------------------------------------------------------------------------------------

07BL    7 FRANJAS BLANCAS         1,954           1,955                    36                           J-2867 
07BL    7 FRANJAS BLANCAS         2,023           2,024                    31                           J-2868 
07BL    7 FRANJAS BLANCAS         2,064           2,065                    29                           J-2869 
07BL    7 FRANJAS BLANCAS         1,998           1,999                    31                           J-2870 
07BL    7 FRANJAS BLANCAS         2,021           2,022                    31                           J-2871 
07BL    7 FRANJAS BLANCAS         1,971           1,972                    34                           J-2872 
07BL    7 FRANJAS BLANCAS         1,998           1,999                    33                           J-2873 
07BL    7 FRANJAS BLANCAS         2,033           2,034                    29                           J-2874 
07BL    7 FRANJAS BLANCAS         2,035           2,036                    35                           J-2875 
07BL    7 FRANJAS BLANCAS         2,037           2,038                    33                           J-2876 
07BL    7 FRANJAS BLANCAS         1,995           1,996                    37                           J-2877 
07BL    7 FRANJAS BLANCAS         2,023           2,024                    34                           J-2878 
07BL    7 FRANJAS BLANCAS         2,089           2,090                    28                           J-2879 
07BL    7 FRANJAS BLANCAS         1,972           1,973                    29                           J-2880 
07BL    7 FRANJAS BLANCAS         1,994           1,995                    31                           J-2881 


------------------------------------------------------------------------------------------------------------------------
T.SUB-LOTES              TOT.PAQUETES =15      TOT.UNID. = 481   T/P NETO (kg) = 30,207      T/P BRUTO (kg) = 30,222
------------------------------------------------------------------------------------------------------------------------
