
EMPRESA NACIONAL DE MINERIA (ENM) PRODUCTOR          PACKING LIST                             PAG.  :   1
NATIONAL MINING COMPANY                       CODIGO DE LOTE   : G-14676                      FECHA :04/08/2020
                                              -----------------------------
FLUJO        : 
DESCRIPCION  : CATODOS GRADO A
N° INSTR. DE EMBARQUE : 26112
CLIENTE      : GRACE
Lote Sipa    : 

----------------------------------------------------------------------------------------------------------------------------- 
MARCA       DESCRIPCION         PESO NETO      PESO BRUTO     GRUPO     UNIDADES       UBICACION         SERIE                
-----------------------------------------------------------------------------------------------------------------------------

01AM    FRANJA AMARILLA           2,292           2,293         16         20                           G-14676
01AM    FRANJA AMARILLA           2,246           2,247         36         20                           G-14677
01AM    FRANJA AMARILLA           2,381           2,382         36         20                           G-14678
01AM    FRANJA AMARILLA           2,247           2,248         16         20                           G-14679
01AM    FRANJA AMARILLA           2,180           2,181         16         20                           G-14680
01AM    FRANJA AMARILLA           2,279           2,280         36         20                           G-14681
01AM    FRANJA AMARILLA           2,296           2,297         36         20                           G-14682
01AM    FRANJA AMARILLA           2,344           2,345         18         20                           G-14683
01AM    FRANJA AMARILLA           2,148           2,149         18         20                           G-14684
01AM    FRANJA AMARILLA           2,410           2,411         18         20                           G-14685
01AM    FRANJA AMARILLA           2,429           2,430         18         20                           G-14686
01AM    FRANJA AMARILLA           2,479           2,480         18         20                           G-14687
01AM    FRANJA AMARILLA           2,476           2,477         18         20                           G-14688
01AM    FRANJA AMARILLA           2,416           2,417         16         20                           G-14689
01AM    FRANJA AMARILLA           2,492           2,493         11         20                           G-14690
01AM    FRANJA AMARILLA           2,248           2,249         18         20                           G-14691
01AM    FRANJA AMARILLA           2,448           2,449         18         20                           G-14692
01AM    FRANJA AMARILLA           2,278           2,279         18         20                           G-14693
01AM    FRANJA AMARILLA           2,418           2,419         36         20                           G-14694
01AM    FRANJA AMARILLA           2,230           2,231         36         20                           G-14695
01AM    FRANJA AMARILLA           2,224           2,225         36         20                           G-14696
01AM    FRANJA AMARILLA           2,341           2,342         36         20                           G-14697
01AM    FRANJA AMARILLA           2,279           2,280         36         20                           G-14698
01AM    FRANJA AMARILLA           2,243           2,244         36         20                           G-14699
01AM    FRANJA AMARILLA           2,424           2,425         36         20                           G-14700
01AM    FRANJA AMARILLA           2,167           2,168         36         20                           G-14701
01AM    FRANJA AMARILLA           2,253           2,254         36         20                           G-14702
01AM    FRANJA AMARILLA           2,140           2,141         36         20                           G-14703
01AM    FRANJA AMARILLA           2,225           2,226         18         20                           G-14704
01AM    FRANJA AMARILLA           2,153           2,154         18         20                           G-14705
01AM    FRANJA AMARILLA           2,273           2,274         18         20                           G-14706
01AM    FRANJA AMARILLA           2,193           2,194         18         20                           G-14707
01AM    FRANJA AMARILLA           2,413           2,414         18         20                           G-14708
01AM    FRANJA AMARILLA           2,180           2,181         18         20                           G-14709
01AM    FRANJA AMARILLA           2,009           2,010         18         20                           G-14710
01AM    FRANJA AMARILLA           2,256           2,257         36         20                           G-14711
01AM    FRANJA AMARILLA           2,278           2,279         36         20                           G-14712
01AM    FRANJA AMARILLA           2,335           2,336         36         20                           G-14713
01AM    FRANJA AMARILLA           2,335           2,336         36         20                           G-14714
01AM    FRANJA AMARILLA           2,391           2,392         36         20                           G-14715
01AM    FRANJA AMARILLA           2,292           2,293         36         20                           G-14716
01AM    FRANJA AMARILLA           2,264           2,265         36         20                           G-14717
01AM    FRANJA AMARILLA           2,224           2,225         36         20                           G-14718
01AM    FRANJA AMARILLA           2,208           2,209         36         20                           G-14719
01AM    FRANJA AMARILLA           2,225           2,226         36         20                           G-14720









EMPRESA NACIONAL DE MINERIA (ENM) PRODUCTOR          PACKING LIST                             PAG.  :   2
NATIONAL MINING COMPANY                       CODIGO DE LOTE   : G-14676                      FECHA :04/08/2020
                                              -----------------------------
FLUJO        : 
DESCRIPCION  : CATODOS GRADO A
N° INSTR. DE EMBARQUE : 26112
CLIENTE      : GRACE
Lote Sipa    : 

----------------------------------------------------------------------------------------------------------------------------- 
MARCA       DESCRIPCION         PESO NETO      PESO BRUTO     GRUPO     UNIDADES       UBICACION         SERIE                
-----------------------------------------------------------------------------------------------------------------------------

01AM    FRANJA AMARILLA           2,340           2,341         36         20                           G-14721
01AM    FRANJA AMARILLA           2,262           2,263         36         20                           G-14722
01AM    FRANJA AMARILLA           2,191           2,192         18         20                           G-14723
01AM    FRANJA AMARILLA           2,209           2,210         18         20                           G-14724
01AM    FRANJA AMARILLA           2,291           2,292         18         20                           G-14725
01AM    FRANJA AMARILLA           2,310           2,311         36         20                           G-14726
01AM    FRANJA AMARILLA           2,286           2,287         36         20                           G-14727
01AM    FRANJA AMARILLA           2,166           2,167         36         20                           G-14728
01AM    FRANJA AMARILLA           2,418           2,419         18         20                           G-14729
01AM    FRANJA AMARILLA           2,169           2,170         18         20                           G-14730
01AM    FRANJA AMARILLA           2,290           2,291         18         20                           G-14731
01AM    FRANJA AMARILLA           2,247           2,248         18         20                           G-14732
01AM    FRANJA AMARILLA           2,177           2,178         18         20                           G-14733
01AM    FRANJA AMARILLA           2,149           2,150         36         20                           G-14734
01AM    FRANJA AMARILLA           2,219           2,220         36         20                           G-14735
01AM    FRANJA AMARILLA           2,243           2,244         18         20                           G-14736
01AM    FRANJA AMARILLA           2,199           2,200         18         20                           G-14737
01AM    FRANJA AMARILLA           2,312           2,313         18         20                           G-14738
01AM    FRANJA AMARILLA           2,278           2,279         18         20                           G-14739
01AM    FRANJA AMARILLA           2,271           2,272         18         20                           G-14740
01AM    FRANJA AMARILLA           2,298           2,299         18         20                           G-14741
01AM    FRANJA AMARILLA           2,371           2,372         18         20                           G-14742
01AM    FRANJA AMARILLA           2,326           2,327         18         20                           G-14743
01AM    FRANJA AMARILLA           2,353           2,354         18         20                           G-14744
01AM    FRANJA AMARILLA           2,224           2,225         18         20                           G-14745
01AM    FRANJA AMARILLA           2,437           2,438         18         20                           G-14746
01AM    FRANJA AMARILLA           2,277           2,278         18         20                           G-14747
01AM    FRANJA AMARILLA           2,258           2,259         18         20                           G-14748
01AM    FRANJA AMARILLA           2,434           2,435         18         20                           G-14749
01AM    FRANJA AMARILLA           2,358           2,359         18         20                           G-14750
01AM    FRANJA AMARILLA           2,270           2,271         18         20                           G-14751
01AM    FRANJA AMARILLA           2,340           2,341         18         20                           G-14752
01AM    FRANJA AMARILLA           2,346           2,347         18         20                           G-14753
01AM    FRANJA AMARILLA           2,331           2,332         18         20                           G-14754
01AM    FRANJA AMARILLA           2,297           2,298         30         20                           G-14755
01AM    FRANJA AMARILLA           2,356           2,357         30         20                           G-14756
01AM    FRANJA AMARILLA           2,215           2,216         18         20                           G-14757
01AM    FRANJA AMARILLA           2,484           2,485         16         20                           G-14758
01AM    FRANJA AMARILLA           2,348           2,349         16         20                           G-14759
01AM    FRANJA AMARILLA           2,566           2,567         16         20                           G-14760
01AM    FRANJA AMARILLA           2,224           2,225         16         20                           G-14761
01AM    FRANJA AMARILLA           2,270           2,271         16         20                           G-14762
01AM    FRANJA AMARILLA           2,497           2,498         16         20                           G-14763
01AM    FRANJA AMARILLA           2,474           2,475         16         20                           G-14764
01AM    FRANJA AMARILLA           2,434           2,435         16         20                           G-14765









EMPRESA NACIONAL DE MINERIA (ENM) PRODUCTOR          PACKING LIST                             PAG.  :   3
NATIONAL MINING COMPANY                       CODIGO DE LOTE   : G-14676                      FECHA :04/08/2020
                                              -----------------------------
FLUJO        : 
DESCRIPCION  : CATODOS GRADO A
N° INSTR. DE EMBARQUE : 26112
CLIENTE      : GRACE
Lote Sipa    : 

----------------------------------------------------------------------------------------------------------------------------- 
MARCA       DESCRIPCION         PESO NETO      PESO BRUTO     GRUPO     UNIDADES       UBICACION         SERIE                
-----------------------------------------------------------------------------------------------------------------------------

01AM    FRANJA AMARILLA           2,512           2,513         16         20                           G-14766
01AM    FRANJA AMARILLA           2,392           2,393         16         20                           G-14767
01AM    FRANJA AMARILLA           2,273           2,274         16         20                           G-14768
01AM    FRANJA AMARILLA           2,605           2,606         16         20                           G-14769
01AM    FRANJA AMARILLA           2,507           2,508         16         20                           G-14770
01AM    FRANJA AMARILLA           2,310           2,311         16         20                           G-14771
01AM    FRANJA AMARILLA           2,319           2,320         16         20                           G-14772
01AM    FRANJA AMARILLA           2,498           2,499         16         20                           G-14773
01AM    FRANJA AMARILLA           2,410           2,411         16         20                           G-14774
01AM    FRANJA AMARILLA           2,518           2,519         16         20                           G-14775
01AM    FRANJA AMARILLA           2,389           2,390         16         20                           G-14776
01AM    FRANJA AMARILLA           2,509           2,510         16         20                           G-14777
01AM    FRANJA AMARILLA           2,416           2,417         16         20                           G-14778
01AM    FRANJA AMARILLA           2,505           2,506         16         20                           G-14779
01AM    FRANJA AMARILLA           2,436           2,437         16         20                           G-14780
01AM    FRANJA AMARILLA           2,387           2,388         16         20                           G-14781
01AM    FRANJA AMARILLA           2,405           2,406         16         20                           G-14782
01AM    FRANJA AMARILLA           2,417           2,418         16         20                           G-14783
01AM    FRANJA AMARILLA           2,503           2,504         16         20                           G-14784
01AM    FRANJA AMARILLA           2,534           2,535         16         20                           G-14785
01AM    FRANJA AMARILLA           2,620           2,621         16         20                           G-14786
01AM    FRANJA AMARILLA           2,245           2,246         16         20                           G-14787
01AM    FRANJA AMARILLA           2,493           2,494         16         20                           G-14788
01AM    FRANJA AMARILLA           2,351           2,352         16         20                           G-14789
01AM    FRANJA AMARILLA           2,253           2,254         16         20                           G-14790
01AM    FRANJA AMARILLA           2,434           2,435         37         20                           G-14791
01AM    FRANJA AMARILLA           2,169           2,170         37         20                           G-14792
01AM    FRANJA AMARILLA           2,170           2,171         37         20                           G-14793
01AM    FRANJA AMARILLA           2,219           2,220         37         20                           G-14794
01AM    FRANJA AMARILLA           2,384           2,385         37         20                           G-14795
01AM    FRANJA AMARILLA           2,476           2,477         37         20                           G-14796
01AM    FRANJA AMARILLA           2,343           2,344         37         20                           G-14797
01AM    FRANJA AMARILLA           2,320           2,321         37         20                           G-14798
01AM    FRANJA AMARILLA           2,177           2,178         37         20                           G-14799
01AM    FRANJA AMARILLA           2,273           2,274         37         20                           G-14800
01AM    FRANJA AMARILLA           2,261           2,262         37         20                           G-14801
01AM    FRANJA AMARILLA           2,253           2,254         37         20                           G-14802
01AM    FRANJA AMARILLA           2,402           2,403         37         20                           G-14803
01AM    FRANJA AMARILLA           2,417           2,418         37         20                           G-14804


------------------------------------------------------------------------------------------------------------------------
T.SUB-LOTES              TOT.PAQUETES =129      TOT.UNID. = 2580   T/P NETO (kg) = 299,982      T/P BRUTO (kg) = 300,111
------------------------------------------------------------------------------------------------------------------------
