
EMPRESA NACIONAL DE MINERIA (ENM) PRODUCTOR          PACKING LIST                             PAG.  :   1
NATIONAL MINING COMPANY                       CODIGO DE LOTE   : A-1571                      FECHA :05/05/2020
                                              -----------------------------
FLUJO        : 
DESCRIPCION  : CATODOS EW EL SALADO
N° INSTR. DE EMBARQUE : 25838
CLIENTE      : COYHAIQUE
Lote Sipa    : 20010136

----------------------------------------------------------------------------------------------------------------------------- 
MARCA       DESCRIPCION         PESO NETO      PESO BRUTO     GRUPO     UNIDADES       UBICACION         SERIE                
-----------------------------------------------------------------------------------------------------------------------------

01RJ    FRANJA ROJA               2,028           2,029                    86                           A-1571 
01RJ    FRANJA ROJA               1,981           1,982                    81                           A-1572 
01RJ    FRANJA ROJA               2,036           2,037                    93                           A-1573 
01RJ    FRANJA ROJA               2,034           2,035                    80                           A-1574 
01RJ    FRANJA ROJA               2,023           2,024                    83                           A-1575 
01RJ    FRANJA ROJA               2,030           2,031                    81                           A-1576 
01RJ    FRANJA ROJA               1,962           1,963                    80                           A-1577 
01RJ    FRANJA ROJA               2,027           2,028                    89                           A-1578 
01RJ    FRANJA ROJA               2,017           2,018                    86                           A-1579 
01RJ    FRANJA ROJA               1,972           1,973                    76                           A-1580 
01RJ    FRANJA ROJA               2,030           2,031                    79                           A-1581 
01RJ    FRANJA ROJA               2,018           2,019                    66                           A-1582 
01RJ    FRANJA ROJA               1,968           1,969                    77                           A-1583 
01RJ    FRANJA ROJA               1,999           2,000                    82                           A-1584 
01RJ    FRANJA ROJA               2,010           2,011                    100                          A-1586 
01RJ    FRANJA ROJA               1,952           1,953                    81                           A-1587 
01RJ    FRANJA ROJA               1,975           1,976                    83                           A-1588 
01RJ    FRANJA ROJA               2,044           2,045                    78                           A-1589 
01RJ    FRANJA ROJA               2,035           2,036                    85                           A-1590 
01RJ    FRANJA ROJA               1,996           1,997                    86                           A-1591 
01RJ    FRANJA ROJA               2,044           2,045                    91                           A-1592 
01RJ    FRANJA ROJA               1,955           1,956                    97                           A-1593 
01RJ    FRANJA ROJA               1,973           1,974                    89                           A-1594 
01RJ    FRANJA ROJA               2,003           2,004                    87                           A-1595 
01RJ    FRANJA ROJA               2,022           2,023                    80                           A-1596 
01RJ    FRANJA ROJA               1,962           1,963                    89                           A-1597 
01RJ    FRANJA ROJA               1,968           1,969                    88                           A-1598 
01RJ    FRANJA ROJA               2,014           2,015                    84                           A-1601 
01RJ    FRANJA ROJA               1,942           1,943                    90                           A-1602 
01RJ    FRANJA ROJA               1,988           1,989                    75                           A-1603 
01RJ    FRANJA ROJA               1,959           1,960                    76                           A-1604 
01RJ    FRANJA ROJA               2,037           2,038                    100                          A-1605 
01RJ    FRANJA ROJA               2,046           2,047                    70                           A-1606 
01RJ    FRANJA ROJA               1,960           1,961                    99                           A-1607 
01RJ    FRANJA ROJA               2,021           2,022                    84                           A-1608 
01RJ    FRANJA ROJA               1,970           1,971                    96                           A-1609 
01RJ    FRANJA ROJA               2,019           2,020                    92                           A-1610 
01RJ    FRANJA ROJA               2,028           2,029                    87                           A-1611 
01RJ    FRANJA ROJA               1,951           1,952                    96                           A-1612 
01RJ    FRANJA ROJA               1,998           1,999                    80                           A-1613 
01RJ    FRANJA ROJA               1,959           1,960                    89                           A-1614 
01RJ    FRANJA ROJA               2,059           2,060                    79                           A-1616 
01RJ    FRANJA ROJA               1,981           1,982                    94                           A-1617 
01RJ    FRANJA ROJA               2,015           2,016                    81                           A-1618 
01RJ    FRANJA ROJA               1,998           1,999                    98                           A-1619 









EMPRESA NACIONAL DE MINERIA (ENM) PRODUCTOR          PACKING LIST                             PAG.  :   2
NATIONAL MINING COMPANY                       CODIGO DE LOTE   : A-1571                      FECHA :05/05/2020
                                              -----------------------------
FLUJO        : 
DESCRIPCION  : CATODOS EW EL SALADO
N° INSTR. DE EMBARQUE : 25838
CLIENTE      : COYHAIQUE
Lote Sipa    : 20010136

----------------------------------------------------------------------------------------------------------------------------- 
MARCA       DESCRIPCION         PESO NETO      PESO BRUTO     GRUPO     UNIDADES       UBICACION         SERIE                
-----------------------------------------------------------------------------------------------------------------------------

01RJ    FRANJA ROJA               2,032           2,033                    78                           A-1620 
01RJ    FRANJA ROJA               1,963           1,964                    87                           A-1621 
01RJ    FRANJA ROJA               1,966           1,967                    83                           A-1622 
01RJ    FRANJA ROJA               1,960           1,961                    74                           A-1623 
01RJ    FRANJA ROJA               2,038           2,039                    88                           A-1624 
01RJ    FRANJA ROJA               1,966           1,967                    82                           A-1625 
01RJ    FRANJA ROJA               2,022           2,023                    83                           A-1626 
01RJ    FRANJA ROJA               1,972           1,973                    77                           A-1627 
01RJ    FRANJA ROJA               2,021           2,022                    85                           A-1628 
01RJ    FRANJA ROJA               2,041           2,042                    89                           A-1629 
01RJ    FRANJA ROJA               2,035           2,036                    90                           A-1631 
01RJ    FRANJA ROJA               2,044           2,045                    94                           A-1632 
01RJ    FRANJA ROJA               1,954           1,955                    84                           A-1633 
01RJ    FRANJA ROJA               1,960           1,961                    87                           A-1634 
01RJ    FRANJA ROJA               2,001           2,002                    92                           A-1635 
01RJ    FRANJA ROJA               2,008           2,009                    86                           A-1636 
01RJ    FRANJA ROJA               2,004           2,005                    98                           A-1637 
01RJ    FRANJA ROJA               2,039           2,040                    91                           A-1638 
01RJ    FRANJA ROJA               2,015           2,016                    98                           A-1639 
01RJ    FRANJA ROJA               2,031           2,032                    70                           A-1640 
01RJ    FRANJA ROJA               1,963           1,964                    95                           A-1641 
01RJ    FRANJA ROJA               2,026           2,027                    88                           A-1642 
01RJ    FRANJA ROJA               2,025           2,026                    83                           A-1643 
01RJ    FRANJA ROJA               1,972           1,973                    90                           A-1644 
01RJ    FRANJA ROJA               2,002           2,003                    87                           A-1646 
01RJ    FRANJA ROJA               2,004           2,005                    92                           A-1647 
01RJ    FRANJA ROJA               1,986           1,987                    92                           A-1648 
01RJ    FRANJA ROJA               1,980           1,981                    98                           A-1649 
01RJ    FRANJA ROJA               2,039           2,040                    87                           A-1650 
01RJ    FRANJA ROJA               1,948           1,949                    98                           A-1651 
01RJ    FRANJA ROJA               2,043           2,044                    102                          A-1652 
01RJ    FRANJA ROJA               1,983           1,984                    99                           A-1653 
01RJ    FRANJA ROJA               1,966           1,967                    78                           A-1654 
01RJ    FRANJA ROJA               2,018           2,019                    79                           A-1655 
01RJ    FRANJA ROJA               2,034           2,035                    103                          A-1656 
01RJ    FRANJA ROJA               1,965           1,966                    79                           A-1657 
01RJ    FRANJA ROJA               1,997           1,998                    98                           A-1658 
01RJ    FRANJA ROJA               1,962           1,963                    81                           A-1659 
01RJ    FRANJA ROJA               2,043           2,044                    93                           A-1661 
01RJ    FRANJA ROJA               1,979           1,980                    96                           A-1662 
01RJ    FRANJA ROJA               2,021           2,022                    78                           A-1663 
01RJ    FRANJA ROJA               2,001           2,002                    82                           A-1664 
01RJ    FRANJA ROJA               1,989           1,990                    95                           A-1665 
01RJ    FRANJA ROJA               2,031           2,032                    91                           A-1666 
01RJ    FRANJA ROJA               2,030           2,031                    74                           A-1667 









EMPRESA NACIONAL DE MINERIA (ENM) PRODUCTOR          PACKING LIST                             PAG.  :   3
NATIONAL MINING COMPANY                       CODIGO DE LOTE   : A-1571                      FECHA :05/05/2020
                                              -----------------------------
FLUJO        : 
DESCRIPCION  : CATODOS EW EL SALADO
N° INSTR. DE EMBARQUE : 25838
CLIENTE      : COYHAIQUE
Lote Sipa    : 20010136

----------------------------------------------------------------------------------------------------------------------------- 
MARCA       DESCRIPCION         PESO NETO      PESO BRUTO     GRUPO     UNIDADES       UBICACION         SERIE                
-----------------------------------------------------------------------------------------------------------------------------

01RJ    FRANJA ROJA               1,993           1,994                    85                           A-1668 
01RJ    FRANJA ROJA               2,038           2,039                    79                           A-1669 
01RJ    FRANJA ROJA               1,961           1,962                    87                           A-1670 
01RJ    FRANJA ROJA               2,015           2,016                    75                           A-1671 
01RJ    FRANJA ROJA               1,966           1,967                    81                           A-1672 
01RJ    FRANJA ROJA               2,027           2,028                    88                           A-1673 
01RJ    FRANJA ROJA               2,003           2,004                    88                           A-1674 
01RJ    FRANJA ROJA               2,051           2,052                    94                           A-1676 
01RJ    FRANJA ROJA               2,052           2,053                    95                           A-1677 
01RJ    FRANJA ROJA               1,990           1,991                    91                           A-1678 
01RJ    FRANJA ROJA               1,979           1,980                    99                           A-1679 
01RJ    FRANJA ROJA               1,956           1,957                    100                          A-1680 
01RJ    FRANJA ROJA               2,046           2,047                    90                           A-1681 
01RJ    FRANJA ROJA               1,985           1,986                    93                           A-1682 
01RJ    FRANJA ROJA               1,997           1,998                    88                           A-1683 
01RJ    FRANJA ROJA               2,001           2,002                    87                           A-1684 
01RJ    FRANJA ROJA               1,963           1,964                    99                           A-1685 
01RJ    FRANJA ROJA               1,982           1,983                    92                           A-1686 
01RJ    FRANJA ROJA               1,990           1,991                    95                           A-1687 
01RJ    FRANJA ROJA               1,980           1,981                    85                           A-1688 
01RJ    FRANJA ROJA               2,036           2,037                    94                           A-1689 
01RJ    FRANJA ROJA               2,037           2,038                    81                           A-1691 
01RJ    FRANJA ROJA               1,971           1,972                    81                           A-1692 
01RJ    FRANJA ROJA               2,033           2,034                    79                           A-1693 
01RJ    FRANJA ROJA               2,001           2,002                    84                           A-1694 
01RJ    FRANJA ROJA               1,967           1,968                    80                           A-1695 
01RJ    FRANJA ROJA               2,024           2,025                    85                           A-1696 
01RJ    FRANJA ROJA               2,006           2,007                    83                           A-1697 
01RJ    FRANJA ROJA               2,009           2,010                    80                           A-1698 
01RJ    FRANJA ROJA               2,045           2,046                    78                           A-1699 
01RJ    FRANJA ROJA               1,957           1,958                    80                           A-1700 
01RJ    FRANJA ROJA               2,032           2,033                    85                           A-1701 
01RJ    FRANJA ROJA               2,005           2,006                    80                           A-1702 
01RJ    FRANJA ROJA               1,970           1,971                    83                           A-1703 
01RJ    FRANJA ROJA               1,961           1,962                    88                           A-1704 
01RJ    FRANJA ROJA               1,985           1,986                    87                           A-1706 
01RJ    FRANJA ROJA               2,015           2,016                    86                           A-1707 
01RJ    FRANJA ROJA               1,994           1,995                    81                           A-1708 
01RJ    FRANJA ROJA               2,049           2,050                    78                           A-1709 
01RJ    FRANJA ROJA               1,978           1,979                    82                           A-1710 
01RJ    FRANJA ROJA               2,023           2,024                    80                           A-1711 
01RJ    FRANJA ROJA               1,990           1,991                    96                           A-1712 
01RJ    FRANJA ROJA               2,042           2,043                    88                           A-1713 
01RJ    FRANJA ROJA               1,987           1,988                    87                           A-1714 
01RJ    FRANJA ROJA               2,037           2,038                    78                           A-1715 









EMPRESA NACIONAL DE MINERIA (ENM) PRODUCTOR          PACKING LIST                             PAG.  :   4
NATIONAL MINING COMPANY                       CODIGO DE LOTE   : A-1571                      FECHA :05/05/2020
                                              -----------------------------
FLUJO        : 
DESCRIPCION  : CATODOS EW EL SALADO
N° INSTR. DE EMBARQUE : 25838
CLIENTE      : COYHAIQUE
Lote Sipa    : 20010136

----------------------------------------------------------------------------------------------------------------------------- 
MARCA       DESCRIPCION         PESO NETO      PESO BRUTO     GRUPO     UNIDADES       UBICACION         SERIE                
-----------------------------------------------------------------------------------------------------------------------------

01RJ    FRANJA ROJA               1,975           1,976                    80                           A-1716 
01RJ    FRANJA ROJA               2,003           2,004                    82                           A-1717 
01RJ    FRANJA ROJA               2,011           2,012                    78                           A-1718 
01RJ    FRANJA ROJA               1,991           1,992                    88                           A-1720 
01RJ    FRANJA ROJA               1,991           1,992                    81                           A-1721 
01RJ    FRANJA ROJA               1,959           1,960                    74                           A-1722 
01RJ    FRANJA ROJA               2,016           2,017                    82                           A-1723 
01RJ    FRANJA ROJA               1,992           1,993                    81                           A-1724 
01RJ    FRANJA ROJA               1,974           1,975                    86                           A-1725 
01RJ    FRANJA ROJA               2,037           2,038                    78                           A-1726 
01RJ    FRANJA ROJA               2,029           2,030                    72                           A-1727 
01RJ    FRANJA ROJA               1,963           1,964                    86                           A-1728 
01RJ    FRANJA ROJA               1,961           1,962                    80                           A-1729 
01RJ    FRANJA ROJA               2,029           2,030                    84                           A-1730 
01RJ    FRANJA ROJA               1,953           1,954                    84                           A-1731 
01RJ    FRANJA ROJA               2,036           2,037                    83                           A-1732 
01RJ    FRANJA ROJA               2,045           2,046                    71                           A-1733 
01RJ    FRANJA ROJA               2,031           2,032                    93                           A-1735 
01RJ    FRANJA ROJA               1,956           1,957                    97                           A-1736 
01RJ    FRANJA ROJA               1,990           1,991                    74                           A-1737 
01RJ    FRANJA ROJA               1,984           1,985                    91                           A-1738 
01RJ    FRANJA ROJA               1,973           1,974                    103                          A-1739 
01RJ    FRANJA ROJA               1,972           1,973                    87                           A-1740 
01RJ    FRANJA ROJA               1,973           1,974                    96                           A-1741 
01RJ    FRANJA ROJA               2,005           2,006                    92                           A-1742 
01RJ    FRANJA ROJA               1,987           1,988                    91                           A-1743 
01RJ    FRANJA ROJA               1,959           1,960                    102                          A-1744 
01RJ    FRANJA ROJA               2,004           2,005                    83                           A-1745 
01RJ    FRANJA ROJA               2,013           2,014                    94                           A-1746 
01RJ    FRANJA ROJA               1,971           1,972                    87                           A-1747 
01RJ    FRANJA ROJA               1,975           1,976                    90                           A-1748 
01RJ    FRANJA ROJA               1,958           1,959                    72                           A-1750 
01RJ    FRANJA ROJA               1,961           1,962                    88                           A-1751 
01RJ    FRANJA ROJA               2,044           2,045                    85                           A-1752 
01RJ    FRANJA ROJA               2,035           2,036                    88                           A-1753 
01RJ    FRANJA ROJA               1,996           1,997                    81                           A-1754 
01RJ    FRANJA ROJA               1,995           1,996                    81                           A-1755 
01RJ    FRANJA ROJA               2,021           2,022                    86                           A-1756 
01RJ    FRANJA ROJA               2,024           2,025                    87                           A-1757 
01RJ    FRANJA ROJA               2,046           2,047                    87                           A-1758 
01RJ    FRANJA ROJA               1,980           1,981                    95                           A-1759 
01RJ    FRANJA ROJA               1,968           1,969                    65                           A-1760 
01RJ    FRANJA ROJA               1,959           1,960                    79                           A-1761 
01RJ    FRANJA ROJA               2,046           2,047                    97                           A-1762 
01RJ    FRANJA ROJA               2,028           2,029                    66                           A-1763 









EMPRESA NACIONAL DE MINERIA (ENM) PRODUCTOR          PACKING LIST                             PAG.  :   5
NATIONAL MINING COMPANY                       CODIGO DE LOTE   : A-1571                      FECHA :05/05/2020
                                              -----------------------------
FLUJO        : 
DESCRIPCION  : CATODOS EW EL SALADO
N° INSTR. DE EMBARQUE : 25838
CLIENTE      : COYHAIQUE
Lote Sipa    : 20010136

----------------------------------------------------------------------------------------------------------------------------- 
MARCA       DESCRIPCION         PESO NETO      PESO BRUTO     GRUPO     UNIDADES       UBICACION         SERIE                
-----------------------------------------------------------------------------------------------------------------------------

01RJ    FRANJA ROJA               1,997           1,998                    82                           A-1765 
01RJ    FRANJA ROJA               2,050           2,051                    87                           A-1766 
01RJ    FRANJA ROJA               2,046           2,047                    62                           A-1767 
01RJ    FRANJA ROJA               2,017           2,018                    86                           A-1768 
01RJ    FRANJA ROJA               1,981           1,982                    81                           A-1769 
01RJ    FRANJA ROJA               1,970           1,971                    80                           A-1770 
01RJ    FRANJA ROJA               2,020           2,021                    84                           A-1771 
01RJ    FRANJA ROJA               2,051           2,052                    73                           A-1772 
01RJ    FRANJA ROJA               2,029           2,030                    70                           A-1773 
01RJ    FRANJA ROJA               2,027           2,028                    81                           A-1774 
01RJ    FRANJA ROJA               2,044           2,045                    73                           A-1775 
01RJ    FRANJA ROJA               1,966           1,967                    80                           A-1776 
01RJ    FRANJA ROJA               2,035           2,036                    84                           A-1777 
01RJ    FRANJA ROJA               2,014           2,015                    90                           A-1778 
01RJ    FRANJA ROJA               2,052           2,053                    81                           A-1780 
01RJ    FRANJA ROJA               2,017           2,018                    86                           A-1781 
01RJ    FRANJA ROJA               1,973           1,974                    84                           A-1782 
01RJ    FRANJA ROJA               1,980           1,981                    82                           A-1783 
01RJ    FRANJA ROJA               1,971           1,972                    75                           A-1784 
01RJ    FRANJA ROJA               2,014           2,015                    85                           A-1785 
01RJ    FRANJA ROJA               1,968           1,969                    87                           A-1786 
01RJ    FRANJA ROJA               2,045           2,046                    81                           A-1787 
01RJ    FRANJA ROJA               2,039           2,040                    68                           A-1788 
01RJ    FRANJA ROJA               1,957           1,958                    80                           A-1789 
01RJ    FRANJA ROJA               2,006           2,007                    77                           A-1790 
01RJ    FRANJA ROJA               2,042           2,043                    85                           A-1791 
01RJ    FRANJA ROJA               1,972           1,973                    82                           A-1792 
01RJ    FRANJA ROJA               2,037           2,038                    88                           A-1793 
01RJ    FRANJA ROJA               1,969           1,970                    76                           A-1795 
01RJ    FRANJA ROJA               1,950           1,951                    75                           A-1796 
01RJ    FRANJA ROJA               2,044           2,045                    77                           A-1797 
01RJ    FRANJA ROJA               2,007           2,008                    79                           A-1798 
01RJ    FRANJA ROJA               2,028           2,029                    75                           A-1799 
01RJ    FRANJA ROJA               2,028           2,029                    83                           A-1800 
01RJ    FRANJA ROJA               2,010           2,011                    94                           A-1801 
01RJ    FRANJA ROJA               2,020           2,021                    87                           A-1802 
01RJ    FRANJA ROJA               2,024           2,025                    84                           A-1803 
01RJ    FRANJA ROJA               1,959           1,960                    76                           A-1804 
01RJ    FRANJA ROJA               2,042           2,043                    95                           A-1805 
01RJ    FRANJA ROJA               2,045           2,046                    83                           A-1806 
01RJ    FRANJA ROJA               1,967           1,968                    80                           A-1807 
01RJ    FRANJA ROJA               2,034           2,035                    80                           A-1808 
01RJ    FRANJA ROJA               1,993           1,994                    70                           A-1810 
01RJ    FRANJA ROJA               1,976           1,977                    102                          A-1811 
01RJ    FRANJA ROJA               2,038           2,039                    81                           A-1812 









EMPRESA NACIONAL DE MINERIA (ENM) PRODUCTOR          PACKING LIST                             PAG.  :   6
NATIONAL MINING COMPANY                       CODIGO DE LOTE   : A-1571                      FECHA :05/05/2020
                                              -----------------------------
FLUJO        : 
DESCRIPCION  : CATODOS EW EL SALADO
N° INSTR. DE EMBARQUE : 25838
CLIENTE      : COYHAIQUE
Lote Sipa    : 20010136

----------------------------------------------------------------------------------------------------------------------------- 
MARCA       DESCRIPCION         PESO NETO      PESO BRUTO     GRUPO     UNIDADES       UBICACION         SERIE                
-----------------------------------------------------------------------------------------------------------------------------

01RJ    FRANJA ROJA               2,041           2,042                    94                           A-1813 
01RJ    FRANJA ROJA               2,042           2,043                    81                           A-1814 
01RJ    FRANJA ROJA               2,029           2,030                    102                          A-1815 
01RJ    FRANJA ROJA               1,975           1,976                    95                           A-1816 
01RJ    FRANJA ROJA               2,051           2,052                    96                           A-1817 
01RJ    FRANJA ROJA               2,026           2,027                    72                           A-1818 
01RJ    FRANJA ROJA               2,003           2,004                    91                           A-1819 
01RJ    FRANJA ROJA               2,017           2,018                    102                          A-1820 
01RJ    FRANJA ROJA               2,003           2,004                    76                           A-1821 
01RJ    FRANJA ROJA               2,019           2,020                    88                           A-1822 
01RJ    FRANJA ROJA               2,032           2,033                    80                           A-1823 
01RJ    FRANJA ROJA               2,054           2,055                    65                           A-1825 
01RJ    FRANJA ROJA               2,022           2,023                    62                           A-1826 
01RJ    FRANJA ROJA               1,973           1,974                    75                           A-1827 
01RJ    FRANJA ROJA               2,031           2,032                    82                           A-1828 
01RJ    FRANJA ROJA               2,039           2,040                    85                           A-1829 
01RJ    FRANJA ROJA               2,004           2,005                    67                           A-1830 
01RJ    FRANJA ROJA               1,997           1,998                    102                          A-1831 
01RJ    FRANJA ROJA               2,032           2,033                    75                           A-1832 
01RJ    FRANJA ROJA               2,024           2,025                    83                           A-1833 
01RJ    FRANJA ROJA               1,963           1,964                    91                           A-1834 
01RJ    FRANJA ROJA               2,034           2,035                    96                           A-1835 
01RJ    FRANJA ROJA               1,950           1,951                    101                          A-1836 
01RJ    FRANJA ROJA               1,984           1,985                    110                          A-1837 
01RJ    FRANJA ROJA               2,011           2,012                    91                           A-1838 


------------------------------------------------------------------------------------------------------------------------
T.SUB-LOTES              TOT.PAQUETES =250      TOT.UNID. = 21292   T/P NETO (kg) = 500,846      T/P BRUTO (kg) = 501,096
------------------------------------------------------------------------------------------------------------------------
