
EMPRESA NACIONAL DE MINERIA (ENM) PRODUCTOR          PACKING LIST                             PAG.  :   1
NATIONAL MINING COMPANY                       CODIGO DE LOTE   : E-13635                      FECHA :08/06/2018
                                              -----------------------------
FLUJO        : 
DESCRIPCION  : CATODOS GRADO A
N° INSTR. DE EMBARQUE : 24536
CLIENTE      : NORDIC MACAU
Lote Sipa    : 

----------------------------------------------------------------------------------------------------------------------------- 
MARCA       DESCRIPCION         PESO NETO      PESO BRUTO     GRUPO     UNIDADES       UBICACION         SERIE                
-----------------------------------------------------------------------------------------------------------------------------

01NE    FRANJA NEGRA              2,453           2,454         05         20                           E-13635
01NE    FRANJA NEGRA              2,511           2,512         37         20                           E-13636
01NE    FRANJA NEGRA              2,523           2,524         05         20                           E-13637
01NE    FRANJA NEGRA              2,461           2,462         05         20                           E-13638
01NE    FRANJA NEGRA              2,431           2,432         29         20                           E-13639
01NE    FRANJA NEGRA              2,408           2,409         29         20                           E-13640
01NE    FRANJA NEGRA              2,477           2,478         05         20                           E-13641
01NE    FRANJA NEGRA              2,440           2,441         29         20                           E-13642
01NE    FRANJA NEGRA              2,443           2,444         29         20                           E-13643
01NE    FRANJA NEGRA              2,443           2,444         05         20                           E-13644
01NE    FRANJA NEGRA              2,485           2,486         05         20                           E-13645
01NE    FRANJA NEGRA              2,489           2,490         05         20                           E-13646
01NE    FRANJA NEGRA              2,476           2,477         37         20                           E-13647
01NE    FRANJA NEGRA              2,464           2,465         05         20                           E-13648
01NE    FRANJA NEGRA              2,462           2,463         37         20                           E-13649
01NE    FRANJA NEGRA              2,414           2,415         37         20                           E-13650
01NE    FRANJA NEGRA              2,274           2,275         29         20                           E-13651
01NE    FRANJA NEGRA              2,118           2,119         29         20                           E-13652
01NE    FRANJA NEGRA              2,438           2,439         05         20                           E-13653
01NE    FRANJA NEGRA              2,448           2,449         29         20                           E-13654
01NE    FRANJA NEGRA              2,433           2,434         05         20                           E-13655
01NE    FRANJA NEGRA              2,318           2,319         29         20                           E-13656
01NE    FRANJA NEGRA              2,489           2,490         37         20                           E-13657
01NE    FRANJA NEGRA              2,424           2,425         05         20                           E-13658
01NE    FRANJA NEGRA              2,361           2,362         37         20                           E-13659
01NE    FRANJA NEGRA              2,526           2,527         37         20                           E-13660
01NE    FRANJA NEGRA              2,302           2,303         37         20                           E-13661
01NE    FRANJA NEGRA              2,352           2,353         37         20                           E-13662
01NE    FRANJA NEGRA              2,436           2,437         37         20                           E-13663
01NE    FRANJA NEGRA              2,299           2,300         37         20                           E-13664
01NE    FRANJA NEGRA              2,474           2,475         37         20                           E-13665
01NE    FRANJA NEGRA              2,351           2,352         05         20                           E-13666
01NE    FRANJA NEGRA              2,380           2,381         05         20                           E-13667
01NE    FRANJA NEGRA              2,281           2,282         05         20                           E-13668
01NE    FRANJA NEGRA              2,458           2,459         05         20                           E-13669
01NE    FRANJA NEGRA              2,248           2,249         05         20                           E-13670
01NE    FRANJA NEGRA              2,382           2,383         37         20                           E-13671
01NE    FRANJA NEGRA              2,506           2,507         37         20                           E-13672
01NE    FRANJA NEGRA              2,485           2,486         37         20                           E-13673
01NE    FRANJA NEGRA              2,370           2,371         05         20                           E-13674
01NE    FRANJA NEGRA              2,466           2,467         37         20                           E-13675
01NE    FRANJA NEGRA              2,316           2,317         05         20                           E-13676
01NE    FRANJA NEGRA              2,329           2,330         05         20                           E-13677
01NE    FRANJA NEGRA              2,288           2,289         37         20                           E-13678
01NE    FRANJA NEGRA              2,384           2,385         05         20                           E-13679









EMPRESA NACIONAL DE MINERIA (ENM) PRODUCTOR          PACKING LIST                             PAG.  :   2
NATIONAL MINING COMPANY                       CODIGO DE LOTE   : E-13635                      FECHA :08/06/2018
                                              -----------------------------
FLUJO        : 
DESCRIPCION  : CATODOS GRADO A
N° INSTR. DE EMBARQUE : 24536
CLIENTE      : NORDIC MACAU
Lote Sipa    : 

----------------------------------------------------------------------------------------------------------------------------- 
MARCA       DESCRIPCION         PESO NETO      PESO BRUTO     GRUPO     UNIDADES       UBICACION         SERIE                
-----------------------------------------------------------------------------------------------------------------------------

01NE    FRANJA NEGRA              2,215           2,216         37         20                           E-13680
01NE    FRANJA NEGRA              2,470           2,471         37         20                           E-13681
01NE    FRANJA NEGRA              2,347           2,348         05         20                           E-13682
01NE    FRANJA NEGRA              2,250           2,251         17         20                           E-13683
01NE    FRANJA NEGRA              2,250           2,251         17         20                           E-13684
01NE    FRANJA NEGRA              2,343           2,344         05         20                           E-13685
01NE    FRANJA NEGRA              2,143           2,144         17         20                           E-13686
01NE    FRANJA NEGRA              2,311           2,312         17         20                           E-13687
01NE    FRANJA NEGRA              2,302           2,303         17         20                           E-13688
01NE    FRANJA NEGRA              2,305           2,306         17         20                           E-13689
01NE    FRANJA NEGRA              2,350           2,351         17         20                           E-13690
01NE    FRANJA NEGRA              2,248           2,249         17         20                           E-13691
01NE    FRANJA NEGRA              2,337           2,338         17         20                           E-13692
01NE    FRANJA NEGRA              2,484           2,485         05         20                           E-13693
01NE    FRANJA NEGRA              2,275           2,276         17         20                           E-13694
01NE    FRANJA NEGRA              2,239           2,240         05         20                           E-13695
01NE    FRANJA NEGRA              2,315           2,316         17         20                           E-13696
01NE    FRANJA NEGRA              2,066           2,067         17         20                           E-13697
01NE    FRANJA NEGRA              2,310           2,311         17         20                           E-13698
01NE    FRANJA NEGRA              2,328           2,329         17         20                           E-13699
01NE    FRANJA NEGRA              2,294           2,295         05         20                           E-13700
01NE    FRANJA NEGRA              2,262           2,263         17         20                           E-13701
01NE    FRANJA NEGRA              2,176           2,177         05         20                           E-13702
01NE    FRANJA NEGRA              2,281           2,282         05         20                           E-13703
01NE    FRANJA NEGRA              2,230           2,231         05         20                           E-13704
01NE    FRANJA NEGRA              2,220           2,221         05         20                           E-13705
01NE    FRANJA NEGRA              2,395           2,396         05         20                           E-13706
01NE    FRANJA NEGRA              2,223           2,224         05         20                           E-13707
01NE    FRANJA NEGRA              2,333           2,334         05         20                           E-13708
01NE    FRANJA NEGRA              2,417           2,418         17         20                           E-13709
01NE    FRANJA NEGRA              2,354           2,355         05         20                           E-13710
01NE    FRANJA NEGRA              2,323           2,324         17         20                           E-13711
01NE    FRANJA NEGRA              2,377           2,378         17         20                           E-13712
01NE    FRANJA NEGRA              2,439           2,440         17         20                           E-13713
01NE    FRANJA NEGRA              2,331           2,332         17         20                           E-13714
01NE    FRANJA NEGRA              2,446           2,447         17         20                           E-13715
01NE    FRANJA NEGRA              2,477           2,478         17         20                           E-13716
01NE    FRANJA NEGRA              2,454           2,455         05         20                           E-13717
01NE    FRANJA NEGRA              2,399           2,400         17         20                           E-13718
01NE    FRANJA NEGRA              2,418           2,419         05         20                           E-13719
01NE    FRANJA NEGRA              2,319           2,320         17         20                           E-13720
01NE    FRANJA NEGRA              2,478           2,479         05         20                           E-13721
01NE    FRANJA NEGRA              2,415           2,416         17         20                           E-13722
01NE    FRANJA NEGRA              2,395           2,396         17         20                           E-13723
01NE    FRANJA NEGRA              2,470           2,471         17         20                           E-13724









EMPRESA NACIONAL DE MINERIA (ENM) PRODUCTOR          PACKING LIST                             PAG.  :   3
NATIONAL MINING COMPANY                       CODIGO DE LOTE   : E-13635                      FECHA :08/06/2018
                                              -----------------------------
FLUJO        : 
DESCRIPCION  : CATODOS GRADO A
N° INSTR. DE EMBARQUE : 24536
CLIENTE      : NORDIC MACAU
Lote Sipa    : 

----------------------------------------------------------------------------------------------------------------------------- 
MARCA       DESCRIPCION         PESO NETO      PESO BRUTO     GRUPO     UNIDADES       UBICACION         SERIE                
-----------------------------------------------------------------------------------------------------------------------------

01NE    FRANJA NEGRA              2,476           2,477         05         20                           E-13725
01NE    FRANJA NEGRA              2,233           2,234         17         20                           E-13726
01NE    FRANJA NEGRA              2,140           2,141         17         20                           E-13727
01NE    FRANJA NEGRA              2,314           2,315         17         20                           E-13728
01NE    FRANJA NEGRA              2,327           2,328         05         20                           E-13729
01NE    FRANJA NEGRA              2,316           2,317         17         20                           E-13730
01NE    FRANJA NEGRA              2,218           2,219         17         20                           E-13731
01NE    FRANJA NEGRA              2,378           2,379         17         20                           E-13732
01NE    FRANJA NEGRA              2,257           2,258         43         20                           E-13733
01NE    FRANJA NEGRA              2,228           2,229         17         20                           E-13734
01NE    FRANJA NEGRA              2,260           2,261         17         20                           E-13735
01NE    FRANJA NEGRA              2,144           2,145         10         20                           E-13736
01NE    FRANJA NEGRA              2,446           2,447         29         20                           E-13737
01NE    FRANJA NEGRA              2,436           2,437         29         20                           E-13738
01NE    FRANJA NEGRA              2,354           2,355         29         20                           E-13739
01NE    FRANJA NEGRA              2,296           2,297         29         20                           E-13740


------------------------------------------------------------------------------------------------------------------------
T.SUB-LOTES              TOT.PAQUETES =106      TOT.UNID. = 2120   T/P NETO (kg) = 249,953      T/P BRUTO (kg) = 250,059
------------------------------------------------------------------------------------------------------------------------
