
EMPRESA NACIONAL DE MINERIA (ENM) PRODUCTOR          PACKING LIST                             PAG.  :   1
NATIONAL MINING COMPANY                       CODIGO DE LOTE   : D-2273                      FECHA :20/04/2023
                                              -----------------------------
FLUJO        : 
DESCRIPCION  : CATODOS EW TALTAL
N° INSTR. DE EMBARQUE : 930821
CLIENTE      : 
Lote Sipa    : 23040370

----------------------------------------------------------------------------------------------------------------------------- 
MARCA       DESCRIPCION         PESO NETO      PESO BRUTO     GRUPO     UNIDADES       UBICACION         SERIE                
-----------------------------------------------------------------------------------------------------------------------------

14AM    14 AMARILLO               2,018           2,019                    72                           D-2273 
14AM    14 AMARILLO               2,034           2,035                    63                           D-2274 
14AM    14 AMARILLO               2,009           2,010                    70                           D-2275 
14AM    14 AMARILLO               2,028           2,029                    74                           D-2276 
14AM    14 AMARILLO               2,026           2,027                    62                           D-2277 
14AM    14 AMARILLO               2,007           2,008                    64                           D-2278 
14AM    14 AMARILLO               2,046           2,047                    64                           D-2279 
14AM    14 AMARILLO               2,034           2,035                    74                           D-2280 
14AM    14 AMARILLO               2,038           2,039                    61                           D-2281 
14AM    14 AMARILLO               2,021           2,022                    62                           D-2282 
14AM    14 AMARILLO               2,014           2,015                    77                           D-2283 
14AM    14 AMARILLO               2,038           2,039                    70                           D-2284 
14AM    14 AMARILLO               2,043           2,044                    74                           D-2285 
14AM    14 AMARILLO               2,026           2,027                    66                           D-2286 


------------------------------------------------------------------------------------------------------------------------
T.SUB-LOTES              TOT.PAQUETES =14      TOT.UNID. = 953   T/P NETO (kg) = 28,382      T/P BRUTO (kg) = 28,396
------------------------------------------------------------------------------------------------------------------------
