
EMPRESA NACIONAL DE MINERIA (ENM) PRODUCTOR          PACKING LIST                             PAG.  :   1
NATIONAL MINING COMPANY                       CODIGO DE LOTE   : F-2820                      FECHA :06/07/2020
                                              -----------------------------
FLUJO        : 
DESCRIPCION  : CATODOS EW CERRO NEGRO
N° INSTR. DE EMBARQUE : 26049
CLIENTE      : CHASTINE MAERSK
Lote Sipa    : 20060268

----------------------------------------------------------------------------------------------------------------------------- 
MARCA       DESCRIPCION         PESO NETO      PESO BRUTO     GRUPO     UNIDADES       UBICACION         SERIE                
-----------------------------------------------------------------------------------------------------------------------------

01NE    FRANJA NEGRA              2,026           2,027                    44                           F-2820 
01NE    FRANJA NEGRA              2,004           2,005                    41                           F-2821 
01NE    FRANJA NEGRA              2,019           2,020                    40                           F-2822 
01NE    FRANJA NEGRA              1,990           1,991                    42                           F-2823 
01NE    FRANJA NEGRA              2,035           2,036                    41                           F-2824 
01NE    FRANJA NEGRA              2,067           2,068                    42                           F-2825 
01NE    FRANJA NEGRA              2,018           2,019                    45                           F-2826 
01NE    FRANJA NEGRA              2,020           2,021                    41                           F-2827 
01NE    FRANJA NEGRA              2,016           2,017                    40                           F-2828 
01NE    FRANJA NEGRA              2,031           2,032                    41                           F-2829 
01NE    FRANJA NEGRA              2,005           2,006                    40                           F-2830 
01NE    FRANJA NEGRA              2,038           2,039                    41                           F-2831 
01NE    FRANJA NEGRA              2,009           2,010                    40                           F-2832 
01NE    FRANJA NEGRA              1,995           1,996                    42                           F-2833 
01NE    FRANJA NEGRA              1,996           1,997                    44                           F-2834 
01NE    FRANJA NEGRA              1,937           1,938                    33                           F-2836 
01NE    FRANJA NEGRA              2,083           2,084                    35                           F-2837 
01NE    FRANJA NEGRA              2,056           2,057                    34                           F-2838 
01NE    FRANJA NEGRA              1,983           1,984                    33                           F-2839 
01NE    FRANJA NEGRA              1,982           1,983                    33                           F-2840 
01NE    FRANJA NEGRA              2,077           2,078                    37                           F-2841 
01NE    FRANJA NEGRA              1,998           1,999                    35                           F-2842 
01NE    FRANJA NEGRA              2,032           2,033                    33                           F-2843 
01NE    FRANJA NEGRA              2,000           2,001                    34                           F-2844 
01NE    FRANJA NEGRA              2,027           2,028                    36                           F-2845 
01NE    FRANJA NEGRA              2,039           2,040                    36                           F-2846 
01NE    FRANJA NEGRA              2,025           2,026                    35                           F-2847 
01NE    FRANJA NEGRA              2,017           2,018                    38                           F-2848 
01NE    FRANJA NEGRA              1,948           1,949                    32                           F-2849 
01NE    FRANJA NEGRA              2,009           2,010                    35                           F-2850 
01NE    FRANJA NEGRA              1,985           1,986                    33                           F-2852 
01NE    FRANJA NEGRA              1,943           1,944                    33                           F-2853 
01NE    FRANJA NEGRA              1,978           1,979                    34                           F-2854 
01NE    FRANJA NEGRA              2,035           2,036                    34                           F-2855 
01NE    FRANJA NEGRA              1,992           1,993                    34                           F-2856 
01NE    FRANJA NEGRA              2,034           2,035                    34                           F-2857 
01NE    FRANJA NEGRA              1,944           1,945                    35                           F-2858 
01NE    FRANJA NEGRA              2,044           2,045                    34                           F-2859 
01NE    FRANJA NEGRA              2,019           2,020                    34                           F-2860 
01NE    FRANJA NEGRA              1,974           1,975                    33                           F-2861 
01NE    FRANJA NEGRA              2,004           2,005                    34                           F-2862 
01NE    FRANJA NEGRA              2,094           2,095                    33                           F-2863 
01NE    FRANJA NEGRA              2,026           2,027                    32                           F-2864 
01NE    FRANJA NEGRA              2,029           2,030                    31                           F-2865 
01NE    FRANJA NEGRA              2,019           2,020                    34                           F-2866 









EMPRESA NACIONAL DE MINERIA (ENM) PRODUCTOR          PACKING LIST                             PAG.  :   2
NATIONAL MINING COMPANY                       CODIGO DE LOTE   : F-2820                      FECHA :06/07/2020
                                              -----------------------------
FLUJO        : 
DESCRIPCION  : CATODOS EW CERRO NEGRO
N° INSTR. DE EMBARQUE : 26049
CLIENTE      : CHASTINE MAERSK
Lote Sipa    : 20060268

----------------------------------------------------------------------------------------------------------------------------- 
MARCA       DESCRIPCION         PESO NETO      PESO BRUTO     GRUPO     UNIDADES       UBICACION         SERIE                
-----------------------------------------------------------------------------------------------------------------------------

01NE    FRANJA NEGRA              2,027           2,028                    32                           F-2868 
01NE    FRANJA NEGRA              2,059           2,060                    41                           F-2869 
01NE    FRANJA NEGRA              1,965           1,966                    35                           F-2870 
01NE    FRANJA NEGRA              1,995           1,996                    34                           F-2871 
01NE    FRANJA NEGRA              1,998           1,999                    33                           F-2872 
01NE    FRANJA NEGRA              2,001           2,002                    38                           F-2873 
01NE    FRANJA NEGRA              1,987           1,988                    30                           F-2874 
01NE    FRANJA NEGRA              2,002           2,003                    35                           F-2875 
01NE    FRANJA NEGRA              2,000           2,001                    36                           F-2876 
01NE    FRANJA NEGRA              2,016           2,017                    37                           F-2877 
01NE    FRANJA NEGRA              2,032           2,033                    36                           F-2878 
01NE    FRANJA NEGRA              2,030           2,031                    31                           F-2879 
01NE    FRANJA NEGRA              2,074           2,075                    31                           F-2880 
01NE    FRANJA NEGRA              2,029           2,030                    34                           F-2881 
01NE    FRANJA NEGRA              1,990           1,991                    33                           F-2882 


------------------------------------------------------------------------------------------------------------------------
T.SUB-LOTES              TOT.PAQUETES =60      TOT.UNID. = 2161   T/P NETO (kg) = 120,807      T/P BRUTO (kg) = 120,867
------------------------------------------------------------------------------------------------------------------------
