
EMPRESA NACIONAL DE MINERIA (ENM) PRODUCTOR          PACKING LIST                             PAG.  :   1
NATIONAL MINING COMPANY                       CODIGO DE LOTE   : H-16251                      FECHA :16/10/2019
                                              -----------------------------
FLUJO        : 
DESCRIPCION  : CATODOS GRADO A
N° INSTR. DE EMBARQUE : 25514
CLIENTE      : MEGALOPOLIS
Lote Sipa    : 

----------------------------------------------------------------------------------------------------------------------------- 
MARCA       DESCRIPCION         PESO NETO      PESO BRUTO     GRUPO     UNIDADES       UBICACION         SERIE                
-----------------------------------------------------------------------------------------------------------------------------

01AM    FRANJA AMARILLA           2,047           2,048         22         20                           H-16251
01AM    FRANJA AMARILLA           2,192           2,193         48         20                           H-16252
01AM    FRANJA AMARILLA           2,309           2,310         48         20                           H-16253
01AM    FRANJA AMARILLA           2,249           2,250         48         20                           H-16254
01AM    FRANJA AMARILLA           2,148           2,149         22         20                           H-16255
01AM    FRANJA AMARILLA           2,131           2,132         22         20                           H-16256
01AM    FRANJA AMARILLA           2,321           2,322         22         20                           H-16257
01AM    FRANJA AMARILLA           2,237           2,238         42         20                           H-16258
01AM    FRANJA AMARILLA           2,174           2,175         22         20                           H-16259
01AM    FRANJA AMARILLA           2,247           2,248         42         20                           H-16260
01AM    FRANJA AMARILLA           2,540           2,541         48         20                           H-16261
01AM    FRANJA AMARILLA           2,410           2,411         48         20                           H-16262
01AM    FRANJA AMARILLA           2,297           2,298         48         20                           H-16263
01AM    FRANJA AMARILLA           2,195           2,196         42         20                           H-16264
01AM    FRANJA AMARILLA           2,209           2,210         42         20                           H-16265
01AM    FRANJA AMARILLA           2,444           2,445         48         20                           H-16266
01AM    FRANJA AMARILLA           2,198           2,199         22         20                           H-16267
01AM    FRANJA AMARILLA           2,379           2,380         48         20                           H-16268
01AM    FRANJA AMARILLA           2,423           2,424         48         20                           H-16269
01AM    FRANJA AMARILLA           2,197           2,198         42         20                           H-16270
01AM    FRANJA AMARILLA           2,273           2,274         42         20                           H-16271
01AM    FRANJA AMARILLA           1,976           1,977         32         20                           H-16272
01AM    FRANJA AMARILLA           2,535           2,536         42         20                           H-16273
01AM    FRANJA AMARILLA           2,239           2,240         42         20                           H-16274
01AM    FRANJA AMARILLA           2,031           2,032         42         20                           H-16275
01AM    FRANJA AMARILLA           2,506           2,507         42         20                           H-16276
01AM    FRANJA AMARILLA           2,231           2,232         42         20                           H-16277
01AM    FRANJA AMARILLA           2,528           2,529         42         20                           H-16278
01AM    FRANJA AMARILLA           2,426           2,427         42         20                           H-16279
01AM    FRANJA AMARILLA           2,233           2,234         42         20                           H-16280
01AM    FRANJA AMARILLA           2,337           2,338         42         20                           H-16281
01AM    FRANJA AMARILLA           2,393           2,394         48         20                           H-16282
01AM    FRANJA AMARILLA           2,397           2,398         48         20                           H-16283
01AM    FRANJA AMARILLA           2,238           2,239         42         20                           H-16284
01AM    FRANJA AMARILLA           2,300           2,301         48         20                           H-16285
01AM    FRANJA AMARILLA           2,294           2,295         42         20                           H-16286
01AM    FRANJA AMARILLA           2,062           2,063         10         20                           H-16287
01AM    FRANJA AMARILLA           2,264           2,265         42         20                           H-16288
01AM    FRANJA AMARILLA           2,329           2,330         42         20                           H-16289
01AM    FRANJA AMARILLA           2,300           2,301         48         20                           H-16290
01AM    FRANJA AMARILLA           2,144           2,145         48         20                           H-16291
01AM    FRANJA AMARILLA           2,013           2,014         48         20                           H-16292
01AM    FRANJA AMARILLA           2,084           2,085         48         20                           H-16293
01AM    FRANJA AMARILLA           2,110           2,111         10         20                           H-16294
01AM    FRANJA AMARILLA           2,366           2,367         10         20                           H-16295









EMPRESA NACIONAL DE MINERIA (ENM) PRODUCTOR          PACKING LIST                             PAG.  :   2
NATIONAL MINING COMPANY                       CODIGO DE LOTE   : H-16251                      FECHA :16/10/2019
                                              -----------------------------
FLUJO        : 
DESCRIPCION  : CATODOS GRADO A
N° INSTR. DE EMBARQUE : 25514
CLIENTE      : MEGALOPOLIS
Lote Sipa    : 

----------------------------------------------------------------------------------------------------------------------------- 
MARCA       DESCRIPCION         PESO NETO      PESO BRUTO     GRUPO     UNIDADES       UBICACION         SERIE                
-----------------------------------------------------------------------------------------------------------------------------

01AM    FRANJA AMARILLA           2,010           2,011         10         20                           H-16296
01AM    FRANJA AMARILLA           2,162           2,163         10         20                           H-16297
01AM    FRANJA AMARILLA           2,114           2,115         48         20                           H-16298
01AM    FRANJA AMARILLA           2,443           2,444         48         20                           H-16299
01AM    FRANJA AMARILLA           2,383           2,384         48         20                           H-16300
01AM    FRANJA AMARILLA           2,156           2,157         32         20                           H-16301
01AM    FRANJA AMARILLA           2,250           2,251         32         20                           H-16302
01AM    FRANJA AMARILLA           2,468           2,469         48         20                           H-16303
01AM    FRANJA AMARILLA           2,029           2,030         48         20                           H-16304
01AM    FRANJA AMARILLA           2,346           2,347         48         20                           H-16305
01AM    FRANJA AMARILLA           2,306           2,307         48         20                           H-16306
01AM    FRANJA AMARILLA           2,322           2,323         48         20                           H-16307
01AM    FRANJA AMARILLA           2,397           2,398         48         20                           H-16308
01AM    FRANJA AMARILLA           2,095           2,096         42         20                           H-16309
01AM    FRANJA AMARILLA           1,990           1,991         14         20                           H-16310
01AM    FRANJA AMARILLA           2,099           2,100         10         20                           H-16311
01AM    FRANJA AMARILLA           2,106           2,107         14         20                           H-16312
01AM    FRANJA AMARILLA           1,924           1,925         14         20                           H-16313
01AM    FRANJA AMARILLA           2,001           2,002         14         20                           H-16314
01AM    FRANJA AMARILLA           2,024           2,025         22         20                           H-16315
01AM    FRANJA AMARILLA           2,129           2,130         22         20                           H-16316
01AM    FRANJA AMARILLA           2,367           2,368         42         20                           H-16317
01AM    FRANJA AMARILLA           2,087           2,088         42         20                           H-16318
01AM    FRANJA AMARILLA           2,240           2,241         10         20                           H-16319
01AM    FRANJA AMARILLA           1,972           1,973         42         20                           H-16320
01AM    FRANJA AMARILLA           1,936           1,937         14         20                           H-16321
01AM    FRANJA AMARILLA           2,277           2,278         14         20                           H-16322
01AM    FRANJA AMARILLA           2,192           2,193         14         20                           H-16323
01AM    FRANJA AMARILLA           2,154           2,155         14         20                           H-16324
01AM    FRANJA AMARILLA           2,013           2,014         14         20                           H-16325
01AM    FRANJA AMARILLA           2,289           2,290         10         20                           H-16326
01AM    FRANJA AMARILLA           2,060           2,061         42         20                           H-16327
01AM    FRANJA AMARILLA           2,030           2,031         14         20                           H-16328
01AM    FRANJA AMARILLA           1,991           1,992         14         20                           H-16329
01AM    FRANJA AMARILLA           2,282           2,283         10         20                           H-16330
01AM    FRANJA AMARILLA           2,011           2,012         10         20                           H-16331
01AM    FRANJA AMARILLA           2,209           2,210         42         20                           H-16332
01AM    FRANJA AMARILLA           2,202           2,203         10         20                           H-16333
01AM    FRANJA AMARILLA           2,323           2,324         14         20                           H-16334
01AM    FRANJA AMARILLA           2,195           2,196         42         20                           H-16335
01AM    FRANJA AMARILLA           2,270           2,271         14         20                           H-16336
01AM    FRANJA AMARILLA           2,064           2,065         14         20                           H-16337
01AM    FRANJA AMARILLA           2,184           2,185         10         20                           H-16338
01AM    FRANJA AMARILLA           2,038           2,039         14         20                           H-16339
01AM    FRANJA AMARILLA           2,112           2,113         14         20                           H-16340









EMPRESA NACIONAL DE MINERIA (ENM) PRODUCTOR          PACKING LIST                             PAG.  :   3
NATIONAL MINING COMPANY                       CODIGO DE LOTE   : H-16251                      FECHA :16/10/2019
                                              -----------------------------
FLUJO        : 
DESCRIPCION  : CATODOS GRADO A
N° INSTR. DE EMBARQUE : 25514
CLIENTE      : MEGALOPOLIS
Lote Sipa    : 

----------------------------------------------------------------------------------------------------------------------------- 
MARCA       DESCRIPCION         PESO NETO      PESO BRUTO     GRUPO     UNIDADES       UBICACION         SERIE                
-----------------------------------------------------------------------------------------------------------------------------

01AM    FRANJA AMARILLA           2,145           2,146         32         20                           H-16341
01AM    FRANJA AMARILLA           2,216           2,217         10         20                           H-16342
01AM    FRANJA AMARILLA           2,103           2,104         14         20                           H-16343
01AM    FRANJA AMARILLA           1,931           1,932         32         20                           H-16344
01AM    FRANJA AMARILLA           1,992           1,993         14         20                           H-16345
01AM    FRANJA AMARILLA           1,985           1,986         14         20                           H-16346
01AM    FRANJA AMARILLA           2,125           2,126         32         20                           H-16347
01AM    FRANJA AMARILLA           1,967           1,968         14         20                           H-16348
01AM    FRANJA AMARILLA           2,098           2,099         32         20                           H-16349
01AM    FRANJA AMARILLA           2,007           2,008         32         20                           H-16350
01AM    FRANJA AMARILLA           2,093           2,094         32         20                           H-16351
01AM    FRANJA AMARILLA           2,082           2,083         14         20                           H-16352
01AM    FRANJA AMARILLA           2,242           2,243         14         20                           H-16353
01AM    FRANJA AMARILLA           2,208           2,209         14         20                           H-16354
01AM    FRANJA AMARILLA           2,076           2,077         32         20                           H-16355
01AM    FRANJA AMARILLA           1,972           1,973         32         20                           H-16356
01AM    FRANJA AMARILLA           2,054           2,055         14         20                           H-16357
01AM    FRANJA AMARILLA           2,033           2,034         14         20                           H-16358
01AM    FRANJA AMARILLA           2,013           2,014         14         20                           H-16359
01AM    FRANJA AMARILLA           1,990           1,991         14         20                           H-16360
01AM    FRANJA AMARILLA           1,945           1,946         04         20                           H-16361
01AM    FRANJA AMARILLA           2,023           2,024         04         20                           H-16362
01AM    FRANJA AMARILLA           1,943           1,944         14         20                           H-16363
01AM    FRANJA AMARILLA           1,996           1,997         04         20                           H-16364
01AM    FRANJA AMARILLA           1,987           1,988         04         20                           H-16365
01AM    FRANJA AMARILLA           2,040           2,041         14         20                           H-16366
01AM    FRANJA AMARILLA           2,027           2,028         14         20                           H-16367
01AM    FRANJA AMARILLA           1,970           1,971         14         20                           H-16368
01AM    FRANJA AMARILLA           1,989           1,990         14         20                           H-16369
01AM    FRANJA AMARILLA           2,048           2,049         14         20                           H-16370
01AM    FRANJA AMARILLA           2,228           2,229         14         20                           H-16371
01AM    FRANJA AMARILLA           1,906           1,907         14         20                           H-16372
01AM    FRANJA AMARILLA           2,095           2,096         14         20                           H-16373
01AM    FRANJA AMARILLA           1,961           1,962         14         20                           H-16374
01AM    FRANJA AMARILLA           1,909           1,910         04         20                           H-16375
01AM    FRANJA AMARILLA           2,051           2,052         04         20                           H-16376
01AM    FRANJA AMARILLA           2,017           2,018         04         20                           H-16377
01AM    FRANJA AMARILLA           1,983           1,984         04         20                           H-16378
01AM    FRANJA AMARILLA           2,035           2,036         04         20                           H-16379
01AM    FRANJA AMARILLA           1,919           1,920         04         20                           H-16380
01AM    FRANJA AMARILLA           2,106           2,107         14         20                           H-16381
01AM    FRANJA AMARILLA           1,964           1,965         42         20                           H-16382
01AM    FRANJA AMARILLA           2,112           2,113         14         20                           H-16383
01AM    FRANJA AMARILLA           2,133           2,134         14         20                           H-16384
01AM    FRANJA AMARILLA           2,171           2,172         14         20                           H-16385









EMPRESA NACIONAL DE MINERIA (ENM) PRODUCTOR          PACKING LIST                             PAG.  :   4
NATIONAL MINING COMPANY                       CODIGO DE LOTE   : H-16251                      FECHA :16/10/2019
                                              -----------------------------
FLUJO        : 
DESCRIPCION  : CATODOS GRADO A
N° INSTR. DE EMBARQUE : 25514
CLIENTE      : MEGALOPOLIS
Lote Sipa    : 

----------------------------------------------------------------------------------------------------------------------------- 
MARCA       DESCRIPCION         PESO NETO      PESO BRUTO     GRUPO     UNIDADES       UBICACION         SERIE                
-----------------------------------------------------------------------------------------------------------------------------

01AM    FRANJA AMARILLA           2,205           2,206         14         20                           H-16386
01AM    FRANJA AMARILLA           2,278           2,279         14         20                           H-16387
01AM    FRANJA AMARILLA           2,171           2,172         14         20                           H-16388
01AM    FRANJA AMARILLA           2,233           2,234         14         20                           H-16389


------------------------------------------------------------------------------------------------------------------------
T.SUB-LOTES              TOT.PAQUETES =139      TOT.UNID. = 2780   T/P NETO (kg) = 299,985      T/P BRUTO (kg) = 300,124
------------------------------------------------------------------------------------------------------------------------
