
EMPRESA NACIONAL DE MINERIA (ENM) PRODUCTOR          PACKING LIST                             PAG.  :   1
NATIONAL MINING COMPANY                       CODIGO DE LOTE   : H-15952                      FECHA :11/09/2020
                                              -----------------------------
FLUJO        : 
DESCRIPCION  : CATODOS GRADO A
N° INSTR. DE EMBARQUE : 26217
CLIENTE      : MARIANETTA
Lote Sipa    : 20080332

----------------------------------------------------------------------------------------------------------------------------- 
MARCA       DESCRIPCION         PESO NETO      PESO BRUTO     GRUPO     UNIDADES       UBICACION         SERIE                
-----------------------------------------------------------------------------------------------------------------------------

01BL    FRANJA BLANCA             2,460           2,461         10         20                           H-15952
01BL    FRANJA BLANCA             2,444           2,445         16         20                           H-15953
01BL    FRANJA BLANCA             2,369           2,370         22         20                           H-15954
01BL    FRANJA BLANCA             2,468           2,469         22         20                           H-15955
01BL    FRANJA BLANCA             2,561           2,562         10         20                           H-15956
01BL    FRANJA BLANCA             2,345           2,346         10         20                           H-15957
01BL    FRANJA BLANCA             2,450           2,451         10         20                           H-15958
01BL    FRANJA BLANCA             2,517           2,518         16         20                           H-15959
01BL    FRANJA BLANCA             2,576           2,577         32         20                           H-15960
01BL    FRANJA BLANCA             2,291           2,292         10         20                           H-15961
01BL    FRANJA BLANCA             2,529           2,530         32         20                           H-15962
01BL    FRANJA BLANCA             2,375           2,376         10         20                           H-15963
01BL    FRANJA BLANCA             2,514           2,515         37         20                           H-15964
01BL    FRANJA BLANCA             2,398           2,399         37         20                           H-15965
01BL    FRANJA BLANCA             2,453           2,454         32         20                           H-15966
01BL    FRANJA BLANCA             2,360           2,361         32         20                           H-15967
01BL    FRANJA BLANCA             2,413           2,414         32         20                           H-15968
01BL    FRANJA BLANCA             2,418           2,419         16         20                           H-15969
01BL    FRANJA BLANCA             2,216           2,217         16         20                           H-15970
01BL    FRANJA BLANCA             2,381           2,382         32         20                           H-15971
01BL    FRANJA BLANCA             2,396           2,397         32         20                           H-15972
01BL    FRANJA BLANCA             2,353           2,354         16         20                           H-15973
01BL    FRANJA BLANCA             2,436           2,437         32         20                           H-15974
01BL    FRANJA BLANCA             2,359           2,360         10         20                           H-15975
01BL    FRANJA BLANCA             2,227           2,228         10         20                           H-15976
01BL    FRANJA BLANCA             2,181           2,182         10         20                           H-15977
01BL    FRANJA BLANCA             2,433           2,434         10         20                           H-15978
01BL    FRANJA BLANCA             2,480           2,481         37         20                           H-15979
01BL    FRANJA BLANCA             2,412           2,413         37         20                           H-15980
01BL    FRANJA BLANCA             2,347           2,348         37         20                           H-15981
01BL    FRANJA BLANCA             2,316           2,317         32         20                           H-15982
01BL    FRANJA BLANCA             2,498           2,499         32         20                           H-15983
01BL    FRANJA BLANCA             2,504           2,505         37         20                           H-15984
01BL    FRANJA BLANCA             2,338           2,339         37         20                           H-15985
01BL    FRANJA BLANCA             2,438           2,439         37         20                           H-15986
01BL    FRANJA BLANCA             2,313           2,314         37         20                           H-15987
01BL    FRANJA BLANCA             2,404           2,405         16         20                           H-15988
01BL    FRANJA BLANCA             2,455           2,456         16         20                           H-15989
01BL    FRANJA BLANCA             2,233           2,234         16         20                           H-15990
01BL    FRANJA BLANCA             2,432           2,433         16         20                           H-15991
01BL    FRANJA BLANCA             2,411           2,412         16         20                           H-15992
01BL    FRANJA BLANCA             2,388           2,389         16         20                           H-15993
01BL    FRANJA BLANCA             2,536           2,537         16         20                           H-15994
01BL    FRANJA BLANCA             2,402           2,403         16         20                           H-15995
01BL    FRANJA BLANCA             2,466           2,467         16         20                           H-15996









EMPRESA NACIONAL DE MINERIA (ENM) PRODUCTOR          PACKING LIST                             PAG.  :   2
NATIONAL MINING COMPANY                       CODIGO DE LOTE   : H-15952                      FECHA :11/09/2020
                                              -----------------------------
FLUJO        : 
DESCRIPCION  : CATODOS GRADO A
N° INSTR. DE EMBARQUE : 26217
CLIENTE      : MARIANETTA
Lote Sipa    : 20080332

----------------------------------------------------------------------------------------------------------------------------- 
MARCA       DESCRIPCION         PESO NETO      PESO BRUTO     GRUPO     UNIDADES       UBICACION         SERIE                
-----------------------------------------------------------------------------------------------------------------------------

01BL    FRANJA BLANCA             2,565           2,566         16         20                           H-15997
01BL    FRANJA BLANCA             2,252           2,253         16         20                           H-15998
01BL    FRANJA BLANCA             2,390           2,391         16         20                           H-15999
01BL    FRANJA BLANCA             2,308           2,309         16         20                           H-16000
01BL    FRANJA BLANCA             2,505           2,506         06         20                           H-16001
01BL    FRANJA BLANCA             2,423           2,424         06         20                           H-16002
01BL    FRANJA BLANCA             2,393           2,394         06         20                           H-16003
01BL    FRANJA BLANCA             2,192           2,193         10         20                           H-16004
01BL    FRANJA BLANCA             2,404           2,405         10         20                           H-16005
01BL    FRANJA BLANCA             2,442           2,443         06         20                           H-16006
01BL    FRANJA BLANCA             2,199           2,200         06         20                           H-16007
01BL    FRANJA BLANCA             2,315           2,316         06         20                           H-16008
01BL    FRANJA BLANCA             2,300           2,301         10         20                           H-16009
01BL    FRANJA BLANCA             2,269           2,270         10         20                           H-16010
01BL    FRANJA BLANCA             2,392           2,393         16         20                           H-16011
01BL    FRANJA BLANCA             2,325           2,326         16         20                           H-16012
01BL    FRANJA BLANCA             2,407           2,408         16         20                           H-16013
01BL    FRANJA BLANCA             2,346           2,347         16         20                           H-16014
01BL    FRANJA BLANCA             2,255           2,256         16         20                           H-16015
01BL    FRANJA BLANCA             2,077           2,078         10         20                           H-16016
01BL    FRANJA BLANCA             2,393           2,394         16         20                           H-16017
01BL    FRANJA BLANCA             2,329           2,330         16         20                           H-16018
01BL    FRANJA BLANCA             2,357           2,358         16         20                           H-16019
01BL    FRANJA BLANCA             1,963           1,964         16         20                           H-16020
01BL    FRANJA BLANCA             2,509           2,510         16         20                           H-16021
01BL    FRANJA BLANCA             2,425           2,426         10         20                           H-16022
01BL    FRANJA BLANCA             2,232           2,233         06         20                           H-16023
01BL    FRANJA BLANCA             2,389           2,390         32         20                           H-16024
01BL    FRANJA BLANCA             2,410           2,411         32         20                           H-16025
01BL    FRANJA BLANCA             2,449           2,450         10         20                           H-16026
01BL    FRANJA BLANCA             2,446           2,447         16         20                           H-16027
01BL    FRANJA BLANCA             2,424           2,425         16         20                           H-16028
01BL    FRANJA BLANCA             2,424           2,425         16         20                           H-16029
01BL    FRANJA BLANCA             2,408           2,409         16         20                           H-16030
01BL    FRANJA BLANCA             2,352           2,353         16         20                           H-16031
01BL    FRANJA BLANCA             2,389           2,390         16         20                           H-16032
01BL    FRANJA BLANCA             2,176           2,177         32         20                           H-16033
01BL    FRANJA BLANCA             2,291           2,292         16         20                           H-16034
01BL    FRANJA BLANCA             2,457           2,458         16         20                           H-16035
01BL    FRANJA BLANCA             2,429           2,430         16         20                           H-16036
01BL    FRANJA BLANCA             2,301           2,302         06         20                           H-16037
01BL    FRANJA BLANCA             2,350           2,351         06         20                           H-16038
01BL    FRANJA BLANCA             2,257           2,258         16         20                           H-16039
01BL    FRANJA BLANCA             2,356           2,357         10         20                           H-16040
01BL    FRANJA BLANCA             2,454           2,455         16         20                           H-16041









EMPRESA NACIONAL DE MINERIA (ENM) PRODUCTOR          PACKING LIST                             PAG.  :   3
NATIONAL MINING COMPANY                       CODIGO DE LOTE   : H-15952                      FECHA :11/09/2020
                                              -----------------------------
FLUJO        : 
DESCRIPCION  : CATODOS GRADO A
N° INSTR. DE EMBARQUE : 26217
CLIENTE      : MARIANETTA
Lote Sipa    : 20080332

----------------------------------------------------------------------------------------------------------------------------- 
MARCA       DESCRIPCION         PESO NETO      PESO BRUTO     GRUPO     UNIDADES       UBICACION         SERIE                
-----------------------------------------------------------------------------------------------------------------------------

01BL    FRANJA BLANCA             2,377           2,378         16         20                           H-16042
01BL    FRANJA BLANCA             2,321           2,322         16         20                           H-16043
01BL    FRANJA BLANCA             2,541           2,542         32         20                           H-16044
01BL    FRANJA BLANCA             2,253           2,254         32         20                           H-16045
01BL    FRANJA BLANCA             2,406           2,407         32         20                           H-16046
01BL    FRANJA BLANCA             2,226           2,227         22         20                           H-16047
01BL    FRANJA BLANCA             2,254           2,255         22         20                           H-16048
01BL    FRANJA BLANCA             2,441           2,442         22         20                           H-16049
01BL    FRANJA BLANCA             2,504           2,505         22         20                           H-16050
01BL    FRANJA BLANCA             2,437           2,438         16         20                           H-16051
01BL    FRANJA BLANCA             2,285           2,286         16         20                           H-16052
01BL    FRANJA BLANCA             2,452           2,453         32         20                           H-16053
01BL    FRANJA BLANCA             2,382           2,383         32         20                           H-16054
01BL    FRANJA BLANCA             2,362           2,363         16         20                           H-16055
01BL    FRANJA BLANCA             2,492           2,493         32         20                           H-16056
01BL    FRANJA BLANCA             2,356           2,357         10         20                           H-16057
01BL    FRANJA BLANCA             2,453           2,454         16         20                           H-16058
01BL    FRANJA BLANCA             2,393           2,394         16         20                           H-16059
01BL    FRANJA BLANCA             2,206           2,207         16         20                           H-16060
01BL    FRANJA BLANCA             2,361           2,362         16         20                           H-16061
01BL    FRANJA BLANCA             2,211           2,212         16         20                           H-16062
01BL    FRANJA BLANCA             2,423           2,424         16         20                           H-16063
01BL    FRANJA BLANCA             2,476           2,477         16         20                           H-16064
01BL    FRANJA BLANCA             2,217           2,218         10         20                           H-16065
01BL    FRANJA BLANCA             2,507           2,508         06         20                           H-16066
01BL    FRANJA BLANCA             2,402           2,403         06         20                           H-16067
01BL    FRANJA BLANCA             2,384           2,385         06         20                           H-16068
01BL    FRANJA BLANCA             2,328           2,329         06         20                           H-16069
01BL    FRANJA BLANCA             2,356           2,357         06         20                           H-16070
01BL    FRANJA BLANCA             2,179           2,180         06         20                           H-16071
01BL    FRANJA BLANCA             2,308           2,309         06         20                           H-16072
01BL    FRANJA BLANCA             2,254           2,255         06         20                           H-16073
01BL    FRANJA BLANCA             2,503           2,504         37         20                           H-16074
01BL    FRANJA BLANCA             2,551           2,552         37         20                           H-16075
01BL    FRANJA BLANCA             2,592           2,593         34         20                           H-16076
01BL    FRANJA BLANCA             2,490           2,491         34         20                           H-16077


------------------------------------------------------------------------------------------------------------------------
T.SUB-LOTES              TOT.PAQUETES =126      TOT.UNID. = 2520   T/P NETO (kg) = 299,708      T/P BRUTO (kg) = 299,834
------------------------------------------------------------------------------------------------------------------------
