EMPRESA NACIONAL DE MINERIA                                                                                        PAGINA:         1
                                                                                                                   FECHA: 04.01.2005
AGENCIA : 02 FUND. Y REFINERIA VENTANAS                                                                            am14rp52.rw
                                               RESUMEN COMPRA POR VENDEDOR ( LIQL15 )
                                               _______________________________________
                                                               MES   :12.2004
------------------------------------------------------------------------------------------------------------------------------------
                                PESO HUM.   PESO SECO      CU(KG)      AG(GR)      AU(GR)      AC(GR)        US$               $
------------------------------------------------------------------------------------------------------------------------------------
02  MINERAL ORO FUNDICION DIRECTA

COMPRA DIRECTA

 9780245-9 RIVEROS LARRONDO, LU      1,650       1,633         284          57         167            0      2,534.20     1,429,745

                                ----------------------------------------------------------------------------------------------------
TOTAL COMPRA DIRECTA                 1,650       1,633         284          57         167            0      2,534.20     1,429,745


COMPRA POR REPRESENTACION

   40000-9 ENM PC. GUAYACAN          9,830       9,692          17         244         362            0          0.00             0

                                ----------------------------------------------------------------------------------------------------
TOTAL COMPRA POR REPRESENTACION      9,830       9,692          17         244         362            0          0.00             0


------------------------------------------------------------------------------------------------------------------------------------

TOTAL PRODUCTO:                     11,480      11,325         301         301         529            0      2,534.20     1,429,745
02  MINERAL ORO FUNDICION DIRECTA
------------------------------------------------------------------------------------------------------------------------------------

03  CONCENTRADO DE ORO

COMPRA DIRECTA

 3919941-6 ASTUDILLO OLMOS, ABE          0           0           0           0           0            0        -91.10       -53,928

 5447226-9 NAZER ESBIR, VICTOR      10,460      10,098       1,489         358         613            0     10,790.33     6,422,294

 6600296-9 GONZALEZ ARRIAGADA,      17,870      16,880       4,195           0       1,393            0     27,225.25    16,203,380

 6965512-2 YOUNG UGALDE, FERNAN      1,660       1,631           0          66         147            0      1,546.86       868,991

51023600-9 AGUIRRE BUSTAMANTE,      11,160      10,510       1,832           0       1,011            0     17,092.73     9,643,376

76116470-8 S.M. LOPEZ ANDRADE Y      1,670       1,653           7         257         629            0      7,706.50     4,586,601

77669140-2 SOC.MRA.NUEVA ESPERA    313,800     285,738       3,098       7,296      15,100            0    199,533.70   111,963,709

77737780-9 S.L.M. ORO DEL INCA       9,230       8,390          74          88         551            0      6,411.05     3,771,749

77960870-0 CIA.MRA. CORIMAHUA L      4,680       4,203         945         388         180            0      8,218.77     4,822,228

78497580-0 CHILENO RUMANO LTDA.    169,650     154,696       7,532      21,159       8,707            0    127,528.10    72,609,550

                                                               -   1 -



EMPRESA NACIONAL DE MINERIA                                                                                        PAGINA:         2
                                                                                                                   FECHA: 04.01.2005
AGENCIA : 02 FUND. Y REFINERIA VENTANAS                                                                            am14rp52.rw
                                               RESUMEN COMPRA POR VENDEDOR ( LIQL15 )
                                               _______________________________________
                                                               MES   :12.2004
------------------------------------------------------------------------------------------------------------------------------------
                                PESO HUM.   PESO SECO      CU(KG)      AG(GR)      AU(GR)      AC(GR)        US$               $
------------------------------------------------------------------------------------------------------------------------------------
78544320-9 CIA.MRA.PIMENTON         84,590      76,336      10,133      10,746      14,368            0    226,936.65   130,682,656

78573970-1 CIA.MRA.DON ALBERTO     179,560     173,965       7,340      38,427      10,606            0    136,664.14    73,060,453

79670370-9 MINERA FLORIDA S.A.       1,660       1,640           5      10,562         913            0     14,252.42     8,040,930

89274000-3 CÍA.EXPLOT.DE MINAS.     95,570      90,278      13,531      15,919       9,509            0    154,669.98    87,261,709

96960440-K ASEGEMIN S.A.           293,870     259,695       1,000   2,516,362      15,089            0    826,364.81   461,834,279

                                ----------------------------------------------------------------------------------------------------
TOTAL COMPRA DIRECTA             1,195,430   1,095,713      51,181   2,621,628      78,816            0  1,764,850.19   991,717,977


COMPRA POR REPRESENTACION

   40000-9 ENM PC. GUAYACAN        123,350     119,346       3,570       5,576       6,630            0          0.00             0

   53200-2 ENM PTA LAS CENIZAS     221,610     207,169      16,630      26,082       8,712            0          0.00             0

                                ----------------------------------------------------------------------------------------------------
TOTAL COMPRA POR REPRESENTACION    344,960     326,515      20,200      31,658      15,342            0          0.00             0


------------------------------------------------------------------------------------------------------------------------------------

TOTAL PRODUCTO:                  1,540,390   1,422,228      71,381   2,653,286      94,158            0  1,764,850.19   991,717,977
03  CONCENTRADO DE ORO
------------------------------------------------------------------------------------------------------------------------------------

06  MINERAL COBRE FUNDICION DIRECT

COMPRA DIRECTA

 4244655-6 AGUIRRE BUSTAMANTE,      11,370      11,235       1,735           0         637            0     11,337.31     6,669,967

 6457829-4 TORRIJOS MOLINA, LUI      6,120       5,984         311         126           1            0          0.00             0

 7399940-5 AMAR DIAZ, VICTOR MA          0           0           0           0           0            0          0.00             0

 7655329-7 SAZO VERGARA, JUAN A          0           0           0           0           0            0          0.00             0

 8378946-8 GONZALEZ CORTES, JAI     26,400      25,718       4,013       1,042         213            0     11,428.46     6,547,333

76002120-2 SOC. MRA. PELADEROS      64,090      62,418       6,480       5,524         395            0     17,788.48    10,371,973

86116200-1 EMPRESA CONSTRUCTORA      2,070       2,036         459         479          13            0      1,318.55       784,748

                                                               -   2 -



EMPRESA NACIONAL DE MINERIA                                                                                        PAGINA:         3
                                                                                                                   FECHA: 04.01.2005
AGENCIA : 02 FUND. Y REFINERIA VENTANAS                                                                            am14rp52.rw
                                               RESUMEN COMPRA POR VENDEDOR ( LIQL15 )
                                               _______________________________________
                                                               MES   :12.2004
------------------------------------------------------------------------------------------------------------------------------------
                                PESO HUM.   PESO SECO      CU(KG)      AG(GR)      AU(GR)      AC(GR)        US$               $
------------------------------------------------------------------------------------------------------------------------------------
                                ----------------------------------------------------------------------------------------------------
TOTAL COMPRA DIRECTA               110,050     107,391      12,998       7,171       1,259            0     41,872.80    24,374,021


COMPRA POR REPRESENTACION

   40000-9 ENM PC. GUAYACAN         10,990      10,792       1,678         216          22            0          0.00             0

   46000-1 ENM PC. ILLAPEL          14,990      14,773       1,625       1,330          60            0          0.00             0

                                ----------------------------------------------------------------------------------------------------
TOTAL COMPRA POR REPRESENTACION     25,980      25,565       3,303       1,546          82            0          0.00             0


------------------------------------------------------------------------------------------------------------------------------------

TOTAL PRODUCTO:                    136,030     132,956      16,301       8,717       1,341            0     41,872.80    24,374,021
06  MINERAL COBRE FUNDICION DIRECT
------------------------------------------------------------------------------------------------------------------------------------

07  CONCENTRADO DE COBRE

COMPRA DIRECTA

 2242989-2 VASQUEZ VERA, RIGOBE     54,620      49,870      12,731       6,576         874            0     43,728.69    25,419,506

 3919941-6 ASTUDILLO OLMOS, ABE     14,510      13,828       3,019         553         218            0     10,120.30     6,023,198

 4244655-6 AGUIRRE BUSTAMANTE,      23,600      22,057       5,533           0       1,202            0     29,015.95    17,112,486

 6164655-8 ALVAREZ HERRERA,LUIS     27,640      25,805       6,554           0         980            0     29,021.85    17,074,135

 6854266-9 PEREZ GOMEZ, JAIME D      7,070       6,376       1,262           0         211            0      5,691.66     3,211,121

 7591298-6 CABRERA TRUJILLO CAR    390,080     337,356      68,438     173,548         100            0    195,482.74   112,418,345

 8378946-8 GONZALEZ CORTES, JAI     16,510      14,998       3,802         300         333            0     13,483.94     7,932,581

 8912727-0 VEGA CARVAJAL, LUIS      10,370       9,547       2,549           0         262            0      9,655.64     5,639,087

 9112559-5 LERY RODRIGUEZ, KATI          0           0           0           0           0            0        -32.92       -19,488

11328333-5 GUERRA PEREIRA, JESS     11,810      11,012       2,475           0         298            0      9,219.69     5,487,191

12402402-1 SAAVEDRA RAMOS, DANI     11,920      10,506       2,343       4,612          29            0      6,925.13     3,907,020

14575855-6 POLO DABED, JUAN          7,320       6,522       2,289       1,109          88            0      7,133.89     4,166,334

                                                               -   3 -



EMPRESA NACIONAL DE MINERIA                                                                                        PAGINA:         4
                                                                                                                   FECHA: 04.01.2005
AGENCIA : 02 FUND. Y REFINERIA VENTANAS                                                                            am14rp52.rw
                                               RESUMEN COMPRA POR VENDEDOR ( LIQL15 )
                                               _______________________________________
                                                               MES   :12.2004
------------------------------------------------------------------------------------------------------------------------------------
                                PESO HUM.   PESO SECO      CU(KG)      AG(GR)      AU(GR)      AC(GR)        US$               $
------------------------------------------------------------------------------------------------------------------------------------
50974750-4 S.C.M. ESPERANZA         13,270      12,182       3,381         183         298            0     11,791.23     7,018,274

61704002-6 E.MRA.CODELCO (DIV.A  5,173,340   4,722,653   1,430,593     860,935       5,021            0  2,678,670.01 1,484,507,237

61704005-0 E.MRA.CODELCO (DIV.E 10,100,670   9,192,854   2,857,912     551,682       4,337            0  7,036,394.45 3,959,121,082

77590210-8 CIA. M. LINDEROS        603,730     543,679     132,528     216,679           0            0    379,782.93   215,341,798

77618440-3 SOC.CONTRAC.MRA.CLAR     33,330      31,379       9,216       7,370       4,472            0     84,031.52    47,408,903

77886930-6 SOC.MRA.ADELA DE LOS     31,350      28,658      12,205      20,660          14            0     35,854.20    20,961,749

78497580-0 CHILENO RUMANO LTDA.      7,850       7,195       1,043         900         246            0      5,684.99     3,344,593

78801520-8 CIA.MRA.SAN GERONIMO          0           0          58       5,108           0            0      1,092.80       642,916

79516980-6 CIA.M. PORTEZUELO LT     78,630      72,793      17,161       7,784       1,732            0     65,241.22    38,252,213

79963260-8 MINERA LAS CENIZAS S  3,798,030   3,453,504     906,506     223,566      10,860            0  1,912,832.03 1,070,694,499

79973750-7 SOC.COMERC.E INDUST.    126,720     115,647      50,968       6,262         222            0    134,489.47    74,355,311

84542800-K CIA,MRA.LA PATAGUA      618,440     564,485     155,185      66,540           0            0    396,621.41   224,833,818

85051600-6 COMERCIAL HUAL LTDA.     77,520      72,967      23,253       4,444         124            0     57,441.36    31,747,035

90132000-4 MINERA SUR ANDES LIM  7,007,040   6,335,482   1,614,207     527,568         896            0  3,830,666.02 2,097,474,308

91497000-8 CIA.MRA.TAMAYA SCM.   1,102,290     992,642     230,116     193,085       1,290            0    674,535.58   383,061,153

91614000-2 CIA.MRA.CERRO NEGRO     550,210     474,789      98,560     289,408         149            0    293,658.76   170,734,012

96595400-7 MRA.VALLE CENTRAL S.  5,106,990   4,742,231   1,459,628     315,851           0            0  2,650,875.94 1,472,327,114

96790240-3 MINERA LOS PELAMBRES  1,104,880   1,013,297     362,988      47,375         968            0    772,644.07   429,170,418

                                ----------------------------------------------------------------------------------------------------
TOTAL COMPRA DIRECTA            36,109,740  32,884,314   9,476,503   3,532,098      35,224            0 21,381,754.5511,939,367,949


COMPRA POR REPRESENTACION

   40000-9 ENM PC. GUAYACAN         57,580      55,864      13,397       2,501         192            0          0.00             0

   44300-K ENM PTA. OVALLE         865,830     797,001     148,461      87,075       3,235            0          0.00             0

   46203-9 ENM PTA. P. GATICA      101,940      95,713      24,533      16,236       1,365            0          0.00             0

                                                               -   4 -



EMPRESA NACIONAL DE MINERIA                                                                                        PAGINA:         5
                                                                                                                   FECHA: 04.01.2005
AGENCIA : 02 FUND. Y REFINERIA VENTANAS                                                                            am14rp52.rw
                                               RESUMEN COMPRA POR VENDEDOR ( LIQL15 )
                                               _______________________________________
                                                               MES   :12.2004
------------------------------------------------------------------------------------------------------------------------------------
                                PESO HUM.   PESO SECO      CU(KG)      AG(GR)      AU(GR)      AC(GR)        US$               $
------------------------------------------------------------------------------------------------------------------------------------
   53200-2 ENM PTA LAS CENIZAS     136,130     124,040      28,896       9,777         369            0          0.00             0

                                ----------------------------------------------------------------------------------------------------
TOTAL COMPRA POR REPRESENTACION  1,161,480   1,072,618     215,287     115,589       5,161            0          0.00             0


MAQUILA

61704002-6 E.MRA.CODELCO (DIV.A  7,416,750   6,758,906   2,026,392           0           0            0          0.00             0

61704005-0 E.MRA.CODELCO (DIV.E    813,140     738,896     257,494           0           0            0          0.00             0

                                ----------------------------------------------------------------------------------------------------
TOTAL MAQUILA                    8,229,890   7,497,802   2,283,886           0           0            0          0.00             0


------------------------------------------------------------------------------------------------------------------------------------

TOTAL PRODUCTO:                 45,501,110  41,454,734  11,975,676   3,647,687      40,385            0 21,381,754.5511,939,367,949
07  CONCENTRADO DE COBRE
------------------------------------------------------------------------------------------------------------------------------------

08  PRECIPITADO DE COBRE

COMPRA DIRECTA

11328333-5 GUERRA PEREIRA, JESS      3,280       3,252       2,880           0           0            0      7,679.27     4,484,847

76184700-7 SOC.MRA. CATEMU Y CI      4,010       3,599       2,997           0           0            0      7,974.41     4,746,050

78488260-8 OXIMIN                    4,920       4,241       3,391           0           0            0      8,978.42     5,181,479

91614000-2 CIA.MRA.CERRO NEGRO      34,900      30,388      15,376           0           0            0     37,553.46    22,011,798

96704780-5 EMPRESA MRA.MONTECAR     12,240      11,929      10,224           0           0            0     26,673.84    14,794,030

                                ----------------------------------------------------------------------------------------------------
TOTAL COMPRA DIRECTA                59,350      53,409      34,868           0           0            0     88,859.40    51,218,204


COMPRA POR REPRESENTACION

   46203-9 ENM PTA. P. GATICA       79,000      71,721      55,266           0           0            0          0.00             0

                                ----------------------------------------------------------------------------------------------------
TOTAL COMPRA POR REPRESENTACION     79,000      71,721      55,266           0           0            0          0.00             0


                                                               -   5 -



EMPRESA NACIONAL DE MINERIA                                                                                        PAGINA:         6
                                                                                                                   FECHA: 04.01.2005
AGENCIA : 02 FUND. Y REFINERIA VENTANAS                                                                            am14rp52.rw
                                               RESUMEN COMPRA POR VENDEDOR ( LIQL15 )
                                               _______________________________________
                                                               MES   :12.2004
------------------------------------------------------------------------------------------------------------------------------------
                                PESO HUM.   PESO SECO      CU(KG)      AG(GR)      AU(GR)      AC(GR)        US$               $
------------------------------------------------------------------------------------------------------------------------------------
------------------------------------------------------------------------------------------------------------------------------------

TOTAL PRODUCTO:                    138,350     125,130      90,134           0           0            0     88,859.40    51,218,204
08  PRECIPITADO DE COBRE
------------------------------------------------------------------------------------------------------------------------------------

16  BLISTER

COMPRA DIRECTA

61704000-K E.MRA.CODELCO - CHIL          0           0          33       7,668          15            0   -270,714.11  -160,786,518

79899750-5 CIA. MRA. DAYTON          2,211       2,211       2,164       8,748       3,112            0    -10,703.80    -6,336,221

                                ----------------------------------------------------------------------------------------------------
TOTAL COMPRA DIRECTA                 2,211       2,211       2,197      16,416       3,127            0   -281,417.91  -167,122,739


COMPRA POR REPRESENTACION

   31100-6 ENM PLANTA SALADO             0           0           0           0           0            0          0.00             0

                                ----------------------------------------------------------------------------------------------------
TOTAL COMPRA POR REPRESENTACION          0           0           0           0           0            0          0.00             0


------------------------------------------------------------------------------------------------------------------------------------

TOTAL PRODUCTO:                      2,211       2,211       2,197      16,416       3,127            0   -281,417.91  -167,122,739
16  BLISTER
------------------------------------------------------------------------------------------------------------------------------------

17  ANODOS DE COBRE

COMPRA DIRECTA

61704005-0 E.MRA.CODELCO (DIV.E    666,830     666,830     664,140     119,697       1,130            0   -355,190.36  -218,392,767

90132000-4 MINERA SUR ANDES LIM  6,584,420   6,584,420   6,562,860   1,399,475       8,640            0 ************-10,619,668,203

                                ----------------------------------------------------------------------------------------------------
TOTAL COMPRA DIRECTA             7,251,250   7,251,250   7,227,000   1,519,172       9,770            0 ************-10,838,060,970


COMPRA POR REPRESENTACION

    1100-2 ENM FUND. H.VIDELA L  9,032,410   9,032,410   8,999,022   3,385,679     221,820            0          0.00             0

                                                               -   6 -



EMPRESA NACIONAL DE MINERIA                                                                                        PAGINA:         7
                                                                                                                   FECHA: 04.01.2005
AGENCIA : 02 FUND. Y REFINERIA VENTANAS                                                                            am14rp52.rw
                                               RESUMEN COMPRA POR VENDEDOR ( LIQL15 )
                                               _______________________________________
                                                               MES   :12.2004
------------------------------------------------------------------------------------------------------------------------------------
                                PESO HUM.   PESO SECO      CU(KG)      AG(GR)      AU(GR)      AC(GR)        US$               $
------------------------------------------------------------------------------------------------------------------------------------
                                ----------------------------------------------------------------------------------------------------
TOTAL COMPRA POR REPRESENTACION  9,032,410   9,032,410   8,999,022   3,385,679     221,820            0          0.00             0


MAQUILA

61704005-0 E.MRA.CODELCO (DIV.E  3,507,290   3,507,290   3,494,787           0           0            0          0.00             0

                                ----------------------------------------------------------------------------------------------------
TOTAL MAQUILA                    3,507,290   3,507,290   3,494,787           0           0            0          0.00             0


------------------------------------------------------------------------------------------------------------------------------------

TOTAL PRODUCTO:                 19,790,950  19,790,950  19,720,809   4,904,851     231,590            0 ************-10,838,060,970
17  ANODOS DE COBRE
------------------------------------------------------------------------------------------------------------------------------------

18  CATODO

COMPRA DIRECTA

91614000-2 CIA.MRA.CERRO NEGRO      99,384      99,384      99,362           0           0            0     23,107.21    14,042,186

                                ----------------------------------------------------------------------------------------------------
TOTAL COMPRA DIRECTA                99,384      99,384      99,362           0           0            0     23,107.21    14,042,186


COMPRA POR REPRESENTACION

   11200-3 ENM PLANTA TOCOPILLA    165,250     165,250     165,234           0           0            0          0.00             0

   31100-6 ENM PLANTA SALADO       198,303     198,303     198,278           0           0            0          0.00             0

   53201-0 ENM PTA.CERRO NEGRO      89,147      89,147      89,126           0           0            0          0.00             0

                                ----------------------------------------------------------------------------------------------------
TOTAL COMPRA POR REPRESENTACION    452,700     452,700     452,638           0           0            0          0.00             0


------------------------------------------------------------------------------------------------------------------------------------

TOTAL PRODUCTO:                    552,084     552,084     552,000           0           0            0     23,107.21    14,042,186
18  CATODO
------------------------------------------------------------------------------------------------------------------------------------

20  ANODO DE COBRE

                                                               -   7 -



EMPRESA NACIONAL DE MINERIA                                                                                        PAGINA:         8
                                                                                                                   FECHA: 04.01.2005
AGENCIA : 02 FUND. Y REFINERIA VENTANAS                                                                            am14rp52.rw
                                               RESUMEN COMPRA POR VENDEDOR ( LIQL15 )
                                               _______________________________________
                                                               MES   :12.2004
------------------------------------------------------------------------------------------------------------------------------------
                                PESO HUM.   PESO SECO      CU(KG)      AG(GR)      AU(GR)      AC(GR)        US$               $
------------------------------------------------------------------------------------------------------------------------------------
COMPRA DIRECTA

61704005-0 E.MRA.CODELCO (DIV.E          0           0           0     621,926       5,873            0   -315,477.76  -187,206,477

                                ----------------------------------------------------------------------------------------------------
TOTAL COMPRA DIRECTA                     0           0           0     621,926       5,873            0   -315,477.76  -187,206,477


------------------------------------------------------------------------------------------------------------------------------------

TOTAL PRODUCTO:                          0           0           0     621,926       5,873            0   -315,477.76  -187,206,477
20  ANODO DE COBRE
------------------------------------------------------------------------------------------------------------------------------------

43  BARRO ANODICO

COMPRA DIRECTA

61704000-K E.MRA.CODELCO - CHIL     10,702      10,002          73   2,985,451      13,121            0 -5,501,209.52-3,256,495,987

                                ----------------------------------------------------------------------------------------------------
TOTAL COMPRA DIRECTA                10,702      10,002          73   2,985,451      13,121            0 -5,501,209.52-3,256,495,987


------------------------------------------------------------------------------------------------------------------------------------

TOTAL PRODUCTO:                     10,702      10,002          73   2,985,451      13,121            0 -5,501,209.52-3,256,495,987
43  BARRO ANODICO
------------------------------------------------------------------------------------------------------------------------------------

54  CONCENTRADO CIRCULANTE

COMPRA DIRECTA

79963260-8 MINERA LAS CENIZAS S    142,010     131,700      59,886      13,779         358            0    -82,311.35   -47,099,727

                                ----------------------------------------------------------------------------------------------------
TOTAL COMPRA DIRECTA               142,010     131,700      59,886      13,779         358            0    -82,311.35   -47,099,727


------------------------------------------------------------------------------------------------------------------------------------

TOTAL PRODUCTO:                    142,010     131,700      59,886      13,779         358            0    -82,311.35   -47,099,727
54  CONCENTRADO CIRCULANTE
------------------------------------------------------------------------------------------------------------------------------------

92  SILICEO

                                                               -   8 -



EMPRESA NACIONAL DE MINERIA                                                                                        PAGINA:         9
                                                                                                                   FECHA: 04.01.2005
AGENCIA : 02 FUND. Y REFINERIA VENTANAS                                                                            am14rp52.rw
                                               RESUMEN COMPRA POR VENDEDOR ( LIQL15 )
                                               _______________________________________
                                                               MES   :12.2004
------------------------------------------------------------------------------------------------------------------------------------
                                PESO HUM.   PESO SECO      CU(KG)      AG(GR)      AU(GR)      AC(GR)        US$               $
------------------------------------------------------------------------------------------------------------------------------------
COMPRA DIRECTA

 3933042-3 BARROS JORQUERA, HUM  1,351,580   1,324,549           0           0           0            0     27,542.86    16,189,646

85466200-7 SAN PEDRO LTDA.       1,634,450   1,601,762           0           0           0            0     20,553.09    12,138,528

                                ----------------------------------------------------------------------------------------------------
TOTAL COMPRA DIRECTA             2,986,030   2,926,311           0           0           0            0     48,095.95    28,328,174


------------------------------------------------------------------------------------------------------------------------------------

TOTAL PRODUCTO:                  2,986,030   2,926,311           0           0           0            0     48,095.95    28,328,174
92  SILICEO
------------------------------------------------------------------------------------------------------------------------------------

------------------------------------------------------------------------------------------------------------------------------------

 TOTAL VALOR GENERAL :          70,811,347  66,559,631  32,488,758  14,852,414     390,482            0 -2,733,680.31-1,445,507,644





























                                                               -   9 -




